

================================================================
== Vitis HLS Report for 'crypto_kem_enc_1'
================================================================
* Date:           Tue May 20 14:38:41 2025

* Version:        2024.2.2 (Build 6049644 on Mar  5 2025)
* Project:        sikep503_hls
* Solution:       solution1 (Vivado IP Flow Target)
* Product family: zynq
* Target device:  xc7z020-clg484-1


================================================================
== Performance Estimates
================================================================
+ Timing: 
    * Summary: 
    +--------+----------+----------+------------+
    |  Clock |  Target  | Estimated| Uncertainty|
    +--------+----------+----------+------------+
    |ap_clk  |  10.00 ns|  7.300 ns|     2.70 ns|
    +--------+----------+----------+------------+

+ Latency: 
    * Summary: 
    +---------+---------+----------+----------+-----+-----+---------+
    |  Latency (cycles) |  Latency (absolute) |  Interval | Pipeline|
    |   min   |   max   |    min   |    max   | min | max |   Type  |
    +---------+---------+----------+----------+-----+-----+---------+
    |        ?|        ?|         ?|         ?|    ?|    ?|       no|
    +---------+---------+----------+----------+-----+-----+---------+

    + Detail: 
        * Instance: 
        +-------------------------------------------------------+--------------------------------------------+---------+---------+----------+----------+-----+-----+------------------------------------------------+
        |                                                       |                                            |  Latency (cycles) |  Latency (absolute) |  Interval |                    Pipeline                    |
        |                        Instance                       |                   Module                   |   min   |   max   |    min   |    max   | min | max |                      Type                      |
        +-------------------------------------------------------+--------------------------------------------+---------+---------+----------+----------+-----+-----+------------------------------------------------+
        |grp_crypto_kem_enc_1_Pipeline_VITIS_LOOP_26_1_fu_221   |crypto_kem_enc_1_Pipeline_VITIS_LOOP_26_1   |       27|       27|  0.270 us|  0.270 us|   25|   25|  loop auto-rewind stp (delay=0 clock cycles(s))|
        |grp_crypto_kem_enc_1_Pipeline_2_fu_235                 |crypto_kem_enc_1_Pipeline_2                 |      381|      381|  3.810 us|  3.810 us|  379|  379|  loop auto-rewind stp (delay=0 clock cycles(s))|
        |grp_cshake256_simple_32_fu_246                         |cshake256_simple_32                         |        ?|        ?|         ?|         ?|    ?|    ?|                                              no|
        |grp_EphemeralKeyGeneration_A_1_fu_257                  |EphemeralKeyGeneration_A_1                  |        ?|        ?|         ?|         ?|    ?|    ?|                                              no|
        |grp_EphemeralSecretAgreement_A_1_fu_292                |EphemeralSecretAgreement_A_1                |        ?|        ?|         ?|         ?|    ?|    ?|                                              no|
        |grp_cshake256_simple_32_clone_fu_317                   |cshake256_simple_32_clone                   |      388|      388|  3.880 us|  3.880 us|  388|  388|                                              no|
        |grp_crypto_kem_enc_1_Pipeline_VITIS_LOOP_56_1_fu_325   |crypto_kem_enc_1_Pipeline_VITIS_LOOP_56_1   |       27|       27|  0.270 us|  0.270 us|   25|   25|  loop auto-rewind stp (delay=0 clock cycles(s))|
        |grp_crypto_kem_enc_1_Pipeline_4_fu_338                 |crypto_kem_enc_1_Pipeline_4                 |      405|      405|  4.050 us|  4.050 us|  403|  403|  loop auto-rewind stp (delay=0 clock cycles(s))|
        |grp_cshake256_simple_absorb_fu_349                     |cshake256_simple_absorb                     |        ?|        ?|         ?|         ?|    ?|    ?|                                              no|
        |grp_KeccakF1600_StatePermute_fu_362                    |KeccakF1600_StatePermute                    |       42|       42|  0.420 us|  0.420 us|   42|   42|                                              no|
        |grp_crypto_kem_enc_1_Pipeline_VITIS_LOOP_377_2_fu_369  |crypto_kem_enc_1_Pipeline_VITIS_LOOP_377_2  |       19|       19|  0.190 us|  0.190 us|   18|   18|  loop auto-rewind stp (delay=0 clock cycles(s))|
        |grp_crypto_kem_enc_1_Pipeline_VITIS_LOOP_570_1_fu_378  |crypto_kem_enc_1_Pipeline_VITIS_LOOP_570_1  |       19|       19|  0.190 us|  0.190 us|   17|   17|  loop auto-rewind stp (delay=0 clock cycles(s))|
        +-------------------------------------------------------+--------------------------------------------+---------+---------+----------+----------+-----+-----+------------------------------------------------+

        * Loop: 
        N/A



================================================================
== Utilization Estimates
================================================================
* Summary: 
+-----------------+---------+------+---------+---------+-----+
|       Name      | BRAM_18K|  DSP |    FF   |   LUT   | URAM|
+-----------------+---------+------+---------+---------+-----+
|DSP              |        -|     -|        -|        -|    -|
|Expression       |        -|     -|        0|       41|    -|
|FIFO             |        -|     -|        -|        -|    -|
|Instance         |      812|  3907|  1115236|  1637206|    0|
|Memory           |        4|     -|      174|      111|    0|
|Multiplexer      |        -|     -|        0|     2179|    -|
|Register         |        -|     -|       95|        -|    -|
+-----------------+---------+------+---------+---------+-----+
|Total            |      816|  3907|  1115505|  1639537|    0|
+-----------------+---------+------+---------+---------+-----+
|Available        |      280|   220|   106400|    53200|    0|
+-----------------+---------+------+---------+---------+-----+
|Utilization (%)  |      291|  1775|     1048|     3081|    0|
+-----------------+---------+------+---------+---------+-----+

+ Detail: 
    * Instance: 
    +-------------------------------------------------------+--------------------------------------------+---------+------+--------+--------+-----+
    |                        Instance                       |                   Module                   | BRAM_18K|  DSP |   FF   |   LUT  | URAM|
    +-------------------------------------------------------+--------------------------------------------+---------+------+--------+--------+-----+
    |grp_EphemeralKeyGeneration_A_1_fu_257                  |EphemeralKeyGeneration_A_1                  |      438|  2080|  567884|  796671|    0|
    |grp_EphemeralSecretAgreement_A_1_fu_292                |EphemeralSecretAgreement_A_1                |      354|  1827|  516784|  733747|    0|
    |grp_KeccakF1600_StatePermute_fu_362                    |KeccakF1600_StatePermute                    |        2|     0|    4904|   17154|    0|
    |grp_crypto_kem_enc_1_Pipeline_2_fu_235                 |crypto_kem_enc_1_Pipeline_2                 |        0|     0|      41|      91|    0|
    |grp_crypto_kem_enc_1_Pipeline_4_fu_338                 |crypto_kem_enc_1_Pipeline_4                 |        0|     0|      41|      91|    0|
    |grp_crypto_kem_enc_1_Pipeline_VITIS_LOOP_26_1_fu_221   |crypto_kem_enc_1_Pipeline_VITIS_LOOP_26_1   |        0|     0|     240|     442|    0|
    |grp_crypto_kem_enc_1_Pipeline_VITIS_LOOP_377_2_fu_369  |crypto_kem_enc_1_Pipeline_VITIS_LOOP_377_2  |        0|     0|      13|      64|    0|
    |grp_crypto_kem_enc_1_Pipeline_VITIS_LOOP_56_1_fu_325   |crypto_kem_enc_1_Pipeline_VITIS_LOOP_56_1   |        0|     0|      20|     103|    0|
    |grp_crypto_kem_enc_1_Pipeline_VITIS_LOOP_570_1_fu_378  |crypto_kem_enc_1_Pipeline_VITIS_LOOP_570_1  |        0|     0|      20|      96|    0|
    |grp_cshake256_simple_32_fu_246                         |cshake256_simple_32                         |        8|     0|   10093|   35364|    0|
    |grp_cshake256_simple_32_clone_fu_317                   |cshake256_simple_32_clone                   |        8|     0|   10111|   35735|    0|
    |grp_cshake256_simple_absorb_fu_349                     |cshake256_simple_absorb                     |        2|     0|    5085|   17648|    0|
    +-------------------------------------------------------+--------------------------------------------+---------+------+--------+--------+-----+
    |Total                                                  |                                            |      812|  3907| 1115236| 1637206|    0|
    +-------------------------------------------------------+--------------------------------------------+---------+------+--------+--------+-----+

    * DSP: 
    N/A

    * Memory: 
    +-----------------+--------------------------------------------+---------+----+----+-----+------+-----+------+-------------+
    |      Memory     |                   Module                   | BRAM_18K| FF | LUT| URAM| Words| Bits| Banks| W*Bits*Banks|
    +-----------------+--------------------------------------------+---------+----+----+-----+------+-----+------+-------------+
    |ephemeralsk_U    |crypto_kem_enc_1_ephemeralsk_RAM_AUTO_1R1W  |        0|  16|   4|    0|    32|    8|     1|          256|
    |h_U              |crypto_kem_enc_1_h_RAM_AUTO_1R1W            |        0|   8|   3|    0|    24|    8|     1|          192|
    |jinvariant_U     |crypto_kem_enc_1_jinvariant_RAM_AUTO_1R1W   |        0|  16|  16|    0|   126|    8|     1|         1008|
    |s_i_U            |crypto_kem_enc_1_s_i_RAM_AUTO_1R1W          |        4|   0|   0|    0|    25|   64|     1|         1600|
    |strat_Alice_1_U  |crypto_kem_enc_1_strat_Alice_1_ROM_AUTO_1R  |        0|   6|  12|    0|   124|    6|     1|          744|
    |t_U              |crypto_kem_enc_1_t_RAM_AUTO_1R1W            |        0|  16|   5|    0|    34|    8|     1|          272|
    |t_44_U           |crypto_kem_enc_1_t_RAM_AUTO_1R1W            |        0|  16|   5|    0|    34|    8|     1|          272|
    |t_45_U           |crypto_kem_enc_1_t_RAM_AUTO_1R1W            |        0|  16|   5|    0|    34|    8|     1|          272|
    |t_46_U           |crypto_kem_enc_1_t_RAM_AUTO_1R1W            |        0|  16|   5|    0|    34|    8|     1|          272|
    |temp_U           |crypto_kem_enc_1_temp_RAM_AUTO_1R1W         |        0|  16|  14|    0|   107|    8|     1|          856|
    |temp_1_U         |crypto_kem_enc_1_temp_RAM_AUTO_1R1W         |        0|  16|  14|    0|   107|    8|     1|          856|
    |temp_2_U         |crypto_kem_enc_1_temp_RAM_AUTO_1R1W         |        0|  16|  14|    0|   107|    8|     1|          856|
    |temp_3_U         |crypto_kem_enc_1_temp_RAM_AUTO_1R1W         |        0|  16|  14|    0|   107|    8|     1|          856|
    +-----------------+--------------------------------------------+---------+----+----+-----+------+-----+------+-------------+
    |Total            |                                            |        4| 174| 111|    0|   895|  158|    13|         8312|
    +-----------------+--------------------------------------------+---------+----+----+-----+------+-----+------+-------------+

    * FIFO: 
    N/A

    * Expression: 
    +--------------------+----------+----+---+----+------------+------------+
    |    Variable Name   | Operation| DSP| FF| LUT| Bitwidth P0| Bitwidth P1|
    +--------------------+----------+----+---+----+------------+------------+
    |add_ln56_fu_405_p2  |         +|   0|  0|  39|          32|           9|
    |ephemeralsk_we0     |        or|   0|  0|   2|           1|           1|
    +--------------------+----------+----+---+----+------------+------------+
    |Total               |          |   0|  0|  41|          33|          10|
    +--------------------+----------+----+---+----+------------+------------+

    * Multiplexer: 
    +----------------------------+-----+-----------+-----+-----------+
    |            Name            | LUT | Input Size| Bits| Total Bits|
    +----------------------------+-----+-----------+-----+-----------+
    |ap_NS_fsm                   |  225|         52|    1|         52|
    |ephemeralsk_address0        |   20|          4|    5|         20|
    |ephemeralsk_address0_local  |   14|          3|    5|         15|
    |ephemeralsk_address1        |   14|          3|    5|         15|
    |ephemeralsk_ce0             |   20|          4|    1|          4|
    |ephemeralsk_ce1             |   14|          3|    1|          3|
    |ephemeralsk_d0              |    9|          2|    8|         16|
    |ephemeralsk_we0             |    9|          2|    1|          2|
    |gmem0_blk_n_AR              |    9|          2|    1|          2|
    |gmem0_blk_n_AW              |    9|          2|    1|          2|
    |gmem0_blk_n_B               |    9|          2|    1|          2|
    |gmem1_blk_n_AW              |    9|          2|    1|          2|
    |gmem1_blk_n_B               |    9|          2|    1|          2|
    |gmem2_blk_n_AR              |    9|          2|    1|          2|
    |h_address0                  |   14|          3|    5|         15|
    |h_ce0                       |   14|          3|    1|          3|
    |h_we0                       |    9|          2|    1|          2|
    |jinvariant_address0         |   14|          3|    7|         21|
    |jinvariant_ce0              |   14|          3|    1|          3|
    |jinvariant_ce1              |    9|          2|    1|          2|
    |jinvariant_we0              |    9|          2|    1|          2|
    |jinvariant_we1              |    9|          2|    1|          2|
    |m_axi_gmem0_0_ARADDR        |   14|          3|   32|         96|
    |m_axi_gmem0_0_ARBURST       |    9|          2|    2|          4|
    |m_axi_gmem0_0_ARCACHE       |    9|          2|    4|          8|
    |m_axi_gmem0_0_ARID          |    9|          2|    1|          2|
    |m_axi_gmem0_0_ARLEN         |   14|          3|   32|         96|
    |m_axi_gmem0_0_ARLOCK        |    9|          2|    2|          4|
    |m_axi_gmem0_0_ARPROT        |    9|          2|    3|          6|
    |m_axi_gmem0_0_ARQOS         |    9|          2|    4|          8|
    |m_axi_gmem0_0_ARREGION      |    9|          2|    4|          8|
    |m_axi_gmem0_0_ARSIZE        |    9|          2|    3|          6|
    |m_axi_gmem0_0_ARUSER        |    9|          2|    1|          2|
    |m_axi_gmem0_0_ARVALID       |   14|          3|    1|          3|
    |m_axi_gmem0_0_AWADDR        |   20|          4|   32|        128|
    |m_axi_gmem0_0_AWBURST       |   14|          3|    2|          6|
    |m_axi_gmem0_0_AWCACHE       |   14|          3|    4|         12|
    |m_axi_gmem0_0_AWID          |   14|          3|    1|          3|
    |m_axi_gmem0_0_AWLEN         |   20|          4|   32|        128|
    |m_axi_gmem0_0_AWLOCK        |   14|          3|    2|          6|
    |m_axi_gmem0_0_AWPROT        |   14|          3|    3|          9|
    |m_axi_gmem0_0_AWQOS         |   14|          3|    4|         12|
    |m_axi_gmem0_0_AWREGION      |   14|          3|    4|         12|
    |m_axi_gmem0_0_AWSIZE        |   14|          3|    3|          9|
    |m_axi_gmem0_0_AWUSER        |   14|          3|    1|          3|
    |m_axi_gmem0_0_AWVALID       |   20|          4|    1|          4|
    |m_axi_gmem0_0_BREADY        |   20|          4|    1|          4|
    |m_axi_gmem0_0_RREADY        |    9|          2|    1|          2|
    |m_axi_gmem0_0_WDATA         |   14|          3|    8|         24|
    |m_axi_gmem0_0_WID           |   14|          3|    1|          3|
    |m_axi_gmem0_0_WLAST         |   14|          3|    1|          3|
    |m_axi_gmem0_0_WSTRB         |   14|          3|    1|          3|
    |m_axi_gmem0_0_WUSER         |   14|          3|    1|          3|
    |m_axi_gmem0_0_WVALID        |   14|          3|    1|          3|
    |m_axi_gmem1_0_AWADDR        |   14|          3|   32|         96|
    |m_axi_gmem1_0_AWBURST       |    9|          2|    2|          4|
    |m_axi_gmem1_0_AWCACHE       |    9|          2|    4|          8|
    |m_axi_gmem1_0_AWID          |    9|          2|    1|          2|
    |m_axi_gmem1_0_AWLEN         |   14|          3|   32|         96|
    |m_axi_gmem1_0_AWLOCK        |    9|          2|    2|          4|
    |m_axi_gmem1_0_AWPROT        |    9|          2|    3|          6|
    |m_axi_gmem1_0_AWQOS         |    9|          2|    4|          8|
    |m_axi_gmem1_0_AWREGION      |    9|          2|    4|          8|
    |m_axi_gmem1_0_AWSIZE        |    9|          2|    3|          6|
    |m_axi_gmem1_0_AWUSER        |    9|          2|    1|          2|
    |m_axi_gmem1_0_AWVALID       |   14|          3|    1|          3|
    |m_axi_gmem1_0_BREADY        |   14|          3|    1|          3|
    |m_axi_gmem1_0_WVALID        |    9|          2|    1|          2|
    |m_axi_gmem2_0_ARADDR        |   20|          4|   32|        128|
    |m_axi_gmem2_0_ARBURST       |   14|          3|    2|          6|
    |m_axi_gmem2_0_ARCACHE       |   14|          3|    4|         12|
    |m_axi_gmem2_0_ARID          |   14|          3|    1|          3|
    |m_axi_gmem2_0_ARLEN         |   20|          4|   32|        128|
    |m_axi_gmem2_0_ARLOCK        |   14|          3|    2|          6|
    |m_axi_gmem2_0_ARPROT        |   14|          3|    3|          9|
    |m_axi_gmem2_0_ARQOS         |   14|          3|    4|         12|
    |m_axi_gmem2_0_ARREGION      |   14|          3|    4|         12|
    |m_axi_gmem2_0_ARSIZE        |   14|          3|    3|          9|
    |m_axi_gmem2_0_ARUSER        |   14|          3|    1|          3|
    |m_axi_gmem2_0_ARVALID       |   20|          4|    1|          4|
    |m_axi_gmem2_0_RREADY        |   14|          3|    1|          3|
    |s_i_address0                |   20|          4|    5|         20|
    |s_i_address1                |   14|          3|    5|         15|
    |s_i_ce0                     |   20|          4|    1|          4|
    |s_i_ce1                     |   14|          3|    1|          3|
    |s_i_d0                      |   14|          3|   64|        192|
    |s_i_d1                      |   14|          3|   64|        192|
    |s_i_we0                     |   14|          3|    8|         24|
    |s_i_we1                     |   14|          3|    8|         24|
    |strat_Alice_1_address0      |   14|          3|    7|         21|
    |strat_Alice_1_ce0           |   14|          3|    1|          3|
    |t_44_address0               |   14|          3|    6|         18|
    |t_44_ce0                    |   14|          3|    1|          3|
    |t_44_ce1                    |    9|          2|    1|          2|
    |t_44_we0                    |    9|          2|    1|          2|
    |t_44_we1                    |    9|          2|    1|          2|
    |t_45_address0               |   14|          3|    6|         18|
    |t_45_ce0                    |   14|          3|    1|          3|
    |t_45_ce1                    |    9|          2|    1|          2|
    |t_45_we0                    |    9|          2|    1|          2|
    |t_45_we1                    |    9|          2|    1|          2|
    |t_46_address0               |   14|          3|    6|         18|
    |t_46_ce0                    |   14|          3|    1|          3|
    |t_46_ce1                    |    9|          2|    1|          2|
    |t_46_we0                    |    9|          2|    1|          2|
    |t_46_we1                    |    9|          2|    1|          2|
    |t_address0                  |   14|          3|    6|         18|
    |t_ce0                       |   14|          3|    1|          3|
    |t_ce1                       |    9|          2|    1|          2|
    |t_we0                       |    9|          2|    1|          2|
    |t_we1                       |    9|          2|    1|          2|
    |temp_1_address0             |   37|          7|    7|         49|
    |temp_1_address1             |   14|          3|    7|         21|
    |temp_1_ce0                  |   37|          7|    1|          7|
    |temp_1_ce1                  |   14|          3|    1|          3|
    |temp_1_d0                   |   20|          4|    8|         32|
    |temp_1_we0                  |   20|          4|    1|          4|
    |temp_2_address0             |   37|          7|    7|         49|
    |temp_2_address1             |   14|          3|    7|         21|
    |temp_2_ce0                  |   37|          7|    1|          7|
    |temp_2_ce1                  |   14|          3|    1|          3|
    |temp_2_d0                   |   20|          4|    8|         32|
    |temp_2_we0                  |   20|          4|    1|          4|
    |temp_3_address0             |   37|          7|    7|         49|
    |temp_3_address1             |   14|          3|    7|         21|
    |temp_3_ce0                  |   37|          7|    1|          7|
    |temp_3_ce1                  |   14|          3|    1|          3|
    |temp_3_d0                   |   20|          4|    8|         32|
    |temp_3_we0                  |   20|          4|    1|          4|
    |temp_address0               |   37|          7|    7|         49|
    |temp_address1               |   14|          3|    7|         21|
    |temp_ce0                    |   37|          7|    1|          7|
    |temp_ce1                    |   14|          3|    1|          3|
    |temp_d0                     |   20|          4|    8|         32|
    |temp_we0                    |   20|          4|    1|          4|
    +----------------------------+-----+-----------+-----+-----------+
    |Total                       | 2179|        461|  729|       2462|
    +----------------------------+-----+-----------+-----+-----------+

    * Register: 
    +--------------------------------------------------------------------+----+----+-----+-----------+
    |                                Name                                | FF | LUT| Bits| Const Bits|
    +--------------------------------------------------------------------+----+----+-----+-----------+
    |add_ln56_reg_454                                                    |  32|   0|   32|          0|
    |ap_CS_fsm                                                           |  51|   0|   51|          0|
    |grp_EphemeralKeyGeneration_A_1_fu_257_ap_start_reg                  |   1|   0|    1|          0|
    |grp_EphemeralSecretAgreement_A_1_fu_292_ap_start_reg                |   1|   0|    1|          0|
    |grp_KeccakF1600_StatePermute_fu_362_ap_start_reg                    |   1|   0|    1|          0|
    |grp_crypto_kem_enc_1_Pipeline_2_fu_235_ap_start_reg                 |   1|   0|    1|          0|
    |grp_crypto_kem_enc_1_Pipeline_4_fu_338_ap_start_reg                 |   1|   0|    1|          0|
    |grp_crypto_kem_enc_1_Pipeline_VITIS_LOOP_26_1_fu_221_ap_start_reg   |   1|   0|    1|          0|
    |grp_crypto_kem_enc_1_Pipeline_VITIS_LOOP_377_2_fu_369_ap_start_reg  |   1|   0|    1|          0|
    |grp_crypto_kem_enc_1_Pipeline_VITIS_LOOP_56_1_fu_325_ap_start_reg   |   1|   0|    1|          0|
    |grp_crypto_kem_enc_1_Pipeline_VITIS_LOOP_570_1_fu_378_ap_start_reg  |   1|   0|    1|          0|
    |grp_cshake256_simple_32_clone_fu_317_ap_start_reg                   |   1|   0|    1|          0|
    |grp_cshake256_simple_32_fu_246_ap_start_reg                         |   1|   0|    1|          0|
    |grp_cshake256_simple_absorb_fu_349_ap_start_reg                     |   1|   0|    1|          0|
    +--------------------------------------------------------------------+----+----+-----+-----------+
    |Total                                                               |  95|   0|   95|          0|
    +--------------------------------------------------------------------+----+----+-----+-----------+



================================================================
== Interface
================================================================
* Summary: 
+------------------------+-----+-----+------------+------------------+--------------+
|        RTL Ports       | Dir | Bits|  Protocol  |   Source Object  |    C Type    |
+------------------------+-----+-----+------------+------------------+--------------+
|ap_clk                  |   in|    1|  ap_ctrl_hs|  crypto_kem_enc.1|  return value|
|ap_rst                  |   in|    1|  ap_ctrl_hs|  crypto_kem_enc.1|  return value|
|ap_start                |   in|    1|  ap_ctrl_hs|  crypto_kem_enc.1|  return value|
|ap_done                 |  out|    1|  ap_ctrl_hs|  crypto_kem_enc.1|  return value|
|ap_idle                 |  out|    1|  ap_ctrl_hs|  crypto_kem_enc.1|  return value|
|ap_ready                |  out|    1|  ap_ctrl_hs|  crypto_kem_enc.1|  return value|
|m_axi_gmem0_0_AWVALID   |  out|    1|       m_axi|             gmem0|       pointer|
|m_axi_gmem0_0_AWREADY   |   in|    1|       m_axi|             gmem0|       pointer|
|m_axi_gmem0_0_AWADDR    |  out|   32|       m_axi|             gmem0|       pointer|
|m_axi_gmem0_0_AWID      |  out|    1|       m_axi|             gmem0|       pointer|
|m_axi_gmem0_0_AWLEN     |  out|   32|       m_axi|             gmem0|       pointer|
|m_axi_gmem0_0_AWSIZE    |  out|    3|       m_axi|             gmem0|       pointer|
|m_axi_gmem0_0_AWBURST   |  out|    2|       m_axi|             gmem0|       pointer|
|m_axi_gmem0_0_AWLOCK    |  out|    2|       m_axi|             gmem0|       pointer|
|m_axi_gmem0_0_AWCACHE   |  out|    4|       m_axi|             gmem0|       pointer|
|m_axi_gmem0_0_AWPROT    |  out|    3|       m_axi|             gmem0|       pointer|
|m_axi_gmem0_0_AWQOS     |  out|    4|       m_axi|             gmem0|       pointer|
|m_axi_gmem0_0_AWREGION  |  out|    4|       m_axi|             gmem0|       pointer|
|m_axi_gmem0_0_AWUSER    |  out|    1|       m_axi|             gmem0|       pointer|
|m_axi_gmem0_0_WVALID    |  out|    1|       m_axi|             gmem0|       pointer|
|m_axi_gmem0_0_WREADY    |   in|    1|       m_axi|             gmem0|       pointer|
|m_axi_gmem0_0_WDATA     |  out|    8|       m_axi|             gmem0|       pointer|
|m_axi_gmem0_0_WSTRB     |  out|    1|       m_axi|             gmem0|       pointer|
|m_axi_gmem0_0_WLAST     |  out|    1|       m_axi|             gmem0|       pointer|
|m_axi_gmem0_0_WID       |  out|    1|       m_axi|             gmem0|       pointer|
|m_axi_gmem0_0_WUSER     |  out|    1|       m_axi|             gmem0|       pointer|
|m_axi_gmem0_0_ARVALID   |  out|    1|       m_axi|             gmem0|       pointer|
|m_axi_gmem0_0_ARREADY   |   in|    1|       m_axi|             gmem0|       pointer|
|m_axi_gmem0_0_ARADDR    |  out|   32|       m_axi|             gmem0|       pointer|
|m_axi_gmem0_0_ARID      |  out|    1|       m_axi|             gmem0|       pointer|
|m_axi_gmem0_0_ARLEN     |  out|   32|       m_axi|             gmem0|       pointer|
|m_axi_gmem0_0_ARSIZE    |  out|    3|       m_axi|             gmem0|       pointer|
|m_axi_gmem0_0_ARBURST   |  out|    2|       m_axi|             gmem0|       pointer|
|m_axi_gmem0_0_ARLOCK    |  out|    2|       m_axi|             gmem0|       pointer|
|m_axi_gmem0_0_ARCACHE   |  out|    4|       m_axi|             gmem0|       pointer|
|m_axi_gmem0_0_ARPROT    |  out|    3|       m_axi|             gmem0|       pointer|
|m_axi_gmem0_0_ARQOS     |  out|    4|       m_axi|             gmem0|       pointer|
|m_axi_gmem0_0_ARREGION  |  out|    4|       m_axi|             gmem0|       pointer|
|m_axi_gmem0_0_ARUSER    |  out|    1|       m_axi|             gmem0|       pointer|
|m_axi_gmem0_0_RVALID    |   in|    1|       m_axi|             gmem0|       pointer|
|m_axi_gmem0_0_RREADY    |  out|    1|       m_axi|             gmem0|       pointer|
|m_axi_gmem0_0_RDATA     |   in|    8|       m_axi|             gmem0|       pointer|
|m_axi_gmem0_0_RLAST     |   in|    1|       m_axi|             gmem0|       pointer|
|m_axi_gmem0_0_RID       |   in|    1|       m_axi|             gmem0|       pointer|
|m_axi_gmem0_0_RFIFONUM  |   in|   11|       m_axi|             gmem0|       pointer|
|m_axi_gmem0_0_RUSER     |   in|    1|       m_axi|             gmem0|       pointer|
|m_axi_gmem0_0_RRESP     |   in|    2|       m_axi|             gmem0|       pointer|
|m_axi_gmem0_0_BVALID    |   in|    1|       m_axi|             gmem0|       pointer|
|m_axi_gmem0_0_BREADY    |  out|    1|       m_axi|             gmem0|       pointer|
|m_axi_gmem0_0_BRESP     |   in|    2|       m_axi|             gmem0|       pointer|
|m_axi_gmem0_0_BID       |   in|    1|       m_axi|             gmem0|       pointer|
|m_axi_gmem0_0_BUSER     |   in|    1|       m_axi|             gmem0|       pointer|
|ct                      |   in|   32|     ap_none|                ct|        scalar|
|m_axi_gmem1_0_AWVALID   |  out|    1|       m_axi|             gmem1|       pointer|
|m_axi_gmem1_0_AWREADY   |   in|    1|       m_axi|             gmem1|       pointer|
|m_axi_gmem1_0_AWADDR    |  out|   32|       m_axi|             gmem1|       pointer|
|m_axi_gmem1_0_AWID      |  out|    1|       m_axi|             gmem1|       pointer|
|m_axi_gmem1_0_AWLEN     |  out|   32|       m_axi|             gmem1|       pointer|
|m_axi_gmem1_0_AWSIZE    |  out|    3|       m_axi|             gmem1|       pointer|
|m_axi_gmem1_0_AWBURST   |  out|    2|       m_axi|             gmem1|       pointer|
|m_axi_gmem1_0_AWLOCK    |  out|    2|       m_axi|             gmem1|       pointer|
|m_axi_gmem1_0_AWCACHE   |  out|    4|       m_axi|             gmem1|       pointer|
|m_axi_gmem1_0_AWPROT    |  out|    3|       m_axi|             gmem1|       pointer|
|m_axi_gmem1_0_AWQOS     |  out|    4|       m_axi|             gmem1|       pointer|
|m_axi_gmem1_0_AWREGION  |  out|    4|       m_axi|             gmem1|       pointer|
|m_axi_gmem1_0_AWUSER    |  out|    1|       m_axi|             gmem1|       pointer|
|m_axi_gmem1_0_WVALID    |  out|    1|       m_axi|             gmem1|       pointer|
|m_axi_gmem1_0_WREADY    |   in|    1|       m_axi|             gmem1|       pointer|
|m_axi_gmem1_0_WDATA     |  out|    8|       m_axi|             gmem1|       pointer|
|m_axi_gmem1_0_WSTRB     |  out|    1|       m_axi|             gmem1|       pointer|
|m_axi_gmem1_0_WLAST     |  out|    1|       m_axi|             gmem1|       pointer|
|m_axi_gmem1_0_WID       |  out|    1|       m_axi|             gmem1|       pointer|
|m_axi_gmem1_0_WUSER     |  out|    1|       m_axi|             gmem1|       pointer|
|m_axi_gmem1_0_ARVALID   |  out|    1|       m_axi|             gmem1|       pointer|
|m_axi_gmem1_0_ARREADY   |   in|    1|       m_axi|             gmem1|       pointer|
|m_axi_gmem1_0_ARADDR    |  out|   32|       m_axi|             gmem1|       pointer|
|m_axi_gmem1_0_ARID      |  out|    1|       m_axi|             gmem1|       pointer|
|m_axi_gmem1_0_ARLEN     |  out|   32|       m_axi|             gmem1|       pointer|
|m_axi_gmem1_0_ARSIZE    |  out|    3|       m_axi|             gmem1|       pointer|
|m_axi_gmem1_0_ARBURST   |  out|    2|       m_axi|             gmem1|       pointer|
|m_axi_gmem1_0_ARLOCK    |  out|    2|       m_axi|             gmem1|       pointer|
|m_axi_gmem1_0_ARCACHE   |  out|    4|       m_axi|             gmem1|       pointer|
|m_axi_gmem1_0_ARPROT    |  out|    3|       m_axi|             gmem1|       pointer|
|m_axi_gmem1_0_ARQOS     |  out|    4|       m_axi|             gmem1|       pointer|
|m_axi_gmem1_0_ARREGION  |  out|    4|       m_axi|             gmem1|       pointer|
|m_axi_gmem1_0_ARUSER    |  out|    1|       m_axi|             gmem1|       pointer|
|m_axi_gmem1_0_RVALID    |   in|    1|       m_axi|             gmem1|       pointer|
|m_axi_gmem1_0_RREADY    |  out|    1|       m_axi|             gmem1|       pointer|
|m_axi_gmem1_0_RDATA     |   in|    8|       m_axi|             gmem1|       pointer|
|m_axi_gmem1_0_RLAST     |   in|    1|       m_axi|             gmem1|       pointer|
|m_axi_gmem1_0_RID       |   in|    1|       m_axi|             gmem1|       pointer|
|m_axi_gmem1_0_RFIFONUM  |   in|   11|       m_axi|             gmem1|       pointer|
|m_axi_gmem1_0_RUSER     |   in|    1|       m_axi|             gmem1|       pointer|
|m_axi_gmem1_0_RRESP     |   in|    2|       m_axi|             gmem1|       pointer|
|m_axi_gmem1_0_BVALID    |   in|    1|       m_axi|             gmem1|       pointer|
|m_axi_gmem1_0_BREADY    |  out|    1|       m_axi|             gmem1|       pointer|
|m_axi_gmem1_0_BRESP     |   in|    2|       m_axi|             gmem1|       pointer|
|m_axi_gmem1_0_BID       |   in|    1|       m_axi|             gmem1|       pointer|
|m_axi_gmem1_0_BUSER     |   in|    1|       m_axi|             gmem1|       pointer|
|ss                      |   in|   32|     ap_none|                ss|        scalar|
|m_axi_gmem2_0_AWVALID   |  out|    1|       m_axi|             gmem2|       pointer|
|m_axi_gmem2_0_AWREADY   |   in|    1|       m_axi|             gmem2|       pointer|
|m_axi_gmem2_0_AWADDR    |  out|   32|       m_axi|             gmem2|       pointer|
|m_axi_gmem2_0_AWID      |  out|    1|       m_axi|             gmem2|       pointer|
|m_axi_gmem2_0_AWLEN     |  out|   32|       m_axi|             gmem2|       pointer|
|m_axi_gmem2_0_AWSIZE    |  out|    3|       m_axi|             gmem2|       pointer|
|m_axi_gmem2_0_AWBURST   |  out|    2|       m_axi|             gmem2|       pointer|
|m_axi_gmem2_0_AWLOCK    |  out|    2|       m_axi|             gmem2|       pointer|
|m_axi_gmem2_0_AWCACHE   |  out|    4|       m_axi|             gmem2|       pointer|
|m_axi_gmem2_0_AWPROT    |  out|    3|       m_axi|             gmem2|       pointer|
|m_axi_gmem2_0_AWQOS     |  out|    4|       m_axi|             gmem2|       pointer|
|m_axi_gmem2_0_AWREGION  |  out|    4|       m_axi|             gmem2|       pointer|
|m_axi_gmem2_0_AWUSER    |  out|    1|       m_axi|             gmem2|       pointer|
|m_axi_gmem2_0_WVALID    |  out|    1|       m_axi|             gmem2|       pointer|
|m_axi_gmem2_0_WREADY    |   in|    1|       m_axi|             gmem2|       pointer|
|m_axi_gmem2_0_WDATA     |  out|    8|       m_axi|             gmem2|       pointer|
|m_axi_gmem2_0_WSTRB     |  out|    1|       m_axi|             gmem2|       pointer|
|m_axi_gmem2_0_WLAST     |  out|    1|       m_axi|             gmem2|       pointer|
|m_axi_gmem2_0_WID       |  out|    1|       m_axi|             gmem2|       pointer|
|m_axi_gmem2_0_WUSER     |  out|    1|       m_axi|             gmem2|       pointer|
|m_axi_gmem2_0_ARVALID   |  out|    1|       m_axi|             gmem2|       pointer|
|m_axi_gmem2_0_ARREADY   |   in|    1|       m_axi|             gmem2|       pointer|
|m_axi_gmem2_0_ARADDR    |  out|   32|       m_axi|             gmem2|       pointer|
|m_axi_gmem2_0_ARID      |  out|    1|       m_axi|             gmem2|       pointer|
|m_axi_gmem2_0_ARLEN     |  out|   32|       m_axi|             gmem2|       pointer|
|m_axi_gmem2_0_ARSIZE    |  out|    3|       m_axi|             gmem2|       pointer|
|m_axi_gmem2_0_ARBURST   |  out|    2|       m_axi|             gmem2|       pointer|
|m_axi_gmem2_0_ARLOCK    |  out|    2|       m_axi|             gmem2|       pointer|
|m_axi_gmem2_0_ARCACHE   |  out|    4|       m_axi|             gmem2|       pointer|
|m_axi_gmem2_0_ARPROT    |  out|    3|       m_axi|             gmem2|       pointer|
|m_axi_gmem2_0_ARQOS     |  out|    4|       m_axi|             gmem2|       pointer|
|m_axi_gmem2_0_ARREGION  |  out|    4|       m_axi|             gmem2|       pointer|
|m_axi_gmem2_0_ARUSER    |  out|    1|       m_axi|             gmem2|       pointer|
|m_axi_gmem2_0_RVALID    |   in|    1|       m_axi|             gmem2|       pointer|
|m_axi_gmem2_0_RREADY    |  out|    1|       m_axi|             gmem2|       pointer|
|m_axi_gmem2_0_RDATA     |   in|    8|       m_axi|             gmem2|       pointer|
|m_axi_gmem2_0_RLAST     |   in|    1|       m_axi|             gmem2|       pointer|
|m_axi_gmem2_0_RID       |   in|    1|       m_axi|             gmem2|       pointer|
|m_axi_gmem2_0_RFIFONUM  |   in|   11|       m_axi|             gmem2|       pointer|
|m_axi_gmem2_0_RUSER     |   in|    1|       m_axi|             gmem2|       pointer|
|m_axi_gmem2_0_RRESP     |   in|    2|       m_axi|             gmem2|       pointer|
|m_axi_gmem2_0_BVALID    |   in|    1|       m_axi|             gmem2|       pointer|
|m_axi_gmem2_0_BREADY    |  out|    1|       m_axi|             gmem2|       pointer|
|m_axi_gmem2_0_BRESP     |   in|    2|       m_axi|             gmem2|       pointer|
|m_axi_gmem2_0_BID       |   in|    1|       m_axi|             gmem2|       pointer|
|m_axi_gmem2_0_BUSER     |   in|    1|       m_axi|             gmem2|       pointer|
|pk                      |   in|   32|     ap_none|                pk|        scalar|
+------------------------+-----+-----+------------+------------------+--------------+

