

================================================================
== Vitis HLS Report for 'cshake256_simple_32_clone'
================================================================
* Date:           Tue May 20 14:38:36 2025

* Version:        2024.2.2 (Build 6049644 on Mar  5 2025)
* Project:        sikep503_hls
* Solution:       solution1 (Vivado IP Flow Target)
* Product family: zynq
* Target device:  xc7z020-clg484-1


================================================================
== Performance Estimates
================================================================
+ Timing: 
    * Summary: 
    +--------+----------+----------+------------+
    |  Clock |  Target  | Estimated| Uncertainty|
    +--------+----------+----------+------------+
    |ap_clk  |  10.00 ns|  7.214 ns|     2.70 ns|
    +--------+----------+----------+------------+

+ Latency: 
    * Summary: 
    +---------+---------+----------+----------+-----+-----+---------+
    |  Latency (cycles) |  Latency (absolute) |  Interval | Pipeline|
    |   min   |   max   |    min   |    max   | min | max |   Type  |
    +---------+---------+----------+----------+-----+-----+---------+
    |      388|      388|  3.880 us|  3.880 us|  388|  388|       no|
    +---------+---------+----------+----------+-----+-----+---------+

    + Detail: 
        * Instance: 
        +---------------------------------------------------------------+-----------------------------------------------------+---------+---------+----------+----------+-----+-----+------------------------------------------------+
        |                                                               |                                                     |  Latency (cycles) |  Latency (absolute) |  Interval |                    Pipeline                    |
        |                            Instance                           |                        Module                       |   min   |   max   |    min   |    max   | min | max |                      Type                      |
        +---------------------------------------------------------------+-----------------------------------------------------+---------+---------+----------+----------+-----+-----+------------------------------------------------+
        |grp_cshake256_simple_absorb_clone_fu_38                        |cshake256_simple_absorb_clone                        |      294|      294|  2.940 us|  2.940 us|  294|  294|                                              no|
        |grp_KeccakF1600_StatePermute_fu_48                             |KeccakF1600_StatePermute                             |       42|       42|  0.420 us|  0.420 us|   42|   42|                                              no|
        |grp_cshake256_simple_32_clone_Pipeline_VITIS_LOOP_377_2_fu_55  |cshake256_simple_32_clone_Pipeline_VITIS_LOOP_377_2  |       19|       19|  0.190 us|  0.190 us|   18|   18|  loop auto-rewind stp (delay=0 clock cycles(s))|
        |grp_cshake256_simple_32_clone_Pipeline_VITIS_LOOP_570_1_fu_64  |cshake256_simple_32_clone_Pipeline_VITIS_LOOP_570_1  |       26|       26|  0.260 us|  0.260 us|   25|   25|  loop auto-rewind stp (delay=0 clock cycles(s))|
        +---------------------------------------------------------------+-----------------------------------------------------+---------+---------+----------+----------+-----+-----+------------------------------------------------+

        * Loop: 
        N/A



================================================================
== Utilization Estimates
================================================================
* Summary: 
+-----------------+---------+-----+--------+-------+-----+
|       Name      | BRAM_18K| DSP |   FF   |  LUT  | URAM|
+-----------------+---------+-----+--------+-------+-----+
|DSP              |        -|    -|       -|      -|    -|
|Expression       |        -|    -|       -|      -|    -|
|FIFO             |        -|    -|       -|      -|    -|
|Instance         |        4|    -|   10035|  35323|    0|
|Memory           |        4|    -|      64|     20|    0|
|Multiplexer      |        -|    -|       0|    392|    -|
|Register         |        -|    -|      12|      -|    -|
+-----------------+---------+-----+--------+-------+-----+
|Total            |        8|    0|   10111|  35735|    0|
+-----------------+---------+-----+--------+-------+-----+
|Available        |      280|  220|  106400|  53200|    0|
+-----------------+---------+-----+--------+-------+-----+
|Utilization (%)  |        2|    0|       9|     67|    0|
+-----------------+---------+-----+--------+-------+-----+

+ Detail: 
    * Instance: 
    +---------------------------------------------------------------+-----------------------------------------------------+---------+----+------+-------+-----+
    |                            Instance                           |                        Module                       | BRAM_18K| DSP|  FF  |  LUT  | URAM|
    +---------------------------------------------------------------+-----------------------------------------------------+---------+----+------+-------+-----+
    |grp_KeccakF1600_StatePermute_fu_48                             |KeccakF1600_StatePermute                             |        2|   0|  4904|  17154|    0|
    |grp_cshake256_simple_32_clone_Pipeline_VITIS_LOOP_377_2_fu_55  |cshake256_simple_32_clone_Pipeline_VITIS_LOOP_377_2  |        0|   0|    13|     64|    0|
    |grp_cshake256_simple_32_clone_Pipeline_VITIS_LOOP_570_1_fu_64  |cshake256_simple_32_clone_Pipeline_VITIS_LOOP_570_1  |        0|   0|    13|     84|    0|
    |grp_cshake256_simple_absorb_clone_fu_38                        |cshake256_simple_absorb_clone                        |        2|   0|  5105|  18021|    0|
    +---------------------------------------------------------------+-----------------------------------------------------+---------+----+------+-------+-----+
    |Total                                                          |                                                     |        4|   0| 10035|  35323|    0|
    +---------------------------------------------------------------+-----------------------------------------------------+---------+----+------+-------+-----+

    * DSP: 
    N/A

    * Memory: 
    +--------+-------------------------------------------+---------+----+----+-----+------+-----+------+-------------+
    | Memory |                   Module                  | BRAM_18K| FF | LUT| URAM| Words| Bits| Banks| W*Bits*Banks|
    +--------+-------------------------------------------+---------+----+----+-----+------+-----+------+-------------+
    |s_U     |cshake256_simple_32_clone_s_RAM_AUTO_1R1W  |        4|   0|   0|    0|    25|   64|     1|         1600|
    |t_U     |cshake256_simple_32_clone_t_RAM_AUTO_1R1W  |        0|  16|   5|    0|    34|    8|     1|          272|
    |t_38_U  |cshake256_simple_32_clone_t_RAM_AUTO_1R1W  |        0|  16|   5|    0|    34|    8|     1|          272|
    |t_39_U  |cshake256_simple_32_clone_t_RAM_AUTO_1R1W  |        0|  16|   5|    0|    34|    8|     1|          272|
    |t_40_U  |cshake256_simple_32_clone_t_RAM_AUTO_1R1W  |        0|  16|   5|    0|    34|    8|     1|          272|
    +--------+-------------------------------------------+---------+----+----+-----+------+-----+------+-------------+
    |Total   |                                           |        4|  64|  20|    0|   161|   96|     5|         2688|
    +--------+-------------------------------------------+---------+----+----+-----+------+-----+------+-------------+

    * FIFO: 
    N/A

    * Expression: 
    N/A

    * Multiplexer: 
    +---------------+----+-----------+-----+-----------+
    |      Name     | LUT| Input Size| Bits| Total Bits|
    +---------------+----+-----------+-----+-----------+
    |ap_NS_fsm      |  48|          9|    1|          9|
    |s_address0     |  20|          4|    5|         20|
    |s_address1     |  14|          3|    5|         15|
    |s_ce0          |  20|          4|    1|          4|
    |s_ce1          |  14|          3|    1|          3|
    |s_d0           |  14|          3|   64|        192|
    |s_d1           |  14|          3|   64|        192|
    |s_we0          |  14|          3|    8|         24|
    |s_we1          |  14|          3|    8|         24|
    |t_38_address0  |  14|          3|    6|         18|
    |t_38_ce0       |  14|          3|    1|          3|
    |t_38_ce1       |   9|          2|    1|          2|
    |t_38_we0       |   9|          2|    1|          2|
    |t_38_we1       |   9|          2|    1|          2|
    |t_39_address0  |  14|          3|    6|         18|
    |t_39_ce0       |  14|          3|    1|          3|
    |t_39_ce1       |   9|          2|    1|          2|
    |t_39_we0       |   9|          2|    1|          2|
    |t_39_we1       |   9|          2|    1|          2|
    |t_40_address0  |  14|          3|    6|         18|
    |t_40_ce0       |  14|          3|    1|          3|
    |t_40_ce1       |   9|          2|    1|          2|
    |t_40_we0       |   9|          2|    1|          2|
    |t_40_we1       |   9|          2|    1|          2|
    |t_address0     |  14|          3|    6|         18|
    |t_ce0          |  14|          3|    1|          3|
    |t_ce1          |   9|          2|    1|          2|
    |t_we0          |   9|          2|    1|          2|
    |t_we1          |   9|          2|    1|          2|
    +---------------+----+-----------+-----+-----------+
    |Total          | 392|         83|  197|        591|
    +---------------+----+-----------+-----+-----------+

    * Register: 
    +----------------------------------------------------------------------------+---+----+-----+-----------+
    |                                    Name                                    | FF| LUT| Bits| Const Bits|
    +----------------------------------------------------------------------------+---+----+-----+-----------+
    |ap_CS_fsm                                                                   |  8|   0|    8|          0|
    |grp_KeccakF1600_StatePermute_fu_48_ap_start_reg                             |  1|   0|    1|          0|
    |grp_cshake256_simple_32_clone_Pipeline_VITIS_LOOP_377_2_fu_55_ap_start_reg  |  1|   0|    1|          0|
    |grp_cshake256_simple_32_clone_Pipeline_VITIS_LOOP_570_1_fu_64_ap_start_reg  |  1|   0|    1|          0|
    |grp_cshake256_simple_absorb_clone_fu_38_ap_start_reg                        |  1|   0|    1|          0|
    +----------------------------------------------------------------------------+---+----+-----+-----------+
    |Total                                                                       | 12|   0|   12|          0|
    +----------------------------------------------------------------------------+---+----+-----+-----------+



================================================================
== Interface
================================================================
* Summary: 
+-------------------+-----+-----+------------+---------------------------+--------------+
|     RTL Ports     | Dir | Bits|  Protocol  |       Source Object       |    C Type    |
+-------------------+-----+-----+------------+---------------------------+--------------+
|ap_clk             |   in|    1|  ap_ctrl_hs|  cshake256_simple.32.clone|  return value|
|ap_rst             |   in|    1|  ap_ctrl_hs|  cshake256_simple.32.clone|  return value|
|ap_start           |   in|    1|  ap_ctrl_hs|  cshake256_simple.32.clone|  return value|
|ap_done            |  out|    1|  ap_ctrl_hs|  cshake256_simple.32.clone|  return value|
|ap_idle            |  out|    1|  ap_ctrl_hs|  cshake256_simple.32.clone|  return value|
|ap_ready           |  out|    1|  ap_ctrl_hs|  cshake256_simple.32.clone|  return value|
|output_r_address0  |  out|    5|   ap_memory|                   output_r|         array|
|output_r_ce0       |  out|    1|   ap_memory|                   output_r|         array|
|output_r_we0       |  out|    1|   ap_memory|                   output_r|         array|
|output_r_d0        |  out|    8|   ap_memory|                   output_r|         array|
|in_r_address0      |  out|    7|   ap_memory|                       in_r|         array|
|in_r_ce0           |  out|    1|   ap_memory|                       in_r|         array|
|in_r_q0            |   in|    8|   ap_memory|                       in_r|         array|
+-------------------+-----+-----+------------+---------------------------+--------------+

