

================================================================
== Vitis HLS Report for 'EphemeralKeyGeneration_A_1_Pipeline_VITIS_LOOP_40_1257'
================================================================
* Date:           Tue May 20 14:37:26 2025

* Version:        2024.2.2 (Build 6049644 on Mar  5 2025)
* Project:        sikep503_hls
* Solution:       solution1 (Vivado IP Flow Target)
* Product family: zynq
* Target device:  xc7z020-clg484-1


================================================================
== Performance Estimates
================================================================
+ Timing: 
    * Summary: 
    +--------+----------+----------+------------+
    |  Clock |  Target  | Estimated| Uncertainty|
    +--------+----------+----------+------------+
    |ap_clk  |  10.00 ns|  7.300 ns|     2.70 ns|
    +--------+----------+----------+------------+

+ Latency: 
    * Summary: 
    +---------+---------+----------+----------+-----+-----+------------------------------------------------+
    |  Latency (cycles) |  Latency (absolute) |  Interval |                    Pipeline                    |
    |   min   |   max   |    min   |    max   | min | max |                      Type                      |
    +---------+---------+----------+----------+-----+-----+------------------------------------------------+
    |      135|      135|  1.350 us|  1.350 us|  128|  128|  loop auto-rewind stp (delay=0 clock cycles(s))|
    +---------+---------+----------+----------+-----+-----+------------------------------------------------+

    + Detail: 
        * Instance: 
        N/A

        * Loop: 
        +-------------------+---------+---------+----------+-----------+-----------+------+----------+
        |                   |  Latency (cycles) | Iteration|  Initiation Interval  | Trip |          |
        |     Loop Name     |   min   |   max   |  Latency |  achieved |   target  | Count| Pipelined|
        +-------------------+---------+---------+----------+-----------+-----------+------+----------+
        |- VITIS_LOOP_40_1  |      133|      133|        10|          2|          1|    63|       yes|
        +-------------------+---------+---------+----------+-----------+-----------+------+----------+



================================================================
== Utilization Estimates
================================================================
* Summary: 
+-----------------+---------+-----+--------+-------+-----+
|       Name      | BRAM_18K| DSP |   FF   |  LUT  | URAM|
+-----------------+---------+-----+--------+-------+-----+
|DSP              |        -|    -|       -|      -|    -|
|Expression       |        -|    -|       0|    516|    -|
|FIFO             |        -|    -|       -|      -|    -|
|Instance         |        -|    -|       -|      -|    -|
|Memory           |        -|    -|       -|      -|    -|
|Multiplexer      |        -|    -|       0|    114|    -|
|Register         |        -|    -|     242|      -|    -|
+-----------------+---------+-----+--------+-------+-----+
|Total            |        0|    0|     242|    630|    0|
+-----------------+---------+-----+--------+-------+-----+
|Available        |      280|  220|  106400|  53200|    0|
+-----------------+---------+-----+--------+-------+-----+
|Utilization (%)  |        0|    0|      ~0|      1|    0|
+-----------------+---------+-----+--------+-------+-----+

+ Detail: 
    * Instance: 
    N/A

    * DSP: 
    N/A

    * Memory: 
    N/A

    * FIFO: 
    N/A

    * Expression: 
    +--------------------------------+----------+----+---+-----+------------+------------+
    |          Variable Name         | Operation| DSP| FF| LUT | Bitwidth P0| Bitwidth P1|
    +--------------------------------+----------+----+---+-----+------------+------------+
    |add_ln40_fu_173_p2              |         +|   0|  0|   14|           6|           1|
    |add_ln42_1_fu_191_p2            |         +|   0|  0|   39|          32|          32|
    |add_ln42_fu_181_p2              |         +|   0|  0|   15|           8|           7|
    |add_ln43_2_fu_212_p2            |         +|   0|  0|   39|          32|          32|
    |add_ln43_fu_202_p2              |         +|   0|  0|   15|           8|           8|
    |ap_block_pp0_stage0_11001_grp4  |       and|   0|  0|    2|           1|           1|
    |ap_block_pp0_stage1_01001_grp2  |       and|   0|  0|    2|           1|           1|
    |ap_condition_452                |       and|   0|  0|    2|           1|           1|
    |icmp_ln40_fu_139_p2             |      icmp|   0|  0|   14|           6|           2|
    |lshr_ln42_fu_237_p2             |      lshr|   0|  0|  182|          64|          64|
    |lshr_ln43_fu_246_p2             |      lshr|   0|  0|  182|          64|          64|
    |ap_block_pp0_stage0_11001       |        or|   0|  0|    2|           1|           1|
    |ap_block_pp0_stage0_11001_grp1  |        or|   0|  0|    2|           1|           1|
    |ap_block_pp0_stage1_11001       |        or|   0|  0|    2|           1|           1|
    |ap_block_state4_io_grp2         |        or|   0|  0|    2|           1|           1|
    |ap_enable_pp0                   |       xor|   0|  0|    2|           1|           2|
    +--------------------------------+----------+----+---+-----+------------+------------+
    |Total                           |          |   0|  0|  516|         228|         219|
    +--------------------------------+----------+----+---+-----+------------+------------+

    * Multiplexer: 
    +-------------------------+----+-----------+-----+-----------+
    |           Name          | LUT| Input Size| Bits| Total Bits|
    +-------------------------+----+-----------+-----+-----------+
    |ap_NS_fsm                |  14|          3|    1|          3|
    |ap_done_int              |   9|          2|    1|          2|
    |ap_enable_reg_pp0_iter0  |   9|          2|    1|          2|
    |ap_enable_reg_pp0_iter1  |   9|          2|    1|          2|
    |ap_sig_allocacmp_i_293   |   9|          2|    6|         12|
    |gmem0_blk_n_AW           |   9|          2|    1|          2|
    |gmem0_blk_n_B            |   9|          2|    1|          2|
    |gmem0_blk_n_W            |   9|          2|    1|          2|
    |i_fu_64                  |   9|          2|    6|         12|
    |m_axi_gmem0_0_AWADDR     |  14|          3|   32|         96|
    |m_axi_gmem0_0_WDATA      |  14|          3|    8|         24|
    +-------------------------+----+-----------+-----+-----------+
    |Total                    | 114|         25|   59|        159|
    +-------------------------+----+-----------+-----+-----------+

    * Register: 
    +-------------------------------------------+----+----+-----+-----------+
    |                    Name                   | FF | LUT| Bits| Const Bits|
    +-------------------------------------------+----+----+-----+-----------+
    |ap_CS_fsm                                  |   2|   0|    2|          0|
    |ap_block_pp0_stage0_subdone_grp0_done_reg  |   1|   0|    1|          0|
    |ap_block_pp0_stage0_subdone_grp1_done_reg  |   1|   0|    1|          0|
    |ap_block_pp0_stage0_subdone_grp4_done_reg  |   1|   0|    1|          0|
    |ap_block_pp0_stage1_subdone_grp0_done_reg  |   1|   0|    1|          0|
    |ap_done_reg                                |   1|   0|    1|          0|
    |ap_enable_reg_pp0_iter0_reg                |   1|   0|    1|          0|
    |ap_enable_reg_pp0_iter1                    |   1|   0|    1|          0|
    |ap_enable_reg_pp0_iter2                    |   1|   0|    1|          0|
    |ap_enable_reg_pp0_iter3                    |   1|   0|    1|          0|
    |ap_enable_reg_pp0_iter4                    |   1|   0|    1|          0|
    |ap_loop_exit_ready_pp0_iter1_reg           |   1|   0|    1|          0|
    |ap_loop_exit_ready_pp0_iter2_reg           |   1|   0|    1|          0|
    |ap_loop_exit_ready_pp0_iter3_reg           |   1|   0|    1|          0|
    |gmem0_addr_3_reg_304                       |  32|   0|   32|          0|
    |gmem0_addr_reg_293                         |  32|   0|   32|          0|
    |i_293_reg_267                              |   6|   0|    6|          0|
    |i_fu_64                                    |   6|   0|    6|          0|
    |icmp_ln40_reg_274                          |   1|   0|    1|          0|
    |t_i398_load_1_reg_299                      |  64|   0|   64|          0|
    |t_i398_load_reg_288                        |  64|   0|   64|          0|
    |trunc_ln42_reg_315                         |   8|   0|    8|          0|
    |trunc_ln43_reg_320                         |   8|   0|    8|          0|
    |zext_ln42_reg_310                          |   6|   0|   64|         58|
    +-------------------------------------------+----+----+-----+-----------+
    |Total                                      | 242|   0|  300|         58|
    +-------------------------------------------+----+----+-----+-----------+



================================================================
== Interface
================================================================
* Summary: 
+------------------------+-----+-----+------------+--------------------------------------------------------+--------------+
|        RTL Ports       | Dir | Bits|  Protocol  |                      Source Object                     |    C Type    |
+------------------------+-----+-----+------------+--------------------------------------------------------+--------------+
|ap_clk                  |   in|    1|  ap_ctrl_hs|  EphemeralKeyGeneration_A.1_Pipeline_VITIS_LOOP_40_1257|  return value|
|ap_rst                  |   in|    1|  ap_ctrl_hs|  EphemeralKeyGeneration_A.1_Pipeline_VITIS_LOOP_40_1257|  return value|
|ap_start                |   in|    1|  ap_ctrl_hs|  EphemeralKeyGeneration_A.1_Pipeline_VITIS_LOOP_40_1257|  return value|
|ap_done                 |  out|    1|  ap_ctrl_hs|  EphemeralKeyGeneration_A.1_Pipeline_VITIS_LOOP_40_1257|  return value|
|ap_idle                 |  out|    1|  ap_ctrl_hs|  EphemeralKeyGeneration_A.1_Pipeline_VITIS_LOOP_40_1257|  return value|
|ap_ready                |  out|    1|  ap_ctrl_hs|  EphemeralKeyGeneration_A.1_Pipeline_VITIS_LOOP_40_1257|  return value|
|m_axi_gmem0_0_AWVALID   |  out|    1|       m_axi|                                                   gmem0|       pointer|
|m_axi_gmem0_0_AWREADY   |   in|    1|       m_axi|                                                   gmem0|       pointer|
|m_axi_gmem0_0_AWADDR    |  out|   32|       m_axi|                                                   gmem0|       pointer|
|m_axi_gmem0_0_AWID      |  out|    1|       m_axi|                                                   gmem0|       pointer|
|m_axi_gmem0_0_AWLEN     |  out|   32|       m_axi|                                                   gmem0|       pointer|
|m_axi_gmem0_0_AWSIZE    |  out|    3|       m_axi|                                                   gmem0|       pointer|
|m_axi_gmem0_0_AWBURST   |  out|    2|       m_axi|                                                   gmem0|       pointer|
|m_axi_gmem0_0_AWLOCK    |  out|    2|       m_axi|                                                   gmem0|       pointer|
|m_axi_gmem0_0_AWCACHE   |  out|    4|       m_axi|                                                   gmem0|       pointer|
|m_axi_gmem0_0_AWPROT    |  out|    3|       m_axi|                                                   gmem0|       pointer|
|m_axi_gmem0_0_AWQOS     |  out|    4|       m_axi|                                                   gmem0|       pointer|
|m_axi_gmem0_0_AWREGION  |  out|    4|       m_axi|                                                   gmem0|       pointer|
|m_axi_gmem0_0_AWUSER    |  out|    1|       m_axi|                                                   gmem0|       pointer|
|m_axi_gmem0_0_WVALID    |  out|    1|       m_axi|                                                   gmem0|       pointer|
|m_axi_gmem0_0_WREADY    |   in|    1|       m_axi|                                                   gmem0|       pointer|
|m_axi_gmem0_0_WDATA     |  out|    8|       m_axi|                                                   gmem0|       pointer|
|m_axi_gmem0_0_WSTRB     |  out|    1|       m_axi|                                                   gmem0|       pointer|
|m_axi_gmem0_0_WLAST     |  out|    1|       m_axi|                                                   gmem0|       pointer|
|m_axi_gmem0_0_WID       |  out|    1|       m_axi|                                                   gmem0|       pointer|
|m_axi_gmem0_0_WUSER     |  out|    1|       m_axi|                                                   gmem0|       pointer|
|m_axi_gmem0_0_ARVALID   |  out|    1|       m_axi|                                                   gmem0|       pointer|
|m_axi_gmem0_0_ARREADY   |   in|    1|       m_axi|                                                   gmem0|       pointer|
|m_axi_gmem0_0_ARADDR    |  out|   32|       m_axi|                                                   gmem0|       pointer|
|m_axi_gmem0_0_ARID      |  out|    1|       m_axi|                                                   gmem0|       pointer|
|m_axi_gmem0_0_ARLEN     |  out|   32|       m_axi|                                                   gmem0|       pointer|
|m_axi_gmem0_0_ARSIZE    |  out|    3|       m_axi|                                                   gmem0|       pointer|
|m_axi_gmem0_0_ARBURST   |  out|    2|       m_axi|                                                   gmem0|       pointer|
|m_axi_gmem0_0_ARLOCK    |  out|    2|       m_axi|                                                   gmem0|       pointer|
|m_axi_gmem0_0_ARCACHE   |  out|    4|       m_axi|                                                   gmem0|       pointer|
|m_axi_gmem0_0_ARPROT    |  out|    3|       m_axi|                                                   gmem0|       pointer|
|m_axi_gmem0_0_ARQOS     |  out|    4|       m_axi|                                                   gmem0|       pointer|
|m_axi_gmem0_0_ARREGION  |  out|    4|       m_axi|                                                   gmem0|       pointer|
|m_axi_gmem0_0_ARUSER    |  out|    1|       m_axi|                                                   gmem0|       pointer|
|m_axi_gmem0_0_RVALID    |   in|    1|       m_axi|                                                   gmem0|       pointer|
|m_axi_gmem0_0_RREADY    |  out|    1|       m_axi|                                                   gmem0|       pointer|
|m_axi_gmem0_0_RDATA     |   in|    8|       m_axi|                                                   gmem0|       pointer|
|m_axi_gmem0_0_RLAST     |   in|    1|       m_axi|                                                   gmem0|       pointer|
|m_axi_gmem0_0_RID       |   in|    1|       m_axi|                                                   gmem0|       pointer|
|m_axi_gmem0_0_RFIFONUM  |   in|   11|       m_axi|                                                   gmem0|       pointer|
|m_axi_gmem0_0_RUSER     |   in|    1|       m_axi|                                                   gmem0|       pointer|
|m_axi_gmem0_0_RRESP     |   in|    2|       m_axi|                                                   gmem0|       pointer|
|m_axi_gmem0_0_BVALID    |   in|    1|       m_axi|                                                   gmem0|       pointer|
|m_axi_gmem0_0_BREADY    |  out|    1|       m_axi|                                                   gmem0|       pointer|
|m_axi_gmem0_0_BRESP     |   in|    2|       m_axi|                                                   gmem0|       pointer|
|m_axi_gmem0_0_BID       |   in|    1|       m_axi|                                                   gmem0|       pointer|
|m_axi_gmem0_0_BUSER     |   in|    1|       m_axi|                                                   gmem0|       pointer|
|PublicKeyA              |   in|   32|     ap_none|                                              PublicKeyA|        scalar|
|t_i398_address0         |  out|    4|   ap_memory|                                                  t_i398|         array|
|t_i398_ce0              |  out|    1|   ap_memory|                                                  t_i398|         array|
|t_i398_q0               |   in|   64|   ap_memory|                                                  t_i398|         array|
|t_i398_address1         |  out|    4|   ap_memory|                                                  t_i398|         array|
|t_i398_ce1              |  out|    1|   ap_memory|                                                  t_i398|         array|
|t_i398_q1               |   in|   64|   ap_memory|                                                  t_i398|         array|
+------------------------+-----+-----+------------+--------------------------------------------------------+--------------+

