

================================================================
== Vitis HLS Report for 'EphemeralKeyGeneration_A_1_Pipeline_VITIS_LOOP_14_1243'
================================================================
* Date:           Tue May 20 14:35:00 2025

* Version:        2024.2.2 (Build 6049644 on Mar  5 2025)
* Project:        sikep503_hls
* Solution:       solution1 (Vivado IP Flow Target)
* Product family: zynq
* Target device:  xc7z020-clg484-1


================================================================
== Performance Estimates
================================================================
+ Timing: 
    * Summary: 
    +--------+----------+----------+------------+
    |  Clock |  Target  | Estimated| Uncertainty|
    +--------+----------+----------+------------+
    |ap_clk  |  10.00 ns|  5.576 ns|     2.70 ns|
    +--------+----------+----------+------------+

+ Latency: 
    * Summary: 
    +---------+---------+----------+----------+-----+-----+------------------------------------------------+
    |  Latency (cycles) |  Latency (absolute) |  Interval |                    Pipeline                    |
    |   min   |   max   |    min   |    max   | min | max |                      Type                      |
    +---------+---------+----------+----------+-----+-----+------------------------------------------------+
    |       10|       10|  0.100 us|  0.100 us|    9|    9|  loop auto-rewind stp (delay=0 clock cycles(s))|
    +---------+---------+----------+----------+-----+-----+------------------------------------------------+

    + Detail: 
        * Instance: 
        N/A

        * Loop: 
        +-------------------+---------+---------+----------+-----------+-----------+------+----------+
        |                   |  Latency (cycles) | Iteration|  Initiation Interval  | Trip |          |
        |     Loop Name     |   min   |   max   |  Latency |  achieved |   target  | Count| Pipelined|
        +-------------------+---------+---------+----------+-----------+-----------+------+----------+
        |- VITIS_LOOP_14_1  |        8|        8|         2|          1|          1|     8|       yes|
        +-------------------+---------+---------+----------+-----------+-----------+------+----------+



================================================================
== Utilization Estimates
================================================================
* Summary: 
+-----------------+---------+-----+--------+-------+-----+
|       Name      | BRAM_18K| DSP |   FF   |  LUT  | URAM|
+-----------------+---------+-----+--------+-------+-----+
|DSP              |        -|    -|       -|      -|    -|
|Expression       |        -|    -|       0|     28|    -|
|FIFO             |        -|    -|       -|      -|    -|
|Instance         |        -|    -|       -|      -|    -|
|Memory           |        0|    -|      64|      8|    -|
|Multiplexer      |        -|    -|       0|     36|    -|
|Register         |        -|    -|      10|      -|    -|
+-----------------+---------+-----+--------+-------+-----+
|Total            |        0|    0|      74|     72|    0|
+-----------------+---------+-----+--------+-------+-----+
|Available        |      280|  220|  106400|  53200|    0|
+-----------------+---------+-----+--------+-------+-----+
|Utilization (%)  |        0|    0|      ~0|     ~0|    0|
+-----------------+---------+-----+--------+-------+-----+

+ Detail: 
    * Instance: 
    N/A

    * DSP: 
    N/A

    * Memory: 
    +--------------------+-------------------------------------------------------------------------------------+---------+----+----+-----+------+-----+------+-------------+
    |       Memory       |                                        Module                                       | BRAM_18K| FF | LUT| URAM| Words| Bits| Banks| W*Bits*Banks|
    +--------------------+-------------------------------------------------------------------------------------+---------+----+----+-----+------+-----+------+-------------+
    |Montgomery_one_1_U  |EphemeralKeyGeneration_A_1_Pipeline_VITIS_LOOP_14_1243_Montgomery_one_1_ROM_AUTO_1R  |        0|  64|   8|    0|     8|   64|     1|          512|
    +--------------------+-------------------------------------------------------------------------------------+---------+----+----+-----+------+-----+------+-------------+
    |Total               |                                                                                     |        0|  64|   8|    0|     8|   64|     1|          512|
    +--------------------+-------------------------------------------------------------------------------------+---------+----+----+-----+------+-----+------+-------------+

    * FIFO: 
    N/A

    * Expression: 
    +--------------------+----------+----+---+----+------------+------------+
    |    Variable Name   | Operation| DSP| FF| LUT| Bitwidth P0| Bitwidth P1|
    +--------------------+----------+----+---+----+------------+------------+
    |add_ln14_fu_73_p2   |         +|   0|  0|  13|           4|           1|
    |icmp_ln14_fu_67_p2  |      icmp|   0|  0|  13|           4|           5|
    |ap_enable_pp0       |       xor|   0|  0|   2|           1|           2|
    +--------------------+----------+----+---+----+------------+------------+
    |Total               |          |   0|  0|  28|           9|           8|
    +--------------------+----------+----+---+----+------------+------------+

    * Multiplexer: 
    +-------------------------+----+-----------+-----+-----------+
    |           Name          | LUT| Input Size| Bits| Total Bits|
    +-------------------------+----+-----------+-----+-----------+
    |ap_done_int              |   9|          2|    1|          2|
    |ap_enable_reg_pp0_iter1  |   9|          2|    1|          2|
    |ap_sig_allocacmp_i       |   9|          2|    4|          8|
    |i_299_fu_28              |   9|          2|    4|          8|
    +-------------------------+----+-----------+-----+-----------+
    |Total                    |  36|          8|   10|         20|
    +-------------------------+----+-----------+-----+-----------+

    * Register: 
    +-------------------------+---+----+-----+-----------+
    |           Name          | FF| LUT| Bits| Const Bits|
    +-------------------------+---+----+-----+-----------+
    |ap_CS_fsm                |  1|   0|    1|          0|
    |ap_done_reg              |  1|   0|    1|          0|
    |ap_enable_reg_pp0_iter1  |  1|   0|    1|          0|
    |i_299_fu_28              |  4|   0|    4|          0|
    |zext_ln15_reg_103        |  3|   0|   32|         29|
    +-------------------------+---+----+-----+-----------+
    |Total                    | 10|   0|   39|         29|
    +-------------------------+---+----+-----+-----------+



================================================================
== Interface
================================================================
* Summary: 
+-----------------+-----+-----+------------+--------------------------------------------------------+--------------+
|    RTL Ports    | Dir | Bits|  Protocol  |                      Source Object                     |    C Type    |
+-----------------+-----+-----+------------+--------------------------------------------------------+--------------+
|ap_clk           |   in|    1|  ap_ctrl_hs|  EphemeralKeyGeneration_A.1_Pipeline_VITIS_LOOP_14_1243|  return value|
|ap_rst           |   in|    1|  ap_ctrl_hs|  EphemeralKeyGeneration_A.1_Pipeline_VITIS_LOOP_14_1243|  return value|
|ap_start         |   in|    1|  ap_ctrl_hs|  EphemeralKeyGeneration_A.1_Pipeline_VITIS_LOOP_14_1243|  return value|
|ap_done          |  out|    1|  ap_ctrl_hs|  EphemeralKeyGeneration_A.1_Pipeline_VITIS_LOOP_14_1243|  return value|
|ap_idle          |  out|    1|  ap_ctrl_hs|  EphemeralKeyGeneration_A.1_Pipeline_VITIS_LOOP_14_1243|  return value|
|ap_ready         |  out|    1|  ap_ctrl_hs|  EphemeralKeyGeneration_A.1_Pipeline_VITIS_LOOP_14_1243|  return value|
|phiP_Z_address0  |  out|    4|   ap_memory|                                                  phiP_Z|         array|
|phiP_Z_ce0       |  out|    1|   ap_memory|                                                  phiP_Z|         array|
|phiP_Z_we0       |  out|    1|   ap_memory|                                                  phiP_Z|         array|
|phiP_Z_d0        |  out|   64|   ap_memory|                                                  phiP_Z|         array|
+-----------------+-----+-----+------------+--------------------------------------------------------+--------------+

