

================================================================
== Vitis HLS Report for 'fp2_decode_2_Pipeline_VITIS_LOOP_51_1'
================================================================
* Date:           Tue May 20 14:37:33 2025

* Version:        2024.2.2 (Build 6049644 on Mar  5 2025)
* Project:        sikep503_hls
* Solution:       solution1 (Vivado IP Flow Target)
* Product family: zynq
* Target device:  xc7z020-clg484-1


================================================================
== Performance Estimates
================================================================
+ Timing: 
    * Summary: 
    +--------+----------+----------+------------+
    |  Clock |  Target  | Estimated| Uncertainty|
    +--------+----------+----------+------------+
    |ap_clk  |  10.00 ns|  5.380 ns|     2.70 ns|
    +--------+----------+----------+------------+

+ Latency: 
    * Summary: 
    +---------+---------+----------+----------+-----+-----+------------------------------------------------+
    |  Latency (cycles) |  Latency (absolute) |  Interval |                    Pipeline                    |
    |   min   |   max   |    min   |    max   | min | max |                      Type                      |
    +---------+---------+----------+----------+-----+-----+------------------------------------------------+
    |      130|      130|  1.300 us|  1.300 us|  129|  129|  loop auto-rewind stp (delay=0 clock cycles(s))|
    +---------+---------+----------+----------+-----+-----+------------------------------------------------+

    + Detail: 
        * Instance: 
        N/A

        * Loop: 
        +-------------------+---------+---------+----------+-----------+-----------+------+----------+
        |                   |  Latency (cycles) | Iteration|  Initiation Interval  | Trip |          |
        |     Loop Name     |   min   |   max   |  Latency |  achieved |   target  | Count| Pipelined|
        +-------------------+---------+---------+----------+-----------+-----------+------+----------+
        |- VITIS_LOOP_51_1  |      128|      128|         2|          1|          1|   128|       yes|
        +-------------------+---------+---------+----------+-----------+-----------+------+----------+



================================================================
== Utilization Estimates
================================================================
* Summary: 
+-----------------+---------+-----+--------+-------+-----+
|       Name      | BRAM_18K| DSP |   FF   |  LUT  | URAM|
+-----------------+---------+-----+--------+-------+-----+
|DSP              |        -|    -|       -|      -|    -|
|Expression       |        -|    -|       0|     62|    -|
|FIFO             |        -|    -|       -|      -|    -|
|Instance         |        -|    -|       -|      -|    -|
|Memory           |        -|    -|       -|      -|    -|
|Multiplexer      |        -|    -|       0|     45|    -|
|Register         |        -|    -|      20|      -|    -|
+-----------------+---------+-----+--------+-------+-----+
|Total            |        0|    0|      20|    107|    0|
+-----------------+---------+-----+--------+-------+-----+
|Available        |      280|  220|  106400|  53200|    0|
+-----------------+---------+-----+--------+-------+-----+
|Utilization (%)  |        0|    0|      ~0|     ~0|    0|
+-----------------+---------+-----+--------+-------+-----+

+ Detail: 
    * Instance: 
    N/A

    * DSP: 
    N/A

    * Memory: 
    N/A

    * FIFO: 
    N/A

    * Expression: 
    +--------------------+----------+----+---+----+------------+------------+
    |    Variable Name   | Operation| DSP| FF| LUT| Bitwidth P0| Bitwidth P1|
    +--------------------+----------+----+---+----+------------+------------+
    |add_ln51_fu_78_p2   |         +|   0|  0|  15|           8|           1|
    |add_ln52_fu_88_p2   |         +|   0|  0|  14|           9|           9|
    |icmp_ln51_fu_72_p2  |      icmp|   0|  0|  14|           8|           9|
    |shl_ln52_fu_116_p2  |       shl|   0|  0|  17|           1|           8|
    |ap_enable_pp0       |       xor|   0|  0|   2|           1|           2|
    +--------------------+----------+----+---+----+------------+------------+
    |Total               |          |   0|  0|  62|          27|          29|
    +--------------------+----------+----+---+----+------------+------------+

    * Multiplexer: 
    +-------------------------+----+-----------+-----+-----------+
    |           Name          | LUT| Input Size| Bits| Total Bits|
    +-------------------------+----+-----------+-----+-----------+
    |PKB_we0_local            |   9|          2|    8|         16|
    |ap_done_int              |   9|          2|    1|          2|
    |ap_enable_reg_pp0_iter1  |   9|          2|    1|          2|
    |ap_sig_allocacmp_i_273   |   9|          2|    8|         16|
    |i_fu_42                  |   9|          2|    8|         16|
    +-------------------------+----+-----------+-----+-----------+
    |Total                    |  45|         10|   26|         52|
    +-------------------------+----+-----------+-----+-----------+

    * Register: 
    +-------------------------+---+----+-----+-----------+
    |           Name          | FF| LUT| Bits| Const Bits|
    +-------------------------+---+----+-----+-----------+
    |ap_CS_fsm                |  1|   0|    1|          0|
    |ap_done_reg              |  1|   0|    1|          0|
    |ap_enable_reg_pp0_iter1  |  1|   0|    1|          0|
    |i_fu_42                  |  8|   0|    8|          0|
    |lshr_ln_reg_142          |  6|   0|    6|          0|
    |trunc_ln52_reg_137       |  3|   0|    3|          0|
    +-------------------------+---+----+-----+-----------+
    |Total                    | 20|   0|   20|          0|
    +-------------------------+---+----+-----+-----------+



================================================================
== Interface
================================================================
* Summary: 
+--------------+-----+-----+------------+---------------------------------------+--------------+
|   RTL Ports  | Dir | Bits|  Protocol  |             Source Object             |    C Type    |
+--------------+-----+-----+------------+---------------------------------------+--------------+
|ap_clk        |   in|    1|  ap_ctrl_hs|  fp2_decode.2_Pipeline_VITIS_LOOP_51_1|  return value|
|ap_rst        |   in|    1|  ap_ctrl_hs|  fp2_decode.2_Pipeline_VITIS_LOOP_51_1|  return value|
|ap_start      |   in|    1|  ap_ctrl_hs|  fp2_decode.2_Pipeline_VITIS_LOOP_51_1|  return value|
|ap_done       |  out|    1|  ap_ctrl_hs|  fp2_decode.2_Pipeline_VITIS_LOOP_51_1|  return value|
|ap_idle       |  out|    1|  ap_ctrl_hs|  fp2_decode.2_Pipeline_VITIS_LOOP_51_1|  return value|
|ap_ready      |  out|    1|  ap_ctrl_hs|  fp2_decode.2_Pipeline_VITIS_LOOP_51_1|  return value|
|x             |   in|    9|     ap_none|                                      x|        scalar|
|PKB_address0  |  out|    6|   ap_memory|                                    PKB|         array|
|PKB_ce0       |  out|    1|   ap_memory|                                    PKB|         array|
|PKB_we0       |  out|    8|   ap_memory|                                    PKB|         array|
|PKB_d0        |  out|   64|   ap_memory|                                    PKB|         array|
+--------------+-----+-----+------------+---------------------------------------+--------------+

