

================================================================
== Vitis HLS Report for 'fp2_decode_1_Pipeline_VITIS_LOOP_51_1'
================================================================
* Date:           Tue May 20 14:37:28 2025

* Version:        2024.2.2 (Build 6049644 on Mar  5 2025)
* Project:        sikep503_hls
* Solution:       solution1 (Vivado IP Flow Target)
* Product family: zynq
* Target device:  xc7z020-clg484-1


================================================================
== Performance Estimates
================================================================
+ Timing: 
    * Summary: 
    +--------+----------+----------+------------+
    |  Clock |  Target  | Estimated| Uncertainty|
    +--------+----------+----------+------------+
    |ap_clk  |  10.00 ns|  6.968 ns|     2.70 ns|
    +--------+----------+----------+------------+

+ Latency: 
    * Summary: 
    +---------+---------+----------+----------+-----+-----+------------------------------------------------+
    |  Latency (cycles) |  Latency (absolute) |  Interval |                    Pipeline                    |
    |   min   |   max   |    min   |    max   | min | max |                      Type                      |
    +---------+---------+----------+----------+-----+-----+------------------------------------------------+
    |      130|      130|  1.300 us|  1.300 us|  129|  129|  loop auto-rewind stp (delay=0 clock cycles(s))|
    +---------+---------+----------+----------+-----+-----+------------------------------------------------+

    + Detail: 
        * Instance: 
        N/A

        * Loop: 
        +-------------------+---------+---------+----------+-----------+-----------+------+----------+
        |                   |  Latency (cycles) | Iteration|  Initiation Interval  | Trip |          |
        |     Loop Name     |   min   |   max   |  Latency |  achieved |   target  | Count| Pipelined|
        +-------------------+---------+---------+----------+-----------+-----------+------+----------+
        |- VITIS_LOOP_51_1  |      128|      128|         1|          1|          1|   128|       yes|
        +-------------------+---------+---------+----------+-----------+-----------+------+----------+



================================================================
== Utilization Estimates
================================================================
* Summary: 
+-----------------+---------+-----+--------+-------+-----+
|       Name      | BRAM_18K| DSP |   FF   |  LUT  | URAM|
+-----------------+---------+-----+--------+-------+-----+
|DSP              |        -|    -|       -|      -|    -|
|Expression       |        -|    -|       0|     46|    -|
|FIFO             |        -|    -|       -|      -|    -|
|Instance         |        -|    -|       -|      -|    -|
|Memory           |        -|    -|       -|      -|    -|
|Multiplexer      |        -|    -|       0|     36|    -|
|Register         |        -|    -|      10|      -|    -|
+-----------------+---------+-----+--------+-------+-----+
|Total            |        0|    0|      10|     82|    0|
+-----------------+---------+-----+--------+-------+-----+
|Available        |      280|  220|  106400|  53200|    0|
+-----------------+---------+-----+--------+-------+-----+
|Utilization (%)  |        0|    0|      ~0|     ~0|    0|
+-----------------+---------+-----+--------+-------+-----+

+ Detail: 
    * Instance: 
    N/A

    * DSP: 
    N/A

    * Memory: 
    N/A

    * FIFO: 
    N/A

    * Expression: 
    +--------------------+----------+----+---+----+------------+------------+
    |    Variable Name   | Operation| DSP| FF| LUT| Bitwidth P0| Bitwidth P1|
    +--------------------+----------+----+---+----+------------+------------+
    |add_ln51_fu_68_p2   |         +|   0|  0|  15|           8|           1|
    |icmp_ln51_fu_62_p2  |      icmp|   0|  0|  14|           8|           9|
    |shl_ln52_fu_82_p2   |       shl|   0|  0|  17|           1|           8|
    +--------------------+----------+----+---+----+------------+------------+
    |Total               |          |   0|  0|  46|          17|          18|
    +--------------------+----------+----+---+----+------------+------------+

    * Multiplexer: 
    +------------------------+----+-----------+-----+-----------+
    |          Name          | LUT| Input Size| Bits| Total Bits|
    +------------------------+----+-----------+-----+-----------+
    |PKB_we0_local           |   9|          2|    8|         16|
    |ap_done_int             |   9|          2|    1|          2|
    |ap_sig_allocacmp_i_274  |   9|          2|    8|         16|
    |i_fu_38                 |   9|          2|    8|         16|
    +------------------------+----+-----------+-----+-----------+
    |Total                   |  36|          8|   25|         50|
    +------------------------+----+-----------+-----+-----------+

    * Register: 
    +-------------+---+----+-----+-----------+
    |     Name    | FF| LUT| Bits| Const Bits|
    +-------------+---+----+-----+-----------+
    |ap_CS_fsm    |  1|   0|    1|          0|
    |ap_done_reg  |  1|   0|    1|          0|
    |i_fu_38      |  8|   0|    8|          0|
    +-------------+---+----+-----+-----------+
    |Total        | 10|   0|   10|          0|
    +-------------+---+----+-----+-----------+



================================================================
== Interface
================================================================
* Summary: 
+--------------+-----+-----+------------+---------------------------------------+--------------+
|   RTL Ports  | Dir | Bits|  Protocol  |             Source Object             |    C Type    |
+--------------+-----+-----+------------+---------------------------------------+--------------+
|ap_clk        |   in|    1|  ap_ctrl_hs|  fp2_decode.1_Pipeline_VITIS_LOOP_51_1|  return value|
|ap_rst        |   in|    1|  ap_ctrl_hs|  fp2_decode.1_Pipeline_VITIS_LOOP_51_1|  return value|
|ap_start      |   in|    1|  ap_ctrl_hs|  fp2_decode.1_Pipeline_VITIS_LOOP_51_1|  return value|
|ap_done       |  out|    1|  ap_ctrl_hs|  fp2_decode.1_Pipeline_VITIS_LOOP_51_1|  return value|
|ap_idle       |  out|    1|  ap_ctrl_hs|  fp2_decode.1_Pipeline_VITIS_LOOP_51_1|  return value|
|ap_ready      |  out|    1|  ap_ctrl_hs|  fp2_decode.1_Pipeline_VITIS_LOOP_51_1|  return value|
|PKB_address0  |  out|    6|   ap_memory|                                    PKB|         array|
|PKB_ce0       |  out|    1|   ap_memory|                                    PKB|         array|
|PKB_we0       |  out|    8|   ap_memory|                                    PKB|         array|
|PKB_d0        |  out|   64|   ap_memory|                                    PKB|         array|
+--------------+-----+-----+------------+---------------------------------------+--------------+

