

================================================================
== Vitis HLS Report for 'fp2mul503_mont_64_65_Pipeline_VITIS_LOOP_349_1158'
================================================================
* Date:           Tue May 20 14:35:21 2025

* Version:        2024.2.2 (Build 6049644 on Mar  5 2025)
* Project:        sikep503_hls
* Solution:       solution1 (Vivado IP Flow Target)
* Product family: zynq
* Target device:  xc7z020-clg484-1


================================================================
== Performance Estimates
================================================================
+ Timing: 
    * Summary: 
    +--------+----------+----------+------------+
    |  Clock |  Target  | Estimated| Uncertainty|
    +--------+----------+----------+------------+
    |ap_clk  |  10.00 ns|  5.842 ns|     2.70 ns|
    +--------+----------+----------+------------+

+ Latency: 
    * Summary: 
    +---------+---------+----------+----------+-----+-----+------------------------------------------------+
    |  Latency (cycles) |  Latency (absolute) |  Interval |                    Pipeline                    |
    |   min   |   max   |    min   |    max   | min | max |                      Type                      |
    +---------+---------+----------+----------+-----+-----+------------------------------------------------+
    |       19|       19|  0.190 us|  0.190 us|   18|   18|  loop auto-rewind stp (delay=0 clock cycles(s))|
    +---------+---------+----------+----------+-----+-----+------------------------------------------------+

    + Detail: 
        * Instance: 
        N/A

        * Loop: 
        +--------------------+---------+---------+----------+-----------+-----------+------+----------+
        |                    |  Latency (cycles) | Iteration|  Initiation Interval  | Trip |          |
        |      Loop Name     |   min   |   max   |  Latency |  achieved |   target  | Count| Pipelined|
        +--------------------+---------+---------+----------+-----------+-----------+------+----------+
        |- VITIS_LOOP_349_1  |       17|       17|         3|          2|          1|     8|       yes|
        +--------------------+---------+---------+----------+-----------+-----------+------+----------+



================================================================
== Utilization Estimates
================================================================
* Summary: 
+-----------------+---------+-----+--------+-------+-----+
|       Name      | BRAM_18K| DSP |   FF   |  LUT  | URAM|
+-----------------+---------+-----+--------+-------+-----+
|DSP              |        -|    -|       -|      -|    -|
|Expression       |        -|    -|       0|    558|    -|
|FIFO             |        -|    -|       -|      -|    -|
|Instance         |        -|    -|       -|      -|    -|
|Memory           |        -|    -|       -|      -|    -|
|Multiplexer      |        -|    -|       0|     68|    -|
|Register         |        -|    -|     206|      -|    -|
+-----------------+---------+-----+--------+-------+-----+
|Total            |        0|    0|     206|    626|    0|
+-----------------+---------+-----+--------+-------+-----+
|Available        |      280|  220|  106400|  53200|    0|
+-----------------+---------+-----+--------+-------+-----+
|Utilization (%)  |        0|    0|      ~0|      1|    0|
+-----------------+---------+-----+--------+-------+-----+

+ Detail: 
    * Instance: 
    N/A

    * DSP: 
    N/A

    * Memory: 
    N/A

    * FIFO: 
    N/A

    * Expression: 
    +------------------------+----------+----+---+----+------------+------------+
    |      Variable Name     | Operation| DSP| FF| LUT| Bitwidth P0| Bitwidth P1|
    +------------------------+----------+----+---+----+------------+------------+
    |add_ln349_fu_112_p2     |         +|   0|  0|  13|           4|           1|
    |add_ln350_fu_143_p2     |         +|   0|  0|  71|          64|          64|
    |tempReg_fu_137_p2       |         +|   0|  0|  71|          64|          64|
    |and_ln350_fu_187_p2     |       and|   0|  0|  64|          64|          64|
    |ap_condition_261        |       and|   0|  0|   2|           1|           1|
    |icmp_ln349_fu_106_p2    |      icmp|   0|  0|  13|           4|           5|
    |or_ln350_39_fu_198_p2   |        or|   0|  0|  64|          64|          64|
    |or_ln350_fu_157_p2      |        or|   0|  0|  64|          64|          64|
    |ap_enable_pp0           |       xor|   0|  0|   2|           1|           2|
    |xor_ln350_97_fu_148_p2  |       xor|   0|  0|  64|          64|          64|
    |xor_ln350_98_fu_170_p2  |       xor|   0|  0|   2|           1|           2|
    |xor_ln350_99_fu_192_p2  |       xor|   0|  0|  64|          64|          64|
    |xor_ln350_fu_153_p2     |       xor|   0|  0|  64|          64|          64|
    +------------------------+----------+----+---+----+------------+------------+
    |Total                   |          |   0|  0| 558|         523|         523|
    +------------------------+----------+----+---+----+------------+------------+

    * Multiplexer: 
    +-------------------------+----+-----------+-----+-----------+
    |           Name          | LUT| Input Size| Bits| Total Bits|
    +-------------------------+----+-----------+-----+-----------+
    |ap_NS_fsm                |  14|          3|    1|          3|
    |ap_done_int              |   9|          2|    1|          2|
    |ap_enable_reg_pp0_iter0  |   9|          2|    1|          2|
    |ap_enable_reg_pp0_iter1  |   9|          2|    1|          2|
    |ap_sig_allocacmp_i       |   9|          2|    4|          8|
    |carry_reg_87             |   9|          2|    1|          2|
    |i_196_fu_44              |   9|          2|    4|          8|
    +-------------------------+----+-----------+-----+-----------+
    |Total                    |  68|         15|   13|         27|
    +-------------------------+----+-----------+-----+-----------+

    * Register: 
    +-----------------------------+----+----+-----+-----------+
    |             Name            | FF | LUT| Bits| Const Bits|
    +-----------------------------+----+----+-----+-----------+
    |ap_CS_fsm                    |   2|   0|    2|          0|
    |ap_done_reg                  |   1|   0|    1|          0|
    |ap_enable_reg_pp0_iter0_reg  |   1|   0|    1|          0|
    |ap_enable_reg_pp0_iter1      |   1|   0|    1|          0|
    |b_0_load_reg_238             |  64|   0|   64|          0|
    |b_1_load_reg_252             |  64|   0|   64|          0|
    |carry_reg_87                 |   1|   0|    1|          0|
    |i_196_fu_44                  |   4|   0|    4|          0|
    |icmp_ln349_reg_219           |   1|   0|    1|          0|
    |tempReg_reg_243              |  64|   0|   64|          0|
    |zext_ln350_reg_223           |   3|   0|   32|         29|
    +-----------------------------+----+----+-----+-----------+
    |Total                        | 206|   0|  235|         29|
    +-----------------------------+----+----+-----+-----------+



================================================================
== Interface
================================================================
* Summary: 
+--------------+-----+-----+------------+---------------------------------------------------+--------------+
|   RTL Ports  | Dir | Bits|  Protocol  |                   Source Object                   |    C Type    |
+--------------+-----+-----+------------+---------------------------------------------------+--------------+
|ap_clk        |   in|    1|  ap_ctrl_hs|  fp2mul503_mont.64.65_Pipeline_VITIS_LOOP_349_1158|  return value|
|ap_rst        |   in|    1|  ap_ctrl_hs|  fp2mul503_mont.64.65_Pipeline_VITIS_LOOP_349_1158|  return value|
|ap_start      |   in|    1|  ap_ctrl_hs|  fp2mul503_mont.64.65_Pipeline_VITIS_LOOP_349_1158|  return value|
|ap_done       |  out|    1|  ap_ctrl_hs|  fp2mul503_mont.64.65_Pipeline_VITIS_LOOP_349_1158|  return value|
|ap_idle       |  out|    1|  ap_ctrl_hs|  fp2mul503_mont.64.65_Pipeline_VITIS_LOOP_349_1158|  return value|
|ap_ready      |  out|    1|  ap_ctrl_hs|  fp2mul503_mont.64.65_Pipeline_VITIS_LOOP_349_1158|  return value|
|b_0_address0  |  out|    3|   ap_memory|                                                b_0|         array|
|b_0_ce0       |  out|    1|   ap_memory|                                                b_0|         array|
|b_0_q0        |   in|   64|   ap_memory|                                                b_0|         array|
|b_1_address0  |  out|    3|   ap_memory|                                                b_1|         array|
|b_1_ce0       |  out|    1|   ap_memory|                                                b_1|         array|
|b_1_q0        |   in|   64|   ap_memory|                                                b_1|         array|
|t2_address0   |  out|    3|   ap_memory|                                                 t2|         array|
|t2_ce0        |  out|    1|   ap_memory|                                                 t2|         array|
|t2_we0        |  out|    1|   ap_memory|                                                 t2|         array|
|t2_d0         |  out|   64|   ap_memory|                                                 t2|         array|
+--------------+-----+-----+------------+---------------------------------------------------+--------------+

