

================================================================
== Vitis HLS Report for 'fp2mul503_mont_5_Pipeline_VITIS_LOOP_349_1165'
================================================================
* Date:           Tue May 20 14:37:44 2025

* Version:        2024.2.2 (Build 6049644 on Mar  5 2025)
* Project:        sikep503_hls
* Solution:       solution1 (Vivado IP Flow Target)
* Product family: zynq
* Target device:  xc7z020-clg484-1


================================================================
== Performance Estimates
================================================================
+ Timing: 
    * Summary: 
    +--------+----------+----------+------------+
    |  Clock |  Target  | Estimated| Uncertainty|
    +--------+----------+----------+------------+
    |ap_clk  |  10.00 ns|  6.774 ns|     2.70 ns|
    +--------+----------+----------+------------+

+ Latency: 
    * Summary: 
    +---------+---------+----------+----------+-----+-----+------------------------------------------------+
    |  Latency (cycles) |  Latency (absolute) |  Interval |                    Pipeline                    |
    |   min   |   max   |    min   |    max   | min | max |                      Type                      |
    +---------+---------+----------+----------+-----+-----+------------------------------------------------+
    |       35|       35|  0.350 us|  0.350 us|   34|   34|  loop auto-rewind stp (delay=0 clock cycles(s))|
    +---------+---------+----------+----------+-----+-----+------------------------------------------------+

    + Detail: 
        * Instance: 
        N/A

        * Loop: 
        +--------------------+---------+---------+----------+-----------+-----------+------+----------+
        |                    |  Latency (cycles) | Iteration|  Initiation Interval  | Trip |          |
        |      Loop Name     |   min   |   max   |  Latency |  achieved |   target  | Count| Pipelined|
        +--------------------+---------+---------+----------+-----------+-----------+------+----------+
        |- VITIS_LOOP_349_1  |       33|       33|         3|          2|          1|    16|       yes|
        +--------------------+---------+---------+----------+-----------+-----------+------+----------+



================================================================
== Utilization Estimates
================================================================
* Summary: 
+-----------------+---------+-----+--------+-------+-----+
|       Name      | BRAM_18K| DSP |   FF   |  LUT  | URAM|
+-----------------+---------+-----+--------+-------+-----+
|DSP              |        -|    -|       -|      -|    -|
|Expression       |        -|    -|       0|    559|    -|
|FIFO             |        -|    -|       -|      -|    -|
|Instance         |        -|    -|       -|      -|    -|
|Memory           |        -|    -|       -|      -|    -|
|Multiplexer      |        -|    -|       0|     68|    -|
|Register         |        -|    -|     208|      -|    -|
+-----------------+---------+-----+--------+-------+-----+
|Total            |        0|    0|     208|    627|    0|
+-----------------+---------+-----+--------+-------+-----+
|Available        |      280|  220|  106400|  53200|    0|
+-----------------+---------+-----+--------+-------+-----+
|Utilization (%)  |        0|    0|      ~0|      1|    0|
+-----------------+---------+-----+--------+-------+-----+

+ Detail: 
    * Instance: 
    N/A

    * DSP: 
    N/A

    * Memory: 
    N/A

    * FIFO: 
    N/A

    * Expression: 
    +-------------------------+----------+----+---+----+------------+------------+
    |      Variable Name      | Operation| DSP| FF| LUT| Bitwidth P0| Bitwidth P1|
    +-------------------------+----------+----+---+----+------------+------------+
    |add_ln349_fu_101_p2      |         +|   0|  0|  13|           5|           1|
    |add_ln350_fu_132_p2      |         +|   0|  0|  71|          64|          64|
    |tempReg_fu_126_p2        |         +|   0|  0|  71|          64|          64|
    |and_ln350_fu_176_p2      |       and|   0|  0|  64|          64|          64|
    |ap_condition_257         |       and|   0|  0|   2|           1|           1|
    |icmp_ln349_fu_95_p2      |      icmp|   0|  0|  14|           5|           6|
    |or_ln350_41_fu_187_p2    |        or|   0|  0|  64|          64|          64|
    |or_ln350_fu_146_p2       |        or|   0|  0|  64|          64|          64|
    |ap_enable_pp0            |       xor|   0|  0|   2|           1|           2|
    |xor_ln350_101_fu_142_p2  |       xor|   0|  0|  64|          64|          64|
    |xor_ln350_102_fu_159_p2  |       xor|   0|  0|   2|           1|           2|
    |xor_ln350_103_fu_181_p2  |       xor|   0|  0|  64|          64|          64|
    |xor_ln350_fu_137_p2      |       xor|   0|  0|  64|          64|          64|
    +-------------------------+----------+----+---+----+------------+------------+
    |Total                    |          |   0|  0| 559|         525|         524|
    +-------------------------+----------+----+---+----+------------+------------+

    * Multiplexer: 
    +-------------------------+----+-----------+-----+-----------+
    |           Name          | LUT| Input Size| Bits| Total Bits|
    +-------------------------+----+-----------+-----+-----------+
    |ap_NS_fsm                |  14|          3|    1|          3|
    |ap_done_int              |   9|          2|    1|          2|
    |ap_enable_reg_pp0_iter0  |   9|          2|    1|          2|
    |ap_enable_reg_pp0_iter1  |   9|          2|    1|          2|
    |ap_sig_allocacmp_i       |   9|          2|    5|         10|
    |carry_reg_76             |   9|          2|    1|          2|
    |i_209_fu_42              |   9|          2|    5|         10|
    +-------------------------+----+-----------+-----+-----------+
    |Total                    |  68|         15|   15|         31|
    +-------------------------+----+-----------+-----+-----------+

    * Register: 
    +-----------------------------+----+----+-----+-----------+
    |             Name            | FF | LUT| Bits| Const Bits|
    +-----------------------------+----+----+-----+-----------+
    |ap_CS_fsm                    |   2|   0|    2|          0|
    |ap_done_reg                  |   1|   0|    1|          0|
    |ap_enable_reg_pp0_iter0_reg  |   1|   0|    1|          0|
    |ap_enable_reg_pp0_iter1      |   1|   0|    1|          0|
    |carry_reg_76                 |   1|   0|    1|          0|
    |i_209_fu_42                  |   5|   0|    5|          0|
    |icmp_ln349_reg_208           |   1|   0|    1|          0|
    |tempReg_reg_228              |  64|   0|   64|          0|
    |tt1_addr_reg_212             |   4|   0|    4|          0|
    |tt1_load_reg_223             |  64|   0|   64|          0|
    |tt2_load_reg_237             |  64|   0|   64|          0|
    +-----------------------------+----+----+-----+-----------+
    |Total                        | 208|   0|  208|          0|
    +-----------------------------+----+----+-----+-----------+



================================================================
== Interface
================================================================
* Summary: 
+--------------+-----+-----+------------+-----------------------------------------------+--------------+
|   RTL Ports  | Dir | Bits|  Protocol  |                 Source Object                 |    C Type    |
+--------------+-----+-----+------------+-----------------------------------------------+--------------+
|ap_clk        |   in|    1|  ap_ctrl_hs|  fp2mul503_mont.5_Pipeline_VITIS_LOOP_349_1165|  return value|
|ap_rst        |   in|    1|  ap_ctrl_hs|  fp2mul503_mont.5_Pipeline_VITIS_LOOP_349_1165|  return value|
|ap_start      |   in|    1|  ap_ctrl_hs|  fp2mul503_mont.5_Pipeline_VITIS_LOOP_349_1165|  return value|
|ap_done       |  out|    1|  ap_ctrl_hs|  fp2mul503_mont.5_Pipeline_VITIS_LOOP_349_1165|  return value|
|ap_idle       |  out|    1|  ap_ctrl_hs|  fp2mul503_mont.5_Pipeline_VITIS_LOOP_349_1165|  return value|
|ap_ready      |  out|    1|  ap_ctrl_hs|  fp2mul503_mont.5_Pipeline_VITIS_LOOP_349_1165|  return value|
|tt1_address0  |  out|    4|   ap_memory|                                            tt1|         array|
|tt1_ce0       |  out|    1|   ap_memory|                                            tt1|         array|
|tt1_we0       |  out|    1|   ap_memory|                                            tt1|         array|
|tt1_d0        |  out|   64|   ap_memory|                                            tt1|         array|
|tt1_address1  |  out|    4|   ap_memory|                                            tt1|         array|
|tt1_ce1       |  out|    1|   ap_memory|                                            tt1|         array|
|tt1_q1        |   in|   64|   ap_memory|                                            tt1|         array|
|tt2_address0  |  out|    4|   ap_memory|                                            tt2|         array|
|tt2_ce0       |  out|    1|   ap_memory|                                            tt2|         array|
|tt2_q0        |   in|   64|   ap_memory|                                            tt2|         array|
+--------------+-----+-----+------------+-----------------------------------------------+--------------+

