

================================================================
== Vitis HLS Report for 'fp2sqr503_mont_86_87_Pipeline_6'
================================================================
* Date:           Tue May 20 14:38:24 2025

* Version:        2024.2.2 (Build 6049644 on Mar  5 2025)
* Project:        sikep503_hls
* Solution:       solution1 (Vivado IP Flow Target)
* Product family: zynq
* Target device:  xc7z020-clg484-1


================================================================
== Performance Estimates
================================================================
+ Timing: 
    * Summary: 
    +--------+----------+----------+------------+
    |  Clock |  Target  | Estimated| Uncertainty|
    +--------+----------+----------+------------+
    |ap_clk  |  10.00 ns|  6.622 ns|     2.70 ns|
    +--------+----------+----------+------------+

+ Latency: 
    * Summary: 
    +---------+---------+----------+----------+-----+-----+------------------------------------------------+
    |  Latency (cycles) |  Latency (absolute) |  Interval |                    Pipeline                    |
    |   min   |   max   |    min   |    max   | min | max |                      Type                      |
    +---------+---------+----------+----------+-----+-----+------------------------------------------------+
    |       18|       18|  0.180 us|  0.180 us|   17|   17|  loop auto-rewind stp (delay=0 clock cycles(s))|
    +---------+---------+----------+----------+-----+-----+------------------------------------------------+

    + Detail: 
        * Instance: 
        N/A

        * Loop: 
        +----------+---------+---------+----------+-----------+-----------+------+----------+
        |          |  Latency (cycles) | Iteration|  Initiation Interval  | Trip |          |
        | Loop Name|   min   |   max   |  Latency |  achieved |   target  | Count| Pipelined|
        +----------+---------+---------+----------+-----------+-----------+------+----------+
        |- Loop 1  |       16|       16|         1|          1|          1|    16|       yes|
        +----------+---------+---------+----------+-----------+-----------+------+----------+



================================================================
== Utilization Estimates
================================================================
* Summary: 
+-----------------+---------+-----+--------+-------+-----+
|       Name      | BRAM_18K| DSP |   FF   |  LUT  | URAM|
+-----------------+---------+-----+--------+-------+-----+
|DSP              |        -|    -|       -|      -|    -|
|Expression       |        -|    -|       0|     27|    -|
|FIFO             |        -|    -|       -|      -|    -|
|Instance         |        -|    -|       -|      -|    -|
|Memory           |        -|    -|       -|      -|    -|
|Multiplexer      |        -|    -|       0|     27|    -|
|Register         |        -|    -|       7|      -|    -|
+-----------------+---------+-----+--------+-------+-----+
|Total            |        0|    0|       7|     54|    0|
+-----------------+---------+-----+--------+-------+-----+
|Available        |      280|  220|  106400|  53200|    0|
+-----------------+---------+-----+--------+-------+-----+
|Utilization (%)  |        0|    0|      ~0|     ~0|    0|
+-----------------+---------+-----+--------+-------+-----+

+ Detail: 
    * Instance: 
    N/A

    * DSP: 
    N/A

    * Memory: 
    N/A

    * FIFO: 
    N/A

    * Expression: 
    +------------------------+----------+----+---+----+------------+------------+
    |      Variable Name     | Operation| DSP| FF| LUT| Bitwidth P0| Bitwidth P1|
    +------------------------+----------+----+---+----+------------+------------+
    |empty_157_fu_56_p2      |         +|   0|  0|  13|           5|           1|
    |exitcond_i431_fu_50_p2  |      icmp|   0|  0|  14|           5|           6|
    +------------------------+----------+----+---+----+------------+------------+
    |Total                   |          |   0|  0|  27|          10|           7|
    +------------------------+----------+----+---+----+------------+------------+

    * Multiplexer: 
    +-------------------------+----+-----------+-----+-----------+
    |           Name          | LUT| Input Size| Bits| Total Bits|
    +-------------------------+----+-----------+-----+-----------+
    |ap_done_int              |   9|          2|    1|          2|
    |ap_sig_allocacmp_p_load  |   9|          2|    5|         10|
    |empty_fu_24              |   9|          2|    5|         10|
    +-------------------------+----+-----------+-----+-----------+
    |Total                    |  27|          6|   11|         22|
    +-------------------------+----+-----------+-----+-----------+

    * Register: 
    +-------------+---+----+-----+-----------+
    |     Name    | FF| LUT| Bits| Const Bits|
    +-------------+---+----+-----+-----------+
    |ap_CS_fsm    |  1|   0|    1|          0|
    |ap_done_reg  |  1|   0|    1|          0|
    |empty_fu_24  |  5|   0|    5|          0|
    +-------------+---+----+-----+-----------+
    |Total        |  7|   0|    7|          0|
    +-------------+---+----+-----+-----------+



================================================================
== Interface
================================================================
* Summary: 
+---------------+-----+-----+------------+---------------------------------+--------------+
|   RTL Ports   | Dir | Bits|  Protocol  |          Source Object          |    C Type    |
+---------------+-----+-----+------------+---------------------------------+--------------+
|ap_clk         |   in|    1|  ap_ctrl_hs|  fp2sqr503_mont.86.87_Pipeline_6|  return value|
|ap_rst         |   in|    1|  ap_ctrl_hs|  fp2sqr503_mont.86.87_Pipeline_6|  return value|
|ap_start       |   in|    1|  ap_ctrl_hs|  fp2sqr503_mont.86.87_Pipeline_6|  return value|
|ap_done        |  out|    1|  ap_ctrl_hs|  fp2sqr503_mont.86.87_Pipeline_6|  return value|
|ap_idle        |  out|    1|  ap_ctrl_hs|  fp2sqr503_mont.86.87_Pipeline_6|  return value|
|ap_ready       |  out|    1|  ap_ctrl_hs|  fp2sqr503_mont.86.87_Pipeline_6|  return value|
|temp_address0  |  out|    4|   ap_memory|                             temp|         array|
|temp_ce0       |  out|    1|   ap_memory|                             temp|         array|
|temp_we0       |  out|    1|   ap_memory|                             temp|         array|
|temp_d0        |  out|   64|   ap_memory|                             temp|         array|
+---------------+-----+-----+------------+---------------------------------+--------------+

