

================================================================
== Vitis HLS Report for 'fpadd503_149_2_Pipeline_VITIS_LOOP_28_2'
================================================================
* Date:           Tue May 20 14:36:23 2025

* Version:        2024.2.2 (Build 6049644 on Mar  5 2025)
* Project:        sikep503_hls
* Solution:       solution1 (Vivado IP Flow Target)
* Product family: zynq
* Target device:  xc7z020-clg484-1


================================================================
== Performance Estimates
================================================================
+ Timing: 
    * Summary: 
    +--------+----------+----------+------------+
    |  Clock |  Target  | Estimated| Uncertainty|
    +--------+----------+----------+------------+
    |ap_clk  |  10.00 ns|  6.774 ns|     2.70 ns|
    +--------+----------+----------+------------+

+ Latency: 
    * Summary: 
    +---------+---------+----------+----------+-----+-----+------------------------------------------------+
    |  Latency (cycles) |  Latency (absolute) |  Interval |                    Pipeline                    |
    |   min   |   max   |    min   |    max   | min | max |                      Type                      |
    +---------+---------+----------+----------+-----+-----+------------------------------------------------+
    |       11|       11|  0.110 us|  0.110 us|    9|    9|  loop auto-rewind stp (delay=0 clock cycles(s))|
    +---------+---------+----------+----------+-----+-----+------------------------------------------------+

    + Detail: 
        * Instance: 
        N/A

        * Loop: 
        +-------------------+---------+---------+----------+-----------+-----------+------+----------+
        |                   |  Latency (cycles) | Iteration|  Initiation Interval  | Trip |          |
        |     Loop Name     |   min   |   max   |  Latency |  achieved |   target  | Count| Pipelined|
        +-------------------+---------+---------+----------+-----------+-----------+------+----------+
        |- VITIS_LOOP_28_2  |        9|        9|         3|          1|          1|     8|       yes|
        +-------------------+---------+---------+----------+-----------+-----------+------+----------+



================================================================
== Utilization Estimates
================================================================
* Summary: 
+-----------------+---------+-----+--------+-------+-----+
|       Name      | BRAM_18K| DSP |   FF   |  LUT  | URAM|
+-----------------+---------+-----+--------+-------+-----+
|DSP              |        -|    -|       -|      -|    -|
|Expression       |        -|    -|       0|    567|    -|
|FIFO             |        -|    -|       -|      -|    -|
|Instance         |        -|    -|       -|      -|    -|
|Memory           |        0|    -|      64|      8|    -|
|Multiplexer      |        -|    -|       0|     45|    -|
|Register         |        -|    -|     212|      -|    -|
+-----------------+---------+-----+--------+-------+-----+
|Total            |        0|    0|     276|    620|    0|
+-----------------+---------+-----+--------+-------+-----+
|Available        |      280|  220|  106400|  53200|    0|
+-----------------+---------+-----+--------+-------+-----+
|Utilization (%)  |        0|    0|      ~0|      1|    0|
+-----------------+---------+-----+--------+-------+-----+

+ Detail: 
    * Instance: 
    N/A

    * DSP: 
    N/A

    * Memory: 
    +------------+--------------------------------------------------------------+---------+----+----+-----+------+-----+------+-------------+
    |   Memory   |                            Module                            | BRAM_18K| FF | LUT| URAM| Words| Bits| Banks| W*Bits*Banks|
    +------------+--------------------------------------------------------------+---------+----+----+-----+------+-----+------+-------------+
    |p503x2_1_U  |fpadd503_149_3_Pipeline_VITIS_LOOP_28_2_p503x2_1_ROM_AUTO_1R  |        0|  64|   8|    0|     8|   64|     1|          512|
    +------------+--------------------------------------------------------------+---------+----+----+-----+------+-----+------+-------------+
    |Total       |                                                              |        0|  64|   8|    0|     8|   64|     1|          512|
    +------------+--------------------------------------------------------------+---------+----+----+-----+------+-----+------+-------------+

    * FIFO: 
    N/A

    * Expression: 
    +-------------------------+----------+----+---+----+------------+------------+
    |      Variable Name      | Operation| DSP| FF| LUT| Bitwidth P0| Bitwidth P1|
    +-------------------------+----------+----+---+----+------------+------------+
    |add_ln28_fu_122_p2       |         +|   0|  0|  13|           4|           1|
    |sub_ln29_fu_228_p2       |         -|   0|  0|  71|          64|          64|
    |sub_ln95_fu_188_p2       |         -|   0|  0|  71|           1|          64|
    |tempReg_fu_155_p2        |         -|   0|  0|  71|          64|          64|
    |and_ln29_fu_212_p2       |       and|   0|  0|   2|           1|           1|
    |icmp_ln28_fu_116_p2      |      icmp|   0|  0|  13|           4|           5|
    |borrowReg_fu_218_p2      |        or|   0|  0|   2|           1|           1|
    |or_ln105_fu_169_p2       |        or|   0|  0|  64|          64|          64|
    |or_ln95_fu_193_p2        |        or|   0|  0|  64|          64|          64|
    |ap_enable_pp0            |       xor|   0|  0|   2|           1|           2|
    |xor_ln105_116_fu_165_p2  |       xor|   0|  0|  64|          64|          64|
    |xor_ln105_117_fu_175_p2  |       xor|   0|  0|  64|          64|          64|
    |xor_ln105_fu_161_p2      |       xor|   0|  0|  64|          64|          64|
    |xor_ln29_fu_206_p2       |       xor|   0|  0|   2|           1|           2|
    +-------------------------+----------+----+---+----+------------+------------+
    |Total                    |          |   0|  0| 567|         461|         524|
    +-------------------------+----------+----+---+----+------------+------------+

    * Multiplexer: 
    +-------------------------+----+-----------+-----+-----------+
    |           Name          | LUT| Input Size| Bits| Total Bits|
    +-------------------------+----+-----------+-----+-----------+
    |ap_done_int              |   9|          2|    1|          2|
    |ap_enable_reg_pp0_iter2  |   9|          2|    1|          2|
    |ap_sig_allocacmp_i       |   9|          2|    4|          8|
    |carry_reg_95             |   9|          2|    1|          2|
    |i_153_fu_48              |   9|          2|    4|          8|
    +-------------------------+----+-----------+-----+-----------+
    |Total                    |  45|         10|   11|         22|
    +-------------------------+----+-----------+-----+-----------+

    * Register: 
    +----------------------------------+----+----+-----+-----------+
    |               Name               | FF | LUT| Bits| Const Bits|
    +----------------------------------+----+----+-----+-----------+
    |ap_CS_fsm                         |   1|   0|    1|          0|
    |ap_done_reg                       |   1|   0|    1|          0|
    |ap_enable_reg_pp0_iter1           |   1|   0|    1|          0|
    |ap_enable_reg_pp0_iter2           |   1|   0|    1|          0|
    |ap_loop_exit_ready_pp0_iter1_reg  |   1|   0|    1|          0|
    |c_addr_reg_245                    |   4|   0|    4|          0|
    |c_addr_reg_245_pp0_iter1_reg      |   4|   0|    4|          0|
    |c_load_reg_256                    |  64|   0|   64|          0|
    |carry_reg_95                      |   1|   0|    1|          0|
    |i_153_fu_48                       |   4|   0|    4|          0|
    |icmp_ln28_reg_241                 |   1|   0|    1|          0|
    |icmp_ln28_reg_241_pp0_iter1_reg   |   1|   0|    1|          0|
    |p503x2_1_load_reg_262             |  64|   0|   64|          0|
    |tempReg_reg_268                   |  64|   0|   64|          0|
    +----------------------------------+----+----+-----+-----------+
    |Total                             | 212|   0|  212|          0|
    +----------------------------------+----+----+-----+-----------+



================================================================
== Interface
================================================================
* Summary: 
+----------------------+-----+-----+------------+-----------------------------------------+--------------+
|       RTL Ports      | Dir | Bits|  Protocol  |              Source Object              |    C Type    |
+----------------------+-----+-----+------------+-----------------------------------------+--------------+
|ap_clk                |   in|    1|  ap_ctrl_hs|  fpadd503.149.2_Pipeline_VITIS_LOOP_28_2|  return value|
|ap_rst                |   in|    1|  ap_ctrl_hs|  fpadd503.149.2_Pipeline_VITIS_LOOP_28_2|  return value|
|ap_start              |   in|    1|  ap_ctrl_hs|  fpadd503.149.2_Pipeline_VITIS_LOOP_28_2|  return value|
|ap_done               |  out|    1|  ap_ctrl_hs|  fpadd503.149.2_Pipeline_VITIS_LOOP_28_2|  return value|
|ap_idle               |  out|    1|  ap_ctrl_hs|  fpadd503.149.2_Pipeline_VITIS_LOOP_28_2|  return value|
|ap_ready              |  out|    1|  ap_ctrl_hs|  fpadd503.149.2_Pipeline_VITIS_LOOP_28_2|  return value|
|c_offset              |   in|    1|     ap_none|                                 c_offset|        scalar|
|c_address0            |  out|    4|   ap_memory|                                        c|         array|
|c_ce0                 |  out|    1|   ap_memory|                                        c|         array|
|c_we0                 |  out|    1|   ap_memory|                                        c|         array|
|c_d0                  |  out|   64|   ap_memory|                                        c|         array|
|c_address1            |  out|    4|   ap_memory|                                        c|         array|
|c_ce1                 |  out|    1|   ap_memory|                                        c|         array|
|c_q1                  |   in|   64|   ap_memory|                                        c|         array|
|carry_199_out         |  out|    1|      ap_vld|                            carry_199_out|       pointer|
|carry_199_out_ap_vld  |  out|    1|      ap_vld|                            carry_199_out|       pointer|
+----------------------+-----+-----+------------+-----------------------------------------+--------------+

