

================================================================
== Vitis HLS Report for 'fpadd503_1_Pipeline_VITIS_LOOP_34_3'
================================================================
* Date:           Tue May 20 14:36:08 2025

* Version:        2024.2.2 (Build 6049644 on Mar  5 2025)
* Project:        sikep503_hls
* Solution:       solution1 (Vivado IP Flow Target)
* Product family: zynq
* Target device:  xc7z020-clg484-1


================================================================
== Performance Estimates
================================================================
+ Timing: 
    * Summary: 
    +--------+----------+----------+------------+
    |  Clock |  Target  | Estimated| Uncertainty|
    +--------+----------+----------+------------+
    |ap_clk  |  10.00 ns|  6.774 ns|     2.70 ns|
    +--------+----------+----------+------------+

+ Latency: 
    * Summary: 
    +---------+---------+----------+----------+-----+-----+------------------------------------------------+
    |  Latency (cycles) |  Latency (absolute) |  Interval |                    Pipeline                    |
    |   min   |   max   |    min   |    max   | min | max |                      Type                      |
    +---------+---------+----------+----------+-----+-----+------------------------------------------------+
    |       26|       26|  0.260 us|  0.260 us|   25|   25|  loop auto-rewind stp (delay=0 clock cycles(s))|
    +---------+---------+----------+----------+-----+-----+------------------------------------------------+

    + Detail: 
        * Instance: 
        N/A

        * Loop: 
        +-------------------+---------+---------+----------+-----------+-----------+------+----------+
        |                   |  Latency (cycles) | Iteration|  Initiation Interval  | Trip |          |
        |     Loop Name     |   min   |   max   |  Latency |  achieved |   target  | Count| Pipelined|
        +-------------------+---------+---------+----------+-----------+-----------+------+----------+
        |- VITIS_LOOP_34_3  |       24|       24|         3|          3|          1|     8|       yes|
        +-------------------+---------+---------+----------+-----------+-----------+------+----------+



================================================================
== Utilization Estimates
================================================================
* Summary: 
+-----------------+---------+-----+--------+-------+-----+
|       Name      | BRAM_18K| DSP |   FF   |  LUT  | URAM|
+-----------------+---------+-----+--------+-------+-----+
|DSP              |        -|    -|       -|      -|    -|
|Expression       |        -|    -|       0|    620|    -|
|FIFO             |        -|    -|       -|      -|    -|
|Instance         |        -|    -|       -|      -|    -|
|Memory           |        0|    -|      64|      8|    -|
|Multiplexer      |        -|    -|       0|     79|    -|
|Register         |        -|    -|     268|      -|    -|
+-----------------+---------+-----+--------+-------+-----+
|Total            |        0|    0|     332|    707|    0|
+-----------------+---------+-----+--------+-------+-----+
|Available        |      280|  220|  106400|  53200|    0|
+-----------------+---------+-----+--------+-------+-----+
|Utilization (%)  |        0|    0|      ~0|      1|    0|
+-----------------+---------+-----+--------+-------+-----+

+ Detail: 
    * Instance: 
    N/A

    * DSP: 
    N/A

    * Memory: 
    +------------+--------------------------------------------------------------+---------+----+----+-----+------+-----+------+-------------+
    |   Memory   |                            Module                            | BRAM_18K| FF | LUT| URAM| Words| Bits| Banks| W*Bits*Banks|
    +------------+--------------------------------------------------------------+---------+----+----+-----+------+-----+------+-------------+
    |p503x2_1_U  |fpadd503_149_3_Pipeline_VITIS_LOOP_28_2_p503x2_1_ROM_AUTO_1R  |        0|  64|   8|    0|     8|   64|     1|          512|
    +------------+--------------------------------------------------------------+---------+----+----+-----+------+-----+------+-------------+
    |Total       |                                                              |        0|  64|   8|    0|     8|   64|     1|          512|
    +------------+--------------------------------------------------------------+---------+----+----+-----+------+-----+------+-------------+

    * FIFO: 
    N/A

    * Expression: 
    +--------------------------+----------+----+---+----+------------+------------+
    |       Variable Name      | Operation| DSP| FF| LUT| Bitwidth P0| Bitwidth P1|
    +--------------------------+----------+----+---+----+------------+------------+
    |add_ln34_fu_127_p2        |         +|   0|  0|  13|           4|           1|
    |add_ln35_fu_179_p2        |         +|   0|  0|  71|          64|          64|
    |tempReg_fu_168_p2         |         +|   0|  0|  71|          64|          64|
    |and_ln35_12_fu_223_p2     |       and|   0|  0|  64|          64|          64|
    |and_ln35_fu_174_p2        |       and|   0|  0|  64|          64|          64|
    |icmp_ln34_fu_121_p2       |      icmp|   0|  0|  13|           4|           5|
    |or_ln35_12_fu_234_p2      |        or|   0|  0|  64|          64|          64|
    |or_ln35_fu_193_p2         |        or|   0|  0|  64|          64|          64|
    |sext_ln21_cast_fu_105_p3  |    select|   0|  0|   2|           1|           2|
    |xor_ln35_35_fu_189_p2     |       xor|   0|  0|  64|          64|          64|
    |xor_ln35_36_fu_206_p2     |       xor|   0|  0|   2|           1|           2|
    |xor_ln35_37_fu_228_p2     |       xor|   0|  0|  64|          64|          64|
    |xor_ln35_fu_184_p2        |       xor|   0|  0|  64|          64|          64|
    +--------------------------+----------+----+---+----+------------+------------+
    |Total                     |          |   0|  0| 620|         586|         586|
    +--------------------------+----------+----+---+----+------------+------------+

    * Multiplexer: 
    +----------------------+----+-----------+-----+-----------+
    |         Name         | LUT| Input Size| Bits| Total Bits|
    +----------------------+----+-----------+-----+-----------+
    |ap_NS_fsm             |  20|          4|    1|          4|
    |ap_done_int           |   9|          2|    1|          2|
    |ap_sig_allocacmp_i    |   9|          2|    4|          8|
    |carry_reg_94          |   9|          2|    1|          2|
    |coeff_address0_local  |  14|          3|    6|         18|
    |coeff_we0_local       |   9|          2|    8|         16|
    |i_152_fu_58           |   9|          2|    4|          8|
    +----------------------+----+-----------+-----+-----------+
    |Total                 |  79|         17|   25|         58|
    +----------------------+----+-----------+-----+-----------+

    * Register: 
    +------------------------+----+----+-----+-----------+
    |          Name          | FF | LUT| Bits| Const Bits|
    +------------------------+----+----+-----+-----------+
    |and_ln35_reg_287        |  64|   0|   64|          0|
    |ap_CS_fsm               |   3|   0|    3|          0|
    |ap_done_reg             |   1|   0|    1|          0|
    |carry_reg_94            |   1|   0|    1|          0|
    |coeff_addr_reg_263      |   3|   0|    6|          3|
    |coeff_load_reg_273      |  64|   0|   64|          0|
    |i_152_fu_58             |   4|   0|    4|          0|
    |sext_ln21_cast_reg_255  |  64|   0|   64|          0|
    |tempReg_reg_278         |  64|   0|   64|          0|
    +------------------------+----+----+-----+-----------+
    |Total                   | 268|   0|  271|          3|
    +------------------------+----+----+-----+-----------+



================================================================
== Interface
================================================================
* Summary: 
+----------------+-----+-----+------------+-------------------------------------+--------------+
|    RTL Ports   | Dir | Bits|  Protocol  |            Source Object            |    C Type    |
+----------------+-----+-----+------------+-------------------------------------+--------------+
|ap_clk          |   in|    1|  ap_ctrl_hs|  fpadd503.1_Pipeline_VITIS_LOOP_34_3|  return value|
|ap_rst          |   in|    1|  ap_ctrl_hs|  fpadd503.1_Pipeline_VITIS_LOOP_34_3|  return value|
|ap_start        |   in|    1|  ap_ctrl_hs|  fpadd503.1_Pipeline_VITIS_LOOP_34_3|  return value|
|ap_done         |  out|    1|  ap_ctrl_hs|  fpadd503.1_Pipeline_VITIS_LOOP_34_3|  return value|
|ap_idle         |  out|    1|  ap_ctrl_hs|  fpadd503.1_Pipeline_VITIS_LOOP_34_3|  return value|
|ap_ready        |  out|    1|  ap_ctrl_hs|  fpadd503.1_Pipeline_VITIS_LOOP_34_3|  return value|
|coeff_address0  |  out|    6|   ap_memory|                                coeff|         array|
|coeff_ce0       |  out|    1|   ap_memory|                                coeff|         array|
|coeff_we0       |  out|    8|   ap_memory|                                coeff|         array|
|coeff_d0        |  out|   64|   ap_memory|                                coeff|         array|
|coeff_q0        |   in|   64|   ap_memory|                                coeff|         array|
|sext_ln21       |   in|    1|     ap_none|                            sext_ln21|        scalar|
+----------------+-----+-----+------------+-------------------------------------+--------------+

