

================================================================
== Vitis HLS Report for 'fpadd503_60_6167_Pipeline_VITIS_LOOP_34_3'
================================================================
* Date:           Tue May 20 14:35:04 2025

* Version:        2024.2.2 (Build 6049644 on Mar  5 2025)
* Project:        sikep503_hls
* Solution:       solution1 (Vivado IP Flow Target)
* Product family: zynq
* Target device:  xc7z020-clg484-1


================================================================
== Performance Estimates
================================================================
+ Timing: 
    * Summary: 
    +--------+----------+----------+------------+
    |  Clock |  Target  | Estimated| Uncertainty|
    +--------+----------+----------+------------+
    |ap_clk  |  10.00 ns|  7.040 ns|     2.70 ns|
    +--------+----------+----------+------------+

+ Latency: 
    * Summary: 
    +---------+---------+----------+----------+-----+-----+------------------------------------------------+
    |  Latency (cycles) |  Latency (absolute) |  Interval |                    Pipeline                    |
    |   min   |   max   |    min   |    max   | min | max |                      Type                      |
    +---------+---------+----------+----------+-----+-----+------------------------------------------------+
    |       20|       20|  0.200 us|  0.200 us|   18|   18|  loop auto-rewind stp (delay=0 clock cycles(s))|
    +---------+---------+----------+----------+-----+-----+------------------------------------------------+

    + Detail: 
        * Instance: 
        N/A

        * Loop: 
        +-------------------+---------+---------+----------+-----------+-----------+------+----------+
        |                   |  Latency (cycles) | Iteration|  Initiation Interval  | Trip |          |
        |     Loop Name     |   min   |   max   |  Latency |  achieved |   target  | Count| Pipelined|
        +-------------------+---------+---------+----------+-----------+-----------+------+----------+
        |- VITIS_LOOP_34_3  |       18|       18|         4|          2|          1|     8|       yes|
        +-------------------+---------+---------+----------+-----------+-----------+------+----------+



================================================================
== Utilization Estimates
================================================================
* Summary: 
+-----------------+---------+-----+--------+-------+-----+
|       Name      | BRAM_18K| DSP |   FF   |  LUT  | URAM|
+-----------------+---------+-----+--------+-------+-----+
|DSP              |        -|    -|       -|      -|    -|
|Expression       |        -|    -|       0|    686|    -|
|FIFO             |        -|    -|       -|      -|    -|
|Instance         |        -|    -|       -|      -|    -|
|Memory           |        0|    -|      64|      8|    -|
|Multiplexer      |        -|    -|       0|    105|    -|
|Register         |        -|    -|     350|      -|    -|
+-----------------+---------+-----+--------+-------+-----+
|Total            |        0|    0|     414|    799|    0|
+-----------------+---------+-----+--------+-------+-----+
|Available        |      280|  220|  106400|  53200|    0|
+-----------------+---------+-----+--------+-------+-----+
|Utilization (%)  |        0|    0|      ~0|      1|    0|
+-----------------+---------+-----+--------+-------+-----+

+ Detail: 
    * Instance: 
    N/A

    * DSP: 
    N/A

    * Memory: 
    +------------+--------------------------------------------------------------+---------+----+----+-----+------+-----+------+-------------+
    |   Memory   |                            Module                            | BRAM_18K| FF | LUT| URAM| Words| Bits| Banks| W*Bits*Banks|
    +------------+--------------------------------------------------------------+---------+----+----+-----+------+-----+------+-------------+
    |p503x2_1_U  |fpadd503_149_3_Pipeline_VITIS_LOOP_28_2_p503x2_1_ROM_AUTO_1R  |        0|  64|   8|    0|     8|   64|     1|          512|
    +------------+--------------------------------------------------------------+---------+----+----+-----+------+-----+------+-------------+
    |Total       |                                                              |        0|  64|   8|    0|     8|   64|     1|          512|
    +------------+--------------------------------------------------------------+---------+----+----+-----+------+-----+------+-------------+

    * FIFO: 
    N/A

    * Expression: 
    +--------------------------+----------+----+---+----+------------+------------+
    |       Variable Name      | Operation| DSP| FF| LUT| Bitwidth P0| Bitwidth P1|
    +--------------------------+----------+----+---+----+------------+------------+
    |add_ln34_fu_201_p2        |         +|   0|  0|  13|           4|           1|
    |add_ln35_fu_236_p2        |         +|   0|  0|  71|          64|          64|
    |tempReg_fu_231_p2         |         +|   0|  0|  71|          64|          64|
    |and_ln35_6_fu_279_p2      |       and|   0|  0|  64|          64|          64|
    |and_ln35_fu_217_p2        |       and|   0|  0|  64|          64|          64|
    |icmp_ln34_fu_150_p2       |      icmp|   0|  0|  13|           4|           5|
    |or_ln35_6_fu_289_p2       |        or|   0|  0|  64|          64|          64|
    |or_ln35_fu_249_p2         |        or|   0|  0|  64|          64|          64|
    |select_ln35_fu_209_p3     |    select|   0|  0|  64|           1|          64|
    |sext_ln21_cast_fu_134_p3  |    select|   0|  0|   2|           1|           2|
    |ap_enable_pp0             |       xor|   0|  0|   2|           1|           2|
    |xor_ln35_16_fu_245_p2     |       xor|   0|  0|  64|          64|          64|
    |xor_ln35_17_fu_262_p2     |       xor|   0|  0|   2|           1|           2|
    |xor_ln35_18_fu_284_p2     |       xor|   0|  0|  64|          64|          64|
    |xor_ln35_fu_241_p2        |       xor|   0|  0|  64|          64|          64|
    +--------------------------+----------+----+---+----+------------+------------+
    |Total                     |          |   0|  0| 686|         588|         652|
    +--------------------------+----------+----+---+----+------------+------------+

    * Multiplexer: 
    +----------------------------------+----+-----------+-----+-----------+
    |               Name               | LUT| Input Size| Bits| Total Bits|
    +----------------------------------+----+-----------+-----+-----------+
    |ap_NS_fsm                         |  14|          3|    1|          3|
    |ap_done_int                       |   9|          2|    1|          2|
    |ap_enable_reg_pp0_iter0           |   9|          2|    1|          2|
    |ap_enable_reg_pp0_iter1           |   9|          2|    1|          2|
    |ap_loop_exit_ready_pp0_iter1_reg  |   9|          2|    1|          2|
    |ap_sig_allocacmp_i                |   9|          2|    4|          8|
    |c_0_address0_local                |  14|          3|    3|          9|
    |c_1_address0_local                |  14|          3|    3|          9|
    |carry_reg_123                     |   9|          2|    1|          2|
    |i_134_fu_62                       |   9|          2|    4|          8|
    +----------------------------------+----+-----------+-----+-----------+
    |Total                             | 105|         23|   20|         47|
    +----------------------------------+----+-----------+-----+-----------+

    * Register: 
    +----------------------------------+----+----+-----+-----------+
    |               Name               | FF | LUT| Bits| Const Bits|
    +----------------------------------+----+----+-----+-----------+
    |add_ln35_reg_364                  |  64|   0|   64|          0|
    |and_ln35_reg_350                  |  64|   0|   64|          0|
    |ap_CS_fsm                         |   2|   0|    2|          0|
    |ap_done_reg                       |   1|   0|    1|          0|
    |ap_enable_reg_pp0_iter0_reg       |   1|   0|    1|          0|
    |ap_enable_reg_pp0_iter1           |   1|   0|    1|          0|
    |ap_loop_exit_ready_pp0_iter1_reg  |   1|   0|    1|          0|
    |c_0_addr_reg_325                  |   3|   0|    3|          0|
    |c_0_addr_reg_325_pp0_iter1_reg    |   3|   0|    3|          0|
    |c_1_addr_reg_330                  |   3|   0|    3|          0|
    |c_1_addr_reg_330_pp0_iter1_reg    |   3|   0|    3|          0|
    |carry_reg_123                     |   1|   0|    1|          0|
    |i_134_fu_62                       |   4|   0|    4|          0|
    |i_reg_315                         |   4|   0|    4|          0|
    |icmp_ln34_reg_321                 |   1|   0|    1|          0|
    |icmp_ln34_reg_321_pp0_iter1_reg   |   1|   0|    1|          0|
    |select_ln35_reg_344               |  64|   0|   64|          0|
    |sext_ln21_cast_reg_310            |  64|   0|   64|          0|
    |tempReg_reg_356                   |  64|   0|   64|          0|
    |trunc_ln34_reg_340                |   1|   0|    1|          0|
    +----------------------------------+----+----+-----+-----------+
    |Total                             | 350|   0|  350|          0|
    +----------------------------------+----+----+-----+-----------+



================================================================
== Interface
================================================================
* Summary: 
+--------------+-----+-----+------------+-------------------------------------------+--------------+
|   RTL Ports  | Dir | Bits|  Protocol  |               Source Object               |    C Type    |
+--------------+-----+-----+------------+-------------------------------------------+--------------+
|ap_clk        |   in|    1|  ap_ctrl_hs|  fpadd503.60.6167_Pipeline_VITIS_LOOP_34_3|  return value|
|ap_rst        |   in|    1|  ap_ctrl_hs|  fpadd503.60.6167_Pipeline_VITIS_LOOP_34_3|  return value|
|ap_start      |   in|    1|  ap_ctrl_hs|  fpadd503.60.6167_Pipeline_VITIS_LOOP_34_3|  return value|
|ap_done       |  out|    1|  ap_ctrl_hs|  fpadd503.60.6167_Pipeline_VITIS_LOOP_34_3|  return value|
|ap_idle       |  out|    1|  ap_ctrl_hs|  fpadd503.60.6167_Pipeline_VITIS_LOOP_34_3|  return value|
|ap_ready      |  out|    1|  ap_ctrl_hs|  fpadd503.60.6167_Pipeline_VITIS_LOOP_34_3|  return value|
|c_0_offset    |   in|    1|     ap_none|                                 c_0_offset|        scalar|
|c_0_address0  |  out|    3|   ap_memory|                                        c_0|         array|
|c_0_ce0       |  out|    1|   ap_memory|                                        c_0|         array|
|c_0_we0       |  out|    1|   ap_memory|                                        c_0|         array|
|c_0_d0        |  out|   64|   ap_memory|                                        c_0|         array|
|c_0_q0        |   in|   64|   ap_memory|                                        c_0|         array|
|c_1_offset    |   in|    1|     ap_none|                                 c_1_offset|        scalar|
|c_1_address0  |  out|    3|   ap_memory|                                        c_1|         array|
|c_1_ce0       |  out|    1|   ap_memory|                                        c_1|         array|
|c_1_we0       |  out|    1|   ap_memory|                                        c_1|         array|
|c_1_d0        |  out|   64|   ap_memory|                                        c_1|         array|
|c_1_q0        |   in|   64|   ap_memory|                                        c_1|         array|
|sext_ln21     |   in|    1|     ap_none|                                  sext_ln21|        scalar|
+--------------+-----+-----+------------+-------------------------------------------+--------------+

