

================================================================
== Vitis HLS Report for 'fpadd503_60_6167_Pipeline_VITIS_LOOP_23_1'
================================================================
* Date:           Tue May 20 14:35:03 2025

* Version:        2024.2.2 (Build 6049644 on Mar  5 2025)
* Project:        sikep503_hls
* Solution:       solution1 (Vivado IP Flow Target)
* Product family: zynq
* Target device:  xc7z020-clg484-1


================================================================
== Performance Estimates
================================================================
+ Timing: 
    * Summary: 
    +--------+----------+----------+------------+
    |  Clock |  Target  | Estimated| Uncertainty|
    +--------+----------+----------+------------+
    |ap_clk  |  10.00 ns|  6.774 ns|     2.70 ns|
    +--------+----------+----------+------------+

+ Latency: 
    * Summary: 
    +---------+---------+----------+----------+-----+-----+------------------------------------------------+
    |  Latency (cycles) |  Latency (absolute) |  Interval |                    Pipeline                    |
    |   min   |   max   |    min   |    max   | min | max |                      Type                      |
    +---------+---------+----------+----------+-----+-----+------------------------------------------------+
    |       19|       19|  0.190 us|  0.190 us|   18|   18|  loop auto-rewind stp (delay=0 clock cycles(s))|
    +---------+---------+----------+----------+-----+-----+------------------------------------------------+

    + Detail: 
        * Instance: 
        N/A

        * Loop: 
        +-------------------+---------+---------+----------+-----------+-----------+------+----------+
        |                   |  Latency (cycles) | Iteration|  Initiation Interval  | Trip |          |
        |     Loop Name     |   min   |   max   |  Latency |  achieved |   target  | Count| Pipelined|
        +-------------------+---------+---------+----------+-----------+-----------+------+----------+
        |- VITIS_LOOP_23_1  |       17|       17|         3|          2|          1|     8|       yes|
        +-------------------+---------+---------+----------+-----------+-----------+------+----------+



================================================================
== Utilization Estimates
================================================================
* Summary: 
+-----------------+---------+-----+--------+-------+-----+
|       Name      | BRAM_18K| DSP |   FF   |  LUT  | URAM|
+-----------------+---------+-----+--------+-------+-----+
|DSP              |        -|    -|       -|      -|    -|
|Expression       |        -|    -|       0|    622|    -|
|FIFO             |        -|    -|       -|      -|    -|
|Instance         |        -|    -|       -|      -|    -|
|Memory           |        -|    -|       -|      -|    -|
|Multiplexer      |        -|    -|       0|     68|    -|
|Register         |        -|    -|     214|      -|    -|
+-----------------+---------+-----+--------+-------+-----+
|Total            |        0|    0|     214|    690|    0|
+-----------------+---------+-----+--------+-------+-----+
|Available        |      280|  220|  106400|  53200|    0|
+-----------------+---------+-----+--------+-------+-----+
|Utilization (%)  |        0|    0|      ~0|      1|    0|
+-----------------+---------+-----+--------+-------+-----+

+ Detail: 
    * Instance: 
    N/A

    * DSP: 
    N/A

    * Memory: 
    N/A

    * FIFO: 
    N/A

    * Expression: 
    +-----------------------+----------+----+---+----+------------+------------+
    |     Variable Name     | Operation| DSP| FF| LUT| Bitwidth P0| Bitwidth P1|
    +-----------------------+----------+----+---+----+------------+------------+
    |add_ln23_fu_207_p2     |         +|   0|  0|  13|           4|           1|
    |add_ln24_fu_238_p2     |         +|   0|  0|  71|          64|          64|
    |tempReg_fu_219_p2      |         +|   0|  0|  71|          64|          64|
    |and_ln24_fu_283_p2     |       and|   0|  0|  64|          64|          64|
    |ap_condition_327       |       and|   0|  0|   2|           1|           1|
    |icmp_ln23_fu_148_p2    |      icmp|   0|  0|  13|           4|           5|
    |or_ln24_6_fu_294_p2    |        or|   0|  0|  64|          64|          64|
    |or_ln24_fu_253_p2      |        or|   0|  0|  64|          64|          64|
    |select_ln24_fu_225_p3  |    select|   0|  0|  64|           1|          64|
    |ap_enable_pp0          |       xor|   0|  0|   2|           1|           2|
    |xor_ln24_16_fu_249_p2  |       xor|   0|  0|  64|          64|          64|
    |xor_ln24_17_fu_266_p2  |       xor|   0|  0|   2|           1|           2|
    |xor_ln24_18_fu_288_p2  |       xor|   0|  0|  64|          64|          64|
    |xor_ln24_fu_244_p2     |       xor|   0|  0|  64|          64|          64|
    +-----------------------+----------+----+---+----+------------+------------+
    |Total                  |          |   0|  0| 622|         524|         587|
    +-----------------------+----------+----+---+----+------------+------------+

    * Multiplexer: 
    +-------------------------+----+-----------+-----+-----------+
    |           Name          | LUT| Input Size| Bits| Total Bits|
    +-------------------------+----+-----------+-----+-----------+
    |ap_NS_fsm                |  14|          3|    1|          3|
    |ap_done_int              |   9|          2|    1|          2|
    |ap_enable_reg_pp0_iter0  |   9|          2|    1|          2|
    |ap_enable_reg_pp0_iter1  |   9|          2|    1|          2|
    |ap_sig_allocacmp_i_215   |   9|          2|    4|          8|
    |carry_reg_129            |   9|          2|    1|          2|
    |i_fu_60                  |   9|          2|    4|          8|
    +-------------------------+----+-----------+-----+-----------+
    |Total                    |  68|         15|   13|         27|
    +-------------------------+----+-----------+-----+-----------+

    * Register: 
    +-----------------------------+----+----+-----+-----------+
    |             Name            | FF | LUT| Bits| Const Bits|
    +-----------------------------+----+----+-----+-----------+
    |a_load_reg_346               |  64|   0|   64|          0|
    |ap_CS_fsm                    |   2|   0|    2|          0|
    |ap_done_reg                  |   1|   0|    1|          0|
    |ap_enable_reg_pp0_iter0_reg  |   1|   0|    1|          0|
    |ap_enable_reg_pp0_iter1      |   1|   0|    1|          0|
    |c_0_addr_reg_330             |   3|   0|    3|          0|
    |c_1_addr_reg_336             |   3|   0|    3|          0|
    |carry_reg_129                |   1|   0|    1|          0|
    |i_215_reg_315                |   4|   0|    4|          0|
    |i_fu_60                      |   4|   0|    4|          0|
    |icmp_ln23_reg_321            |   1|   0|    1|          0|
    |select_ln24_reg_360          |  64|   0|   64|          0|
    |tempReg_reg_351              |  64|   0|   64|          0|
    |trunc_ln23_reg_342           |   1|   0|    1|          0|
    +-----------------------------+----+----+-----+-----------+
    |Total                        | 214|   0|  214|          0|
    +-----------------------------+----+----+-----+-----------+



================================================================
== Interface
================================================================
* Summary: 
+--------------+-----+-----+------------+-------------------------------------------+--------------+
|   RTL Ports  | Dir | Bits|  Protocol  |               Source Object               |    C Type    |
+--------------+-----+-----+------------+-------------------------------------------+--------------+
|ap_clk        |   in|    1|  ap_ctrl_hs|  fpadd503.60.6167_Pipeline_VITIS_LOOP_23_1|  return value|
|ap_rst        |   in|    1|  ap_ctrl_hs|  fpadd503.60.6167_Pipeline_VITIS_LOOP_23_1|  return value|
|ap_start      |   in|    1|  ap_ctrl_hs|  fpadd503.60.6167_Pipeline_VITIS_LOOP_23_1|  return value|
|ap_done       |  out|    1|  ap_ctrl_hs|  fpadd503.60.6167_Pipeline_VITIS_LOOP_23_1|  return value|
|ap_idle       |  out|    1|  ap_ctrl_hs|  fpadd503.60.6167_Pipeline_VITIS_LOOP_23_1|  return value|
|ap_ready      |  out|    1|  ap_ctrl_hs|  fpadd503.60.6167_Pipeline_VITIS_LOOP_23_1|  return value|
|a_offset      |   in|    1|     ap_none|                                   a_offset|        scalar|
|a_address0    |  out|    4|   ap_memory|                                          a|         array|
|a_ce0         |  out|    1|   ap_memory|                                          a|         array|
|a_q0          |   in|   64|   ap_memory|                                          a|         array|
|c_0_offset    |   in|    1|     ap_none|                                 c_0_offset|        scalar|
|c_0_address0  |  out|    3|   ap_memory|                                        c_0|         array|
|c_0_ce0       |  out|    1|   ap_memory|                                        c_0|         array|
|c_0_we0       |  out|    1|   ap_memory|                                        c_0|         array|
|c_0_d0        |  out|   64|   ap_memory|                                        c_0|         array|
|c_0_address1  |  out|    3|   ap_memory|                                        c_0|         array|
|c_0_ce1       |  out|    1|   ap_memory|                                        c_0|         array|
|c_0_q1        |   in|   64|   ap_memory|                                        c_0|         array|
|c_1_offset    |   in|    1|     ap_none|                                 c_1_offset|        scalar|
|c_1_address0  |  out|    3|   ap_memory|                                        c_1|         array|
|c_1_ce0       |  out|    1|   ap_memory|                                        c_1|         array|
|c_1_we0       |  out|    1|   ap_memory|                                        c_1|         array|
|c_1_d0        |  out|   64|   ap_memory|                                        c_1|         array|
|c_1_address1  |  out|    3|   ap_memory|                                        c_1|         array|
|c_1_ce1       |  out|    1|   ap_memory|                                        c_1|         array|
|c_1_q1        |   in|   64|   ap_memory|                                        c_1|         array|
+--------------+-----+-----+------------+-------------------------------------------+--------------+

