

================================================================
== Vitis HLS Report for 'fpcorrection503'
================================================================
* Date:           Tue May 20 14:35:15 2025

* Version:        2024.2.2 (Build 6049644 on Mar  5 2025)
* Project:        sikep503_hls
* Solution:       solution1 (Vivado IP Flow Target)
* Product family: zynq
* Target device:  xc7z020-clg484-1


================================================================
== Performance Estimates
================================================================
+ Timing: 
    * Summary: 
    +--------+----------+----------+------------+
    |  Clock |  Target  | Estimated| Uncertainty|
    +--------+----------+----------+------------+
    |ap_clk  |  10.00 ns|  6.774 ns|     2.70 ns|
    +--------+----------+----------+------------+

+ Latency: 
    * Summary: 
    +---------+---------+----------+----------+-----+-----+---------+
    |  Latency (cycles) |  Latency (absolute) |  Interval | Pipeline|
    |   min   |   max   |    min   |    max   | min | max |   Type  |
    +---------+---------+----------+----------+-----+-----+---------+
    |       33|       33|  0.330 us|  0.330 us|   33|   33|       no|
    +---------+---------+----------+----------+-----+-----+---------+

    + Detail: 
        * Instance: 
        +----------------------------------------------------+------------------------------------------+---------+---------+----------+----------+-----+-----+------------------------------------------------+
        |                                                    |                                          |  Latency (cycles) |  Latency (absolute) |  Interval |                    Pipeline                    |
        |                      Instance                      |                  Module                  |   min   |   max   |    min   |    max   | min | max |                      Type                      |
        +----------------------------------------------------+------------------------------------------+---------+---------+----------+----------+-----+-----+------------------------------------------------+
        |grp_fpcorrection503_Pipeline_VITIS_LOOP_91_1_fu_24  |fpcorrection503_Pipeline_VITIS_LOOP_91_1  |       11|       11|  0.110 us|  0.110 us|    9|    9|  loop auto-rewind stp (delay=0 clock cycles(s))|
        |grp_fpcorrection503_Pipeline_VITIS_LOOP_97_2_fu_35  |fpcorrection503_Pipeline_VITIS_LOOP_97_2  |       19|       19|  0.190 us|  0.190 us|   18|   18|  loop auto-rewind stp (delay=0 clock cycles(s))|
        +----------------------------------------------------+------------------------------------------+---------+---------+----------+----------+-----+-----+------------------------------------------------+

        * Loop: 
        N/A



================================================================
== Utilization Estimates
================================================================
* Summary: 
+-----------------+---------+-----+--------+-------+-----+
|       Name      | BRAM_18K| DSP |   FF   |  LUT  | URAM|
+-----------------+---------+-----+--------+-------+-----+
|DSP              |        -|    -|       -|      -|    -|
|Expression       |        -|    -|       -|      -|    -|
|FIFO             |        -|    -|       -|      -|    -|
|Instance         |        0|    -|     611|   1320|    -|
|Memory           |        -|    -|       -|      -|    -|
|Multiplexer      |        -|    -|       0|    109|    -|
|Register         |        -|    -|       6|      -|    -|
+-----------------+---------+-----+--------+-------+-----+
|Total            |        0|    0|     617|   1429|    0|
+-----------------+---------+-----+--------+-------+-----+
|Available        |      280|  220|  106400|  53200|    0|
+-----------------+---------+-----+--------+-------+-----+
|Utilization (%)  |        0|    0|      ~0|      2|    0|
+-----------------+---------+-----+--------+-------+-----+

+ Detail: 
    * Instance: 
    +----------------------------------------------------+------------------------------------------+---------+----+-----+-----+-----+
    |                      Instance                      |                  Module                  | BRAM_18K| DSP|  FF | LUT | URAM|
    +----------------------------------------------------+------------------------------------------+---------+----+-----+-----+-----+
    |grp_fpcorrection503_Pipeline_VITIS_LOOP_91_1_fu_24  |fpcorrection503_Pipeline_VITIS_LOOP_91_1  |        0|   0|  276|  620|    0|
    |grp_fpcorrection503_Pipeline_VITIS_LOOP_97_2_fu_35  |fpcorrection503_Pipeline_VITIS_LOOP_97_2  |        0|   0|  335|  700|    0|
    +----------------------------------------------------+------------------------------------------+---------+----+-----+-----+-----+
    |Total                                               |                                          |        0|   0|  611| 1320|    0|
    +----------------------------------------------------+------------------------------------------+---------+----+-----+-----+-----+

    * DSP: 
    N/A

    * Memory: 
    N/A

    * FIFO: 
    N/A

    * Expression: 
    N/A

    * Multiplexer: 
    +------------+----+-----------+-----+-----------+
    |    Name    | LUT| Input Size| Bits| Total Bits|
    +------------+----+-----------+-----+-----------+
    |a_address0  |  14|          3|    4|         12|
    |a_address1  |  14|          3|    4|         12|
    |a_ce0       |  14|          3|    1|          3|
    |a_ce1       |  14|          3|    1|          3|
    |a_d0        |  14|          3|   64|        192|
    |a_we0       |  14|          3|    1|          3|
    |ap_NS_fsm   |  25|          5|    1|          5|
    +------------+----+-----------+-----+-----------+
    |Total       | 109|         23|   76|        230|
    +------------+----+-----------+-----+-----------+

    * Register: 
    +-----------------------------------------------------------------+---+----+-----+-----------+
    |                               Name                              | FF| LUT| Bits| Const Bits|
    +-----------------------------------------------------------------+---+----+-----+-----------+
    |ap_CS_fsm                                                        |  4|   0|    4|          0|
    |grp_fpcorrection503_Pipeline_VITIS_LOOP_91_1_fu_24_ap_start_reg  |  1|   0|    1|          0|
    |grp_fpcorrection503_Pipeline_VITIS_LOOP_97_2_fu_35_ap_start_reg  |  1|   0|    1|          0|
    +-----------------------------------------------------------------+---+----+-----+-----------+
    |Total                                                            |  6|   0|    6|          0|
    +-----------------------------------------------------------------+---+----+-----+-----------+



================================================================
== Interface
================================================================
* Summary: 
+------------+-----+-----+------------+-----------------+--------------+
|  RTL Ports | Dir | Bits|  Protocol  |  Source Object  |    C Type    |
+------------+-----+-----+------------+-----------------+--------------+
|ap_clk      |   in|    1|  ap_ctrl_hs|  fpcorrection503|  return value|
|ap_rst      |   in|    1|  ap_ctrl_hs|  fpcorrection503|  return value|
|ap_start    |   in|    1|  ap_ctrl_hs|  fpcorrection503|  return value|
|ap_done     |  out|    1|  ap_ctrl_hs|  fpcorrection503|  return value|
|ap_idle     |  out|    1|  ap_ctrl_hs|  fpcorrection503|  return value|
|ap_ready    |  out|    1|  ap_ctrl_hs|  fpcorrection503|  return value|
|a_address0  |  out|    4|   ap_memory|                a|         array|
|a_ce0       |  out|    1|   ap_memory|                a|         array|
|a_we0       |  out|    1|   ap_memory|                a|         array|
|a_d0        |  out|   64|   ap_memory|                a|         array|
|a_address1  |  out|    4|   ap_memory|                a|         array|
|a_ce1       |  out|    1|   ap_memory|                a|         array|
|a_q1        |   in|   64|   ap_memory|                a|         array|
|a_offset    |   in|    1|     ap_none|         a_offset|        scalar|
+------------+-----+-----+------------+-----------------+--------------+

