

================================================================
== Vitis HLS Report for 'fpsub503_84_85'
================================================================
* Date:           Tue May 20 14:38:19 2025

* Version:        2024.2.2 (Build 6049644 on Mar  5 2025)
* Project:        sikep503_hls
* Solution:       solution1 (Vivado IP Flow Target)
* Product family: zynq
* Target device:  xc7z020-clg484-1


================================================================
== Performance Estimates
================================================================
+ Timing: 
    * Summary: 
    +--------+----------+----------+------------+
    |  Clock |  Target  | Estimated| Uncertainty|
    +--------+----------+----------+------------+
    |ap_clk  |  10.00 ns|  6.774 ns|     2.70 ns|
    +--------+----------+----------+------------+

+ Latency: 
    * Summary: 
    +---------+---------+----------+----------+-----+-----+---------+
    |  Latency (cycles) |  Latency (absolute) |  Interval | Pipeline|
    |   min   |   max   |    min   |    max   | min | max |   Type  |
    +---------+---------+----------+----------+-----+-----+---------+
    |       34|       34|  0.340 us|  0.340 us|   34|   34|       no|
    +---------+---------+----------+----------+-----+-----+---------+

    + Detail: 
        * Instance: 
        +---------------------------------------------------+-----------------------------------------+---------+---------+----------+----------+-----+-----+------------------------------------------------+
        |                                                   |                                         |  Latency (cycles) |  Latency (absolute) |  Interval |                    Pipeline                    |
        |                      Instance                     |                  Module                 |   min   |   max   |    min   |    max   | min | max |                      Type                      |
        +---------------------------------------------------+-----------------------------------------+---------+---------+----------+----------+-----+-----+------------------------------------------------+
        |grp_fpsub503_84_85_Pipeline_VITIS_LOOP_47_1_fu_44  |fpsub503_84_85_Pipeline_VITIS_LOOP_47_1  |       12|       12|  0.120 us|  0.120 us|    9|    9|  loop auto-rewind stp (delay=0 clock cycles(s))|
        |grp_fpsub503_84_85_Pipeline_VITIS_LOOP_53_2_fu_61  |fpsub503_84_85_Pipeline_VITIS_LOOP_53_2  |       19|       19|  0.190 us|  0.190 us|   18|   18|  loop auto-rewind stp (delay=0 clock cycles(s))|
        +---------------------------------------------------+-----------------------------------------+---------+---------+----------+----------+-----+-----+------------------------------------------------+

        * Loop: 
        N/A



================================================================
== Utilization Estimates
================================================================
* Summary: 
+-----------------+---------+-----+--------+-------+-----+
|       Name      | BRAM_18K| DSP |   FF   |  LUT  | URAM|
+-----------------+---------+-----+--------+-------+-----+
|DSP              |        -|    -|       -|      -|    -|
|Expression       |        -|    -|       -|      -|    -|
|FIFO             |        -|    -|       -|      -|    -|
|Instance         |        0|    -|     680|   1408|    -|
|Memory           |        -|    -|       -|      -|    -|
|Multiplexer      |        -|    -|       0|    109|    -|
|Register         |        -|    -|       6|      -|    -|
+-----------------+---------+-----+--------+-------+-----+
|Total            |        0|    0|     686|   1517|    0|
+-----------------+---------+-----+--------+-------+-----+
|Available        |      280|  220|  106400|  53200|    0|
+-----------------+---------+-----+--------+-------+-----+
|Utilization (%)  |        0|    0|      ~0|      2|    0|
+-----------------+---------+-----+--------+-------+-----+

+ Detail: 
    * Instance: 
    +---------------------------------------------------+-----------------------------------------+---------+----+-----+-----+-----+
    |                      Instance                     |                  Module                 | BRAM_18K| DSP|  FF | LUT | URAM|
    +---------------------------------------------------+-----------------------------------------+---------+----+-----+-----+-----+
    |grp_fpsub503_84_85_Pipeline_VITIS_LOOP_47_1_fu_44  |fpsub503_84_85_Pipeline_VITIS_LOOP_47_1  |        0|   0|  345|  708|    0|
    |grp_fpsub503_84_85_Pipeline_VITIS_LOOP_53_2_fu_61  |fpsub503_84_85_Pipeline_VITIS_LOOP_53_2  |        0|   0|  335|  700|    0|
    +---------------------------------------------------+-----------------------------------------+---------+----+-----+-----+-----+
    |Total                                              |                                         |        0|   0|  680| 1408|    0|
    +---------------------------------------------------+-----------------------------------------+---------+----+-----+-----+-----+

    * DSP: 
    N/A

    * Memory: 
    N/A

    * FIFO: 
    N/A

    * Expression: 
    N/A

    * Multiplexer: 
    +------------+----+-----------+-----+-----------+
    |    Name    | LUT| Input Size| Bits| Total Bits|
    +------------+----+-----------+-----+-----------+
    |ap_NS_fsm   |  25|          5|    1|          5|
    |c_address0  |  14|          3|    4|         12|
    |c_address1  |  14|          3|    4|         12|
    |c_ce0       |  14|          3|    1|          3|
    |c_ce1       |  14|          3|    1|          3|
    |c_d0        |  14|          3|   64|        192|
    |c_we0       |  14|          3|    1|          3|
    +------------+----+-----------+-----+-----------+
    |Total       | 109|         23|   76|        230|
    +------------+----+-----------+-----+-----------+

    * Register: 
    +----------------------------------------------------------------+---+----+-----+-----------+
    |                              Name                              | FF| LUT| Bits| Const Bits|
    +----------------------------------------------------------------+---+----+-----+-----------+
    |ap_CS_fsm                                                       |  4|   0|    4|          0|
    |grp_fpsub503_84_85_Pipeline_VITIS_LOOP_47_1_fu_44_ap_start_reg  |  1|   0|    1|          0|
    |grp_fpsub503_84_85_Pipeline_VITIS_LOOP_53_2_fu_61_ap_start_reg  |  1|   0|    1|          0|
    +----------------------------------------------------------------+---+----+-----+-----------+
    |Total                                                           |  6|   0|    6|          0|
    +----------------------------------------------------------------+---+----+-----+-----------+



================================================================
== Interface
================================================================
* Summary: 
+--------------+-----+-----+------------+----------------+--------------+
|   RTL Ports  | Dir | Bits|  Protocol  |  Source Object |    C Type    |
+--------------+-----+-----+------------+----------------+--------------+
|ap_clk        |   in|    1|  ap_ctrl_hs|  fpsub503.84.85|  return value|
|ap_rst        |   in|    1|  ap_ctrl_hs|  fpsub503.84.85|  return value|
|ap_start      |   in|    1|  ap_ctrl_hs|  fpsub503.84.85|  return value|
|ap_done       |  out|    1|  ap_ctrl_hs|  fpsub503.84.85|  return value|
|ap_idle       |  out|    1|  ap_ctrl_hs|  fpsub503.84.85|  return value|
|ap_ready      |  out|    1|  ap_ctrl_hs|  fpsub503.84.85|  return value|
|c_address0    |  out|    4|   ap_memory|               c|         array|
|c_ce0         |  out|    1|   ap_memory|               c|         array|
|c_we0         |  out|    1|   ap_memory|               c|         array|
|c_d0          |  out|   64|   ap_memory|               c|         array|
|c_address1    |  out|    4|   ap_memory|               c|         array|
|c_ce1         |  out|    1|   ap_memory|               c|         array|
|c_q1          |   in|   64|   ap_memory|               c|         array|
|c_offset      |   in|    1|     ap_none|        c_offset|        scalar|
|b_0_address0  |  out|    3|   ap_memory|             b_0|         array|
|b_0_ce0       |  out|    1|   ap_memory|             b_0|         array|
|b_0_q0        |   in|   64|   ap_memory|             b_0|         array|
|b_0_offset    |   in|    1|     ap_none|      b_0_offset|        scalar|
|b_1_address0  |  out|    3|   ap_memory|             b_1|         array|
|b_1_ce0       |  out|    1|   ap_memory|             b_1|         array|
|b_1_q0        |   in|   64|   ap_memory|             b_1|         array|
|b_1_offset    |   in|    1|     ap_none|      b_1_offset|        scalar|
+--------------+-----+-----+------------+----------------+--------------+

