

================================================================
== Vitis HLS Report for 'fpsub503_144_278_Pipeline_VITIS_LOOP_47_1'
================================================================
* Date:           Tue May 20 14:36:45 2025

* Version:        2024.2.2 (Build 6049644 on Mar  5 2025)
* Project:        sikep503_hls
* Solution:       solution1 (Vivado IP Flow Target)
* Product family: zynq
* Target device:  xc7z020-clg484-1


================================================================
== Performance Estimates
================================================================
+ Timing: 
    * Summary: 
    +--------+----------+----------+------------+
    |  Clock |  Target  | Estimated| Uncertainty|
    +--------+----------+----------+------------+
    |ap_clk  |  10.00 ns|  6.774 ns|     2.70 ns|
    +--------+----------+----------+------------+

+ Latency: 
    * Summary: 
    +---------+---------+----------+----------+-----+-----+------------------------------------------------+
    |  Latency (cycles) |  Latency (absolute) |  Interval |                    Pipeline                    |
    |   min   |   max   |    min   |    max   | min | max |                      Type                      |
    +---------+---------+----------+----------+-----+-----+------------------------------------------------+
    |       11|       11|  0.110 us|  0.110 us|    9|    9|  loop auto-rewind stp (delay=0 clock cycles(s))|
    +---------+---------+----------+----------+-----+-----+------------------------------------------------+

    + Detail: 
        * Instance: 
        N/A

        * Loop: 
        +-------------------+---------+---------+----------+-----------+-----------+------+----------+
        |                   |  Latency (cycles) | Iteration|  Initiation Interval  | Trip |          |
        |     Loop Name     |   min   |   max   |  Latency |  achieved |   target  | Count| Pipelined|
        +-------------------+---------+---------+----------+-----------+-----------+------+----------+
        |- VITIS_LOOP_47_1  |        9|        9|         3|          1|          1|     8|       yes|
        +-------------------+---------+---------+----------+-----------+-----------+------+----------+



================================================================
== Utilization Estimates
================================================================
* Summary: 
+-----------------+---------+-----+--------+-------+-----+
|       Name      | BRAM_18K| DSP |   FF   |  LUT  | URAM|
+-----------------+---------+-----+--------+-------+-----+
|DSP              |        -|    -|       -|      -|    -|
|Expression       |        -|    -|       0|    567|    -|
|FIFO             |        -|    -|       -|      -|    -|
|Instance         |        -|    -|       -|      -|    -|
|Memory           |        -|    -|       -|      -|    -|
|Multiplexer      |        -|    -|       0|     45|    -|
|Register         |        -|    -|     212|      -|    -|
+-----------------+---------+-----+--------+-------+-----+
|Total            |        0|    0|     212|    612|    0|
+-----------------+---------+-----+--------+-------+-----+
|Available        |      280|  220|  106400|  53200|    0|
+-----------------+---------+-----+--------+-------+-----+
|Utilization (%)  |        0|    0|      ~0|      1|    0|
+-----------------+---------+-----+--------+-------+-----+

+ Detail: 
    * Instance: 
    N/A

    * DSP: 
    N/A

    * Memory: 
    N/A

    * FIFO: 
    N/A

    * Expression: 
    +------------------------+----------+----+---+----+------------+------------+
    |      Variable Name     | Operation| DSP| FF| LUT| Bitwidth P0| Bitwidth P1|
    +------------------------+----------+----+---+----+------------+------------+
    |add_ln47_fu_130_p2      |         +|   0|  0|  13|           4|           1|
    |sub_ln48_fu_244_p2      |         -|   0|  0|  71|          64|          64|
    |sub_ln95_fu_204_p2      |         -|   0|  0|  71|           1|          64|
    |tempReg_fu_171_p2       |         -|   0|  0|  71|          64|          64|
    |and_ln48_fu_228_p2      |       and|   0|  0|   2|           1|           1|
    |icmp_ln47_fu_124_p2     |      icmp|   0|  0|  13|           4|           5|
    |borrowReg_fu_234_p2     |        or|   0|  0|   2|           1|           1|
    |or_ln105_fu_185_p2      |        or|   0|  0|  64|          64|          64|
    |or_ln95_fu_209_p2       |        or|   0|  0|  64|          64|          64|
    |ap_enable_pp0           |       xor|   0|  0|   2|           1|           2|
    |xor_ln105_82_fu_181_p2  |       xor|   0|  0|  64|          64|          64|
    |xor_ln105_83_fu_191_p2  |       xor|   0|  0|  64|          64|          64|
    |xor_ln105_fu_177_p2     |       xor|   0|  0|  64|          64|          64|
    |xor_ln48_fu_222_p2      |       xor|   0|  0|   2|           1|           2|
    +------------------------+----------+----+---+----+------------+------------+
    |Total                   |          |   0|  0| 567|         461|         524|
    +------------------------+----------+----+---+----+------------+------------+

    * Multiplexer: 
    +-------------------------+----+-----------+-----+-----------+
    |           Name          | LUT| Input Size| Bits| Total Bits|
    +-------------------------+----+-----------+-----+-----------+
    |ap_done_int              |   9|          2|    1|          2|
    |ap_enable_reg_pp0_iter2  |   9|          2|    1|          2|
    |ap_sig_allocacmp_i_107   |   9|          2|    4|          8|
    |borrow_reg_103           |   9|          2|    1|          2|
    |i_fu_50                  |   9|          2|    4|          8|
    +-------------------------+----+-----------+-----+-----------+
    |Total                    |  45|         10|   11|         22|
    +-------------------------+----+-----------+-----+-----------+

    * Register: 
    +----------------------------------+----+----+-----+-----------+
    |               Name               | FF | LUT| Bits| Const Bits|
    +----------------------------------+----+----+-----+-----------+
    |a_load_reg_272                    |  64|   0|   64|          0|
    |ap_CS_fsm                         |   1|   0|    1|          0|
    |ap_done_reg                       |   1|   0|    1|          0|
    |ap_enable_reg_pp0_iter1           |   1|   0|    1|          0|
    |ap_enable_reg_pp0_iter2           |   1|   0|    1|          0|
    |ap_loop_exit_ready_pp0_iter1_reg  |   1|   0|    1|          0|
    |borrow_reg_103                    |   1|   0|    1|          0|
    |c_addr_reg_266                    |   4|   0|    4|          0|
    |c_addr_reg_266_pp0_iter1_reg      |   4|   0|    4|          0|
    |c_load_reg_278                    |  64|   0|   64|          0|
    |i_fu_50                           |   4|   0|    4|          0|
    |icmp_ln47_reg_257                 |   1|   0|    1|          0|
    |icmp_ln47_reg_257_pp0_iter1_reg   |   1|   0|    1|          0|
    |tempReg_reg_284                   |  64|   0|   64|          0|
    +----------------------------------+----+----+-----+-----------+
    |Total                             | 212|   0|  212|          0|
    +----------------------------------+----+----+-----+-----------+



================================================================
== Interface
================================================================
* Summary: 
+-------------------+-----+-----+------------+-------------------------------------------+--------------+
|     RTL Ports     | Dir | Bits|  Protocol  |               Source Object               |    C Type    |
+-------------------+-----+-----+------------+-------------------------------------------+--------------+
|ap_clk             |   in|    1|  ap_ctrl_hs|  fpsub503.144.278_Pipeline_VITIS_LOOP_47_1|  return value|
|ap_rst             |   in|    1|  ap_ctrl_hs|  fpsub503.144.278_Pipeline_VITIS_LOOP_47_1|  return value|
|ap_start           |   in|    1|  ap_ctrl_hs|  fpsub503.144.278_Pipeline_VITIS_LOOP_47_1|  return value|
|ap_done            |  out|    1|  ap_ctrl_hs|  fpsub503.144.278_Pipeline_VITIS_LOOP_47_1|  return value|
|ap_idle            |  out|    1|  ap_ctrl_hs|  fpsub503.144.278_Pipeline_VITIS_LOOP_47_1|  return value|
|ap_ready           |  out|    1|  ap_ctrl_hs|  fpsub503.144.278_Pipeline_VITIS_LOOP_47_1|  return value|
|a_offset1          |   in|    1|     ap_none|                                  a_offset1|        scalar|
|a_address0         |  out|    4|   ap_memory|                                          a|         array|
|a_ce0              |  out|    1|   ap_memory|                                          a|         array|
|a_q0               |   in|   64|   ap_memory|                                          a|         array|
|c_offset2          |   in|    1|     ap_none|                                  c_offset2|        scalar|
|c_address0         |  out|    4|   ap_memory|                                          c|         array|
|c_ce0              |  out|    1|   ap_memory|                                          c|         array|
|c_we0              |  out|    1|   ap_memory|                                          c|         array|
|c_d0               |  out|   64|   ap_memory|                                          c|         array|
|c_address1         |  out|    4|   ap_memory|                                          c|         array|
|c_ce1              |  out|    1|   ap_memory|                                          c|         array|
|c_q1               |   in|   64|   ap_memory|                                          c|         array|
|borrow_out         |  out|    1|      ap_vld|                                 borrow_out|       pointer|
|borrow_out_ap_vld  |  out|    1|      ap_vld|                                 borrow_out|       pointer|
+-------------------+-----+-----+------------+-------------------------------------------+--------------+

