

================================================================
== Vitis HLS Report for 'from_mont_25_Pipeline_VITIS_LOOP_91_1'
================================================================
* Date:           Tue May 20 14:37:23 2025

* Version:        2024.2.2 (Build 6049644 on Mar  5 2025)
* Project:        sikep503_hls
* Solution:       solution1 (Vivado IP Flow Target)
* Product family: zynq
* Target device:  xc7z020-clg484-1


================================================================
== Performance Estimates
================================================================
+ Timing: 
    * Summary: 
    +--------+----------+----------+------------+
    |  Clock |  Target  | Estimated| Uncertainty|
    +--------+----------+----------+------------+
    |ap_clk  |  10.00 ns|  6.774 ns|     2.70 ns|
    +--------+----------+----------+------------+

+ Latency: 
    * Summary: 
    +---------+---------+----------+----------+-----+-----+------------------------------------------------+
    |  Latency (cycles) |  Latency (absolute) |  Interval |                    Pipeline                    |
    |   min   |   max   |    min   |    max   | min | max |                      Type                      |
    +---------+---------+----------+----------+-----+-----+------------------------------------------------+
    |       11|       11|  0.110 us|  0.110 us|    9|    9|  loop auto-rewind stp (delay=0 clock cycles(s))|
    +---------+---------+----------+----------+-----+-----+------------------------------------------------+

    + Detail: 
        * Instance: 
        N/A

        * Loop: 
        +-------------------+---------+---------+----------+-----------+-----------+------+----------+
        |                   |  Latency (cycles) | Iteration|  Initiation Interval  | Trip |          |
        |     Loop Name     |   min   |   max   |  Latency |  achieved |   target  | Count| Pipelined|
        +-------------------+---------+---------+----------+-----------+-----------+------+----------+
        |- VITIS_LOOP_91_1  |        9|        9|         3|          1|          1|     8|       yes|
        +-------------------+---------+---------+----------+-----------+-----------+------+----------+



================================================================
== Utilization Estimates
================================================================
* Summary: 
+-----------------+---------+-----+--------+-------+-----+
|       Name      | BRAM_18K| DSP |   FF   |  LUT  | URAM|
+-----------------+---------+-----+--------+-------+-----+
|DSP              |        -|    -|       -|      -|    -|
|Expression       |        -|    -|       0|    567|    -|
|FIFO             |        -|    -|       -|      -|    -|
|Instance         |        -|    -|       -|      -|    -|
|Memory           |        0|    -|      64|      8|    -|
|Multiplexer      |        -|    -|       0|     45|    -|
|Register         |        -|    -|     210|      -|    -|
+-----------------+---------+-----+--------+-------+-----+
|Total            |        0|    0|     274|    620|    0|
+-----------------+---------+-----+--------+-------+-----+
|Available        |      280|  220|  106400|  53200|    0|
+-----------------+---------+-----+--------+-------+-----+
|Utilization (%)  |        0|    0|      ~0|      1|    0|
+-----------------+---------+-----+--------+-------+-----+

+ Detail: 
    * Instance: 
    N/A

    * DSP: 
    N/A

    * Memory: 
    +----------+---------------------------------------------------------+---------+----+----+-----+------+-----+------+-------------+
    |  Memory  |                          Module                         | BRAM_18K| FF | LUT| URAM| Words| Bits| Banks| W*Bits*Banks|
    +----------+---------------------------------------------------------+---------+----+----+-----+------+-----+------+-------------+
    |p503_1_U  |fp2div2_503_Pipeline_VITIS_LOOP_78_1_p503_1_ROM_AUTO_1R  |        0|  64|   8|    0|     8|   64|     1|          512|
    +----------+---------------------------------------------------------+---------+----+----+-----+------+-----+------+-------------+
    |Total     |                                                         |        0|  64|   8|    0|     8|   64|     1|          512|
    +----------+---------------------------------------------------------+---------+----+----+-----+------+-----+------+-------------+

    * FIFO: 
    N/A

    * Expression: 
    +------------------------+----------+----+---+----+------------+------------+
    |      Variable Name     | Operation| DSP| FF| LUT| Bitwidth P0| Bitwidth P1|
    +------------------------+----------+----+---+----+------------+------------+
    |add_ln91_fu_110_p2      |         +|   0|  0|  13|           4|           1|
    |sub_ln92_fu_204_p2      |         -|   0|  0|  71|          64|          64|
    |sub_ln95_fu_164_p2      |         -|   0|  0|  71|           1|          64|
    |tempReg_fu_131_p2       |         -|   0|  0|  71|          64|          64|
    |and_ln92_fu_188_p2      |       and|   0|  0|   2|           1|           1|
    |icmp_ln91_fu_104_p2     |      icmp|   0|  0|  13|           4|           5|
    |borrowReg_fu_194_p2     |        or|   0|  0|   2|           1|           1|
    |or_ln105_fu_145_p2      |        or|   0|  0|  64|          64|          64|
    |or_ln95_fu_169_p2       |        or|   0|  0|  64|          64|          64|
    |ap_enable_pp0           |       xor|   0|  0|   2|           1|           2|
    |xor_ln105_70_fu_141_p2  |       xor|   0|  0|  64|          64|          64|
    |xor_ln105_71_fu_151_p2  |       xor|   0|  0|  64|          64|          64|
    |xor_ln105_fu_137_p2     |       xor|   0|  0|  64|          64|          64|
    |xor_ln92_fu_182_p2      |       xor|   0|  0|   2|           1|           2|
    +------------------------+----------+----+---+----+------------+------------+
    |Total                   |          |   0|  0| 567|         461|         524|
    +------------------------+----------+----+---+----+------------+------------+

    * Multiplexer: 
    +-------------------------+----+-----------+-----+-----------+
    |           Name          | LUT| Input Size| Bits| Total Bits|
    +-------------------------+----+-----------+-----+-----------+
    |ap_done_int              |   9|          2|    1|          2|
    |ap_enable_reg_pp0_iter2  |   9|          2|    1|          2|
    |ap_sig_allocacmp_i_95    |   9|          2|    4|          8|
    |borrow_reg_83            |   9|          2|    1|          2|
    |i_fu_42                  |   9|          2|    4|          8|
    +-------------------------+----+-----------+-----+-----------+
    |Total                    |  45|         10|   11|         22|
    +-------------------------+----+-----------+-----+-----------+

    * Register: 
    +----------------------------------+----+----+-----+-----------+
    |               Name               | FF | LUT| Bits| Const Bits|
    +----------------------------------+----+----+-----+-----------+
    |ap_CS_fsm                         |   1|   0|    1|          0|
    |ap_done_reg                       |   1|   0|    1|          0|
    |ap_enable_reg_pp0_iter1           |   1|   0|    1|          0|
    |ap_enable_reg_pp0_iter2           |   1|   0|    1|          0|
    |ap_loop_exit_ready_pp0_iter1_reg  |   1|   0|    1|          0|
    |borrow_reg_83                     |   1|   0|    1|          0|
    |i_fu_42                           |   4|   0|    4|          0|
    |icmp_ln91_reg_217                 |   1|   0|    1|          0|
    |icmp_ln91_reg_217_pp0_iter1_reg   |   1|   0|    1|          0|
    |p503_1_load_reg_238               |  64|   0|   64|          0|
    |t_i_addr_reg_221                  |   3|   0|    4|          1|
    |t_i_addr_reg_221_pp0_iter1_reg    |   3|   0|    4|          1|
    |t_i_load_reg_232                  |  64|   0|   64|          0|
    |tempReg_reg_244                   |  64|   0|   64|          0|
    +----------------------------------+----+----+-----+-----------+
    |Total                             | 210|   0|  212|          2|
    +----------------------------------+----+----+-----+-----------+



================================================================
== Interface
================================================================
* Summary: 
+-------------------+-----+-----+------------+---------------------------------------+--------------+
|     RTL Ports     | Dir | Bits|  Protocol  |             Source Object             |    C Type    |
+-------------------+-----+-----+------------+---------------------------------------+--------------+
|ap_clk             |   in|    1|  ap_ctrl_hs|  from_mont.25_Pipeline_VITIS_LOOP_91_1|  return value|
|ap_rst             |   in|    1|  ap_ctrl_hs|  from_mont.25_Pipeline_VITIS_LOOP_91_1|  return value|
|ap_start           |   in|    1|  ap_ctrl_hs|  from_mont.25_Pipeline_VITIS_LOOP_91_1|  return value|
|ap_done            |  out|    1|  ap_ctrl_hs|  from_mont.25_Pipeline_VITIS_LOOP_91_1|  return value|
|ap_idle            |  out|    1|  ap_ctrl_hs|  from_mont.25_Pipeline_VITIS_LOOP_91_1|  return value|
|ap_ready           |  out|    1|  ap_ctrl_hs|  from_mont.25_Pipeline_VITIS_LOOP_91_1|  return value|
|t_i_address0       |  out|    4|   ap_memory|                                    t_i|         array|
|t_i_ce0            |  out|    1|   ap_memory|                                    t_i|         array|
|t_i_we0            |  out|    1|   ap_memory|                                    t_i|         array|
|t_i_d0             |  out|   64|   ap_memory|                                    t_i|         array|
|t_i_address1       |  out|    4|   ap_memory|                                    t_i|         array|
|t_i_ce1            |  out|    1|   ap_memory|                                    t_i|         array|
|t_i_q1             |   in|   64|   ap_memory|                                    t_i|         array|
|borrow_out         |  out|    1|      ap_vld|                             borrow_out|       pointer|
|borrow_out_ap_vld  |  out|    1|      ap_vld|                             borrow_out|       pointer|
+-------------------+-----+-----+------------+---------------------------------------+--------------+

