

================================================================
== Vitis HLS Report for 'KeccakF1600_StatePermute'
================================================================
* Date:           Tue May 20 14:34:56 2025

* Version:        2024.2.2 (Build 6049644 on Mar  5 2025)
* Project:        sikep503_hls
* Solution:       solution1 (Vivado IP Flow Target)
* Product family: zynq
* Target device:  xc7z020-clg484-1


================================================================
== Performance Estimates
================================================================
+ Timing: 
    * Summary: 
    +--------+----------+----------+------------+
    |  Clock |  Target  | Estimated| Uncertainty|
    +--------+----------+----------+------------+
    |ap_clk  |  10.00 ns|  7.214 ns|     2.70 ns|
    +--------+----------+----------+------------+

+ Latency: 
    * Summary: 
    +---------+---------+----------+----------+-----+-----+---------+
    |  Latency (cycles) |  Latency (absolute) |  Interval | Pipeline|
    |   min   |   max   |    min   |    max   | min | max |   Type  |
    +---------+---------+----------+----------+-----+-----+---------+
    |       42|       42|  0.420 us|  0.420 us|   42|   42|       no|
    +---------+---------+----------+----------+-----+-----+---------+

    + Detail: 
        * Instance: 
        +---------------------------------------------------------------+----------------------------------------------------+---------+---------+----------+----------+-----+-----+------------------------------------------------+
        |                                                               |                                                    |  Latency (cycles) |  Latency (absolute) |  Interval |                    Pipeline                    |
        |                            Instance                           |                       Module                       |   min   |   max   |    min   |    max   | min | max |                      Type                      |
        +---------------------------------------------------------------+----------------------------------------------------+---------+---------+----------+----------+-----+-----+------------------------------------------------+
        |grp_KeccakF1600_StatePermute_Pipeline_VITIS_LOOP_117_1_fu_396  |KeccakF1600_StatePermute_Pipeline_VITIS_LOOP_117_1  |       15|       15|  0.150 us|  0.150 us|   13|   13|  loop auto-rewind stp (delay=0 clock cycles(s))|
        +---------------------------------------------------------------+----------------------------------------------------+---------+---------+----------+----------+-----+-----+------------------------------------------------+

        * Loop: 
        N/A



================================================================
== Utilization Estimates
================================================================
* Summary: 
+-----------------+---------+-----+--------+-------+-----+
|       Name      | BRAM_18K| DSP |   FF   |  LUT  | URAM|
+-----------------+---------+-----+--------+-------+-----+
|DSP              |        -|    -|       -|      -|    -|
|Expression       |        -|    -|       -|      -|    -|
|FIFO             |        -|    -|       -|      -|    -|
|Instance         |        2|    -|    3275|  16642|    -|
|Memory           |        -|    -|       -|      -|    -|
|Multiplexer      |        -|    -|       0|    512|    -|
|Register         |        -|    -|    1629|      -|    -|
+-----------------+---------+-----+--------+-------+-----+
|Total            |        2|    0|    4904|  17154|    0|
+-----------------+---------+-----+--------+-------+-----+
|Available        |      280|  220|  106400|  53200|    0|
+-----------------+---------+-----+--------+-------+-----+
|Utilization (%)  |       ~0|    0|       4|     32|    0|
+-----------------+---------+-----+--------+-------+-----+

+ Detail: 
    * Instance: 
    +---------------------------------------------------------------+----------------------------------------------------+---------+----+------+-------+-----+
    |                            Instance                           |                       Module                       | BRAM_18K| DSP|  FF  |  LUT  | URAM|
    +---------------------------------------------------------------+----------------------------------------------------+---------+----+------+-------+-----+
    |grp_KeccakF1600_StatePermute_Pipeline_VITIS_LOOP_117_1_fu_396  |KeccakF1600_StatePermute_Pipeline_VITIS_LOOP_117_1  |        2|   0|  3275|  16642|    0|
    +---------------------------------------------------------------+----------------------------------------------------+---------+----+------+-------+-----+
    |Total                                                          |                                                    |        2|   0|  3275|  16642|    0|
    +---------------------------------------------------------------+----------------------------------------------------+---------+----+------+-------+-----+

    * DSP: 
    N/A

    * Memory: 
    N/A

    * FIFO: 
    N/A

    * Expression: 
    N/A

    * Multiplexer: 
    +--------------------+-----+-----------+-----+-----------+
    |        Name        | LUT | Input Size| Bits| Total Bits|
    +--------------------+-----+-----------+-----+-----------+
    |ap_NS_fsm           |  130|         29|    1|         29|
    |s_i_address0_local  |  117|         26|    5|        130|
    |s_i_address1_local  |  117|         26|    5|        130|
    |s_i_d0_local        |   65|         13|   64|        832|
    |s_i_d1_local        |   65|         14|   64|        896|
    |s_i_we0_local       |    9|          2|    8|         16|
    |s_i_we1_local       |    9|          2|    8|         16|
    +--------------------+-----+-----------+-----+-----------+
    |Total               |  512|        112|  155|       2049|
    +--------------------+-----+-----------+-----+-----------+

    * Register: 
    +----------------------------------------------------------------------------+----+----+-----+-----------+
    |                                    Name                                    | FF | LUT| Bits| Const Bits|
    +----------------------------------------------------------------------------+----+----+-----+-----------+
    |Aba_reg_709                                                                 |  64|   0|   64|          0|
    |Abe_reg_725                                                                 |  64|   0|   64|          0|
    |Abi_reg_730                                                                 |  64|   0|   64|          0|
    |Abo_reg_747                                                                 |  64|   0|   64|          0|
    |Abu_reg_752                                                                 |  64|   0|   64|          0|
    |Aga_reg_769                                                                 |  64|   0|   64|          0|
    |Age_reg_774                                                                 |  64|   0|   64|          0|
    |Agi_reg_791                                                                 |  64|   0|   64|          0|
    |Ago_reg_796                                                                 |  64|   0|   64|          0|
    |Agu_reg_813                                                                 |  64|   0|   64|          0|
    |Aka_reg_818                                                                 |  64|   0|   64|          0|
    |Ake_reg_835                                                                 |  64|   0|   64|          0|
    |Aki_reg_840                                                                 |  64|   0|   64|          0|
    |Ako_reg_857                                                                 |  64|   0|   64|          0|
    |Aku_reg_862                                                                 |  64|   0|   64|          0|
    |Ama_reg_879                                                                 |  64|   0|   64|          0|
    |Ame_reg_884                                                                 |  64|   0|   64|          0|
    |Ami_reg_901                                                                 |  64|   0|   64|          0|
    |Amo_reg_906                                                                 |  64|   0|   64|          0|
    |Amu_reg_923                                                                 |  64|   0|   64|          0|
    |Asa_reg_928                                                                 |  64|   0|   64|          0|
    |Ase_reg_945                                                                 |  64|   0|   64|          0|
    |Asi_reg_950                                                                 |  64|   0|   64|          0|
    |Aso_reg_967                                                                 |  64|   0|   64|          0|
    |Asu_reg_972                                                                 |  64|   0|   64|          0|
    |ap_CS_fsm                                                                   |  28|   0|   28|          0|
    |grp_KeccakF1600_StatePermute_Pipeline_VITIS_LOOP_117_1_fu_396_ap_start_reg  |   1|   0|    1|          0|
    +----------------------------------------------------------------------------+----+----+-----+-----------+
    |Total                                                                       |1629|   0| 1629|          0|
    +----------------------------------------------------------------------------+----+----+-----+-----------+



================================================================
== Interface
================================================================
* Summary: 
+--------------+-----+-----+------------+--------------------------+--------------+
|   RTL Ports  | Dir | Bits|  Protocol  |       Source Object      |    C Type    |
+--------------+-----+-----+------------+--------------------------+--------------+
|ap_clk        |   in|    1|  ap_ctrl_hs|  KeccakF1600_StatePermute|  return value|
|ap_rst        |   in|    1|  ap_ctrl_hs|  KeccakF1600_StatePermute|  return value|
|ap_start      |   in|    1|  ap_ctrl_hs|  KeccakF1600_StatePermute|  return value|
|ap_done       |  out|    1|  ap_ctrl_hs|  KeccakF1600_StatePermute|  return value|
|ap_idle       |  out|    1|  ap_ctrl_hs|  KeccakF1600_StatePermute|  return value|
|ap_ready      |  out|    1|  ap_ctrl_hs|  KeccakF1600_StatePermute|  return value|
|s_i_address0  |  out|    5|   ap_memory|                       s_i|         array|
|s_i_ce0       |  out|    1|   ap_memory|                       s_i|         array|
|s_i_we0       |  out|    8|   ap_memory|                       s_i|         array|
|s_i_d0        |  out|   64|   ap_memory|                       s_i|         array|
|s_i_q0        |   in|   64|   ap_memory|                       s_i|         array|
|s_i_address1  |  out|    5|   ap_memory|                       s_i|         array|
|s_i_ce1       |  out|    1|   ap_memory|                       s_i|         array|
|s_i_we1       |  out|    8|   ap_memory|                       s_i|         array|
|s_i_d1        |  out|   64|   ap_memory|                       s_i|         array|
|s_i_q1        |   in|   64|   ap_memory|                       s_i|         array|
+--------------+-----+-----+------------+--------------------------+--------------+

