

================================================================
== Vitis HLS Report for 'KeccakF1600_StatePermute_Pipeline_VITIS_LOOP_117_1'
================================================================
* Date:           Tue May 20 14:34:56 2025

* Version:        2024.2.2 (Build 6049644 on Mar  5 2025)
* Project:        sikep503_hls
* Solution:       solution1 (Vivado IP Flow Target)
* Product family: zynq
* Target device:  xc7z020-clg484-1


================================================================
== Performance Estimates
================================================================
+ Timing: 
    * Summary: 
    +--------+----------+----------+------------+
    |  Clock |  Target  | Estimated| Uncertainty|
    +--------+----------+----------+------------+
    |ap_clk  |  10.00 ns|  7.214 ns|     2.70 ns|
    +--------+----------+----------+------------+

+ Latency: 
    * Summary: 
    +---------+---------+----------+----------+-----+-----+------------------------------------------------+
    |  Latency (cycles) |  Latency (absolute) |  Interval |                    Pipeline                    |
    |   min   |   max   |    min   |    max   | min | max |                      Type                      |
    +---------+---------+----------+----------+-----+-----+------------------------------------------------+
    |       15|       15|  0.150 us|  0.150 us|   13|   13|  loop auto-rewind stp (delay=0 clock cycles(s))|
    +---------+---------+----------+----------+-----+-----+------------------------------------------------+

    + Detail: 
        * Instance: 
        N/A

        * Loop: 
        +--------------------+---------+---------+----------+-----------+-----------+------+----------+
        |                    |  Latency (cycles) | Iteration|  Initiation Interval  | Trip |          |
        |      Loop Name     |   min   |   max   |  Latency |  achieved |   target  | Count| Pipelined|
        +--------------------+---------+---------+----------+-----------+-----------+------+----------+
        |- VITIS_LOOP_117_1  |       13|       13|         3|          1|          1|    12|       yes|
        +--------------------+---------+---------+----------+-----------+-----------+------+----------+



================================================================
== Utilization Estimates
================================================================
* Summary: 
+-----------------+---------+-----+--------+-------+-----+
|       Name      | BRAM_18K| DSP |   FF   |  LUT  | URAM|
+-----------------+---------+-----+--------+-------+-----+
|DSP              |        -|    -|       -|      -|    -|
|Expression       |        -|    -|       0|  16156|    -|
|FIFO             |        -|    -|       -|      -|    -|
|Instance         |        -|    -|       -|      -|    -|
|Memory           |        2|    -|       0|      0|    -|
|Multiplexer      |        -|    -|       0|    486|    -|
|Register         |        -|    -|    3275|      -|    -|
+-----------------+---------+-----+--------+-------+-----+
|Total            |        2|    0|    3275|  16642|    0|
+-----------------+---------+-----+--------+-------+-----+
|Available        |      280|  220|  106400|  53200|    0|
+-----------------+---------+-----+--------+-------+-----+
|Utilization (%)  |       ~0|    0|       3|     31|    0|
+-----------------+---------+-----+--------+-------+-----+

+ Detail: 
    * Instance: 
    N/A

    * DSP: 
    N/A

    * Memory: 
    +--------------------------+---------------------------------------------------------------------------------------+---------+---+----+-----+------+-----+------+-------------+
    |          Memory          |                                         Module                                        | BRAM_18K| FF| LUT| URAM| Words| Bits| Banks| W*Bits*Banks|
    +--------------------------+---------------------------------------------------------------------------------------+---------+---+----+-----+------+-----+------+-------------+
    |KeccakF_RoundConstants_U  |KeccakF1600_StatePermute_Pipeline_VITIS_LOOP_117_1_KeccakF_RoundConstants_ROM_AUTO_1R  |        2|  0|   0|    0|    24|   64|     1|         1536|
    +--------------------------+---------------------------------------------------------------------------------------+---------+---+----+-----+------+-----+------+-------------+
    |Total                     |                                                                                       |        2|  0|   0|    0|    24|   64|     1|         1536|
    +--------------------------+---------------------------------------------------------------------------------------+---------+---+----+-----+------+-----+------+-------------+

    * FIFO: 
    N/A

    * Expression: 
    +------------------------+----------+----+---+-----+------------+------------+
    |      Variable Name     | Operation| DSP| FF| LUT | Bitwidth P0| Bitwidth P1|
    +------------------------+----------+----+---+-----+------------+------------+
    |add_ln117_fu_905_p2     |         +|   0|  0|   13|           5|           2|
    |and_ln144_fu_1365_p2    |       and|   0|  0|   64|          64|          64|
    |and_ln145_fu_1389_p2    |       and|   0|  0|   64|          64|          64|
    |and_ln146_fu_1407_p2    |       and|   0|  0|   64|          64|          64|
    |and_ln147_fu_1425_p2    |       and|   0|  0|   64|          64|          64|
    |and_ln148_fu_1443_p2    |       and|   0|  0|   64|          64|          64|
    |and_ln160_fu_1601_p2    |       and|   0|  0|   64|          64|          64|
    |and_ln161_fu_1619_p2    |       and|   0|  0|   64|          64|          64|
    |and_ln162_fu_1637_p2    |       and|   0|  0|   64|          64|          64|
    |and_ln163_fu_1655_p2    |       and|   0|  0|   64|          64|          64|
    |and_ln164_fu_1673_p2    |       and|   0|  0|   64|          64|          64|
    |and_ln176_fu_1829_p2    |       and|   0|  0|   64|          64|          64|
    |and_ln177_fu_1847_p2    |       and|   0|  0|   64|          64|          64|
    |and_ln178_fu_1865_p2    |       and|   0|  0|   64|          64|          64|
    |and_ln179_fu_1883_p2    |       and|   0|  0|   64|          64|          64|
    |and_ln180_fu_1901_p2    |       and|   0|  0|   64|          64|          64|
    |and_ln192_fu_2059_p2    |       and|   0|  0|   64|          64|          64|
    |and_ln193_fu_2077_p2    |       and|   0|  0|   64|          64|          64|
    |and_ln194_fu_2095_p2    |       and|   0|  0|   64|          64|          64|
    |and_ln195_fu_2113_p2    |       and|   0|  0|   64|          64|          64|
    |and_ln196_fu_2131_p2    |       and|   0|  0|   64|          64|          64|
    |and_ln208_fu_2289_p2    |       and|   0|  0|   64|          64|          64|
    |and_ln209_fu_2307_p2    |       and|   0|  0|   64|          64|          64|
    |and_ln210_fu_2325_p2    |       and|   0|  0|   64|          64|          64|
    |and_ln211_fu_2343_p2    |       and|   0|  0|   64|          64|          64|
    |and_ln212_fu_2361_p2    |       and|   0|  0|   64|          64|          64|
    |and_ln239_fu_3137_p2    |       and|   0|  0|   64|          64|          64|
    |and_ln240_fu_3159_p2    |       and|   0|  0|   64|          64|          64|
    |and_ln241_fu_3177_p2    |       and|   0|  0|   64|          64|          64|
    |and_ln242_fu_3195_p2    |       and|   0|  0|   64|          64|          64|
    |and_ln243_fu_3211_p2    |       and|   0|  0|   64|          64|          64|
    |and_ln255_fu_3259_p2    |       and|   0|  0|   64|          64|          64|
    |and_ln256_fu_3277_p2    |       and|   0|  0|   64|          64|          64|
    |and_ln257_fu_3295_p2    |       and|   0|  0|   64|          64|          64|
    |and_ln258_fu_3313_p2    |       and|   0|  0|   64|          64|          64|
    |and_ln259_fu_3331_p2    |       and|   0|  0|   64|          64|          64|
    |and_ln271_fu_3379_p2    |       and|   0|  0|   64|          64|          64|
    |and_ln272_fu_3397_p2    |       and|   0|  0|   64|          64|          64|
    |and_ln273_fu_3415_p2    |       and|   0|  0|   64|          64|          64|
    |and_ln274_fu_3433_p2    |       and|   0|  0|   64|          64|          64|
    |and_ln275_fu_3451_p2    |       and|   0|  0|   64|          64|          64|
    |and_ln287_fu_3499_p2    |       and|   0|  0|   64|          64|          64|
    |and_ln288_fu_3517_p2    |       and|   0|  0|   64|          64|          64|
    |and_ln289_fu_3535_p2    |       and|   0|  0|   64|          64|          64|
    |and_ln290_fu_3553_p2    |       and|   0|  0|   64|          64|          64|
    |and_ln291_fu_3571_p2    |       and|   0|  0|   64|          64|          64|
    |and_ln303_fu_3619_p2    |       and|   0|  0|   64|          64|          64|
    |and_ln304_fu_3637_p2    |       and|   0|  0|   64|          64|          64|
    |and_ln305_fu_3655_p2    |       and|   0|  0|   64|          64|          64|
    |and_ln306_fu_3673_p2    |       and|   0|  0|   64|          64|          64|
    |and_ln307_fu_3691_p2    |       and|   0|  0|   64|          64|          64|
    |icmp_ln117_fu_871_p2    |      icmp|   0|  0|   13|           5|           5|
    |Aba_3_fu_3147_p2        |       xor|   0|  0|   64|          64|          64|
    |Aba_4_fu_1241_p2        |       xor|   0|  0|   64|          64|          64|
    |Abe_2_fu_1685_p2        |       xor|   0|  0|   64|          64|          64|
    |Abe_3_fu_3165_p2        |       xor|   0|  0|   64|          64|          64|
    |Abi_2_fu_2143_p2        |       xor|   0|  0|   64|          64|          64|
    |Abi_3_fu_3183_p2        |       xor|   0|  0|   64|          64|          64|
    |Abo_2_fu_1455_p2        |       xor|   0|  0|   64|          64|          64|
    |Abo_3_fu_3200_p2        |       xor|   0|  0|   64|          64|          64|
    |Abu_2_fu_1913_p2        |       xor|   0|  0|   64|          64|          64|
    |Abu_3_fu_3217_p2        |       xor|   0|  0|   64|          64|          64|
    |Aga_2_fu_1941_p2        |       xor|   0|  0|   64|          64|          64|
    |Aga_3_fu_3265_p2        |       xor|   0|  0|   64|          64|          64|
    |Age_2_fu_1247_p2        |       xor|   0|  0|   64|          64|          64|
    |Age_3_fu_3283_p2        |       xor|   0|  0|   64|          64|          64|
    |Agi_2_fu_1711_p2        |       xor|   0|  0|   64|          64|          64|
    |Agi_3_fu_3301_p2        |       xor|   0|  0|   64|          64|          64|
    |Ago_2_fu_2171_p2        |       xor|   0|  0|   64|          64|          64|
    |Ago_3_fu_3319_p2        |       xor|   0|  0|   64|          64|          64|
    |Agu_2_fu_1483_p2        |       xor|   0|  0|   64|          64|          64|
    |Agu_3_fu_3337_p2        |       xor|   0|  0|   64|          64|          64|
    |Aka_2_fu_1511_p2        |       xor|   0|  0|   64|          64|          64|
    |Aka_3_fu_3385_p2        |       xor|   0|  0|   64|          64|          64|
    |Ake_2_fu_1969_p2        |       xor|   0|  0|   64|          64|          64|
    |Ake_3_fu_3403_p2        |       xor|   0|  0|   64|          64|          64|
    |Aki_2_fu_1275_p2        |       xor|   0|  0|   64|          64|          64|
    |Aki_3_fu_3421_p2        |       xor|   0|  0|   64|          64|          64|
    |Ako_2_fu_1739_p2        |       xor|   0|  0|   64|          64|          64|
    |Ako_3_fu_3439_p2        |       xor|   0|  0|   64|          64|          64|
    |Aku_2_fu_2199_p2        |       xor|   0|  0|   64|          64|          64|
    |Aku_3_fu_3457_p2        |       xor|   0|  0|   64|          64|          64|
    |Ama_2_fu_2227_p2        |       xor|   0|  0|   64|          64|          64|
    |Ama_3_fu_3505_p2        |       xor|   0|  0|   64|          64|          64|
    |Ame_2_fu_1539_p2        |       xor|   0|  0|   64|          64|          64|
    |Ame_3_fu_3523_p2        |       xor|   0|  0|   64|          64|          64|
    |Ami_2_fu_1997_p2        |       xor|   0|  0|   64|          64|          64|
    |Ami_3_fu_3541_p2        |       xor|   0|  0|   64|          64|          64|
    |Amo_2_fu_1303_p2        |       xor|   0|  0|   64|          64|          64|
    |Amo_3_fu_3559_p2        |       xor|   0|  0|   64|          64|          64|
    |Amu_2_fu_1767_p2        |       xor|   0|  0|   64|          64|          64|
    |Amu_3_fu_3577_p2        |       xor|   0|  0|   64|          64|          64|
    |Asa_2_fu_1795_p2        |       xor|   0|  0|   64|          64|          64|
    |Asa_3_fu_3625_p2        |       xor|   0|  0|   64|          64|          64|
    |Ase_2_fu_2255_p2        |       xor|   0|  0|   64|          64|          64|
    |Ase_3_fu_3643_p2        |       xor|   0|  0|   64|          64|          64|
    |Asi_2_fu_1567_p2        |       xor|   0|  0|   64|          64|          64|
    |Asi_3_fu_3661_p2        |       xor|   0|  0|   64|          64|          64|
    |Aso_2_fu_2025_p2        |       xor|   0|  0|   64|          64|          64|
    |Aso_3_fu_3679_p2        |       xor|   0|  0|   64|          64|          64|
    |Asu_2_fu_1331_p2        |       xor|   0|  0|   64|          64|          64|
    |Asu_3_fu_3697_p2        |       xor|   0|  0|   64|          64|          64|
    |BCa_6_fu_2391_p2        |       xor|   0|  0|   64|          64|          64|
    |BCa_fu_1009_p2          |       xor|   0|  0|   64|          64|          64|
    |BCe_6_fu_2415_p2        |       xor|   0|  0|   64|          64|          64|
    |BCe_fu_1033_p2          |       xor|   0|  0|   64|          64|          64|
    |BCi_6_fu_2439_p2        |       xor|   0|  0|   64|          64|          64|
    |BCi_fu_1057_p2          |       xor|   0|  0|   64|          64|          64|
    |BCo_6_fu_2463_p2        |       xor|   0|  0|   64|          64|          64|
    |BCo_fu_1081_p2          |       xor|   0|  0|   64|          64|          64|
    |BCu_6_fu_2487_p2        |       xor|   0|  0|   64|          64|          64|
    |BCu_fu_1105_p2          |       xor|   0|  0|   64|          64|          64|
    |Da_1_fu_2513_p2         |       xor|   0|  0|   64|          64|          64|
    |Da_fu_1131_p2           |       xor|   0|  0|   64|          64|          64|
    |De_1_fu_2539_p2         |       xor|   0|  0|   64|          64|          64|
    |De_fu_1157_p2           |       xor|   0|  0|   64|          64|          64|
    |Di_1_fu_2565_p2         |       xor|   0|  0|   64|          64|          64|
    |Di_fu_1183_p2           |       xor|   0|  0|   64|          64|          64|
    |Do_1_fu_2591_p2         |       xor|   0|  0|   64|          64|          64|
    |Do_fu_1209_p2           |       xor|   0|  0|   64|          64|          64|
    |Du_1_fu_2617_p2         |       xor|   0|  0|   64|          64|          64|
    |Du_fu_1235_p2           |       xor|   0|  0|   64|          64|          64|
    |Eba_2_fu_2623_p2        |       xor|   0|  0|   64|          64|          64|
    |Eba_fu_1377_p2          |       xor|   0|  0|   64|          64|          64|
    |Ebe_1_fu_2809_p2        |       xor|   0|  0|   64|          64|          64|
    |Ebe_fu_1395_p2          |       xor|   0|  0|   64|          64|          64|
    |Ebi_1_fu_3007_p2        |       xor|   0|  0|   64|          64|          64|
    |Ebi_fu_1413_p2          |       xor|   0|  0|   64|          64|          64|
    |Ebo_1_fu_2709_p2        |       xor|   0|  0|   64|          64|          64|
    |Ebo_fu_1431_p2          |       xor|   0|  0|   64|          64|          64|
    |Ebu_1_fu_2907_p2        |       xor|   0|  0|   64|          64|          64|
    |Ebu_fu_1449_p2          |       xor|   0|  0|   64|          64|          64|
    |Ega_1_fu_2927_p2        |       xor|   0|  0|   64|          64|          64|
    |Ega_fu_1607_p2          |       xor|   0|  0|   64|          64|          64|
    |Ege_1_fu_2629_p2        |       xor|   0|  0|   64|          64|          64|
    |Ege_fu_1625_p2          |       xor|   0|  0|   64|          64|          64|
    |Egi_1_fu_2827_p2        |       xor|   0|  0|   64|          64|          64|
    |Egi_fu_1643_p2          |       xor|   0|  0|   64|          64|          64|
    |Ego_1_fu_3027_p2        |       xor|   0|  0|   64|          64|          64|
    |Ego_fu_1661_p2          |       xor|   0|  0|   64|          64|          64|
    |Egu_1_fu_2729_p2        |       xor|   0|  0|   64|          64|          64|
    |Egu_fu_1679_p2          |       xor|   0|  0|   64|          64|          64|
    |Eka_1_fu_2749_p2        |       xor|   0|  0|   64|          64|          64|
    |Eka_fu_1835_p2          |       xor|   0|  0|   64|          64|          64|
    |Eke_1_fu_2947_p2        |       xor|   0|  0|   64|          64|          64|
    |Eke_fu_1853_p2          |       xor|   0|  0|   64|          64|          64|
    |Eki_1_fu_2649_p2        |       xor|   0|  0|   64|          64|          64|
    |Eki_fu_1871_p2          |       xor|   0|  0|   64|          64|          64|
    |Eko_1_fu_2847_p2        |       xor|   0|  0|   64|          64|          64|
    |Eko_fu_1889_p2          |       xor|   0|  0|   64|          64|          64|
    |Eku_1_fu_3047_p2        |       xor|   0|  0|   64|          64|          64|
    |Eku_fu_1907_p2          |       xor|   0|  0|   64|          64|          64|
    |Ema_1_fu_3067_p2        |       xor|   0|  0|   64|          64|          64|
    |Ema_fu_2065_p2          |       xor|   0|  0|   64|          64|          64|
    |Eme_1_fu_2769_p2        |       xor|   0|  0|   64|          64|          64|
    |Eme_fu_2083_p2          |       xor|   0|  0|   64|          64|          64|
    |Emi_1_fu_2967_p2        |       xor|   0|  0|   64|          64|          64|
    |Emi_fu_2101_p2          |       xor|   0|  0|   64|          64|          64|
    |Emo_1_fu_2669_p2        |       xor|   0|  0|   64|          64|          64|
    |Emo_fu_2119_p2          |       xor|   0|  0|   64|          64|          64|
    |Emu_1_fu_2867_p2        |       xor|   0|  0|   64|          64|          64|
    |Emu_fu_2137_p2          |       xor|   0|  0|   64|          64|          64|
    |Esa_1_fu_2887_p2        |       xor|   0|  0|   64|          64|          64|
    |Esa_fu_2295_p2          |       xor|   0|  0|   64|          64|          64|
    |Ese_1_fu_3087_p2        |       xor|   0|  0|   64|          64|          64|
    |Ese_fu_2313_p2          |       xor|   0|  0|   64|          64|          64|
    |Esi_1_fu_2789_p2        |       xor|   0|  0|   64|          64|          64|
    |Esi_fu_2331_p2          |       xor|   0|  0|   64|          64|          64|
    |Eso_1_fu_2987_p2        |       xor|   0|  0|   64|          64|          64|
    |Eso_fu_2349_p2          |       xor|   0|  0|   64|          64|          64|
    |Esu_1_fu_2689_p2        |       xor|   0|  0|   64|          64|          64|
    |Esu_fu_2367_p2          |       xor|   0|  0|   64|          64|          64|
    |ap_enable_pp0           |       xor|   0|  0|    2|           1|           2|
    |xor_ln120_1_fu_1003_p2  |       xor|   0|  0|   64|          64|          64|
    |xor_ln120_2_fu_997_p2   |       xor|   0|  0|   64|          64|          64|
    |xor_ln120_fu_991_p2     |       xor|   0|  0|   64|          64|          64|
    |xor_ln121_1_fu_1027_p2  |       xor|   0|  0|   64|          64|          64|
    |xor_ln121_2_fu_1021_p2  |       xor|   0|  0|   64|          64|          64|
    |xor_ln121_fu_1015_p2    |       xor|   0|  0|   64|          64|          64|
    |xor_ln122_1_fu_1045_p2  |       xor|   0|  0|   64|          64|          64|
    |xor_ln122_2_fu_1051_p2  |       xor|   0|  0|   64|          64|          64|
    |xor_ln122_fu_1039_p2    |       xor|   0|  0|   64|          64|          64|
    |xor_ln123_1_fu_1069_p2  |       xor|   0|  0|   64|          64|          64|
    |xor_ln123_2_fu_1075_p2  |       xor|   0|  0|   64|          64|          64|
    |xor_ln123_fu_1063_p2    |       xor|   0|  0|   64|          64|          64|
    |xor_ln124_1_fu_1099_p2  |       xor|   0|  0|   64|          64|          64|
    |xor_ln124_2_fu_1093_p2  |       xor|   0|  0|   64|          64|          64|
    |xor_ln124_fu_1087_p2    |       xor|   0|  0|   64|          64|          64|
    |xor_ln144_1_fu_1371_p2  |       xor|   0|  0|   64|          64|          64|
    |xor_ln144_fu_1359_p2    |       xor|   0|  0|   64|           2|          64|
    |xor_ln145_fu_1383_p2    |       xor|   0|  0|   64|           2|          64|
    |xor_ln146_fu_1401_p2    |       xor|   0|  0|   64|           2|          64|
    |xor_ln147_fu_1419_p2    |       xor|   0|  0|   64|           2|          64|
    |xor_ln148_fu_1437_p2    |       xor|   0|  0|   64|           2|          64|
    |xor_ln160_fu_1595_p2    |       xor|   0|  0|   64|           2|          64|
    |xor_ln161_fu_1613_p2    |       xor|   0|  0|   64|           2|          64|
    |xor_ln162_fu_1631_p2    |       xor|   0|  0|   64|           2|          64|
    |xor_ln163_fu_1649_p2    |       xor|   0|  0|   64|           2|          64|
    |xor_ln164_fu_1667_p2    |       xor|   0|  0|   64|           2|          64|
    |xor_ln176_fu_1823_p2    |       xor|   0|  0|   64|           2|          64|
    |xor_ln177_fu_1841_p2    |       xor|   0|  0|   64|           2|          64|
    |xor_ln178_fu_1859_p2    |       xor|   0|  0|   64|           2|          64|
    |xor_ln179_fu_1877_p2    |       xor|   0|  0|   64|           2|          64|
    |xor_ln180_fu_1895_p2    |       xor|   0|  0|   64|           2|          64|
    |xor_ln192_fu_2053_p2    |       xor|   0|  0|   64|           2|          64|
    |xor_ln193_fu_2071_p2    |       xor|   0|  0|   64|           2|          64|
    |xor_ln194_fu_2089_p2    |       xor|   0|  0|   64|           2|          64|
    |xor_ln195_fu_2107_p2    |       xor|   0|  0|   64|           2|          64|
    |xor_ln196_fu_2125_p2    |       xor|   0|  0|   64|           2|          64|
    |xor_ln208_fu_2283_p2    |       xor|   0|  0|   64|           2|          64|
    |xor_ln209_fu_2301_p2    |       xor|   0|  0|   64|           2|          64|
    |xor_ln210_fu_2319_p2    |       xor|   0|  0|   64|           2|          64|
    |xor_ln211_fu_2337_p2    |       xor|   0|  0|   64|           2|          64|
    |xor_ln212_fu_2355_p2    |       xor|   0|  0|   64|           2|          64|
    |xor_ln215_1_fu_2379_p2  |       xor|   0|  0|   64|          64|          64|
    |xor_ln215_2_fu_2385_p2  |       xor|   0|  0|   64|          64|          64|
    |xor_ln215_fu_2373_p2    |       xor|   0|  0|   64|          64|          64|
    |xor_ln216_1_fu_2397_p2  |       xor|   0|  0|   64|          64|          64|
    |xor_ln216_2_fu_2409_p2  |       xor|   0|  0|   64|          64|          64|
    |xor_ln216_fu_2403_p2    |       xor|   0|  0|   64|          64|          64|
    |xor_ln217_1_fu_2421_p2  |       xor|   0|  0|   64|          64|          64|
    |xor_ln217_2_fu_2433_p2  |       xor|   0|  0|   64|          64|          64|
    |xor_ln217_fu_2427_p2    |       xor|   0|  0|   64|          64|          64|
    |xor_ln218_1_fu_2451_p2  |       xor|   0|  0|   64|          64|          64|
    |xor_ln218_2_fu_2457_p2  |       xor|   0|  0|   64|          64|          64|
    |xor_ln218_fu_2445_p2    |       xor|   0|  0|   64|          64|          64|
    |xor_ln219_1_fu_2475_p2  |       xor|   0|  0|   64|          64|          64|
    |xor_ln219_2_fu_2481_p2  |       xor|   0|  0|   64|          64|          64|
    |xor_ln219_fu_2469_p2    |       xor|   0|  0|   64|          64|          64|
    |xor_ln239_1_fu_3143_p2  |       xor|   0|  0|   64|          64|          64|
    |xor_ln239_fu_3131_p2    |       xor|   0|  0|   64|           2|          64|
    |xor_ln240_fu_3153_p2    |       xor|   0|  0|   64|           2|          64|
    |xor_ln241_fu_3171_p2    |       xor|   0|  0|   64|           2|          64|
    |xor_ln242_fu_3189_p2    |       xor|   0|  0|   64|           2|          64|
    |xor_ln243_fu_3206_p2    |       xor|   0|  0|   64|           2|          64|
    |xor_ln255_fu_3253_p2    |       xor|   0|  0|   64|           2|          64|
    |xor_ln256_fu_3271_p2    |       xor|   0|  0|   64|           2|          64|
    |xor_ln257_fu_3289_p2    |       xor|   0|  0|   64|           2|          64|
    |xor_ln258_fu_3307_p2    |       xor|   0|  0|   64|           2|          64|
    |xor_ln259_fu_3325_p2    |       xor|   0|  0|   64|           2|          64|
    |xor_ln271_fu_3373_p2    |       xor|   0|  0|   64|           2|          64|
    |xor_ln272_fu_3391_p2    |       xor|   0|  0|   64|           2|          64|
    |xor_ln273_fu_3409_p2    |       xor|   0|  0|   64|           2|          64|
    |xor_ln274_fu_3427_p2    |       xor|   0|  0|   64|           2|          64|
    |xor_ln275_fu_3445_p2    |       xor|   0|  0|   64|           2|          64|
    |xor_ln287_fu_3493_p2    |       xor|   0|  0|   64|           2|          64|
    |xor_ln288_fu_3511_p2    |       xor|   0|  0|   64|           2|          64|
    |xor_ln289_fu_3529_p2    |       xor|   0|  0|   64|           2|          64|
    |xor_ln290_fu_3547_p2    |       xor|   0|  0|   64|           2|          64|
    |xor_ln291_fu_3565_p2    |       xor|   0|  0|   64|           2|          64|
    |xor_ln303_fu_3613_p2    |       xor|   0|  0|   64|           2|          64|
    |xor_ln304_fu_3631_p2    |       xor|   0|  0|   64|           2|          64|
    |xor_ln305_fu_3649_p2    |       xor|   0|  0|   64|           2|          64|
    |xor_ln306_fu_3667_p2    |       xor|   0|  0|   64|           2|          64|
    |xor_ln307_fu_3685_p2    |       xor|   0|  0|   64|           2|          64|
    +------------------------+----------+----+---+-----+------------+------------+
    |Total                   |          |   0|  0|16156|       13039|       16137|
    +------------------------+----------+----+---+-----+------------+------------+

    * Multiplexer: 
    +-----------------------------+----+-----------+-----+-----------+
    |             Name            | LUT| Input Size| Bits| Total Bits|
    +-----------------------------+----+-----------+-----+-----------+
    |Aba_1_fu_376                 |   9|          2|   64|        128|
    |Abe_1_fu_372                 |   9|          2|   64|        128|
    |Abi_1_fu_368                 |   9|          2|   64|        128|
    |Abo_1_fu_364                 |   9|          2|   64|        128|
    |Abu_1_fu_360                 |   9|          2|   64|        128|
    |Aga_1_fu_356                 |   9|          2|   64|        128|
    |Age_1_fu_352                 |   9|          2|   64|        128|
    |Agi_1_fu_348                 |   9|          2|   64|        128|
    |Ago_1_fu_344                 |   9|          2|   64|        128|
    |Agu_1_fu_340                 |   9|          2|   64|        128|
    |Aka_1_fu_336                 |   9|          2|   64|        128|
    |Ake_1_fu_332                 |   9|          2|   64|        128|
    |Aki_1_fu_328                 |   9|          2|   64|        128|
    |Ako_1_fu_324                 |   9|          2|   64|        128|
    |Aku_1_fu_320                 |   9|          2|   64|        128|
    |Ama_1_fu_316                 |   9|          2|   64|        128|
    |Ame_1_fu_312                 |   9|          2|   64|        128|
    |Ami_1_fu_308                 |   9|          2|   64|        128|
    |Amo_1_fu_304                 |   9|          2|   64|        128|
    |Amu_1_fu_300                 |   9|          2|   64|        128|
    |Asa_1_fu_296                 |   9|          2|   64|        128|
    |Ase_1_fu_292                 |   9|          2|   64|        128|
    |Asi_1_fu_288                 |   9|          2|   64|        128|
    |Aso_1_fu_284                 |   9|          2|   64|        128|
    |Asu_1_fu_380                 |   9|          2|   64|        128|
    |ap_done_int                  |   9|          2|    1|          2|
    |ap_enable_reg_pp0_iter1      |   9|          2|    1|          2|
    |ap_sig_allocacmp_Aba_1_load  |   9|          2|   64|        128|
    |ap_sig_allocacmp_Abe_1_load  |   9|          2|   64|        128|
    |ap_sig_allocacmp_Abi_1_load  |   9|          2|   64|        128|
    |ap_sig_allocacmp_Abo_1_load  |   9|          2|   64|        128|
    |ap_sig_allocacmp_Abu_1_load  |   9|          2|   64|        128|
    |ap_sig_allocacmp_Aga_1_load  |   9|          2|   64|        128|
    |ap_sig_allocacmp_Age_1_load  |   9|          2|   64|        128|
    |ap_sig_allocacmp_Agi_1_load  |   9|          2|   64|        128|
    |ap_sig_allocacmp_Ago_1_load  |   9|          2|   64|        128|
    |ap_sig_allocacmp_Agu_1_load  |   9|          2|   64|        128|
    |ap_sig_allocacmp_Aka_1_load  |   9|          2|   64|        128|
    |ap_sig_allocacmp_Ake_1_load  |   9|          2|   64|        128|
    |ap_sig_allocacmp_Aki_1_load  |   9|          2|   64|        128|
    |ap_sig_allocacmp_Ako_1_load  |   9|          2|   64|        128|
    |ap_sig_allocacmp_Aku_1_load  |   9|          2|   64|        128|
    |ap_sig_allocacmp_Ama_1_load  |   9|          2|   64|        128|
    |ap_sig_allocacmp_Ame_1_load  |   9|          2|   64|        128|
    |ap_sig_allocacmp_Ami_1_load  |   9|          2|   64|        128|
    |ap_sig_allocacmp_Amo_1_load  |   9|          2|   64|        128|
    |ap_sig_allocacmp_Amu_1_load  |   9|          2|   64|        128|
    |ap_sig_allocacmp_Asa_1_load  |   9|          2|   64|        128|
    |ap_sig_allocacmp_Ase_1_load  |   9|          2|   64|        128|
    |ap_sig_allocacmp_Asi_1_load  |   9|          2|   64|        128|
    |ap_sig_allocacmp_Aso_1_load  |   9|          2|   64|        128|
    |ap_sig_allocacmp_Asu_1_load  |   9|          2|   64|        128|
    |ap_sig_allocacmp_round_1     |   9|          2|    5|         10|
    |round_fu_384                 |   9|          2|    5|         10|
    +-----------------------------+----+-----------+-----+-----------+
    |Total                        | 486|        108| 3212|       6424|
    +-----------------------------+----+-----------+-----+-----------+

    * Register: 
    +----------------------------------------+----+----+-----+-----------+
    |                  Name                  | FF | LUT| Bits| Const Bits|
    +----------------------------------------+----+----+-----+-----------+
    |Aba_1_fu_376                            |  64|   0|   64|          0|
    |Abe_1_fu_372                            |  64|   0|   64|          0|
    |Abi_1_fu_368                            |  64|   0|   64|          0|
    |Abo_1_fu_364                            |  64|   0|   64|          0|
    |Abu_1_fu_360                            |  64|   0|   64|          0|
    |Aga_1_fu_356                            |  64|   0|   64|          0|
    |Age_1_fu_352                            |  64|   0|   64|          0|
    |Agi_1_fu_348                            |  64|   0|   64|          0|
    |Ago_1_fu_344                            |  64|   0|   64|          0|
    |Agu_1_fu_340                            |  64|   0|   64|          0|
    |Aka_1_fu_336                            |  64|   0|   64|          0|
    |Ake_1_fu_332                            |  64|   0|   64|          0|
    |Aki_1_fu_328                            |  64|   0|   64|          0|
    |Ako_1_fu_324                            |  64|   0|   64|          0|
    |Aku_1_fu_320                            |  64|   0|   64|          0|
    |Ama_1_fu_316                            |  64|   0|   64|          0|
    |Ame_1_fu_312                            |  64|   0|   64|          0|
    |Ami_1_fu_308                            |  64|   0|   64|          0|
    |Amo_1_fu_304                            |  64|   0|   64|          0|
    |Amu_1_fu_300                            |  64|   0|   64|          0|
    |Asa_1_fu_296                            |  64|   0|   64|          0|
    |Ase_1_fu_292                            |  64|   0|   64|          0|
    |Asi_1_fu_288                            |  64|   0|   64|          0|
    |Aso_1_fu_284                            |  64|   0|   64|          0|
    |Asu_1_fu_380                            |  64|   0|   64|          0|
    |Eba_2_reg_4149                          |  64|   0|   64|          0|
    |KeccakF_RoundConstants_load_1_reg_4196  |  64|   0|   64|          0|
    |ap_CS_fsm                               |   1|   0|    1|          0|
    |ap_done_reg                             |   1|   0|    1|          0|
    |ap_enable_reg_pp0_iter1                 |   1|   0|    1|          0|
    |ap_enable_reg_pp0_iter2                 |   1|   0|    1|          0|
    |ap_loop_exit_ready_pp0_iter1_reg        |   1|   0|    1|          0|
    |icmp_ln117_reg_4135                     |   1|   0|    1|          0|
    |lshr_ln24_reg_4161                      |  44|   0|   44|          0|
    |lshr_ln25_reg_4171                      |  43|   0|   43|          0|
    |lshr_ln26_reg_4181                      |  21|   0|   21|          0|
    |lshr_ln27_reg_4191                      |  14|   0|   14|          0|
    |lshr_ln28_reg_4206                      |  28|   0|   28|          0|
    |lshr_ln29_reg_4216                      |  20|   0|   20|          0|
    |lshr_ln30_reg_4226                      |   3|   0|    3|          0|
    |lshr_ln31_reg_4236                      |  45|   0|   45|          0|
    |lshr_ln32_reg_4246                      |  61|   0|   61|          0|
    |lshr_ln33_reg_4266                      |   6|   0|    6|          0|
    |lshr_ln34_reg_4276                      |  25|   0|   25|          0|
    |lshr_ln35_reg_4286                      |   8|   0|    8|          0|
    |lshr_ln36_reg_4296                      |  18|   0|   18|          0|
    |lshr_ln37_reg_4306                      |  27|   0|   27|          0|
    |lshr_ln38_reg_4316                      |  36|   0|   36|          0|
    |lshr_ln39_reg_4326                      |  10|   0|   10|          0|
    |lshr_ln40_reg_4336                      |  15|   0|   15|          0|
    |lshr_ln41_reg_4346                      |  56|   0|   56|          0|
    |lshr_ln42_reg_4356                      |  62|   0|   62|          0|
    |lshr_ln43_reg_4366                      |  55|   0|   55|          0|
    |lshr_ln44_reg_4376                      |  39|   0|   39|          0|
    |lshr_ln45_reg_4386                      |  41|   0|   41|          0|
    |lshr_ln46_reg_4396                      |   2|   0|    2|          0|
    |round_fu_384                            |   5|   0|    5|          0|
    |tmp_308_reg_4256                        |   1|   0|    1|          0|
    |trunc_ln231_reg_4156                    |  20|   0|   20|          0|
    |trunc_ln233_reg_4166                    |  21|   0|   21|          0|
    |trunc_ln235_reg_4176                    |  43|   0|   43|          0|
    |trunc_ln237_reg_4186                    |  50|   0|   50|          0|
    |trunc_ln246_reg_4201                    |  36|   0|   36|          0|
    |trunc_ln248_reg_4211                    |  44|   0|   44|          0|
    |trunc_ln250_reg_4221                    |  61|   0|   61|          0|
    |trunc_ln252_reg_4231                    |  19|   0|   19|          0|
    |trunc_ln254_reg_4241                    |   3|   0|    3|          0|
    |trunc_ln262_reg_4251                    |  63|   0|   63|          0|
    |trunc_ln264_reg_4261                    |  58|   0|   58|          0|
    |trunc_ln266_reg_4271                    |  39|   0|   39|          0|
    |trunc_ln268_reg_4281                    |  56|   0|   56|          0|
    |trunc_ln270_reg_4291                    |  46|   0|   46|          0|
    |trunc_ln278_reg_4301                    |  37|   0|   37|          0|
    |trunc_ln280_reg_4311                    |  28|   0|   28|          0|
    |trunc_ln282_reg_4321                    |  54|   0|   54|          0|
    |trunc_ln284_reg_4331                    |  49|   0|   49|          0|
    |trunc_ln286_reg_4341                    |   8|   0|    8|          0|
    |trunc_ln294_reg_4351                    |   2|   0|    2|          0|
    |trunc_ln296_reg_4361                    |   9|   0|    9|          0|
    |trunc_ln298_reg_4371                    |  25|   0|   25|          0|
    |trunc_ln300_reg_4381                    |  23|   0|   23|          0|
    |trunc_ln302_reg_4391                    |  62|   0|   62|          0|
    +----------------------------------------+----+----+-----+-----------+
    |Total                                   |3275|   0| 3275|          0|
    +----------------------------------------+----+----+-----+-----------+



================================================================
== Interface
================================================================
* Summary: 
+------------------+-----+-----+------------+----------------------------------------------------+--------------+
|     RTL Ports    | Dir | Bits|  Protocol  |                    Source Object                   |    C Type    |
+------------------+-----+-----+------------+----------------------------------------------------+--------------+
|ap_clk            |   in|    1|  ap_ctrl_hs|  KeccakF1600_StatePermute_Pipeline_VITIS_LOOP_117_1|  return value|
|ap_rst            |   in|    1|  ap_ctrl_hs|  KeccakF1600_StatePermute_Pipeline_VITIS_LOOP_117_1|  return value|
|ap_start          |   in|    1|  ap_ctrl_hs|  KeccakF1600_StatePermute_Pipeline_VITIS_LOOP_117_1|  return value|
|ap_done           |  out|    1|  ap_ctrl_hs|  KeccakF1600_StatePermute_Pipeline_VITIS_LOOP_117_1|  return value|
|ap_idle           |  out|    1|  ap_ctrl_hs|  KeccakF1600_StatePermute_Pipeline_VITIS_LOOP_117_1|  return value|
|ap_ready          |  out|    1|  ap_ctrl_hs|  KeccakF1600_StatePermute_Pipeline_VITIS_LOOP_117_1|  return value|
|Asu               |   in|   64|     ap_none|                                                 Asu|        scalar|
|Aba               |   in|   64|     ap_none|                                                 Aba|        scalar|
|Abe               |   in|   64|     ap_none|                                                 Abe|        scalar|
|Abi               |   in|   64|     ap_none|                                                 Abi|        scalar|
|Abo               |   in|   64|     ap_none|                                                 Abo|        scalar|
|Abu               |   in|   64|     ap_none|                                                 Abu|        scalar|
|Aga               |   in|   64|     ap_none|                                                 Aga|        scalar|
|Age               |   in|   64|     ap_none|                                                 Age|        scalar|
|Agi               |   in|   64|     ap_none|                                                 Agi|        scalar|
|Ago               |   in|   64|     ap_none|                                                 Ago|        scalar|
|Agu               |   in|   64|     ap_none|                                                 Agu|        scalar|
|Aka               |   in|   64|     ap_none|                                                 Aka|        scalar|
|Ake               |   in|   64|     ap_none|                                                 Ake|        scalar|
|Aki               |   in|   64|     ap_none|                                                 Aki|        scalar|
|Ako               |   in|   64|     ap_none|                                                 Ako|        scalar|
|Aku               |   in|   64|     ap_none|                                                 Aku|        scalar|
|Ama               |   in|   64|     ap_none|                                                 Ama|        scalar|
|Ame               |   in|   64|     ap_none|                                                 Ame|        scalar|
|Ami               |   in|   64|     ap_none|                                                 Ami|        scalar|
|Amo               |   in|   64|     ap_none|                                                 Amo|        scalar|
|Amu               |   in|   64|     ap_none|                                                 Amu|        scalar|
|Asa               |   in|   64|     ap_none|                                                 Asa|        scalar|
|Ase               |   in|   64|     ap_none|                                                 Ase|        scalar|
|Asi               |   in|   64|     ap_none|                                                 Asi|        scalar|
|Aso               |   in|   64|     ap_none|                                                 Aso|        scalar|
|Asu_1_out         |  out|   64|      ap_vld|                                           Asu_1_out|       pointer|
|Asu_1_out_ap_vld  |  out|    1|      ap_vld|                                           Asu_1_out|       pointer|
|Aba_1_out         |  out|   64|      ap_vld|                                           Aba_1_out|       pointer|
|Aba_1_out_ap_vld  |  out|    1|      ap_vld|                                           Aba_1_out|       pointer|
|Abe_1_out         |  out|   64|      ap_vld|                                           Abe_1_out|       pointer|
|Abe_1_out_ap_vld  |  out|    1|      ap_vld|                                           Abe_1_out|       pointer|
|Abi_1_out         |  out|   64|      ap_vld|                                           Abi_1_out|       pointer|
|Abi_1_out_ap_vld  |  out|    1|      ap_vld|                                           Abi_1_out|       pointer|
|Abo_1_out         |  out|   64|      ap_vld|                                           Abo_1_out|       pointer|
|Abo_1_out_ap_vld  |  out|    1|      ap_vld|                                           Abo_1_out|       pointer|
|Abu_1_out         |  out|   64|      ap_vld|                                           Abu_1_out|       pointer|
|Abu_1_out_ap_vld  |  out|    1|      ap_vld|                                           Abu_1_out|       pointer|
|Aga_1_out         |  out|   64|      ap_vld|                                           Aga_1_out|       pointer|
|Aga_1_out_ap_vld  |  out|    1|      ap_vld|                                           Aga_1_out|       pointer|
|Age_1_out         |  out|   64|      ap_vld|                                           Age_1_out|       pointer|
|Age_1_out_ap_vld  |  out|    1|      ap_vld|                                           Age_1_out|       pointer|
|Agi_1_out         |  out|   64|      ap_vld|                                           Agi_1_out|       pointer|
|Agi_1_out_ap_vld  |  out|    1|      ap_vld|                                           Agi_1_out|       pointer|
|Ago_1_out         |  out|   64|      ap_vld|                                           Ago_1_out|       pointer|
|Ago_1_out_ap_vld  |  out|    1|      ap_vld|                                           Ago_1_out|       pointer|
|Agu_1_out         |  out|   64|      ap_vld|                                           Agu_1_out|       pointer|
|Agu_1_out_ap_vld  |  out|    1|      ap_vld|                                           Agu_1_out|       pointer|
|Aka_1_out         |  out|   64|      ap_vld|                                           Aka_1_out|       pointer|
|Aka_1_out_ap_vld  |  out|    1|      ap_vld|                                           Aka_1_out|       pointer|
|Ake_1_out         |  out|   64|      ap_vld|                                           Ake_1_out|       pointer|
|Ake_1_out_ap_vld  |  out|    1|      ap_vld|                                           Ake_1_out|       pointer|
|Aki_1_out         |  out|   64|      ap_vld|                                           Aki_1_out|       pointer|
|Aki_1_out_ap_vld  |  out|    1|      ap_vld|                                           Aki_1_out|       pointer|
|Ako_1_out         |  out|   64|      ap_vld|                                           Ako_1_out|       pointer|
|Ako_1_out_ap_vld  |  out|    1|      ap_vld|                                           Ako_1_out|       pointer|
|Aku_1_out         |  out|   64|      ap_vld|                                           Aku_1_out|       pointer|
|Aku_1_out_ap_vld  |  out|    1|      ap_vld|                                           Aku_1_out|       pointer|
|Ama_1_out         |  out|   64|      ap_vld|                                           Ama_1_out|       pointer|
|Ama_1_out_ap_vld  |  out|    1|      ap_vld|                                           Ama_1_out|       pointer|
|Ame_1_out         |  out|   64|      ap_vld|                                           Ame_1_out|       pointer|
|Ame_1_out_ap_vld  |  out|    1|      ap_vld|                                           Ame_1_out|       pointer|
|Ami_1_out         |  out|   64|      ap_vld|                                           Ami_1_out|       pointer|
|Ami_1_out_ap_vld  |  out|    1|      ap_vld|                                           Ami_1_out|       pointer|
|Amo_1_out         |  out|   64|      ap_vld|                                           Amo_1_out|       pointer|
|Amo_1_out_ap_vld  |  out|    1|      ap_vld|                                           Amo_1_out|       pointer|
|Amu_1_out         |  out|   64|      ap_vld|                                           Amu_1_out|       pointer|
|Amu_1_out_ap_vld  |  out|    1|      ap_vld|                                           Amu_1_out|       pointer|
|Asa_1_out         |  out|   64|      ap_vld|                                           Asa_1_out|       pointer|
|Asa_1_out_ap_vld  |  out|    1|      ap_vld|                                           Asa_1_out|       pointer|
|Ase_1_out         |  out|   64|      ap_vld|                                           Ase_1_out|       pointer|
|Ase_1_out_ap_vld  |  out|    1|      ap_vld|                                           Ase_1_out|       pointer|
|Asi_1_out         |  out|   64|      ap_vld|                                           Asi_1_out|       pointer|
|Asi_1_out_ap_vld  |  out|    1|      ap_vld|                                           Asi_1_out|       pointer|
|Aso_1_out         |  out|   64|      ap_vld|                                           Aso_1_out|       pointer|
|Aso_1_out_ap_vld  |  out|    1|      ap_vld|                                           Aso_1_out|       pointer|
+------------------+-----+-----+------------+----------------------------------------------------+--------------+

