

================================================================
== Vitis HLS Report for 'mp_mul_141_Pipeline_VITIS_LOOP_157_4'
================================================================
* Date:           Tue May 20 14:36:40 2025

* Version:        2024.2.2 (Build 6049644 on Mar  5 2025)
* Project:        sikep503_hls
* Solution:       solution1 (Vivado IP Flow Target)
* Product family: zynq
* Target device:  xc7z020-clg484-1


================================================================
== Performance Estimates
================================================================
+ Timing: 
    * Summary: 
    +--------+----------+----------+------------+
    |  Clock |  Target  | Estimated| Uncertainty|
    +--------+----------+----------+------------+
    |ap_clk  |  10.00 ns|  7.040 ns|     2.70 ns|
    +--------+----------+----------+------------+

+ Latency: 
    * Summary: 
    +---------+---------+----------+----------+-----+-----+------------------------------------------------+
    |  Latency (cycles) |  Latency (absolute) |  Interval |                    Pipeline                    |
    |   min   |   max   |    min   |    max   | min | max |                      Type                      |
    +---------+---------+----------+----------+-----+-----+------------------------------------------------+
    |       11|       17|  0.110 us|  0.170 us|    2|    8|  loop auto-rewind stp (delay=0 clock cycles(s))|
    +---------+---------+----------+----------+-----+-----+------------------------------------------------+

    + Detail: 
        * Instance: 
        N/A

        * Loop: 
        +--------------------+---------+---------+----------+-----------+-----------+-------+----------+
        |                    |  Latency (cycles) | Iteration|  Initiation Interval  |  Trip |          |
        |      Loop Name     |   min   |   max   |  Latency |  achieved |   target  | Count | Pipelined|
        +--------------------+---------+---------+----------+-----------+-----------+-------+----------+
        |- VITIS_LOOP_157_4  |        9|       15|        10|          1|          1|  1 ~ 7|       yes|
        +--------------------+---------+---------+----------+-----------+-----------+-------+----------+



================================================================
== Utilization Estimates
================================================================
* Summary: 
+-----------------+---------+-----+--------+-------+-----+
|       Name      | BRAM_18K| DSP |   FF   |  LUT  | URAM|
+-----------------+---------+-----+--------+-------+-----+
|DSP              |        -|    -|       -|      -|    -|
|Expression       |        -|    -|       0|   1259|    -|
|FIFO             |        -|    -|       -|      -|    -|
|Instance         |        -|    -|       -|      -|    -|
|Memory           |        -|    -|       -|      -|    -|
|Multiplexer      |        -|    -|       0|     68|    -|
|Register         |        -|    -|    1187|     96|    -|
+-----------------+---------+-----+--------+-------+-----+
|Total            |        0|    0|    1187|   1423|    0|
+-----------------+---------+-----+--------+-------+-----+
|Available        |      280|  220|  106400|  53200|    0|
+-----------------+---------+-----+--------+-------+-----+
|Utilization (%)  |        0|    0|       1|      2|    0|
+-----------------+---------+-----+--------+-------+-----+

+ Detail: 
    * Instance: 
    N/A

    * DSP: 
    N/A

    * Memory: 
    N/A

    * FIFO: 
    N/A

    * Expression: 
    +-------------------------+----------+----+---+----+------------+------------+
    |      Variable Name      | Operation| DSP| FF| LUT| Bitwidth P0| Bitwidth P1|
    +-------------------------+----------+----+---+----+------------+------------+
    |add_ln105_fu_468_p2      |         +|   0|  0|  32|          32|          32|
    |add_ln123_fu_398_p2      |         +|   0|  0|  40|          33|          33|
    |add_ln130_193_fu_444_p2  |         +|   0|  0|  40|          33|          33|
    |add_ln130_194_fu_454_p2  |         +|   0|  0|  40|          33|          33|
    |add_ln130_fu_440_p2      |         +|   0|  0|  32|          32|          32|
    |add_ln133_fu_518_p2      |         +|   0|  0|  71|          64|          64|
    |add_ln157_fu_238_p2      |         +|   0|  0|  13|           4|           1|
    |add_ln158_12_fu_275_p2   |         +|   0|  0|   7|           4|           4|
    |add_ln158_fu_260_p2      |         +|   0|  0|  14|           7|           7|
    |t_fu_684_p2              |         +|   0|  0|  11|           3|           3|
    |tempReg_fu_589_p2        |         +|   0|  0|  71|          64|          64|
    |temp_81_fu_474_p2        |         +|   0|  0|  41|          34|          34|
    |temp_fu_408_p2           |         +|   0|  0|  41|          34|          34|
    |u_fu_604_p2              |         +|   0|  0|  71|          64|          64|
    |v_193_fu_530_p2          |         +|   0|  0|  71|          64|          64|
    |sub_ln158_fu_271_p2      |         -|   0|  0|   7|           4|           4|
    |and_ln160_fu_656_p2      |       and|   0|  0|  64|          64|          64|
    |icmp_ln157_fu_232_p2     |      icmp|   0|  0|  13|           4|           5|
    |or_ln105_13_fu_548_p2    |        or|   0|  0|  64|          64|          64|
    |or_ln160_25_fu_626_p2    |        or|   0|  0|  64|          64|          64|
    |or_ln160_fu_666_p2       |        or|   0|  0|  64|          64|          64|
    |ap_enable_pp0            |       xor|   0|  0|   2|           1|           2|
    |xor_ln105_63_fu_536_p2   |       xor|   0|  0|  64|          64|          64|
    |xor_ln105_64_fu_542_p2   |       xor|   0|  0|  64|          64|          64|
    |xor_ln105_65_fu_554_p2   |       xor|   0|  0|  64|          64|          64|
    |xor_ln160_37_fu_622_p2   |       xor|   0|  0|  64|          64|          64|
    |xor_ln160_39_fu_661_p2   |       xor|   0|  0|  64|          64|          64|
    |xor_ln160_49_fu_639_p2   |       xor|   0|  0|   2|           1|           2|
    |xor_ln160_fu_618_p2      |       xor|   0|  0|  64|          64|          64|
    +-------------------------+----------+----+---+----+------------+------------+
    |Total                    |          |   0|  0|1259|        1155|        1155|
    +-------------------------+----------+----+---+----+------------+------------+

    * Multiplexer: 
    +-------------------------+----+-----------+-----+-----------+
    |           Name          | LUT| Input Size| Bits| Total Bits|
    +-------------------------+----+-----------+-----+-----------+
    |ap_done_int              |   9|          2|    1|          2|
    |ap_enable_reg_pp0_iter1  |   9|          2|    1|          2|
    |ap_sig_allocacmp_j       |   9|          2|    4|          8|
    |j_19_fu_98               |   9|          2|    4|          8|
    |t_33_fu_90               |   9|          2|    3|          6|
    |u_34_out_o               |  14|          3|   64|        192|
    |v_35_fu_94               |   9|          2|   64|        128|
    +-------------------------+----+-----------+-----+-----------+
    |Total                    |  68|         15|  141|        346|
    +-------------------------+----+-----------+-----+-----------+

    * Register: 
    +---------------------------------------+----+----+-----+-----------+
    |                  Name                 | FF | LUT| Bits| Const Bits|
    +---------------------------------------+----+----+-----+-----------+
    |add_ln105_reg_863                      |  32|   0|   32|          0|
    |add_ln133_reg_873                      |  32|   0|   64|         32|
    |add_ln133_reg_873_pp0_iter8_reg        |  32|   0|   64|         32|
    |ah_reg_776                             |  32|   0|   32|          0|
    |al_reg_766                             |  32|   0|   32|          0|
    |ap_CS_fsm                              |   1|   0|    1|          0|
    |ap_done_reg                            |   1|   0|    1|          0|
    |ap_enable_reg_pp0_iter1                |   1|   0|    1|          0|
    |ap_enable_reg_pp0_iter2                |   1|   0|    1|          0|
    |ap_enable_reg_pp0_iter3                |   1|   0|    1|          0|
    |ap_enable_reg_pp0_iter4                |   1|   0|    1|          0|
    |ap_enable_reg_pp0_iter5                |   1|   0|    1|          0|
    |ap_enable_reg_pp0_iter6                |   1|   0|    1|          0|
    |ap_enable_reg_pp0_iter7                |   1|   0|    1|          0|
    |ap_enable_reg_pp0_iter8                |   1|   0|    1|          0|
    |ap_enable_reg_pp0_iter9                |   1|   0|    1|          0|
    |ap_loop_exit_ready_pp0_iter1_reg       |   1|   0|    1|          0|
    |ap_loop_exit_ready_pp0_iter2_reg       |   1|   0|    1|          0|
    |ap_loop_exit_ready_pp0_iter3_reg       |   1|   0|    1|          0|
    |ap_loop_exit_ready_pp0_iter4_reg       |   1|   0|    1|          0|
    |ap_loop_exit_ready_pp0_iter5_reg       |   1|   0|    1|          0|
    |ap_loop_exit_ready_pp0_iter6_reg       |   1|   0|    1|          0|
    |ap_loop_exit_ready_pp0_iter7_reg       |   1|   0|    1|          0|
    |ap_loop_exit_ready_pp0_iter8_reg       |   1|   0|    1|          0|
    |bh_reg_781                             |  32|   0|   32|          0|
    |bl_reg_771                             |  32|   0|   32|          0|
    |icmp_ln157_reg_752                     |   1|   0|    1|          0|
    |j_19_fu_98                             |   4|   0|    4|          0|
    |j_reg_746                              |   4|   0|    4|          0|
    |t_33_fu_90                             |   3|   0|    3|          0|
    |tempReg_reg_878                        |  64|   0|   64|          0|
    |tempReg_reg_878_pp0_iter8_reg          |  64|   0|   64|          0|
    |tmp_450_reg_831                        |  32|   0|   32|          0|
    |tmp_451_reg_852                        |   2|   0|    2|          0|
    |tmp_452_reg_836                        |  32|   0|   32|          0|
    |tmp_452_reg_836_pp0_iter5_reg          |  32|   0|   32|          0|
    |tmp_453_reg_842                        |  32|   0|   32|          0|
    |tmp_453_reg_842_pp0_iter5_reg          |  32|   0|   32|          0|
    |tmp_454_reg_847                        |  32|   0|   32|          0|
    |tmp_455_reg_868                        |   2|   0|    2|          0|
    |trunc_ln106_246_reg_815                |  32|   0|   32|          0|
    |trunc_ln106_247_reg_820                |  32|   0|   32|          0|
    |trunc_ln106_248_reg_825                |  32|   0|   32|          0|
    |trunc_ln106_248_reg_825_pp0_iter5_reg  |  32|   0|   32|          0|
    |trunc_ln106_reg_810                    |  32|   0|   32|          0|
    |trunc_ln125_reg_857                    |  32|   0|   32|          0|
    |trunc_ln125_reg_857_pp0_iter6_reg      |  32|   0|   32|          0|
    |u_34_out_load_reg_887                  |  64|   0|   64|          0|
    |u_reg_892                              |  64|   0|   64|          0|
    |v_35_fu_94                             |  64|   0|   64|          0|
    |icmp_ln157_reg_752                     |  64|  32|    1|          0|
    |tmp_454_reg_847                        |  64|  32|   32|          0|
    |trunc_ln106_reg_810                    |  64|  32|   32|          0|
    +---------------------------------------+----+----+-----+-----------+
    |Total                                  |1187|  96| 1124|         64|
    +---------------------------------------+----+----+-----+-----------+



================================================================
== Interface
================================================================
* Summary: 
+--------------------+-----+-----+------------+--------------------------------------+--------------+
|      RTL Ports     | Dir | Bits|  Protocol  |             Source Object            |    C Type    |
+--------------------+-----+-----+------------+--------------------------------------+--------------+
|ap_clk              |   in|    1|  ap_ctrl_hs|  mp_mul.141_Pipeline_VITIS_LOOP_157_4|  return value|
|ap_rst              |   in|    1|  ap_ctrl_hs|  mp_mul.141_Pipeline_VITIS_LOOP_157_4|  return value|
|ap_start            |   in|    1|  ap_ctrl_hs|  mp_mul.141_Pipeline_VITIS_LOOP_157_4|  return value|
|ap_done             |  out|    1|  ap_ctrl_hs|  mp_mul.141_Pipeline_VITIS_LOOP_157_4|  return value|
|ap_idle             |  out|    1|  ap_ctrl_hs|  mp_mul.141_Pipeline_VITIS_LOOP_157_4|  return value|
|ap_ready            |  out|    1|  ap_ctrl_hs|  mp_mul.141_Pipeline_VITIS_LOOP_157_4|  return value|
|grp_fu_490_p_din0   |  out|   32|  ap_ctrl_hs|  mp_mul.141_Pipeline_VITIS_LOOP_157_4|  return value|
|grp_fu_490_p_din1   |  out|   32|  ap_ctrl_hs|  mp_mul.141_Pipeline_VITIS_LOOP_157_4|  return value|
|grp_fu_490_p_dout0  |   in|   64|  ap_ctrl_hs|  mp_mul.141_Pipeline_VITIS_LOOP_157_4|  return value|
|grp_fu_490_p_ce     |  out|    1|  ap_ctrl_hs|  mp_mul.141_Pipeline_VITIS_LOOP_157_4|  return value|
|grp_fu_494_p_din0   |  out|   32|  ap_ctrl_hs|  mp_mul.141_Pipeline_VITIS_LOOP_157_4|  return value|
|grp_fu_494_p_din1   |  out|   32|  ap_ctrl_hs|  mp_mul.141_Pipeline_VITIS_LOOP_157_4|  return value|
|grp_fu_494_p_dout0  |   in|   64|  ap_ctrl_hs|  mp_mul.141_Pipeline_VITIS_LOOP_157_4|  return value|
|grp_fu_494_p_ce     |  out|    1|  ap_ctrl_hs|  mp_mul.141_Pipeline_VITIS_LOOP_157_4|  return value|
|grp_fu_498_p_din0   |  out|   32|  ap_ctrl_hs|  mp_mul.141_Pipeline_VITIS_LOOP_157_4|  return value|
|grp_fu_498_p_din1   |  out|   32|  ap_ctrl_hs|  mp_mul.141_Pipeline_VITIS_LOOP_157_4|  return value|
|grp_fu_498_p_dout0  |   in|   64|  ap_ctrl_hs|  mp_mul.141_Pipeline_VITIS_LOOP_157_4|  return value|
|grp_fu_498_p_ce     |  out|    1|  ap_ctrl_hs|  mp_mul.141_Pipeline_VITIS_LOOP_157_4|  return value|
|grp_fu_502_p_din0   |  out|   32|  ap_ctrl_hs|  mp_mul.141_Pipeline_VITIS_LOOP_157_4|  return value|
|grp_fu_502_p_din1   |  out|   32|  ap_ctrl_hs|  mp_mul.141_Pipeline_VITIS_LOOP_157_4|  return value|
|grp_fu_502_p_dout0  |   in|   64|  ap_ctrl_hs|  mp_mul.141_Pipeline_VITIS_LOOP_157_4|  return value|
|grp_fu_502_p_ce     |  out|    1|  ap_ctrl_hs|  mp_mul.141_Pipeline_VITIS_LOOP_157_4|  return value|
|indvars_iv          |   in|    3|     ap_none|                            indvars_iv|        scalar|
|v                   |   in|   64|     ap_none|                                     v|        scalar|
|zext_ln156          |   in|    4|     ap_none|                            zext_ln156|        scalar|
|a_offset            |   in|    3|     ap_none|                              a_offset|        scalar|
|a_offset2           |   in|    1|     ap_none|                             a_offset2|        scalar|
|a_address0          |  out|    7|   ap_memory|                                     a|         array|
|a_ce0               |  out|    1|   ap_memory|                                     a|         array|
|a_q0                |   in|   64|   ap_memory|                                     a|         array|
|i_25                |   in|    4|     ap_none|                                  i_25|        scalar|
|zext_ln145          |   in|    4|     ap_none|                            zext_ln145|        scalar|
|b_address0          |  out|    4|   ap_memory|                                     b|         array|
|b_ce0               |  out|    1|   ap_memory|                                     b|         array|
|b_q0                |   in|   64|   ap_memory|                                     b|         array|
|v_35_out            |  out|   64|      ap_vld|                              v_35_out|       pointer|
|v_35_out_ap_vld     |  out|    1|      ap_vld|                              v_35_out|       pointer|
|u_34_out_i          |   in|   64|     ap_ovld|                              u_34_out|       pointer|
|u_34_out_o          |  out|   64|     ap_ovld|                              u_34_out|       pointer|
|u_34_out_o_ap_vld   |  out|    1|     ap_ovld|                              u_34_out|       pointer|
|t_33_out            |  out|    3|      ap_vld|                              t_33_out|       pointer|
|t_33_out_ap_vld     |  out|    1|      ap_vld|                              t_33_out|       pointer|
+--------------------+-----+-----+------------+--------------------------------------+--------------+

