

================================================================
== Vitis HLS Report for 'mp_mul_8_Pipeline_VITIS_LOOP_157_4'
================================================================
* Date:           Tue May 20 14:37:37 2025

* Version:        2024.2.2 (Build 6049644 on Mar  5 2025)
* Project:        sikep503_hls
* Solution:       solution1 (Vivado IP Flow Target)
* Product family: zynq
* Target device:  xc7z020-clg484-1


================================================================
== Performance Estimates
================================================================
+ Timing: 
    * Summary: 
    +--------+----------+----------+------------+
    |  Clock |  Target  | Estimated| Uncertainty|
    +--------+----------+----------+------------+
    |ap_clk  |  10.00 ns|  7.040 ns|     2.70 ns|
    +--------+----------+----------+------------+

+ Latency: 
    * Summary: 
    +---------+---------+----------+----------+-----+-----+------------------------------------------------+
    |  Latency (cycles) |  Latency (absolute) |  Interval |                    Pipeline                    |
    |   min   |   max   |    min   |    max   | min | max |                      Type                      |
    +---------+---------+----------+----------+-----+-----+------------------------------------------------+
    |       11|       17|  0.110 us|  0.170 us|    2|    8|  loop auto-rewind stp (delay=0 clock cycles(s))|
    +---------+---------+----------+----------+-----+-----+------------------------------------------------+

    + Detail: 
        * Instance: 
        N/A

        * Loop: 
        +--------------------+---------+---------+----------+-----------+-----------+-------+----------+
        |                    |  Latency (cycles) | Iteration|  Initiation Interval  |  Trip |          |
        |      Loop Name     |   min   |   max   |  Latency |  achieved |   target  | Count | Pipelined|
        +--------------------+---------+---------+----------+-----------+-----------+-------+----------+
        |- VITIS_LOOP_157_4  |        9|       15|        10|          1|          1|  1 ~ 7|       yes|
        +--------------------+---------+---------+----------+-----------+-----------+-------+----------+



================================================================
== Utilization Estimates
================================================================
* Summary: 
+-----------------+---------+-----+--------+-------+-----+
|       Name      | BRAM_18K| DSP |   FF   |  LUT  | URAM|
+-----------------+---------+-----+--------+-------+-----+
|DSP              |        -|    -|       -|      -|    -|
|Expression       |        -|    -|       0|   1246|    -|
|FIFO             |        -|    -|       -|      -|    -|
|Instance         |        -|    -|       -|      -|    -|
|Memory           |        -|    -|       -|      -|    -|
|Multiplexer      |        -|    -|       0|     68|    -|
|Register         |        -|    -|    1191|     96|    -|
+-----------------+---------+-----+--------+-------+-----+
|Total            |        0|    0|    1191|   1410|    0|
+-----------------+---------+-----+--------+-------+-----+
|Available        |      280|  220|  106400|  53200|    0|
+-----------------+---------+-----+--------+-------+-----+
|Utilization (%)  |        0|    0|       1|      2|    0|
+-----------------+---------+-----+--------+-------+-----+

+ Detail: 
    * Instance: 
    N/A

    * DSP: 
    N/A

    * Memory: 
    N/A

    * FIFO: 
    N/A

    * Expression: 
    +------------------------+----------+----+---+----+------------+------------+
    |      Variable Name     | Operation| DSP| FF| LUT| Bitwidth P0| Bitwidth P1|
    +------------------------+----------+----+---+----+------------+------------+
    |add_ln105_fu_456_p2     |         +|   0|  0|  32|          32|          32|
    |add_ln123_fu_386_p2     |         +|   0|  0|  40|          33|          33|
    |add_ln130_52_fu_432_p2  |         +|   0|  0|  40|          33|          33|
    |add_ln130_53_fu_442_p2  |         +|   0|  0|  40|          33|          33|
    |add_ln130_fu_428_p2     |         +|   0|  0|  32|          32|          32|
    |add_ln133_fu_506_p2     |         +|   0|  0|  71|          64|          64|
    |add_ln157_fu_219_p2     |         +|   0|  0|  13|           4|           1|
    |t_fu_672_p2             |         +|   0|  0|  11|           3|           3|
    |tempReg_fu_577_p2       |         +|   0|  0|  71|          64|          64|
    |temp_27_fu_462_p2       |         +|   0|  0|  41|          34|          34|
    |temp_fu_396_p2          |         +|   0|  0|  41|          34|          34|
    |u_fu_592_p2             |         +|   0|  0|  71|          64|          64|
    |v_113_fu_518_p2         |         +|   0|  0|  71|          64|          64|
    |sub_ln158_fu_237_p2     |         -|   0|  0|  13|           5|           5|
    |and_ln160_fu_644_p2     |       and|   0|  0|  64|          64|          64|
    |icmp_ln157_fu_213_p2    |      icmp|   0|  0|  13|           4|           5|
    |or_ln105_3_fu_536_p2    |        or|   0|  0|  64|          64|          64|
    |or_ln160_2_fu_654_p2    |        or|   0|  0|  64|          64|          64|
    |or_ln160_fu_614_p2      |        or|   0|  0|  64|          64|          64|
    |ap_enable_pp0           |       xor|   0|  0|   2|           1|           2|
    |xor_ln105_13_fu_524_p2  |       xor|   0|  0|  64|          64|          64|
    |xor_ln105_14_fu_530_p2  |       xor|   0|  0|  64|          64|          64|
    |xor_ln105_15_fu_542_p2  |       xor|   0|  0|  64|          64|          64|
    |xor_ln158_fu_250_p2     |       xor|   0|  0|   2|           1|           2|
    |xor_ln160_5_fu_610_p2   |       xor|   0|  0|  64|          64|          64|
    |xor_ln160_6_fu_627_p2   |       xor|   0|  0|   2|           1|           2|
    |xor_ln160_7_fu_649_p2   |       xor|   0|  0|  64|          64|          64|
    |xor_ln160_fu_606_p2     |       xor|   0|  0|  64|          64|          64|
    +------------------------+----------+----+---+----+------------+------------+
    |Total                   |          |   0|  0|1246|        1146|        1147|
    +------------------------+----------+----+---+----+------------+------------+

    * Multiplexer: 
    +-------------------------+----+-----------+-----+-----------+
    |           Name          | LUT| Input Size| Bits| Total Bits|
    +-------------------------+----+-----------+-----+-----------+
    |ap_done_int              |   9|          2|    1|          2|
    |ap_enable_reg_pp0_iter1  |   9|          2|    1|          2|
    |ap_sig_allocacmp_j       |   9|          2|    4|          8|
    |j_9_fu_94                |   9|          2|    4|          8|
    |t_33_fu_86               |   9|          2|    3|          6|
    |u_34_out_o               |  14|          3|   64|        192|
    |v_35_fu_90               |   9|          2|   64|        128|
    +-------------------------+----+-----------+-----+-----------+
    |Total                    |  68|         15|  141|        346|
    +-------------------------+----+-----------+-----+-----------+

    * Register: 
    +--------------------------------------+----+----+-----+-----------+
    |                 Name                 | FF | LUT| Bits| Const Bits|
    +--------------------------------------+----+----+-----+-----------+
    |add_ln105_reg_836                     |  32|   0|   32|          0|
    |add_ln133_reg_846                     |  32|   0|   64|         32|
    |add_ln133_reg_846_pp0_iter8_reg       |  32|   0|   64|         32|
    |ah_reg_749                            |  32|   0|   32|          0|
    |al_reg_739                            |  32|   0|   32|          0|
    |ap_CS_fsm                             |   1|   0|    1|          0|
    |ap_done_reg                           |   1|   0|    1|          0|
    |ap_enable_reg_pp0_iter1               |   1|   0|    1|          0|
    |ap_enable_reg_pp0_iter2               |   1|   0|    1|          0|
    |ap_enable_reg_pp0_iter3               |   1|   0|    1|          0|
    |ap_enable_reg_pp0_iter4               |   1|   0|    1|          0|
    |ap_enable_reg_pp0_iter5               |   1|   0|    1|          0|
    |ap_enable_reg_pp0_iter6               |   1|   0|    1|          0|
    |ap_enable_reg_pp0_iter7               |   1|   0|    1|          0|
    |ap_enable_reg_pp0_iter8               |   1|   0|    1|          0|
    |ap_enable_reg_pp0_iter9               |   1|   0|    1|          0|
    |ap_loop_exit_ready_pp0_iter1_reg      |   1|   0|    1|          0|
    |ap_loop_exit_ready_pp0_iter2_reg      |   1|   0|    1|          0|
    |ap_loop_exit_ready_pp0_iter3_reg      |   1|   0|    1|          0|
    |ap_loop_exit_ready_pp0_iter4_reg      |   1|   0|    1|          0|
    |ap_loop_exit_ready_pp0_iter5_reg      |   1|   0|    1|          0|
    |ap_loop_exit_ready_pp0_iter6_reg      |   1|   0|    1|          0|
    |ap_loop_exit_ready_pp0_iter7_reg      |   1|   0|    1|          0|
    |ap_loop_exit_ready_pp0_iter8_reg      |   1|   0|    1|          0|
    |bh_reg_754                            |  32|   0|   32|          0|
    |bl_reg_744                            |  32|   0|   32|          0|
    |icmp_ln157_reg_725                    |   1|   0|    1|          0|
    |j_9_fu_94                             |   4|   0|    4|          0|
    |j_reg_719                             |   4|   0|    4|          0|
    |t_33_fu_86                            |   3|   0|    3|          0|
    |tempReg_reg_851                       |  64|   0|   64|          0|
    |tempReg_reg_851_pp0_iter8_reg         |  64|   0|   64|          0|
    |tmp_130_reg_825                       |   2|   0|    2|          0|
    |tmp_131_reg_809                       |  32|   0|   32|          0|
    |tmp_131_reg_809_pp0_iter5_reg         |  32|   0|   32|          0|
    |tmp_132_reg_815                       |  32|   0|   32|          0|
    |tmp_132_reg_815_pp0_iter5_reg         |  32|   0|   32|          0|
    |tmp_133_reg_820                       |  32|   0|   32|          0|
    |tmp_134_reg_841                       |   2|   0|    2|          0|
    |tmp_s_reg_804                         |  32|   0|   32|          0|
    |trunc_ln106_84_reg_788                |  32|   0|   32|          0|
    |trunc_ln106_85_reg_793                |  32|   0|   32|          0|
    |trunc_ln106_86_reg_798                |  32|   0|   32|          0|
    |trunc_ln106_86_reg_798_pp0_iter5_reg  |  32|   0|   32|          0|
    |trunc_ln106_reg_783                   |  32|   0|   32|          0|
    |trunc_ln125_reg_830                   |  32|   0|   32|          0|
    |trunc_ln125_reg_830_pp0_iter6_reg     |  32|   0|   32|          0|
    |u_34_out_load_reg_860                 |  64|   0|   64|          0|
    |u_reg_865                             |  64|   0|   64|          0|
    |v_35_fu_90                            |  64|   0|   64|          0|
    |zext_ln156_2_cast_reg_714             |   4|   0|    5|          1|
    |icmp_ln157_reg_725                    |  64|  32|    1|          0|
    |tmp_133_reg_820                       |  64|  32|   32|          0|
    |trunc_ln106_reg_783                   |  64|  32|   32|          0|
    +--------------------------------------+----+----+-----+-----------+
    |Total                                 |1191|  96| 1129|         65|
    +--------------------------------------+----+----+-----+-----------+



================================================================
== Interface
================================================================
* Summary: 
+--------------------+-----+-----+------------+------------------------------------+--------------+
|      RTL Ports     | Dir | Bits|  Protocol  |            Source Object           |    C Type    |
+--------------------+-----+-----+------------+------------------------------------+--------------+
|ap_clk              |   in|    1|  ap_ctrl_hs|  mp_mul.8_Pipeline_VITIS_LOOP_157_4|  return value|
|ap_rst              |   in|    1|  ap_ctrl_hs|  mp_mul.8_Pipeline_VITIS_LOOP_157_4|  return value|
|ap_start            |   in|    1|  ap_ctrl_hs|  mp_mul.8_Pipeline_VITIS_LOOP_157_4|  return value|
|ap_done             |  out|    1|  ap_ctrl_hs|  mp_mul.8_Pipeline_VITIS_LOOP_157_4|  return value|
|ap_idle             |  out|    1|  ap_ctrl_hs|  mp_mul.8_Pipeline_VITIS_LOOP_157_4|  return value|
|ap_ready            |  out|    1|  ap_ctrl_hs|  mp_mul.8_Pipeline_VITIS_LOOP_157_4|  return value|
|grp_fu_418_p_din0   |  out|   32|  ap_ctrl_hs|  mp_mul.8_Pipeline_VITIS_LOOP_157_4|  return value|
|grp_fu_418_p_din1   |  out|   32|  ap_ctrl_hs|  mp_mul.8_Pipeline_VITIS_LOOP_157_4|  return value|
|grp_fu_418_p_dout0  |   in|   64|  ap_ctrl_hs|  mp_mul.8_Pipeline_VITIS_LOOP_157_4|  return value|
|grp_fu_418_p_ce     |  out|    1|  ap_ctrl_hs|  mp_mul.8_Pipeline_VITIS_LOOP_157_4|  return value|
|grp_fu_422_p_din0   |  out|   32|  ap_ctrl_hs|  mp_mul.8_Pipeline_VITIS_LOOP_157_4|  return value|
|grp_fu_422_p_din1   |  out|   32|  ap_ctrl_hs|  mp_mul.8_Pipeline_VITIS_LOOP_157_4|  return value|
|grp_fu_422_p_dout0  |   in|   64|  ap_ctrl_hs|  mp_mul.8_Pipeline_VITIS_LOOP_157_4|  return value|
|grp_fu_422_p_ce     |  out|    1|  ap_ctrl_hs|  mp_mul.8_Pipeline_VITIS_LOOP_157_4|  return value|
|grp_fu_426_p_din0   |  out|   32|  ap_ctrl_hs|  mp_mul.8_Pipeline_VITIS_LOOP_157_4|  return value|
|grp_fu_426_p_din1   |  out|   32|  ap_ctrl_hs|  mp_mul.8_Pipeline_VITIS_LOOP_157_4|  return value|
|grp_fu_426_p_dout0  |   in|   64|  ap_ctrl_hs|  mp_mul.8_Pipeline_VITIS_LOOP_157_4|  return value|
|grp_fu_426_p_ce     |  out|    1|  ap_ctrl_hs|  mp_mul.8_Pipeline_VITIS_LOOP_157_4|  return value|
|grp_fu_430_p_din0   |  out|   32|  ap_ctrl_hs|  mp_mul.8_Pipeline_VITIS_LOOP_157_4|  return value|
|grp_fu_430_p_din1   |  out|   32|  ap_ctrl_hs|  mp_mul.8_Pipeline_VITIS_LOOP_157_4|  return value|
|grp_fu_430_p_dout0  |   in|   64|  ap_ctrl_hs|  mp_mul.8_Pipeline_VITIS_LOOP_157_4|  return value|
|grp_fu_430_p_ce     |  out|    1|  ap_ctrl_hs|  mp_mul.8_Pipeline_VITIS_LOOP_157_4|  return value|
|indvars_iv          |   in|    3|     ap_none|                          indvars_iv|        scalar|
|v                   |   in|   64|     ap_none|                                   v|        scalar|
|zext_ln156          |   in|    4|     ap_none|                          zext_ln156|        scalar|
|PKB_address0        |  out|    6|   ap_memory|                                 PKB|         array|
|PKB_ce0             |  out|    1|   ap_memory|                                 PKB|         array|
|PKB_q0              |   in|   64|   ap_memory|                                 PKB|         array|
|PKB_address1        |  out|    6|   ap_memory|                                 PKB|         array|
|PKB_ce1             |  out|    1|   ap_memory|                                 PKB|         array|
|PKB_q1              |   in|   64|   ap_memory|                                 PKB|         array|
|zext_ln156_2        |   in|    4|     ap_none|                        zext_ln156_2|        scalar|
|v_35_out            |  out|   64|      ap_vld|                            v_35_out|       pointer|
|v_35_out_ap_vld     |  out|    1|      ap_vld|                            v_35_out|       pointer|
|u_34_out_i          |   in|   64|     ap_ovld|                            u_34_out|       pointer|
|u_34_out_o          |  out|   64|     ap_ovld|                            u_34_out|       pointer|
|u_34_out_o_ap_vld   |  out|    1|     ap_ovld|                            u_34_out|       pointer|
|t_33_out            |  out|    3|      ap_vld|                            t_33_out|       pointer|
|t_33_out_ap_vld     |  out|    1|      ap_vld|                            t_33_out|       pointer|
+--------------------+-----+-----+------------+------------------------------------+--------------+

