

================================================================
== Vitis HLS Report for 'mp_mul_152_Pipeline_VITIS_LOOP_144_2'
================================================================
* Date:           Tue May 20 14:35:11 2025

* Version:        2024.2.2 (Build 6049644 on Mar  5 2025)
* Project:        sikep503_hls
* Solution:       solution1 (Vivado IP Flow Target)
* Product family: zynq
* Target device:  xc7z020-clg484-1


================================================================
== Performance Estimates
================================================================
+ Timing: 
    * Summary: 
    +--------+----------+----------+------------+
    |  Clock |  Target  | Estimated| Uncertainty|
    +--------+----------+----------+------------+
    |ap_clk  |  10.00 ns|  7.040 ns|     2.70 ns|
    +--------+----------+----------+------------+

+ Latency: 
    * Summary: 
    +---------+---------+----------+----------+-----+-----+------------------------------------------------+
    |  Latency (cycles) |  Latency (absolute) |  Interval |                    Pipeline                    |
    |   min   |   max   |    min   |    max   | min | max |                      Type                      |
    +---------+---------+----------+----------+-----+-----+------------------------------------------------+
    |       10|       17|  0.100 us|  0.170 us|    2|    9|  loop auto-rewind stp (delay=0 clock cycles(s))|
    +---------+---------+----------+----------+-----+-----+------------------------------------------------+

    + Detail: 
        * Instance: 
        N/A

        * Loop: 
        +--------------------+---------+---------+----------+-----------+-----------+-------+----------+
        |                    |  Latency (cycles) | Iteration|  Initiation Interval  |  Trip |          |
        |      Loop Name     |   min   |   max   |  Latency |  achieved |   target  | Count | Pipelined|
        +--------------------+---------+---------+----------+-----------+-----------+-------+----------+
        |- VITIS_LOOP_144_2  |        8|       15|         9|          1|          1|  1 ~ 8|       yes|
        +--------------------+---------+---------+----------+-----------+-----------+-------+----------+



================================================================
== Utilization Estimates
================================================================
* Summary: 
+-----------------+---------+-----+--------+-------+-----+
|       Name      | BRAM_18K| DSP |   FF   |  LUT  | URAM|
+-----------------+---------+-----+--------+-------+-----+
|DSP              |        -|    -|       -|      -|    -|
|Expression       |        -|    -|       0|   1244|    -|
|FIFO             |        -|    -|       -|      -|    -|
|Instance         |        -|    -|       -|      -|    -|
|Memory           |        -|    -|       -|      -|    -|
|Multiplexer      |        -|    -|       0|     73|    -|
|Register         |        -|    -|    1178|     96|    -|
+-----------------+---------+-----+--------+-------+-----+
|Total            |        0|    0|    1178|   1413|    0|
+-----------------+---------+-----+--------+-------+-----+
|Available        |      280|  220|  106400|  53200|    0|
+-----------------+---------+-----+--------+-------+-----+
|Utilization (%)  |        0|    0|       1|      2|    0|
+-----------------+---------+-----+--------+-------+-----+

+ Detail: 
    * Instance: 
    N/A

    * DSP: 
    N/A

    * Memory: 
    N/A

    * FIFO: 
    N/A

    * Expression: 
    +-------------------------+----------+----+---+----+------------+------------+
    |      Variable Name      | Operation| DSP| FF| LUT| Bitwidth P0| Bitwidth P1|
    +-------------------------+----------+----+---+----+------------+------------+
    |add_ln105_fu_406_p2      |         +|   0|  0|  32|          32|          32|
    |add_ln123_fu_336_p2      |         +|   0|  0|  40|          33|          33|
    |add_ln130_136_fu_392_p2  |         +|   0|  0|  40|          33|          33|
    |add_ln130_141_fu_378_p2  |         +|   0|  0|  32|          32|          32|
    |add_ln130_fu_382_p2      |         +|   0|  0|  40|          33|          33|
    |add_ln133_fu_456_p2      |         +|   0|  0|  71|          64|          64|
    |add_ln144_fu_192_p2      |         +|   0|  0|  13|           4|           1|
    |tempReg_fu_527_p2        |         +|   0|  0|  71|          64|          64|
    |temp_60_fu_412_p2        |         +|   0|  0|  41|          34|          34|
    |temp_fu_346_p2           |         +|   0|  0|  41|          34|          34|
    |u_fu_623_p2              |         +|   0|  0|  13|           4|           4|
    |v_161_fu_468_p2          |         +|   0|  0|  71|          64|          64|
    |v_fu_542_p2              |         +|   0|  0|  71|          64|          64|
    |sub_ln145_fu_207_p2      |         -|   0|  0|  11|           3|           3|
    |and_ln147_fu_595_p2      |       and|   0|  0|  64|          64|          64|
    |icmp_ln144_fu_186_p2     |      icmp|   0|  0|  13|           4|           4|
    |or_ln105_fu_486_p2       |        or|   0|  0|  64|          64|          64|
    |or_ln147_17_fu_605_p2    |        or|   0|  0|  64|          64|          64|
    |or_ln147_fu_565_p2       |        or|   0|  0|  64|          64|          64|
    |ap_enable_pp0            |       xor|   0|  0|   2|           1|           2|
    |xor_ln105_56_fu_480_p2   |       xor|   0|  0|  64|          64|          64|
    |xor_ln105_57_fu_492_p2   |       xor|   0|  0|  64|          64|          64|
    |xor_ln105_fu_474_p2      |       xor|   0|  0|  64|          64|          64|
    |xor_ln147_34_fu_561_p2   |       xor|   0|  0|  64|          64|          64|
    |xor_ln147_36_fu_600_p2   |       xor|   0|  0|  64|          64|          64|
    |xor_ln147_37_fu_578_p2   |       xor|   0|  0|   2|           1|           2|
    |xor_ln147_fu_557_p2      |       xor|   0|  0|  64|          64|          64|
    +-------------------------+----------+----+---+----+------------+------------+
    |Total                    |          |   0|  0|1244|        1144|        1143|
    +-------------------------+----------+----+---+----+------------+------------+

    * Multiplexer: 
    +-------------------------+----+-----------+-----+-----------+
    |           Name          | LUT| Input Size| Bits| Total Bits|
    +-------------------------+----+-----------+-----+-----------+
    |ap_done_int              |   9|          2|    1|          2|
    |ap_enable_reg_pp0_iter1  |   9|          2|    1|          2|
    |ap_sig_allocacmp_j_32    |   9|          2|    4|          8|
    |j_fu_80                  |   9|          2|    4|          8|
    |t_out_o                  |  14|          3|    4|         12|
    |u_95_out_o               |  14|          3|   64|        192|
    |v_114_fu_76              |   9|          2|   64|        128|
    +-------------------------+----+-----------+-----+-----------+
    |Total                    |  73|         16|  142|        352|
    +-------------------------+----+-----------+-----+-----------+

    * Register: 
    +---------------------------------------+----+----+-----+-----------+
    |                  Name                 | FF | LUT| Bits| Const Bits|
    +---------------------------------------+----+----+-----+-----------+
    |add_ln105_reg_765                      |  32|   0|   32|          0|
    |add_ln133_reg_775                      |  32|   0|   64|         32|
    |add_ln133_reg_775_pp0_iter7_reg        |  32|   0|   64|         32|
    |ah_reg_678                             |  32|   0|   32|          0|
    |al_reg_668                             |  32|   0|   32|          0|
    |ap_CS_fsm                              |   1|   0|    1|          0|
    |ap_done_reg                            |   1|   0|    1|          0|
    |ap_enable_reg_pp0_iter1                |   1|   0|    1|          0|
    |ap_enable_reg_pp0_iter2                |   1|   0|    1|          0|
    |ap_enable_reg_pp0_iter3                |   1|   0|    1|          0|
    |ap_enable_reg_pp0_iter4                |   1|   0|    1|          0|
    |ap_enable_reg_pp0_iter5                |   1|   0|    1|          0|
    |ap_enable_reg_pp0_iter6                |   1|   0|    1|          0|
    |ap_enable_reg_pp0_iter7                |   1|   0|    1|          0|
    |ap_enable_reg_pp0_iter8                |   1|   0|    1|          0|
    |ap_loop_exit_ready_pp0_iter1_reg       |   1|   0|    1|          0|
    |ap_loop_exit_ready_pp0_iter2_reg       |   1|   0|    1|          0|
    |ap_loop_exit_ready_pp0_iter3_reg       |   1|   0|    1|          0|
    |ap_loop_exit_ready_pp0_iter4_reg       |   1|   0|    1|          0|
    |ap_loop_exit_ready_pp0_iter5_reg       |   1|   0|    1|          0|
    |ap_loop_exit_ready_pp0_iter6_reg       |   1|   0|    1|          0|
    |ap_loop_exit_ready_pp0_iter7_reg       |   1|   0|    1|          0|
    |bh_reg_683                             |  32|   0|   32|          0|
    |bl_reg_673                             |  32|   0|   32|          0|
    |icmp_ln144_reg_654                     |   1|   0|    1|          0|
    |j_fu_80                                |   4|   0|    4|          0|
    |tempReg_reg_780                        |  64|   0|   64|          0|
    |tempReg_reg_780_pp0_iter7_reg          |  64|   0|   64|          0|
    |tmp_321_reg_733                        |  32|   0|   32|          0|
    |tmp_322_reg_754                        |   2|   0|    2|          0|
    |tmp_323_reg_738                        |  32|   0|   32|          0|
    |tmp_323_reg_738_pp0_iter4_reg          |  32|   0|   32|          0|
    |tmp_324_reg_744                        |  32|   0|   32|          0|
    |tmp_324_reg_744_pp0_iter4_reg          |  32|   0|   32|          0|
    |tmp_325_reg_749                        |  32|   0|   32|          0|
    |tmp_326_reg_770                        |   2|   0|    2|          0|
    |trunc_ln106_183_reg_717                |  32|   0|   32|          0|
    |trunc_ln106_184_reg_722                |  32|   0|   32|          0|
    |trunc_ln106_185_reg_727                |  32|   0|   32|          0|
    |trunc_ln106_185_reg_727_pp0_iter4_reg  |  32|   0|   32|          0|
    |trunc_ln106_reg_712                    |  32|   0|   32|          0|
    |trunc_ln125_reg_759                    |  32|   0|   32|          0|
    |trunc_ln125_reg_759_pp0_iter5_reg      |  32|   0|   32|          0|
    |u_95_out_load_reg_789                  |  64|   0|   64|          0|
    |v_114_fu_76                            |  64|   0|   64|          0|
    |v_reg_794                              |  64|   0|   64|          0|
    |icmp_ln144_reg_654                     |  64|  32|    1|          0|
    |tmp_325_reg_749                        |  64|  32|   32|          0|
    |trunc_ln106_reg_712                    |  64|  32|   32|          0|
    +---------------------------------------+----+----+-----+-----------+
    |Total                                  |1178|  96| 1115|         64|
    +---------------------------------------+----+----+-----+-----------+



================================================================
== Interface
================================================================
* Summary: 
+--------------------+-----+-----+------------+--------------------------------------+--------------+
|      RTL Ports     | Dir | Bits|  Protocol  |             Source Object            |    C Type    |
+--------------------+-----+-----+------------+--------------------------------------+--------------+
|ap_clk              |   in|    1|  ap_ctrl_hs|  mp_mul.152_Pipeline_VITIS_LOOP_144_2|  return value|
|ap_rst              |   in|    1|  ap_ctrl_hs|  mp_mul.152_Pipeline_VITIS_LOOP_144_2|  return value|
|ap_start            |   in|    1|  ap_ctrl_hs|  mp_mul.152_Pipeline_VITIS_LOOP_144_2|  return value|
|ap_done             |  out|    1|  ap_ctrl_hs|  mp_mul.152_Pipeline_VITIS_LOOP_144_2|  return value|
|ap_idle             |  out|    1|  ap_ctrl_hs|  mp_mul.152_Pipeline_VITIS_LOOP_144_2|  return value|
|ap_ready            |  out|    1|  ap_ctrl_hs|  mp_mul.152_Pipeline_VITIS_LOOP_144_2|  return value|
|grp_fu_431_p_din0   |  out|   32|  ap_ctrl_hs|  mp_mul.152_Pipeline_VITIS_LOOP_144_2|  return value|
|grp_fu_431_p_din1   |  out|   32|  ap_ctrl_hs|  mp_mul.152_Pipeline_VITIS_LOOP_144_2|  return value|
|grp_fu_431_p_dout0  |   in|   64|  ap_ctrl_hs|  mp_mul.152_Pipeline_VITIS_LOOP_144_2|  return value|
|grp_fu_431_p_ce     |  out|    1|  ap_ctrl_hs|  mp_mul.152_Pipeline_VITIS_LOOP_144_2|  return value|
|grp_fu_435_p_din0   |  out|   32|  ap_ctrl_hs|  mp_mul.152_Pipeline_VITIS_LOOP_144_2|  return value|
|grp_fu_435_p_din1   |  out|   32|  ap_ctrl_hs|  mp_mul.152_Pipeline_VITIS_LOOP_144_2|  return value|
|grp_fu_435_p_dout0  |   in|   64|  ap_ctrl_hs|  mp_mul.152_Pipeline_VITIS_LOOP_144_2|  return value|
|grp_fu_435_p_ce     |  out|    1|  ap_ctrl_hs|  mp_mul.152_Pipeline_VITIS_LOOP_144_2|  return value|
|grp_fu_439_p_din0   |  out|   32|  ap_ctrl_hs|  mp_mul.152_Pipeline_VITIS_LOOP_144_2|  return value|
|grp_fu_439_p_din1   |  out|   32|  ap_ctrl_hs|  mp_mul.152_Pipeline_VITIS_LOOP_144_2|  return value|
|grp_fu_439_p_dout0  |   in|   64|  ap_ctrl_hs|  mp_mul.152_Pipeline_VITIS_LOOP_144_2|  return value|
|grp_fu_439_p_ce     |  out|    1|  ap_ctrl_hs|  mp_mul.152_Pipeline_VITIS_LOOP_144_2|  return value|
|grp_fu_443_p_din0   |  out|   32|  ap_ctrl_hs|  mp_mul.152_Pipeline_VITIS_LOOP_144_2|  return value|
|grp_fu_443_p_din1   |  out|   32|  ap_ctrl_hs|  mp_mul.152_Pipeline_VITIS_LOOP_144_2|  return value|
|grp_fu_443_p_dout0  |   in|   64|  ap_ctrl_hs|  mp_mul.152_Pipeline_VITIS_LOOP_144_2|  return value|
|grp_fu_443_p_ce     |  out|    1|  ap_ctrl_hs|  mp_mul.152_Pipeline_VITIS_LOOP_144_2|  return value|
|v_017               |   in|   64|     ap_none|                                 v_017|        scalar|
|zext_ln143          |   in|    4|     ap_none|                            zext_ln143|        scalar|
|indvars_iv31        |   in|    4|     ap_none|                          indvars_iv31|        scalar|
|a_address0          |  out|    3|   ap_memory|                                     a|         array|
|a_ce0               |  out|    1|   ap_memory|                                     a|         array|
|a_q0                |   in|   64|   ap_memory|                                     a|         array|
|empty               |   in|    3|     ap_none|                                 empty|        scalar|
|b_address0          |  out|    3|   ap_memory|                                     b|         array|
|b_ce0               |  out|    1|   ap_memory|                                     b|         array|
|b_q0                |   in|   64|   ap_memory|                                     b|         array|
|v_114_out           |  out|   64|      ap_vld|                             v_114_out|       pointer|
|v_114_out_ap_vld    |  out|    1|      ap_vld|                             v_114_out|       pointer|
|u_95_out_i          |   in|   64|     ap_ovld|                              u_95_out|       pointer|
|u_95_out_o          |  out|   64|     ap_ovld|                              u_95_out|       pointer|
|u_95_out_o_ap_vld   |  out|    1|     ap_ovld|                              u_95_out|       pointer|
|t_out_i             |   in|    4|     ap_ovld|                                 t_out|       pointer|
|t_out_o             |  out|    4|     ap_ovld|                                 t_out|       pointer|
|t_out_o_ap_vld      |  out|    1|     ap_ovld|                                 t_out|       pointer|
+--------------------+-----+-----+------------+--------------------------------------+--------------+

