

================================================================
== Vitis HLS Report for 'mp_mul_2_Pipeline_VITIS_LOOP_157_4'
================================================================
* Date:           Tue May 20 14:36:26 2025

* Version:        2024.2.2 (Build 6049644 on Mar  5 2025)
* Project:        sikep503_hls
* Solution:       solution1 (Vivado IP Flow Target)
* Product family: zynq
* Target device:  xc7z020-clg484-1


================================================================
== Performance Estimates
================================================================
+ Timing: 
    * Summary: 
    +--------+----------+----------+------------+
    |  Clock |  Target  | Estimated| Uncertainty|
    +--------+----------+----------+------------+
    |ap_clk  |  10.00 ns|  7.040 ns|     2.70 ns|
    +--------+----------+----------+------------+

+ Latency: 
    * Summary: 
    +---------+---------+----------+----------+-----+-----+------------------------------------------------+
    |  Latency (cycles) |  Latency (absolute) |  Interval |                    Pipeline                    |
    |   min   |   max   |    min   |    max   | min | max |                      Type                      |
    +---------+---------+----------+----------+-----+-----+------------------------------------------------+
    |       11|       17|  0.110 us|  0.170 us|    2|    8|  loop auto-rewind stp (delay=0 clock cycles(s))|
    +---------+---------+----------+----------+-----+-----+------------------------------------------------+

    + Detail: 
        * Instance: 
        N/A

        * Loop: 
        +--------------------+---------+---------+----------+-----------+-----------+-------+----------+
        |                    |  Latency (cycles) | Iteration|  Initiation Interval  |  Trip |          |
        |      Loop Name     |   min   |   max   |  Latency |  achieved |   target  | Count | Pipelined|
        +--------------------+---------+---------+----------+-----------+-----------+-------+----------+
        |- VITIS_LOOP_157_4  |        9|       15|        10|          1|          1|  1 ~ 7|       yes|
        +--------------------+---------+---------+----------+-----------+-----------+-------+----------+



================================================================
== Utilization Estimates
================================================================
* Summary: 
+-----------------+---------+-----+--------+-------+-----+
|       Name      | BRAM_18K| DSP |   FF   |  LUT  | URAM|
+-----------------+---------+-----+--------+-------+-----+
|DSP              |        -|    -|       -|      -|    -|
|Expression       |        -|    -|       0|   1271|    -|
|FIFO             |        -|    -|       -|      -|    -|
|Instance         |        -|    -|       -|      -|    -|
|Memory           |        -|    -|       -|      -|    -|
|Multiplexer      |        -|    -|       0|     68|    -|
|Register         |        -|    -|    1191|     96|    -|
+-----------------+---------+-----+--------+-------+-----+
|Total            |        0|    0|    1191|   1435|    0|
+-----------------+---------+-----+--------+-------+-----+
|Available        |      280|  220|  106400|  53200|    0|
+-----------------+---------+-----+--------+-------+-----+
|Utilization (%)  |        0|    0|       1|      2|    0|
+-----------------+---------+-----+--------+-------+-----+

+ Detail: 
    * Instance: 
    N/A

    * DSP: 
    N/A

    * Memory: 
    N/A

    * FIFO: 
    N/A

    * Expression: 
    +-------------------------+----------+----+---+----+------------+------------+
    |      Variable Name      | Operation| DSP| FF| LUT| Bitwidth P0| Bitwidth P1|
    +-------------------------+----------+----+---+----+------------+------------+
    |add_ln105_fu_485_p2      |         +|   0|  0|  32|          32|          32|
    |add_ln123_fu_415_p2      |         +|   0|  0|  40|          33|          33|
    |add_ln130_118_fu_461_p2  |         +|   0|  0|  40|          33|          33|
    |add_ln130_119_fu_471_p2  |         +|   0|  0|  40|          33|          33|
    |add_ln130_fu_457_p2      |         +|   0|  0|  32|          32|          32|
    |add_ln133_fu_535_p2      |         +|   0|  0|  71|          64|          64|
    |add_ln157_fu_242_p2      |         +|   0|  0|  13|           4|           1|
    |add_ln158_7_fu_256_p2    |         +|   0|  0|  13|           4|           4|
    |add_ln158_fu_282_p2      |         +|   0|  0|  14|           9|           9|
    |t_fu_701_p2              |         +|   0|  0|  11|           3|           3|
    |tempReg_fu_606_p2        |         +|   0|  0|  71|          64|          64|
    |temp_51_fu_491_p2        |         +|   0|  0|  41|          34|          34|
    |temp_fu_425_p2           |         +|   0|  0|  41|          34|          34|
    |u_fu_621_p2              |         +|   0|  0|  71|          64|          64|
    |v_149_fu_547_p2          |         +|   0|  0|  71|          64|          64|
    |sub_ln158_fu_265_p2      |         -|   0|  0|  13|           5|           5|
    |and_ln160_fu_673_p2      |       and|   0|  0|  64|          64|          64|
    |icmp_ln157_fu_236_p2     |      icmp|   0|  0|  13|           4|           5|
    |or_ln105_10_fu_565_p2    |        or|   0|  0|  64|          64|          64|
    |or_ln160_13_fu_683_p2    |        or|   0|  0|  64|          64|          64|
    |or_ln160_fu_643_p2       |        or|   0|  0|  64|          64|          64|
    |ap_enable_pp0            |       xor|   0|  0|   2|           1|           2|
    |xor_ln105_48_fu_553_p2   |       xor|   0|  0|  64|          64|          64|
    |xor_ln105_49_fu_559_p2   |       xor|   0|  0|  64|          64|          64|
    |xor_ln105_50_fu_571_p2   |       xor|   0|  0|  64|          64|          64|
    |xor_ln160_28_fu_639_p2   |       xor|   0|  0|  64|          64|          64|
    |xor_ln160_29_fu_656_p2   |       xor|   0|  0|   2|           1|           2|
    |xor_ln160_30_fu_678_p2   |       xor|   0|  0|  64|          64|          64|
    |xor_ln160_fu_635_p2      |       xor|   0|  0|  64|          64|          64|
    +-------------------------+----------+----+---+----+------------+------------+
    |Total                    |          |   0|  0|1271|        1158|        1158|
    +-------------------------+----------+----+---+----+------------+------------+

    * Multiplexer: 
    +-------------------------+----+-----------+-----+-----------+
    |           Name          | LUT| Input Size| Bits| Total Bits|
    +-------------------------+----+-----------+-----+-----------+
    |ap_done_int              |   9|          2|    1|          2|
    |ap_enable_reg_pp0_iter1  |   9|          2|    1|          2|
    |ap_sig_allocacmp_j       |   9|          2|    4|          8|
    |j_16_fu_104              |   9|          2|    4|          8|
    |t_33_fu_96               |   9|          2|    3|          6|
    |u_34_out_o               |  14|          3|   64|        192|
    |v_35_fu_100              |   9|          2|   64|        128|
    +-------------------------+----+-----------+-----+-----------+
    |Total                    |  68|         15|  141|        346|
    +-------------------------+----+-----------+-----+-----------+

    * Register: 
    +---------------------------------------+----+----+-----+-----------+
    |                  Name                 | FF | LUT| Bits| Const Bits|
    +---------------------------------------+----+----+-----+-----------+
    |add_ln105_reg_875                      |  32|   0|   32|          0|
    |add_ln133_reg_885                      |  32|   0|   64|         32|
    |add_ln133_reg_885_pp0_iter8_reg        |  32|   0|   64|         32|
    |ah_reg_788                             |  32|   0|   32|          0|
    |al_reg_778                             |  32|   0|   32|          0|
    |ap_CS_fsm                              |   1|   0|    1|          0|
    |ap_done_reg                            |   1|   0|    1|          0|
    |ap_enable_reg_pp0_iter1                |   1|   0|    1|          0|
    |ap_enable_reg_pp0_iter2                |   1|   0|    1|          0|
    |ap_enable_reg_pp0_iter3                |   1|   0|    1|          0|
    |ap_enable_reg_pp0_iter4                |   1|   0|    1|          0|
    |ap_enable_reg_pp0_iter5                |   1|   0|    1|          0|
    |ap_enable_reg_pp0_iter6                |   1|   0|    1|          0|
    |ap_enable_reg_pp0_iter7                |   1|   0|    1|          0|
    |ap_enable_reg_pp0_iter8                |   1|   0|    1|          0|
    |ap_enable_reg_pp0_iter9                |   1|   0|    1|          0|
    |ap_loop_exit_ready_pp0_iter1_reg       |   1|   0|    1|          0|
    |ap_loop_exit_ready_pp0_iter2_reg       |   1|   0|    1|          0|
    |ap_loop_exit_ready_pp0_iter3_reg       |   1|   0|    1|          0|
    |ap_loop_exit_ready_pp0_iter4_reg       |   1|   0|    1|          0|
    |ap_loop_exit_ready_pp0_iter5_reg       |   1|   0|    1|          0|
    |ap_loop_exit_ready_pp0_iter6_reg       |   1|   0|    1|          0|
    |ap_loop_exit_ready_pp0_iter7_reg       |   1|   0|    1|          0|
    |ap_loop_exit_ready_pp0_iter8_reg       |   1|   0|    1|          0|
    |bh_reg_793                             |  32|   0|   32|          0|
    |bl_reg_783                             |  32|   0|   32|          0|
    |icmp_ln157_reg_764                     |   1|   0|    1|          0|
    |j_16_fu_104                            |   4|   0|    4|          0|
    |j_reg_758                              |   4|   0|    4|          0|
    |t_33_fu_96                             |   3|   0|    3|          0|
    |tempReg_reg_890                        |  64|   0|   64|          0|
    |tempReg_reg_890_pp0_iter8_reg          |  64|   0|   64|          0|
    |tmp_269_reg_843                        |  32|   0|   32|          0|
    |tmp_270_reg_864                        |   2|   0|    2|          0|
    |tmp_271_reg_848                        |  32|   0|   32|          0|
    |tmp_271_reg_848_pp0_iter5_reg          |  32|   0|   32|          0|
    |tmp_272_reg_854                        |  32|   0|   32|          0|
    |tmp_272_reg_854_pp0_iter5_reg          |  32|   0|   32|          0|
    |tmp_273_reg_859                        |  32|   0|   32|          0|
    |tmp_274_reg_880                        |   2|   0|    2|          0|
    |trunc_ln106_156_reg_827                |  32|   0|   32|          0|
    |trunc_ln106_157_reg_832                |  32|   0|   32|          0|
    |trunc_ln106_158_reg_837                |  32|   0|   32|          0|
    |trunc_ln106_158_reg_837_pp0_iter5_reg  |  32|   0|   32|          0|
    |trunc_ln106_reg_822                    |  32|   0|   32|          0|
    |trunc_ln125_reg_869                    |  32|   0|   32|          0|
    |trunc_ln125_reg_869_pp0_iter6_reg      |  32|   0|   32|          0|
    |u_34_out_load_reg_899                  |  64|   0|   64|          0|
    |u_reg_904                              |  64|   0|   64|          0|
    |v_35_fu_100                            |  64|   0|   64|          0|
    |zext_ln156_4_cast_reg_753              |   4|   0|    5|          1|
    |icmp_ln157_reg_764                     |  64|  32|    1|          0|
    |tmp_273_reg_859                        |  64|  32|   32|          0|
    |trunc_ln106_reg_822                    |  64|  32|   32|          0|
    +---------------------------------------+----+----+-----+-----------+
    |Total                                  |1191|  96| 1129|         65|
    +---------------------------------------+----+----+-----+-----------+



================================================================
== Interface
================================================================
* Summary: 
+--------------------+-----+-----+------------+------------------------------------+--------------+
|      RTL Ports     | Dir | Bits|  Protocol  |            Source Object           |    C Type    |
+--------------------+-----+-----+------------+------------------------------------+--------------+
|ap_clk              |   in|    1|  ap_ctrl_hs|  mp_mul.2_Pipeline_VITIS_LOOP_157_4|  return value|
|ap_rst              |   in|    1|  ap_ctrl_hs|  mp_mul.2_Pipeline_VITIS_LOOP_157_4|  return value|
|ap_start            |   in|    1|  ap_ctrl_hs|  mp_mul.2_Pipeline_VITIS_LOOP_157_4|  return value|
|ap_done             |  out|    1|  ap_ctrl_hs|  mp_mul.2_Pipeline_VITIS_LOOP_157_4|  return value|
|ap_idle             |  out|    1|  ap_ctrl_hs|  mp_mul.2_Pipeline_VITIS_LOOP_157_4|  return value|
|ap_ready            |  out|    1|  ap_ctrl_hs|  mp_mul.2_Pipeline_VITIS_LOOP_157_4|  return value|
|grp_fu_476_p_din0   |  out|   32|  ap_ctrl_hs|  mp_mul.2_Pipeline_VITIS_LOOP_157_4|  return value|
|grp_fu_476_p_din1   |  out|   32|  ap_ctrl_hs|  mp_mul.2_Pipeline_VITIS_LOOP_157_4|  return value|
|grp_fu_476_p_dout0  |   in|   64|  ap_ctrl_hs|  mp_mul.2_Pipeline_VITIS_LOOP_157_4|  return value|
|grp_fu_476_p_ce     |  out|    1|  ap_ctrl_hs|  mp_mul.2_Pipeline_VITIS_LOOP_157_4|  return value|
|grp_fu_480_p_din0   |  out|   32|  ap_ctrl_hs|  mp_mul.2_Pipeline_VITIS_LOOP_157_4|  return value|
|grp_fu_480_p_din1   |  out|   32|  ap_ctrl_hs|  mp_mul.2_Pipeline_VITIS_LOOP_157_4|  return value|
|grp_fu_480_p_dout0  |   in|   64|  ap_ctrl_hs|  mp_mul.2_Pipeline_VITIS_LOOP_157_4|  return value|
|grp_fu_480_p_ce     |  out|    1|  ap_ctrl_hs|  mp_mul.2_Pipeline_VITIS_LOOP_157_4|  return value|
|grp_fu_484_p_din0   |  out|   32|  ap_ctrl_hs|  mp_mul.2_Pipeline_VITIS_LOOP_157_4|  return value|
|grp_fu_484_p_din1   |  out|   32|  ap_ctrl_hs|  mp_mul.2_Pipeline_VITIS_LOOP_157_4|  return value|
|grp_fu_484_p_dout0  |   in|   64|  ap_ctrl_hs|  mp_mul.2_Pipeline_VITIS_LOOP_157_4|  return value|
|grp_fu_484_p_ce     |  out|    1|  ap_ctrl_hs|  mp_mul.2_Pipeline_VITIS_LOOP_157_4|  return value|
|grp_fu_488_p_din0   |  out|   32|  ap_ctrl_hs|  mp_mul.2_Pipeline_VITIS_LOOP_157_4|  return value|
|grp_fu_488_p_din1   |  out|   32|  ap_ctrl_hs|  mp_mul.2_Pipeline_VITIS_LOOP_157_4|  return value|
|grp_fu_488_p_dout0  |   in|   64|  ap_ctrl_hs|  mp_mul.2_Pipeline_VITIS_LOOP_157_4|  return value|
|grp_fu_488_p_ce     |  out|    1|  ap_ctrl_hs|  mp_mul.2_Pipeline_VITIS_LOOP_157_4|  return value|
|indvars_iv          |   in|    3|     ap_none|                          indvars_iv|        scalar|
|v                   |   in|   64|     ap_none|                                   v|        scalar|
|zext_ln156          |   in|    4|     ap_none|                          zext_ln156|        scalar|
|zext_ln145          |   in|    4|     ap_none|                          zext_ln145|        scalar|
|a_address0          |  out|    4|   ap_memory|                                   a|         array|
|a_ce0               |  out|    1|   ap_memory|                                   a|         array|
|a_q0                |   in|   64|   ap_memory|                                   a|         array|
|zext_ln156_4        |   in|    4|     ap_none|                        zext_ln156_4|        scalar|
|b                   |   in|    9|     ap_none|                                   b|        scalar|
|coeff_address0      |  out|    6|   ap_memory|                               coeff|         array|
|coeff_ce0           |  out|    1|   ap_memory|                               coeff|         array|
|coeff_q0            |   in|   64|   ap_memory|                               coeff|         array|
|v_35_out            |  out|   64|      ap_vld|                            v_35_out|       pointer|
|v_35_out_ap_vld     |  out|    1|      ap_vld|                            v_35_out|       pointer|
|u_34_out_i          |   in|   64|     ap_ovld|                            u_34_out|       pointer|
|u_34_out_o          |  out|   64|     ap_ovld|                            u_34_out|       pointer|
|u_34_out_o_ap_vld   |  out|    1|     ap_ovld|                            u_34_out|       pointer|
|t_33_out            |  out|    3|      ap_vld|                            t_33_out|       pointer|
|t_33_out_ap_vld     |  out|    1|      ap_vld|                            t_33_out|       pointer|
+--------------------+-----+-----+------------+------------------------------------+--------------+

