

================================================================
== Vitis HLS Report for 'rdc_mont_2'
================================================================
* Date:           Tue May 20 14:36:14 2025

* Version:        2024.2.2 (Build 6049644 on Mar  5 2025)
* Project:        sikep503_hls
* Solution:       solution1 (Vivado IP Flow Target)
* Product family: zynq
* Target device:  xc7z020-clg484-1


================================================================
== Performance Estimates
================================================================
+ Timing: 
    * Summary: 
    +--------+----------+----------+------------+
    |  Clock |  Target  | Estimated| Uncertainty|
    +--------+----------+----------+------------+
    |ap_clk  |  10.00 ns|  7.040 ns|     2.70 ns|
    +--------+----------+----------+------------+

+ Latency: 
    * Summary: 
    +---------+---------+----------+----------+-----+-----+---------+
    |  Latency (cycles) |  Latency (absolute) |  Interval | Pipeline|
    |   min   |   max   |    min   |    max   | min | max |   Type  |
    +---------+---------+----------+----------+-----+-----+---------+
    |      190|      352|  1.900 us|  3.520 us|  190|  352|       no|
    +---------+---------+----------+----------+-----+-----+---------+

    + Detail: 
        * Instance: 
        +-------------------------------------------------+--------------------------------------+---------+---------+-----------+----------+-----+-----+------------------------------------------------+
        |                                                 |                                      |  Latency (cycles) |  Latency (absolute)  |  Interval |                    Pipeline                    |
        |                     Instance                    |                Module                |   min   |   max   |    min    |    max   | min | max |                      Type                      |
        +-------------------------------------------------+--------------------------------------+---------+---------+-----------+----------+-----+-----+------------------------------------------------+
        |grp_rdc_mont_2_Pipeline_VITIS_LOOP_180_1_fu_196  |rdc_mont_2_Pipeline_VITIS_LOOP_180_1  |       10|       10|   0.100 us|  0.100 us|    9|    9|  loop auto-rewind stp (delay=0 clock cycles(s))|
        |grp_rdc_mont_2_Pipeline_VITIS_LOOP_185_3_fu_205  |rdc_mont_2_Pipeline_VITIS_LOOP_185_3  |        2|       17|  20.000 ns|  0.170 us|    1|    8|  loop auto-rewind stp (delay=0 clock cycles(s))|
        |grp_rdc_mont_2_Pipeline_VITIS_LOOP_206_5_fu_222  |rdc_mont_2_Pipeline_VITIS_LOOP_206_5  |       11|       17|   0.110 us|  0.170 us|    2|    8|  loop auto-rewind stp (delay=0 clock cycles(s))|
        +-------------------------------------------------+--------------------------------------+---------+---------+-----------+----------+-----+-----+------------------------------------------------+

        * Loop: 
        +--------------------+---------+---------+----------+-----------+-----------+------+----------+
        |                    |  Latency (cycles) | Iteration|  Initiation Interval  | Trip |          |
        |      Loop Name     |   min   |   max   |  Latency |  achieved |   target  | Count| Pipelined|
        +--------------------+---------+---------+----------+-----------+-----------+------+----------+
        |- VITIS_LOOP_184_2  |       56|      176|    7 ~ 22|          -|          -|     8|        no|
        |- VITIS_LOOP_202_4  |      119|      161|   17 ~ 23|          -|          -|     7|        no|
        +--------------------+---------+---------+----------+-----------+-----------+------+----------+



================================================================
== Utilization Estimates
================================================================
* Summary: 
+-----------------+---------+-----+--------+-------+-----+
|       Name      | BRAM_18K| DSP |   FF   |  LUT  | URAM|
+-----------------+---------+-----+--------+-------+-----+
|DSP              |        -|    -|       -|      -|    -|
|Expression       |        -|    -|       0|   1418|    -|
|FIFO             |        -|    -|       -|      -|    -|
|Instance         |        0|   16|    3415|   3740|    -|
|Memory           |        -|    -|       -|      -|    -|
|Multiplexer      |        -|    -|       0|    432|    -|
|Register         |        -|    -|     763|      -|    -|
+-----------------+---------+-----+--------+-------+-----+
|Total            |        0|   16|    4178|   5590|    0|
+-----------------+---------+-----+--------+-------+-----+
|Available        |      280|  220|  106400|  53200|    0|
+-----------------+---------+-----+--------+-------+-----+
|Utilization (%)  |        0|    7|       3|     10|    0|
+-----------------+---------+-----+--------+-------+-----+

+ Detail: 
    * Instance: 
    +-------------------------------------------------+--------------------------------------+---------+----+------+------+-----+
    |                     Instance                    |                Module                | BRAM_18K| DSP|  FF  |  LUT | URAM|
    +-------------------------------------------------+--------------------------------------+---------+----+------+------+-----+
    |mul_32ns_32ns_64_2_1_U1477                       |mul_32ns_32ns_64_2_1                  |        0|   4|   165|    50|    0|
    |mul_32ns_32ns_64_2_1_U1478                       |mul_32ns_32ns_64_2_1                  |        0|   4|   165|    50|    0|
    |mul_32ns_32ns_64_2_1_U1479                       |mul_32ns_32ns_64_2_1                  |        0|   4|   165|    50|    0|
    |mul_32ns_32ns_64_2_1_U1480                       |mul_32ns_32ns_64_2_1                  |        0|   4|   165|    50|    0|
    |grp_rdc_mont_2_Pipeline_VITIS_LOOP_180_1_fu_196  |rdc_mont_2_Pipeline_VITIS_LOOP_180_1  |        0|   0|     6|    76|    0|
    |grp_rdc_mont_2_Pipeline_VITIS_LOOP_185_3_fu_205  |rdc_mont_2_Pipeline_VITIS_LOOP_185_3  |        0|   0|  1374|  1717|    0|
    |grp_rdc_mont_2_Pipeline_VITIS_LOOP_206_5_fu_222  |rdc_mont_2_Pipeline_VITIS_LOOP_206_5  |        0|   0|  1375|  1747|    0|
    +-------------------------------------------------+--------------------------------------+---------+----+------+------+-----+
    |Total                                            |                                      |        0|  16|  3415|  3740|    0|
    +-------------------------------------------------+--------------------------------------+---------+----+------+------+-----+

    * DSP: 
    N/A

    * Memory: 
    N/A

    * FIFO: 
    N/A

    * Expression: 
    +------------------------+----------+----+---+----+------------+------------+
    |      Variable Name     | Operation| DSP| FF| LUT| Bitwidth P0| Bitwidth P1|
    +------------------------+----------+----+---+----+------------+------------+
    |add_ln184_fu_290_p2     |         +|   0|  0|  13|           4|           1|
    |add_ln185_fu_306_p2     |         +|   0|  0|  13|           4|           3|
    |add_ln196_fu_461_p2     |         +|   0|  0|  14|           9|           9|
    |add_ln202_4_fu_560_p2   |         +|   0|  0|  13|           4|           1|
    |add_ln202_fu_528_p2     |         +|   0|  0|  13|           4|           1|
    |add_ln204_fu_508_p2     |         +|   0|  0|  39|          32|           2|
    |add_ln217_fu_586_p2     |         +|   0|  0|  14|           9|           9|
    |add_ln223_fu_724_p2     |         +|   0|  0|  14|           9|           6|
    |t_fu_698_p2             |         +|   0|  0|  71|          64|          64|
    |tempReg_fu_648_p2       |         +|   0|  0|  71|          64|          64|
    |u_41_fu_444_p2          |         +|   0|  0|  71|          64|          64|
    |v_42_fu_350_p2          |         +|   0|  0|  71|          64|          64|
    |v_44_fu_604_p2          |         +|   0|  0|  71|          64|          64|
    |v_46_fu_394_p2          |         +|   0|  0|  71|          64|          64|
    |v_fu_717_p2             |         +|   0|  0|  71|          64|          64|
    |sub66_fu_522_p2         |         -|   0|  0|  39|           4|          32|
    |and_ln105_4_fu_680_p2   |       and|   0|  0|  64|          64|          64|
    |and_ln105_fu_426_p2     |       and|   0|  0|  64|          64|          64|
    |icmp_ln184_fu_284_p2    |      icmp|   0|  0|  13|           4|           5|
    |icmp_ln202_fu_493_p2    |      icmp|   0|  0|  13|           4|           2|
    |icmp_ln203_fu_502_p2    |      icmp|   0|  0|  39|          32|           1|
    |PKB_we0                 |        or|   0|  0|   8|           1|           8|
    |or_ln105_12_fu_625_p2   |        or|   0|  0|  64|          64|          64|
    |or_ln105_fu_371_p2      |        or|   0|  0|  64|          64|          64|
    |count_4_fu_514_p3       |    select|   0|  0|  32|           1|          32|
    |xor_ln105_64_fu_366_p2  |       xor|   0|  0|  64|          64|          64|
    |xor_ln105_65_fu_377_p2  |       xor|   0|  0|  64|          64|          64|
    |xor_ln105_66_fu_408_p2  |       xor|   0|  0|   2|           1|           2|
    |xor_ln105_67_fu_616_p2  |       xor|   0|  0|  64|          64|          64|
    |xor_ln105_68_fu_620_p2  |       xor|   0|  0|  64|          64|          64|
    |xor_ln105_69_fu_631_p2  |       xor|   0|  0|  64|          64|          64|
    |xor_ln105_70_fu_662_p2  |       xor|   0|  0|   2|           1|           2|
    |xor_ln105_fu_362_p2     |       xor|   0|  0|  64|          64|          64|
    +------------------------+----------+----+---+----+------------+------------+
    |Total                   |          |   0|  0|1418|        1211|        1204|
    +------------------------+----------+----+---+----+------------+------------+

    * Multiplexer: 
    +--------------------+----+-----------+-----+-----------+
    |        Name        | LUT| Input Size| Bits| Total Bits|
    +--------------------+----+-----------+-----+-----------+
    |PKB_address0        |  20|          4|    6|         24|
    |PKB_address0_local  |  20|          4|    6|         24|
    |PKB_ce0             |  20|          4|    1|          4|
    |PKB_d0              |   9|          2|   64|        128|
    |PKB_d0_local        |  20|          4|   64|        256|
    |PKB_we0             |   9|          2|    8|         16|
    |PKB_we0_local       |   9|          2|    8|         16|
    |ap_NS_fsm           |  65|         16|    1|         16|
    |count_fu_114        |   9|          2|   32|         64|
    |grp_fu_956_ce       |  14|          3|    1|          3|
    |grp_fu_956_p0       |  14|          3|   32|         96|
    |grp_fu_956_p1       |  14|          3|   32|         96|
    |grp_fu_960_ce       |  14|          3|    1|          3|
    |grp_fu_960_p0       |  14|          3|   32|         96|
    |grp_fu_960_p1       |  14|          3|   32|         96|
    |grp_fu_964_ce       |  14|          3|    1|          3|
    |grp_fu_964_p0       |  14|          3|   32|         96|
    |grp_fu_964_p1       |  14|          3|   32|         96|
    |grp_fu_968_ce       |  14|          3|    1|          3|
    |grp_fu_968_p0       |  14|          3|   32|         96|
    |grp_fu_968_p1       |  14|          3|   32|         96|
    |i_7_fu_78           |   9|          2|    4|          8|
    |i_8_fu_130          |   9|          2|    4|          8|
    |indvars_iv_fu_126   |   9|          2|    4|          8|
    |ma_address0_local   |  20|          4|    4|         16|
    |u_024_fu_82         |   9|          2|   64|        128|
    |u_fu_118            |   9|          2|   64|        128|
    |v_025_fu_86         |   9|          2|   64|        128|
    |v_36_fu_122         |   9|          2|   64|        128|
    +--------------------+----+-----------+-----+-----------+
    |Total               | 432|         94|  722|       1880|
    +--------------------+----+-----------+-----+-----------+

    * Register: 
    +--------------------------------------------------------------+----+----+-----+-----------+
    |                             Name                             | FF | LUT| Bits| Const Bits|
    +--------------------------------------------------------------+----+----+-----+-----------+
    |add_ln185_reg_833                                             |   4|   0|    4|          0|
    |ap_CS_fsm                                                     |  15|   0|   15|          0|
    |count_fu_114                                                  |  32|   0|   32|          0|
    |grp_rdc_mont_2_Pipeline_VITIS_LOOP_180_1_fu_196_ap_start_reg  |   1|   0|    1|          0|
    |grp_rdc_mont_2_Pipeline_VITIS_LOOP_185_3_fu_205_ap_start_reg  |   1|   0|    1|          0|
    |grp_rdc_mont_2_Pipeline_VITIS_LOOP_206_5_fu_222_ap_start_reg  |   1|   0|    1|          0|
    |i_7_fu_78                                                     |   4|   0|    4|          0|
    |i_8_fu_130                                                    |   4|   0|    4|          0|
    |i_9_reg_893                                                   |   4|   0|    4|          0|
    |indvars_iv_fu_126                                             |   4|   0|    4|          0|
    |lshr_ln6_reg_936                                              |   6|   0|    6|          0|
    |reg_243                                                       |  64|   0|   64|          0|
    |sub66_reg_902                                                 |  32|   0|   32|          0|
    |t_reg_951                                                     |  64|   0|   64|          0|
    |tmp_s_reg_811                                                 |   6|   0|    6|          0|
    |trunc_ln184_reg_825                                           |   3|   0|    3|          0|
    |trunc_ln202_5_reg_925                                         |   3|   0|    3|          0|
    |trunc_ln202_reg_920                                           |   3|   0|    3|          0|
    |u_024_fu_82                                                   |  64|   0|   64|          0|
    |u_41_reg_888                                                  |  64|   0|   64|          0|
    |u_fu_118                                                      |  64|   0|   64|          0|
    |v_025_fu_86                                                   |  64|   0|   64|          0|
    |v_36_fu_122                                                   |  64|   0|   64|          0|
    |v_36_load_1_reg_915                                           |  64|   0|   64|          0|
    |v_42_reg_881                                                  |  64|   0|   64|          0|
    |v_44_reg_944                                                  |  64|   0|   64|          0|
    +--------------------------------------------------------------+----+----+-----+-----------+
    |Total                                                         | 763|   0|  763|          0|
    +--------------------------------------------------------------+----+----+-----+-----------+



================================================================
== Interface
================================================================
* Summary: 
+--------------+-----+-----+------------+--------------+--------------+
|   RTL Ports  | Dir | Bits|  Protocol  | Source Object|    C Type    |
+--------------+-----+-----+------------+--------------+--------------+
|ap_clk        |   in|    1|  ap_ctrl_hs|    rdc_mont.2|  return value|
|ap_rst        |   in|    1|  ap_ctrl_hs|    rdc_mont.2|  return value|
|ap_start      |   in|    1|  ap_ctrl_hs|    rdc_mont.2|  return value|
|ap_done       |  out|    1|  ap_ctrl_hs|    rdc_mont.2|  return value|
|ap_idle       |  out|    1|  ap_ctrl_hs|    rdc_mont.2|  return value|
|ap_ready      |  out|    1|  ap_ctrl_hs|    rdc_mont.2|  return value|
|ma_address0   |  out|    4|   ap_memory|            ma|         array|
|ma_ce0        |  out|    1|   ap_memory|            ma|         array|
|ma_q0         |   in|   64|   ap_memory|            ma|         array|
|PKB_address0  |  out|    6|   ap_memory|           PKB|         array|
|PKB_ce0       |  out|    1|   ap_memory|           PKB|         array|
|PKB_we0       |  out|    8|   ap_memory|           PKB|         array|
|PKB_d0        |  out|   64|   ap_memory|           PKB|         array|
|PKB_q0        |   in|   64|   ap_memory|           PKB|         array|
|mc            |   in|    9|     ap_none|            mc|        scalar|
+--------------+-----+-----+------------+--------------+--------------+

