

================================================================
== Vitis HLS Report for 'rdc_mont_4_Pipeline_VITIS_LOOP_206_5'
================================================================
* Date:           Tue May 20 14:35:52 2025

* Version:        2024.2.2 (Build 6049644 on Mar  5 2025)
* Project:        sikep503_hls
* Solution:       solution1 (Vivado IP Flow Target)
* Product family: zynq
* Target device:  xc7z020-clg484-1


================================================================
== Performance Estimates
================================================================
+ Timing: 
    * Summary: 
    +--------+----------+----------+------------+
    |  Clock |  Target  | Estimated| Uncertainty|
    +--------+----------+----------+------------+
    |ap_clk  |  10.00 ns|  7.040 ns|     2.70 ns|
    +--------+----------+----------+------------+

+ Latency: 
    * Summary: 
    +---------+---------+----------+----------+-----+-----+------------------------------------------------+
    |  Latency (cycles) |  Latency (absolute) |  Interval |                    Pipeline                    |
    |   min   |   max   |    min   |    max   | min | max |                      Type                      |
    +---------+---------+----------+----------+-----+-----+------------------------------------------------+
    |       11|       17|  0.110 us|  0.170 us|    2|    8|  loop auto-rewind stp (delay=0 clock cycles(s))|
    +---------+---------+----------+----------+-----+-----+------------------------------------------------+

    + Detail: 
        * Instance: 
        N/A

        * Loop: 
        +--------------------+---------+---------+----------+-----------+-----------+-------+----------+
        |                    |  Latency (cycles) | Iteration|  Initiation Interval  |  Trip |          |
        |      Loop Name     |   min   |   max   |  Latency |  achieved |   target  | Count | Pipelined|
        +--------------------+---------+---------+----------+-----------+-----------+-------+----------+
        |- VITIS_LOOP_206_5  |        9|       15|        10|          1|          1|  1 ~ 7|       yes|
        +--------------------+---------+---------+----------+-----------+-----------+-------+----------+



================================================================
== Utilization Estimates
================================================================
* Summary: 
+-----------------+---------+-----+--------+-------+-----+
|       Name      | BRAM_18K| DSP |   FF   |  LUT  | URAM|
+-----------------+---------+-----+--------+-------+-----+
|DSP              |        -|    -|       -|      -|    -|
|Expression       |        -|    -|       0|   1472|    -|
|FIFO             |        -|    -|       -|      -|    -|
|Instance         |        -|    -|       -|      -|    -|
|Memory           |        0|    -|      64|      8|    -|
|Multiplexer      |        -|    -|       0|     63|    -|
|Register         |        -|    -|    1311|    192|    -|
+-----------------+---------+-----+--------+-------+-----+
|Total            |        0|    0|    1375|   1735|    0|
+-----------------+---------+-----+--------+-------+-----+
|Available        |      280|  220|  106400|  53200|    0|
+-----------------+---------+-----+--------+-------+-----+
|Utilization (%)  |        0|    0|       1|      3|    0|
+-----------------+---------+-----+--------+-------+-----+

+ Detail: 
    * Instance: 
    N/A

    * DSP: 
    N/A

    * Memory: 
    +------------+---------------------------------------------------------------+---------+----+----+-----+------+-----+------+-------------+
    |   Memory   |                             Module                            | BRAM_18K| FF | LUT| URAM| Words| Bits| Banks| W*Bits*Banks|
    +------------+---------------------------------------------------------------+---------+----+----+-----+------+-----+------+-------------+
    |p503p1_1_U  |rdc_mont_14183_Pipeline_VITIS_LOOP_185_3_p503p1_1_ROM_AUTO_1R  |        0|  64|   8|    0|     8|   64|     1|          512|
    +------------+---------------------------------------------------------------+---------+----+----+-----+------+-----+------+-------------+
    |Total       |                                                               |        0|  64|   8|    0|     8|   64|     1|          512|
    +------------+---------------------------------------------------------------+---------+----+----+-----+------+-----+------+-------------+

    * FIFO: 
    N/A

    * Expression: 
    +------------------------+----------+----+---+----+------------+------------+
    |      Variable Name     | Operation| DSP| FF| LUT| Bitwidth P0| Bitwidth P1|
    +------------------------+----------+----+---+----+------------+------------+
    |add_ln123_fu_408_p2     |         +|   0|  0|  40|          33|          33|
    |add_ln130_6_fu_456_p2   |         +|   0|  0|  39|          32|          32|
    |add_ln130_fu_444_p2     |         +|   0|  0|  40|          33|          33|
    |add_ln206_fu_284_p2     |         +|   0|  0|  13|           4|           1|
    |add_ln210_fu_506_p2     |         +|   0|  0|  71|          64|          64|
    |t_7_fu_692_p2           |         +|   0|  0|  71|          64|          64|
    |tempReg_5_fu_576_p2     |         +|   0|  0|  71|          64|          64|
    |temp_5_fu_465_p2        |         +|   0|  0|  41|          34|          34|
    |temp_fu_418_p2          |         +|   0|  0|  41|          34|          34|
    |u_14_fu_596_p2          |         +|   0|  0|  71|          64|          64|
    |v_16_fu_534_p2          |         +|   0|  0|  71|          64|          64|
    |sub_ln208_fu_273_p2     |         -|   0|  0|  11|           3|           3|
    |and_ln105_fu_670_p2     |       and|   0|  0|  64|          64|          64|
    |icmp_ln206_fu_222_p2    |      icmp|   0|  0|  13|           4|           5|
    |icmp_ln207_fu_240_p2    |      icmp|   0|  0|  39|          32|          32|
    |carry_8_fu_683_p2       |        or|   0|  0|   2|           1|           1|
    |or_ln105_4_fu_611_p2    |        or|   0|  0|  64|          64|          64|
    |or_ln105_fu_552_p2      |        or|   0|  0|  64|          64|          64|
    |t_5_fu_698_p3           |    select|   0|  0|  64|           1|          64|
    |u_5_fu_631_p3           |    select|   0|  0|  64|           1|          64|
    |v_5_fu_581_p3           |    select|   0|  0|  64|           1|          64|
    |ap_enable_pp0           |       xor|   0|  0|   2|           1|           2|
    |xor_ln105_22_fu_546_p2  |       xor|   0|  0|  64|          64|          64|
    |xor_ln105_23_fu_558_p2  |       xor|   0|  0|  64|          64|          64|
    |xor_ln105_24_fu_653_p2  |       xor|   0|  0|   2|           1|           2|
    |xor_ln105_25_fu_601_p2  |       xor|   0|  0|  64|          64|          64|
    |xor_ln105_26_fu_606_p2  |       xor|   0|  0|  64|          64|          64|
    |xor_ln105_27_fu_617_p2  |       xor|   0|  0|  64|          64|          64|
    |xor_ln105_fu_540_p2     |       xor|   0|  0|  64|          64|          64|
    |xor_ln208_fu_254_p2     |       xor|   0|  0|   2|           1|           2|
    |xor_ln210_fu_512_p2     |       xor|   0|  0|  64|          64|          64|
    +------------------------+----------+----+---+----+------------+------------+
    |Total                   |          |   0|  0|1472|        1176|        1366|
    +------------------------+----------+----+---+----+------------+------------+

    * Multiplexer: 
    +-------------------------+----+-----------+-----+-----------+
    |           Name          | LUT| Input Size| Bits| Total Bits|
    +-------------------------+----+-----------+-----+-----------+
    |ap_done_int              |   9|          2|    1|          2|
    |ap_enable_reg_pp0_iter1  |   9|          2|    1|          2|
    |ap_sig_allocacmp_j       |   9|          2|    4|          8|
    |j_2_fu_98                |   9|          2|    4|          8|
    |t_fu_86                  |   9|          2|   64|        128|
    |u_fu_90                  |   9|          2|   64|        128|
    |v_fu_94                  |   9|          2|   64|        128|
    +-------------------------+----+-----------+-----+-----------+
    |Total                    |  63|         14|  202|        404|
    +-------------------------+----+-----------+-----+-----------+

    * Register: 
    +-------------------------------------+----+----+-----+-----------+
    |                 Name                | FF | LUT| Bits| Const Bits|
    +-------------------------------------+----+----+-----+-----------+
    |add_ln130_reg_869                    |  33|   0|   33|          0|
    |ah_reg_784                           |  32|   0|   32|          0|
    |al_reg_774                           |  32|   0|   32|          0|
    |ap_CS_fsm                            |   1|   0|    1|          0|
    |ap_done_reg                          |   1|   0|    1|          0|
    |ap_enable_reg_pp0_iter1              |   1|   0|    1|          0|
    |ap_enable_reg_pp0_iter2              |   1|   0|    1|          0|
    |ap_enable_reg_pp0_iter3              |   1|   0|    1|          0|
    |ap_enable_reg_pp0_iter4              |   1|   0|    1|          0|
    |ap_enable_reg_pp0_iter5              |   1|   0|    1|          0|
    |ap_enable_reg_pp0_iter6              |   1|   0|    1|          0|
    |ap_enable_reg_pp0_iter7              |   1|   0|    1|          0|
    |ap_enable_reg_pp0_iter8              |   1|   0|    1|          0|
    |ap_enable_reg_pp0_iter9              |   1|   0|    1|          0|
    |ap_loop_exit_ready_pp0_iter1_reg     |   1|   0|    1|          0|
    |ap_loop_exit_ready_pp0_iter2_reg     |   1|   0|    1|          0|
    |ap_loop_exit_ready_pp0_iter3_reg     |   1|   0|    1|          0|
    |ap_loop_exit_ready_pp0_iter4_reg     |   1|   0|    1|          0|
    |ap_loop_exit_ready_pp0_iter5_reg     |   1|   0|    1|          0|
    |ap_loop_exit_ready_pp0_iter6_reg     |   1|   0|    1|          0|
    |ap_loop_exit_ready_pp0_iter7_reg     |   1|   0|    1|          0|
    |ap_loop_exit_ready_pp0_iter8_reg     |   1|   0|    1|          0|
    |bh_reg_789                           |  32|   0|   32|          0|
    |bl_reg_779                           |  32|   0|   32|          0|
    |icmp_ln206_reg_753                   |   1|   0|    1|          0|
    |icmp_ln207_reg_757                   |   1|   0|    1|          0|
    |j_2_fu_98                            |   4|   0|    4|          0|
    |t_fu_86                              |  64|   0|   64|          0|
    |tempReg_5_reg_890                    |  64|   0|   64|          0|
    |tempReg_5_reg_890_pp0_iter8_reg      |  64|   0|   64|          0|
    |tmp_16_reg_858                       |   2|   0|    2|          0|
    |tmp_17_reg_843                       |  32|   0|   32|          0|
    |tmp_18_reg_853                       |  32|   0|   32|          0|
    |tmp_19_reg_879                       |   2|   0|    2|          0|
    |tmp_22_reg_899                       |   1|   0|    1|          0|
    |tmp_s_reg_838                        |  32|   0|   32|          0|
    |trunc_ln105_reg_874                  |  32|   0|   32|          0|
    |trunc_ln106_14_reg_823               |  32|   0|   32|          0|
    |trunc_ln106_15_reg_828               |  32|   0|   32|          0|
    |trunc_ln106_16_reg_833               |  32|   0|   32|          0|
    |trunc_ln106_reg_818                  |  32|   0|   32|          0|
    |trunc_ln106_s_reg_848                |  32|   0|   32|          0|
    |trunc_ln106_s_reg_848_pp0_iter4_reg  |  32|   0|   32|          0|
    |trunc_ln125_reg_863                  |  32|   0|   32|          0|
    |u_fu_90                              |  64|   0|   64|          0|
    |v_fu_94                              |  64|   0|   64|          0|
    |xor_ln210_reg_884                    |  64|   0|   64|          0|
    |icmp_ln206_reg_753                   |  64|  32|    1|          0|
    |icmp_ln207_reg_757                   |  64|  32|    1|          0|
    |tmp_18_reg_853                       |  64|  32|   32|          0|
    |trunc_ln106_reg_818                  |  64|  32|   32|          0|
    |trunc_ln125_reg_863                  |  64|  32|   32|          0|
    |xor_ln210_reg_884                    |  64|  32|   64|          0|
    +-------------------------------------+----+----+-----+-----------+
    |Total                                |1311| 192| 1089|          0|
    +-------------------------------------+----+----+-----+-----------+



================================================================
== Interface
================================================================
* Summary: 
+--------------------+-----+-----+------------+--------------------------------------+--------------+
|      RTL Ports     | Dir | Bits|  Protocol  |             Source Object            |    C Type    |
+--------------------+-----+-----+------------+--------------------------------------+--------------+
|ap_clk              |   in|    1|  ap_ctrl_hs|  rdc_mont.4_Pipeline_VITIS_LOOP_206_5|  return value|
|ap_rst              |   in|    1|  ap_ctrl_hs|  rdc_mont.4_Pipeline_VITIS_LOOP_206_5|  return value|
|ap_start            |   in|    1|  ap_ctrl_hs|  rdc_mont.4_Pipeline_VITIS_LOOP_206_5|  return value|
|ap_done             |  out|    1|  ap_ctrl_hs|  rdc_mont.4_Pipeline_VITIS_LOOP_206_5|  return value|
|ap_idle             |  out|    1|  ap_ctrl_hs|  rdc_mont.4_Pipeline_VITIS_LOOP_206_5|  return value|
|ap_ready            |  out|    1|  ap_ctrl_hs|  rdc_mont.4_Pipeline_VITIS_LOOP_206_5|  return value|
|grp_fu_837_p_din0   |  out|   32|  ap_ctrl_hs|  rdc_mont.4_Pipeline_VITIS_LOOP_206_5|  return value|
|grp_fu_837_p_din1   |  out|   32|  ap_ctrl_hs|  rdc_mont.4_Pipeline_VITIS_LOOP_206_5|  return value|
|grp_fu_837_p_dout0  |   in|   64|  ap_ctrl_hs|  rdc_mont.4_Pipeline_VITIS_LOOP_206_5|  return value|
|grp_fu_837_p_ce     |  out|    1|  ap_ctrl_hs|  rdc_mont.4_Pipeline_VITIS_LOOP_206_5|  return value|
|grp_fu_841_p_din0   |  out|   32|  ap_ctrl_hs|  rdc_mont.4_Pipeline_VITIS_LOOP_206_5|  return value|
|grp_fu_841_p_din1   |  out|   32|  ap_ctrl_hs|  rdc_mont.4_Pipeline_VITIS_LOOP_206_5|  return value|
|grp_fu_841_p_dout0  |   in|   64|  ap_ctrl_hs|  rdc_mont.4_Pipeline_VITIS_LOOP_206_5|  return value|
|grp_fu_841_p_ce     |  out|    1|  ap_ctrl_hs|  rdc_mont.4_Pipeline_VITIS_LOOP_206_5|  return value|
|grp_fu_845_p_din0   |  out|   32|  ap_ctrl_hs|  rdc_mont.4_Pipeline_VITIS_LOOP_206_5|  return value|
|grp_fu_845_p_din1   |  out|   32|  ap_ctrl_hs|  rdc_mont.4_Pipeline_VITIS_LOOP_206_5|  return value|
|grp_fu_845_p_dout0  |   in|   64|  ap_ctrl_hs|  rdc_mont.4_Pipeline_VITIS_LOOP_206_5|  return value|
|grp_fu_845_p_ce     |  out|    1|  ap_ctrl_hs|  rdc_mont.4_Pipeline_VITIS_LOOP_206_5|  return value|
|grp_fu_849_p_din0   |  out|   32|  ap_ctrl_hs|  rdc_mont.4_Pipeline_VITIS_LOOP_206_5|  return value|
|grp_fu_849_p_din1   |  out|   32|  ap_ctrl_hs|  rdc_mont.4_Pipeline_VITIS_LOOP_206_5|  return value|
|grp_fu_849_p_dout0  |   in|   64|  ap_ctrl_hs|  rdc_mont.4_Pipeline_VITIS_LOOP_206_5|  return value|
|grp_fu_849_p_ce     |  out|    1|  ap_ctrl_hs|  rdc_mont.4_Pipeline_VITIS_LOOP_206_5|  return value|
|indvars_iv          |   in|    3|     ap_none|                            indvars_iv|        scalar|
|v_15                |   in|   64|     ap_none|                                  v_15|        scalar|
|u_13                |   in|   64|     ap_none|                                  u_13|        scalar|
|sub66               |   in|   32|     ap_none|                                 sub66|        scalar|
|R_Z_address0        |  out|    4|   ap_memory|                                   R_Z|         array|
|R_Z_ce0             |  out|    1|   ap_memory|                                   R_Z|         array|
|R_Z_q0              |   in|   64|   ap_memory|                                   R_Z|         array|
|empty               |   in|    3|     ap_none|                                 empty|        scalar|
|v_22_out            |  out|   64|      ap_vld|                              v_22_out|       pointer|
|v_22_out_ap_vld     |  out|    1|      ap_vld|                              v_22_out|       pointer|
|u_20_out            |  out|   64|      ap_vld|                              u_20_out|       pointer|
|u_20_out_ap_vld     |  out|    1|      ap_vld|                              u_20_out|       pointer|
|t_10_out            |  out|   64|      ap_vld|                              t_10_out|       pointer|
|t_10_out_ap_vld     |  out|    1|      ap_vld|                              t_10_out|       pointer|
+--------------------+-----+-----+------------+--------------------------------------+--------------+

