

================================================================
== Vitis HLS Report for 'rdc_mont_138_Pipeline_VITIS_LOOP_206_5'
================================================================
* Date:           Tue May 20 14:36:28 2025

* Version:        2024.2.2 (Build 6049644 on Mar  5 2025)
* Project:        sikep503_hls
* Solution:       solution1 (Vivado IP Flow Target)
* Product family: zynq
* Target device:  xc7z020-clg484-1


================================================================
== Performance Estimates
================================================================
+ Timing: 
    * Summary: 
    +--------+----------+----------+------------+
    |  Clock |  Target  | Estimated| Uncertainty|
    +--------+----------+----------+------------+
    |ap_clk  |  10.00 ns|  7.040 ns|     2.70 ns|
    +--------+----------+----------+------------+

+ Latency: 
    * Summary: 
    +---------+---------+----------+----------+-----+-----+------------------------------------------------+
    |  Latency (cycles) |  Latency (absolute) |  Interval |                    Pipeline                    |
    |   min   |   max   |    min   |    max   | min | max |                      Type                      |
    +---------+---------+----------+----------+-----+-----+------------------------------------------------+
    |       11|       17|  0.110 us|  0.170 us|    2|    8|  loop auto-rewind stp (delay=0 clock cycles(s))|
    +---------+---------+----------+----------+-----+-----+------------------------------------------------+

    + Detail: 
        * Instance: 
        N/A

        * Loop: 
        +--------------------+---------+---------+----------+-----------+-----------+-------+----------+
        |                    |  Latency (cycles) | Iteration|  Initiation Interval  |  Trip |          |
        |      Loop Name     |   min   |   max   |  Latency |  achieved |   target  | Count | Pipelined|
        +--------------------+---------+---------+----------+-----------+-----------+-------+----------+
        |- VITIS_LOOP_206_5  |        9|       15|        10|          1|          1|  1 ~ 7|       yes|
        +--------------------+---------+---------+----------+-----------+-----------+-------+----------+



================================================================
== Utilization Estimates
================================================================
* Summary: 
+-----------------+---------+-----+--------+-------+-----+
|       Name      | BRAM_18K| DSP |   FF   |  LUT  | URAM|
+-----------------+---------+-----+--------+-------+-----+
|DSP              |        -|    -|       -|      -|    -|
|Expression       |        -|    -|       0|   1484|    -|
|FIFO             |        -|    -|       -|      -|    -|
|Instance         |        -|    -|       -|      -|    -|
|Memory           |        0|    -|      64|      8|    -|
|Multiplexer      |        -|    -|       0|     63|    -|
|Register         |        -|    -|    1311|    192|    -|
+-----------------+---------+-----+--------+-------+-----+
|Total            |        0|    0|    1375|   1747|    0|
+-----------------+---------+-----+--------+-------+-----+
|Available        |      280|  220|  106400|  53200|    0|
+-----------------+---------+-----+--------+-------+-----+
|Utilization (%)  |        0|    0|       1|      3|    0|
+-----------------+---------+-----+--------+-------+-----+

+ Detail: 
    * Instance: 
    N/A

    * DSP: 
    N/A

    * Memory: 
    +------------+---------------------------------------------------------------+---------+----+----+-----+------+-----+------+-------------+
    |   Memory   |                             Module                            | BRAM_18K| FF | LUT| URAM| Words| Bits| Banks| W*Bits*Banks|
    +------------+---------------------------------------------------------------+---------+----+----+-----+------+-----+------+-------------+
    |p503p1_1_U  |rdc_mont_14183_Pipeline_VITIS_LOOP_185_3_p503p1_1_ROM_AUTO_1R  |        0|  64|   8|    0|     8|   64|     1|          512|
    +------------+---------------------------------------------------------------+---------+----+----+-----+------+-----+------+-------------+
    |Total       |                                                               |        0|  64|   8|    0|     8|   64|     1|          512|
    +------------+---------------------------------------------------------------+---------+----+----+-----+------+-----+------+-------------+

    * FIFO: 
    N/A

    * Expression: 
    +-------------------------+----------+----+---+----+------------+------------+
    |      Variable Name      | Operation| DSP| FF| LUT| Bitwidth P0| Bitwidth P1|
    +-------------------------+----------+----+---+----+------------+------------+
    |add_ln123_fu_396_p2      |         +|   0|  0|  40|          33|          33|
    |add_ln130_36_fu_444_p2   |         +|   0|  0|  39|          32|          32|
    |add_ln130_fu_432_p2      |         +|   0|  0|  40|          33|          33|
    |add_ln206_fu_272_p2      |         +|   0|  0|  13|           4|           1|
    |add_ln208_fu_250_p2      |         +|   0|  0|  14|           7|           7|
    |add_ln210_fu_494_p2      |         +|   0|  0|  71|          64|          64|
    |t_30_fu_680_p2           |         +|   0|  0|  71|          64|          64|
    |tempReg_21_fu_564_p2     |         +|   0|  0|  71|          64|          64|
    |temp_21_fu_453_p2        |         +|   0|  0|  41|          34|          34|
    |temp_fu_406_p2           |         +|   0|  0|  41|          34|          34|
    |u_74_fu_584_p2           |         +|   0|  0|  71|          64|          64|
    |v_84_fu_522_p2           |         +|   0|  0|  71|          64|          64|
    |sub_ln208_fu_261_p2      |         -|   0|  0|  11|           3|           3|
    |and_ln105_fu_658_p2      |       and|   0|  0|  64|          64|          64|
    |icmp_ln206_fu_226_p2     |      icmp|   0|  0|  13|           4|           5|
    |icmp_ln207_fu_244_p2     |      icmp|   0|  0|  39|          32|          32|
    |carry_45_fu_671_p2       |        or|   0|  0|   2|           1|           1|
    |or_ln105_27_fu_599_p2    |        or|   0|  0|  64|          64|          64|
    |or_ln105_fu_540_p2       |        or|   0|  0|  64|          64|          64|
    |t_5_fu_686_p3            |    select|   0|  0|  64|           1|          64|
    |u_5_fu_619_p3            |    select|   0|  0|  64|           1|          64|
    |v_5_fu_569_p3            |    select|   0|  0|  64|           1|          64|
    |ap_enable_pp0            |       xor|   0|  0|   2|           1|           2|
    |xor_ln105_153_fu_534_p2  |       xor|   0|  0|  64|          64|          64|
    |xor_ln105_154_fu_546_p2  |       xor|   0|  0|  64|          64|          64|
    |xor_ln105_155_fu_641_p2  |       xor|   0|  0|   2|           1|           2|
    |xor_ln105_156_fu_589_p2  |       xor|   0|  0|  64|          64|          64|
    |xor_ln105_157_fu_594_p2  |       xor|   0|  0|  64|          64|          64|
    |xor_ln105_158_fu_605_p2  |       xor|   0|  0|  64|          64|          64|
    |xor_ln105_fu_528_p2      |       xor|   0|  0|  64|          64|          64|
    |xor_ln210_fu_500_p2      |       xor|   0|  0|  64|          64|          64|
    +-------------------------+----------+----+---+----+------------+------------+
    |Total                    |          |   0|  0|1484|        1182|        1371|
    +-------------------------+----------+----+---+----+------------+------------+

    * Multiplexer: 
    +-------------------------+----+-----------+-----+-----------+
    |           Name          | LUT| Input Size| Bits| Total Bits|
    +-------------------------+----+-----------+-----+-----------+
    |ap_done_int              |   9|          2|    1|          2|
    |ap_enable_reg_pp0_iter1  |   9|          2|    1|          2|
    |ap_sig_allocacmp_j       |   9|          2|    4|          8|
    |j_6_fu_96                |   9|          2|    4|          8|
    |t_fu_84                  |   9|          2|   64|        128|
    |u_46_fu_88               |   9|          2|   64|        128|
    |v_fu_92                  |   9|          2|   64|        128|
    +-------------------------+----+-----------+-----+-----------+
    |Total                    |  63|         14|  202|        404|
    +-------------------------+----+-----------+-----+-----------+

    * Register: 
    +-------------------------------------+----+----+-----+-----------+
    |                 Name                | FF | LUT| Bits| Const Bits|
    +-------------------------------------+----+----+-----+-----------+
    |add_ln130_reg_857                    |  33|   0|   33|          0|
    |ah_reg_772                           |  32|   0|   32|          0|
    |al_reg_762                           |  32|   0|   32|          0|
    |ap_CS_fsm                            |   1|   0|    1|          0|
    |ap_done_reg                          |   1|   0|    1|          0|
    |ap_enable_reg_pp0_iter1              |   1|   0|    1|          0|
    |ap_enable_reg_pp0_iter2              |   1|   0|    1|          0|
    |ap_enable_reg_pp0_iter3              |   1|   0|    1|          0|
    |ap_enable_reg_pp0_iter4              |   1|   0|    1|          0|
    |ap_enable_reg_pp0_iter5              |   1|   0|    1|          0|
    |ap_enable_reg_pp0_iter6              |   1|   0|    1|          0|
    |ap_enable_reg_pp0_iter7              |   1|   0|    1|          0|
    |ap_enable_reg_pp0_iter8              |   1|   0|    1|          0|
    |ap_enable_reg_pp0_iter9              |   1|   0|    1|          0|
    |ap_loop_exit_ready_pp0_iter1_reg     |   1|   0|    1|          0|
    |ap_loop_exit_ready_pp0_iter2_reg     |   1|   0|    1|          0|
    |ap_loop_exit_ready_pp0_iter3_reg     |   1|   0|    1|          0|
    |ap_loop_exit_ready_pp0_iter4_reg     |   1|   0|    1|          0|
    |ap_loop_exit_ready_pp0_iter5_reg     |   1|   0|    1|          0|
    |ap_loop_exit_ready_pp0_iter6_reg     |   1|   0|    1|          0|
    |ap_loop_exit_ready_pp0_iter7_reg     |   1|   0|    1|          0|
    |ap_loop_exit_ready_pp0_iter8_reg     |   1|   0|    1|          0|
    |bh_reg_777                           |  32|   0|   32|          0|
    |bl_reg_767                           |  32|   0|   32|          0|
    |icmp_ln206_reg_741                   |   1|   0|    1|          0|
    |icmp_ln207_reg_745                   |   1|   0|    1|          0|
    |j_6_fu_96                            |   4|   0|    4|          0|
    |t_fu_84                              |  64|   0|   64|          0|
    |tempReg_21_reg_878                   |  64|   0|   64|          0|
    |tempReg_21_reg_878_pp0_iter8_reg     |  64|   0|   64|          0|
    |tmp_92_reg_846                       |   2|   0|    2|          0|
    |tmp_93_reg_831                       |  32|   0|   32|          0|
    |tmp_94_reg_841                       |  32|   0|   32|          0|
    |tmp_95_reg_867                       |   2|   0|    2|          0|
    |tmp_97_reg_887                       |   1|   0|    1|          0|
    |tmp_s_reg_826                        |  32|   0|   32|          0|
    |trunc_ln105_reg_862                  |  32|   0|   32|          0|
    |trunc_ln106_66_reg_811               |  32|   0|   32|          0|
    |trunc_ln106_67_reg_816               |  32|   0|   32|          0|
    |trunc_ln106_68_reg_821               |  32|   0|   32|          0|
    |trunc_ln106_reg_806                  |  32|   0|   32|          0|
    |trunc_ln106_s_reg_836                |  32|   0|   32|          0|
    |trunc_ln106_s_reg_836_pp0_iter4_reg  |  32|   0|   32|          0|
    |trunc_ln125_reg_851                  |  32|   0|   32|          0|
    |u_46_fu_88                           |  64|   0|   64|          0|
    |v_fu_92                              |  64|   0|   64|          0|
    |xor_ln210_reg_872                    |  64|   0|   64|          0|
    |icmp_ln206_reg_741                   |  64|  32|    1|          0|
    |icmp_ln207_reg_745                   |  64|  32|    1|          0|
    |tmp_94_reg_841                       |  64|  32|   32|          0|
    |trunc_ln106_reg_806                  |  64|  32|   32|          0|
    |trunc_ln125_reg_851                  |  64|  32|   32|          0|
    |xor_ln210_reg_872                    |  64|  32|   64|          0|
    +-------------------------------------+----+----+-----+-----------+
    |Total                                |1311| 192| 1089|          0|
    +-------------------------------------+----+----+-----+-----------+



================================================================
== Interface
================================================================
* Summary: 
+--------------------+-----+-----+------------+----------------------------------------+--------------+
|      RTL Ports     | Dir | Bits|  Protocol  |              Source Object             |    C Type    |
+--------------------+-----+-----+------------+----------------------------------------+--------------+
|ap_clk              |   in|    1|  ap_ctrl_hs|  rdc_mont.138_Pipeline_VITIS_LOOP_206_5|  return value|
|ap_rst              |   in|    1|  ap_ctrl_hs|  rdc_mont.138_Pipeline_VITIS_LOOP_206_5|  return value|
|ap_start            |   in|    1|  ap_ctrl_hs|  rdc_mont.138_Pipeline_VITIS_LOOP_206_5|  return value|
|ap_done             |  out|    1|  ap_ctrl_hs|  rdc_mont.138_Pipeline_VITIS_LOOP_206_5|  return value|
|ap_idle             |  out|    1|  ap_ctrl_hs|  rdc_mont.138_Pipeline_VITIS_LOOP_206_5|  return value|
|ap_ready            |  out|    1|  ap_ctrl_hs|  rdc_mont.138_Pipeline_VITIS_LOOP_206_5|  return value|
|grp_fu_928_p_din0   |  out|   32|  ap_ctrl_hs|  rdc_mont.138_Pipeline_VITIS_LOOP_206_5|  return value|
|grp_fu_928_p_din1   |  out|   32|  ap_ctrl_hs|  rdc_mont.138_Pipeline_VITIS_LOOP_206_5|  return value|
|grp_fu_928_p_dout0  |   in|   64|  ap_ctrl_hs|  rdc_mont.138_Pipeline_VITIS_LOOP_206_5|  return value|
|grp_fu_928_p_ce     |  out|    1|  ap_ctrl_hs|  rdc_mont.138_Pipeline_VITIS_LOOP_206_5|  return value|
|grp_fu_932_p_din0   |  out|   32|  ap_ctrl_hs|  rdc_mont.138_Pipeline_VITIS_LOOP_206_5|  return value|
|grp_fu_932_p_din1   |  out|   32|  ap_ctrl_hs|  rdc_mont.138_Pipeline_VITIS_LOOP_206_5|  return value|
|grp_fu_932_p_dout0  |   in|   64|  ap_ctrl_hs|  rdc_mont.138_Pipeline_VITIS_LOOP_206_5|  return value|
|grp_fu_932_p_ce     |  out|    1|  ap_ctrl_hs|  rdc_mont.138_Pipeline_VITIS_LOOP_206_5|  return value|
|grp_fu_936_p_din0   |  out|   32|  ap_ctrl_hs|  rdc_mont.138_Pipeline_VITIS_LOOP_206_5|  return value|
|grp_fu_936_p_din1   |  out|   32|  ap_ctrl_hs|  rdc_mont.138_Pipeline_VITIS_LOOP_206_5|  return value|
|grp_fu_936_p_dout0  |   in|   64|  ap_ctrl_hs|  rdc_mont.138_Pipeline_VITIS_LOOP_206_5|  return value|
|grp_fu_936_p_ce     |  out|    1|  ap_ctrl_hs|  rdc_mont.138_Pipeline_VITIS_LOOP_206_5|  return value|
|grp_fu_940_p_din0   |  out|   32|  ap_ctrl_hs|  rdc_mont.138_Pipeline_VITIS_LOOP_206_5|  return value|
|grp_fu_940_p_din1   |  out|   32|  ap_ctrl_hs|  rdc_mont.138_Pipeline_VITIS_LOOP_206_5|  return value|
|grp_fu_940_p_dout0  |   in|   64|  ap_ctrl_hs|  rdc_mont.138_Pipeline_VITIS_LOOP_206_5|  return value|
|grp_fu_940_p_ce     |  out|    1|  ap_ctrl_hs|  rdc_mont.138_Pipeline_VITIS_LOOP_206_5|  return value|
|indvars_iv          |   in|    3|     ap_none|                              indvars_iv|        scalar|
|v_56                |   in|   64|     ap_none|                                    v_56|        scalar|
|u                   |   in|   64|     ap_none|                                       u|        scalar|
|sub66               |   in|   32|     ap_none|                                   sub66|        scalar|
|tmp_134             |   in|    7|     ap_none|                                 tmp_134|        scalar|
|mc_address0         |  out|    7|   ap_memory|                                      mc|         array|
|mc_ce0              |  out|    1|   ap_memory|                                      mc|         array|
|mc_q0               |   in|   64|   ap_memory|                                      mc|         array|
|empty               |   in|    3|     ap_none|                                   empty|        scalar|
|v_90_out            |  out|   64|      ap_vld|                                v_90_out|       pointer|
|v_90_out_ap_vld     |  out|    1|      ap_vld|                                v_90_out|       pointer|
|u_46_out            |  out|   64|      ap_vld|                                u_46_out|       pointer|
|u_46_out_ap_vld     |  out|    1|      ap_vld|                                u_46_out|       pointer|
|t_30_out            |  out|   64|      ap_vld|                                t_30_out|       pointer|
|t_30_out_ap_vld     |  out|    1|      ap_vld|                                t_30_out|       pointer|
+--------------------+-----+-----+------------+----------------------------------------+--------------+

