

================================================================
== Vitis HLS Report for 'rdc_mont_140_Pipeline_VITIS_LOOP_180_1'
================================================================
* Date:           Tue May 20 14:35:18 2025

* Version:        2024.2.2 (Build 6049644 on Mar  5 2025)
* Project:        sikep503_hls
* Solution:       solution1 (Vivado IP Flow Target)
* Product family: zynq
* Target device:  xc7z020-clg484-1


================================================================
== Performance Estimates
================================================================
+ Timing: 
    * Summary: 
    +--------+----------+----------+------------+
    |  Clock |  Target  | Estimated| Uncertainty|
    +--------+----------+----------+------------+
    |ap_clk  |  10.00 ns|  6.577 ns|     2.70 ns|
    +--------+----------+----------+------------+

+ Latency: 
    * Summary: 
    +---------+---------+----------+----------+-----+-----+------------------------------------------------+
    |  Latency (cycles) |  Latency (absolute) |  Interval |                    Pipeline                    |
    |   min   |   max   |    min   |    max   | min | max |                      Type                      |
    +---------+---------+----------+----------+-----+-----+------------------------------------------------+
    |       10|       10|  0.100 us|  0.100 us|    9|    9|  loop auto-rewind stp (delay=0 clock cycles(s))|
    +---------+---------+----------+----------+-----+-----+------------------------------------------------+

    + Detail: 
        * Instance: 
        N/A

        * Loop: 
        +--------------------+---------+---------+----------+-----------+-----------+------+----------+
        |                    |  Latency (cycles) | Iteration|  Initiation Interval  | Trip |          |
        |      Loop Name     |   min   |   max   |  Latency |  achieved |   target  | Count| Pipelined|
        +--------------------+---------+---------+----------+-----------+-----------+------+----------+
        |- VITIS_LOOP_180_1  |        8|        8|         1|          1|          1|     8|       yes|
        +--------------------+---------+---------+----------+-----------+-----------+------+----------+



================================================================
== Utilization Estimates
================================================================
* Summary: 
+-----------------+---------+-----+--------+-------+-----+
|       Name      | BRAM_18K| DSP |   FF   |  LUT  | URAM|
+-----------------+---------+-----+--------+-------+-----+
|DSP              |        -|    -|       -|      -|    -|
|Expression       |        -|    -|       0|     26|    -|
|FIFO             |        -|    -|       -|      -|    -|
|Instance         |        -|    -|       -|      -|    -|
|Memory           |        -|    -|       -|      -|    -|
|Multiplexer      |        -|    -|       0|     27|    -|
|Register         |        -|    -|       6|      -|    -|
+-----------------+---------+-----+--------+-------+-----+
|Total            |        0|    0|       6|     53|    0|
+-----------------+---------+-----+--------+-------+-----+
|Available        |      280|  220|  106400|  53200|    0|
+-----------------+---------+-----+--------+-------+-----+
|Utilization (%)  |        0|    0|      ~0|     ~0|    0|
+-----------------+---------+-----+--------+-------+-----+

+ Detail: 
    * Instance: 
    N/A

    * DSP: 
    N/A

    * Memory: 
    N/A

    * FIFO: 
    N/A

    * Expression: 
    +---------------------+----------+----+---+----+------------+------------+
    |    Variable Name    | Operation| DSP| FF| LUT| Bitwidth P0| Bitwidth P1|
    +---------------------+----------+----+---+----+------------+------------+
    |add_ln180_fu_82_p2   |         +|   0|  0|  13|           4|           1|
    |icmp_ln180_fu_76_p2  |      icmp|   0|  0|  13|           4|           5|
    +---------------------+----------+----+---+----+------------+------------+
    |Total                |          |   0|  0|  26|           8|           6|
    +---------------------+----------+----+---+----+------------+------------+

    * Multiplexer: 
    +-----------------------+----+-----------+-----+-----------+
    |          Name         | LUT| Input Size| Bits| Total Bits|
    +-----------------------+----+-----------+-----+-----------+
    |ap_done_int            |   9|          2|    1|          2|
    |ap_sig_allocacmp_i_15  |   9|          2|    4|          8|
    |i_fu_38                |   9|          2|    4|          8|
    +-----------------------+----+-----------+-----+-----------+
    |Total                  |  27|          6|    9|         18|
    +-----------------------+----+-----------+-----+-----------+

    * Register: 
    +-------------+---+----+-----+-----------+
    |     Name    | FF| LUT| Bits| Const Bits|
    +-------------+---+----+-----+-----------+
    |ap_CS_fsm    |  1|   0|    1|          0|
    |ap_done_reg  |  1|   0|    1|          0|
    |i_fu_38      |  4|   0|    4|          0|
    +-------------+---+----+-----+-----------+
    |Total        |  6|   0|    6|          0|
    +-------------+---+----+-----+-----------+



================================================================
== Interface
================================================================
* Summary: 
+-------------+-----+-----+------------+----------------------------------------+--------------+
|  RTL Ports  | Dir | Bits|  Protocol  |              Source Object             |    C Type    |
+-------------+-----+-----+------------+----------------------------------------+--------------+
|ap_clk       |   in|    1|  ap_ctrl_hs|  rdc_mont.140_Pipeline_VITIS_LOOP_180_1|  return value|
|ap_rst       |   in|    1|  ap_ctrl_hs|  rdc_mont.140_Pipeline_VITIS_LOOP_180_1|  return value|
|ap_start     |   in|    1|  ap_ctrl_hs|  rdc_mont.140_Pipeline_VITIS_LOOP_180_1|  return value|
|ap_done      |  out|    1|  ap_ctrl_hs|  rdc_mont.140_Pipeline_VITIS_LOOP_180_1|  return value|
|ap_idle      |  out|    1|  ap_ctrl_hs|  rdc_mont.140_Pipeline_VITIS_LOOP_180_1|  return value|
|ap_ready     |  out|    1|  ap_ctrl_hs|  rdc_mont.140_Pipeline_VITIS_LOOP_180_1|  return value|
|mc_address0  |  out|    4|   ap_memory|                                      mc|         array|
|mc_ce0       |  out|    1|   ap_memory|                                      mc|         array|
|mc_we0       |  out|    1|   ap_memory|                                      mc|         array|
|mc_d0        |  out|   64|   ap_memory|                                      mc|         array|
|zext_ln181   |   in|    4|     ap_none|                              zext_ln181|        scalar|
|mc_offset    |   in|    1|     ap_none|                               mc_offset|        scalar|
+-------------+-----+-----+------------+----------------------------------------+--------------+

