

================================================================
== Vitis HLS Report for 'rdc_mont_1_Pipeline_VITIS_LOOP_185_3'
================================================================
* Date:           Tue May 20 14:36:11 2025

* Version:        2024.2.2 (Build 6049644 on Mar  5 2025)
* Project:        sikep503_hls
* Solution:       solution1 (Vivado IP Flow Target)
* Product family: zynq
* Target device:  xc7z020-clg484-1


================================================================
== Performance Estimates
================================================================
+ Timing: 
    * Summary: 
    +--------+----------+----------+------------+
    |  Clock |  Target  | Estimated| Uncertainty|
    +--------+----------+----------+------------+
    |ap_clk  |  10.00 ns|  7.040 ns|     2.70 ns|
    +--------+----------+----------+------------+

+ Latency: 
    * Summary: 
    +---------+---------+-----------+----------+-----+-----+------------------------------------------------+
    |  Latency (cycles) |  Latency (absolute)  |  Interval |                    Pipeline                    |
    |   min   |   max   |    min    |    max   | min | max |                      Type                      |
    +---------+---------+-----------+----------+-----+-----+------------------------------------------------+
    |        2|       17|  20.000 ns|  0.170 us|    1|    8|  loop auto-rewind stp (delay=0 clock cycles(s))|
    +---------+---------+-----------+----------+-----+-----+------------------------------------------------+

    + Detail: 
        * Instance: 
        N/A

        * Loop: 
        +--------------------+---------+---------+----------+-----------+-----------+-------+----------+
        |                    |  Latency (cycles) | Iteration|  Initiation Interval  |  Trip |          |
        |      Loop Name     |   min   |   max   |  Latency |  achieved |   target  | Count | Pipelined|
        +--------------------+---------+---------+----------+-----------+-----------+-------+----------+
        |- VITIS_LOOP_185_3  |        0|       15|        10|          1|          1|  0 ~ 7|       yes|
        +--------------------+---------+---------+----------+-----------+-----------+-------+----------+



================================================================
== Utilization Estimates
================================================================
* Summary: 
+-----------------+---------+-----+--------+-------+-----+
|       Name      | BRAM_18K| DSP |   FF   |  LUT  | URAM|
+-----------------+---------+-----+--------+-------+-----+
|DSP              |        -|    -|       -|      -|    -|
|Expression       |        -|    -|       0|   1440|    -|
|FIFO             |        -|    -|       -|      -|    -|
|Instance         |        -|    -|       -|      -|    -|
|Memory           |        0|    -|      64|      8|    -|
|Multiplexer      |        -|    -|       0|     63|    -|
|Register         |        -|    -|    1310|    192|    -|
+-----------------+---------+-----+--------+-------+-----+
|Total            |        0|    0|    1374|   1703|    0|
+-----------------+---------+-----+--------+-------+-----+
|Available        |      280|  220|  106400|  53200|    0|
+-----------------+---------+-----+--------+-------+-----+
|Utilization (%)  |        0|    0|       1|      3|    0|
+-----------------+---------+-----+--------+-------+-----+

+ Detail: 
    * Instance: 
    N/A

    * DSP: 
    N/A

    * Memory: 
    +------------+---------------------------------------------------------------+---------+----+----+-----+------+-----+------+-------------+
    |   Memory   |                             Module                            | BRAM_18K| FF | LUT| URAM| Words| Bits| Banks| W*Bits*Banks|
    +------------+---------------------------------------------------------------+---------+----+----+-----+------+-----+------+-------------+
    |p503p1_1_U  |rdc_mont_14183_Pipeline_VITIS_LOOP_185_3_p503p1_1_ROM_AUTO_1R  |        0|  64|   8|    0|     8|   64|     1|          512|
    +------------+---------------------------------------------------------------+---------+----+----+-----+------+-----+------+-------------+
    |Total       |                                                               |        0|  64|   8|    0|     8|   64|     1|          512|
    +------------+---------------------------------------------------------------+---------+----+----+-----+------+-----+------+-------------+

    * FIFO: 
    N/A

    * Expression: 
    +------------------------+----------+----+---+----+------------+------------+
    |      Variable Name     | Operation| DSP| FF| LUT| Bitwidth P0| Bitwidth P1|
    +------------------------+----------+----+---+----+------------+------------+
    |add_ln123_fu_368_p2     |         +|   0|  0|  40|          33|          33|
    |add_ln130_19_fu_416_p2  |         +|   0|  0|  39|          32|          32|
    |add_ln130_fu_404_p2     |         +|   0|  0|  40|          33|          33|
    |add_ln185_5_fu_222_p2   |         +|   0|  0|  11|           3|           1|
    |add_ln189_fu_466_p2     |         +|   0|  0|  71|          64|          64|
    |t_17_fu_652_p2          |         +|   0|  0|  71|          64|          64|
    |tempReg_12_fu_536_p2    |         +|   0|  0|  71|          64|          64|
    |temp_12_fu_425_p2       |         +|   0|  0|  41|          34|          34|
    |temp_fu_378_p2          |         +|   0|  0|  41|          34|          34|
    |u_44_fu_556_p2          |         +|   0|  0|  71|          64|          64|
    |v_48_fu_494_p2          |         +|   0|  0|  71|          64|          64|
    |sub_ln187_fu_239_p2     |         -|   0|  0|  11|           3|           3|
    |and_ln105_fu_630_p2     |       and|   0|  0|  64|          64|          64|
    |icmp_ln185_fu_216_p2    |      icmp|   0|  0|  11|           3|           3|
    |icmp_ln186_fu_228_p2    |      icmp|   0|  0|  13|           4|           4|
    |carry_24_fu_643_p2      |        or|   0|  0|   2|           1|           1|
    |or_ln105_14_fu_571_p2   |        or|   0|  0|  64|          64|          64|
    |or_ln105_fu_512_p2      |        or|   0|  0|  64|          64|          64|
    |t_2_fu_658_p3           |    select|   0|  0|  64|           1|          64|
    |u_2_fu_591_p3           |    select|   0|  0|  64|           1|          64|
    |v_2_fu_541_p3           |    select|   0|  0|  64|           1|          64|
    |ap_enable_pp0           |       xor|   0|  0|   2|           1|           2|
    |xor_ln105_77_fu_506_p2  |       xor|   0|  0|  64|          64|          64|
    |xor_ln105_78_fu_518_p2  |       xor|   0|  0|  64|          64|          64|
    |xor_ln105_79_fu_613_p2  |       xor|   0|  0|   2|           1|           2|
    |xor_ln105_80_fu_561_p2  |       xor|   0|  0|  64|          64|          64|
    |xor_ln105_81_fu_566_p2  |       xor|   0|  0|  64|          64|          64|
    |xor_ln105_82_fu_577_p2  |       xor|   0|  0|  64|          64|          64|
    |xor_ln105_fu_500_p2     |       xor|   0|  0|  64|          64|          64|
    |xor_ln189_fu_472_p2     |       xor|   0|  0|  64|          64|          64|
    +------------------------+----------+----+---+----+------------+------------+
    |Total                   |          |   0|  0|1440|        1145|        1334|
    +------------------------+----------+----+---+----+------------+------------+

    * Multiplexer: 
    +-------------------------+----+-----------+-----+-----------+
    |           Name          | LUT| Input Size| Bits| Total Bits|
    +-------------------------+----+-----------+-----+-----------+
    |ap_done_int              |   9|          2|    1|          2|
    |ap_enable_reg_pp0_iter1  |   9|          2|    1|          2|
    |ap_sig_allocacmp_j_7     |   9|          2|    3|          6|
    |j_fu_92                  |   9|          2|    3|          6|
    |t_fu_80                  |   9|          2|   64|        128|
    |u_fu_84                  |   9|          2|   64|        128|
    |v_fu_88                  |   9|          2|   64|        128|
    +-------------------------+----+-----------+-----+-----------+
    |Total                    |  63|         14|  200|        400|
    +-------------------------+----+-----------+-----+-----------+

    * Register: 
    +-------------------------------------+----+----+-----+-----------+
    |                 Name                | FF | LUT| Bits| Const Bits|
    +-------------------------------------+----+----+-----+-----------+
    |add_ln130_reg_829                    |  33|   0|   33|          0|
    |ah_reg_744                           |  32|   0|   32|          0|
    |al_reg_734                           |  32|   0|   32|          0|
    |ap_CS_fsm                            |   1|   0|    1|          0|
    |ap_done_reg                          |   1|   0|    1|          0|
    |ap_enable_reg_pp0_iter1              |   1|   0|    1|          0|
    |ap_enable_reg_pp0_iter2              |   1|   0|    1|          0|
    |ap_enable_reg_pp0_iter3              |   1|   0|    1|          0|
    |ap_enable_reg_pp0_iter4              |   1|   0|    1|          0|
    |ap_enable_reg_pp0_iter5              |   1|   0|    1|          0|
    |ap_enable_reg_pp0_iter6              |   1|   0|    1|          0|
    |ap_enable_reg_pp0_iter7              |   1|   0|    1|          0|
    |ap_enable_reg_pp0_iter8              |   1|   0|    1|          0|
    |ap_enable_reg_pp0_iter9              |   1|   0|    1|          0|
    |ap_loop_exit_ready_pp0_iter1_reg     |   1|   0|    1|          0|
    |ap_loop_exit_ready_pp0_iter2_reg     |   1|   0|    1|          0|
    |ap_loop_exit_ready_pp0_iter3_reg     |   1|   0|    1|          0|
    |ap_loop_exit_ready_pp0_iter4_reg     |   1|   0|    1|          0|
    |ap_loop_exit_ready_pp0_iter5_reg     |   1|   0|    1|          0|
    |ap_loop_exit_ready_pp0_iter6_reg     |   1|   0|    1|          0|
    |ap_loop_exit_ready_pp0_iter7_reg     |   1|   0|    1|          0|
    |ap_loop_exit_ready_pp0_iter8_reg     |   1|   0|    1|          0|
    |bh_reg_749                           |  32|   0|   32|          0|
    |bl_reg_739                           |  32|   0|   32|          0|
    |icmp_ln185_reg_713                   |   1|   0|    1|          0|
    |icmp_ln186_reg_717                   |   1|   0|    1|          0|
    |j_fu_92                              |   3|   0|    3|          0|
    |t_fu_80                              |  64|   0|   64|          0|
    |tempReg_12_reg_850                   |  64|   0|   64|          0|
    |tempReg_12_reg_850_pp0_iter8_reg     |  64|   0|   64|          0|
    |tmp_44_reg_818                       |   2|   0|    2|          0|
    |tmp_45_reg_803                       |  32|   0|   32|          0|
    |tmp_46_reg_813                       |  32|   0|   32|          0|
    |tmp_47_reg_839                       |   2|   0|    2|          0|
    |tmp_51_reg_859                       |   1|   0|    1|          0|
    |tmp_s_reg_798                        |  32|   0|   32|          0|
    |trunc_ln105_reg_834                  |  32|   0|   32|          0|
    |trunc_ln106_37_reg_783               |  32|   0|   32|          0|
    |trunc_ln106_38_reg_788               |  32|   0|   32|          0|
    |trunc_ln106_39_reg_793               |  32|   0|   32|          0|
    |trunc_ln106_reg_778                  |  32|   0|   32|          0|
    |trunc_ln106_s_reg_808                |  32|   0|   32|          0|
    |trunc_ln106_s_reg_808_pp0_iter4_reg  |  32|   0|   32|          0|
    |trunc_ln125_reg_823                  |  32|   0|   32|          0|
    |u_fu_84                              |  64|   0|   64|          0|
    |v_fu_88                              |  64|   0|   64|          0|
    |xor_ln189_reg_844                    |  64|   0|   64|          0|
    |icmp_ln185_reg_713                   |  64|  32|    1|          0|
    |icmp_ln186_reg_717                   |  64|  32|    1|          0|
    |tmp_46_reg_813                       |  64|  32|   32|          0|
    |trunc_ln106_reg_778                  |  64|  32|   32|          0|
    |trunc_ln125_reg_823                  |  64|  32|   32|          0|
    |xor_ln189_reg_844                    |  64|  32|   64|          0|
    +-------------------------------------+----+----+-----+-----------+
    |Total                                |1310| 192| 1088|          0|
    +-------------------------------------+----+----+-----+-----------+



================================================================
== Interface
================================================================
* Summary: 
+--------------------+-----+-----+------------+--------------------------------------+--------------+
|      RTL Ports     | Dir | Bits|  Protocol  |             Source Object            |    C Type    |
+--------------------+-----+-----+------------+--------------------------------------+--------------+
|ap_clk              |   in|    1|  ap_ctrl_hs|  rdc_mont.1_Pipeline_VITIS_LOOP_185_3|  return value|
|ap_rst              |   in|    1|  ap_ctrl_hs|  rdc_mont.1_Pipeline_VITIS_LOOP_185_3|  return value|
|ap_start            |   in|    1|  ap_ctrl_hs|  rdc_mont.1_Pipeline_VITIS_LOOP_185_3|  return value|
|ap_done             |  out|    1|  ap_ctrl_hs|  rdc_mont.1_Pipeline_VITIS_LOOP_185_3|  return value|
|ap_idle             |  out|    1|  ap_ctrl_hs|  rdc_mont.1_Pipeline_VITIS_LOOP_185_3|  return value|
|ap_ready            |  out|    1|  ap_ctrl_hs|  rdc_mont.1_Pipeline_VITIS_LOOP_185_3|  return value|
|grp_fu_832_p_din0   |  out|   32|  ap_ctrl_hs|  rdc_mont.1_Pipeline_VITIS_LOOP_185_3|  return value|
|grp_fu_832_p_din1   |  out|   32|  ap_ctrl_hs|  rdc_mont.1_Pipeline_VITIS_LOOP_185_3|  return value|
|grp_fu_832_p_dout0  |   in|   64|  ap_ctrl_hs|  rdc_mont.1_Pipeline_VITIS_LOOP_185_3|  return value|
|grp_fu_832_p_ce     |  out|    1|  ap_ctrl_hs|  rdc_mont.1_Pipeline_VITIS_LOOP_185_3|  return value|
|grp_fu_836_p_din0   |  out|   32|  ap_ctrl_hs|  rdc_mont.1_Pipeline_VITIS_LOOP_185_3|  return value|
|grp_fu_836_p_din1   |  out|   32|  ap_ctrl_hs|  rdc_mont.1_Pipeline_VITIS_LOOP_185_3|  return value|
|grp_fu_836_p_dout0  |   in|   64|  ap_ctrl_hs|  rdc_mont.1_Pipeline_VITIS_LOOP_185_3|  return value|
|grp_fu_836_p_ce     |  out|    1|  ap_ctrl_hs|  rdc_mont.1_Pipeline_VITIS_LOOP_185_3|  return value|
|grp_fu_840_p_din0   |  out|   32|  ap_ctrl_hs|  rdc_mont.1_Pipeline_VITIS_LOOP_185_3|  return value|
|grp_fu_840_p_din1   |  out|   32|  ap_ctrl_hs|  rdc_mont.1_Pipeline_VITIS_LOOP_185_3|  return value|
|grp_fu_840_p_dout0  |   in|   64|  ap_ctrl_hs|  rdc_mont.1_Pipeline_VITIS_LOOP_185_3|  return value|
|grp_fu_840_p_ce     |  out|    1|  ap_ctrl_hs|  rdc_mont.1_Pipeline_VITIS_LOOP_185_3|  return value|
|grp_fu_844_p_din0   |  out|   32|  ap_ctrl_hs|  rdc_mont.1_Pipeline_VITIS_LOOP_185_3|  return value|
|grp_fu_844_p_din1   |  out|   32|  ap_ctrl_hs|  rdc_mont.1_Pipeline_VITIS_LOOP_185_3|  return value|
|grp_fu_844_p_dout0  |   in|   64|  ap_ctrl_hs|  rdc_mont.1_Pipeline_VITIS_LOOP_185_3|  return value|
|grp_fu_844_p_ce     |  out|    1|  ap_ctrl_hs|  rdc_mont.1_Pipeline_VITIS_LOOP_185_3|  return value|
|v_025               |   in|   64|     ap_none|                                 v_025|        scalar|
|u_024               |   in|   64|     ap_none|                                 u_024|        scalar|
|i_9                 |   in|    3|     ap_none|                                   i_9|        scalar|
|add_ln185           |   in|    4|     ap_none|                             add_ln185|        scalar|
|PKB_address0        |  out|    6|   ap_memory|                                   PKB|         array|
|PKB_ce0             |  out|    1|   ap_memory|                                   PKB|         array|
|PKB_q0              |   in|   64|   ap_memory|                                   PKB|         array|
|empty               |   in|    3|     ap_none|                                 empty|        scalar|
|v_95_out            |  out|   64|      ap_vld|                              v_95_out|       pointer|
|v_95_out_ap_vld     |  out|    1|      ap_vld|                              v_95_out|       pointer|
|u_45_out            |  out|   64|      ap_vld|                              u_45_out|       pointer|
|u_45_out_ap_vld     |  out|    1|      ap_vld|                              u_45_out|       pointer|
|t_out               |  out|   64|      ap_vld|                                 t_out|       pointer|
|t_out_ap_vld        |  out|    1|      ap_vld|                                 t_out|       pointer|
+--------------------+-----+-----+------------+--------------------------------------+--------------+

