

================================================================
== Vitis HLS Report for 'crypto_kem_enc_1_Pipeline_VITIS_LOOP_377_2'
================================================================
* Date:           Tue May 20 14:34:49 2025

* Version:        2024.2.2 (Build 6049644 on Mar  5 2025)
* Project:        sikep503_hls
* Solution:       solution1 (Vivado IP Flow Target)
* Product family: zynq
* Target device:  xc7z020-clg484-1


================================================================
== Performance Estimates
================================================================
+ Timing: 
    * Summary: 
    +--------+----------+----------+------------+
    |  Clock |  Target  | Estimated| Uncertainty|
    +--------+----------+----------+------------+
    |ap_clk  |  10.00 ns|  5.576 ns|     2.70 ns|
    +--------+----------+----------+------------+

+ Latency: 
    * Summary: 
    +---------+---------+----------+----------+-----+-----+------------------------------------------------+
    |  Latency (cycles) |  Latency (absolute) |  Interval |                    Pipeline                    |
    |   min   |   max   |    min   |    max   | min | max |                      Type                      |
    +---------+---------+----------+----------+-----+-----+------------------------------------------------+
    |       19|       19|  0.190 us|  0.190 us|   18|   18|  loop auto-rewind stp (delay=0 clock cycles(s))|
    +---------+---------+----------+----------+-----+-----+------------------------------------------------+

    + Detail: 
        * Instance: 
        N/A

        * Loop: 
        +--------------------+---------+---------+----------+-----------+-----------+------+----------+
        |                    |  Latency (cycles) | Iteration|  Initiation Interval  | Trip |          |
        |      Loop Name     |   min   |   max   |  Latency |  achieved |   target  | Count| Pipelined|
        +--------------------+---------+---------+----------+-----------+-----------+------+----------+
        |- VITIS_LOOP_377_2  |       17|       17|         2|          1|          1|    17|       yes|
        +--------------------+---------+---------+----------+-----------+-----------+------+----------+

============================================================
+ Verbose Summary: Synthesis Manager
============================================================
InlineROM: 1
ExposeGlobal: 0
============================================================
+ Verbose Summary: CDFG Model
============================================================
IsTopModel: 0
ResetActiveHigh: 1
IsCombinational: 0
IsDatapathOnly: 0
HasWiredReturn: 1
HasMFsm: 2
HasVarLatency: 1
IsPipeline: 0
IsRtlPipelined: 0
IsInstanceOverlapped: 0
IsDontTouch: 0
HasImplIP: 0
IsGatedGlobalClock: 0

+ Individual pipeline summary: 
  * Pipeline-0: initiation interval (II) = 1, depth = 2


============================================================
+ Verbose Summary: Schedule
============================================================
* Number of FSM states : 2
* Pipeline : 1
  Pipeline-0 : II = 1, D = 2, States = { 1 2 }
* Dataflow Pipeline: 0

* FSM state transitions: 
1 --> 2 
2 --> 

* FSM state operations: 

State 1 <SV = 0> <Delay = 4.95>
ST_1 : Operation 5 [1/1] (0.00ns)   --->   "%i_257 = alloca i32 1" [src/sha3/fips202.c:372->src/sha3/fips202.c:569->src/sike.c:60]   --->   Operation 5 'alloca' 'i_257' <Predicate = true> <Delay = 0.00>
ST_1 : Operation 6 [1/1] (0.00ns)   --->   "%specbramwithbyteenable_ln0 = specbramwithbyteenable void @_ssdm_op_SpecBRAMWithByteEnable, i64 %s_i"   --->   Operation 6 'specbramwithbyteenable' 'specbramwithbyteenable_ln0' <Predicate = true> <Delay = 0.00>
ST_1 : Operation 7 [1/1] (1.58ns)   --->   "%store_ln372 = store i5 0, i5 %i_257" [src/sha3/fips202.c:372->src/sha3/fips202.c:569->src/sike.c:60]   --->   Operation 7 'store' 'store_ln372' <Predicate = true> <Delay = 1.58>
ST_1 : Operation 8 [1/1] (0.00ns)   --->   "%br_ln0 = br void %for.inc.i11.i"   --->   Operation 8 'br' 'br_ln0' <Predicate = true> <Delay = 0.00>
ST_1 : Operation 9 [1/1] (0.00ns)   --->   "%i = load i5 %i_257" [src/sha3/fips202.c:377->src/sha3/fips202.c:569->src/sike.c:60]   --->   Operation 9 'load' 'i' <Predicate = true> <Delay = 0.00>
ST_1 : Operation 10 [1/1] (1.78ns)   --->   "%icmp_ln377 = icmp_eq  i5 %i, i5 17" [src/sha3/fips202.c:377->src/sha3/fips202.c:569->src/sike.c:60]   --->   Operation 10 'icmp' 'icmp_ln377' <Predicate = true> <Delay = 1.78> <CoreInst = "Cmp">   --->   Core 9 'Cmp' <Latency = 0> <II = 1> <Delay = 1.78> <FuncUnit> <Opcode : 'seteq' 'setne' 'setle' 'setge' 'setlt' 'setgt'> <InPorts = 2> <OutPorts = 1>
ST_1 : Operation 11 [1/1] (1.78ns)   --->   "%add_ln377 = add i5 %i, i5 1" [src/sha3/fips202.c:377->src/sha3/fips202.c:569->src/sike.c:60]   --->   Operation 11 'add' 'add_ln377' <Predicate = true> <Delay = 1.78> <CoreInst = "Adder">   --->   Core 1 'Adder' <Latency = 0> <II = 1> <Delay = 1.78> <FuncUnit> <Opcode : 'add' 'sub'> <InPorts = 2> <OutPorts = 1>
ST_1 : Operation 12 [1/1] (0.00ns)   --->   "%br_ln377 = br i1 %icmp_ln377, void %for.inc.i11.i.split, void %keccak_squeezeblocks.exit.i.exitStub" [src/sha3/fips202.c:377->src/sha3/fips202.c:569->src/sike.c:60]   --->   Operation 12 'br' 'br_ln377' <Predicate = true> <Delay = 0.00>
ST_1 : Operation 13 [1/1] (0.00ns)   --->   "%zext_ln379 = zext i5 %i" [src/sha3/fips202.c:379->src/sha3/fips202.c:569->src/sike.c:60]   --->   Operation 13 'zext' 'zext_ln379' <Predicate = (!icmp_ln377)> <Delay = 0.00>
ST_1 : Operation 14 [1/1] (0.00ns)   --->   "%s_i_addr = getelementptr i64 %s_i, i32 0, i32 %zext_ln379" [src/sha3/fips202.c:379->src/sha3/fips202.c:569->src/sike.c:60]   --->   Operation 14 'getelementptr' 's_i_addr' <Predicate = (!icmp_ln377)> <Delay = 0.00>
ST_1 : Operation 15 [2/2] (3.25ns)   --->   "%s_i_load = load i5 %s_i_addr" [src/sha3/fips202.c:379->src/sha3/fips202.c:569->src/sike.c:60]   --->   Operation 15 'load' 's_i_load' <Predicate = (!icmp_ln377)> <Delay = 3.25> <CoreInst = "RAM">   --->   Core 81 'RAM' <Latency = 1> <II = 1> <Delay = 3.25> <Storage> <Opcode : 'load' 'store'> <Ports = 2> <Width = 64> <Depth = 25> <RAM>
ST_1 : Operation 16 [1/1] (1.58ns)   --->   "%store_ln372 = store i5 %add_ln377, i5 %i_257" [src/sha3/fips202.c:372->src/sha3/fips202.c:569->src/sike.c:60]   --->   Operation 16 'store' 'store_ln372' <Predicate = (!icmp_ln377)> <Delay = 1.58>
ST_1 : Operation 50 [1/1] (1.58ns)   --->   "%ret_ln0 = ret"   --->   Operation 50 'ret' 'ret_ln0' <Predicate = (icmp_ln377)> <Delay = 1.58>

State 2 <SV = 1> <Delay = 5.57>
ST_2 : Operation 17 [1/1] (0.00ns)   --->   "%specpipeline_ln372 = specpipeline void @_ssdm_op_SpecPipeline, i32 4294967295, i32 0, i32 0, i32 0, void @empty_44" [src/sha3/fips202.c:372->src/sha3/fips202.c:569->src/sike.c:60]   --->   Operation 17 'specpipeline' 'specpipeline_ln372' <Predicate = true> <Delay = 0.00>
ST_2 : Operation 18 [1/1] (0.00ns)   --->   "%speclooptripcount_ln372 = speclooptripcount void @_ssdm_op_SpecLoopTripCount, i64 17, i64 17, i64 17" [src/sha3/fips202.c:372->src/sha3/fips202.c:569->src/sike.c:60]   --->   Operation 18 'speclooptripcount' 'speclooptripcount_ln372' <Predicate = true> <Delay = 0.00>
ST_2 : Operation 19 [1/1] (0.00ns)   --->   "%specloopname_ln377 = specloopname void @_ssdm_op_SpecLoopName, void @empty_23" [src/sha3/fips202.c:377->src/sha3/fips202.c:569->src/sike.c:60]   --->   Operation 19 'specloopname' 'specloopname_ln377' <Predicate = true> <Delay = 0.00>
ST_2 : Operation 20 [1/2] ( I:3.25ns O:3.25ns )   --->   "%s_i_load = load i5 %s_i_addr" [src/sha3/fips202.c:379->src/sha3/fips202.c:569->src/sike.c:60]   --->   Operation 20 'load' 's_i_load' <Predicate = true> <Delay = 3.25> <CoreInst = "RAM">   --->   Core 81 'RAM' <Latency = 1> <II = 1> <Delay = 3.25> <Storage> <Opcode : 'load' 'store'> <Ports = 2> <Width = 64> <Depth = 25> <RAM>
ST_2 : Operation 21 [1/1] (0.00ns)   --->   "%trunc_ln38 = trunc i64 %s_i_load" [src/sha3/fips202.c:38->src/sha3/fips202.c:379->src/sha3/fips202.c:569->src/sike.c:60]   --->   Operation 21 'trunc' 'trunc_ln38' <Predicate = true> <Delay = 0.00>
ST_2 : Operation 22 [1/1] (0.00ns)   --->   "%shl_ln = bitconcatenate i6 @_ssdm_op_BitConcatenate.i6.i5.i1, i5 %i, i1 0" [src/sha3/fips202.c:38->src/sha3/fips202.c:379->src/sha3/fips202.c:569->src/sike.c:60]   --->   Operation 22 'bitconcatenate' 'shl_ln' <Predicate = true> <Delay = 0.00>
ST_2 : Operation 23 [1/1] (0.00ns)   --->   "%zext_ln38 = zext i6 %shl_ln" [src/sha3/fips202.c:38->src/sha3/fips202.c:379->src/sha3/fips202.c:569->src/sike.c:60]   --->   Operation 23 'zext' 'zext_ln38' <Predicate = true> <Delay = 0.00>
ST_2 : Operation 24 [1/1] (0.00ns)   --->   "%t_addr = getelementptr i8 %t, i32 0, i32 %zext_ln38" [src/sha3/fips202.c:38->src/sha3/fips202.c:379->src/sha3/fips202.c:569->src/sike.c:60]   --->   Operation 24 'getelementptr' 't_addr' <Predicate = true> <Delay = 0.00>
ST_2 : Operation 25 [1/1] (0.00ns)   --->   "%trunc_ln38_s = partselect i8 @_ssdm_op_PartSelect.i8.i64.i32.i32, i64 %s_i_load, i32 8, i32 15" [src/sha3/fips202.c:38->src/sha3/fips202.c:379->src/sha3/fips202.c:569->src/sike.c:60]   --->   Operation 25 'partselect' 'trunc_ln38_s' <Predicate = true> <Delay = 0.00>
ST_2 : Operation 26 [1/1] (0.00ns)   --->   "%t_78_addr = getelementptr i8 %t_78, i32 0, i32 %zext_ln38" [src/sha3/fips202.c:38->src/sha3/fips202.c:379->src/sha3/fips202.c:569->src/sike.c:60]   --->   Operation 26 'getelementptr' 't_78_addr' <Predicate = true> <Delay = 0.00>
ST_2 : Operation 27 [1/1] (0.00ns)   --->   "%trunc_ln38_5 = partselect i8 @_ssdm_op_PartSelect.i8.i64.i32.i32, i64 %s_i_load, i32 16, i32 23" [src/sha3/fips202.c:38->src/sha3/fips202.c:379->src/sha3/fips202.c:569->src/sike.c:60]   --->   Operation 27 'partselect' 'trunc_ln38_5' <Predicate = true> <Delay = 0.00>
ST_2 : Operation 28 [1/1] (0.00ns)   --->   "%t_79_addr = getelementptr i8 %t_79, i32 0, i32 %zext_ln38" [src/sha3/fips202.c:38->src/sha3/fips202.c:379->src/sha3/fips202.c:569->src/sike.c:60]   --->   Operation 28 'getelementptr' 't_79_addr' <Predicate = true> <Delay = 0.00>
ST_2 : Operation 29 [1/1] (0.00ns)   --->   "%trunc_ln38_6 = partselect i8 @_ssdm_op_PartSelect.i8.i64.i32.i32, i64 %s_i_load, i32 24, i32 31" [src/sha3/fips202.c:38->src/sha3/fips202.c:379->src/sha3/fips202.c:569->src/sike.c:60]   --->   Operation 29 'partselect' 'trunc_ln38_6' <Predicate = true> <Delay = 0.00>
ST_2 : Operation 30 [1/1] (0.00ns)   --->   "%t_80_addr = getelementptr i8 %t_80, i32 0, i32 %zext_ln38" [src/sha3/fips202.c:38->src/sha3/fips202.c:379->src/sha3/fips202.c:569->src/sike.c:60]   --->   Operation 30 'getelementptr' 't_80_addr' <Predicate = true> <Delay = 0.00>
ST_2 : Operation 31 [1/1] (0.00ns)   --->   "%trunc_ln38_7 = partselect i8 @_ssdm_op_PartSelect.i8.i64.i32.i32, i64 %s_i_load, i32 32, i32 39" [src/sha3/fips202.c:38->src/sha3/fips202.c:379->src/sha3/fips202.c:569->src/sike.c:60]   --->   Operation 31 'partselect' 'trunc_ln38_7' <Predicate = true> <Delay = 0.00>
ST_2 : Operation 32 [1/1] (0.00ns)   --->   "%or_ln38 = bitconcatenate i6 @_ssdm_op_BitConcatenate.i6.i5.i1, i5 %i, i1 1" [src/sha3/fips202.c:38->src/sha3/fips202.c:379->src/sha3/fips202.c:569->src/sike.c:60]   --->   Operation 32 'bitconcatenate' 'or_ln38' <Predicate = true> <Delay = 0.00>
ST_2 : Operation 33 [1/1] (0.00ns)   --->   "%zext_ln38_2 = zext i6 %or_ln38" [src/sha3/fips202.c:38->src/sha3/fips202.c:379->src/sha3/fips202.c:569->src/sike.c:60]   --->   Operation 33 'zext' 'zext_ln38_2' <Predicate = true> <Delay = 0.00>
ST_2 : Operation 34 [1/1] (0.00ns)   --->   "%t_addr_4 = getelementptr i8 %t, i32 0, i32 %zext_ln38_2" [src/sha3/fips202.c:38->src/sha3/fips202.c:379->src/sha3/fips202.c:569->src/sike.c:60]   --->   Operation 34 'getelementptr' 't_addr_4' <Predicate = true> <Delay = 0.00>
ST_2 : Operation 35 [1/1] (0.00ns)   --->   "%trunc_ln38_8 = partselect i8 @_ssdm_op_PartSelect.i8.i64.i32.i32, i64 %s_i_load, i32 40, i32 47" [src/sha3/fips202.c:38->src/sha3/fips202.c:379->src/sha3/fips202.c:569->src/sike.c:60]   --->   Operation 35 'partselect' 'trunc_ln38_8' <Predicate = true> <Delay = 0.00>
ST_2 : Operation 36 [1/1] (0.00ns)   --->   "%t_78_addr_1 = getelementptr i8 %t_78, i32 0, i32 %zext_ln38_2" [src/sha3/fips202.c:38->src/sha3/fips202.c:379->src/sha3/fips202.c:569->src/sike.c:60]   --->   Operation 36 'getelementptr' 't_78_addr_1' <Predicate = true> <Delay = 0.00>
ST_2 : Operation 37 [1/1] (0.00ns)   --->   "%trunc_ln38_9 = partselect i8 @_ssdm_op_PartSelect.i8.i64.i32.i32, i64 %s_i_load, i32 48, i32 55" [src/sha3/fips202.c:38->src/sha3/fips202.c:379->src/sha3/fips202.c:569->src/sike.c:60]   --->   Operation 37 'partselect' 'trunc_ln38_9' <Predicate = true> <Delay = 0.00>
ST_2 : Operation 38 [1/1] (0.00ns)   --->   "%t_79_addr_1 = getelementptr i8 %t_79, i32 0, i32 %zext_ln38_2" [src/sha3/fips202.c:38->src/sha3/fips202.c:379->src/sha3/fips202.c:569->src/sike.c:60]   --->   Operation 38 'getelementptr' 't_79_addr_1' <Predicate = true> <Delay = 0.00>
ST_2 : Operation 39 [1/1] (0.00ns)   --->   "%trunc_ln38_1 = partselect i8 @_ssdm_op_PartSelect.i8.i64.i32.i32, i64 %s_i_load, i32 56, i32 63" [src/sha3/fips202.c:38->src/sha3/fips202.c:379->src/sha3/fips202.c:569->src/sike.c:60]   --->   Operation 39 'partselect' 'trunc_ln38_1' <Predicate = true> <Delay = 0.00>
ST_2 : Operation 40 [1/1] (0.00ns)   --->   "%t_80_addr_1 = getelementptr i8 %t_80, i32 0, i32 %zext_ln38_2" [src/sha3/fips202.c:38->src/sha3/fips202.c:379->src/sha3/fips202.c:569->src/sike.c:60]   --->   Operation 40 'getelementptr' 't_80_addr_1' <Predicate = true> <Delay = 0.00>
ST_2 : Operation 41 [1/1] ( I:2.32ns O:2.32ns )   --->   "%store_ln38 = store i8 %trunc_ln38, i6 %t_addr" [src/sha3/fips202.c:38->src/sha3/fips202.c:379->src/sha3/fips202.c:569->src/sike.c:60]   --->   Operation 41 'store' 'store_ln38' <Predicate = true> <Delay = 2.32> <CoreInst = "RAM">   --->   Core 81 'RAM' <Latency = 1> <II = 1> <Delay = 2.32> <Storage> <Opcode : 'load' 'store'> <Ports = 2> <Width = 8> <Depth = 34> <RAM>
ST_2 : Operation 42 [1/1] ( I:2.32ns O:2.32ns )   --->   "%store_ln38 = store i8 %trunc_ln38_s, i6 %t_78_addr" [src/sha3/fips202.c:38->src/sha3/fips202.c:379->src/sha3/fips202.c:569->src/sike.c:60]   --->   Operation 42 'store' 'store_ln38' <Predicate = true> <Delay = 2.32> <CoreInst = "RAM">   --->   Core 81 'RAM' <Latency = 1> <II = 1> <Delay = 2.32> <Storage> <Opcode : 'load' 'store'> <Ports = 2> <Width = 8> <Depth = 34> <RAM>
ST_2 : Operation 43 [1/1] ( I:2.32ns O:2.32ns )   --->   "%store_ln38 = store i8 %trunc_ln38_5, i6 %t_79_addr" [src/sha3/fips202.c:38->src/sha3/fips202.c:379->src/sha3/fips202.c:569->src/sike.c:60]   --->   Operation 43 'store' 'store_ln38' <Predicate = true> <Delay = 2.32> <CoreInst = "RAM">   --->   Core 81 'RAM' <Latency = 1> <II = 1> <Delay = 2.32> <Storage> <Opcode : 'load' 'store'> <Ports = 2> <Width = 8> <Depth = 34> <RAM>
ST_2 : Operation 44 [1/1] ( I:2.32ns O:2.32ns )   --->   "%store_ln38 = store i8 %trunc_ln38_6, i6 %t_80_addr" [src/sha3/fips202.c:38->src/sha3/fips202.c:379->src/sha3/fips202.c:569->src/sike.c:60]   --->   Operation 44 'store' 'store_ln38' <Predicate = true> <Delay = 2.32> <CoreInst = "RAM">   --->   Core 81 'RAM' <Latency = 1> <II = 1> <Delay = 2.32> <Storage> <Opcode : 'load' 'store'> <Ports = 2> <Width = 8> <Depth = 34> <RAM>
ST_2 : Operation 45 [1/1] ( I:2.32ns O:2.32ns )   --->   "%store_ln38 = store i8 %trunc_ln38_7, i6 %t_addr_4" [src/sha3/fips202.c:38->src/sha3/fips202.c:379->src/sha3/fips202.c:569->src/sike.c:60]   --->   Operation 45 'store' 'store_ln38' <Predicate = true> <Delay = 2.32> <CoreInst = "RAM">   --->   Core 81 'RAM' <Latency = 1> <II = 1> <Delay = 2.32> <Storage> <Opcode : 'load' 'store'> <Ports = 2> <Width = 8> <Depth = 34> <RAM>
ST_2 : Operation 46 [1/1] ( I:2.32ns O:2.32ns )   --->   "%store_ln38 = store i8 %trunc_ln38_8, i6 %t_78_addr_1" [src/sha3/fips202.c:38->src/sha3/fips202.c:379->src/sha3/fips202.c:569->src/sike.c:60]   --->   Operation 46 'store' 'store_ln38' <Predicate = true> <Delay = 2.32> <CoreInst = "RAM">   --->   Core 81 'RAM' <Latency = 1> <II = 1> <Delay = 2.32> <Storage> <Opcode : 'load' 'store'> <Ports = 2> <Width = 8> <Depth = 34> <RAM>
ST_2 : Operation 47 [1/1] ( I:2.32ns O:2.32ns )   --->   "%store_ln38 = store i8 %trunc_ln38_9, i6 %t_79_addr_1" [src/sha3/fips202.c:38->src/sha3/fips202.c:379->src/sha3/fips202.c:569->src/sike.c:60]   --->   Operation 47 'store' 'store_ln38' <Predicate = true> <Delay = 2.32> <CoreInst = "RAM">   --->   Core 81 'RAM' <Latency = 1> <II = 1> <Delay = 2.32> <Storage> <Opcode : 'load' 'store'> <Ports = 2> <Width = 8> <Depth = 34> <RAM>
ST_2 : Operation 48 [1/1] ( I:2.32ns O:2.32ns )   --->   "%store_ln38 = store i8 %trunc_ln38_1, i6 %t_80_addr_1" [src/sha3/fips202.c:38->src/sha3/fips202.c:379->src/sha3/fips202.c:569->src/sike.c:60]   --->   Operation 48 'store' 'store_ln38' <Predicate = true> <Delay = 2.32> <CoreInst = "RAM">   --->   Core 81 'RAM' <Latency = 1> <II = 1> <Delay = 2.32> <Storage> <Opcode : 'load' 'store'> <Ports = 2> <Width = 8> <Depth = 34> <RAM>
ST_2 : Operation 49 [1/1] (0.00ns)   --->   "%br_ln377 = br void %for.inc.i11.i" [src/sha3/fips202.c:377->src/sha3/fips202.c:569->src/sike.c:60]   --->   Operation 49 'br' 'br_ln377' <Predicate = true> <Delay = 0.00>


============================================================
+ Verbose Summary: Binding
============================================================
STG Binding: 
---------------- STG Properties BEGIN ----------------
- Is combinational: 0
- Is one-state seq: 0
- Is datapath-only: 0
- Is pipelined: 0
- Is top level: 0
Port [ Return ] is wired: 1; IO mode=ap_ctrl_hs:ce=0
Port [ t_80]:  wired=1; compound=1; hidden=0; nouse=0; global=0; static=0; extern=0; dir=1; type=1; pingpong=0; private_global=0; MemPort=[00]; IO mode=ap_memory:ce=0
Port [ t_79]:  wired=1; compound=1; hidden=0; nouse=0; global=0; static=0; extern=0; dir=1; type=1; pingpong=0; private_global=0; MemPort=[00]; IO mode=ap_memory:ce=0
Port [ t_78]:  wired=1; compound=1; hidden=0; nouse=0; global=0; static=0; extern=0; dir=1; type=1; pingpong=0; private_global=0; MemPort=[00]; IO mode=ap_memory:ce=0
Port [ t]:  wired=1; compound=1; hidden=0; nouse=0; global=0; static=0; extern=0; dir=1; type=1; pingpong=0; private_global=0; MemPort=[00]; IO mode=ap_memory:ce=0
Port [ s_i]:  wired=1; compound=1; hidden=0; nouse=0; global=0; static=0; extern=0; dir=0; type=1; pingpong=0; private_global=0; MemPort=[13]; IO mode=ap_memory:ce=0
---------------- STG Properties END ------------------

---------------- Datapath Model BEGIN ----------------

<LifeTime>
<method=bitvector/>
i_257                      (alloca                ) [ 010]
specbramwithbyteenable_ln0 (specbramwithbyteenable) [ 000]
store_ln372                (store                 ) [ 000]
br_ln0                     (br                    ) [ 000]
i                          (load                  ) [ 011]
icmp_ln377                 (icmp                  ) [ 010]
add_ln377                  (add                   ) [ 000]
br_ln377                   (br                    ) [ 000]
zext_ln379                 (zext                  ) [ 000]
s_i_addr                   (getelementptr         ) [ 011]
store_ln372                (store                 ) [ 000]
specpipeline_ln372         (specpipeline          ) [ 000]
speclooptripcount_ln372    (speclooptripcount     ) [ 000]
specloopname_ln377         (specloopname          ) [ 000]
s_i_load                   (load                  ) [ 000]
trunc_ln38                 (trunc                 ) [ 000]
shl_ln                     (bitconcatenate        ) [ 000]
zext_ln38                  (zext                  ) [ 000]
t_addr                     (getelementptr         ) [ 000]
trunc_ln38_s               (partselect            ) [ 000]
t_78_addr                  (getelementptr         ) [ 000]
trunc_ln38_5               (partselect            ) [ 000]
t_79_addr                  (getelementptr         ) [ 000]
trunc_ln38_6               (partselect            ) [ 000]
t_80_addr                  (getelementptr         ) [ 000]
trunc_ln38_7               (partselect            ) [ 000]
or_ln38                    (bitconcatenate        ) [ 000]
zext_ln38_2                (zext                  ) [ 000]
t_addr_4                   (getelementptr         ) [ 000]
trunc_ln38_8               (partselect            ) [ 000]
t_78_addr_1                (getelementptr         ) [ 000]
trunc_ln38_9               (partselect            ) [ 000]
t_79_addr_1                (getelementptr         ) [ 000]
trunc_ln38_1               (partselect            ) [ 000]
t_80_addr_1                (getelementptr         ) [ 000]
store_ln38                 (store                 ) [ 000]
store_ln38                 (store                 ) [ 000]
store_ln38                 (store                 ) [ 000]
store_ln38                 (store                 ) [ 000]
store_ln38                 (store                 ) [ 000]
store_ln38                 (store                 ) [ 000]
store_ln38                 (store                 ) [ 000]
store_ln38                 (store                 ) [ 000]
br_ln377                   (br                    ) [ 000]
ret_ln0                    (ret                   ) [ 000]
</LifeTime>

<model>

<comp_list>
<comp id="0" class="1000" name="t_80">
<pin_list>
<pin id="1" dir="1" index="0" bw="1" slack="0"/>
</pin_list>
<bind>
<StgValue><ssdm name="t_80"/><MemPortTyVec>0 0 </MemPortTyVec>
</StgValue>
</bind>
</comp>

<comp id="2" class="1000" name="t_79">
<pin_list>
<pin id="3" dir="1" index="0" bw="1" slack="0"/>
</pin_list>
<bind>
<StgValue><ssdm name="t_79"/><MemPortTyVec>0 0 </MemPortTyVec>
</StgValue>
</bind>
</comp>

<comp id="4" class="1000" name="t_78">
<pin_list>
<pin id="5" dir="1" index="0" bw="1" slack="0"/>
</pin_list>
<bind>
<StgValue><ssdm name="t_78"/><MemPortTyVec>0 0 </MemPortTyVec>
</StgValue>
</bind>
</comp>

<comp id="6" class="1000" name="t">
<pin_list>
<pin id="7" dir="1" index="0" bw="1" slack="0"/>
</pin_list>
<bind>
<StgValue><ssdm name="t"/><MemPortTyVec>0 0 </MemPortTyVec>
</StgValue>
</bind>
</comp>

<comp id="8" class="1000" name="s_i">
<pin_list>
<pin id="9" dir="1" index="0" bw="1" slack="0"/>
</pin_list>
<bind>
<StgValue><ssdm name="s_i"/><MemPortTyVec>1 3 </MemPortTyVec>
</StgValue>
</bind>
</comp>

<comp id="10" class="1001" name="const_10">
<pin_list>
<pin id="11" dir="1" index="0" bw="1" slack="0"/>
</pin_list>
<bind>
<StgValue><ssdm name=""/></StgValue>
</bind>
</comp>

<comp id="12" class="1001" name="const_12">
<pin_list>
<pin id="13" dir="1" index="0" bw="1" slack="2147483647"/>
</pin_list>
<bind>
<StgValue><ssdm name="_ssdm_op_SpecBRAMWithByteEnable"/></StgValue>
</bind>
</comp>

<comp id="14" class="1001" name="const_14">
<pin_list>
<pin id="15" dir="1" index="0" bw="1" slack="0"/>
</pin_list>
<bind>
<StgValue><ssdm name=""/></StgValue>
</bind>
</comp>

<comp id="16" class="1001" name="const_16">
<pin_list>
<pin id="17" dir="1" index="0" bw="1" slack="0"/>
</pin_list>
<bind>
<StgValue><ssdm name=""/></StgValue>
</bind>
</comp>

<comp id="18" class="1001" name="const_18">
<pin_list>
<pin id="19" dir="1" index="0" bw="1" slack="0"/>
</pin_list>
<bind>
<StgValue><ssdm name=""/></StgValue>
</bind>
</comp>

<comp id="20" class="1001" name="const_20">
<pin_list>
<pin id="21" dir="1" index="0" bw="1" slack="0"/>
</pin_list>
<bind>
<StgValue><ssdm name=""/></StgValue>
</bind>
</comp>

<comp id="22" class="1001" name="const_22">
<pin_list>
<pin id="23" dir="1" index="0" bw="1" slack="2147483647"/>
</pin_list>
<bind>
<StgValue><ssdm name="_ssdm_op_SpecPipeline"/></StgValue>
</bind>
</comp>

<comp id="24" class="1001" name="const_24">
<pin_list>
<pin id="25" dir="1" index="0" bw="1" slack="2147483647"/>
</pin_list>
<bind>
<StgValue><ssdm name=""/></StgValue>
</bind>
</comp>

<comp id="26" class="1001" name="const_26">
<pin_list>
<pin id="27" dir="1" index="0" bw="1" slack="2147483647"/>
</pin_list>
<bind>
<StgValue><ssdm name="empty_44"/></StgValue>
</bind>
</comp>

<comp id="28" class="1001" name="const_28">
<pin_list>
<pin id="29" dir="1" index="0" bw="1" slack="2147483647"/>
</pin_list>
<bind>
<StgValue><ssdm name="_ssdm_op_SpecLoopTripCount"/></StgValue>
</bind>
</comp>

<comp id="30" class="1001" name="const_30">
<pin_list>
<pin id="31" dir="1" index="0" bw="1" slack="2147483647"/>
</pin_list>
<bind>
<StgValue><ssdm name=""/></StgValue>
</bind>
</comp>

<comp id="32" class="1001" name="const_32">
<pin_list>
<pin id="33" dir="1" index="0" bw="1" slack="2147483647"/>
</pin_list>
<bind>
<StgValue><ssdm name="_ssdm_op_SpecLoopName"/></StgValue>
</bind>
</comp>

<comp id="34" class="1001" name="const_34">
<pin_list>
<pin id="35" dir="1" index="0" bw="1" slack="2147483647"/>
</pin_list>
<bind>
<StgValue><ssdm name="empty_23"/></StgValue>
</bind>
</comp>

<comp id="36" class="1001" name="const_36">
<pin_list>
<pin id="37" dir="1" index="0" bw="1" slack="0"/>
</pin_list>
<bind>
<StgValue><ssdm name="_ssdm_op_BitConcatenate.i6.i5.i1"/></StgValue>
</bind>
</comp>

<comp id="38" class="1001" name="const_38">
<pin_list>
<pin id="39" dir="1" index="0" bw="1" slack="0"/>
</pin_list>
<bind>
<StgValue><ssdm name=""/></StgValue>
</bind>
</comp>

<comp id="40" class="1001" name="const_40">
<pin_list>
<pin id="41" dir="1" index="0" bw="1" slack="0"/>
</pin_list>
<bind>
<StgValue><ssdm name="_ssdm_op_PartSelect.i8.i64.i32.i32"/></StgValue>
</bind>
</comp>

<comp id="42" class="1001" name="const_42">
<pin_list>
<pin id="43" dir="1" index="0" bw="1" slack="0"/>
</pin_list>
<bind>
<StgValue><ssdm name=""/></StgValue>
</bind>
</comp>

<comp id="44" class="1001" name="const_44">
<pin_list>
<pin id="45" dir="1" index="0" bw="1" slack="0"/>
</pin_list>
<bind>
<StgValue><ssdm name=""/></StgValue>
</bind>
</comp>

<comp id="46" class="1001" name="const_46">
<pin_list>
<pin id="47" dir="1" index="0" bw="1" slack="0"/>
</pin_list>
<bind>
<StgValue><ssdm name=""/></StgValue>
</bind>
</comp>

<comp id="48" class="1001" name="const_48">
<pin_list>
<pin id="49" dir="1" index="0" bw="1" slack="0"/>
</pin_list>
<bind>
<StgValue><ssdm name=""/></StgValue>
</bind>
</comp>

<comp id="50" class="1001" name="const_50">
<pin_list>
<pin id="51" dir="1" index="0" bw="1" slack="0"/>
</pin_list>
<bind>
<StgValue><ssdm name=""/></StgValue>
</bind>
</comp>

<comp id="52" class="1001" name="const_52">
<pin_list>
<pin id="53" dir="1" index="0" bw="1" slack="0"/>
</pin_list>
<bind>
<StgValue><ssdm name=""/></StgValue>
</bind>
</comp>

<comp id="54" class="1001" name="const_54">
<pin_list>
<pin id="55" dir="1" index="0" bw="1" slack="0"/>
</pin_list>
<bind>
<StgValue><ssdm name=""/></StgValue>
</bind>
</comp>

<comp id="56" class="1001" name="const_56">
<pin_list>
<pin id="57" dir="1" index="0" bw="1" slack="0"/>
</pin_list>
<bind>
<StgValue><ssdm name=""/></StgValue>
</bind>
</comp>

<comp id="58" class="1001" name="const_58">
<pin_list>
<pin id="59" dir="1" index="0" bw="1" slack="0"/>
</pin_list>
<bind>
<StgValue><ssdm name=""/></StgValue>
</bind>
</comp>

<comp id="60" class="1001" name="const_60">
<pin_list>
<pin id="61" dir="1" index="0" bw="1" slack="0"/>
</pin_list>
<bind>
<StgValue><ssdm name=""/></StgValue>
</bind>
</comp>

<comp id="62" class="1001" name="const_62">
<pin_list>
<pin id="63" dir="1" index="0" bw="1" slack="0"/>
</pin_list>
<bind>
<StgValue><ssdm name=""/></StgValue>
</bind>
</comp>

<comp id="64" class="1001" name="const_64">
<pin_list>
<pin id="65" dir="1" index="0" bw="1" slack="0"/>
</pin_list>
<bind>
<StgValue><ssdm name=""/></StgValue>
</bind>
</comp>

<comp id="66" class="1001" name="const_66">
<pin_list>
<pin id="67" dir="1" index="0" bw="1" slack="0"/>
</pin_list>
<bind>
<StgValue><ssdm name=""/></StgValue>
</bind>
</comp>

<comp id="68" class="1001" name="const_68">
<pin_list>
<pin id="69" dir="1" index="0" bw="1" slack="0"/>
</pin_list>
<bind>
<StgValue><ssdm name=""/></StgValue>
</bind>
</comp>

<comp id="70" class="1001" name="const_70">
<pin_list>
<pin id="71" dir="1" index="0" bw="1" slack="0"/>
</pin_list>
<bind>
<StgValue><ssdm name=""/></StgValue>
</bind>
</comp>

<comp id="72" class="1004" name="i_257_fu_72">
<pin_list>
<pin id="73" dir="0" index="0" bw="1" slack="0"/>
<pin id="74" dir="1" index="1" bw="5" slack="0"/>
</pin_list>
<bind>
<opcode="alloca(26) " fcode="alloca"/>
<opset="i_257/1 "/>
</bind>
</comp>

<comp id="76" class="1004" name="s_i_addr_gep_fu_76">
<pin_list>
<pin id="77" dir="0" index="0" bw="64" slack="0"/>
<pin id="78" dir="0" index="1" bw="1" slack="0"/>
<pin id="79" dir="0" index="2" bw="5" slack="0"/>
<pin id="80" dir="1" index="3" bw="5" slack="0"/>
</pin_list>
<bind>
<opcode="getelementptr(29) " fcode="getelementptr"/>
<opset="s_i_addr/1 "/>
</bind>
</comp>

<comp id="83" class="1004" name="grp_access_fu_83">
<pin_list>
<pin id="84" dir="0" index="0" bw="5" slack="0"/>
<pin id="85" dir="0" index="1" bw="64" slack="2147483647"/>
<pin id="86" dir="0" index="2" bw="0" slack="2147483647"/>
<pin id="87" dir="1" index="3" bw="64" slack="0"/>
</pin_list>
<bind>
<opcode="load(27) " fcode="load"/>
<opset="s_i_load/1 "/>
</bind>
</comp>

<comp id="89" class="1004" name="t_addr_gep_fu_89">
<pin_list>
<pin id="90" dir="0" index="0" bw="8" slack="0"/>
<pin id="91" dir="0" index="1" bw="1" slack="0"/>
<pin id="92" dir="0" index="2" bw="6" slack="0"/>
<pin id="93" dir="1" index="3" bw="6" slack="0"/>
</pin_list>
<bind>
<opcode="getelementptr(29) " fcode="getelementptr"/>
<opset="t_addr/2 "/>
</bind>
</comp>

<comp id="96" class="1004" name="t_78_addr_gep_fu_96">
<pin_list>
<pin id="97" dir="0" index="0" bw="8" slack="0"/>
<pin id="98" dir="0" index="1" bw="1" slack="0"/>
<pin id="99" dir="0" index="2" bw="6" slack="0"/>
<pin id="100" dir="1" index="3" bw="6" slack="0"/>
</pin_list>
<bind>
<opcode="getelementptr(29) " fcode="getelementptr"/>
<opset="t_78_addr/2 "/>
</bind>
</comp>

<comp id="103" class="1004" name="t_79_addr_gep_fu_103">
<pin_list>
<pin id="104" dir="0" index="0" bw="8" slack="0"/>
<pin id="105" dir="0" index="1" bw="1" slack="0"/>
<pin id="106" dir="0" index="2" bw="6" slack="0"/>
<pin id="107" dir="1" index="3" bw="6" slack="0"/>
</pin_list>
<bind>
<opcode="getelementptr(29) " fcode="getelementptr"/>
<opset="t_79_addr/2 "/>
</bind>
</comp>

<comp id="110" class="1004" name="t_80_addr_gep_fu_110">
<pin_list>
<pin id="111" dir="0" index="0" bw="8" slack="0"/>
<pin id="112" dir="0" index="1" bw="1" slack="0"/>
<pin id="113" dir="0" index="2" bw="6" slack="0"/>
<pin id="114" dir="1" index="3" bw="6" slack="0"/>
</pin_list>
<bind>
<opcode="getelementptr(29) " fcode="getelementptr"/>
<opset="t_80_addr/2 "/>
</bind>
</comp>

<comp id="117" class="1004" name="t_addr_4_gep_fu_117">
<pin_list>
<pin id="118" dir="0" index="0" bw="8" slack="0"/>
<pin id="119" dir="0" index="1" bw="1" slack="0"/>
<pin id="120" dir="0" index="2" bw="6" slack="0"/>
<pin id="121" dir="1" index="3" bw="6" slack="0"/>
</pin_list>
<bind>
<opcode="getelementptr(29) " fcode="getelementptr"/>
<opset="t_addr_4/2 "/>
</bind>
</comp>

<comp id="124" class="1004" name="t_78_addr_1_gep_fu_124">
<pin_list>
<pin id="125" dir="0" index="0" bw="8" slack="0"/>
<pin id="126" dir="0" index="1" bw="1" slack="0"/>
<pin id="127" dir="0" index="2" bw="6" slack="0"/>
<pin id="128" dir="1" index="3" bw="6" slack="0"/>
</pin_list>
<bind>
<opcode="getelementptr(29) " fcode="getelementptr"/>
<opset="t_78_addr_1/2 "/>
</bind>
</comp>

<comp id="131" class="1004" name="t_79_addr_1_gep_fu_131">
<pin_list>
<pin id="132" dir="0" index="0" bw="8" slack="0"/>
<pin id="133" dir="0" index="1" bw="1" slack="0"/>
<pin id="134" dir="0" index="2" bw="6" slack="0"/>
<pin id="135" dir="1" index="3" bw="6" slack="0"/>
</pin_list>
<bind>
<opcode="getelementptr(29) " fcode="getelementptr"/>
<opset="t_79_addr_1/2 "/>
</bind>
</comp>

<comp id="138" class="1004" name="t_80_addr_1_gep_fu_138">
<pin_list>
<pin id="139" dir="0" index="0" bw="8" slack="0"/>
<pin id="140" dir="0" index="1" bw="1" slack="0"/>
<pin id="141" dir="0" index="2" bw="6" slack="0"/>
<pin id="142" dir="1" index="3" bw="6" slack="0"/>
</pin_list>
<bind>
<opcode="getelementptr(29) " fcode="getelementptr"/>
<opset="t_80_addr_1/2 "/>
</bind>
</comp>

<comp id="145" class="1004" name="grp_access_fu_145">
<pin_list>
<pin id="146" dir="0" index="0" bw="6" slack="0"/>
<pin id="147" dir="0" index="1" bw="8" slack="0"/>
<pin id="148" dir="0" index="2" bw="0" slack="0"/>
<pin id="150" dir="0" index="4" bw="6" slack="0"/>
<pin id="151" dir="0" index="5" bw="8" slack="2147483647"/>
<pin id="152" dir="0" index="6" bw="0" slack="2147483647"/>
<pin id="149" dir="1" index="3" bw="8" slack="2147483647"/>
<pin id="153" dir="1" index="7" bw="8" slack="2147483647"/>
</pin_list>
<bind>
<opcode="store(28) " fcode="store"/>
<opset="store_ln38/2 store_ln38/2 "/>
</bind>
</comp>

<comp id="155" class="1004" name="grp_access_fu_155">
<pin_list>
<pin id="156" dir="0" index="0" bw="6" slack="0"/>
<pin id="157" dir="0" index="1" bw="8" slack="0"/>
<pin id="158" dir="0" index="2" bw="0" slack="0"/>
<pin id="160" dir="0" index="4" bw="6" slack="0"/>
<pin id="161" dir="0" index="5" bw="8" slack="2147483647"/>
<pin id="162" dir="0" index="6" bw="0" slack="2147483647"/>
<pin id="159" dir="1" index="3" bw="8" slack="2147483647"/>
<pin id="163" dir="1" index="7" bw="8" slack="2147483647"/>
</pin_list>
<bind>
<opcode="store(28) " fcode="store"/>
<opset="store_ln38/2 store_ln38/2 "/>
</bind>
</comp>

<comp id="165" class="1004" name="grp_access_fu_165">
<pin_list>
<pin id="166" dir="0" index="0" bw="6" slack="0"/>
<pin id="167" dir="0" index="1" bw="8" slack="0"/>
<pin id="168" dir="0" index="2" bw="0" slack="0"/>
<pin id="170" dir="0" index="4" bw="6" slack="0"/>
<pin id="171" dir="0" index="5" bw="8" slack="2147483647"/>
<pin id="172" dir="0" index="6" bw="0" slack="2147483647"/>
<pin id="169" dir="1" index="3" bw="8" slack="2147483647"/>
<pin id="173" dir="1" index="7" bw="8" slack="2147483647"/>
</pin_list>
<bind>
<opcode="store(28) " fcode="store"/>
<opset="store_ln38/2 store_ln38/2 "/>
</bind>
</comp>

<comp id="175" class="1004" name="grp_access_fu_175">
<pin_list>
<pin id="176" dir="0" index="0" bw="6" slack="0"/>
<pin id="177" dir="0" index="1" bw="8" slack="0"/>
<pin id="178" dir="0" index="2" bw="0" slack="0"/>
<pin id="180" dir="0" index="4" bw="6" slack="0"/>
<pin id="181" dir="0" index="5" bw="8" slack="2147483647"/>
<pin id="182" dir="0" index="6" bw="0" slack="2147483647"/>
<pin id="179" dir="1" index="3" bw="8" slack="2147483647"/>
<pin id="183" dir="1" index="7" bw="8" slack="2147483647"/>
</pin_list>
<bind>
<opcode="store(28) " fcode="store"/>
<opset="store_ln38/2 store_ln38/2 "/>
</bind>
</comp>

<comp id="189" class="1004" name="store_ln372_store_fu_189">
<pin_list>
<pin id="190" dir="0" index="0" bw="1" slack="0"/>
<pin id="191" dir="0" index="1" bw="5" slack="0"/>
<pin id="192" dir="1" index="2" bw="0" slack="2147483647"/>
</pin_list>
<bind>
<opcode="store(28) " fcode="store"/>
<opset="store_ln372/1 "/>
</bind>
</comp>

<comp id="194" class="1004" name="i_load_fu_194">
<pin_list>
<pin id="195" dir="0" index="0" bw="5" slack="0"/>
<pin id="196" dir="1" index="1" bw="5" slack="0"/>
</pin_list>
<bind>
<opcode="load(27) " fcode="load"/>
<opset="i/1 "/>
</bind>
</comp>

<comp id="197" class="1004" name="icmp_ln377_fu_197">
<pin_list>
<pin id="198" dir="0" index="0" bw="5" slack="0"/>
<pin id="199" dir="0" index="1" bw="5" slack="0"/>
<pin id="200" dir="1" index="2" bw="1" slack="2147483647"/>
</pin_list>
<bind>
<opcode="icmp(45) " fcode="icmp"/>
<opset="icmp_ln377/1 "/>
</bind>
</comp>

<comp id="203" class="1004" name="add_ln377_fu_203">
<pin_list>
<pin id="204" dir="0" index="0" bw="5" slack="0"/>
<pin id="205" dir="0" index="1" bw="1" slack="0"/>
<pin id="206" dir="1" index="2" bw="5" slack="0"/>
</pin_list>
<bind>
<opcode="add(8) " fcode="add"/>
<opset="add_ln377/1 "/>
</bind>
</comp>

<comp id="209" class="1004" name="zext_ln379_fu_209">
<pin_list>
<pin id="210" dir="0" index="0" bw="5" slack="0"/>
<pin id="211" dir="1" index="1" bw="32" slack="0"/>
</pin_list>
<bind>
<opcode="zext(34) " fcode="zext"/>
<opset="zext_ln379/1 "/>
</bind>
</comp>

<comp id="214" class="1004" name="store_ln372_store_fu_214">
<pin_list>
<pin id="215" dir="0" index="0" bw="5" slack="0"/>
<pin id="216" dir="0" index="1" bw="5" slack="0"/>
<pin id="217" dir="1" index="2" bw="0" slack="2147483647"/>
</pin_list>
<bind>
<opcode="store(28) " fcode="store"/>
<opset="store_ln372/1 "/>
</bind>
</comp>

<comp id="219" class="1004" name="trunc_ln38_fu_219">
<pin_list>
<pin id="220" dir="0" index="0" bw="64" slack="0"/>
<pin id="221" dir="1" index="1" bw="8" slack="0"/>
</pin_list>
<bind>
<opcode="trunc(33) " fcode="trunc"/>
<opset="trunc_ln38/2 "/>
</bind>
</comp>

<comp id="224" class="1004" name="shl_ln_fu_224">
<pin_list>
<pin id="225" dir="0" index="0" bw="6" slack="0"/>
<pin id="226" dir="0" index="1" bw="5" slack="1"/>
<pin id="227" dir="0" index="2" bw="1" slack="0"/>
<pin id="228" dir="1" index="3" bw="6" slack="0"/>
</pin_list>
<bind>
<opcode="bitconcatenate(1004) " fcode="bitconcatenate"/>
<opset="shl_ln/2 "/>
</bind>
</comp>

<comp id="231" class="1004" name="zext_ln38_fu_231">
<pin_list>
<pin id="232" dir="0" index="0" bw="6" slack="0"/>
<pin id="233" dir="1" index="1" bw="32" slack="0"/>
</pin_list>
<bind>
<opcode="zext(34) " fcode="zext"/>
<opset="zext_ln38/2 "/>
</bind>
</comp>

<comp id="239" class="1004" name="trunc_ln38_s_fu_239">
<pin_list>
<pin id="240" dir="0" index="0" bw="8" slack="0"/>
<pin id="241" dir="0" index="1" bw="64" slack="0"/>
<pin id="242" dir="0" index="2" bw="5" slack="0"/>
<pin id="243" dir="0" index="3" bw="5" slack="0"/>
<pin id="244" dir="1" index="4" bw="8" slack="0"/>
</pin_list>
<bind>
<opcode="partselect(1002) " fcode="partselect"/>
<opset="trunc_ln38_s/2 "/>
</bind>
</comp>

<comp id="250" class="1004" name="trunc_ln38_5_fu_250">
<pin_list>
<pin id="251" dir="0" index="0" bw="8" slack="0"/>
<pin id="252" dir="0" index="1" bw="64" slack="0"/>
<pin id="253" dir="0" index="2" bw="6" slack="0"/>
<pin id="254" dir="0" index="3" bw="6" slack="0"/>
<pin id="255" dir="1" index="4" bw="8" slack="0"/>
</pin_list>
<bind>
<opcode="partselect(1002) " fcode="partselect"/>
<opset="trunc_ln38_5/2 "/>
</bind>
</comp>

<comp id="261" class="1004" name="trunc_ln38_6_fu_261">
<pin_list>
<pin id="262" dir="0" index="0" bw="8" slack="0"/>
<pin id="263" dir="0" index="1" bw="64" slack="0"/>
<pin id="264" dir="0" index="2" bw="6" slack="0"/>
<pin id="265" dir="0" index="3" bw="6" slack="0"/>
<pin id="266" dir="1" index="4" bw="8" slack="0"/>
</pin_list>
<bind>
<opcode="partselect(1002) " fcode="partselect"/>
<opset="trunc_ln38_6/2 "/>
</bind>
</comp>

<comp id="272" class="1004" name="trunc_ln38_7_fu_272">
<pin_list>
<pin id="273" dir="0" index="0" bw="8" slack="0"/>
<pin id="274" dir="0" index="1" bw="64" slack="0"/>
<pin id="275" dir="0" index="2" bw="7" slack="0"/>
<pin id="276" dir="0" index="3" bw="7" slack="0"/>
<pin id="277" dir="1" index="4" bw="8" slack="0"/>
</pin_list>
<bind>
<opcode="partselect(1002) " fcode="partselect"/>
<opset="trunc_ln38_7/2 "/>
</bind>
</comp>

<comp id="283" class="1004" name="or_ln38_fu_283">
<pin_list>
<pin id="284" dir="0" index="0" bw="6" slack="0"/>
<pin id="285" dir="0" index="1" bw="5" slack="1"/>
<pin id="286" dir="0" index="2" bw="1" slack="0"/>
<pin id="287" dir="1" index="3" bw="6" slack="0"/>
</pin_list>
<bind>
<opcode="bitconcatenate(1004) " fcode="bitconcatenate"/>
<opset="or_ln38/2 "/>
</bind>
</comp>

<comp id="290" class="1004" name="zext_ln38_2_fu_290">
<pin_list>
<pin id="291" dir="0" index="0" bw="6" slack="0"/>
<pin id="292" dir="1" index="1" bw="32" slack="0"/>
</pin_list>
<bind>
<opcode="zext(34) " fcode="zext"/>
<opset="zext_ln38_2/2 "/>
</bind>
</comp>

<comp id="298" class="1004" name="trunc_ln38_8_fu_298">
<pin_list>
<pin id="299" dir="0" index="0" bw="8" slack="0"/>
<pin id="300" dir="0" index="1" bw="64" slack="0"/>
<pin id="301" dir="0" index="2" bw="7" slack="0"/>
<pin id="302" dir="0" index="3" bw="7" slack="0"/>
<pin id="303" dir="1" index="4" bw="8" slack="0"/>
</pin_list>
<bind>
<opcode="partselect(1002) " fcode="partselect"/>
<opset="trunc_ln38_8/2 "/>
</bind>
</comp>

<comp id="309" class="1004" name="trunc_ln38_9_fu_309">
<pin_list>
<pin id="310" dir="0" index="0" bw="8" slack="0"/>
<pin id="311" dir="0" index="1" bw="64" slack="0"/>
<pin id="312" dir="0" index="2" bw="7" slack="0"/>
<pin id="313" dir="0" index="3" bw="7" slack="0"/>
<pin id="314" dir="1" index="4" bw="8" slack="0"/>
</pin_list>
<bind>
<opcode="partselect(1002) " fcode="partselect"/>
<opset="trunc_ln38_9/2 "/>
</bind>
</comp>

<comp id="320" class="1004" name="trunc_ln38_1_fu_320">
<pin_list>
<pin id="321" dir="0" index="0" bw="8" slack="0"/>
<pin id="322" dir="0" index="1" bw="64" slack="0"/>
<pin id="323" dir="0" index="2" bw="7" slack="0"/>
<pin id="324" dir="0" index="3" bw="7" slack="0"/>
<pin id="325" dir="1" index="4" bw="8" slack="0"/>
</pin_list>
<bind>
<opcode="partselect(1002) " fcode="partselect"/>
<opset="trunc_ln38_1/2 "/>
</bind>
</comp>

<comp id="331" class="1005" name="i_257_reg_331">
<pin_list>
<pin id="332" dir="0" index="0" bw="5" slack="0"/>
<pin id="333" dir="1" index="1" bw="5" slack="0"/>
</pin_list>
<bind>
<opset="i_257 "/>
</bind>
</comp>

<comp id="338" class="1005" name="i_reg_338">
<pin_list>
<pin id="339" dir="0" index="0" bw="5" slack="1"/>
<pin id="340" dir="1" index="1" bw="5" slack="1"/>
</pin_list>
<bind>
<opset="i "/>
</bind>
</comp>

<comp id="347" class="1005" name="s_i_addr_reg_347">
<pin_list>
<pin id="348" dir="0" index="0" bw="5" slack="1"/>
<pin id="349" dir="1" index="1" bw="5" slack="1"/>
</pin_list>
<bind>
<opset="s_i_addr "/>
</bind>
</comp>

</comp_list>

<net_list>
<net id="75"><net_src comp="10" pin="0"/><net_sink comp="72" pin=0"/></net>

<net id="81"><net_src comp="8" pin="0"/><net_sink comp="76" pin=0"/></net>

<net id="82"><net_src comp="20" pin="0"/><net_sink comp="76" pin=1"/></net>

<net id="88"><net_src comp="76" pin="3"/><net_sink comp="83" pin=0"/></net>

<net id="94"><net_src comp="6" pin="0"/><net_sink comp="89" pin=0"/></net>

<net id="95"><net_src comp="20" pin="0"/><net_sink comp="89" pin=1"/></net>

<net id="101"><net_src comp="4" pin="0"/><net_sink comp="96" pin=0"/></net>

<net id="102"><net_src comp="20" pin="0"/><net_sink comp="96" pin=1"/></net>

<net id="108"><net_src comp="2" pin="0"/><net_sink comp="103" pin=0"/></net>

<net id="109"><net_src comp="20" pin="0"/><net_sink comp="103" pin=1"/></net>

<net id="115"><net_src comp="0" pin="0"/><net_sink comp="110" pin=0"/></net>

<net id="116"><net_src comp="20" pin="0"/><net_sink comp="110" pin=1"/></net>

<net id="122"><net_src comp="6" pin="0"/><net_sink comp="117" pin=0"/></net>

<net id="123"><net_src comp="20" pin="0"/><net_sink comp="117" pin=1"/></net>

<net id="129"><net_src comp="4" pin="0"/><net_sink comp="124" pin=0"/></net>

<net id="130"><net_src comp="20" pin="0"/><net_sink comp="124" pin=1"/></net>

<net id="136"><net_src comp="2" pin="0"/><net_sink comp="131" pin=0"/></net>

<net id="137"><net_src comp="20" pin="0"/><net_sink comp="131" pin=1"/></net>

<net id="143"><net_src comp="0" pin="0"/><net_sink comp="138" pin=0"/></net>

<net id="144"><net_src comp="20" pin="0"/><net_sink comp="138" pin=1"/></net>

<net id="154"><net_src comp="89" pin="3"/><net_sink comp="145" pin=2"/></net>

<net id="164"><net_src comp="96" pin="3"/><net_sink comp="155" pin=2"/></net>

<net id="174"><net_src comp="103" pin="3"/><net_sink comp="165" pin=2"/></net>

<net id="184"><net_src comp="110" pin="3"/><net_sink comp="175" pin=2"/></net>

<net id="185"><net_src comp="117" pin="3"/><net_sink comp="145" pin=0"/></net>

<net id="186"><net_src comp="124" pin="3"/><net_sink comp="155" pin=0"/></net>

<net id="187"><net_src comp="131" pin="3"/><net_sink comp="165" pin=0"/></net>

<net id="188"><net_src comp="138" pin="3"/><net_sink comp="175" pin=0"/></net>

<net id="193"><net_src comp="14" pin="0"/><net_sink comp="189" pin=0"/></net>

<net id="201"><net_src comp="194" pin="1"/><net_sink comp="197" pin=0"/></net>

<net id="202"><net_src comp="16" pin="0"/><net_sink comp="197" pin=1"/></net>

<net id="207"><net_src comp="194" pin="1"/><net_sink comp="203" pin=0"/></net>

<net id="208"><net_src comp="18" pin="0"/><net_sink comp="203" pin=1"/></net>

<net id="212"><net_src comp="194" pin="1"/><net_sink comp="209" pin=0"/></net>

<net id="213"><net_src comp="209" pin="1"/><net_sink comp="76" pin=2"/></net>

<net id="218"><net_src comp="203" pin="2"/><net_sink comp="214" pin=0"/></net>

<net id="222"><net_src comp="83" pin="3"/><net_sink comp="219" pin=0"/></net>

<net id="223"><net_src comp="219" pin="1"/><net_sink comp="145" pin=4"/></net>

<net id="229"><net_src comp="36" pin="0"/><net_sink comp="224" pin=0"/></net>

<net id="230"><net_src comp="38" pin="0"/><net_sink comp="224" pin=2"/></net>

<net id="234"><net_src comp="224" pin="3"/><net_sink comp="231" pin=0"/></net>

<net id="235"><net_src comp="231" pin="1"/><net_sink comp="89" pin=2"/></net>

<net id="236"><net_src comp="231" pin="1"/><net_sink comp="96" pin=2"/></net>

<net id="237"><net_src comp="231" pin="1"/><net_sink comp="103" pin=2"/></net>

<net id="238"><net_src comp="231" pin="1"/><net_sink comp="110" pin=2"/></net>

<net id="245"><net_src comp="40" pin="0"/><net_sink comp="239" pin=0"/></net>

<net id="246"><net_src comp="83" pin="3"/><net_sink comp="239" pin=1"/></net>

<net id="247"><net_src comp="42" pin="0"/><net_sink comp="239" pin=2"/></net>

<net id="248"><net_src comp="44" pin="0"/><net_sink comp="239" pin=3"/></net>

<net id="249"><net_src comp="239" pin="4"/><net_sink comp="155" pin=4"/></net>

<net id="256"><net_src comp="40" pin="0"/><net_sink comp="250" pin=0"/></net>

<net id="257"><net_src comp="83" pin="3"/><net_sink comp="250" pin=1"/></net>

<net id="258"><net_src comp="46" pin="0"/><net_sink comp="250" pin=2"/></net>

<net id="259"><net_src comp="48" pin="0"/><net_sink comp="250" pin=3"/></net>

<net id="260"><net_src comp="250" pin="4"/><net_sink comp="165" pin=4"/></net>

<net id="267"><net_src comp="40" pin="0"/><net_sink comp="261" pin=0"/></net>

<net id="268"><net_src comp="83" pin="3"/><net_sink comp="261" pin=1"/></net>

<net id="269"><net_src comp="50" pin="0"/><net_sink comp="261" pin=2"/></net>

<net id="270"><net_src comp="52" pin="0"/><net_sink comp="261" pin=3"/></net>

<net id="271"><net_src comp="261" pin="4"/><net_sink comp="175" pin=4"/></net>

<net id="278"><net_src comp="40" pin="0"/><net_sink comp="272" pin=0"/></net>

<net id="279"><net_src comp="83" pin="3"/><net_sink comp="272" pin=1"/></net>

<net id="280"><net_src comp="54" pin="0"/><net_sink comp="272" pin=2"/></net>

<net id="281"><net_src comp="56" pin="0"/><net_sink comp="272" pin=3"/></net>

<net id="282"><net_src comp="272" pin="4"/><net_sink comp="145" pin=1"/></net>

<net id="288"><net_src comp="36" pin="0"/><net_sink comp="283" pin=0"/></net>

<net id="289"><net_src comp="58" pin="0"/><net_sink comp="283" pin=2"/></net>

<net id="293"><net_src comp="283" pin="3"/><net_sink comp="290" pin=0"/></net>

<net id="294"><net_src comp="290" pin="1"/><net_sink comp="117" pin=2"/></net>

<net id="295"><net_src comp="290" pin="1"/><net_sink comp="124" pin=2"/></net>

<net id="296"><net_src comp="290" pin="1"/><net_sink comp="131" pin=2"/></net>

<net id="297"><net_src comp="290" pin="1"/><net_sink comp="138" pin=2"/></net>

<net id="304"><net_src comp="40" pin="0"/><net_sink comp="298" pin=0"/></net>

<net id="305"><net_src comp="83" pin="3"/><net_sink comp="298" pin=1"/></net>

<net id="306"><net_src comp="60" pin="0"/><net_sink comp="298" pin=2"/></net>

<net id="307"><net_src comp="62" pin="0"/><net_sink comp="298" pin=3"/></net>

<net id="308"><net_src comp="298" pin="4"/><net_sink comp="155" pin=1"/></net>

<net id="315"><net_src comp="40" pin="0"/><net_sink comp="309" pin=0"/></net>

<net id="316"><net_src comp="83" pin="3"/><net_sink comp="309" pin=1"/></net>

<net id="317"><net_src comp="64" pin="0"/><net_sink comp="309" pin=2"/></net>

<net id="318"><net_src comp="66" pin="0"/><net_sink comp="309" pin=3"/></net>

<net id="319"><net_src comp="309" pin="4"/><net_sink comp="165" pin=1"/></net>

<net id="326"><net_src comp="40" pin="0"/><net_sink comp="320" pin=0"/></net>

<net id="327"><net_src comp="83" pin="3"/><net_sink comp="320" pin=1"/></net>

<net id="328"><net_src comp="68" pin="0"/><net_sink comp="320" pin=2"/></net>

<net id="329"><net_src comp="70" pin="0"/><net_sink comp="320" pin=3"/></net>

<net id="330"><net_src comp="320" pin="4"/><net_sink comp="175" pin=1"/></net>

<net id="334"><net_src comp="72" pin="1"/><net_sink comp="331" pin=0"/></net>

<net id="335"><net_src comp="331" pin="1"/><net_sink comp="189" pin=1"/></net>

<net id="336"><net_src comp="331" pin="1"/><net_sink comp="194" pin=0"/></net>

<net id="337"><net_src comp="331" pin="1"/><net_sink comp="214" pin=1"/></net>

<net id="341"><net_src comp="194" pin="1"/><net_sink comp="338" pin=0"/></net>

<net id="342"><net_src comp="338" pin="1"/><net_sink comp="224" pin=1"/></net>

<net id="343"><net_src comp="338" pin="1"/><net_sink comp="283" pin=1"/></net>

<net id="350"><net_src comp="76" pin="3"/><net_sink comp="347" pin=0"/></net>

<net id="351"><net_src comp="347" pin="1"/><net_sink comp="83" pin=0"/></net>

</net_list>

</model> 
---------------- Datapath Model END ------------------

* FSMD analyzer results:
  - Output states:
	Port: t_80 | {2 }
	Port: t_79 | {2 }
	Port: t_78 | {2 }
	Port: t | {2 }
 - Input state : 
	Port: crypto_kem_enc.1_Pipeline_VITIS_LOOP_377_2 : s_i | {1 2 }
  - Chain level:
	State 1
		store_ln372 : 1
		i : 1
		icmp_ln377 : 2
		add_ln377 : 2
		br_ln377 : 3
		zext_ln379 : 2
		s_i_addr : 3
		s_i_load : 4
		store_ln372 : 3
	State 2
		trunc_ln38 : 1
		zext_ln38 : 1
		t_addr : 2
		trunc_ln38_s : 1
		t_78_addr : 2
		trunc_ln38_5 : 1
		t_79_addr : 2
		trunc_ln38_6 : 1
		t_80_addr : 2
		trunc_ln38_7 : 1
		zext_ln38_2 : 1
		t_addr_4 : 2
		trunc_ln38_8 : 1
		t_78_addr_1 : 2
		trunc_ln38_9 : 1
		t_79_addr_1 : 2
		trunc_ln38_1 : 1
		t_80_addr_1 : 2
		store_ln38 : 3
		store_ln38 : 3
		store_ln38 : 3
		store_ln38 : 3
		store_ln38 : 3
		store_ln38 : 3
		store_ln38 : 3
		store_ln38 : 3


============================================================
+ Verbose Summary: Datapath Resource usage 
============================================================

* Functional unit list:
|----------|---------------------|---------|---------|
| Operation|   Functional Unit   |    FF   |   LUT   |
|----------|---------------------|---------|---------|
|   icmp   |  icmp_ln377_fu_197  |    0    |    13   |
|----------|---------------------|---------|---------|
|    add   |   add_ln377_fu_203  |    0    |    13   |
|----------|---------------------|---------|---------|
|          |  zext_ln379_fu_209  |    0    |    0    |
|   zext   |   zext_ln38_fu_231  |    0    |    0    |
|          |  zext_ln38_2_fu_290 |    0    |    0    |
|----------|---------------------|---------|---------|
|   trunc  |  trunc_ln38_fu_219  |    0    |    0    |
|----------|---------------------|---------|---------|
|bitconcatenate|    shl_ln_fu_224    |    0    |    0    |
|          |    or_ln38_fu_283   |    0    |    0    |
|----------|---------------------|---------|---------|
|          | trunc_ln38_s_fu_239 |    0    |    0    |
|          | trunc_ln38_5_fu_250 |    0    |    0    |
|          | trunc_ln38_6_fu_261 |    0    |    0    |
|partselect| trunc_ln38_7_fu_272 |    0    |    0    |
|          | trunc_ln38_8_fu_298 |    0    |    0    |
|          | trunc_ln38_9_fu_309 |    0    |    0    |
|          | trunc_ln38_1_fu_320 |    0    |    0    |
|----------|---------------------|---------|---------|
|   Total  |                     |    0    |    26   |
|----------|---------------------|---------|---------|

Memories:
N/A

* Register list:
+----------------+--------+
|                |   FF   |
+----------------+--------+
|  i_257_reg_331 |    5   |
|    i_reg_338   |    5   |
|s_i_addr_reg_347|    5   |
+----------------+--------+
|      Total     |   15   |
+----------------+--------+

* Multiplexer (MUX) list: 
|------------------|------|------|------|--------||---------||---------||---------|
|       Comp       |  Pin | Size |  BW  | S x BW ||  Delay  ||    FF   ||   LUT   |
|------------------|------|------|------|--------||---------||---------||---------|
| grp_access_fu_83 |  p0  |   2  |   5  |   10   ||    0    ||    9    |
|------------------|------|------|------|--------||---------||---------||---------|
|       Total      |      |      |      |   10   ||  1.588  ||    0    ||    9    |
|------------------|------|------|------|--------||---------||---------||---------|



* Summary:
+-----------+--------+--------+--------+
|           |  Delay |   FF   |   LUT  |
+-----------+--------+--------+--------+
|  Function |    -   |    0   |   26   |
|   Memory  |    -   |    -   |    -   |
|Multiplexer|    1   |    0   |    9   |
|  Register |    -   |   15   |    -   |
+-----------+--------+--------+--------+
|   Total   |    1   |   15   |   35   |
+-----------+--------+--------+--------+
