

================================================================
== Vitis HLS Report for 'cshake256_simple_absorb_clone_Pipeline_VITIS_LOOP_359_3'
================================================================
* Date:           Tue May 20 14:34:42 2025

* Version:        2024.2.2 (Build 6049644 on Mar  5 2025)
* Project:        sikep503_hls
* Solution:       solution1 (Vivado IP Flow Target)
* Product family: zynq
* Target device:  xc7z020-clg484-1


================================================================
== Performance Estimates
================================================================
+ Timing: 
    * Summary: 
    +--------+----------+----------+------------+
    |  Clock |  Target  | Estimated| Uncertainty|
    +--------+----------+----------+------------+
    |ap_clk  |  10.00 ns|  5.825 ns|     2.70 ns|
    +--------+----------+----------+------------+

+ Latency: 
    * Summary: 
    +---------+---------+----------+----------+-----+-----+------------------------------------------------+
    |  Latency (cycles) |  Latency (absolute) |  Interval |                    Pipeline                    |
    |   min   |   max   |    min   |    max   | min | max |                      Type                      |
    +---------+---------+----------+----------+-----+-----+------------------------------------------------+
    |      138|      138|  1.380 us|  1.380 us|  137|  137|  loop auto-rewind stp (delay=0 clock cycles(s))|
    +---------+---------+----------+----------+-----+-----+------------------------------------------------+

    + Detail: 
        * Instance: 
        N/A

        * Loop: 
        +--------------------+---------+---------+----------+-----------+-----------+------+----------+
        |                    |  Latency (cycles) | Iteration|  Initiation Interval  | Trip |          |
        |      Loop Name     |   min   |   max   |  Latency |  achieved |   target  | Count| Pipelined|
        +--------------------+---------+---------+----------+-----------+-----------+------+----------+
        |- VITIS_LOOP_359_3  |      136|      136|         1|          1|          1|   136|       yes|
        +--------------------+---------+---------+----------+-----------+-----------+------+----------+

============================================================
+ Verbose Summary: Synthesis Manager
============================================================
InlineROM: 1
ExposeGlobal: 0
============================================================
+ Verbose Summary: CDFG Model
============================================================
IsTopModel: 0
ResetActiveHigh: 1
IsCombinational: 0
IsDatapathOnly: 0
HasWiredReturn: 1
HasMFsm: 2
HasVarLatency: 1
IsPipeline: 0
IsRtlPipelined: 0
IsInstanceOverlapped: 0
IsDontTouch: 0
HasImplIP: 0
IsGatedGlobalClock: 0

+ Individual pipeline summary: 
  * Pipeline-0: initiation interval (II) = 1, depth = 1


============================================================
+ Verbose Summary: Schedule
============================================================
* Number of FSM states : 1
* Pipeline : 1
  Pipeline-0 : II = 1, D = 1, States = { 1 }
* Dataflow Pipeline: 0

* FSM state transitions: 
1 --> 

* FSM state operations: 

State 1 <SV = 0> <Delay = 5.82>
ST_1 : Operation 4 [1/1] (0.00ns)   --->   "%i_245 = alloca i32 1" [src/sha3/fips202.c:346->src/sha3/fips202.c:545]   --->   Operation 4 'alloca' 'i_245' <Predicate = true> <Delay = 0.00>
ST_1 : Operation 5 [1/1] (1.58ns)   --->   "%store_ln346 = store i8 0, i8 %i_245" [src/sha3/fips202.c:346->src/sha3/fips202.c:545]   --->   Operation 5 'store' 'store_ln346' <Predicate = true> <Delay = 1.58>
ST_1 : Operation 6 [1/1] (0.00ns)   --->   "%br_ln0 = br void %for.inc10.i"   --->   Operation 6 'br' 'br_ln0' <Predicate = true> <Delay = 0.00>
ST_1 : Operation 7 [1/1] (0.00ns)   --->   "%i = load i8 %i_245" [src/sha3/fips202.c:359->src/sha3/fips202.c:545]   --->   Operation 7 'load' 'i' <Predicate = true> <Delay = 0.00>
ST_1 : Operation 8 [1/1] (1.91ns)   --->   "%icmp_ln359 = icmp_eq  i8 %i, i8 136" [src/sha3/fips202.c:359->src/sha3/fips202.c:545]   --->   Operation 8 'icmp' 'icmp_ln359' <Predicate = true> <Delay = 1.91> <CoreInst = "Cmp">   --->   Core 9 'Cmp' <Latency = 0> <II = 1> <Delay = 1.91> <FuncUnit> <Opcode : 'seteq' 'setne' 'setle' 'setge' 'setlt' 'setgt'> <InPorts = 2> <OutPorts = 1>
ST_1 : Operation 9 [1/1] (1.91ns)   --->   "%i_280 = add i8 %i, i8 1" [src/sha3/fips202.c:359->src/sha3/fips202.c:545]   --->   Operation 9 'add' 'i_280' <Predicate = true> <Delay = 1.91> <CoreInst = "Adder">   --->   Core 1 'Adder' <Latency = 0> <II = 1> <Delay = 1.91> <FuncUnit> <Opcode : 'add' 'sub'> <InPorts = 2> <OutPorts = 1>
ST_1 : Operation 10 [1/1] (0.00ns)   --->   "%br_ln359 = br i1 %icmp_ln359, void %for.inc10.i.split, void %for.inc18.i.preheader.exitStub" [src/sha3/fips202.c:359->src/sha3/fips202.c:545]   --->   Operation 10 'br' 'br_ln359' <Predicate = true> <Delay = 0.00>
ST_1 : Operation 11 [1/1] (0.00ns)   --->   "%trunc_ln359 = trunc i8 %i" [src/sha3/fips202.c:359->src/sha3/fips202.c:545]   --->   Operation 11 'trunc' 'trunc_ln359' <Predicate = (!icmp_ln359)> <Delay = 0.00>
ST_1 : Operation 12 [1/1] (0.00ns)   --->   "%specpipeline_ln346 = specpipeline void @_ssdm_op_SpecPipeline, i32 4294967295, i32 0, i32 0, i32 0, void @empty_44" [src/sha3/fips202.c:346->src/sha3/fips202.c:545]   --->   Operation 12 'specpipeline' 'specpipeline_ln346' <Predicate = (!icmp_ln359)> <Delay = 0.00>
ST_1 : Operation 13 [1/1] (0.00ns)   --->   "%speclooptripcount_ln346 = speclooptripcount void @_ssdm_op_SpecLoopTripCount, i64 136, i64 136, i64 136" [src/sha3/fips202.c:346->src/sha3/fips202.c:545]   --->   Operation 13 'speclooptripcount' 'speclooptripcount_ln346' <Predicate = (!icmp_ln359)> <Delay = 0.00>
ST_1 : Operation 14 [1/1] (0.00ns)   --->   "%specloopname_ln359 = specloopname void @_ssdm_op_SpecLoopName, void @empty_28" [src/sha3/fips202.c:359->src/sha3/fips202.c:545]   --->   Operation 14 'specloopname' 'specloopname_ln359' <Predicate = (!icmp_ln359)> <Delay = 0.00>
ST_1 : Operation 15 [1/1] (0.00ns)   --->   "%lshr_ln = partselect i6 @_ssdm_op_PartSelect.i6.i8.i32.i32, i8 %i, i32 2, i32 7" [src/sha3/fips202.c:346->src/sha3/fips202.c:545]   --->   Operation 15 'partselect' 'lshr_ln' <Predicate = (!icmp_ln359)> <Delay = 0.00>
ST_1 : Operation 16 [1/1] (0.00ns)   --->   "%zext_ln360 = zext i6 %lshr_ln" [src/sha3/fips202.c:360->src/sha3/fips202.c:545]   --->   Operation 16 'zext' 'zext_ln360' <Predicate = (!icmp_ln359)> <Delay = 0.00>
ST_1 : Operation 17 [1/1] (0.00ns)   --->   "%t_addr = getelementptr i8 %t, i32 0, i32 %zext_ln360" [src/sha3/fips202.c:360->src/sha3/fips202.c:545]   --->   Operation 17 'getelementptr' 't_addr' <Predicate = (!icmp_ln359)> <Delay = 0.00>
ST_1 : Operation 18 [1/1] (0.00ns)   --->   "%t_60_addr = getelementptr i8 %t_60, i32 0, i32 %zext_ln360" [src/sha3/fips202.c:360->src/sha3/fips202.c:545]   --->   Operation 18 'getelementptr' 't_60_addr' <Predicate = (!icmp_ln359)> <Delay = 0.00>
ST_1 : Operation 19 [1/1] (0.00ns)   --->   "%t_61_addr = getelementptr i8 %t_61, i32 0, i32 %zext_ln360" [src/sha3/fips202.c:360->src/sha3/fips202.c:545]   --->   Operation 19 'getelementptr' 't_61_addr' <Predicate = (!icmp_ln359)> <Delay = 0.00>
ST_1 : Operation 20 [1/1] (0.00ns)   --->   "%t_62_addr = getelementptr i8 %t_62, i32 0, i32 %zext_ln360" [src/sha3/fips202.c:360->src/sha3/fips202.c:545]   --->   Operation 20 'getelementptr' 't_62_addr' <Predicate = (!icmp_ln359)> <Delay = 0.00>
ST_1 : Operation 21 [1/1] (1.56ns)   --->   "%switch_ln360 = switch i2 %trunc_ln359, void %arrayidx9.i.case.3, i2 0, void %arrayidx9.i.case.0, i2 1, void %arrayidx9.i.case.1, i2 2, void %arrayidx9.i.case.2" [src/sha3/fips202.c:360->src/sha3/fips202.c:545]   --->   Operation 21 'switch' 'switch_ln360' <Predicate = (!icmp_ln359)> <Delay = 1.56>
ST_1 : Operation 22 [1/1] ( I:2.32ns O:2.32ns )   --->   "%store_ln360 = store i8 0, i6 %t_61_addr" [src/sha3/fips202.c:360->src/sha3/fips202.c:545]   --->   Operation 22 'store' 'store_ln360' <Predicate = (!icmp_ln359 & trunc_ln359 == 2)> <Delay = 2.32> <CoreInst = "RAM">   --->   Core 81 'RAM' <Latency = 1> <II = 1> <Delay = 2.32> <Storage> <Opcode : 'load' 'store'> <Ports = 2> <Width = 8> <Depth = 50> <RAM>
ST_1 : Operation 23 [1/1] (0.00ns)   --->   "%br_ln360 = br void %arrayidx9.i.exit" [src/sha3/fips202.c:360->src/sha3/fips202.c:545]   --->   Operation 23 'br' 'br_ln360' <Predicate = (!icmp_ln359 & trunc_ln359 == 2)> <Delay = 0.00>
ST_1 : Operation 24 [1/1] ( I:2.32ns O:2.32ns )   --->   "%store_ln360 = store i8 0, i6 %t_60_addr" [src/sha3/fips202.c:360->src/sha3/fips202.c:545]   --->   Operation 24 'store' 'store_ln360' <Predicate = (!icmp_ln359 & trunc_ln359 == 1)> <Delay = 2.32> <CoreInst = "RAM">   --->   Core 81 'RAM' <Latency = 1> <II = 1> <Delay = 2.32> <Storage> <Opcode : 'load' 'store'> <Ports = 2> <Width = 8> <Depth = 50> <RAM>
ST_1 : Operation 25 [1/1] (0.00ns)   --->   "%br_ln360 = br void %arrayidx9.i.exit" [src/sha3/fips202.c:360->src/sha3/fips202.c:545]   --->   Operation 25 'br' 'br_ln360' <Predicate = (!icmp_ln359 & trunc_ln359 == 1)> <Delay = 0.00>
ST_1 : Operation 26 [1/1] ( I:2.32ns O:2.32ns )   --->   "%store_ln360 = store i8 0, i6 %t_addr" [src/sha3/fips202.c:360->src/sha3/fips202.c:545]   --->   Operation 26 'store' 'store_ln360' <Predicate = (!icmp_ln359 & trunc_ln359 == 0)> <Delay = 2.32> <CoreInst = "RAM">   --->   Core 81 'RAM' <Latency = 1> <II = 1> <Delay = 2.32> <Storage> <Opcode : 'load' 'store'> <Ports = 2> <Width = 8> <Depth = 50> <RAM>
ST_1 : Operation 27 [1/1] (0.00ns)   --->   "%br_ln360 = br void %arrayidx9.i.exit" [src/sha3/fips202.c:360->src/sha3/fips202.c:545]   --->   Operation 27 'br' 'br_ln360' <Predicate = (!icmp_ln359 & trunc_ln359 == 0)> <Delay = 0.00>
ST_1 : Operation 28 [1/1] ( I:2.32ns O:2.32ns )   --->   "%store_ln360 = store i8 0, i6 %t_62_addr" [src/sha3/fips202.c:360->src/sha3/fips202.c:545]   --->   Operation 28 'store' 'store_ln360' <Predicate = (!icmp_ln359 & trunc_ln359 == 3)> <Delay = 2.32> <CoreInst = "RAM">   --->   Core 81 'RAM' <Latency = 1> <II = 1> <Delay = 2.32> <Storage> <Opcode : 'load' 'store'> <Ports = 2> <Width = 8> <Depth = 50> <RAM>
ST_1 : Operation 29 [1/1] (0.00ns)   --->   "%br_ln360 = br void %arrayidx9.i.exit" [src/sha3/fips202.c:360->src/sha3/fips202.c:545]   --->   Operation 29 'br' 'br_ln360' <Predicate = (!icmp_ln359 & trunc_ln359 == 3)> <Delay = 0.00>
ST_1 : Operation 30 [1/1] (1.58ns)   --->   "%store_ln346 = store i8 %i_280, i8 %i_245" [src/sha3/fips202.c:346->src/sha3/fips202.c:545]   --->   Operation 30 'store' 'store_ln346' <Predicate = (!icmp_ln359)> <Delay = 1.58>
ST_1 : Operation 31 [1/1] (0.00ns)   --->   "%br_ln359 = br void %for.inc10.i" [src/sha3/fips202.c:359->src/sha3/fips202.c:545]   --->   Operation 31 'br' 'br_ln359' <Predicate = (!icmp_ln359)> <Delay = 0.00>
ST_1 : Operation 32 [1/1] (1.58ns)   --->   "%ret_ln0 = ret"   --->   Operation 32 'ret' 'ret_ln0' <Predicate = (icmp_ln359)> <Delay = 1.58>


============================================================
+ Verbose Summary: Timing violations
============================================================
Target clock period: 10.000ns, clock uncertainty: 2.700ns.

 <State 1>: 5.825ns
The critical path consists of the following:
	'store' operation 0 bit ('store_ln346', src/sha3/fips202.c:346->src/sha3/fips202.c:545) of constant 0 on local variable 'i', src/sha3/fips202.c:346->src/sha3/fips202.c:545 [6]  (1.588 ns)
	'load' operation 8 bit ('i', src/sha3/fips202.c:359->src/sha3/fips202.c:545) on local variable 'i', src/sha3/fips202.c:346->src/sha3/fips202.c:545 [9]  (0.000 ns)
	'icmp' operation 1 bit ('icmp_ln359', src/sha3/fips202.c:359->src/sha3/fips202.c:545) [10]  (1.915 ns)
	'store' operation 0 bit ('store_ln360', src/sha3/fips202.c:360->src/sha3/fips202.c:545) of constant 0 on array 't_61' [26]  (2.322 ns)


============================================================
+ Verbose Summary: Binding
============================================================
N/A
* FSMD analyzer results:
  - Output states:
 - Input state : 
  - Chain level:
	State 1


============================================================
+ Verbose Summary: Datapath Resource usage 
============================================================
N/A
