

================================================================
== Vitis HLS Report for 'fp2_decode_2'
================================================================
* Date:           Tue May 20 14:32:49 2025

* Version:        2024.2.2 (Build 6049644 on Mar  5 2025)
* Project:        sikep503_hls
* Solution:       solution1 (Vivado IP Flow Target)
* Product family: zynq
* Target device:  xc7z020-clg484-1


================================================================
== Performance Estimates
================================================================
+ Timing: 
    * Summary: 
    +--------+----------+----------+------------+
    |  Clock |  Target  | Estimated| Uncertainty|
    +--------+----------+----------+------------+
    |ap_clk  |  10.00 ns|  7.300 ns|     2.70 ns|
    +--------+----------+----------+------------+

+ Latency: 
    * Summary: 
    +---------+---------+-----------+-----------+------+------+---------+
    |  Latency (cycles) |   Latency (absolute)  |   Interval  | Pipeline|
    |   min   |   max   |    min    |    max    |  min |  max |   Type  |
    +---------+---------+-----------+-----------+------+------+---------+
    |     1082|     1602|  10.820 us|  16.020 us|  1082|  1602|       no|
    +---------+---------+-----------+-----------+------+------+---------+

    + Detail: 
        * Instance: 
        +-------------------------------------------------+---------------------------------------+---------+---------+----------+----------+-----+-----+------------------------------------------------+
        |                                                 |                                       |  Latency (cycles) |  Latency (absolute) |  Interval |                    Pipeline                    |
        |                     Instance                    |                 Module                |   min   |   max   |    min   |    max   | min | max |                      Type                      |
        +-------------------------------------------------+---------------------------------------+---------+---------+----------+----------+-----+-----+------------------------------------------------+
        |grp_fp2_decode_2_Pipeline_VITIS_LOOP_51_1_fu_70  |fp2_decode_2_Pipeline_VITIS_LOOP_51_1  |      130|      130|  1.300 us|  1.300 us|  129|  129|  loop auto-rewind stp (delay=0 clock cycles(s))|
        |grp_fp2_decode_2_Pipeline_3_fu_78                |fp2_decode_2_Pipeline_3                |       18|       18|  0.180 us|  0.180 us|   17|   17|  loop auto-rewind stp (delay=0 clock cycles(s))|
        |grp_fp2_decode_2_Pipeline_4_fu_84                |fp2_decode_2_Pipeline_4                |       18|       18|  0.180 us|  0.180 us|   17|   17|  loop auto-rewind stp (delay=0 clock cycles(s))|
        |grp_fp2_decode_2_Pipeline_VITIS_LOOP_53_2_fu_90  |fp2_decode_2_Pipeline_VITIS_LOOP_53_2  |      137|      137|  1.370 us|  1.370 us|  128|  128|  loop auto-rewind stp (delay=0 clock cycles(s))|
        |grp_mp_mul_862_fu_101                            |mp_mul_862                             |      212|      310|  2.120 us|  3.100 us|  212|  310|                                              no|
        |grp_rdc_mont_2_fu_111                            |rdc_mont_2                             |      190|      352|  1.900 us|  3.520 us|  190|  352|                                              no|
        +-------------------------------------------------+---------------------------------------+---------+---------+----------+----------+-----+-----+------------------------------------------------+

        * Loop: 
        N/A

============================================================
+ Verbose Summary: Synthesis Manager
============================================================
InlineROM: 1
ExposeGlobal: 0
============================================================
+ Verbose Summary: CDFG Model
============================================================
IsTopModel: 0
ResetActiveHigh: 1
IsCombinational: 0
IsDatapathOnly: 0
HasWiredReturn: 1
HasMFsm: 0
HasVarLatency: 1
IsPipeline: 0
IsRtlPipelined: 0
IsInstanceOverlapped: 0
IsDontTouch: 0
HasImplIP: 0
IsGatedGlobalClock: 0


============================================================
+ Verbose Summary: Schedule
============================================================
* Number of FSM states : 12
* Pipeline : 0
* Dataflow Pipeline: 0

* FSM state transitions: 
1 --> 2 
2 --> 3 
3 --> 4 
4 --> 5 
5 --> 6 
6 --> 7 
7 --> 8 
8 --> 9 
9 --> 10 
10 --> 11 
11 --> 12 
12 --> 

* FSM state operations: 

State 1 <SV = 0> <Delay = 3.25>
ST_1 : Operation 13 [1/1] (0.00ns)   --->   "%x_read = read i9 @_ssdm_op_Read.ap_auto.i9, i9 %x"   --->   Operation 13 'read' 'x_read' <Predicate = true> <Delay = 0.00>
ST_1 : Operation 14 [1/1] (3.25ns)   --->   "%temp = alloca i32 1" [src/fpx.c:60->src/fpx.c:33->src/fpx.c:332->src/sidh.c:58]   --->   Operation 14 'alloca' 'temp' <Predicate = true> <Delay = 3.25>
ST_1 : Operation 15 [1/1] (3.25ns)   --->   "%temp_71 = alloca i32 1" [src/fpx.c:60->src/fpx.c:33->src/fpx.c:331->src/sidh.c:58]   --->   Operation 15 'alloca' 'temp_71' <Predicate = true> <Delay = 3.25>
ST_1 : Operation 16 [2/2] (1.82ns)   --->   "%call_ln0 = call void @fp2_decode.2_Pipeline_VITIS_LOOP_51_1, i9 %x_read, i64 %PKB"   --->   Operation 16 'call' 'call_ln0' <Predicate = true> <Delay = 1.82> <CoreType = "Generic">   --->   Generic Core
ST_1 : Operation 17 [2/2] (0.00ns)   --->   "%call_ln0 = call void @fp2_decode.2_Pipeline_3, i64 %temp_71"   --->   Operation 17 'call' 'call_ln0' <Predicate = true> <Delay = 0.00> <CoreType = "Generic">   --->   Generic Core
ST_1 : Operation 18 [2/2] (0.00ns)   --->   "%call_ln0 = call void @fp2_decode.2_Pipeline_4, i64 %temp"   --->   Operation 18 'call' 'call_ln0' <Predicate = true> <Delay = 0.00> <CoreType = "Generic">   --->   Generic Core

State 2 <SV = 1> <Delay = 5.09>
ST_2 : Operation 19 [1/2] (5.09ns)   --->   "%call_ln0 = call void @fp2_decode.2_Pipeline_VITIS_LOOP_51_1, i9 %x_read, i64 %PKB"   --->   Operation 19 'call' 'call_ln0' <Predicate = true> <Delay = 5.09> <CoreType = "Generic">   --->   Generic Core
ST_2 : Operation 20 [1/2] (4.95ns)   --->   "%call_ln0 = call void @fp2_decode.2_Pipeline_3, i64 %temp_71"   --->   Operation 20 'call' 'call_ln0' <Predicate = true> <Delay = 4.95> <CoreType = "Generic">   --->   Generic Core
ST_2 : Operation 21 [1/2] (4.95ns)   --->   "%call_ln0 = call void @fp2_decode.2_Pipeline_4, i64 %temp"   --->   Operation 21 'call' 'call_ln0' <Predicate = true> <Delay = 4.95> <CoreType = "Generic">   --->   Generic Core

State 3 <SV = 2> <Delay = 2.55>
ST_3 : Operation 22 [1/1] (0.00ns)   --->   "%enc_read = read i32 @_ssdm_op_Read.ap_auto.i32, i32 %enc"   --->   Operation 22 'read' 'enc_read' <Predicate = true> <Delay = 0.00>
ST_3 : Operation 23 [2/2] (2.55ns)   --->   "%call_ln0 = call void @fp2_decode.2_Pipeline_VITIS_LOOP_53_2, i32 %enc_read, i8 %gmem2, i9 %x_read, i64 %PKB"   --->   Operation 23 'call' 'call_ln0' <Predicate = true> <Delay = 2.55> <CoreType = "Generic">   --->   Generic Core

State 4 <SV = 3> <Delay = 0.00>
ST_4 : Operation 24 [1/2] (0.00ns)   --->   "%call_ln0 = call void @fp2_decode.2_Pipeline_VITIS_LOOP_53_2, i32 %enc_read, i8 %gmem2, i9 %x_read, i64 %PKB"   --->   Operation 24 'call' 'call_ln0' <Predicate = true> <Delay = 0.00> <CoreType = "Generic">   --->   Generic Core

State 5 <SV = 4> <Delay = 0.00>
ST_5 : Operation 25 [2/2] (0.00ns)   --->   "%call_ln62 = call void @mp_mul.862, i64 %PKB, i9 %x_read, i64 %Montgomery_R2_1, i64 %temp_71" [src/fpx.c:62->src/fpx.c:33->src/fpx.c:331->src/sidh.c:58]   --->   Operation 25 'call' 'call_ln62' <Predicate = true> <Delay = 0.00> <CoreType = "Generic">   --->   Generic Core

State 6 <SV = 5> <Delay = 1.73>
ST_6 : Operation 26 [1/2] (1.73ns)   --->   "%call_ln62 = call void @mp_mul.862, i64 %PKB, i9 %x_read, i64 %Montgomery_R2_1, i64 %temp_71" [src/fpx.c:62->src/fpx.c:33->src/fpx.c:331->src/sidh.c:58]   --->   Operation 26 'call' 'call_ln62' <Predicate = true> <Delay = 1.73> <CoreType = "Generic">   --->   Generic Core

State 7 <SV = 6> <Delay = 5.07>
ST_7 : Operation 27 [2/2] (5.07ns)   --->   "%call_ln63 = call void @rdc_mont.2, i64 %temp_71, i64 %PKB, i9 %x_read, i64 %p503p1_1" [src/fpx.c:63->src/fpx.c:33->src/fpx.c:331->src/sidh.c:58]   --->   Operation 27 'call' 'call_ln63' <Predicate = true> <Delay = 5.07> <CoreType = "Generic">   --->   Generic Core

State 8 <SV = 7> <Delay = 0.00>
ST_8 : Operation 28 [1/2] (0.00ns)   --->   "%call_ln63 = call void @rdc_mont.2, i64 %temp_71, i64 %PKB, i9 %x_read, i64 %p503p1_1" [src/fpx.c:63->src/fpx.c:33->src/fpx.c:331->src/sidh.c:58]   --->   Operation 28 'call' 'call_ln63' <Predicate = true> <Delay = 0.00> <CoreType = "Generic">   --->   Generic Core

State 9 <SV = 8> <Delay = 1.82>
ST_9 : Operation 29 [1/1] (1.82ns)   --->   "%add_ln62 = add i9 %x_read, i9 64" [src/fpx.c:62->src/fpx.c:33->src/fpx.c:332->src/sidh.c:58]   --->   Operation 29 'add' 'add_ln62' <Predicate = true> <Delay = 1.82> <CoreInst = "Adder">   --->   Core 1 'Adder' <Latency = 0> <II = 1> <Delay = 1.82> <FuncUnit> <Opcode : 'add' 'sub'> <InPorts = 2> <OutPorts = 1>
ST_9 : Operation 30 [2/2] (0.00ns)   --->   "%call_ln62 = call void @mp_mul.862, i64 %PKB, i9 %add_ln62, i64 %Montgomery_R2_1, i64 %temp" [src/fpx.c:62->src/fpx.c:33->src/fpx.c:332->src/sidh.c:58]   --->   Operation 30 'call' 'call_ln62' <Predicate = true> <Delay = 0.00> <CoreType = "Generic">   --->   Generic Core

State 10 <SV = 9> <Delay = 1.73>
ST_10 : Operation 31 [1/2] (1.73ns)   --->   "%call_ln62 = call void @mp_mul.862, i64 %PKB, i9 %add_ln62, i64 %Montgomery_R2_1, i64 %temp" [src/fpx.c:62->src/fpx.c:33->src/fpx.c:332->src/sidh.c:58]   --->   Operation 31 'call' 'call_ln62' <Predicate = true> <Delay = 1.73> <CoreType = "Generic">   --->   Generic Core

State 11 <SV = 10> <Delay = 5.07>
ST_11 : Operation 32 [2/2] (5.07ns)   --->   "%call_ln63 = call void @rdc_mont.2, i64 %temp, i64 %PKB, i9 %add_ln62, i64 %p503p1_1" [src/fpx.c:63->src/fpx.c:33->src/fpx.c:332->src/sidh.c:58]   --->   Operation 32 'call' 'call_ln63' <Predicate = true> <Delay = 5.07> <CoreType = "Generic">   --->   Generic Core

State 12 <SV = 11> <Delay = 0.00>
ST_12 : Operation 33 [1/1] (0.00ns)   --->   "%specinterface_ln0 = specinterface void @_ssdm_op_SpecInterface, i8 %gmem2, void @empty_88, i32 0, i32 0, void @empty_44, i32 0, i32 0, void @empty_73, void @empty_58, void @empty_44, i32 16, i32 16, i32 16, i32 16, void @empty_44, void @empty_44, i32 4294967295, i32 0, i32 0"   --->   Operation 33 'specinterface' 'specinterface_ln0' <Predicate = true> <Delay = 0.00>
ST_12 : Operation 34 [1/1] (0.00ns)   --->   "%specbramwithbyteenable_ln0 = specbramwithbyteenable void @_ssdm_op_SpecBRAMWithByteEnable, i64 %PKB"   --->   Operation 34 'specbramwithbyteenable' 'specbramwithbyteenable_ln0' <Predicate = true> <Delay = 0.00>
ST_12 : Operation 35 [1/2] (0.00ns)   --->   "%call_ln63 = call void @rdc_mont.2, i64 %temp, i64 %PKB, i9 %add_ln62, i64 %p503p1_1" [src/fpx.c:63->src/fpx.c:33->src/fpx.c:332->src/sidh.c:58]   --->   Operation 35 'call' 'call_ln63' <Predicate = true> <Delay = 0.00> <CoreType = "Generic">   --->   Generic Core
ST_12 : Operation 36 [1/1] (0.00ns)   --->   "%ret_ln59 = ret" [src/sidh.c:59]   --->   Operation 36 'ret' 'ret_ln59' <Predicate = true> <Delay = 0.00>


============================================================
+ Verbose Summary: Binding
============================================================
STG Binding: 
---------------- STG Properties BEGIN ----------------
- Is combinational: 0
- Is one-state seq: 0
- Is datapath-only: 0
- Is pipelined: 0
- Is top level: 0
Port [ Return ] is wired: 1; IO mode=ap_ctrl_hs:ce=0
Port [ gmem2]:  wired=1; compound=1; hidden=0; nouse=0; global=0; static=0; extern=0; dir=0; type=4; pingpong=0; private_global=0; IO mode=m_axi:ce=0
Port [ enc]:  wired=1; compound=0; hidden=0; nouse=0; global=0; static=0; extern=0; dir=0; type=0; pingpong=0; private_global=0; IO mode=ap_none:ce=0
Port [ PKB]:  wired=1; compound=1; hidden=0; nouse=0; global=0; static=0; extern=0; dir=2; type=1; pingpong=0; private_global=0; MemPort=[23]; IO mode=ap_memory:ce=0
Port [ x]:  wired=1; compound=0; hidden=0; nouse=0; global=0; static=0; extern=0; dir=0; type=0; pingpong=0; private_global=0; IO mode=ap_none:ce=0
Port [ Montgomery_R2_1]:  wired=0; compound=1; hidden=1; nouse=0; global=1; static=1; extern=0; dir=0; type=1; pingpong=0; private_global=0; MemPort=[1]; IO mode=ap_memory:ce=0
Port [ p503p1_1]:  wired=0; compound=1; hidden=1; nouse=1; global=1; static=1; extern=0; dir=0; type=1; pingpong=0; private_global=0; MemPort=[1]; IO mode=ap_memory:ce=0
---------------- STG Properties END ------------------

---------------- Datapath Model BEGIN ----------------

<LifeTime>
<method=bitvector/>
x_read                     (read                  ) [ 0011111111000]
temp                       (alloca                ) [ 0011111111111]
temp_71                    (alloca                ) [ 0011111110000]
call_ln0                   (call                  ) [ 0000000000000]
call_ln0                   (call                  ) [ 0000000000000]
call_ln0                   (call                  ) [ 0000000000000]
enc_read                   (read                  ) [ 0000100000000]
call_ln0                   (call                  ) [ 0000000000000]
call_ln62                  (call                  ) [ 0000000000000]
call_ln63                  (call                  ) [ 0000000000000]
add_ln62                   (add                   ) [ 0000000000111]
call_ln62                  (call                  ) [ 0000000000000]
specinterface_ln0          (specinterface         ) [ 0000000000000]
specbramwithbyteenable_ln0 (specbramwithbyteenable) [ 0000000000000]
call_ln63                  (call                  ) [ 0000000000000]
ret_ln59                   (ret                   ) [ 0000000000000]
</LifeTime>

<model>

<comp_list>
<comp id="0" class="1000" name="gmem2">
<pin_list>
<pin id="1" dir="1" index="0" bw="1" slack="0"/>
</pin_list>
<bind>
<StgValue><ssdm name="gmem2"/><MemPortTyVec>0 </MemPortTyVec>
</StgValue>
</bind>
</comp>

<comp id="2" class="1000" name="enc">
<pin_list>
<pin id="3" dir="1" index="0" bw="1" slack="0"/>
</pin_list>
<bind>
<StgValue><ssdm name="enc"/></StgValue>
</bind>
</comp>

<comp id="4" class="1000" name="PKB">
<pin_list>
<pin id="5" dir="1" index="0" bw="1" slack="0"/>
</pin_list>
<bind>
<StgValue><ssdm name="PKB"/><MemPortTyVec>2 3 </MemPortTyVec>
</StgValue>
</bind>
</comp>

<comp id="6" class="1000" name="x">
<pin_list>
<pin id="7" dir="1" index="0" bw="1" slack="0"/>
</pin_list>
<bind>
<StgValue><ssdm name="x"/></StgValue>
</bind>
</comp>

<comp id="8" class="1000" name="Montgomery_R2_1">
<pin_list>
<pin id="9" dir="1" index="0" bw="1" slack="0"/>
</pin_list>
<bind>
<StgValue><ssdm name="Montgomery_R2_1"/><MemPortTyVec>1 </MemPortTyVec>
</StgValue>
</bind>
</comp>

<comp id="10" class="1000" name="p503p1_1">
<pin_list>
<pin id="11" dir="1" index="0" bw="1" slack="0"/>
</pin_list>
<bind>
<StgValue><ssdm name="p503p1_1"/><MemPortTyVec>1 </MemPortTyVec>
</StgValue>
</bind>
</comp>

<comp id="12" class="1001" name="const_12">
<pin_list>
<pin id="13" dir="1" index="0" bw="1" slack="0"/>
</pin_list>
<bind>
<StgValue><ssdm name="_ssdm_op_Read.ap_auto.i9"/></StgValue>
</bind>
</comp>

<comp id="14" class="1001" name="const_14">
<pin_list>
<pin id="15" dir="1" index="0" bw="1" slack="0"/>
</pin_list>
<bind>
<StgValue><ssdm name=""/></StgValue>
</bind>
</comp>

<comp id="16" class="1001" name="const_16">
<pin_list>
<pin id="17" dir="1" index="0" bw="1" slack="0"/>
</pin_list>
<bind>
<StgValue><ssdm name="fp2_decode.2_Pipeline_VITIS_LOOP_51_1"/></StgValue>
</bind>
</comp>

<comp id="18" class="1001" name="const_18">
<pin_list>
<pin id="19" dir="1" index="0" bw="1" slack="0"/>
</pin_list>
<bind>
<StgValue><ssdm name="fp2_decode.2_Pipeline_3"/></StgValue>
</bind>
</comp>

<comp id="20" class="1001" name="const_20">
<pin_list>
<pin id="21" dir="1" index="0" bw="1" slack="0"/>
</pin_list>
<bind>
<StgValue><ssdm name="fp2_decode.2_Pipeline_4"/></StgValue>
</bind>
</comp>

<comp id="22" class="1001" name="const_22">
<pin_list>
<pin id="23" dir="1" index="0" bw="1" slack="0"/>
</pin_list>
<bind>
<StgValue><ssdm name="_ssdm_op_Read.ap_auto.i32"/></StgValue>
</bind>
</comp>

<comp id="24" class="1001" name="const_24">
<pin_list>
<pin id="25" dir="1" index="0" bw="1" slack="0"/>
</pin_list>
<bind>
<StgValue><ssdm name="fp2_decode.2_Pipeline_VITIS_LOOP_53_2"/></StgValue>
</bind>
</comp>

<comp id="26" class="1001" name="const_26">
<pin_list>
<pin id="27" dir="1" index="0" bw="1" slack="0"/>
</pin_list>
<bind>
<StgValue><ssdm name="mp_mul.862"/></StgValue>
</bind>
</comp>

<comp id="28" class="1001" name="const_28">
<pin_list>
<pin id="29" dir="1" index="0" bw="1" slack="0"/>
</pin_list>
<bind>
<StgValue><ssdm name="rdc_mont.2"/></StgValue>
</bind>
</comp>

<comp id="30" class="1001" name="const_30">
<pin_list>
<pin id="31" dir="1" index="0" bw="1" slack="0"/>
</pin_list>
<bind>
<StgValue><ssdm name=""/></StgValue>
</bind>
</comp>

<comp id="32" class="1001" name="const_32">
<pin_list>
<pin id="33" dir="1" index="0" bw="1" slack="2147483647"/>
</pin_list>
<bind>
<StgValue><ssdm name="_ssdm_op_SpecInterface"/></StgValue>
</bind>
</comp>

<comp id="34" class="1001" name="const_34">
<pin_list>
<pin id="35" dir="1" index="0" bw="1" slack="2147483647"/>
</pin_list>
<bind>
<StgValue><ssdm name="empty_88"/></StgValue>
</bind>
</comp>

<comp id="36" class="1001" name="const_36">
<pin_list>
<pin id="37" dir="1" index="0" bw="1" slack="2147483647"/>
</pin_list>
<bind>
<StgValue><ssdm name=""/></StgValue>
</bind>
</comp>

<comp id="38" class="1001" name="const_38">
<pin_list>
<pin id="39" dir="1" index="0" bw="1" slack="2147483647"/>
</pin_list>
<bind>
<StgValue><ssdm name="empty_44"/></StgValue>
</bind>
</comp>

<comp id="40" class="1001" name="const_40">
<pin_list>
<pin id="41" dir="1" index="0" bw="1" slack="2147483647"/>
</pin_list>
<bind>
<StgValue><ssdm name="empty_73"/></StgValue>
</bind>
</comp>

<comp id="42" class="1001" name="const_42">
<pin_list>
<pin id="43" dir="1" index="0" bw="1" slack="2147483647"/>
</pin_list>
<bind>
<StgValue><ssdm name="empty_58"/></StgValue>
</bind>
</comp>

<comp id="44" class="1001" name="const_44">
<pin_list>
<pin id="45" dir="1" index="0" bw="1" slack="2147483647"/>
</pin_list>
<bind>
<StgValue><ssdm name=""/></StgValue>
</bind>
</comp>

<comp id="46" class="1001" name="const_46">
<pin_list>
<pin id="47" dir="1" index="0" bw="1" slack="2147483647"/>
</pin_list>
<bind>
<StgValue><ssdm name=""/></StgValue>
</bind>
</comp>

<comp id="48" class="1001" name="const_48">
<pin_list>
<pin id="49" dir="1" index="0" bw="1" slack="2147483647"/>
</pin_list>
<bind>
<StgValue><ssdm name="_ssdm_op_SpecBRAMWithByteEnable"/></StgValue>
</bind>
</comp>

<comp id="50" class="1004" name="temp_alloca_fu_50">
<pin_list>
<pin id="51" dir="0" index="0" bw="1" slack="0"/>
<pin id="52" dir="1" index="1" bw="64" slack="0"/>
</pin_list>
<bind>
<opcode="alloca(26) " fcode="alloca"/>
<opset="temp/1 "/>
</bind>
</comp>

<comp id="54" class="1004" name="temp_71_alloca_fu_54">
<pin_list>
<pin id="55" dir="0" index="0" bw="1" slack="0"/>
<pin id="56" dir="1" index="1" bw="64" slack="0"/>
</pin_list>
<bind>
<opcode="alloca(26) " fcode="alloca"/>
<opset="temp_71/1 "/>
</bind>
</comp>

<comp id="58" class="1004" name="x_read_read_fu_58">
<pin_list>
<pin id="59" dir="0" index="0" bw="9" slack="0"/>
<pin id="60" dir="0" index="1" bw="9" slack="0"/>
<pin id="61" dir="1" index="2" bw="9" slack="0"/>
</pin_list>
<bind>
<opcode="read(1150) " fcode="read"/>
<opset="x_read/1 "/>
</bind>
</comp>

<comp id="64" class="1004" name="enc_read_read_fu_64">
<pin_list>
<pin id="65" dir="0" index="0" bw="32" slack="0"/>
<pin id="66" dir="0" index="1" bw="32" slack="0"/>
<pin id="67" dir="1" index="2" bw="32" slack="0"/>
</pin_list>
<bind>
<opcode="read(1150) " fcode="read"/>
<opset="enc_read/3 "/>
</bind>
</comp>

<comp id="70" class="1004" name="grp_fp2_decode_2_Pipeline_VITIS_LOOP_51_1_fu_70">
<pin_list>
<pin id="71" dir="0" index="0" bw="0" slack="0"/>
<pin id="72" dir="0" index="1" bw="9" slack="0"/>
<pin id="73" dir="0" index="2" bw="64" slack="0"/>
<pin id="74" dir="1" index="3" bw="0" slack="2147483647"/>
</pin_list>
<bind>
<opcode="call(48) " fcode="call"/>
<opset="call_ln0/1 "/>
</bind>
</comp>

<comp id="78" class="1004" name="grp_fp2_decode_2_Pipeline_3_fu_78">
<pin_list>
<pin id="79" dir="0" index="0" bw="0" slack="0"/>
<pin id="80" dir="0" index="1" bw="64" slack="0"/>
<pin id="81" dir="1" index="2" bw="0" slack="2147483647"/>
</pin_list>
<bind>
<opcode="call(48) " fcode="call"/>
<opset="call_ln0/1 "/>
</bind>
</comp>

<comp id="84" class="1004" name="grp_fp2_decode_2_Pipeline_4_fu_84">
<pin_list>
<pin id="85" dir="0" index="0" bw="0" slack="0"/>
<pin id="86" dir="0" index="1" bw="64" slack="0"/>
<pin id="87" dir="1" index="2" bw="0" slack="2147483647"/>
</pin_list>
<bind>
<opcode="call(48) " fcode="call"/>
<opset="call_ln0/1 "/>
</bind>
</comp>

<comp id="90" class="1004" name="grp_fp2_decode_2_Pipeline_VITIS_LOOP_53_2_fu_90">
<pin_list>
<pin id="91" dir="0" index="0" bw="0" slack="0"/>
<pin id="92" dir="0" index="1" bw="32" slack="0"/>
<pin id="93" dir="0" index="2" bw="8" slack="0"/>
<pin id="94" dir="0" index="3" bw="9" slack="2"/>
<pin id="95" dir="0" index="4" bw="64" slack="0"/>
<pin id="96" dir="1" index="5" bw="0" slack="2147483647"/>
</pin_list>
<bind>
<opcode="call(48) " fcode="call"/>
<opset="call_ln0/3 "/>
</bind>
</comp>

<comp id="101" class="1004" name="grp_mp_mul_862_fu_101">
<pin_list>
<pin id="102" dir="0" index="0" bw="0" slack="0"/>
<pin id="103" dir="0" index="1" bw="64" slack="0"/>
<pin id="104" dir="0" index="2" bw="9" slack="0"/>
<pin id="105" dir="0" index="3" bw="64" slack="0"/>
<pin id="106" dir="0" index="4" bw="64" slack="2147483647"/>
<pin id="107" dir="1" index="5" bw="0" slack="2147483647"/>
</pin_list>
<bind>
<opcode="call(48) " fcode="call"/>
<opset="call_ln62/5 call_ln62/9 "/>
</bind>
</comp>

<comp id="111" class="1004" name="grp_rdc_mont_2_fu_111">
<pin_list>
<pin id="112" dir="0" index="0" bw="0" slack="0"/>
<pin id="113" dir="0" index="1" bw="64" slack="2147483647"/>
<pin id="114" dir="0" index="2" bw="64" slack="0"/>
<pin id="115" dir="0" index="3" bw="9" slack="2"/>
<pin id="116" dir="0" index="4" bw="64" slack="0"/>
<pin id="117" dir="1" index="5" bw="0" slack="2147483647"/>
</pin_list>
<bind>
<opcode="call(48) " fcode="call"/>
<opset="call_ln63/7 call_ln63/11 "/>
</bind>
</comp>

<comp id="121" class="1004" name="add_ln62_fu_121">
<pin_list>
<pin id="122" dir="0" index="0" bw="9" slack="8"/>
<pin id="123" dir="0" index="1" bw="8" slack="0"/>
<pin id="124" dir="1" index="2" bw="9" slack="0"/>
</pin_list>
<bind>
<opcode="add(8) " fcode="add"/>
<opset="add_ln62/9 "/>
</bind>
</comp>

<comp id="127" class="1005" name="x_read_reg_127">
<pin_list>
<pin id="128" dir="0" index="0" bw="9" slack="1"/>
<pin id="129" dir="1" index="1" bw="9" slack="1"/>
</pin_list>
<bind>
<opset="x_read "/>
</bind>
</comp>

<comp id="136" class="1005" name="enc_read_reg_136">
<pin_list>
<pin id="137" dir="0" index="0" bw="32" slack="1"/>
<pin id="138" dir="1" index="1" bw="32" slack="1"/>
</pin_list>
<bind>
<opset="enc_read "/>
</bind>
</comp>

<comp id="141" class="1005" name="add_ln62_reg_141">
<pin_list>
<pin id="142" dir="0" index="0" bw="9" slack="1"/>
<pin id="143" dir="1" index="1" bw="9" slack="1"/>
</pin_list>
<bind>
<opset="add_ln62 "/>
</bind>
</comp>

</comp_list>

<net_list>
<net id="53"><net_src comp="14" pin="0"/><net_sink comp="50" pin=0"/></net>

<net id="57"><net_src comp="14" pin="0"/><net_sink comp="54" pin=0"/></net>

<net id="62"><net_src comp="12" pin="0"/><net_sink comp="58" pin=0"/></net>

<net id="63"><net_src comp="6" pin="0"/><net_sink comp="58" pin=1"/></net>

<net id="68"><net_src comp="22" pin="0"/><net_sink comp="64" pin=0"/></net>

<net id="69"><net_src comp="2" pin="0"/><net_sink comp="64" pin=1"/></net>

<net id="75"><net_src comp="16" pin="0"/><net_sink comp="70" pin=0"/></net>

<net id="76"><net_src comp="58" pin="2"/><net_sink comp="70" pin=1"/></net>

<net id="77"><net_src comp="4" pin="0"/><net_sink comp="70" pin=2"/></net>

<net id="82"><net_src comp="18" pin="0"/><net_sink comp="78" pin=0"/></net>

<net id="83"><net_src comp="54" pin="1"/><net_sink comp="78" pin=1"/></net>

<net id="88"><net_src comp="20" pin="0"/><net_sink comp="84" pin=0"/></net>

<net id="89"><net_src comp="50" pin="1"/><net_sink comp="84" pin=1"/></net>

<net id="97"><net_src comp="24" pin="0"/><net_sink comp="90" pin=0"/></net>

<net id="98"><net_src comp="64" pin="2"/><net_sink comp="90" pin=1"/></net>

<net id="99"><net_src comp="0" pin="0"/><net_sink comp="90" pin=2"/></net>

<net id="100"><net_src comp="4" pin="0"/><net_sink comp="90" pin=4"/></net>

<net id="108"><net_src comp="26" pin="0"/><net_sink comp="101" pin=0"/></net>

<net id="109"><net_src comp="4" pin="0"/><net_sink comp="101" pin=1"/></net>

<net id="110"><net_src comp="8" pin="0"/><net_sink comp="101" pin=3"/></net>

<net id="118"><net_src comp="28" pin="0"/><net_sink comp="111" pin=0"/></net>

<net id="119"><net_src comp="4" pin="0"/><net_sink comp="111" pin=2"/></net>

<net id="120"><net_src comp="10" pin="0"/><net_sink comp="111" pin=4"/></net>

<net id="125"><net_src comp="30" pin="0"/><net_sink comp="121" pin=1"/></net>

<net id="126"><net_src comp="121" pin="2"/><net_sink comp="101" pin=2"/></net>

<net id="130"><net_src comp="58" pin="2"/><net_sink comp="127" pin=0"/></net>

<net id="131"><net_src comp="127" pin="1"/><net_sink comp="70" pin=1"/></net>

<net id="132"><net_src comp="127" pin="1"/><net_sink comp="90" pin=3"/></net>

<net id="133"><net_src comp="127" pin="1"/><net_sink comp="101" pin=2"/></net>

<net id="134"><net_src comp="127" pin="1"/><net_sink comp="111" pin=3"/></net>

<net id="135"><net_src comp="127" pin="1"/><net_sink comp="121" pin=0"/></net>

<net id="139"><net_src comp="64" pin="2"/><net_sink comp="136" pin=0"/></net>

<net id="140"><net_src comp="136" pin="1"/><net_sink comp="90" pin=1"/></net>

<net id="144"><net_src comp="121" pin="2"/><net_sink comp="141" pin=0"/></net>

<net id="145"><net_src comp="141" pin="1"/><net_sink comp="101" pin=2"/></net>

<net id="146"><net_src comp="141" pin="1"/><net_sink comp="111" pin=3"/></net>

</net_list>

</model> 
---------------- Datapath Model END ------------------

* FSMD analyzer results:
  - Output states:
	Port: PKB | {1 2 3 4 7 8 11 12 }
 - Input state : 
	Port: fp2_decode.2 : gmem2 | {3 4 }
	Port: fp2_decode.2 : enc | {3 }
	Port: fp2_decode.2 : PKB | {5 6 7 8 9 10 11 12 }
	Port: fp2_decode.2 : x | {1 }
	Port: fp2_decode.2 : Montgomery_R2_1 | {5 6 9 10 }
	Port: fp2_decode.2 : p503p1_1 | {7 8 11 12 }
  - Chain level:
	State 1
		call_ln0 : 1
		call_ln0 : 1
	State 2
	State 3
	State 4
	State 5
	State 6
	State 7
	State 8
	State 9
		call_ln62 : 1
	State 10
	State 11
	State 12


============================================================
+ Verbose Summary: Datapath Resource usage 
============================================================

* Functional unit list:
|----------|-------------------------------------------------|---------|---------|---------|---------|
| Operation|                 Functional Unit                 |   DSP   |  Delay  |    FF   |   LUT   |
|----------|-------------------------------------------------|---------|---------|---------|---------|
|          | grp_fp2_decode_2_Pipeline_VITIS_LOOP_51_1_fu_70 |    0    |    0    |    17   |    51   |
|          |        grp_fp2_decode_2_Pipeline_3_fu_78        |    0    |    0    |    5    |    26   |
|   call   |        grp_fp2_decode_2_Pipeline_4_fu_84        |    0    |    0    |    5    |    26   |
|          | grp_fp2_decode_2_Pipeline_VITIS_LOOP_53_2_fu_90 |    0    |  3.176  |   104   |   214   |
|          |              grp_mp_mul_862_fu_101              |    32   | 39.9386 |   3848  |   3213  |
|          |              grp_rdc_mont_2_fu_111              |    32   | 48.2365 |   4627  |   5071  |
|----------|-------------------------------------------------|---------|---------|---------|---------|
|    add   |                 add_ln62_fu_121                 |    0    |    0    |    0    |    14   |
|----------|-------------------------------------------------|---------|---------|---------|---------|
|   read   |                x_read_read_fu_58                |    0    |    0    |    0    |    0    |
|          |               enc_read_read_fu_64               |    0    |    0    |    0    |    0    |
|----------|-------------------------------------------------|---------|---------|---------|---------|
|   Total  |                                                 |    64   | 91.3511 |   8606  |   8615  |
|----------|-------------------------------------------------|---------|---------|---------|---------|

Memories:
+-------+--------+--------+--------+--------+
|       |  BRAM  |   FF   |   LUT  |  URAM  |
+-------+--------+--------+--------+--------+
|  temp |    2   |    0   |    0   |    0   |
|temp_71|    2   |    0   |    0   |    0   |
+-------+--------+--------+--------+--------+
| Total |    4   |    0   |    0   |    0   |
+-------+--------+--------+--------+--------+

* Register list:
+----------------+--------+
|                |   FF   |
+----------------+--------+
|add_ln62_reg_141|    9   |
|enc_read_reg_136|   32   |
| x_read_reg_127 |    9   |
+----------------+--------+
|      Total     |   50   |
+----------------+--------+

* Multiplexer (MUX) list: 
|-------------------------------------------------|------|------|------|--------||---------||---------||---------|
|                       Comp                      |  Pin | Size |  BW  | S x BW ||  Delay  ||    FF   ||   LUT   |
|-------------------------------------------------|------|------|------|--------||---------||---------||---------|
| grp_fp2_decode_2_Pipeline_VITIS_LOOP_51_1_fu_70 |  p1  |   2  |   9  |   18   ||    0    ||    9    |
| grp_fp2_decode_2_Pipeline_VITIS_LOOP_53_2_fu_90 |  p1  |   2  |  32  |   64   ||    0    ||    9    |
|              grp_mp_mul_862_fu_101              |  p2  |   3  |   9  |   27   ||    0    ||    14   |
|              grp_rdc_mont_2_fu_111              |  p3  |   2  |   9  |   18   ||    0    ||    9    |
|-------------------------------------------------|------|------|------|--------||---------||---------||---------|
|                      Total                      |      |      |      |   127  ||  6.4713 ||    0    ||    41   |
|-------------------------------------------------|------|------|------|--------||---------||---------||---------|



* Summary:
+-----------+--------+--------+--------+--------+--------+--------+
|           |  BRAM  |   DSP  |  Delay |   FF   |   LUT  |  URAM  |
+-----------+--------+--------+--------+--------+--------+--------+
|  Function |    -   |   64   |   91   |  8606  |  8615  |    -   |
|   Memory  |    4   |    -   |    -   |    0   |    0   |    0   |
|Multiplexer|    -   |    -   |    6   |    0   |   41   |    -   |
|  Register |    -   |    -   |    -   |   50   |    -   |    -   |
+-----------+--------+--------+--------+--------+--------+--------+
|   Total   |    4   |   64   |   97   |  8656  |  8656  |    0   |
+-----------+--------+--------+--------+--------+--------+--------+
