

================================================================
== Vitis HLS Report for 'fp2sqr503_mont_135'
================================================================
* Date:           Tue May 20 14:31:28 2025

* Version:        2024.2.2 (Build 6049644 on Mar  5 2025)
* Project:        sikep503_hls
* Solution:       solution1 (Vivado IP Flow Target)
* Product family: zynq
* Target device:  xc7z020-clg484-1


================================================================
== Performance Estimates
================================================================
+ Timing: 
    * Summary: 
    +--------+----------+----------+------------+
    |  Clock |  Target  | Estimated| Uncertainty|
    +--------+----------+----------+------------+
    |ap_clk  |  10.00 ns|  7.040 ns|     2.70 ns|
    +--------+----------+----------+------------+

+ Latency: 
    * Summary: 
    +---------+---------+----------+-----------+-----+------+---------+
    |  Latency (cycles) |  Latency (absolute)  |  Interval  | Pipeline|
    |   min   |   max   |    min   |    max    | min |  max |   Type  |
    +---------+---------+----------+-----------+-----+------+---------+
    |      881|     1401|  8.810 us|  14.010 us|  881|  1401|       no|
    +---------+---------+----------+-----------+-----+------+---------+

    + Detail: 
        * Instance: 
        N/A

        * Loop: 
        N/A

============================================================
+ Verbose Summary: Synthesis Manager
============================================================
InlineROM: 1
ExposeGlobal: 0
============================================================
+ Verbose Summary: CDFG Model
============================================================
IsTopModel: 0
ResetActiveHigh: 1
IsCombinational: 0
IsDatapathOnly: 0
HasWiredReturn: 1
HasMFsm: 0
HasVarLatency: 1
IsPipeline: 0
IsRtlPipelined: 0
IsInstanceOverlapped: 0
IsDontTouch: 0
HasImplIP: 0
IsGatedGlobalClock: 0


============================================================
+ Verbose Summary: Schedule
============================================================
* Number of FSM states : 14
* Pipeline : 0
* Dataflow Pipeline: 0

* FSM state transitions: 
1 --> 2 
2 --> 3 
3 --> 4 
4 --> 5 
5 --> 6 
6 --> 7 
7 --> 8 
8 --> 9 
9 --> 10 
10 --> 11 
11 --> 12 
12 --> 13 
13 --> 14 
14 --> 

* FSM state operations: 

State 1 <SV = 0> <Delay = 3.25>
ST_1 : Operation 15 [1/1] (0.00ns)   --->   "%c_offset_read = read i32 @_ssdm_op_Read.ap_auto.i32, i32 %c_offset"   --->   Operation 15 'read' 'c_offset_read' <Predicate = true> <Delay = 0.00>
ST_1 : Operation 16 [1/1] (0.00ns)   --->   "%empty = trunc i32 %c_offset_read"   --->   Operation 16 'trunc' 'empty' <Predicate = true> <Delay = 0.00>
ST_1 : Operation 17 [1/1] (0.00ns)   --->   "%borrow_loc = alloca i32 1"   --->   Operation 17 'alloca' 'borrow_loc' <Predicate = true> <Delay = 0.00>
ST_1 : Operation 18 [1/1] (0.00ns)   --->   "%temp = alloca i32 1" [src/fpx.c:60->src/fpx.c:161]   --->   Operation 18 'alloca' 'temp' <Predicate = true> <Delay = 0.00>
ST_1 : Operation 19 [1/1] (0.00ns)   --->   "%temp_64 = alloca i32 1" [src/fpx.c:60->src/fpx.c:160]   --->   Operation 19 'alloca' 'temp_64' <Predicate = true> <Delay = 0.00>
ST_1 : Operation 20 [1/1] (0.00ns)   --->   "%t1 = alloca i32 1" [src/fpx.c:155]   --->   Operation 20 'alloca' 't1' <Predicate = true> <Delay = 0.00>
ST_1 : Operation 21 [1/1] (0.00ns)   --->   "%t2 = alloca i32 1" [src/fpx.c:155]   --->   Operation 21 'alloca' 't2' <Predicate = true> <Delay = 0.00>
ST_1 : Operation 22 [1/1] (0.00ns)   --->   "%t3 = alloca i32 1" [src/fpx.c:155]   --->   Operation 22 'alloca' 't3' <Predicate = true> <Delay = 0.00>
ST_1 : Operation 23 [2/2] (3.25ns)   --->   "%call_ln0 = call void @fp2sqr503_mont.135_Pipeline_VITIS_LOOP_349_1, i3 %empty, i64 %c, i64 %t1"   --->   Operation 23 'call' 'call_ln0' <Predicate = true> <Delay = 3.25> <CoreType = "Generic">   --->   Generic Core
ST_1 : Operation 24 [2/2] (0.00ns)   --->   "%call_ln0 = call void @fp2sqr503_mont.135_Pipeline_5, i64 %temp_64"   --->   Operation 24 'call' 'call_ln0' <Predicate = true> <Delay = 0.00> <CoreType = "Generic">   --->   Generic Core
ST_1 : Operation 25 [2/2] (0.00ns)   --->   "%call_ln0 = call void @fp2sqr503_mont.135_Pipeline_6, i64 %temp"   --->   Operation 25 'call' 'call_ln0' <Predicate = true> <Delay = 0.00> <CoreType = "Generic">   --->   Generic Core

State 2 <SV = 1> <Delay = 4.95>
ST_2 : Operation 26 [1/2] (0.00ns)   --->   "%call_ln0 = call void @fp2sqr503_mont.135_Pipeline_VITIS_LOOP_349_1, i3 %empty, i64 %c, i64 %t1"   --->   Operation 26 'call' 'call_ln0' <Predicate = true> <Delay = 0.00> <CoreType = "Generic">   --->   Generic Core
ST_2 : Operation 27 [1/2] (4.95ns)   --->   "%call_ln0 = call void @fp2sqr503_mont.135_Pipeline_5, i64 %temp_64"   --->   Operation 27 'call' 'call_ln0' <Predicate = true> <Delay = 4.95> <CoreType = "Generic">   --->   Generic Core
ST_2 : Operation 28 [1/2] (4.95ns)   --->   "%call_ln0 = call void @fp2sqr503_mont.135_Pipeline_6, i64 %temp"   --->   Operation 28 'call' 'call_ln0' <Predicate = true> <Delay = 4.95> <CoreType = "Generic">   --->   Generic Core

State 3 <SV = 2> <Delay = 3.25>
ST_3 : Operation 29 [2/2] (3.25ns)   --->   "%call_ln0 = call void @fp2sqr503_mont.135_Pipeline_VITIS_LOOP_47_1, i3 %empty, i64 %c, i64 %t2, i1 %borrow_loc"   --->   Operation 29 'call' 'call_ln0' <Predicate = true> <Delay = 3.25> <CoreType = "Generic">   --->   Generic Core

State 4 <SV = 3> <Delay = 0.00>
ST_4 : Operation 30 [1/2] (0.00ns)   --->   "%call_ln0 = call void @fp2sqr503_mont.135_Pipeline_VITIS_LOOP_47_1, i3 %empty, i64 %c, i64 %t2, i1 %borrow_loc"   --->   Operation 30 'call' 'call_ln0' <Predicate = true> <Delay = 0.00> <CoreType = "Generic">   --->   Generic Core

State 5 <SV = 4> <Delay = 3.25>
ST_5 : Operation 31 [1/1] (0.00ns)   --->   "%borrow_loc_load = load i1 %borrow_loc"   --->   Operation 31 'load' 'borrow_loc_load' <Predicate = true> <Delay = 0.00>
ST_5 : Operation 32 [2/2] (0.99ns)   --->   "%call_ln0 = call void @fp2sqr503_mont.135_Pipeline_VITIS_LOOP_53_2, i64 %t2, i1 %borrow_loc_load, i64 %p503x2_1"   --->   Operation 32 'call' 'call_ln0' <Predicate = true> <Delay = 0.99> <CoreType = "Generic">   --->   Generic Core
ST_5 : Operation 33 [2/2] (3.25ns)   --->   "%call_ln0 = call void @fp2sqr503_mont.135_Pipeline_VITIS_LOOP_349_1134, i3 %empty, i64 %c, i64 %t3"   --->   Operation 33 'call' 'call_ln0' <Predicate = true> <Delay = 3.25> <CoreType = "Generic">   --->   Generic Core

State 6 <SV = 5> <Delay = 0.00>
ST_6 : Operation 34 [1/2] (0.00ns)   --->   "%call_ln0 = call void @fp2sqr503_mont.135_Pipeline_VITIS_LOOP_53_2, i64 %t2, i1 %borrow_loc_load, i64 %p503x2_1"   --->   Operation 34 'call' 'call_ln0' <Predicate = true> <Delay = 0.00> <CoreType = "Generic">   --->   Generic Core
ST_6 : Operation 35 [1/2] (0.00ns)   --->   "%call_ln0 = call void @fp2sqr503_mont.135_Pipeline_VITIS_LOOP_349_1134, i3 %empty, i64 %c, i64 %t3"   --->   Operation 35 'call' 'call_ln0' <Predicate = true> <Delay = 0.00> <CoreType = "Generic">   --->   Generic Core

State 7 <SV = 6> <Delay = 0.00>
ST_7 : Operation 36 [2/2] (0.00ns)   --->   "%call_ln62 = call void @mp_mul.152, i64 %t1, i64 %t2, i64 %temp_64" [src/fpx.c:62->src/fpx.c:160]   --->   Operation 36 'call' 'call_ln62' <Predicate = true> <Delay = 0.00> <CoreType = "Generic">   --->   Generic Core

State 8 <SV = 7> <Delay = 1.73>
ST_8 : Operation 37 [1/2] (1.73ns)   --->   "%call_ln62 = call void @mp_mul.152, i64 %t1, i64 %t2, i64 %temp_64" [src/fpx.c:62->src/fpx.c:160]   --->   Operation 37 'call' 'call_ln62' <Predicate = true> <Delay = 1.73> <CoreType = "Generic">   --->   Generic Core

State 9 <SV = 8> <Delay = 3.25>
ST_9 : Operation 38 [2/2] (3.25ns)   --->   "%call_ln63 = call void @rdc_mont.138, i64 %temp_64, i64 %c, i32 %c_offset_read, i1 0, i64 %p503p1_1" [src/fpx.c:63->src/fpx.c:160]   --->   Operation 38 'call' 'call_ln63' <Predicate = true> <Delay = 3.25> <CoreType = "Generic">   --->   Generic Core

State 10 <SV = 9> <Delay = 0.00>
ST_10 : Operation 39 [1/2] (0.00ns)   --->   "%call_ln63 = call void @rdc_mont.138, i64 %temp_64, i64 %c, i32 %c_offset_read, i1 0, i64 %p503p1_1" [src/fpx.c:63->src/fpx.c:160]   --->   Operation 39 'call' 'call_ln63' <Predicate = true> <Delay = 0.00> <CoreType = "Generic">   --->   Generic Core

State 11 <SV = 10> <Delay = 0.00>
ST_11 : Operation 40 [2/2] (0.00ns)   --->   "%call_ln62 = call void @mp_mul.142, i64 %t3, i64 %c, i32 %c_offset_read, i64 %temp" [src/fpx.c:62->src/fpx.c:161]   --->   Operation 40 'call' 'call_ln62' <Predicate = true> <Delay = 0.00> <CoreType = "Generic">   --->   Generic Core

State 12 <SV = 11> <Delay = 1.73>
ST_12 : Operation 41 [1/2] (1.73ns)   --->   "%call_ln62 = call void @mp_mul.142, i64 %t3, i64 %c, i32 %c_offset_read, i64 %temp" [src/fpx.c:62->src/fpx.c:161]   --->   Operation 41 'call' 'call_ln62' <Predicate = true> <Delay = 1.73> <CoreType = "Generic">   --->   Generic Core

State 13 <SV = 12> <Delay = 3.25>
ST_13 : Operation 42 [2/2] (3.25ns)   --->   "%call_ln63 = call void @rdc_mont.138, i64 %temp, i64 %c, i32 %c_offset_read, i1 1, i64 %p503p1_1" [src/fpx.c:63->src/fpx.c:161]   --->   Operation 42 'call' 'call_ln63' <Predicate = true> <Delay = 3.25> <CoreType = "Generic">   --->   Generic Core

State 14 <SV = 13> <Delay = 0.00>
ST_14 : Operation 43 [1/2] (0.00ns)   --->   "%call_ln63 = call void @rdc_mont.138, i64 %temp, i64 %c, i32 %c_offset_read, i1 1, i64 %p503p1_1" [src/fpx.c:63->src/fpx.c:161]   --->   Operation 43 'call' 'call_ln63' <Predicate = true> <Delay = 0.00> <CoreType = "Generic">   --->   Generic Core
ST_14 : Operation 44 [1/1] (0.00ns)   --->   "%ret_ln162 = ret" [src/fpx.c:162]   --->   Operation 44 'ret' 'ret_ln162' <Predicate = true> <Delay = 0.00>


============================================================
+ Verbose Summary: Timing violations
============================================================
Target clock period: 10.000ns, clock uncertainty: 2.700ns.

 <State 1>: 3.254ns
The critical path consists of the following:
	wire read operation ('c_offset_read') on port 'c_offset' [5]  (0.000 ns)
	'call' operation 0 bit ('call_ln0') to 'fp2sqr503_mont.135_Pipeline_VITIS_LOOP_349_1' [13]  (3.254 ns)

 <State 2>: 4.956ns
The critical path consists of the following:
	'call' operation 0 bit ('call_ln0') to 'fp2sqr503_mont.135_Pipeline_5' [18]  (4.956 ns)

 <State 3>: 3.254ns
The critical path consists of the following:
	'call' operation 0 bit ('call_ln0') to 'fp2sqr503_mont.135_Pipeline_VITIS_LOOP_47_1' [14]  (3.254 ns)

 <State 4>: 0.000ns
The critical path consists of the following:

 <State 5>: 3.254ns
The critical path consists of the following:
	'call' operation 0 bit ('call_ln0') to 'fp2sqr503_mont.135_Pipeline_VITIS_LOOP_349_1134' [17]  (3.254 ns)

 <State 6>: 0.000ns
The critical path consists of the following:

 <State 7>: 0.000ns
The critical path consists of the following:

 <State 8>: 1.735ns
The critical path consists of the following:
	'call' operation 0 bit ('call_ln62', src/fpx.c:62->src/fpx.c:160) to 'mp_mul.152' [19]  (1.735 ns)

 <State 9>: 3.254ns
The critical path consists of the following:
	'call' operation 0 bit ('call_ln63', src/fpx.c:63->src/fpx.c:160) to 'rdc_mont.138' [20]  (3.254 ns)

 <State 10>: 0.000ns
The critical path consists of the following:

 <State 11>: 0.000ns
The critical path consists of the following:

 <State 12>: 1.735ns
The critical path consists of the following:
	'call' operation 0 bit ('call_ln62', src/fpx.c:62->src/fpx.c:161) to 'mp_mul.142' [22]  (1.735 ns)

 <State 13>: 3.254ns
The critical path consists of the following:
	'call' operation 0 bit ('call_ln63', src/fpx.c:63->src/fpx.c:161) to 'rdc_mont.138' [23]  (3.254 ns)

 <State 14>: 0.000ns
The critical path consists of the following:


============================================================
+ Verbose Summary: Binding
============================================================
N/A
* FSMD analyzer results:
  - Output states:
 - Input state : 
  - Chain level:
	State 1
	State 2
	State 3
	State 4
	State 5
	State 6
	State 7
	State 8
	State 9
	State 10
	State 11
	State 12
	State 13
	State 14


============================================================
+ Verbose Summary: Datapath Resource usage 
============================================================
N/A
