

================================================================
== Vitis HLS Report for 'fpadd503_58_60_Pipeline_VITIS_LOOP_28_2'
================================================================
* Date:           Tue May 20 14:35:03 2025

* Version:        2024.2.2 (Build 6049644 on Mar  5 2025)
* Project:        sikep503_hls
* Solution:       solution1 (Vivado IP Flow Target)
* Product family: zynq
* Target device:  xc7z020-clg484-1


================================================================
== Performance Estimates
================================================================
+ Timing: 
    * Summary: 
    +--------+----------+----------+------------+
    |  Clock |  Target  | Estimated| Uncertainty|
    +--------+----------+----------+------------+
    |ap_clk  |  10.00 ns|  6.832 ns|     2.70 ns|
    +--------+----------+----------+------------+

+ Latency: 
    * Summary: 
    +---------+---------+----------+----------+-----+-----+------------------------------------------------+
    |  Latency (cycles) |  Latency (absolute) |  Interval |                    Pipeline                    |
    |   min   |   max   |    min   |    max   | min | max |                      Type                      |
    +---------+---------+----------+----------+-----+-----+------------------------------------------------+
    |       12|       12|  0.120 us|  0.120 us|    9|    9|  loop auto-rewind stp (delay=0 clock cycles(s))|
    +---------+---------+----------+----------+-----+-----+------------------------------------------------+

    + Detail: 
        * Instance: 
        N/A

        * Loop: 
        +-------------------+---------+---------+----------+-----------+-----------+------+----------+
        |                   |  Latency (cycles) | Iteration|  Initiation Interval  | Trip |          |
        |     Loop Name     |   min   |   max   |  Latency |  achieved |   target  | Count| Pipelined|
        +-------------------+---------+---------+----------+-----------+-----------+------+----------+
        |- VITIS_LOOP_28_2  |       10|       10|         4|          1|          1|     8|       yes|
        +-------------------+---------+---------+----------+-----------+-----------+------+----------+



================================================================
== Utilization Estimates
================================================================
* Summary: 
+-----------------+---------+-----+--------+-------+-----+
|       Name      | BRAM_18K| DSP |   FF   |  LUT  | URAM|
+-----------------+---------+-----+--------+-------+-----+
|DSP              |        -|    -|       -|      -|    -|
|Expression       |        -|    -|       0|    631|    -|
|FIFO             |        -|    -|       -|      -|    -|
|Instance         |        -|    -|       -|      -|    -|
|Memory           |        0|    -|      64|      8|    -|
|Multiplexer      |        -|    -|       0|     45|    -|
|Register         |        -|    -|     346|     96|    -|
+-----------------+---------+-----+--------+-------+-----+
|Total            |        0|    0|     410|    780|    0|
+-----------------+---------+-----+--------+-------+-----+
|Available        |      280|  220|  106400|  53200|    0|
+-----------------+---------+-----+--------+-------+-----+
|Utilization (%)  |        0|    0|      ~0|      1|    0|
+-----------------+---------+-----+--------+-------+-----+

+ Detail: 
    * Instance: 
    N/A

    * DSP: 
    N/A

    * Memory: 
    +------------+--------------------------------------------------------------+---------+----+----+-----+------+-----+------+-------------+
    |   Memory   |                            Module                            | BRAM_18K| FF | LUT| URAM| Words| Bits| Banks| W*Bits*Banks|
    +------------+--------------------------------------------------------------+---------+----+----+-----+------+-----+------+-------------+
    |p503x2_1_U  |fpadd503_149_3_Pipeline_VITIS_LOOP_28_2_p503x2_1_ROM_AUTO_1R  |        0|  64|   8|    0|     8|   64|     1|          512|
    +------------+--------------------------------------------------------------+---------+----+----+-----+------+-----+------+-------------+
    |Total       |                                                              |        0|  64|   8|    0|     8|   64|     1|          512|
    +------------+--------------------------------------------------------------+---------+----+----+-----+------+-----+------+-------------+

    * FIFO: 
    N/A

    * Expression: 
    +-------------------------+----------+----+---+----+------------+------------+
    |      Variable Name      | Operation| DSP| FF| LUT| Bitwidth P0| Bitwidth P1|
    +-------------------------+----------+----+---+----+------------+------------+
    |add_ln28_fu_153_p2       |         +|   0|  0|  13|           4|           1|
    |sub_ln29_fu_293_p2       |         -|   0|  0|  71|          64|          64|
    |sub_ln95_fu_254_p2       |         -|   0|  0|  71|           1|          64|
    |tempReg_fu_219_p2        |         -|   0|  0|  71|          64|          64|
    |and_ln29_fu_278_p2       |       and|   0|  0|   2|           1|           1|
    |icmp_ln28_fu_147_p2      |      icmp|   0|  0|  13|           4|           5|
    |carry_65_fu_284_p2       |        or|   0|  0|   2|           1|           1|
    |or_ln105_fu_235_p2       |        or|   0|  0|  64|          64|          64|
    |or_ln95_fu_259_p2        |        or|   0|  0|  64|          64|          64|
    |select_ln29_fu_206_p3    |    select|   0|  0|  64|           1|          64|
    |ap_enable_pp0            |       xor|   0|  0|   2|           1|           2|
    |xor_ln105_100_fu_229_p2  |       xor|   0|  0|  64|          64|          64|
    |xor_ln105_101_fu_241_p2  |       xor|   0|  0|  64|          64|          64|
    |xor_ln105_fu_224_p2      |       xor|   0|  0|  64|          64|          64|
    |xor_ln29_fu_272_p2       |       xor|   0|  0|   2|           1|           2|
    +-------------------------+----------+----+---+----+------------+------------+
    |Total                    |          |   0|  0| 631|         462|         588|
    +-------------------------+----------+----+---+----+------------+------------+

    * Multiplexer: 
    +-------------------------+----+-----------+-----+-----------+
    |           Name          | LUT| Input Size| Bits| Total Bits|
    +-------------------------+----+-----------+-----+-----------+
    |ap_done_int              |   9|          2|    1|          2|
    |ap_enable_reg_pp0_iter3  |   9|          2|    1|          2|
    |ap_sig_allocacmp_i       |   9|          2|    4|          8|
    |carry_reg_126            |   9|          2|    1|          2|
    |i_137_fu_56              |   9|          2|    4|          8|
    +-------------------------+----+-----------+-----+-----------+
    |Total                    |  45|         10|   11|         22|
    +-------------------------+----+-----------+-----+-----------+

    * Register: 
    +----------------------------------+----+----+-----+-----------+
    |               Name               | FF | LUT| Bits| Const Bits|
    +----------------------------------+----+----+-----+-----------+
    |ap_CS_fsm                         |   1|   0|    1|          0|
    |ap_done_reg                       |   1|   0|    1|          0|
    |ap_enable_reg_pp0_iter1           |   1|   0|    1|          0|
    |ap_enable_reg_pp0_iter2           |   1|   0|    1|          0|
    |ap_enable_reg_pp0_iter3           |   1|   0|    1|          0|
    |ap_loop_exit_ready_pp0_iter1_reg  |   1|   0|    1|          0|
    |ap_loop_exit_ready_pp0_iter2_reg  |   1|   0|    1|          0|
    |c_0_addr_reg_317                  |   3|   0|    3|          0|
    |c_1_addr_reg_323                  |   3|   0|    3|          0|
    |carry_reg_126                     |   1|   0|    1|          0|
    |i_137_fu_56                       |   4|   0|    4|          0|
    |i_reg_307                         |   4|   0|    4|          0|
    |icmp_ln28_reg_313                 |   1|   0|    1|          0|
    |select_ln29_reg_333               |  64|   0|   64|          0|
    |tempReg_reg_345                   |  64|   0|   64|          0|
    |tmp_reg_352                       |   1|   0|    1|          0|
    |trunc_ln28_reg_329                |   1|   0|    1|          0|
    |trunc_ln28_reg_329_pp0_iter2_reg  |   1|   0|    1|          0|
    |c_0_addr_reg_317                  |  64|  32|    3|          0|
    |c_1_addr_reg_323                  |  64|  32|    3|          0|
    |icmp_ln28_reg_313                 |  64|  32|    1|          0|
    +----------------------------------+----+----+-----+-----------+
    |Total                             | 346|  96|  161|          0|
    +----------------------------------+----+----+-----+-----------+



================================================================
== Interface
================================================================
* Summary: 
+------------------+-----+-----+------------+-----------------------------------------+--------------+
|     RTL Ports    | Dir | Bits|  Protocol  |              Source Object              |    C Type    |
+------------------+-----+-----+------------+-----------------------------------------+--------------+
|ap_clk            |   in|    1|  ap_ctrl_hs|  fpadd503.58.60_Pipeline_VITIS_LOOP_28_2|  return value|
|ap_rst            |   in|    1|  ap_ctrl_hs|  fpadd503.58.60_Pipeline_VITIS_LOOP_28_2|  return value|
|ap_start          |   in|    1|  ap_ctrl_hs|  fpadd503.58.60_Pipeline_VITIS_LOOP_28_2|  return value|
|ap_done           |  out|    1|  ap_ctrl_hs|  fpadd503.58.60_Pipeline_VITIS_LOOP_28_2|  return value|
|ap_idle           |  out|    1|  ap_ctrl_hs|  fpadd503.58.60_Pipeline_VITIS_LOOP_28_2|  return value|
|ap_ready          |  out|    1|  ap_ctrl_hs|  fpadd503.58.60_Pipeline_VITIS_LOOP_28_2|  return value|
|c_0_offset        |   in|    1|     ap_none|                               c_0_offset|        scalar|
|c_0_address0      |  out|    3|   ap_memory|                                      c_0|         array|
|c_0_ce0           |  out|    1|   ap_memory|                                      c_0|         array|
|c_0_we0           |  out|    1|   ap_memory|                                      c_0|         array|
|c_0_d0            |  out|   64|   ap_memory|                                      c_0|         array|
|c_0_address1      |  out|    3|   ap_memory|                                      c_0|         array|
|c_0_ce1           |  out|    1|   ap_memory|                                      c_0|         array|
|c_0_q1            |   in|   64|   ap_memory|                                      c_0|         array|
|c_1_offset        |   in|    1|     ap_none|                               c_1_offset|        scalar|
|c_1_address0      |  out|    3|   ap_memory|                                      c_1|         array|
|c_1_ce0           |  out|    1|   ap_memory|                                      c_1|         array|
|c_1_we0           |  out|    1|   ap_memory|                                      c_1|         array|
|c_1_d0            |  out|   64|   ap_memory|                                      c_1|         array|
|c_1_address1      |  out|    3|   ap_memory|                                      c_1|         array|
|c_1_ce1           |  out|    1|   ap_memory|                                      c_1|         array|
|c_1_q1            |   in|   64|   ap_memory|                                      c_1|         array|
|carry_out         |  out|    1|      ap_vld|                                carry_out|       pointer|
|carry_out_ap_vld  |  out|    1|      ap_vld|                                carry_out|       pointer|
+------------------+-----+-----+------------+-----------------------------------------+--------------+

============================================================
+ Verbose Summary: Synthesis Manager
============================================================
InlineROM: 1
ExposeGlobal: 0
============================================================
+ Verbose Summary: CDFG Model
============================================================
IsTopModel: 0
ResetActiveHigh: 1
IsCombinational: 2
IsDatapathOnly: 2
HasWiredReturn: 1
HasMFsm: 2
HasVarLatency: 1
IsPipeline: 0
IsRtlPipelined: 0
IsInstanceOverlapped: 0
IsDontTouch: 0
HasImplIP: 0
IsGatedGlobalClock: 0

+ Individual pipeline summary: 
  * Pipeline-0: initiation interval (II) = 1, depth = 4


============================================================
+ Verbose Summary: Schedule
============================================================
* Number of FSM states : 4
* Pipeline : 1
  Pipeline-0 : II = 1, D = 4, States = { 1 2 3 4 }
* Dataflow Pipeline: 0

* FSM state transitions: 
1 --> 2 
2 --> 3 
3 --> 4 
4 --> 

* FSM state operations: 

State 1 <SV = 0> <Delay = 4.91>
ST_1 : Operation 7 [1/1] (0.00ns)   --->   "%i_137 = alloca i32 1" [src/generic/fp_generic.c:20]   --->   Operation 7 'alloca' 'i_137' <Predicate = true> <Delay = 0.00>
ST_1 : Operation 8 [1/1] (0.00ns)   --->   "%c_1_offset_read = read i1 @_ssdm_op_Read.ap_auto.i1, i1 %c_1_offset"   --->   Operation 8 'read' 'c_1_offset_read' <Predicate = true> <Delay = 0.00>
ST_1 : Operation 9 [1/1] (0.00ns)   --->   "%c_0_offset_read = read i1 @_ssdm_op_Read.ap_auto.i1, i1 %c_0_offset"   --->   Operation 9 'read' 'c_0_offset_read' <Predicate = true> <Delay = 0.00>
ST_1 : Operation 10 [1/1] (1.58ns)   --->   "%store_ln20 = store i4 0, i4 %i_137" [src/generic/fp_generic.c:20]   --->   Operation 10 'store' 'store_ln20' <Predicate = true> <Delay = 1.58>
ST_1 : Operation 11 [1/1] (1.58ns)   --->   "%br_ln0 = br void %for.inc29"   --->   Operation 11 'br' 'br_ln0' <Predicate = true> <Delay = 1.58>
ST_1 : Operation 12 [1/1] (0.00ns)   --->   "%i = load i4 %i_137" [src/generic/fp_generic.c:28]   --->   Operation 12 'load' 'i' <Predicate = true> <Delay = 0.00>
ST_1 : Operation 13 [1/1] (1.73ns)   --->   "%icmp_ln28 = icmp_eq  i4 %i, i4 8" [src/generic/fp_generic.c:28]   --->   Operation 13 'icmp' 'icmp_ln28' <Predicate = true> <Delay = 1.73> <CoreInst = "Cmp">   --->   Core 9 'Cmp' <Latency = 0> <II = 1> <Delay = 1.78> <FuncUnit> <Opcode : 'seteq' 'setne' 'setle' 'setge' 'setlt' 'setgt'> <InPorts = 2> <OutPorts = 1>
ST_1 : Operation 14 [1/1] (1.73ns)   --->   "%add_ln28 = add i4 %i, i4 1" [src/generic/fp_generic.c:28]   --->   Operation 14 'add' 'add_ln28' <Predicate = true> <Delay = 1.73> <CoreInst = "Adder">   --->   Core 1 'Adder' <Latency = 0> <II = 1> <Delay = 1.73> <FuncUnit> <Opcode : 'add' 'sub'> <InPorts = 2> <OutPorts = 1>
ST_1 : Operation 15 [1/1] (0.00ns)   --->   "%lshr_ln20_5 = partselect i2 @_ssdm_op_PartSelect.i2.i4.i32.i32, i4 %i, i32 1, i32 2" [src/generic/fp_generic.c:20]   --->   Operation 15 'partselect' 'lshr_ln20_5' <Predicate = (!icmp_ln28)> <Delay = 0.00>
ST_1 : Operation 16 [1/1] (0.00ns)   --->   "%tmp_s = bitconcatenate i3 @_ssdm_op_BitConcatenate.i3.i1.i2, i1 %c_0_offset_read, i2 %lshr_ln20_5" [src/generic/fp_generic.c:29]   --->   Operation 16 'bitconcatenate' 'tmp_s' <Predicate = (!icmp_ln28)> <Delay = 0.00>
ST_1 : Operation 17 [1/1] (0.00ns)   --->   "%zext_ln29_12 = zext i3 %tmp_s" [src/generic/fp_generic.c:29]   --->   Operation 17 'zext' 'zext_ln29_12' <Predicate = (!icmp_ln28)> <Delay = 0.00>
ST_1 : Operation 18 [1/1] (0.00ns)   --->   "%c_0_addr = getelementptr i64 %c_0, i32 0, i32 %zext_ln29_12" [src/generic/fp_generic.c:29]   --->   Operation 18 'getelementptr' 'c_0_addr' <Predicate = (!icmp_ln28)> <Delay = 0.00>
ST_1 : Operation 19 [1/1] (0.00ns)   --->   "%tmp_519 = bitconcatenate i3 @_ssdm_op_BitConcatenate.i3.i1.i2, i1 %c_1_offset_read, i2 %lshr_ln20_5" [src/generic/fp_generic.c:29]   --->   Operation 19 'bitconcatenate' 'tmp_519' <Predicate = (!icmp_ln28)> <Delay = 0.00>
ST_1 : Operation 20 [1/1] (0.00ns)   --->   "%zext_ln29_14 = zext i3 %tmp_519" [src/generic/fp_generic.c:29]   --->   Operation 20 'zext' 'zext_ln29_14' <Predicate = (!icmp_ln28)> <Delay = 0.00>
ST_1 : Operation 21 [1/1] (0.00ns)   --->   "%c_1_addr = getelementptr i64 %c_1, i32 0, i32 %zext_ln29_14" [src/generic/fp_generic.c:29]   --->   Operation 21 'getelementptr' 'c_1_addr' <Predicate = (!icmp_ln28)> <Delay = 0.00>
ST_1 : Operation 22 [2/2] (2.32ns)   --->   "%c_0_load = load i3 %c_0_addr" [src/generic/fp_generic.c:29]   --->   Operation 22 'load' 'c_0_load' <Predicate = (!icmp_ln28)> <Delay = 2.32> <CoreInst = "RAM">   --->   Core 81 'RAM' <Latency = 1> <II = 1> <Delay = 2.32> <Storage> <Opcode : 'load' 'store'> <Ports = 2> <Width = 64> <Depth = 8> <RAM>
ST_1 : Operation 23 [2/2] (2.32ns)   --->   "%c_1_load = load i3 %c_1_addr" [src/generic/fp_generic.c:29]   --->   Operation 23 'load' 'c_1_load' <Predicate = (!icmp_ln28)> <Delay = 2.32> <CoreInst = "RAM">   --->   Core 81 'RAM' <Latency = 1> <II = 1> <Delay = 2.32> <Storage> <Opcode : 'load' 'store'> <Ports = 2> <Width = 64> <Depth = 8> <RAM>
ST_1 : Operation 24 [1/1] (1.58ns)   --->   "%store_ln20 = store i4 %add_ln28, i4 %i_137" [src/generic/fp_generic.c:20]   --->   Operation 24 'store' 'store_ln20' <Predicate = (!icmp_ln28)> <Delay = 1.58>
ST_1 : Operation 25 [1/1] (0.00ns)   --->   "%br_ln28 = br void %for.inc29" [src/generic/fp_generic.c:28]   --->   Operation 25 'br' 'br_ln28' <Predicate = (!icmp_ln28)> <Delay = 0.00>

State 2 <SV = 1> <Delay = 3.80>
ST_2 : Operation 26 [1/1] (0.00ns)   --->   "%trunc_ln28 = trunc i4 %i" [src/generic/fp_generic.c:28]   --->   Operation 26 'trunc' 'trunc_ln28' <Predicate = (!icmp_ln28)> <Delay = 0.00>
ST_2 : Operation 27 [1/1] (0.00ns)   --->   "%trunc_ln28_3 = trunc i4 %i" [src/generic/fp_generic.c:28]   --->   Operation 27 'trunc' 'trunc_ln28_3' <Predicate = (!icmp_ln28)> <Delay = 0.00>
ST_2 : Operation 28 [1/2] ( I:2.32ns O:2.32ns )   --->   "%c_0_load = load i3 %c_0_addr" [src/generic/fp_generic.c:29]   --->   Operation 28 'load' 'c_0_load' <Predicate = (!icmp_ln28)> <Delay = 2.32> <CoreInst = "RAM">   --->   Core 81 'RAM' <Latency = 1> <II = 1> <Delay = 2.32> <Storage> <Opcode : 'load' 'store'> <Ports = 2> <Width = 64> <Depth = 8> <RAM>
ST_2 : Operation 29 [1/2] ( I:2.32ns O:2.32ns )   --->   "%c_1_load = load i3 %c_1_addr" [src/generic/fp_generic.c:29]   --->   Operation 29 'load' 'c_1_load' <Predicate = (!icmp_ln28)> <Delay = 2.32> <CoreInst = "RAM">   --->   Core 81 'RAM' <Latency = 1> <II = 1> <Delay = 2.32> <Storage> <Opcode : 'load' 'store'> <Ports = 2> <Width = 64> <Depth = 8> <RAM>
ST_2 : Operation 30 [1/1] (1.48ns)   --->   "%select_ln29 = select i1 %trunc_ln28, i64 %c_1_load, i64 %c_0_load" [src/generic/fp_generic.c:29]   --->   Operation 30 'select' 'select_ln29' <Predicate = (!icmp_ln28)> <Delay = 1.48> <CoreInst = "Sel">   --->   Core 73 'Sel' <Latency = 0> <II = 1> <Delay = 1.48> <FuncUnit> <Opcode : 'select'> <InPorts = 3> <OutPorts = 1>
ST_2 : Operation 31 [1/1] (0.00ns)   --->   "%zext_ln29_13 = zext i3 %trunc_ln28_3" [src/generic/fp_generic.c:29]   --->   Operation 31 'zext' 'zext_ln29_13' <Predicate = (!icmp_ln28)> <Delay = 0.00>
ST_2 : Operation 32 [1/1] (0.00ns)   --->   "%p503x2_1_addr = getelementptr i64 %p503x2_1, i32 0, i32 %zext_ln29_13" [src/generic/fp_generic.c:29]   --->   Operation 32 'getelementptr' 'p503x2_1_addr' <Predicate = (!icmp_ln28)> <Delay = 0.00>
ST_2 : Operation 33 [2/2] (2.32ns)   --->   "%p503x2_1_load = load i3 %p503x2_1_addr" [src/generic/fp_generic.c:29]   --->   Operation 33 'load' 'p503x2_1_load' <Predicate = (!icmp_ln28)> <Delay = 2.32> <CoreInst = "ROM">   --->   Core 94 'ROM' <Latency = 1> <II = 1> <Delay = 2.32> <Storage> <Opcode : 'load'> <Ports = 0> <Width = 64> <Depth = 8> <ROM>
ST_2 : Operation 34 [1/1] (0.00ns)   --->   "%br_ln29 = br i1 %trunc_ln28, void %arrayidx159.case.0, void %arrayidx159.case.1" [src/generic/fp_generic.c:29]   --->   Operation 34 'br' 'br_ln29' <Predicate = (!icmp_ln28)> <Delay = 0.00>

State 3 <SV = 2> <Delay = 6.83>
ST_3 : Operation 35 [1/1] (0.00ns)   --->   "%carry = phi i1 %carry_65, void %arrayidx159.exit, i1 0, void %newFuncRoot"   --->   Operation 35 'phi' 'carry' <Predicate = true> <Delay = 0.00>
ST_3 : Operation 36 [1/1] (0.00ns)   --->   "%br_ln28 = br i1 %icmp_ln28, void %for.inc29.split, void %for.end31.exitStub" [src/generic/fp_generic.c:28]   --->   Operation 36 'br' 'br_ln28' <Predicate = true> <Delay = 0.00>
ST_3 : Operation 37 [1/2] ( I:2.32ns O:2.32ns )   --->   "%p503x2_1_load = load i3 %p503x2_1_addr" [src/generic/fp_generic.c:29]   --->   Operation 37 'load' 'p503x2_1_load' <Predicate = (!icmp_ln28)> <Delay = 2.32> <CoreInst = "ROM">   --->   Core 94 'ROM' <Latency = 1> <II = 1> <Delay = 2.32> <Storage> <Opcode : 'load'> <Ports = 0> <Width = 64> <Depth = 8> <ROM>
ST_3 : Operation 38 [1/1] (3.52ns)   --->   "%tempReg = sub i64 %select_ln29, i64 %p503x2_1_load" [src/generic/fp_generic.c:29]   --->   Operation 38 'sub' 'tempReg' <Predicate = (!icmp_ln28)> <Delay = 3.52> <CoreInst = "Adder">   --->   Core 1 'Adder' <Latency = 0> <II = 1> <Delay = 3.52> <FuncUnit> <Opcode : 'add' 'sub'> <InPorts = 2> <OutPorts = 1>
ST_3 : Operation 39 [1/1] (0.00ns) (grouped into LUT with out node tmp)   --->   "%xor_ln105 = xor i64 %p503x2_1_load, i64 %select_ln29" [src/config.h:105->src/generic/fp_generic.c:29]   --->   Operation 39 'xor' 'xor_ln105' <Predicate = (!icmp_ln28)> <Delay = 0.00> <CoreInst = "LogicGate">   --->   Core 74 'LogicGate' <Latency = 0> <II = 1> <Delay = 0.99> <FuncUnit> <Opcode : 'and' 'or' 'xor'> <InPorts = 2> <OutPorts = 1>
ST_3 : Operation 40 [1/1] (0.00ns) (grouped into LUT with out node tmp)   --->   "%xor_ln105_100 = xor i64 %p503x2_1_load, i64 %tempReg" [src/config.h:105->src/generic/fp_generic.c:29]   --->   Operation 40 'xor' 'xor_ln105_100' <Predicate = (!icmp_ln28)> <Delay = 0.00> <CoreInst = "LogicGate">   --->   Core 74 'LogicGate' <Latency = 0> <II = 1> <Delay = 0.99> <FuncUnit> <Opcode : 'and' 'or' 'xor'> <InPorts = 2> <OutPorts = 1>
ST_3 : Operation 41 [1/1] (0.00ns) (grouped into LUT with out node tmp)   --->   "%or_ln105 = or i64 %xor_ln105_100, i64 %xor_ln105" [src/config.h:105->src/generic/fp_generic.c:29]   --->   Operation 41 'or' 'or_ln105' <Predicate = (!icmp_ln28)> <Delay = 0.00> <CoreInst = "LogicGate">   --->   Core 74 'LogicGate' <Latency = 0> <II = 1> <Delay = 0.99> <FuncUnit> <Opcode : 'and' 'or' 'xor'> <InPorts = 2> <OutPorts = 1>
ST_3 : Operation 42 [1/1] (0.00ns) (grouped into LUT with out node tmp)   --->   "%xor_ln105_101 = xor i64 %or_ln105, i64 %select_ln29" [src/config.h:105->src/generic/fp_generic.c:29]   --->   Operation 42 'xor' 'xor_ln105_101' <Predicate = (!icmp_ln28)> <Delay = 0.00> <CoreInst = "LogicGate">   --->   Core 74 'LogicGate' <Latency = 0> <II = 1> <Delay = 0.99> <FuncUnit> <Opcode : 'and' 'or' 'xor'> <InPorts = 2> <OutPorts = 1>
ST_3 : Operation 43 [1/1] (0.99ns) (out node of the LUT)   --->   "%tmp = bitselect i1 @_ssdm_op_BitSelect.i1.i64.i32, i64 %xor_ln105_101, i32 63" [src/config.h:98->src/generic/fp_generic.c:29]   --->   Operation 43 'bitselect' 'tmp' <Predicate = (!icmp_ln28)> <Delay = 0.99>
ST_3 : Operation 59 [1/1] (0.00ns)   --->   "%write_ln29 = write void @_ssdm_op_Write.ap_auto.i1P0A, i1 %carry_out, i1 %carry" [src/generic/fp_generic.c:29]   --->   Operation 59 'write' 'write_ln29' <Predicate = (icmp_ln28)> <Delay = 0.00>
ST_3 : Operation 60 [1/1] (1.58ns)   --->   "%ret_ln0 = ret"   --->   Operation 60 'ret' 'ret_ln0' <Predicate = (icmp_ln28)> <Delay = 1.58>

State 4 <SV = 3> <Delay = 6.09>
ST_4 : Operation 44 [1/1] (0.00ns)   --->   "%specpipeline_ln20 = specpipeline void @_ssdm_op_SpecPipeline, i32 4294967295, i32 0, i32 0, i32 0, void @empty_44" [src/generic/fp_generic.c:20]   --->   Operation 44 'specpipeline' 'specpipeline_ln20' <Predicate = (!icmp_ln28)> <Delay = 0.00>
ST_4 : Operation 45 [1/1] (0.00ns)   --->   "%speclooptripcount_ln20 = speclooptripcount void @_ssdm_op_SpecLoopTripCount, i64 8, i64 8, i64 8" [src/generic/fp_generic.c:20]   --->   Operation 45 'speclooptripcount' 'speclooptripcount_ln20' <Predicate = (!icmp_ln28)> <Delay = 0.00>
ST_4 : Operation 46 [1/1] (0.00ns)   --->   "%specloopname_ln28 = specloopname void @_ssdm_op_SpecLoopName, void @empty_27" [src/generic/fp_generic.c:28]   --->   Operation 46 'specloopname' 'specloopname_ln28' <Predicate = (!icmp_ln28)> <Delay = 0.00>
ST_4 : Operation 47 [1/1] (3.52ns)   --->   "%sub_ln95 = sub i64 0, i64 %tempReg" [src/config.h:95->src/config.h:100->src/generic/fp_generic.c:29]   --->   Operation 47 'sub' 'sub_ln95' <Predicate = (!icmp_ln28)> <Delay = 3.52> <CoreInst = "Adder">   --->   Core 1 'Adder' <Latency = 0> <II = 1> <Delay = 3.52> <FuncUnit> <Opcode : 'add' 'sub'> <InPorts = 2> <OutPorts = 1>
ST_4 : Operation 48 [1/1] (0.00ns) (grouped into LUT with out node carry_65)   --->   "%or_ln95 = or i64 %tempReg, i64 %sub_ln95" [src/config.h:95->src/config.h:100->src/generic/fp_generic.c:29]   --->   Operation 48 'or' 'or_ln95' <Predicate = (!icmp_ln28)> <Delay = 0.00> <CoreInst = "LogicGate">   --->   Core 74 'LogicGate' <Latency = 0> <II = 1> <Delay = 0.99> <FuncUnit> <Opcode : 'and' 'or' 'xor'> <InPorts = 2> <OutPorts = 1>
ST_4 : Operation 49 [1/1] (0.00ns) (grouped into LUT with out node carry_65)   --->   "%tmp_207 = bitselect i1 @_ssdm_op_BitSelect.i1.i64.i32, i64 %or_ln95, i32 63" [src/generic/fp_generic.c:29]   --->   Operation 49 'bitselect' 'tmp_207' <Predicate = (!icmp_ln28)> <Delay = 0.00>
ST_4 : Operation 50 [1/1] (0.00ns) (grouped into LUT with out node carry_65)   --->   "%xor_ln29 = xor i1 %tmp_207, i1 1" [src/generic/fp_generic.c:29]   --->   Operation 50 'xor' 'xor_ln29' <Predicate = (!icmp_ln28)> <Delay = 0.00> <CoreInst = "LogicGate">   --->   Core 74 'LogicGate' <Latency = 0> <II = 1> <Delay = 0.97> <FuncUnit> <Opcode : 'and' 'or' 'xor'> <InPorts = 2> <OutPorts = 1>
ST_4 : Operation 51 [1/1] (0.00ns) (grouped into LUT with out node carry_65)   --->   "%and_ln29 = and i1 %carry, i1 %xor_ln29" [src/generic/fp_generic.c:29]   --->   Operation 51 'and' 'and_ln29' <Predicate = (!icmp_ln28)> <Delay = 0.00> <CoreInst = "LogicGate">   --->   Core 74 'LogicGate' <Latency = 0> <II = 1> <Delay = 0.97> <FuncUnit> <Opcode : 'and' 'or' 'xor'> <InPorts = 2> <OutPorts = 1>
ST_4 : Operation 52 [1/1] (0.99ns) (out node of the LUT)   --->   "%carry_65 = or i1 %and_ln29, i1 %tmp" [src/generic/fp_generic.c:29]   --->   Operation 52 'or' 'carry_65' <Predicate = (!icmp_ln28)> <Delay = 0.99> <CoreInst = "LogicGate">   --->   Core 74 'LogicGate' <Latency = 0> <II = 1> <Delay = 0.97> <FuncUnit> <Opcode : 'and' 'or' 'xor'> <InPorts = 2> <OutPorts = 1>
ST_4 : Operation 53 [1/1] (0.00ns)   --->   "%zext_ln29 = zext i1 %carry" [src/generic/fp_generic.c:29]   --->   Operation 53 'zext' 'zext_ln29' <Predicate = (!icmp_ln28)> <Delay = 0.00>
ST_4 : Operation 54 [1/1] (3.52ns)   --->   "%sub_ln29 = sub i64 %tempReg, i64 %zext_ln29" [src/generic/fp_generic.c:29]   --->   Operation 54 'sub' 'sub_ln29' <Predicate = (!icmp_ln28)> <Delay = 3.52> <CoreInst = "Adder">   --->   Core 1 'Adder' <Latency = 0> <II = 1> <Delay = 3.52> <FuncUnit> <Opcode : 'add' 'sub'> <InPorts = 2> <OutPorts = 1>
ST_4 : Operation 55 [1/1] ( I:2.32ns O:2.32ns )   --->   "%store_ln29 = store i64 %sub_ln29, i3 %c_0_addr" [src/generic/fp_generic.c:29]   --->   Operation 55 'store' 'store_ln29' <Predicate = (!trunc_ln28)> <Delay = 2.32> <CoreInst = "RAM">   --->   Core 81 'RAM' <Latency = 1> <II = 1> <Delay = 2.32> <Storage> <Opcode : 'load' 'store'> <Ports = 2> <Width = 64> <Depth = 8> <RAM>
ST_4 : Operation 56 [1/1] (0.00ns)   --->   "%br_ln29 = br void %arrayidx159.exit" [src/generic/fp_generic.c:29]   --->   Operation 56 'br' 'br_ln29' <Predicate = (!trunc_ln28)> <Delay = 0.00>
ST_4 : Operation 57 [1/1] ( I:2.32ns O:2.32ns )   --->   "%store_ln29 = store i64 %sub_ln29, i3 %c_1_addr" [src/generic/fp_generic.c:29]   --->   Operation 57 'store' 'store_ln29' <Predicate = (trunc_ln28)> <Delay = 2.32> <CoreInst = "RAM">   --->   Core 81 'RAM' <Latency = 1> <II = 1> <Delay = 2.32> <Storage> <Opcode : 'load' 'store'> <Ports = 2> <Width = 64> <Depth = 8> <RAM>
ST_4 : Operation 58 [1/1] (0.00ns)   --->   "%br_ln29 = br void %arrayidx159.exit" [src/generic/fp_generic.c:29]   --->   Operation 58 'br' 'br_ln29' <Predicate = (trunc_ln28)> <Delay = 0.00>


============================================================
+ Verbose Summary: Binding
============================================================
STG Binding: 
---------------- STG Properties BEGIN ----------------
- Is combinational: 0
- Is one-state seq: 0
- Is datapath-only: 0
- Is pipelined: 0
- Is top level: 0
Port [ Return ] is wired: 1; IO mode=ap_ctrl_hs:ce=0
Port [ c_0_offset]:  wired=1; compound=0; hidden=0; nouse=0; global=0; static=0; extern=0; dir=0; type=0; pingpong=0; private_global=0; IO mode=ap_none:ce=0
Port [ c_0]:  wired=1; compound=1; hidden=0; nouse=0; global=0; static=0; extern=0; dir=2; type=1; pingpong=0; private_global=0; MemPort=[01]; IO mode=ap_memory:ce=0
Port [ c_1_offset]:  wired=1; compound=0; hidden=0; nouse=0; global=0; static=0; extern=0; dir=0; type=0; pingpong=0; private_global=0; IO mode=ap_none:ce=0
Port [ c_1]:  wired=1; compound=1; hidden=0; nouse=0; global=0; static=0; extern=0; dir=2; type=1; pingpong=0; private_global=0; MemPort=[01]; IO mode=ap_memory:ce=0
Port [ carry_out]:  wired=1; compound=0; hidden=0; nouse=0; global=0; static=0; extern=0; dir=1; type=0; pingpong=0; private_global=0; IO mode=ap_vld:ce=0
Port [ p503x2_1]:  wired=0; compound=1; hidden=1; nouse=0; global=1; static=1; extern=0; dir=0; type=1; pingpong=0; private_global=0; MemPort=[1]; IO mode=ap_memory:ce=0
---------------- STG Properties END ------------------

---------------- Datapath Model BEGIN ----------------

<LifeTime>
<method=bitvector/>
i_137                  (alloca           ) [ 01000]
c_1_offset_read        (read             ) [ 00000]
c_0_offset_read        (read             ) [ 00000]
store_ln20             (store            ) [ 00000]
br_ln0                 (br               ) [ 01110]
i                      (load             ) [ 01100]
icmp_ln28              (icmp             ) [ 01111]
add_ln28               (add              ) [ 00000]
lshr_ln20_5            (partselect       ) [ 00000]
tmp_s                  (bitconcatenate   ) [ 00000]
zext_ln29_12           (zext             ) [ 00000]
c_0_addr               (getelementptr    ) [ 01111]
tmp_519                (bitconcatenate   ) [ 00000]
zext_ln29_14           (zext             ) [ 00000]
c_1_addr               (getelementptr    ) [ 01111]
store_ln20             (store            ) [ 00000]
br_ln28                (br               ) [ 01110]
trunc_ln28             (trunc            ) [ 01011]
trunc_ln28_3           (trunc            ) [ 00000]
c_0_load               (load             ) [ 00000]
c_1_load               (load             ) [ 00000]
select_ln29            (select           ) [ 01010]
zext_ln29_13           (zext             ) [ 00000]
p503x2_1_addr          (getelementptr    ) [ 01010]
br_ln29                (br               ) [ 00000]
carry                  (phi              ) [ 01111]
br_ln28                (br               ) [ 00000]
p503x2_1_load          (load             ) [ 00000]
tempReg                (sub              ) [ 01001]
xor_ln105              (xor              ) [ 00000]
xor_ln105_100          (xor              ) [ 00000]
or_ln105               (or               ) [ 00000]
xor_ln105_101          (xor              ) [ 00000]
tmp                    (bitselect        ) [ 01001]
specpipeline_ln20      (specpipeline     ) [ 00000]
speclooptripcount_ln20 (speclooptripcount) [ 00000]
specloopname_ln28      (specloopname     ) [ 00000]
sub_ln95               (sub              ) [ 00000]
or_ln95                (or               ) [ 00000]
tmp_207                (bitselect        ) [ 00000]
xor_ln29               (xor              ) [ 00000]
and_ln29               (and              ) [ 00000]
carry_65               (or               ) [ 01010]
zext_ln29              (zext             ) [ 00000]
sub_ln29               (sub              ) [ 00000]
store_ln29             (store            ) [ 00000]
br_ln29                (br               ) [ 00000]
store_ln29             (store            ) [ 00000]
br_ln29                (br               ) [ 00000]
write_ln29             (write            ) [ 00000]
ret_ln0                (ret              ) [ 00000]
</LifeTime>

<model>

<comp_list>
<comp id="0" class="1000" name="c_0_offset">
<pin_list>
<pin id="1" dir="1" index="0" bw="1" slack="0"/>
</pin_list>
<bind>
<StgValue><ssdm name="c_0_offset"/></StgValue>
</bind>
</comp>

<comp id="2" class="1000" name="c_0">
<pin_list>
<pin id="3" dir="1" index="0" bw="1" slack="0"/>
</pin_list>
<bind>
<StgValue><ssdm name="c_0"/><MemPortTyVec>0 1 </MemPortTyVec>
</StgValue>
</bind>
</comp>

<comp id="4" class="1000" name="c_1_offset">
<pin_list>
<pin id="5" dir="1" index="0" bw="1" slack="0"/>
</pin_list>
<bind>
<StgValue><ssdm name="c_1_offset"/></StgValue>
</bind>
</comp>

<comp id="6" class="1000" name="c_1">
<pin_list>
<pin id="7" dir="1" index="0" bw="1" slack="0"/>
</pin_list>
<bind>
<StgValue><ssdm name="c_1"/><MemPortTyVec>0 1 </MemPortTyVec>
</StgValue>
</bind>
</comp>

<comp id="8" class="1000" name="carry_out">
<pin_list>
<pin id="9" dir="1" index="0" bw="1" slack="0"/>
</pin_list>
<bind>
<StgValue><ssdm name="carry_out"/></StgValue>
</bind>
</comp>

<comp id="10" class="1000" name="p503x2_1">
<pin_list>
<pin id="11" dir="1" index="0" bw="1" slack="0"/>
</pin_list>
<bind>
<StgValue><ssdm name="p503x2_1"/><MemPortTyVec>1 </MemPortTyVec>
</StgValue>
</bind>
</comp>

<comp id="12" class="1001" name="const_12">
<pin_list>
<pin id="13" dir="1" index="0" bw="1" slack="0"/>
</pin_list>
<bind>
<StgValue><ssdm name=""/></StgValue>
</bind>
</comp>

<comp id="14" class="1001" name="const_14">
<pin_list>
<pin id="15" dir="1" index="0" bw="1" slack="0"/>
</pin_list>
<bind>
<StgValue><ssdm name="_ssdm_op_Read.ap_auto.i1"/></StgValue>
</bind>
</comp>

<comp id="16" class="1001" name="const_16">
<pin_list>
<pin id="17" dir="1" index="0" bw="1" slack="0"/>
</pin_list>
<bind>
<StgValue><ssdm name=""/></StgValue>
</bind>
</comp>

<comp id="18" class="1001" name="const_18">
<pin_list>
<pin id="19" dir="1" index="0" bw="1" slack="0"/>
</pin_list>
<bind>
<StgValue><ssdm name=""/></StgValue>
</bind>
</comp>

<comp id="20" class="1001" name="const_20">
<pin_list>
<pin id="21" dir="1" index="0" bw="1" slack="0"/>
</pin_list>
<bind>
<StgValue><ssdm name=""/></StgValue>
</bind>
</comp>

<comp id="22" class="1001" name="const_22">
<pin_list>
<pin id="23" dir="1" index="0" bw="1" slack="0"/>
</pin_list>
<bind>
<StgValue><ssdm name="_ssdm_op_PartSelect.i2.i4.i32.i32"/></StgValue>
</bind>
</comp>

<comp id="24" class="1001" name="const_24">
<pin_list>
<pin id="25" dir="1" index="0" bw="1" slack="0"/>
</pin_list>
<bind>
<StgValue><ssdm name=""/></StgValue>
</bind>
</comp>

<comp id="26" class="1001" name="const_26">
<pin_list>
<pin id="27" dir="1" index="0" bw="1" slack="0"/>
</pin_list>
<bind>
<StgValue><ssdm name="_ssdm_op_BitConcatenate.i3.i1.i2"/></StgValue>
</bind>
</comp>

<comp id="28" class="1001" name="const_28">
<pin_list>
<pin id="29" dir="1" index="0" bw="1" slack="0"/>
</pin_list>
<bind>
<StgValue><ssdm name=""/></StgValue>
</bind>
</comp>

<comp id="30" class="1001" name="const_30">
<pin_list>
<pin id="31" dir="1" index="0" bw="1" slack="2"/>
</pin_list>
<bind>
<StgValue><ssdm name=""/></StgValue>
</bind>
</comp>

<comp id="32" class="1001" name="const_32">
<pin_list>
<pin id="33" dir="1" index="0" bw="1" slack="0"/>
</pin_list>
<bind>
<StgValue><ssdm name="_ssdm_op_BitSelect.i1.i64.i32"/></StgValue>
</bind>
</comp>

<comp id="34" class="1001" name="const_34">
<pin_list>
<pin id="35" dir="1" index="0" bw="1" slack="0"/>
</pin_list>
<bind>
<StgValue><ssdm name=""/></StgValue>
</bind>
</comp>

<comp id="36" class="1001" name="const_36">
<pin_list>
<pin id="37" dir="1" index="0" bw="1" slack="2147483647"/>
</pin_list>
<bind>
<StgValue><ssdm name="_ssdm_op_SpecPipeline"/></StgValue>
</bind>
</comp>

<comp id="38" class="1001" name="const_38">
<pin_list>
<pin id="39" dir="1" index="0" bw="1" slack="2147483647"/>
</pin_list>
<bind>
<StgValue><ssdm name=""/></StgValue>
</bind>
</comp>

<comp id="40" class="1001" name="const_40">
<pin_list>
<pin id="41" dir="1" index="0" bw="1" slack="2147483647"/>
</pin_list>
<bind>
<StgValue><ssdm name="empty_44"/></StgValue>
</bind>
</comp>

<comp id="42" class="1001" name="const_42">
<pin_list>
<pin id="43" dir="1" index="0" bw="1" slack="2147483647"/>
</pin_list>
<bind>
<StgValue><ssdm name="_ssdm_op_SpecLoopTripCount"/></StgValue>
</bind>
</comp>

<comp id="44" class="1001" name="const_44">
<pin_list>
<pin id="45" dir="1" index="0" bw="1" slack="2147483647"/>
</pin_list>
<bind>
<StgValue><ssdm name=""/></StgValue>
</bind>
</comp>

<comp id="46" class="1001" name="const_46">
<pin_list>
<pin id="47" dir="1" index="0" bw="1" slack="2147483647"/>
</pin_list>
<bind>
<StgValue><ssdm name="_ssdm_op_SpecLoopName"/></StgValue>
</bind>
</comp>

<comp id="48" class="1001" name="const_48">
<pin_list>
<pin id="49" dir="1" index="0" bw="1" slack="2147483647"/>
</pin_list>
<bind>
<StgValue><ssdm name="empty_27"/></StgValue>
</bind>
</comp>

<comp id="50" class="1001" name="const_50">
<pin_list>
<pin id="51" dir="1" index="0" bw="1" slack="0"/>
</pin_list>
<bind>
<StgValue><ssdm name=""/></StgValue>
</bind>
</comp>

<comp id="52" class="1001" name="const_52">
<pin_list>
<pin id="53" dir="1" index="0" bw="1" slack="0"/>
</pin_list>
<bind>
<StgValue><ssdm name=""/></StgValue>
</bind>
</comp>

<comp id="54" class="1001" name="const_54">
<pin_list>
<pin id="55" dir="1" index="0" bw="1" slack="0"/>
</pin_list>
<bind>
<StgValue><ssdm name="_ssdm_op_Write.ap_auto.i1P0A"/></StgValue>
</bind>
</comp>

<comp id="56" class="1004" name="i_137_fu_56">
<pin_list>
<pin id="57" dir="0" index="0" bw="1" slack="0"/>
<pin id="58" dir="1" index="1" bw="4" slack="0"/>
</pin_list>
<bind>
<opcode="alloca(26) " fcode="alloca"/>
<opset="i_137/1 "/>
</bind>
</comp>

<comp id="60" class="1004" name="c_1_offset_read_read_fu_60">
<pin_list>
<pin id="61" dir="0" index="0" bw="1" slack="0"/>
<pin id="62" dir="0" index="1" bw="1" slack="0"/>
<pin id="63" dir="1" index="2" bw="1" slack="0"/>
</pin_list>
<bind>
<opcode="read(1150) " fcode="read"/>
<opset="c_1_offset_read/1 "/>
</bind>
</comp>

<comp id="66" class="1004" name="c_0_offset_read_read_fu_66">
<pin_list>
<pin id="67" dir="0" index="0" bw="1" slack="0"/>
<pin id="68" dir="0" index="1" bw="1" slack="0"/>
<pin id="69" dir="1" index="2" bw="1" slack="0"/>
</pin_list>
<bind>
<opcode="read(1150) " fcode="read"/>
<opset="c_0_offset_read/1 "/>
</bind>
</comp>

<comp id="72" class="1004" name="write_ln29_write_fu_72">
<pin_list>
<pin id="73" dir="0" index="0" bw="0" slack="0"/>
<pin id="74" dir="0" index="1" bw="1" slack="0"/>
<pin id="75" dir="0" index="2" bw="1" slack="0"/>
<pin id="76" dir="1" index="3" bw="0" slack="2147483647"/>
</pin_list>
<bind>
<opcode="write(1151) " fcode="write"/>
<opset="write_ln29/3 "/>
</bind>
</comp>

<comp id="79" class="1004" name="c_0_addr_gep_fu_79">
<pin_list>
<pin id="80" dir="0" index="0" bw="64" slack="0"/>
<pin id="81" dir="0" index="1" bw="1" slack="0"/>
<pin id="82" dir="0" index="2" bw="3" slack="0"/>
<pin id="83" dir="1" index="3" bw="3" slack="0"/>
</pin_list>
<bind>
<opcode="getelementptr(29) " fcode="getelementptr"/>
<opset="c_0_addr/1 "/>
</bind>
</comp>

<comp id="86" class="1004" name="c_1_addr_gep_fu_86">
<pin_list>
<pin id="87" dir="0" index="0" bw="64" slack="0"/>
<pin id="88" dir="0" index="1" bw="1" slack="0"/>
<pin id="89" dir="0" index="2" bw="3" slack="0"/>
<pin id="90" dir="1" index="3" bw="3" slack="0"/>
</pin_list>
<bind>
<opcode="getelementptr(29) " fcode="getelementptr"/>
<opset="c_1_addr/1 "/>
</bind>
</comp>

<comp id="93" class="1004" name="grp_access_fu_93">
<pin_list>
<pin id="94" dir="0" index="0" bw="3" slack="3"/>
<pin id="95" dir="0" index="1" bw="64" slack="0"/>
<pin id="96" dir="0" index="2" bw="0" slack="0"/>
<pin id="98" dir="0" index="4" bw="3" slack="2147483647"/>
<pin id="99" dir="0" index="5" bw="64" slack="2147483647"/>
<pin id="100" dir="0" index="6" bw="0" slack="2147483647"/>
<pin id="97" dir="1" index="3" bw="64" slack="2147483647"/>
<pin id="101" dir="1" index="7" bw="64" slack="0"/>
</pin_list>
<bind>
<opcode="load(27) store(28) " fcode="store"/>
<opset="c_0_load/1 store_ln29/4 "/>
</bind>
</comp>

<comp id="103" class="1004" name="grp_access_fu_103">
<pin_list>
<pin id="104" dir="0" index="0" bw="3" slack="3"/>
<pin id="105" dir="0" index="1" bw="64" slack="0"/>
<pin id="106" dir="0" index="2" bw="0" slack="0"/>
<pin id="108" dir="0" index="4" bw="3" slack="2147483647"/>
<pin id="109" dir="0" index="5" bw="64" slack="2147483647"/>
<pin id="110" dir="0" index="6" bw="0" slack="2147483647"/>
<pin id="107" dir="1" index="3" bw="64" slack="2147483647"/>
<pin id="111" dir="1" index="7" bw="64" slack="0"/>
</pin_list>
<bind>
<opcode="load(27) store(28) " fcode="store"/>
<opset="c_1_load/1 store_ln29/4 "/>
</bind>
</comp>

<comp id="113" class="1004" name="p503x2_1_addr_gep_fu_113">
<pin_list>
<pin id="114" dir="0" index="0" bw="64" slack="0"/>
<pin id="115" dir="0" index="1" bw="1" slack="0"/>
<pin id="116" dir="0" index="2" bw="3" slack="0"/>
<pin id="117" dir="1" index="3" bw="3" slack="0"/>
</pin_list>
<bind>
<opcode="getelementptr(29) " fcode="getelementptr"/>
<opset="p503x2_1_addr/2 "/>
</bind>
</comp>

<comp id="120" class="1004" name="grp_access_fu_120">
<pin_list>
<pin id="121" dir="0" index="0" bw="3" slack="0"/>
<pin id="122" dir="0" index="1" bw="64" slack="2147483647"/>
<pin id="123" dir="0" index="2" bw="0" slack="2147483647"/>
<pin id="124" dir="1" index="3" bw="64" slack="0"/>
</pin_list>
<bind>
<opcode="load(27) " fcode="load"/>
<opset="p503x2_1_load/2 "/>
</bind>
</comp>

<comp id="126" class="1005" name="carry_reg_126">
<pin_list>
<pin id="127" dir="0" index="0" bw="1" slack="1"/>
<pin id="128" dir="1" index="1" bw="1" slack="1"/>
</pin_list>
<bind>
<opset="carry (phireg) "/>
</bind>
</comp>

<comp id="130" class="1004" name="carry_phi_fu_130">
<pin_list>
<pin id="131" dir="0" index="0" bw="1" slack="1"/>
<pin id="132" dir="0" index="1" bw="0" slack="2147483647"/>
<pin id="133" dir="0" index="2" bw="1" slack="2"/>
<pin id="134" dir="0" index="3" bw="0" slack="2147483647"/>
<pin id="135" dir="1" index="4" bw="1" slack="0"/>
</pin_list>
<bind>
<opcode="phi(47) " fcode="phi"/>
<opset="carry/3 "/>
</bind>
</comp>

<comp id="139" class="1004" name="store_ln20_store_fu_139">
<pin_list>
<pin id="140" dir="0" index="0" bw="1" slack="0"/>
<pin id="141" dir="0" index="1" bw="4" slack="0"/>
<pin id="142" dir="1" index="2" bw="0" slack="2147483647"/>
</pin_list>
<bind>
<opcode="store(28) " fcode="store"/>
<opset="store_ln20/1 "/>
</bind>
</comp>

<comp id="144" class="1004" name="i_load_fu_144">
<pin_list>
<pin id="145" dir="0" index="0" bw="4" slack="0"/>
<pin id="146" dir="1" index="1" bw="4" slack="0"/>
</pin_list>
<bind>
<opcode="load(27) " fcode="load"/>
<opset="i/1 "/>
</bind>
</comp>

<comp id="147" class="1004" name="icmp_ln28_fu_147">
<pin_list>
<pin id="148" dir="0" index="0" bw="4" slack="0"/>
<pin id="149" dir="0" index="1" bw="4" slack="0"/>
<pin id="150" dir="1" index="2" bw="1" slack="1"/>
</pin_list>
<bind>
<opcode="icmp(45) " fcode="icmp"/>
<opset="icmp_ln28/1 "/>
</bind>
</comp>

<comp id="153" class="1004" name="add_ln28_fu_153">
<pin_list>
<pin id="154" dir="0" index="0" bw="4" slack="0"/>
<pin id="155" dir="0" index="1" bw="1" slack="0"/>
<pin id="156" dir="1" index="2" bw="4" slack="0"/>
</pin_list>
<bind>
<opcode="add(8) " fcode="add"/>
<opset="add_ln28/1 "/>
</bind>
</comp>

<comp id="159" class="1004" name="lshr_ln20_5_fu_159">
<pin_list>
<pin id="160" dir="0" index="0" bw="2" slack="0"/>
<pin id="161" dir="0" index="1" bw="4" slack="0"/>
<pin id="162" dir="0" index="2" bw="1" slack="0"/>
<pin id="163" dir="0" index="3" bw="3" slack="0"/>
<pin id="164" dir="1" index="4" bw="2" slack="0"/>
</pin_list>
<bind>
<opcode="partselect(1002) " fcode="partselect"/>
<opset="lshr_ln20_5/1 "/>
</bind>
</comp>

<comp id="169" class="1004" name="tmp_s_fu_169">
<pin_list>
<pin id="170" dir="0" index="0" bw="3" slack="0"/>
<pin id="171" dir="0" index="1" bw="1" slack="0"/>
<pin id="172" dir="0" index="2" bw="2" slack="0"/>
<pin id="173" dir="1" index="3" bw="3" slack="0"/>
</pin_list>
<bind>
<opcode="bitconcatenate(1004) " fcode="bitconcatenate"/>
<opset="tmp_s/1 "/>
</bind>
</comp>

<comp id="177" class="1004" name="zext_ln29_12_fu_177">
<pin_list>
<pin id="178" dir="0" index="0" bw="3" slack="0"/>
<pin id="179" dir="1" index="1" bw="32" slack="0"/>
</pin_list>
<bind>
<opcode="zext(34) " fcode="zext"/>
<opset="zext_ln29_12/1 "/>
</bind>
</comp>

<comp id="182" class="1004" name="tmp_519_fu_182">
<pin_list>
<pin id="183" dir="0" index="0" bw="3" slack="0"/>
<pin id="184" dir="0" index="1" bw="1" slack="0"/>
<pin id="185" dir="0" index="2" bw="2" slack="0"/>
<pin id="186" dir="1" index="3" bw="3" slack="0"/>
</pin_list>
<bind>
<opcode="bitconcatenate(1004) " fcode="bitconcatenate"/>
<opset="tmp_519/1 "/>
</bind>
</comp>

<comp id="190" class="1004" name="zext_ln29_14_fu_190">
<pin_list>
<pin id="191" dir="0" index="0" bw="3" slack="0"/>
<pin id="192" dir="1" index="1" bw="32" slack="0"/>
</pin_list>
<bind>
<opcode="zext(34) " fcode="zext"/>
<opset="zext_ln29_14/1 "/>
</bind>
</comp>

<comp id="195" class="1004" name="store_ln20_store_fu_195">
<pin_list>
<pin id="196" dir="0" index="0" bw="4" slack="0"/>
<pin id="197" dir="0" index="1" bw="4" slack="0"/>
<pin id="198" dir="1" index="2" bw="0" slack="2147483647"/>
</pin_list>
<bind>
<opcode="store(28) " fcode="store"/>
<opset="store_ln20/1 "/>
</bind>
</comp>

<comp id="200" class="1004" name="trunc_ln28_fu_200">
<pin_list>
<pin id="201" dir="0" index="0" bw="4" slack="1"/>
<pin id="202" dir="1" index="1" bw="1" slack="0"/>
</pin_list>
<bind>
<opcode="trunc(33) " fcode="trunc"/>
<opset="trunc_ln28/2 "/>
</bind>
</comp>

<comp id="203" class="1004" name="trunc_ln28_3_fu_203">
<pin_list>
<pin id="204" dir="0" index="0" bw="4" slack="1"/>
<pin id="205" dir="1" index="1" bw="3" slack="0"/>
</pin_list>
<bind>
<opcode="trunc(33) " fcode="trunc"/>
<opset="trunc_ln28_3/2 "/>
</bind>
</comp>

<comp id="206" class="1004" name="select_ln29_fu_206">
<pin_list>
<pin id="207" dir="0" index="0" bw="1" slack="0"/>
<pin id="208" dir="0" index="1" bw="64" slack="0"/>
<pin id="209" dir="0" index="2" bw="64" slack="0"/>
<pin id="210" dir="1" index="3" bw="64" slack="1"/>
</pin_list>
<bind>
<opcode="select(49) " fcode="select"/>
<opset="select_ln29/2 "/>
</bind>
</comp>

<comp id="214" class="1004" name="zext_ln29_13_fu_214">
<pin_list>
<pin id="215" dir="0" index="0" bw="3" slack="0"/>
<pin id="216" dir="1" index="1" bw="32" slack="0"/>
</pin_list>
<bind>
<opcode="zext(34) " fcode="zext"/>
<opset="zext_ln29_13/2 "/>
</bind>
</comp>

<comp id="219" class="1004" name="tempReg_fu_219">
<pin_list>
<pin id="220" dir="0" index="0" bw="64" slack="1"/>
<pin id="221" dir="0" index="1" bw="64" slack="0"/>
<pin id="222" dir="1" index="2" bw="64" slack="0"/>
</pin_list>
<bind>
<opcode="sub(10) " fcode="sub"/>
<opset="tempReg/3 "/>
</bind>
</comp>

<comp id="224" class="1004" name="xor_ln105_fu_224">
<pin_list>
<pin id="225" dir="0" index="0" bw="64" slack="0"/>
<pin id="226" dir="0" index="1" bw="64" slack="1"/>
<pin id="227" dir="1" index="2" bw="64" slack="0"/>
</pin_list>
<bind>
<opcode="xor(25) " fcode="xor"/>
<opset="xor_ln105/3 "/>
</bind>
</comp>

<comp id="229" class="1004" name="xor_ln105_100_fu_229">
<pin_list>
<pin id="230" dir="0" index="0" bw="64" slack="0"/>
<pin id="231" dir="0" index="1" bw="64" slack="0"/>
<pin id="232" dir="1" index="2" bw="64" slack="0"/>
</pin_list>
<bind>
<opcode="xor(25) " fcode="xor"/>
<opset="xor_ln105_100/3 "/>
</bind>
</comp>

<comp id="235" class="1004" name="or_ln105_fu_235">
<pin_list>
<pin id="236" dir="0" index="0" bw="64" slack="0"/>
<pin id="237" dir="0" index="1" bw="64" slack="0"/>
<pin id="238" dir="1" index="2" bw="64" slack="0"/>
</pin_list>
<bind>
<opcode="or(24) " fcode="or"/>
<opset="or_ln105/3 "/>
</bind>
</comp>

<comp id="241" class="1004" name="xor_ln105_101_fu_241">
<pin_list>
<pin id="242" dir="0" index="0" bw="64" slack="0"/>
<pin id="243" dir="0" index="1" bw="64" slack="1"/>
<pin id="244" dir="1" index="2" bw="64" slack="0"/>
</pin_list>
<bind>
<opcode="xor(25) " fcode="xor"/>
<opset="xor_ln105_101/3 "/>
</bind>
</comp>

<comp id="246" class="1004" name="tmp_fu_246">
<pin_list>
<pin id="247" dir="0" index="0" bw="1" slack="0"/>
<pin id="248" dir="0" index="1" bw="64" slack="0"/>
<pin id="249" dir="0" index="2" bw="7" slack="0"/>
<pin id="250" dir="1" index="3" bw="1" slack="1"/>
</pin_list>
<bind>
<opcode="bitselect(1000) " fcode="bitselect"/>
<opset="tmp/3 "/>
</bind>
</comp>

<comp id="254" class="1004" name="sub_ln95_fu_254">
<pin_list>
<pin id="255" dir="0" index="0" bw="1" slack="0"/>
<pin id="256" dir="0" index="1" bw="64" slack="1"/>
<pin id="257" dir="1" index="2" bw="64" slack="0"/>
</pin_list>
<bind>
<opcode="sub(10) " fcode="sub"/>
<opset="sub_ln95/4 "/>
</bind>
</comp>

<comp id="259" class="1004" name="or_ln95_fu_259">
<pin_list>
<pin id="260" dir="0" index="0" bw="64" slack="1"/>
<pin id="261" dir="0" index="1" bw="64" slack="0"/>
<pin id="262" dir="1" index="2" bw="64" slack="0"/>
</pin_list>
<bind>
<opcode="or(24) " fcode="or"/>
<opset="or_ln95/4 "/>
</bind>
</comp>

<comp id="264" class="1004" name="tmp_207_fu_264">
<pin_list>
<pin id="265" dir="0" index="0" bw="1" slack="0"/>
<pin id="266" dir="0" index="1" bw="64" slack="0"/>
<pin id="267" dir="0" index="2" bw="7" slack="0"/>
<pin id="268" dir="1" index="3" bw="1" slack="0"/>
</pin_list>
<bind>
<opcode="bitselect(1000) " fcode="bitselect"/>
<opset="tmp_207/4 "/>
</bind>
</comp>

<comp id="272" class="1004" name="xor_ln29_fu_272">
<pin_list>
<pin id="273" dir="0" index="0" bw="1" slack="0"/>
<pin id="274" dir="0" index="1" bw="1" slack="0"/>
<pin id="275" dir="1" index="2" bw="1" slack="0"/>
</pin_list>
<bind>
<opcode="xor(25) " fcode="xor"/>
<opset="xor_ln29/4 "/>
</bind>
</comp>

<comp id="278" class="1004" name="and_ln29_fu_278">
<pin_list>
<pin id="279" dir="0" index="0" bw="1" slack="1"/>
<pin id="280" dir="0" index="1" bw="1" slack="0"/>
<pin id="281" dir="1" index="2" bw="1" slack="0"/>
</pin_list>
<bind>
<opcode="and(23) " fcode="and"/>
<opset="and_ln29/4 "/>
</bind>
</comp>

<comp id="284" class="1004" name="carry_65_fu_284">
<pin_list>
<pin id="285" dir="0" index="0" bw="1" slack="0"/>
<pin id="286" dir="0" index="1" bw="1" slack="1"/>
<pin id="287" dir="1" index="2" bw="1" slack="1"/>
</pin_list>
<bind>
<opcode="or(24) " fcode="or"/>
<opset="carry_65/4 "/>
</bind>
</comp>

<comp id="289" class="1004" name="zext_ln29_fu_289">
<pin_list>
<pin id="290" dir="0" index="0" bw="1" slack="1"/>
<pin id="291" dir="1" index="1" bw="64" slack="0"/>
</pin_list>
<bind>
<opcode="zext(34) " fcode="zext"/>
<opset="zext_ln29/4 "/>
</bind>
</comp>

<comp id="293" class="1004" name="sub_ln29_fu_293">
<pin_list>
<pin id="294" dir="0" index="0" bw="64" slack="1"/>
<pin id="295" dir="0" index="1" bw="1" slack="0"/>
<pin id="296" dir="1" index="2" bw="64" slack="0"/>
</pin_list>
<bind>
<opcode="sub(10) " fcode="sub"/>
<opset="sub_ln29/4 "/>
</bind>
</comp>

<comp id="300" class="1005" name="i_137_reg_300">
<pin_list>
<pin id="301" dir="0" index="0" bw="4" slack="0"/>
<pin id="302" dir="1" index="1" bw="4" slack="0"/>
</pin_list>
<bind>
<opset="i_137 "/>
</bind>
</comp>

<comp id="307" class="1005" name="i_reg_307">
<pin_list>
<pin id="308" dir="0" index="0" bw="4" slack="1"/>
<pin id="309" dir="1" index="1" bw="4" slack="1"/>
</pin_list>
<bind>
<opset="i "/>
</bind>
</comp>

<comp id="313" class="1005" name="icmp_ln28_reg_313">
<pin_list>
<pin id="314" dir="0" index="0" bw="1" slack="1"/>
<pin id="315" dir="1" index="1" bw="1" slack="2147483647"/>
</pin_list>
<bind>
<opset="icmp_ln28 "/>
</bind>
</comp>

<comp id="317" class="1005" name="c_0_addr_reg_317">
<pin_list>
<pin id="318" dir="0" index="0" bw="3" slack="1"/>
<pin id="319" dir="1" index="1" bw="3" slack="1"/>
</pin_list>
<bind>
<opset="c_0_addr "/>
</bind>
</comp>

<comp id="323" class="1005" name="c_1_addr_reg_323">
<pin_list>
<pin id="324" dir="0" index="0" bw="3" slack="1"/>
<pin id="325" dir="1" index="1" bw="3" slack="1"/>
</pin_list>
<bind>
<opset="c_1_addr "/>
</bind>
</comp>

<comp id="329" class="1005" name="trunc_ln28_reg_329">
<pin_list>
<pin id="330" dir="0" index="0" bw="1" slack="2"/>
<pin id="331" dir="1" index="1" bw="1" slack="2147483647"/>
</pin_list>
<bind>
<opset="trunc_ln28 "/>
</bind>
</comp>

<comp id="333" class="1005" name="select_ln29_reg_333">
<pin_list>
<pin id="334" dir="0" index="0" bw="64" slack="1"/>
<pin id="335" dir="1" index="1" bw="64" slack="1"/>
</pin_list>
<bind>
<opset="select_ln29 "/>
</bind>
</comp>

<comp id="340" class="1005" name="p503x2_1_addr_reg_340">
<pin_list>
<pin id="341" dir="0" index="0" bw="3" slack="1"/>
<pin id="342" dir="1" index="1" bw="3" slack="1"/>
</pin_list>
<bind>
<opset="p503x2_1_addr "/>
</bind>
</comp>

<comp id="345" class="1005" name="tempReg_reg_345">
<pin_list>
<pin id="346" dir="0" index="0" bw="64" slack="1"/>
<pin id="347" dir="1" index="1" bw="64" slack="1"/>
</pin_list>
<bind>
<opset="tempReg "/>
</bind>
</comp>

<comp id="352" class="1005" name="tmp_reg_352">
<pin_list>
<pin id="353" dir="0" index="0" bw="1" slack="1"/>
<pin id="354" dir="1" index="1" bw="1" slack="1"/>
</pin_list>
<bind>
<opset="tmp "/>
</bind>
</comp>

<comp id="357" class="1005" name="carry_65_reg_357">
<pin_list>
<pin id="358" dir="0" index="0" bw="1" slack="1"/>
<pin id="359" dir="1" index="1" bw="1" slack="1"/>
</pin_list>
<bind>
<opset="carry_65 "/>
</bind>
</comp>

</comp_list>

<net_list>
<net id="59"><net_src comp="12" pin="0"/><net_sink comp="56" pin=0"/></net>

<net id="64"><net_src comp="14" pin="0"/><net_sink comp="60" pin=0"/></net>

<net id="65"><net_src comp="4" pin="0"/><net_sink comp="60" pin=1"/></net>

<net id="70"><net_src comp="14" pin="0"/><net_sink comp="66" pin=0"/></net>

<net id="71"><net_src comp="0" pin="0"/><net_sink comp="66" pin=1"/></net>

<net id="77"><net_src comp="54" pin="0"/><net_sink comp="72" pin=0"/></net>

<net id="78"><net_src comp="8" pin="0"/><net_sink comp="72" pin=1"/></net>

<net id="84"><net_src comp="2" pin="0"/><net_sink comp="79" pin=0"/></net>

<net id="85"><net_src comp="28" pin="0"/><net_sink comp="79" pin=1"/></net>

<net id="91"><net_src comp="6" pin="0"/><net_sink comp="86" pin=0"/></net>

<net id="92"><net_src comp="28" pin="0"/><net_sink comp="86" pin=1"/></net>

<net id="102"><net_src comp="79" pin="3"/><net_sink comp="93" pin=2"/></net>

<net id="112"><net_src comp="86" pin="3"/><net_sink comp="103" pin=2"/></net>

<net id="118"><net_src comp="10" pin="0"/><net_sink comp="113" pin=0"/></net>

<net id="119"><net_src comp="28" pin="0"/><net_sink comp="113" pin=1"/></net>

<net id="125"><net_src comp="113" pin="3"/><net_sink comp="120" pin=0"/></net>

<net id="129"><net_src comp="30" pin="0"/><net_sink comp="126" pin=0"/></net>

<net id="136"><net_src comp="126" pin="1"/><net_sink comp="130" pin=2"/></net>

<net id="137"><net_src comp="130" pin="4"/><net_sink comp="126" pin=0"/></net>

<net id="138"><net_src comp="130" pin="4"/><net_sink comp="72" pin=2"/></net>

<net id="143"><net_src comp="16" pin="0"/><net_sink comp="139" pin=0"/></net>

<net id="151"><net_src comp="144" pin="1"/><net_sink comp="147" pin=0"/></net>

<net id="152"><net_src comp="18" pin="0"/><net_sink comp="147" pin=1"/></net>

<net id="157"><net_src comp="144" pin="1"/><net_sink comp="153" pin=0"/></net>

<net id="158"><net_src comp="20" pin="0"/><net_sink comp="153" pin=1"/></net>

<net id="165"><net_src comp="22" pin="0"/><net_sink comp="159" pin=0"/></net>

<net id="166"><net_src comp="144" pin="1"/><net_sink comp="159" pin=1"/></net>

<net id="167"><net_src comp="12" pin="0"/><net_sink comp="159" pin=2"/></net>

<net id="168"><net_src comp="24" pin="0"/><net_sink comp="159" pin=3"/></net>

<net id="174"><net_src comp="26" pin="0"/><net_sink comp="169" pin=0"/></net>

<net id="175"><net_src comp="66" pin="2"/><net_sink comp="169" pin=1"/></net>

<net id="176"><net_src comp="159" pin="4"/><net_sink comp="169" pin=2"/></net>

<net id="180"><net_src comp="169" pin="3"/><net_sink comp="177" pin=0"/></net>

<net id="181"><net_src comp="177" pin="1"/><net_sink comp="79" pin=2"/></net>

<net id="187"><net_src comp="26" pin="0"/><net_sink comp="182" pin=0"/></net>

<net id="188"><net_src comp="60" pin="2"/><net_sink comp="182" pin=1"/></net>

<net id="189"><net_src comp="159" pin="4"/><net_sink comp="182" pin=2"/></net>

<net id="193"><net_src comp="182" pin="3"/><net_sink comp="190" pin=0"/></net>

<net id="194"><net_src comp="190" pin="1"/><net_sink comp="86" pin=2"/></net>

<net id="199"><net_src comp="153" pin="2"/><net_sink comp="195" pin=0"/></net>

<net id="211"><net_src comp="200" pin="1"/><net_sink comp="206" pin=0"/></net>

<net id="212"><net_src comp="103" pin="7"/><net_sink comp="206" pin=1"/></net>

<net id="213"><net_src comp="93" pin="7"/><net_sink comp="206" pin=2"/></net>

<net id="217"><net_src comp="203" pin="1"/><net_sink comp="214" pin=0"/></net>

<net id="218"><net_src comp="214" pin="1"/><net_sink comp="113" pin=2"/></net>

<net id="223"><net_src comp="120" pin="3"/><net_sink comp="219" pin=1"/></net>

<net id="228"><net_src comp="120" pin="3"/><net_sink comp="224" pin=0"/></net>

<net id="233"><net_src comp="120" pin="3"/><net_sink comp="229" pin=0"/></net>

<net id="234"><net_src comp="219" pin="2"/><net_sink comp="229" pin=1"/></net>

<net id="239"><net_src comp="229" pin="2"/><net_sink comp="235" pin=0"/></net>

<net id="240"><net_src comp="224" pin="2"/><net_sink comp="235" pin=1"/></net>

<net id="245"><net_src comp="235" pin="2"/><net_sink comp="241" pin=0"/></net>

<net id="251"><net_src comp="32" pin="0"/><net_sink comp="246" pin=0"/></net>

<net id="252"><net_src comp="241" pin="2"/><net_sink comp="246" pin=1"/></net>

<net id="253"><net_src comp="34" pin="0"/><net_sink comp="246" pin=2"/></net>

<net id="258"><net_src comp="50" pin="0"/><net_sink comp="254" pin=0"/></net>

<net id="263"><net_src comp="254" pin="2"/><net_sink comp="259" pin=1"/></net>

<net id="269"><net_src comp="32" pin="0"/><net_sink comp="264" pin=0"/></net>

<net id="270"><net_src comp="259" pin="2"/><net_sink comp="264" pin=1"/></net>

<net id="271"><net_src comp="34" pin="0"/><net_sink comp="264" pin=2"/></net>

<net id="276"><net_src comp="264" pin="3"/><net_sink comp="272" pin=0"/></net>

<net id="277"><net_src comp="52" pin="0"/><net_sink comp="272" pin=1"/></net>

<net id="282"><net_src comp="126" pin="1"/><net_sink comp="278" pin=0"/></net>

<net id="283"><net_src comp="272" pin="2"/><net_sink comp="278" pin=1"/></net>

<net id="288"><net_src comp="278" pin="2"/><net_sink comp="284" pin=0"/></net>

<net id="292"><net_src comp="126" pin="1"/><net_sink comp="289" pin=0"/></net>

<net id="297"><net_src comp="289" pin="1"/><net_sink comp="293" pin=1"/></net>

<net id="298"><net_src comp="293" pin="2"/><net_sink comp="93" pin=1"/></net>

<net id="299"><net_src comp="293" pin="2"/><net_sink comp="103" pin=1"/></net>

<net id="303"><net_src comp="56" pin="1"/><net_sink comp="300" pin=0"/></net>

<net id="304"><net_src comp="300" pin="1"/><net_sink comp="139" pin=1"/></net>

<net id="305"><net_src comp="300" pin="1"/><net_sink comp="144" pin=0"/></net>

<net id="306"><net_src comp="300" pin="1"/><net_sink comp="195" pin=1"/></net>

<net id="310"><net_src comp="144" pin="1"/><net_sink comp="307" pin=0"/></net>

<net id="311"><net_src comp="307" pin="1"/><net_sink comp="200" pin=0"/></net>

<net id="312"><net_src comp="307" pin="1"/><net_sink comp="203" pin=0"/></net>

<net id="316"><net_src comp="147" pin="2"/><net_sink comp="313" pin=0"/></net>

<net id="320"><net_src comp="79" pin="3"/><net_sink comp="317" pin=0"/></net>

<net id="321"><net_src comp="317" pin="1"/><net_sink comp="93" pin=2"/></net>

<net id="322"><net_src comp="317" pin="1"/><net_sink comp="93" pin=0"/></net>

<net id="326"><net_src comp="86" pin="3"/><net_sink comp="323" pin=0"/></net>

<net id="327"><net_src comp="323" pin="1"/><net_sink comp="103" pin=2"/></net>

<net id="328"><net_src comp="323" pin="1"/><net_sink comp="103" pin=0"/></net>

<net id="332"><net_src comp="200" pin="1"/><net_sink comp="329" pin=0"/></net>

<net id="336"><net_src comp="206" pin="3"/><net_sink comp="333" pin=0"/></net>

<net id="337"><net_src comp="333" pin="1"/><net_sink comp="219" pin=0"/></net>

<net id="338"><net_src comp="333" pin="1"/><net_sink comp="224" pin=1"/></net>

<net id="339"><net_src comp="333" pin="1"/><net_sink comp="241" pin=1"/></net>

<net id="343"><net_src comp="113" pin="3"/><net_sink comp="340" pin=0"/></net>

<net id="344"><net_src comp="340" pin="1"/><net_sink comp="120" pin=0"/></net>

<net id="348"><net_src comp="219" pin="2"/><net_sink comp="345" pin=0"/></net>

<net id="349"><net_src comp="345" pin="1"/><net_sink comp="254" pin=1"/></net>

<net id="350"><net_src comp="345" pin="1"/><net_sink comp="259" pin=0"/></net>

<net id="351"><net_src comp="345" pin="1"/><net_sink comp="293" pin=0"/></net>

<net id="355"><net_src comp="246" pin="3"/><net_sink comp="352" pin=0"/></net>

<net id="356"><net_src comp="352" pin="1"/><net_sink comp="284" pin=1"/></net>

<net id="360"><net_src comp="284" pin="2"/><net_sink comp="357" pin=0"/></net>

<net id="361"><net_src comp="357" pin="1"/><net_sink comp="130" pin=0"/></net>

</net_list>

</model> 
---------------- Datapath Model END ------------------

* FSMD analyzer results:
  - Output states:
	Port: c_0 | {4 }
	Port: c_1 | {4 }
	Port: carry_out | {3 }
	Port: p503x2_1 | {}
 - Input state : 
	Port: fpadd503.58.60_Pipeline_VITIS_LOOP_28_2 : c_0_offset | {1 }
	Port: fpadd503.58.60_Pipeline_VITIS_LOOP_28_2 : c_0 | {1 2 }
	Port: fpadd503.58.60_Pipeline_VITIS_LOOP_28_2 : c_1_offset | {1 }
	Port: fpadd503.58.60_Pipeline_VITIS_LOOP_28_2 : c_1 | {1 2 }
	Port: fpadd503.58.60_Pipeline_VITIS_LOOP_28_2 : p503x2_1 | {2 3 }
  - Chain level:
	State 1
		store_ln20 : 1
		i : 1
		icmp_ln28 : 2
		add_ln28 : 2
		lshr_ln20_5 : 2
		tmp_s : 3
		zext_ln29_12 : 4
		c_0_addr : 5
		tmp_519 : 3
		zext_ln29_14 : 4
		c_1_addr : 5
		c_0_load : 6
		c_1_load : 6
		store_ln20 : 3
	State 2
		select_ln29 : 1
		zext_ln29_13 : 1
		p503x2_1_addr : 2
		p503x2_1_load : 3
		br_ln29 : 1
	State 3
		tempReg : 1
		xor_ln105 : 1
		xor_ln105_100 : 2
		or_ln105 : 2
		xor_ln105_101 : 2
		tmp : 2
		write_ln29 : 1
	State 4
		or_ln95 : 1
		tmp_207 : 1
		xor_ln29 : 2
		and_ln29 : 2
		carry_65 : 2
		sub_ln29 : 1
		store_ln29 : 2
		store_ln29 : 2


============================================================
+ Verbose Summary: Datapath Resource usage 
============================================================

* Functional unit list:
|----------|----------------------------|---------|---------|
| Operation|       Functional Unit      |    FF   |   LUT   |
|----------|----------------------------|---------|---------|
|          |       tempReg_fu_219       |    0    |    71   |
|    sub   |       sub_ln95_fu_254      |    0    |    71   |
|          |       sub_ln29_fu_293      |    0    |    71   |
|----------|----------------------------|---------|---------|
|          |      xor_ln105_fu_224      |    0    |    64   |
|    xor   |    xor_ln105_100_fu_229    |    0    |    64   |
|          |    xor_ln105_101_fu_241    |    0    |    64   |
|          |       xor_ln29_fu_272      |    0    |    2    |
|----------|----------------------------|---------|---------|
|          |       or_ln105_fu_235      |    0    |    64   |
|    or    |       or_ln95_fu_259       |    0    |    64   |
|          |       carry_65_fu_284      |    0    |    2    |
|----------|----------------------------|---------|---------|
|  select  |     select_ln29_fu_206     |    0    |    64   |
|----------|----------------------------|---------|---------|
|   icmp   |      icmp_ln28_fu_147      |    0    |    13   |
|----------|----------------------------|---------|---------|
|    add   |       add_ln28_fu_153      |    0    |    13   |
|----------|----------------------------|---------|---------|
|    and   |       and_ln29_fu_278      |    0    |    2    |
|----------|----------------------------|---------|---------|
|   read   | c_1_offset_read_read_fu_60 |    0    |    0    |
|          | c_0_offset_read_read_fu_66 |    0    |    0    |
|----------|----------------------------|---------|---------|
|   write  |   write_ln29_write_fu_72   |    0    |    0    |
|----------|----------------------------|---------|---------|
|partselect|     lshr_ln20_5_fu_159     |    0    |    0    |
|----------|----------------------------|---------|---------|
|bitconcatenate|        tmp_s_fu_169        |    0    |    0    |
|          |       tmp_519_fu_182       |    0    |    0    |
|----------|----------------------------|---------|---------|
|          |     zext_ln29_12_fu_177    |    0    |    0    |
|   zext   |     zext_ln29_14_fu_190    |    0    |    0    |
|          |     zext_ln29_13_fu_214    |    0    |    0    |
|          |      zext_ln29_fu_289      |    0    |    0    |
|----------|----------------------------|---------|---------|
|   trunc  |      trunc_ln28_fu_200     |    0    |    0    |
|          |     trunc_ln28_3_fu_203    |    0    |    0    |
|----------|----------------------------|---------|---------|
| bitselect|         tmp_fu_246         |    0    |    0    |
|          |       tmp_207_fu_264       |    0    |    0    |
|----------|----------------------------|---------|---------|
|   Total  |                            |    0    |   629   |
|----------|----------------------------|---------|---------|

Memories:
N/A

* Register list:
+---------------------+--------+
|                     |   FF   |
+---------------------+--------+
|   c_0_addr_reg_317  |    3   |
|   c_1_addr_reg_323  |    3   |
|   carry_65_reg_357  |    1   |
|    carry_reg_126    |    1   |
|    i_137_reg_300    |    4   |
|      i_reg_307      |    4   |
|  icmp_ln28_reg_313  |    1   |
|p503x2_1_addr_reg_340|    3   |
| select_ln29_reg_333 |   64   |
|   tempReg_reg_345   |   64   |
|     tmp_reg_352     |    1   |
|  trunc_ln28_reg_329 |    1   |
+---------------------+--------+
|        Total        |   150  |
+---------------------+--------+

* Multiplexer (MUX) list: 
|-------------------|------|------|------|--------||---------||---------||---------|
|        Comp       |  Pin | Size |  BW  | S x BW ||  Delay  ||    FF   ||   LUT   |
|-------------------|------|------|------|--------||---------||---------||---------|
|  grp_access_fu_93 |  p2  |   2  |   0  |    0   ||    0    ||    9    |
| grp_access_fu_103 |  p2  |   2  |   0  |    0   ||    0    ||    9    |
| grp_access_fu_120 |  p0  |   2  |   3  |    6   ||    0    ||    9    |
|   carry_reg_126   |  p0  |   2  |   1  |    2   ||    0    ||    9    |
|-------------------|------|------|------|--------||---------||---------||---------|
|       Total       |      |      |      |    8   ||  6.352  ||    0    ||    36   |
|-------------------|------|------|------|--------||---------||---------||---------|



* Summary:
+-----------+--------+--------+--------+
|           |  Delay |   FF   |   LUT  |
+-----------+--------+--------+--------+
|  Function |    -   |    0   |   629  |
|   Memory  |    -   |    -   |    -   |
|Multiplexer|    6   |    0   |   36   |
|  Register |    -   |   150  |    -   |
+-----------+--------+--------+--------+
|   Total   |    6   |   150  |   665  |
+-----------+--------+--------+--------+
