

================================================================
== Vitis HLS Report for 'fpadd503_3_Pipeline_VITIS_LOOP_28_2'
================================================================
* Date:           Tue May 20 14:36:15 2025

* Version:        2024.2.2 (Build 6049644 on Mar  5 2025)
* Project:        sikep503_hls
* Solution:       solution1 (Vivado IP Flow Target)
* Product family: zynq
* Target device:  xc7z020-clg484-1


================================================================
== Performance Estimates
================================================================
+ Timing: 
    * Summary: 
    +--------+----------+----------+------------+
    |  Clock |  Target  | Estimated| Uncertainty|
    +--------+----------+----------+------------+
    |ap_clk  |  10.00 ns|  6.774 ns|     2.70 ns|
    +--------+----------+----------+------------+

+ Latency: 
    * Summary: 
    +---------+---------+----------+----------+-----+-----+------------------------------------------------+
    |  Latency (cycles) |  Latency (absolute) |  Interval |                    Pipeline                    |
    |   min   |   max   |    min   |    max   | min | max |                      Type                      |
    +---------+---------+----------+----------+-----+-----+------------------------------------------------+
    |       11|       11|  0.110 us|  0.110 us|    9|    9|  loop auto-rewind stp (delay=0 clock cycles(s))|
    +---------+---------+----------+----------+-----+-----+------------------------------------------------+

    + Detail: 
        * Instance: 
        N/A

        * Loop: 
        +-------------------+---------+---------+----------+-----------+-----------+------+----------+
        |                   |  Latency (cycles) | Iteration|  Initiation Interval  | Trip |          |
        |     Loop Name     |   min   |   max   |  Latency |  achieved |   target  | Count| Pipelined|
        +-------------------+---------+---------+----------+-----------+-----------+------+----------+
        |- VITIS_LOOP_28_2  |        9|        9|         3|          1|          1|     8|       yes|
        +-------------------+---------+---------+----------+-----------+-----------+------+----------+



================================================================
== Utilization Estimates
================================================================
* Summary: 
+-----------------+---------+-----+--------+-------+-----+
|       Name      | BRAM_18K| DSP |   FF   |  LUT  | URAM|
+-----------------+---------+-----+--------+-------+-----+
|DSP              |        -|    -|       -|      -|    -|
|Expression       |        -|    -|       0|    567|    -|
|FIFO             |        -|    -|       -|      -|    -|
|Instance         |        -|    -|       -|      -|    -|
|Memory           |        0|    -|      64|      8|    -|
|Multiplexer      |        -|    -|       0|     54|    -|
|Register         |        -|    -|     210|      -|    -|
+-----------------+---------+-----+--------+-------+-----+
|Total            |        0|    0|     274|    629|    0|
+-----------------+---------+-----+--------+-------+-----+
|Available        |      280|  220|  106400|  53200|    0|
+-----------------+---------+-----+--------+-------+-----+
|Utilization (%)  |        0|    0|      ~0|      1|    0|
+-----------------+---------+-----+--------+-------+-----+

+ Detail: 
    * Instance: 
    N/A

    * DSP: 
    N/A

    * Memory: 
    +------------+--------------------------------------------------------------+---------+----+----+-----+------+-----+------+-------------+
    |   Memory   |                            Module                            | BRAM_18K| FF | LUT| URAM| Words| Bits| Banks| W*Bits*Banks|
    +------------+--------------------------------------------------------------+---------+----+----+-----+------+-----+------+-------------+
    |p503x2_1_U  |fpadd503_149_3_Pipeline_VITIS_LOOP_28_2_p503x2_1_ROM_AUTO_1R  |        0|  64|   8|    0|     8|   64|     1|          512|
    +------------+--------------------------------------------------------------+---------+----+----+-----+------+-----+------+-------------+
    |Total       |                                                              |        0|  64|   8|    0|     8|   64|     1|          512|
    +------------+--------------------------------------------------------------+---------+----+----+-----+------+-----+------+-------------+

    * FIFO: 
    N/A

    * Expression: 
    +-------------------------+----------+----+---+----+------------+------------+
    |      Variable Name      | Operation| DSP| FF| LUT| Bitwidth P0| Bitwidth P1|
    +-------------------------+----------+----+---+----+------------+------------+
    |add_ln28_fu_116_p2       |         +|   0|  0|  13|           4|           1|
    |sub_ln29_fu_210_p2       |         -|   0|  0|  71|          64|          64|
    |sub_ln95_fu_170_p2       |         -|   0|  0|  71|           1|          64|
    |tempReg_fu_137_p2        |         -|   0|  0|  71|          64|          64|
    |and_ln29_fu_194_p2       |       and|   0|  0|   2|           1|           1|
    |icmp_ln28_fu_110_p2      |      icmp|   0|  0|  13|           4|           5|
    |borrowReg_fu_200_p2      |        or|   0|  0|   2|           1|           1|
    |or_ln105_fu_151_p2       |        or|   0|  0|  64|          64|          64|
    |or_ln95_fu_175_p2        |        or|   0|  0|  64|          64|          64|
    |ap_enable_pp0            |       xor|   0|  0|   2|           1|           2|
    |xor_ln105_106_fu_147_p2  |       xor|   0|  0|  64|          64|          64|
    |xor_ln105_107_fu_157_p2  |       xor|   0|  0|  64|          64|          64|
    |xor_ln105_fu_143_p2      |       xor|   0|  0|  64|          64|          64|
    |xor_ln29_fu_188_p2       |       xor|   0|  0|   2|           1|           2|
    +-------------------------+----------+----+---+----+------------+------------+
    |Total                    |          |   0|  0| 567|         461|         524|
    +-------------------------+----------+----+---+----+------------+------------+

    * Multiplexer: 
    +-------------------------+----+-----------+-----+-----------+
    |           Name          | LUT| Input Size| Bits| Total Bits|
    +-------------------------+----+-----------+-----+-----------+
    |ap_done_int              |   9|          2|    1|          2|
    |ap_enable_reg_pp0_iter2  |   9|          2|    1|          2|
    |ap_sig_allocacmp_i       |   9|          2|    4|          8|
    |carry_reg_89             |   9|          2|    1|          2|
    |coeff_we0_local          |   9|          2|    8|         16|
    |i_143_fu_48              |   9|          2|    4|          8|
    +-------------------------+----+-----------+-----+-----------+
    |Total                    |  54|         12|   19|         38|
    +-------------------------+----+-----------+-----+-----------+

    * Register: 
    +----------------------------------+----+----+-----+-----------+
    |               Name               | FF | LUT| Bits| Const Bits|
    +----------------------------------+----+----+-----+-----------+
    |ap_CS_fsm                         |   1|   0|    1|          0|
    |ap_done_reg                       |   1|   0|    1|          0|
    |ap_enable_reg_pp0_iter1           |   1|   0|    1|          0|
    |ap_enable_reg_pp0_iter2           |   1|   0|    1|          0|
    |ap_loop_exit_ready_pp0_iter1_reg  |   1|   0|    1|          0|
    |carry_reg_89                      |   1|   0|    1|          0|
    |coeff_addr_reg_227                |   3|   0|    6|          3|
    |coeff_addr_reg_227_pp0_iter1_reg  |   3|   0|    6|          3|
    |coeff_load_reg_238                |  64|   0|   64|          0|
    |i_143_fu_48                       |   4|   0|    4|          0|
    |icmp_ln28_reg_223                 |   1|   0|    1|          0|
    |icmp_ln28_reg_223_pp0_iter1_reg   |   1|   0|    1|          0|
    |p503x2_1_load_reg_244             |  64|   0|   64|          0|
    |tempReg_reg_250                   |  64|   0|   64|          0|
    +----------------------------------+----+----+-----+-----------+
    |Total                             | 210|   0|  216|          6|
    +----------------------------------+----+----+-----+-----------+



================================================================
== Interface
================================================================
* Summary: 
+----------------------+-----+-----+------------+-------------------------------------+--------------+
|       RTL Ports      | Dir | Bits|  Protocol  |            Source Object            |    C Type    |
+----------------------+-----+-----+------------+-------------------------------------+--------------+
|ap_clk                |   in|    1|  ap_ctrl_hs|  fpadd503.3_Pipeline_VITIS_LOOP_28_2|  return value|
|ap_rst                |   in|    1|  ap_ctrl_hs|  fpadd503.3_Pipeline_VITIS_LOOP_28_2|  return value|
|ap_start              |   in|    1|  ap_ctrl_hs|  fpadd503.3_Pipeline_VITIS_LOOP_28_2|  return value|
|ap_done               |  out|    1|  ap_ctrl_hs|  fpadd503.3_Pipeline_VITIS_LOOP_28_2|  return value|
|ap_idle               |  out|    1|  ap_ctrl_hs|  fpadd503.3_Pipeline_VITIS_LOOP_28_2|  return value|
|ap_ready              |  out|    1|  ap_ctrl_hs|  fpadd503.3_Pipeline_VITIS_LOOP_28_2|  return value|
|coeff_address0        |  out|    6|   ap_memory|                                coeff|         array|
|coeff_ce0             |  out|    1|   ap_memory|                                coeff|         array|
|coeff_we0             |  out|    8|   ap_memory|                                coeff|         array|
|coeff_d0              |  out|   64|   ap_memory|                                coeff|         array|
|coeff_address1        |  out|    6|   ap_memory|                                coeff|         array|
|coeff_ce1             |  out|    1|   ap_memory|                                coeff|         array|
|coeff_q1              |   in|   64|   ap_memory|                                coeff|         array|
|carry_181_out         |  out|    1|      ap_vld|                        carry_181_out|       pointer|
|carry_181_out_ap_vld  |  out|    1|      ap_vld|                        carry_181_out|       pointer|
+----------------------+-----+-----+------------+-------------------------------------+--------------+

============================================================
+ Verbose Summary: Synthesis Manager
============================================================
InlineROM: 1
ExposeGlobal: 0
============================================================
+ Verbose Summary: CDFG Model
============================================================
IsTopModel: 0
ResetActiveHigh: 1
IsCombinational: 2
IsDatapathOnly: 2
HasWiredReturn: 1
HasMFsm: 2
HasVarLatency: 1
IsPipeline: 0
IsRtlPipelined: 0
IsInstanceOverlapped: 0
IsDontTouch: 0
HasImplIP: 0
IsGatedGlobalClock: 0

+ Individual pipeline summary: 
  * Pipeline-0: initiation interval (II) = 1, depth = 3


============================================================
+ Verbose Summary: Schedule
============================================================
* Number of FSM states : 3
* Pipeline : 1
  Pipeline-0 : II = 1, D = 3, States = { 1 2 3 }
* Dataflow Pipeline: 0

* FSM state transitions: 
1 --> 2 
2 --> 3 
3 --> 

* FSM state operations: 

State 1 <SV = 0> <Delay = 4.91>
ST_1 : Operation 6 [1/1] (0.00ns)   --->   "%i_143 = alloca i32 1" [src/generic/fp_generic.c:20]   --->   Operation 6 'alloca' 'i_143' <Predicate = true> <Delay = 0.00>
ST_1 : Operation 7 [1/1] (0.00ns)   --->   "%specbramwithbyteenable_ln0 = specbramwithbyteenable void @_ssdm_op_SpecBRAMWithByteEnable, i64 %coeff"   --->   Operation 7 'specbramwithbyteenable' 'specbramwithbyteenable_ln0' <Predicate = true> <Delay = 0.00>
ST_1 : Operation 8 [1/1] (1.58ns)   --->   "%store_ln20 = store i4 0, i4 %i_143" [src/generic/fp_generic.c:20]   --->   Operation 8 'store' 'store_ln20' <Predicate = true> <Delay = 1.58>
ST_1 : Operation 9 [1/1] (1.58ns)   --->   "%br_ln0 = br void %for.inc29"   --->   Operation 9 'br' 'br_ln0' <Predicate = true> <Delay = 1.58>
ST_1 : Operation 10 [1/1] (0.00ns)   --->   "%i = load i4 %i_143" [src/generic/fp_generic.c:29]   --->   Operation 10 'load' 'i' <Predicate = true> <Delay = 0.00>
ST_1 : Operation 11 [1/1] (1.73ns)   --->   "%icmp_ln28 = icmp_eq  i4 %i, i4 8" [src/generic/fp_generic.c:28]   --->   Operation 11 'icmp' 'icmp_ln28' <Predicate = true> <Delay = 1.73> <CoreInst = "Cmp">   --->   Core 9 'Cmp' <Latency = 0> <II = 1> <Delay = 1.78> <FuncUnit> <Opcode : 'seteq' 'setne' 'setle' 'setge' 'setlt' 'setgt'> <InPorts = 2> <OutPorts = 1>
ST_1 : Operation 12 [1/1] (1.73ns)   --->   "%add_ln28 = add i4 %i, i4 1" [src/generic/fp_generic.c:28]   --->   Operation 12 'add' 'add_ln28' <Predicate = true> <Delay = 1.73> <CoreInst = "Adder">   --->   Core 1 'Adder' <Latency = 0> <II = 1> <Delay = 1.73> <FuncUnit> <Opcode : 'add' 'sub'> <InPorts = 2> <OutPorts = 1>
ST_1 : Operation 13 [1/1] (0.00ns)   --->   "%trunc_ln29 = trunc i4 %i" [src/generic/fp_generic.c:29]   --->   Operation 13 'trunc' 'trunc_ln29' <Predicate = (!icmp_ln28)> <Delay = 0.00>
ST_1 : Operation 14 [1/1] (0.00ns)   --->   "%zext_ln29_18 = zext i3 %trunc_ln29" [src/generic/fp_generic.c:29]   --->   Operation 14 'zext' 'zext_ln29_18' <Predicate = (!icmp_ln28)> <Delay = 0.00>
ST_1 : Operation 15 [1/1] (0.00ns)   --->   "%coeff_addr = getelementptr i64 %coeff, i32 0, i32 %zext_ln29_18" [src/generic/fp_generic.c:29]   --->   Operation 15 'getelementptr' 'coeff_addr' <Predicate = (!icmp_ln28)> <Delay = 0.00>
ST_1 : Operation 16 [2/2] (3.25ns)   --->   "%coeff_load = load i6 %coeff_addr" [src/generic/fp_generic.c:29]   --->   Operation 16 'load' 'coeff_load' <Predicate = (!icmp_ln28)> <Delay = 3.25> <CoreInst = "RAM">   --->   Core 81 'RAM' <Latency = 1> <II = 1> <Delay = 3.25> <Storage> <Opcode : 'load' 'store'> <Ports = 2> <Width = 64> <Depth = 48> <RAM>
ST_1 : Operation 17 [1/1] (0.00ns)   --->   "%p503x2_1_addr = getelementptr i64 %p503x2_1, i32 0, i32 %zext_ln29_18" [src/generic/fp_generic.c:29]   --->   Operation 17 'getelementptr' 'p503x2_1_addr' <Predicate = (!icmp_ln28)> <Delay = 0.00>
ST_1 : Operation 18 [2/2] (2.32ns)   --->   "%p503x2_1_load = load i3 %p503x2_1_addr" [src/generic/fp_generic.c:29]   --->   Operation 18 'load' 'p503x2_1_load' <Predicate = (!icmp_ln28)> <Delay = 2.32> <CoreInst = "ROM">   --->   Core 94 'ROM' <Latency = 1> <II = 1> <Delay = 2.32> <Storage> <Opcode : 'load'> <Ports = 0> <Width = 64> <Depth = 8> <ROM>
ST_1 : Operation 19 [1/1] (1.58ns)   --->   "%store_ln20 = store i4 %add_ln28, i4 %i_143" [src/generic/fp_generic.c:20]   --->   Operation 19 'store' 'store_ln20' <Predicate = (!icmp_ln28)> <Delay = 1.58>

State 2 <SV = 1> <Delay = 6.77>
ST_2 : Operation 20 [1/1] (0.00ns)   --->   "%carry = phi i1 %borrowReg, void %for.inc29.split, i1 0, void %newFuncRoot"   --->   Operation 20 'phi' 'carry' <Predicate = true> <Delay = 0.00>
ST_2 : Operation 21 [1/1] (0.00ns)   --->   "%br_ln28 = br i1 %icmp_ln28, void %for.inc29.split, void %for.end31.exitStub" [src/generic/fp_generic.c:28]   --->   Operation 21 'br' 'br_ln28' <Predicate = true> <Delay = 0.00>
ST_2 : Operation 22 [1/2] ( I:3.25ns O:3.25ns )   --->   "%coeff_load = load i6 %coeff_addr" [src/generic/fp_generic.c:29]   --->   Operation 22 'load' 'coeff_load' <Predicate = (!icmp_ln28)> <Delay = 3.25> <CoreInst = "RAM">   --->   Core 81 'RAM' <Latency = 1> <II = 1> <Delay = 3.25> <Storage> <Opcode : 'load' 'store'> <Ports = 2> <Width = 64> <Depth = 48> <RAM>
ST_2 : Operation 23 [1/2] ( I:2.32ns O:2.32ns )   --->   "%p503x2_1_load = load i3 %p503x2_1_addr" [src/generic/fp_generic.c:29]   --->   Operation 23 'load' 'p503x2_1_load' <Predicate = (!icmp_ln28)> <Delay = 2.32> <CoreInst = "ROM">   --->   Core 94 'ROM' <Latency = 1> <II = 1> <Delay = 2.32> <Storage> <Opcode : 'load'> <Ports = 0> <Width = 64> <Depth = 8> <ROM>
ST_2 : Operation 24 [1/1] (3.52ns)   --->   "%tempReg = sub i64 %coeff_load, i64 %p503x2_1_load" [src/generic/fp_generic.c:29]   --->   Operation 24 'sub' 'tempReg' <Predicate = (!icmp_ln28)> <Delay = 3.52> <CoreInst = "Adder">   --->   Core 1 'Adder' <Latency = 0> <II = 1> <Delay = 3.52> <FuncUnit> <Opcode : 'add' 'sub'> <InPorts = 2> <OutPorts = 1>
ST_2 : Operation 43 [1/1] (0.00ns)   --->   "%write_ln29 = write void @_ssdm_op_Write.ap_auto.i1P0A, i1 %carry_181_out, i1 %carry" [src/generic/fp_generic.c:29]   --->   Operation 43 'write' 'write_ln29' <Predicate = (icmp_ln28)> <Delay = 0.00>
ST_2 : Operation 44 [1/1] (1.58ns)   --->   "%ret_ln0 = ret"   --->   Operation 44 'ret' 'ret_ln0' <Predicate = (icmp_ln28)> <Delay = 1.58>

State 3 <SV = 2> <Delay = 6.77>
ST_3 : Operation 25 [1/1] (0.00ns)   --->   "%specpipeline_ln20 = specpipeline void @_ssdm_op_SpecPipeline, i32 4294967295, i32 0, i32 0, i32 0, void @empty_44" [src/generic/fp_generic.c:20]   --->   Operation 25 'specpipeline' 'specpipeline_ln20' <Predicate = (!icmp_ln28)> <Delay = 0.00>
ST_3 : Operation 26 [1/1] (0.00ns)   --->   "%speclooptripcount_ln20 = speclooptripcount void @_ssdm_op_SpecLoopTripCount, i64 8, i64 8, i64 8" [src/generic/fp_generic.c:20]   --->   Operation 26 'speclooptripcount' 'speclooptripcount_ln20' <Predicate = (!icmp_ln28)> <Delay = 0.00>
ST_3 : Operation 27 [1/1] (0.00ns)   --->   "%specloopname_ln28 = specloopname void @_ssdm_op_SpecLoopName, void @empty_27" [src/generic/fp_generic.c:28]   --->   Operation 27 'specloopname' 'specloopname_ln28' <Predicate = (!icmp_ln28)> <Delay = 0.00>
ST_3 : Operation 28 [1/1] (0.00ns) (grouped into LUT with out node tmp)   --->   "%xor_ln105 = xor i64 %p503x2_1_load, i64 %coeff_load" [src/config.h:105->src/generic/fp_generic.c:29]   --->   Operation 28 'xor' 'xor_ln105' <Predicate = (!icmp_ln28)> <Delay = 0.00> <CoreInst = "LogicGate">   --->   Core 74 'LogicGate' <Latency = 0> <II = 1> <Delay = 0.99> <FuncUnit> <Opcode : 'and' 'or' 'xor'> <InPorts = 2> <OutPorts = 1>
ST_3 : Operation 29 [1/1] (0.00ns) (grouped into LUT with out node tmp)   --->   "%xor_ln105_106 = xor i64 %p503x2_1_load, i64 %tempReg" [src/config.h:105->src/generic/fp_generic.c:29]   --->   Operation 29 'xor' 'xor_ln105_106' <Predicate = (!icmp_ln28)> <Delay = 0.00> <CoreInst = "LogicGate">   --->   Core 74 'LogicGate' <Latency = 0> <II = 1> <Delay = 0.99> <FuncUnit> <Opcode : 'and' 'or' 'xor'> <InPorts = 2> <OutPorts = 1>
ST_3 : Operation 30 [1/1] (0.00ns) (grouped into LUT with out node tmp)   --->   "%or_ln105 = or i64 %xor_ln105_106, i64 %xor_ln105" [src/config.h:105->src/generic/fp_generic.c:29]   --->   Operation 30 'or' 'or_ln105' <Predicate = (!icmp_ln28)> <Delay = 0.00> <CoreInst = "LogicGate">   --->   Core 74 'LogicGate' <Latency = 0> <II = 1> <Delay = 0.99> <FuncUnit> <Opcode : 'and' 'or' 'xor'> <InPorts = 2> <OutPorts = 1>
ST_3 : Operation 31 [1/1] (0.00ns) (grouped into LUT with out node tmp)   --->   "%xor_ln105_107 = xor i64 %coeff_load, i64 %or_ln105" [src/config.h:105->src/generic/fp_generic.c:29]   --->   Operation 31 'xor' 'xor_ln105_107' <Predicate = (!icmp_ln28)> <Delay = 0.00> <CoreInst = "LogicGate">   --->   Core 74 'LogicGate' <Latency = 0> <II = 1> <Delay = 0.99> <FuncUnit> <Opcode : 'and' 'or' 'xor'> <InPorts = 2> <OutPorts = 1>
ST_3 : Operation 32 [1/1] (0.99ns) (out node of the LUT)   --->   "%tmp = bitselect i1 @_ssdm_op_BitSelect.i1.i64.i32, i64 %xor_ln105_107, i32 63" [src/config.h:98->src/generic/fp_generic.c:29]   --->   Operation 32 'bitselect' 'tmp' <Predicate = (!icmp_ln28)> <Delay = 0.99>
ST_3 : Operation 33 [1/1] (3.52ns)   --->   "%sub_ln95 = sub i64 0, i64 %tempReg" [src/config.h:95->src/config.h:100->src/generic/fp_generic.c:29]   --->   Operation 33 'sub' 'sub_ln95' <Predicate = (!icmp_ln28)> <Delay = 3.52> <CoreInst = "Adder">   --->   Core 1 'Adder' <Latency = 0> <II = 1> <Delay = 3.52> <FuncUnit> <Opcode : 'add' 'sub'> <InPorts = 2> <OutPorts = 1>
ST_3 : Operation 34 [1/1] (0.00ns) (grouped into LUT with out node borrowReg)   --->   "%or_ln95 = or i64 %tempReg, i64 %sub_ln95" [src/config.h:95->src/config.h:100->src/generic/fp_generic.c:29]   --->   Operation 34 'or' 'or_ln95' <Predicate = (!icmp_ln28)> <Delay = 0.00> <CoreInst = "LogicGate">   --->   Core 74 'LogicGate' <Latency = 0> <II = 1> <Delay = 0.99> <FuncUnit> <Opcode : 'and' 'or' 'xor'> <InPorts = 2> <OutPorts = 1>
ST_3 : Operation 35 [1/1] (0.00ns) (grouped into LUT with out node borrowReg)   --->   "%tmp_211 = bitselect i1 @_ssdm_op_BitSelect.i1.i64.i32, i64 %or_ln95, i32 63" [src/generic/fp_generic.c:29]   --->   Operation 35 'bitselect' 'tmp_211' <Predicate = (!icmp_ln28)> <Delay = 0.00>
ST_3 : Operation 36 [1/1] (0.00ns) (grouped into LUT with out node borrowReg)   --->   "%xor_ln29 = xor i1 %tmp_211, i1 1" [src/generic/fp_generic.c:29]   --->   Operation 36 'xor' 'xor_ln29' <Predicate = (!icmp_ln28)> <Delay = 0.00> <CoreInst = "LogicGate">   --->   Core 74 'LogicGate' <Latency = 0> <II = 1> <Delay = 0.97> <FuncUnit> <Opcode : 'and' 'or' 'xor'> <InPorts = 2> <OutPorts = 1>
ST_3 : Operation 37 [1/1] (0.00ns) (grouped into LUT with out node borrowReg)   --->   "%and_ln29 = and i1 %carry, i1 %xor_ln29" [src/generic/fp_generic.c:29]   --->   Operation 37 'and' 'and_ln29' <Predicate = (!icmp_ln28)> <Delay = 0.00> <CoreInst = "LogicGate">   --->   Core 74 'LogicGate' <Latency = 0> <II = 1> <Delay = 0.97> <FuncUnit> <Opcode : 'and' 'or' 'xor'> <InPorts = 2> <OutPorts = 1>
ST_3 : Operation 38 [1/1] (0.99ns) (out node of the LUT)   --->   "%borrowReg = or i1 %and_ln29, i1 %tmp" [src/generic/fp_generic.c:29]   --->   Operation 38 'or' 'borrowReg' <Predicate = (!icmp_ln28)> <Delay = 0.99> <CoreInst = "LogicGate">   --->   Core 74 'LogicGate' <Latency = 0> <II = 1> <Delay = 0.97> <FuncUnit> <Opcode : 'and' 'or' 'xor'> <InPorts = 2> <OutPorts = 1>
ST_3 : Operation 39 [1/1] (0.00ns)   --->   "%zext_ln29 = zext i1 %carry" [src/generic/fp_generic.c:29]   --->   Operation 39 'zext' 'zext_ln29' <Predicate = (!icmp_ln28)> <Delay = 0.00>
ST_3 : Operation 40 [1/1] (3.52ns)   --->   "%sub_ln29 = sub i64 %tempReg, i64 %zext_ln29" [src/generic/fp_generic.c:29]   --->   Operation 40 'sub' 'sub_ln29' <Predicate = (!icmp_ln28)> <Delay = 3.52> <CoreInst = "Adder">   --->   Core 1 'Adder' <Latency = 0> <II = 1> <Delay = 3.52> <FuncUnit> <Opcode : 'add' 'sub'> <InPorts = 2> <OutPorts = 1>
ST_3 : Operation 41 [1/1] ( I:3.25ns O:3.25ns )   --->   "%store_ln29 = store void @_ssdm_op_Write.bram.i64, i6 %coeff_addr, i64 %sub_ln29, i8 255" [src/generic/fp_generic.c:29]   --->   Operation 41 'store' 'store_ln29' <Predicate = (!icmp_ln28)> <Delay = 3.25> <CoreInst = "RAM">   --->   Core 81 'RAM' <Latency = 1> <II = 1> <Delay = 3.25> <Storage> <Opcode : 'load' 'store'> <Ports = 2> <Width = 64> <Depth = 48> <RAM>
ST_3 : Operation 42 [1/1] (0.00ns)   --->   "%br_ln28 = br void %for.inc29" [src/generic/fp_generic.c:28]   --->   Operation 42 'br' 'br_ln28' <Predicate = (!icmp_ln28)> <Delay = 0.00>


============================================================
+ Verbose Summary: Binding
============================================================
STG Binding: 
---------------- STG Properties BEGIN ----------------
- Is combinational: 0
- Is one-state seq: 0
- Is datapath-only: 0
- Is pipelined: 0
- Is top level: 0
Port [ Return ] is wired: 1; IO mode=ap_ctrl_hs:ce=0
Port [ coeff]:  wired=1; compound=1; hidden=0; nouse=0; global=0; static=0; extern=0; dir=2; type=1; pingpong=0; private_global=0; MemPort=[01]; IO mode=ap_memory:ce=0
Port [ carry_181_out]:  wired=1; compound=0; hidden=0; nouse=0; global=0; static=0; extern=0; dir=1; type=0; pingpong=0; private_global=0; IO mode=ap_vld:ce=0
Port [ p503x2_1]:  wired=0; compound=1; hidden=1; nouse=0; global=1; static=1; extern=0; dir=0; type=1; pingpong=0; private_global=0; MemPort=[1]; IO mode=ap_memory:ce=0
---------------- STG Properties END ------------------

---------------- Datapath Model BEGIN ----------------

<LifeTime>
<method=bitvector/>
i_143                      (alloca                ) [ 0100]
specbramwithbyteenable_ln0 (specbramwithbyteenable) [ 0000]
store_ln20                 (store                 ) [ 0000]
br_ln0                     (br                    ) [ 0111]
i                          (load                  ) [ 0000]
icmp_ln28                  (icmp                  ) [ 0111]
add_ln28                   (add                   ) [ 0000]
trunc_ln29                 (trunc                 ) [ 0000]
zext_ln29_18               (zext                  ) [ 0000]
coeff_addr                 (getelementptr         ) [ 0111]
p503x2_1_addr              (getelementptr         ) [ 0110]
store_ln20                 (store                 ) [ 0000]
carry                      (phi                   ) [ 0111]
br_ln28                    (br                    ) [ 0000]
coeff_load                 (load                  ) [ 0101]
p503x2_1_load              (load                  ) [ 0101]
tempReg                    (sub                   ) [ 0101]
specpipeline_ln20          (specpipeline          ) [ 0000]
speclooptripcount_ln20     (speclooptripcount     ) [ 0000]
specloopname_ln28          (specloopname          ) [ 0000]
xor_ln105                  (xor                   ) [ 0000]
xor_ln105_106              (xor                   ) [ 0000]
or_ln105                   (or                    ) [ 0000]
xor_ln105_107              (xor                   ) [ 0000]
tmp                        (bitselect             ) [ 0000]
sub_ln95                   (sub                   ) [ 0000]
or_ln95                    (or                    ) [ 0000]
tmp_211                    (bitselect             ) [ 0000]
xor_ln29                   (xor                   ) [ 0000]
and_ln29                   (and                   ) [ 0000]
borrowReg                  (or                    ) [ 0111]
zext_ln29                  (zext                  ) [ 0000]
sub_ln29                   (sub                   ) [ 0000]
store_ln29                 (store                 ) [ 0000]
br_ln28                    (br                    ) [ 0111]
write_ln29                 (write                 ) [ 0000]
ret_ln0                    (ret                   ) [ 0000]
</LifeTime>

<model>

<comp_list>
<comp id="0" class="1000" name="coeff">
<pin_list>
<pin id="1" dir="1" index="0" bw="1" slack="0"/>
</pin_list>
<bind>
<StgValue><ssdm name="coeff"/><MemPortTyVec>0 1 </MemPortTyVec>
</StgValue>
</bind>
</comp>

<comp id="2" class="1000" name="carry_181_out">
<pin_list>
<pin id="3" dir="1" index="0" bw="1" slack="0"/>
</pin_list>
<bind>
<StgValue><ssdm name="carry_181_out"/></StgValue>
</bind>
</comp>

<comp id="4" class="1000" name="p503x2_1">
<pin_list>
<pin id="5" dir="1" index="0" bw="1" slack="0"/>
</pin_list>
<bind>
<StgValue><ssdm name="p503x2_1"/><MemPortTyVec>1 </MemPortTyVec>
</StgValue>
</bind>
</comp>

<comp id="6" class="1001" name="const_6">
<pin_list>
<pin id="7" dir="1" index="0" bw="1" slack="0"/>
</pin_list>
<bind>
<StgValue><ssdm name=""/></StgValue>
</bind>
</comp>

<comp id="8" class="1001" name="const_8">
<pin_list>
<pin id="9" dir="1" index="0" bw="1" slack="2147483647"/>
</pin_list>
<bind>
<StgValue><ssdm name="_ssdm_op_SpecBRAMWithByteEnable"/></StgValue>
</bind>
</comp>

<comp id="10" class="1001" name="const_10">
<pin_list>
<pin id="11" dir="1" index="0" bw="1" slack="0"/>
</pin_list>
<bind>
<StgValue><ssdm name=""/></StgValue>
</bind>
</comp>

<comp id="12" class="1001" name="const_12">
<pin_list>
<pin id="13" dir="1" index="0" bw="1" slack="0"/>
</pin_list>
<bind>
<StgValue><ssdm name=""/></StgValue>
</bind>
</comp>

<comp id="14" class="1001" name="const_14">
<pin_list>
<pin id="15" dir="1" index="0" bw="1" slack="0"/>
</pin_list>
<bind>
<StgValue><ssdm name=""/></StgValue>
</bind>
</comp>

<comp id="16" class="1001" name="const_16">
<pin_list>
<pin id="17" dir="1" index="0" bw="1" slack="0"/>
</pin_list>
<bind>
<StgValue><ssdm name=""/></StgValue>
</bind>
</comp>

<comp id="18" class="1001" name="const_18">
<pin_list>
<pin id="19" dir="1" index="0" bw="1" slack="1"/>
</pin_list>
<bind>
<StgValue><ssdm name=""/></StgValue>
</bind>
</comp>

<comp id="20" class="1001" name="const_20">
<pin_list>
<pin id="21" dir="1" index="0" bw="1" slack="2147483647"/>
</pin_list>
<bind>
<StgValue><ssdm name="_ssdm_op_SpecPipeline"/></StgValue>
</bind>
</comp>

<comp id="22" class="1001" name="const_22">
<pin_list>
<pin id="23" dir="1" index="0" bw="1" slack="2147483647"/>
</pin_list>
<bind>
<StgValue><ssdm name=""/></StgValue>
</bind>
</comp>

<comp id="24" class="1001" name="const_24">
<pin_list>
<pin id="25" dir="1" index="0" bw="1" slack="2147483647"/>
</pin_list>
<bind>
<StgValue><ssdm name="empty_44"/></StgValue>
</bind>
</comp>

<comp id="26" class="1001" name="const_26">
<pin_list>
<pin id="27" dir="1" index="0" bw="1" slack="2147483647"/>
</pin_list>
<bind>
<StgValue><ssdm name="_ssdm_op_SpecLoopTripCount"/></StgValue>
</bind>
</comp>

<comp id="28" class="1001" name="const_28">
<pin_list>
<pin id="29" dir="1" index="0" bw="1" slack="2147483647"/>
</pin_list>
<bind>
<StgValue><ssdm name=""/></StgValue>
</bind>
</comp>

<comp id="30" class="1001" name="const_30">
<pin_list>
<pin id="31" dir="1" index="0" bw="1" slack="2147483647"/>
</pin_list>
<bind>
<StgValue><ssdm name="_ssdm_op_SpecLoopName"/></StgValue>
</bind>
</comp>

<comp id="32" class="1001" name="const_32">
<pin_list>
<pin id="33" dir="1" index="0" bw="1" slack="2147483647"/>
</pin_list>
<bind>
<StgValue><ssdm name="empty_27"/></StgValue>
</bind>
</comp>

<comp id="34" class="1001" name="const_34">
<pin_list>
<pin id="35" dir="1" index="0" bw="1" slack="0"/>
</pin_list>
<bind>
<StgValue><ssdm name="_ssdm_op_BitSelect.i1.i64.i32"/></StgValue>
</bind>
</comp>

<comp id="36" class="1001" name="const_36">
<pin_list>
<pin id="37" dir="1" index="0" bw="1" slack="0"/>
</pin_list>
<bind>
<StgValue><ssdm name=""/></StgValue>
</bind>
</comp>

<comp id="38" class="1001" name="const_38">
<pin_list>
<pin id="39" dir="1" index="0" bw="1" slack="0"/>
</pin_list>
<bind>
<StgValue><ssdm name=""/></StgValue>
</bind>
</comp>

<comp id="40" class="1001" name="const_40">
<pin_list>
<pin id="41" dir="1" index="0" bw="1" slack="0"/>
</pin_list>
<bind>
<StgValue><ssdm name=""/></StgValue>
</bind>
</comp>

<comp id="42" class="1001" name="const_42">
<pin_list>
<pin id="43" dir="1" index="0" bw="1" slack="2147483647"/>
</pin_list>
<bind>
<StgValue><ssdm name="_ssdm_op_Write.bram.i64"/></StgValue>
</bind>
</comp>

<comp id="44" class="1001" name="const_44">
<pin_list>
<pin id="45" dir="1" index="0" bw="1" slack="2147483647"/>
</pin_list>
<bind>
<StgValue><ssdm name=""/></StgValue>
</bind>
</comp>

<comp id="46" class="1001" name="const_46">
<pin_list>
<pin id="47" dir="1" index="0" bw="1" slack="0"/>
</pin_list>
<bind>
<StgValue><ssdm name="_ssdm_op_Write.ap_auto.i1P0A"/></StgValue>
</bind>
</comp>

<comp id="48" class="1004" name="i_143_fu_48">
<pin_list>
<pin id="49" dir="0" index="0" bw="1" slack="0"/>
<pin id="50" dir="1" index="1" bw="4" slack="0"/>
</pin_list>
<bind>
<opcode="alloca(26) " fcode="alloca"/>
<opset="i_143/1 "/>
</bind>
</comp>

<comp id="52" class="1004" name="write_ln29_write_fu_52">
<pin_list>
<pin id="53" dir="0" index="0" bw="0" slack="0"/>
<pin id="54" dir="0" index="1" bw="1" slack="0"/>
<pin id="55" dir="0" index="2" bw="1" slack="0"/>
<pin id="56" dir="1" index="3" bw="0" slack="2147483647"/>
</pin_list>
<bind>
<opcode="write(1151) " fcode="write"/>
<opset="write_ln29/2 "/>
</bind>
</comp>

<comp id="59" class="1004" name="coeff_addr_gep_fu_59">
<pin_list>
<pin id="60" dir="0" index="0" bw="64" slack="0"/>
<pin id="61" dir="0" index="1" bw="1" slack="0"/>
<pin id="62" dir="0" index="2" bw="3" slack="0"/>
<pin id="63" dir="1" index="3" bw="6" slack="0"/>
</pin_list>
<bind>
<opcode="getelementptr(29) " fcode="getelementptr"/>
<opset="coeff_addr/1 "/>
</bind>
</comp>

<comp id="66" class="1004" name="grp_access_fu_66">
<pin_list>
<pin id="67" dir="0" index="0" bw="6" slack="2"/>
<pin id="68" dir="0" index="1" bw="64" slack="0"/>
<pin id="69" dir="0" index="2" bw="0" slack="0"/>
<pin id="71" dir="0" index="4" bw="6" slack="2147483647"/>
<pin id="72" dir="0" index="5" bw="64" slack="2147483647"/>
<pin id="73" dir="0" index="6" bw="0" slack="2147483647"/>
<pin id="70" dir="1" index="3" bw="64" slack="2147483647"/>
<pin id="74" dir="1" index="7" bw="64" slack="0"/>
</pin_list>
<bind>
<opcode="load(27) store(28) " fcode="store"/>
<opset="coeff_load/1 store_ln29/3 "/>
</bind>
</comp>

<comp id="76" class="1004" name="p503x2_1_addr_gep_fu_76">
<pin_list>
<pin id="77" dir="0" index="0" bw="64" slack="0"/>
<pin id="78" dir="0" index="1" bw="1" slack="0"/>
<pin id="79" dir="0" index="2" bw="3" slack="0"/>
<pin id="80" dir="1" index="3" bw="3" slack="0"/>
</pin_list>
<bind>
<opcode="getelementptr(29) " fcode="getelementptr"/>
<opset="p503x2_1_addr/1 "/>
</bind>
</comp>

<comp id="83" class="1004" name="grp_access_fu_83">
<pin_list>
<pin id="84" dir="0" index="0" bw="3" slack="0"/>
<pin id="85" dir="0" index="1" bw="64" slack="2147483647"/>
<pin id="86" dir="0" index="2" bw="0" slack="2147483647"/>
<pin id="87" dir="1" index="3" bw="64" slack="0"/>
</pin_list>
<bind>
<opcode="load(27) " fcode="load"/>
<opset="p503x2_1_load/1 "/>
</bind>
</comp>

<comp id="89" class="1005" name="carry_reg_89">
<pin_list>
<pin id="90" dir="0" index="0" bw="1" slack="1"/>
<pin id="91" dir="1" index="1" bw="1" slack="1"/>
</pin_list>
<bind>
<opset="carry (phireg) "/>
</bind>
</comp>

<comp id="93" class="1004" name="carry_phi_fu_93">
<pin_list>
<pin id="94" dir="0" index="0" bw="1" slack="1"/>
<pin id="95" dir="0" index="1" bw="0" slack="2147483647"/>
<pin id="96" dir="0" index="2" bw="1" slack="1"/>
<pin id="97" dir="0" index="3" bw="0" slack="2147483647"/>
<pin id="98" dir="1" index="4" bw="1" slack="0"/>
</pin_list>
<bind>
<opcode="phi(47) " fcode="phi"/>
<opset="carry/2 "/>
</bind>
</comp>

<comp id="102" class="1004" name="store_ln20_store_fu_102">
<pin_list>
<pin id="103" dir="0" index="0" bw="1" slack="0"/>
<pin id="104" dir="0" index="1" bw="4" slack="0"/>
<pin id="105" dir="1" index="2" bw="0" slack="2147483647"/>
</pin_list>
<bind>
<opcode="store(28) " fcode="store"/>
<opset="store_ln20/1 "/>
</bind>
</comp>

<comp id="107" class="1004" name="i_load_fu_107">
<pin_list>
<pin id="108" dir="0" index="0" bw="4" slack="0"/>
<pin id="109" dir="1" index="1" bw="4" slack="0"/>
</pin_list>
<bind>
<opcode="load(27) " fcode="load"/>
<opset="i/1 "/>
</bind>
</comp>

<comp id="110" class="1004" name="icmp_ln28_fu_110">
<pin_list>
<pin id="111" dir="0" index="0" bw="4" slack="0"/>
<pin id="112" dir="0" index="1" bw="4" slack="0"/>
<pin id="113" dir="1" index="2" bw="1" slack="1"/>
</pin_list>
<bind>
<opcode="icmp(45) " fcode="icmp"/>
<opset="icmp_ln28/1 "/>
</bind>
</comp>

<comp id="116" class="1004" name="add_ln28_fu_116">
<pin_list>
<pin id="117" dir="0" index="0" bw="4" slack="0"/>
<pin id="118" dir="0" index="1" bw="1" slack="0"/>
<pin id="119" dir="1" index="2" bw="4" slack="0"/>
</pin_list>
<bind>
<opcode="add(8) " fcode="add"/>
<opset="add_ln28/1 "/>
</bind>
</comp>

<comp id="122" class="1004" name="trunc_ln29_fu_122">
<pin_list>
<pin id="123" dir="0" index="0" bw="4" slack="0"/>
<pin id="124" dir="1" index="1" bw="3" slack="0"/>
</pin_list>
<bind>
<opcode="trunc(33) " fcode="trunc"/>
<opset="trunc_ln29/1 "/>
</bind>
</comp>

<comp id="126" class="1004" name="zext_ln29_18_fu_126">
<pin_list>
<pin id="127" dir="0" index="0" bw="3" slack="0"/>
<pin id="128" dir="1" index="1" bw="32" slack="0"/>
</pin_list>
<bind>
<opcode="zext(34) " fcode="zext"/>
<opset="zext_ln29_18/1 "/>
</bind>
</comp>

<comp id="132" class="1004" name="store_ln20_store_fu_132">
<pin_list>
<pin id="133" dir="0" index="0" bw="4" slack="0"/>
<pin id="134" dir="0" index="1" bw="4" slack="0"/>
<pin id="135" dir="1" index="2" bw="0" slack="2147483647"/>
</pin_list>
<bind>
<opcode="store(28) " fcode="store"/>
<opset="store_ln20/1 "/>
</bind>
</comp>

<comp id="137" class="1004" name="tempReg_fu_137">
<pin_list>
<pin id="138" dir="0" index="0" bw="64" slack="0"/>
<pin id="139" dir="0" index="1" bw="64" slack="0"/>
<pin id="140" dir="1" index="2" bw="64" slack="1"/>
</pin_list>
<bind>
<opcode="sub(10) " fcode="sub"/>
<opset="tempReg/2 "/>
</bind>
</comp>

<comp id="143" class="1004" name="xor_ln105_fu_143">
<pin_list>
<pin id="144" dir="0" index="0" bw="64" slack="1"/>
<pin id="145" dir="0" index="1" bw="64" slack="1"/>
<pin id="146" dir="1" index="2" bw="64" slack="0"/>
</pin_list>
<bind>
<opcode="xor(25) " fcode="xor"/>
<opset="xor_ln105/3 "/>
</bind>
</comp>

<comp id="147" class="1004" name="xor_ln105_106_fu_147">
<pin_list>
<pin id="148" dir="0" index="0" bw="64" slack="1"/>
<pin id="149" dir="0" index="1" bw="64" slack="1"/>
<pin id="150" dir="1" index="2" bw="64" slack="0"/>
</pin_list>
<bind>
<opcode="xor(25) " fcode="xor"/>
<opset="xor_ln105_106/3 "/>
</bind>
</comp>

<comp id="151" class="1004" name="or_ln105_fu_151">
<pin_list>
<pin id="152" dir="0" index="0" bw="64" slack="0"/>
<pin id="153" dir="0" index="1" bw="64" slack="0"/>
<pin id="154" dir="1" index="2" bw="64" slack="0"/>
</pin_list>
<bind>
<opcode="or(24) " fcode="or"/>
<opset="or_ln105/3 "/>
</bind>
</comp>

<comp id="157" class="1004" name="xor_ln105_107_fu_157">
<pin_list>
<pin id="158" dir="0" index="0" bw="64" slack="1"/>
<pin id="159" dir="0" index="1" bw="64" slack="0"/>
<pin id="160" dir="1" index="2" bw="64" slack="0"/>
</pin_list>
<bind>
<opcode="xor(25) " fcode="xor"/>
<opset="xor_ln105_107/3 "/>
</bind>
</comp>

<comp id="162" class="1004" name="tmp_fu_162">
<pin_list>
<pin id="163" dir="0" index="0" bw="1" slack="0"/>
<pin id="164" dir="0" index="1" bw="64" slack="0"/>
<pin id="165" dir="0" index="2" bw="7" slack="0"/>
<pin id="166" dir="1" index="3" bw="1" slack="0"/>
</pin_list>
<bind>
<opcode="bitselect(1000) " fcode="bitselect"/>
<opset="tmp/3 "/>
</bind>
</comp>

<comp id="170" class="1004" name="sub_ln95_fu_170">
<pin_list>
<pin id="171" dir="0" index="0" bw="1" slack="0"/>
<pin id="172" dir="0" index="1" bw="64" slack="1"/>
<pin id="173" dir="1" index="2" bw="64" slack="0"/>
</pin_list>
<bind>
<opcode="sub(10) " fcode="sub"/>
<opset="sub_ln95/3 "/>
</bind>
</comp>

<comp id="175" class="1004" name="or_ln95_fu_175">
<pin_list>
<pin id="176" dir="0" index="0" bw="64" slack="1"/>
<pin id="177" dir="0" index="1" bw="64" slack="0"/>
<pin id="178" dir="1" index="2" bw="64" slack="0"/>
</pin_list>
<bind>
<opcode="or(24) " fcode="or"/>
<opset="or_ln95/3 "/>
</bind>
</comp>

<comp id="180" class="1004" name="tmp_211_fu_180">
<pin_list>
<pin id="181" dir="0" index="0" bw="1" slack="0"/>
<pin id="182" dir="0" index="1" bw="64" slack="0"/>
<pin id="183" dir="0" index="2" bw="7" slack="0"/>
<pin id="184" dir="1" index="3" bw="1" slack="0"/>
</pin_list>
<bind>
<opcode="bitselect(1000) " fcode="bitselect"/>
<opset="tmp_211/3 "/>
</bind>
</comp>

<comp id="188" class="1004" name="xor_ln29_fu_188">
<pin_list>
<pin id="189" dir="0" index="0" bw="1" slack="0"/>
<pin id="190" dir="0" index="1" bw="1" slack="0"/>
<pin id="191" dir="1" index="2" bw="1" slack="0"/>
</pin_list>
<bind>
<opcode="xor(25) " fcode="xor"/>
<opset="xor_ln29/3 "/>
</bind>
</comp>

<comp id="194" class="1004" name="and_ln29_fu_194">
<pin_list>
<pin id="195" dir="0" index="0" bw="1" slack="1"/>
<pin id="196" dir="0" index="1" bw="1" slack="0"/>
<pin id="197" dir="1" index="2" bw="1" slack="0"/>
</pin_list>
<bind>
<opcode="and(23) " fcode="and"/>
<opset="and_ln29/3 "/>
</bind>
</comp>

<comp id="200" class="1004" name="borrowReg_fu_200">
<pin_list>
<pin id="201" dir="0" index="0" bw="1" slack="0"/>
<pin id="202" dir="0" index="1" bw="1" slack="0"/>
<pin id="203" dir="1" index="2" bw="1" slack="1"/>
</pin_list>
<bind>
<opcode="or(24) " fcode="or"/>
<opset="borrowReg/3 "/>
</bind>
</comp>

<comp id="206" class="1004" name="zext_ln29_fu_206">
<pin_list>
<pin id="207" dir="0" index="0" bw="1" slack="1"/>
<pin id="208" dir="1" index="1" bw="64" slack="0"/>
</pin_list>
<bind>
<opcode="zext(34) " fcode="zext"/>
<opset="zext_ln29/3 "/>
</bind>
</comp>

<comp id="210" class="1004" name="sub_ln29_fu_210">
<pin_list>
<pin id="211" dir="0" index="0" bw="64" slack="1"/>
<pin id="212" dir="0" index="1" bw="1" slack="0"/>
<pin id="213" dir="1" index="2" bw="64" slack="0"/>
</pin_list>
<bind>
<opcode="sub(10) " fcode="sub"/>
<opset="sub_ln29/3 "/>
</bind>
</comp>

<comp id="216" class="1005" name="i_143_reg_216">
<pin_list>
<pin id="217" dir="0" index="0" bw="4" slack="0"/>
<pin id="218" dir="1" index="1" bw="4" slack="0"/>
</pin_list>
<bind>
<opset="i_143 "/>
</bind>
</comp>

<comp id="223" class="1005" name="icmp_ln28_reg_223">
<pin_list>
<pin id="224" dir="0" index="0" bw="1" slack="1"/>
<pin id="225" dir="1" index="1" bw="1" slack="2147483647"/>
</pin_list>
<bind>
<opset="icmp_ln28 "/>
</bind>
</comp>

<comp id="227" class="1005" name="coeff_addr_reg_227">
<pin_list>
<pin id="228" dir="0" index="0" bw="6" slack="1"/>
<pin id="229" dir="1" index="1" bw="6" slack="1"/>
</pin_list>
<bind>
<opset="coeff_addr "/>
</bind>
</comp>

<comp id="233" class="1005" name="p503x2_1_addr_reg_233">
<pin_list>
<pin id="234" dir="0" index="0" bw="3" slack="1"/>
<pin id="235" dir="1" index="1" bw="3" slack="1"/>
</pin_list>
<bind>
<opset="p503x2_1_addr "/>
</bind>
</comp>

<comp id="238" class="1005" name="coeff_load_reg_238">
<pin_list>
<pin id="239" dir="0" index="0" bw="64" slack="1"/>
<pin id="240" dir="1" index="1" bw="64" slack="1"/>
</pin_list>
<bind>
<opset="coeff_load "/>
</bind>
</comp>

<comp id="244" class="1005" name="p503x2_1_load_reg_244">
<pin_list>
<pin id="245" dir="0" index="0" bw="64" slack="1"/>
<pin id="246" dir="1" index="1" bw="64" slack="1"/>
</pin_list>
<bind>
<opset="p503x2_1_load "/>
</bind>
</comp>

<comp id="250" class="1005" name="tempReg_reg_250">
<pin_list>
<pin id="251" dir="0" index="0" bw="64" slack="1"/>
<pin id="252" dir="1" index="1" bw="64" slack="1"/>
</pin_list>
<bind>
<opset="tempReg "/>
</bind>
</comp>

<comp id="258" class="1005" name="borrowReg_reg_258">
<pin_list>
<pin id="259" dir="0" index="0" bw="1" slack="1"/>
<pin id="260" dir="1" index="1" bw="1" slack="1"/>
</pin_list>
<bind>
<opset="borrowReg "/>
</bind>
</comp>

</comp_list>

<net_list>
<net id="51"><net_src comp="6" pin="0"/><net_sink comp="48" pin=0"/></net>

<net id="57"><net_src comp="46" pin="0"/><net_sink comp="52" pin=0"/></net>

<net id="58"><net_src comp="2" pin="0"/><net_sink comp="52" pin=1"/></net>

<net id="64"><net_src comp="0" pin="0"/><net_sink comp="59" pin=0"/></net>

<net id="65"><net_src comp="16" pin="0"/><net_sink comp="59" pin=1"/></net>

<net id="75"><net_src comp="59" pin="3"/><net_sink comp="66" pin=2"/></net>

<net id="81"><net_src comp="4" pin="0"/><net_sink comp="76" pin=0"/></net>

<net id="82"><net_src comp="16" pin="0"/><net_sink comp="76" pin=1"/></net>

<net id="88"><net_src comp="76" pin="3"/><net_sink comp="83" pin=0"/></net>

<net id="92"><net_src comp="18" pin="0"/><net_sink comp="89" pin=0"/></net>

<net id="99"><net_src comp="89" pin="1"/><net_sink comp="93" pin=2"/></net>

<net id="100"><net_src comp="93" pin="4"/><net_sink comp="89" pin=0"/></net>

<net id="101"><net_src comp="93" pin="4"/><net_sink comp="52" pin=2"/></net>

<net id="106"><net_src comp="10" pin="0"/><net_sink comp="102" pin=0"/></net>

<net id="114"><net_src comp="107" pin="1"/><net_sink comp="110" pin=0"/></net>

<net id="115"><net_src comp="12" pin="0"/><net_sink comp="110" pin=1"/></net>

<net id="120"><net_src comp="107" pin="1"/><net_sink comp="116" pin=0"/></net>

<net id="121"><net_src comp="14" pin="0"/><net_sink comp="116" pin=1"/></net>

<net id="125"><net_src comp="107" pin="1"/><net_sink comp="122" pin=0"/></net>

<net id="129"><net_src comp="122" pin="1"/><net_sink comp="126" pin=0"/></net>

<net id="130"><net_src comp="126" pin="1"/><net_sink comp="59" pin=2"/></net>

<net id="131"><net_src comp="126" pin="1"/><net_sink comp="76" pin=2"/></net>

<net id="136"><net_src comp="116" pin="2"/><net_sink comp="132" pin=0"/></net>

<net id="141"><net_src comp="66" pin="7"/><net_sink comp="137" pin=0"/></net>

<net id="142"><net_src comp="83" pin="3"/><net_sink comp="137" pin=1"/></net>

<net id="155"><net_src comp="147" pin="2"/><net_sink comp="151" pin=0"/></net>

<net id="156"><net_src comp="143" pin="2"/><net_sink comp="151" pin=1"/></net>

<net id="161"><net_src comp="151" pin="2"/><net_sink comp="157" pin=1"/></net>

<net id="167"><net_src comp="34" pin="0"/><net_sink comp="162" pin=0"/></net>

<net id="168"><net_src comp="157" pin="2"/><net_sink comp="162" pin=1"/></net>

<net id="169"><net_src comp="36" pin="0"/><net_sink comp="162" pin=2"/></net>

<net id="174"><net_src comp="38" pin="0"/><net_sink comp="170" pin=0"/></net>

<net id="179"><net_src comp="170" pin="2"/><net_sink comp="175" pin=1"/></net>

<net id="185"><net_src comp="34" pin="0"/><net_sink comp="180" pin=0"/></net>

<net id="186"><net_src comp="175" pin="2"/><net_sink comp="180" pin=1"/></net>

<net id="187"><net_src comp="36" pin="0"/><net_sink comp="180" pin=2"/></net>

<net id="192"><net_src comp="180" pin="3"/><net_sink comp="188" pin=0"/></net>

<net id="193"><net_src comp="40" pin="0"/><net_sink comp="188" pin=1"/></net>

<net id="198"><net_src comp="89" pin="1"/><net_sink comp="194" pin=0"/></net>

<net id="199"><net_src comp="188" pin="2"/><net_sink comp="194" pin=1"/></net>

<net id="204"><net_src comp="194" pin="2"/><net_sink comp="200" pin=0"/></net>

<net id="205"><net_src comp="162" pin="3"/><net_sink comp="200" pin=1"/></net>

<net id="209"><net_src comp="89" pin="1"/><net_sink comp="206" pin=0"/></net>

<net id="214"><net_src comp="206" pin="1"/><net_sink comp="210" pin=1"/></net>

<net id="215"><net_src comp="210" pin="2"/><net_sink comp="66" pin=1"/></net>

<net id="219"><net_src comp="48" pin="1"/><net_sink comp="216" pin=0"/></net>

<net id="220"><net_src comp="216" pin="1"/><net_sink comp="102" pin=1"/></net>

<net id="221"><net_src comp="216" pin="1"/><net_sink comp="107" pin=0"/></net>

<net id="222"><net_src comp="216" pin="1"/><net_sink comp="132" pin=1"/></net>

<net id="226"><net_src comp="110" pin="2"/><net_sink comp="223" pin=0"/></net>

<net id="230"><net_src comp="59" pin="3"/><net_sink comp="227" pin=0"/></net>

<net id="231"><net_src comp="227" pin="1"/><net_sink comp="66" pin=2"/></net>

<net id="232"><net_src comp="227" pin="1"/><net_sink comp="66" pin=0"/></net>

<net id="236"><net_src comp="76" pin="3"/><net_sink comp="233" pin=0"/></net>

<net id="237"><net_src comp="233" pin="1"/><net_sink comp="83" pin=0"/></net>

<net id="241"><net_src comp="66" pin="7"/><net_sink comp="238" pin=0"/></net>

<net id="242"><net_src comp="238" pin="1"/><net_sink comp="143" pin=1"/></net>

<net id="243"><net_src comp="238" pin="1"/><net_sink comp="157" pin=0"/></net>

<net id="247"><net_src comp="83" pin="3"/><net_sink comp="244" pin=0"/></net>

<net id="248"><net_src comp="244" pin="1"/><net_sink comp="143" pin=0"/></net>

<net id="249"><net_src comp="244" pin="1"/><net_sink comp="147" pin=0"/></net>

<net id="253"><net_src comp="137" pin="2"/><net_sink comp="250" pin=0"/></net>

<net id="254"><net_src comp="250" pin="1"/><net_sink comp="147" pin=1"/></net>

<net id="255"><net_src comp="250" pin="1"/><net_sink comp="170" pin=1"/></net>

<net id="256"><net_src comp="250" pin="1"/><net_sink comp="175" pin=0"/></net>

<net id="257"><net_src comp="250" pin="1"/><net_sink comp="210" pin=0"/></net>

<net id="261"><net_src comp="200" pin="2"/><net_sink comp="258" pin=0"/></net>

<net id="262"><net_src comp="258" pin="1"/><net_sink comp="93" pin=0"/></net>

</net_list>

</model> 
---------------- Datapath Model END ------------------

* FSMD analyzer results:
  - Output states:
	Port: coeff | {3 }
	Port: carry_181_out | {2 }
	Port: p503x2_1 | {}
 - Input state : 
	Port: fpadd503.3_Pipeline_VITIS_LOOP_28_2 : coeff | {1 2 }
	Port: fpadd503.3_Pipeline_VITIS_LOOP_28_2 : p503x2_1 | {1 2 }
  - Chain level:
	State 1
		store_ln20 : 1
		i : 1
		icmp_ln28 : 2
		add_ln28 : 2
		trunc_ln29 : 2
		zext_ln29_18 : 3
		coeff_addr : 4
		coeff_load : 5
		p503x2_1_addr : 4
		p503x2_1_load : 5
		store_ln20 : 3
	State 2
		tempReg : 1
		write_ln29 : 1
	State 3
		or_ln95 : 1
		tmp_211 : 1
		xor_ln29 : 2
		and_ln29 : 2
		borrowReg : 2
		sub_ln29 : 1
		store_ln29 : 2


============================================================
+ Verbose Summary: Datapath Resource usage 
============================================================

* Functional unit list:
|----------|------------------------|---------|---------|
| Operation|     Functional Unit    |    FF   |   LUT   |
|----------|------------------------|---------|---------|
|          |     tempReg_fu_137     |    0    |    71   |
|    sub   |     sub_ln95_fu_170    |    0    |    71   |
|          |     sub_ln29_fu_210    |    0    |    71   |
|----------|------------------------|---------|---------|
|          |    xor_ln105_fu_143    |    0    |    64   |
|    xor   |  xor_ln105_106_fu_147  |    0    |    64   |
|          |  xor_ln105_107_fu_157  |    0    |    64   |
|          |     xor_ln29_fu_188    |    0    |    2    |
|----------|------------------------|---------|---------|
|          |     or_ln105_fu_151    |    0    |    64   |
|    or    |     or_ln95_fu_175     |    0    |    64   |
|          |    borrowReg_fu_200    |    0    |    2    |
|----------|------------------------|---------|---------|
|   icmp   |    icmp_ln28_fu_110    |    0    |    13   |
|----------|------------------------|---------|---------|
|    add   |     add_ln28_fu_116    |    0    |    13   |
|----------|------------------------|---------|---------|
|    and   |     and_ln29_fu_194    |    0    |    2    |
|----------|------------------------|---------|---------|
|   write  | write_ln29_write_fu_52 |    0    |    0    |
|----------|------------------------|---------|---------|
|   trunc  |    trunc_ln29_fu_122   |    0    |    0    |
|----------|------------------------|---------|---------|
|   zext   |   zext_ln29_18_fu_126  |    0    |    0    |
|          |    zext_ln29_fu_206    |    0    |    0    |
|----------|------------------------|---------|---------|
| bitselect|       tmp_fu_162       |    0    |    0    |
|          |     tmp_211_fu_180     |    0    |    0    |
|----------|------------------------|---------|---------|
|   Total  |                        |    0    |   565   |
|----------|------------------------|---------|---------|

Memories:
N/A

* Register list:
+---------------------+--------+
|                     |   FF   |
+---------------------+--------+
|  borrowReg_reg_258  |    1   |
|     carry_reg_89    |    1   |
|  coeff_addr_reg_227 |    6   |
|  coeff_load_reg_238 |   64   |
|    i_143_reg_216    |    4   |
|  icmp_ln28_reg_223  |    1   |
|p503x2_1_addr_reg_233|    3   |
|p503x2_1_load_reg_244|   64   |
|   tempReg_reg_250   |   64   |
+---------------------+--------+
|        Total        |   208  |
+---------------------+--------+

* Multiplexer (MUX) list: 
|------------------|------|------|------|--------||---------||---------||---------|
|       Comp       |  Pin | Size |  BW  | S x BW ||  Delay  ||    FF   ||   LUT   |
|------------------|------|------|------|--------||---------||---------||---------|
| grp_access_fu_66 |  p2  |   2  |   0  |    0   ||    0    ||    9    |
| grp_access_fu_83 |  p0  |   2  |   3  |    6   ||    0    ||    9    |
|   carry_reg_89   |  p0  |   2  |   1  |    2   ||    0    ||    9    |
|------------------|------|------|------|--------||---------||---------||---------|
|       Total      |      |      |      |    8   ||  4.764  ||    0    ||    27   |
|------------------|------|------|------|--------||---------||---------||---------|



* Summary:
+-----------+--------+--------+--------+
|           |  Delay |   FF   |   LUT  |
+-----------+--------+--------+--------+
|  Function |    -   |    0   |   565  |
|   Memory  |    -   |    -   |    -   |
|Multiplexer|    4   |    0   |   27   |
|  Register |    -   |   208  |    -   |
+-----------+--------+--------+--------+
|   Total   |    4   |   208  |   592  |
+-----------+--------+--------+--------+
