

================================================================
== Vitis HLS Report for 'fpadd503_58_60_Pipeline_VITIS_LOOP_23_1'
================================================================
* Date:           Tue May 20 14:30:11 2025

* Version:        2024.2.2 (Build 6049644 on Mar  5 2025)
* Project:        sikep503_hls
* Solution:       solution1 (Vivado IP Flow Target)
* Product family: zynq
* Target device:  xc7z020-clg484-1


================================================================
== Performance Estimates
================================================================
+ Timing: 
    * Summary: 
    +--------+----------+----------+------------+
    |  Clock |  Target  | Estimated| Uncertainty|
    +--------+----------+----------+------------+
    |ap_clk  |  10.00 ns|  7.040 ns|     2.70 ns|
    +--------+----------+----------+------------+

+ Latency: 
    * Summary: 
    +---------+---------+----------+----------+-----+-----+------------------------------------------------+
    |  Latency (cycles) |  Latency (absolute) |  Interval |                    Pipeline                    |
    |   min   |   max   |    min   |    max   | min | max |                      Type                      |
    +---------+---------+----------+----------+-----+-----+------------------------------------------------+
    |       20|       20|  0.200 us|  0.200 us|   18|   18|  loop auto-rewind stp (delay=0 clock cycles(s))|
    +---------+---------+----------+----------+-----+-----+------------------------------------------------+

    + Detail: 
        * Instance: 
        N/A

        * Loop: 
        +-------------------+---------+---------+----------+-----------+-----------+------+----------+
        |                   |  Latency (cycles) | Iteration|  Initiation Interval  | Trip |          |
        |     Loop Name     |   min   |   max   |  Latency |  achieved |   target  | Count| Pipelined|
        +-------------------+---------+---------+----------+-----------+-----------+------+----------+
        |- VITIS_LOOP_23_1  |       18|       18|         4|          2|          1|     8|       yes|
        +-------------------+---------+---------+----------+-----------+-----------+------+----------+

============================================================
+ Verbose Summary: Synthesis Manager
============================================================
InlineROM: 1
ExposeGlobal: 0
============================================================
+ Verbose Summary: CDFG Model
============================================================
IsTopModel: 0
ResetActiveHigh: 1
IsCombinational: 0
IsDatapathOnly: 0
HasWiredReturn: 1
HasMFsm: 2
HasVarLatency: 1
IsPipeline: 0
IsRtlPipelined: 0
IsInstanceOverlapped: 0
IsDontTouch: 0
HasImplIP: 0
IsGatedGlobalClock: 0

+ Individual pipeline summary: 
  * Pipeline-0: initiation interval (II) = 2, depth = 4


============================================================
+ Verbose Summary: Schedule
============================================================
* Number of FSM states : 4
* Pipeline : 1
  Pipeline-0 : II = 2, D = 4, States = { 1 2 3 4 }
* Dataflow Pipeline: 0

* FSM state transitions: 
1 --> 2 
2 --> 3 
3 --> 4 
4 --> 

* FSM state operations: 

State 1 <SV = 0> <Delay = 3.91>
ST_1 : Operation 7 [1/1] (0.00ns)   --->   "%i = alloca i32 1" [src/generic/fp_generic.c:20]   --->   Operation 7 'alloca' 'i' <Predicate = true> <Delay = 0.00>
ST_1 : Operation 8 [1/1] (0.00ns)   --->   "%c_1_offset_read = read i1 @_ssdm_op_Read.ap_auto.i1, i1 %c_1_offset"   --->   Operation 8 'read' 'c_1_offset_read' <Predicate = true> <Delay = 0.00>
ST_1 : Operation 9 [1/1] (0.00ns)   --->   "%c_0_offset_read = read i1 @_ssdm_op_Read.ap_auto.i1, i1 %c_0_offset"   --->   Operation 9 'read' 'c_0_offset_read' <Predicate = true> <Delay = 0.00>
ST_1 : Operation 10 [1/1] (1.58ns)   --->   "%store_ln20 = store i4 0, i4 %i" [src/generic/fp_generic.c:20]   --->   Operation 10 'store' 'store_ln20' <Predicate = true> <Delay = 1.58>
ST_1 : Operation 11 [1/1] (1.58ns)   --->   "%br_ln0 = br void %for.inc"   --->   Operation 11 'br' 'br_ln0' <Predicate = true> <Delay = 1.58>
ST_1 : Operation 12 [1/1] (0.00ns)   --->   "%i_217 = load i4 %i" [src/generic/fp_generic.c:23]   --->   Operation 12 'load' 'i_217' <Predicate = true> <Delay = 0.00>
ST_1 : Operation 13 [1/1] (1.73ns)   --->   "%icmp_ln23 = icmp_eq  i4 %i_217, i4 8" [src/generic/fp_generic.c:23]   --->   Operation 13 'icmp' 'icmp_ln23' <Predicate = true> <Delay = 1.73> <CoreInst = "Cmp">   --->   Core 9 'Cmp' <Latency = 0> <II = 1> <Delay = 1.73> <FuncUnit> <Opcode : 'seteq' 'setne' 'setle' 'setge' 'setlt' 'setgt'> <InPorts = 2> <OutPorts = 1>
ST_1 : Operation 14 [1/1] (0.00ns)   --->   "%br_ln23 = br i1 %icmp_ln23, void %for.inc.split, void %for.inc29.preheader.exitStub" [src/generic/fp_generic.c:23]   --->   Operation 14 'br' 'br_ln23' <Predicate = true> <Delay = 0.00>
ST_1 : Operation 15 [1/1] (0.00ns)   --->   "%lshr_ln = partselect i2 @_ssdm_op_PartSelect.i2.i4.i32.i32, i4 %i_217, i32 1, i32 2" [src/generic/fp_generic.c:20]   --->   Operation 15 'partselect' 'lshr_ln' <Predicate = (!icmp_ln23)> <Delay = 0.00>
ST_1 : Operation 16 [1/1] (0.00ns)   --->   "%tmp = bitconcatenate i3 @_ssdm_op_BitConcatenate.i3.i1.i2, i1 %c_0_offset_read, i2 %lshr_ln" [src/generic/fp_generic.c:24]   --->   Operation 16 'bitconcatenate' 'tmp' <Predicate = (!icmp_ln23)> <Delay = 0.00>
ST_1 : Operation 17 [1/1] (0.00ns)   --->   "%zext_ln24 = zext i3 %tmp" [src/generic/fp_generic.c:24]   --->   Operation 17 'zext' 'zext_ln24' <Predicate = (!icmp_ln23)> <Delay = 0.00>
ST_1 : Operation 18 [1/1] (0.00ns)   --->   "%c_0_addr = getelementptr i64 %c_0, i32 0, i32 %zext_ln24" [src/generic/fp_generic.c:24]   --->   Operation 18 'getelementptr' 'c_0_addr' <Predicate = (!icmp_ln23)> <Delay = 0.00>
ST_1 : Operation 19 [1/1] (0.00ns)   --->   "%tmp_s = bitconcatenate i3 @_ssdm_op_BitConcatenate.i3.i1.i2, i1 %c_1_offset_read, i2 %lshr_ln" [src/generic/fp_generic.c:24]   --->   Operation 19 'bitconcatenate' 'tmp_s' <Predicate = (!icmp_ln23)> <Delay = 0.00>
ST_1 : Operation 20 [1/1] (0.00ns)   --->   "%zext_ln24_15 = zext i3 %tmp_s" [src/generic/fp_generic.c:24]   --->   Operation 20 'zext' 'zext_ln24_15' <Predicate = (!icmp_ln23)> <Delay = 0.00>
ST_1 : Operation 21 [1/1] (0.00ns)   --->   "%c_1_addr = getelementptr i64 %c_1, i32 0, i32 %zext_ln24_15" [src/generic/fp_generic.c:24]   --->   Operation 21 'getelementptr' 'c_1_addr' <Predicate = (!icmp_ln23)> <Delay = 0.00>
ST_1 : Operation 22 [2/2] (2.32ns)   --->   "%c_0_load = load i3 %c_0_addr" [src/generic/fp_generic.c:24]   --->   Operation 22 'load' 'c_0_load' <Predicate = (!icmp_ln23)> <Delay = 2.32> <CoreInst = "RAM">   --->   Core 81 'RAM' <Latency = 1> <II = 1> <Delay = 2.32> <Storage> <Opcode : 'load' 'store'> <Ports = 2> <Width = 64> <Depth = 8> <RAM>
ST_1 : Operation 23 [2/2] (2.32ns)   --->   "%c_1_load = load i3 %c_1_addr" [src/generic/fp_generic.c:24]   --->   Operation 23 'load' 'c_1_load' <Predicate = (!icmp_ln23)> <Delay = 2.32> <CoreInst = "RAM">   --->   Core 81 'RAM' <Latency = 1> <II = 1> <Delay = 2.32> <Storage> <Opcode : 'load' 'store'> <Ports = 2> <Width = 64> <Depth = 8> <RAM>

State 2 <SV = 1> <Delay = 3.80>
ST_2 : Operation 24 [1/1] (1.73ns)   --->   "%add_ln23 = add i4 %i_217, i4 1" [src/generic/fp_generic.c:23]   --->   Operation 24 'add' 'add_ln23' <Predicate = true> <Delay = 1.73> <CoreInst = "Adder">   --->   Core 1 'Adder' <Latency = 0> <II = 1> <Delay = 1.73> <FuncUnit> <Opcode : 'add' 'sub'> <InPorts = 2> <OutPorts = 1>
ST_2 : Operation 25 [1/1] (0.00ns)   --->   "%trunc_ln23 = trunc i4 %i_217" [src/generic/fp_generic.c:23]   --->   Operation 25 'trunc' 'trunc_ln23' <Predicate = (!icmp_ln23)> <Delay = 0.00>
ST_2 : Operation 26 [1/2] ( I:2.32ns O:2.32ns )   --->   "%c_0_load = load i3 %c_0_addr" [src/generic/fp_generic.c:24]   --->   Operation 26 'load' 'c_0_load' <Predicate = (!icmp_ln23)> <Delay = 2.32> <CoreInst = "RAM">   --->   Core 81 'RAM' <Latency = 1> <II = 1> <Delay = 2.32> <Storage> <Opcode : 'load' 'store'> <Ports = 2> <Width = 64> <Depth = 8> <RAM>
ST_2 : Operation 27 [1/2] ( I:2.32ns O:2.32ns )   --->   "%c_1_load = load i3 %c_1_addr" [src/generic/fp_generic.c:24]   --->   Operation 27 'load' 'c_1_load' <Predicate = (!icmp_ln23)> <Delay = 2.32> <CoreInst = "RAM">   --->   Core 81 'RAM' <Latency = 1> <II = 1> <Delay = 2.32> <Storage> <Opcode : 'load' 'store'> <Ports = 2> <Width = 64> <Depth = 8> <RAM>
ST_2 : Operation 28 [1/1] (1.48ns)   --->   "%select_ln24 = select i1 %trunc_ln23, i64 %c_1_load, i64 %c_0_load" [src/generic/fp_generic.c:24]   --->   Operation 28 'select' 'select_ln24' <Predicate = (!icmp_ln23)> <Delay = 1.48> <CoreInst = "Sel">   --->   Core 73 'Sel' <Latency = 0> <II = 1> <Delay = 1.48> <FuncUnit> <Opcode : 'select'> <InPorts = 3> <OutPorts = 1>
ST_2 : Operation 29 [1/1] (0.00ns)   --->   "%br_ln24 = br i1 %trunc_ln23, void %arrayidx57.case.0, void %arrayidx57.case.1" [src/generic/fp_generic.c:24]   --->   Operation 29 'br' 'br_ln24' <Predicate = (!icmp_ln23)> <Delay = 0.00>
ST_2 : Operation 30 [1/1] (1.58ns)   --->   "%store_ln20 = store i4 %add_ln23, i4 %i" [src/generic/fp_generic.c:20]   --->   Operation 30 'store' 'store_ln20' <Predicate = (!icmp_ln23)> <Delay = 1.58>

State 3 <SV = 2> <Delay = 7.04>
ST_3 : Operation 31 [1/1] (0.00ns)   --->   "%carry = phi i1 0, void %newFuncRoot, i1 %tmp_208, void %arrayidx57.exit" [src/generic/fp_generic.c:23]   --->   Operation 31 'phi' 'carry' <Predicate = true> <Delay = 0.00>
ST_3 : Operation 32 [1/1] (0.00ns)   --->   "%specpipeline_ln20 = specpipeline void @_ssdm_op_SpecPipeline, i32 4294967295, i32 0, i32 0, i32 0, void @empty_44" [src/generic/fp_generic.c:20]   --->   Operation 32 'specpipeline' 'specpipeline_ln20' <Predicate = (!icmp_ln23)> <Delay = 0.00>
ST_3 : Operation 33 [1/1] (0.00ns)   --->   "%speclooptripcount_ln20 = speclooptripcount void @_ssdm_op_SpecLoopTripCount, i64 8, i64 8, i64 8" [src/generic/fp_generic.c:20]   --->   Operation 33 'speclooptripcount' 'speclooptripcount_ln20' <Predicate = (!icmp_ln23)> <Delay = 0.00>
ST_3 : Operation 34 [1/1] (0.00ns)   --->   "%specloopname_ln23 = specloopname void @_ssdm_op_SpecLoopName, void @empty_5" [src/generic/fp_generic.c:23]   --->   Operation 34 'specloopname' 'specloopname_ln23' <Predicate = (!icmp_ln23)> <Delay = 0.00>
ST_3 : Operation 35 [1/1] (0.00ns)   --->   "%zext_ln24_16 = zext i1 %carry" [src/generic/fp_generic.c:24]   --->   Operation 35 'zext' 'zext_ln24_16' <Predicate = (!icmp_ln23)> <Delay = 0.00>
ST_3 : Operation 36 [1/1] (3.52ns)   --->   "%tempReg = add i64 %select_ln24, i64 %zext_ln24_16" [src/generic/fp_generic.c:24]   --->   Operation 36 'add' 'tempReg' <Predicate = (!icmp_ln23)> <Delay = 3.52> <CoreInst = "Adder">   --->   Core 1 'Adder' <Latency = 0> <II = 1> <Delay = 3.52> <FuncUnit> <Opcode : 'add' 'sub'> <InPorts = 2> <OutPorts = 1>
ST_3 : Operation 37 [1/1] (3.52ns)   --->   "%add_ln24 = add i64 %select_ln24, i64 %tempReg" [src/generic/fp_generic.c:24]   --->   Operation 37 'add' 'add_ln24' <Predicate = (!icmp_ln23)> <Delay = 3.52> <CoreInst = "Adder">   --->   Core 1 'Adder' <Latency = 0> <II = 1> <Delay = 3.52> <FuncUnit> <Opcode : 'add' 'sub'> <InPorts = 2> <OutPorts = 1>
ST_3 : Operation 54 [1/1] (1.58ns)   --->   "%ret_ln0 = ret"   --->   Operation 54 'ret' 'ret_ln0' <Predicate = (icmp_ln23)> <Delay = 1.58>

State 4 <SV = 3> <Delay = 2.32>
ST_4 : Operation 38 [1/1] ( I:2.32ns O:2.32ns )   --->   "%store_ln24 = store i64 %add_ln24, i3 %c_0_addr" [src/generic/fp_generic.c:24]   --->   Operation 38 'store' 'store_ln24' <Predicate = (!icmp_ln23 & !trunc_ln23)> <Delay = 2.32> <CoreInst = "RAM">   --->   Core 81 'RAM' <Latency = 1> <II = 1> <Delay = 2.32> <Storage> <Opcode : 'load' 'store'> <Ports = 2> <Width = 64> <Depth = 8> <RAM>
ST_4 : Operation 39 [1/1] (0.00ns)   --->   "%br_ln24 = br void %arrayidx57.exit" [src/generic/fp_generic.c:24]   --->   Operation 39 'br' 'br_ln24' <Predicate = (!icmp_ln23 & !trunc_ln23)> <Delay = 0.00>
ST_4 : Operation 40 [1/1] ( I:2.32ns O:2.32ns )   --->   "%store_ln24 = store i64 %add_ln24, i3 %c_1_addr" [src/generic/fp_generic.c:24]   --->   Operation 40 'store' 'store_ln24' <Predicate = (!icmp_ln23 & trunc_ln23)> <Delay = 2.32> <CoreInst = "RAM">   --->   Core 81 'RAM' <Latency = 1> <II = 1> <Delay = 2.32> <Storage> <Opcode : 'load' 'store'> <Ports = 2> <Width = 64> <Depth = 8> <RAM>
ST_4 : Operation 41 [1/1] (0.00ns)   --->   "%br_ln24 = br void %arrayidx57.exit" [src/generic/fp_generic.c:24]   --->   Operation 41 'br' 'br_ln24' <Predicate = (!icmp_ln23 & trunc_ln23)> <Delay = 0.00>
ST_4 : Operation 42 [1/1] (0.00ns) (grouped into LUT with out node xor_ln24_24)   --->   "%xor_ln24 = xor i64 %add_ln24, i64 %tempReg" [src/generic/fp_generic.c:24]   --->   Operation 42 'xor' 'xor_ln24' <Predicate = (!icmp_ln23)> <Delay = 0.00> <CoreInst = "LogicGate">   --->   Core 74 'LogicGate' <Latency = 0> <II = 1> <Delay = 0.99> <FuncUnit> <Opcode : 'and' 'or' 'xor'> <InPorts = 2> <OutPorts = 1>
ST_4 : Operation 43 [1/1] (0.00ns) (grouped into LUT with out node xor_ln24_24)   --->   "%xor_ln24_22 = xor i64 %select_ln24, i64 %tempReg" [src/generic/fp_generic.c:24]   --->   Operation 43 'xor' 'xor_ln24_22' <Predicate = (!icmp_ln23)> <Delay = 0.00> <CoreInst = "LogicGate">   --->   Core 74 'LogicGate' <Latency = 0> <II = 1> <Delay = 0.99> <FuncUnit> <Opcode : 'and' 'or' 'xor'> <InPorts = 2> <OutPorts = 1>
ST_4 : Operation 44 [1/1] (0.00ns) (grouped into LUT with out node xor_ln24_24)   --->   "%or_ln24 = or i64 %xor_ln24, i64 %xor_ln24_22" [src/generic/fp_generic.c:24]   --->   Operation 44 'or' 'or_ln24' <Predicate = (!icmp_ln23)> <Delay = 0.00> <CoreInst = "LogicGate">   --->   Core 74 'LogicGate' <Latency = 0> <II = 1> <Delay = 0.99> <FuncUnit> <Opcode : 'and' 'or' 'xor'> <InPorts = 2> <OutPorts = 1>
ST_4 : Operation 45 [1/1] (0.00ns) (grouped into LUT with out node or_ln24_8)   --->   "%bit_sel = bitselect i1 @_ssdm_op_BitSelect.i1.i64.i64, i64 %tempReg, i64 63" [src/generic/fp_generic.c:24]   --->   Operation 45 'bitselect' 'bit_sel' <Predicate = (!icmp_ln23)> <Delay = 0.00>
ST_4 : Operation 46 [1/1] (0.00ns) (grouped into LUT with out node or_ln24_8)   --->   "%xor_ln24_23 = xor i1 %bit_sel, i1 1" [src/generic/fp_generic.c:24]   --->   Operation 46 'xor' 'xor_ln24_23' <Predicate = (!icmp_ln23)> <Delay = 0.00> <CoreInst = "LogicGate">   --->   Core 74 'LogicGate' <Latency = 0> <II = 1> <Delay = 0.97> <FuncUnit> <Opcode : 'and' 'or' 'xor'> <InPorts = 2> <OutPorts = 1>
ST_4 : Operation 47 [1/1] (0.00ns) (grouped into LUT with out node or_ln24_8)   --->   "%trunc_ln24 = trunc i64 %tempReg" [src/generic/fp_generic.c:24]   --->   Operation 47 'trunc' 'trunc_ln24' <Predicate = (!icmp_ln23)> <Delay = 0.00>
ST_4 : Operation 48 [1/1] (0.00ns) (grouped into LUT with out node or_ln24_8)   --->   "%xor_ln24_s = bitconcatenate i64 @_ssdm_op_BitConcatenate.i64.i1.i63, i1 %xor_ln24_23, i63 %trunc_ln24" [src/generic/fp_generic.c:24]   --->   Operation 48 'bitconcatenate' 'xor_ln24_s' <Predicate = (!icmp_ln23)> <Delay = 0.00>
ST_4 : Operation 49 [1/1] (0.00ns) (grouped into LUT with out node or_ln24_8)   --->   "%and_ln24 = and i64 %xor_ln24_s, i64 %select_ln24" [src/generic/fp_generic.c:24]   --->   Operation 49 'and' 'and_ln24' <Predicate = (!icmp_ln23)> <Delay = 0.00> <CoreInst = "LogicGate">   --->   Core 74 'LogicGate' <Latency = 0> <II = 1> <Delay = 0.99> <FuncUnit> <Opcode : 'and' 'or' 'xor'> <InPorts = 2> <OutPorts = 1>
ST_4 : Operation 50 [1/1] (0.99ns) (out node of the LUT)   --->   "%xor_ln24_24 = xor i64 %or_ln24, i64 %add_ln24" [src/generic/fp_generic.c:24]   --->   Operation 50 'xor' 'xor_ln24_24' <Predicate = (!icmp_ln23)> <Delay = 0.99> <CoreInst = "LogicGate">   --->   Core 74 'LogicGate' <Latency = 0> <II = 1> <Delay = 0.99> <FuncUnit> <Opcode : 'and' 'or' 'xor'> <InPorts = 2> <OutPorts = 1>
ST_4 : Operation 51 [1/1] (0.99ns) (out node of the LUT)   --->   "%or_ln24_8 = or i64 %xor_ln24_24, i64 %and_ln24" [src/generic/fp_generic.c:24]   --->   Operation 51 'or' 'or_ln24_8' <Predicate = (!icmp_ln23)> <Delay = 0.99> <CoreInst = "LogicGate">   --->   Core 74 'LogicGate' <Latency = 0> <II = 1> <Delay = 0.99> <FuncUnit> <Opcode : 'and' 'or' 'xor'> <InPorts = 2> <OutPorts = 1>
ST_4 : Operation 52 [1/1] (0.00ns)   --->   "%tmp_208 = bitselect i1 @_ssdm_op_BitSelect.i1.i64.i32, i64 %or_ln24_8, i32 63" [src/generic/fp_generic.c:23]   --->   Operation 52 'bitselect' 'tmp_208' <Predicate = (!icmp_ln23)> <Delay = 0.00>
ST_4 : Operation 53 [1/1] (0.00ns)   --->   "%br_ln23 = br void %for.inc" [src/generic/fp_generic.c:23]   --->   Operation 53 'br' 'br_ln23' <Predicate = (!icmp_ln23)> <Delay = 0.00>


============================================================
+ Verbose Summary: Timing violations
============================================================
Target clock period: 10.000ns, clock uncertainty: 2.700ns.

 <State 1>: 3.910ns
The critical path consists of the following:
	'store' operation 0 bit ('store_ln20', src/generic/fp_generic.c:20) of constant 0 on local variable 'i', src/generic/fp_generic.c:20 [8]  (1.588 ns)
	'load' operation 4 bit ('i', src/generic/fp_generic.c:23) on local variable 'i', src/generic/fp_generic.c:20 [12]  (0.000 ns)
	'getelementptr' operation 3 bit ('c_0_addr', src/generic/fp_generic.c:24) [24]  (0.000 ns)
	'load' operation 64 bit ('c_0_load', src/generic/fp_generic.c:24) on array 'c_0' [28]  (2.322 ns)

 <State 2>: 3.803ns
The critical path consists of the following:
	'load' operation 64 bit ('c_0_load', src/generic/fp_generic.c:24) on array 'c_0' [28]  (2.322 ns)
	'select' operation 64 bit ('select_ln24', src/generic/fp_generic.c:24) [30]  (1.481 ns)

 <State 3>: 7.040ns
The critical path consists of the following:
	'phi' operation 1 bit ('carry', src/generic/fp_generic.c:23) with incoming values : ('tmp_208', src/generic/fp_generic.c:23) [11]  (0.000 ns)
	'add' operation 64 bit ('tempReg', src/generic/fp_generic.c:24) [32]  (3.520 ns)
	'add' operation 64 bit ('x', src/generic/fp_generic.c:24) [33]  (3.520 ns)

 <State 4>: 2.322ns
The critical path consists of the following:
	'store' operation 0 bit ('store_ln24', src/generic/fp_generic.c:24) of variable 'x', src/generic/fp_generic.c:24 on array 'c_1' [39]  (2.322 ns)


============================================================
+ Verbose Summary: Binding
============================================================
N/A
* FSMD analyzer results:
  - Output states:
 - Input state : 
  - Chain level:
	State 1
	State 2
	State 3
	State 4


============================================================
+ Verbose Summary: Datapath Resource usage 
============================================================
N/A
