

================================================================
== Vitis HLS Report for 'fpadd503_2_Pipeline_VITIS_LOOP_34_3'
================================================================
* Date:           Tue May 20 14:36:09 2025

* Version:        2024.2.2 (Build 6049644 on Mar  5 2025)
* Project:        sikep503_hls
* Solution:       solution1 (Vivado IP Flow Target)
* Product family: zynq
* Target device:  xc7z020-clg484-1


================================================================
== Performance Estimates
================================================================
+ Timing: 
    * Summary: 
    +--------+----------+----------+------------+
    |  Clock |  Target  | Estimated| Uncertainty|
    +--------+----------+----------+------------+
    |ap_clk  |  10.00 ns|  6.774 ns|     2.70 ns|
    +--------+----------+----------+------------+

+ Latency: 
    * Summary: 
    +---------+---------+----------+----------+-----+-----+------------------------------------------------+
    |  Latency (cycles) |  Latency (absolute) |  Interval |                    Pipeline                    |
    |   min   |   max   |    min   |    max   | min | max |                      Type                      |
    +---------+---------+----------+----------+-----+-----+------------------------------------------------+
    |       26|       26|  0.260 us|  0.260 us|   25|   25|  loop auto-rewind stp (delay=0 clock cycles(s))|
    +---------+---------+----------+----------+-----+-----+------------------------------------------------+

    + Detail: 
        * Instance: 
        N/A

        * Loop: 
        +-------------------+---------+---------+----------+-----------+-----------+------+----------+
        |                   |  Latency (cycles) | Iteration|  Initiation Interval  | Trip |          |
        |     Loop Name     |   min   |   max   |  Latency |  achieved |   target  | Count| Pipelined|
        +-------------------+---------+---------+----------+-----------+-----------+------+----------+
        |- VITIS_LOOP_34_3  |       24|       24|         3|          3|          1|     8|       yes|
        +-------------------+---------+---------+----------+-----------+-----------+------+----------+



================================================================
== Utilization Estimates
================================================================
* Summary: 
+-----------------+---------+-----+--------+-------+-----+
|       Name      | BRAM_18K| DSP |   FF   |  LUT  | URAM|
+-----------------+---------+-----+--------+-------+-----+
|DSP              |        -|    -|       -|      -|    -|
|Expression       |        -|    -|       0|    620|    -|
|FIFO             |        -|    -|       -|      -|    -|
|Instance         |        -|    -|       -|      -|    -|
|Memory           |        0|    -|      64|      8|    -|
|Multiplexer      |        -|    -|       0|     79|    -|
|Register         |        -|    -|     268|      -|    -|
+-----------------+---------+-----+--------+-------+-----+
|Total            |        0|    0|     332|    707|    0|
+-----------------+---------+-----+--------+-------+-----+
|Available        |      280|  220|  106400|  53200|    0|
+-----------------+---------+-----+--------+-------+-----+
|Utilization (%)  |        0|    0|      ~0|      1|    0|
+-----------------+---------+-----+--------+-------+-----+

+ Detail: 
    * Instance: 
    N/A

    * DSP: 
    N/A

    * Memory: 
    +------------+--------------------------------------------------------------+---------+----+----+-----+------+-----+------+-------------+
    |   Memory   |                            Module                            | BRAM_18K| FF | LUT| URAM| Words| Bits| Banks| W*Bits*Banks|
    +------------+--------------------------------------------------------------+---------+----+----+-----+------+-----+------+-------------+
    |p503x2_1_U  |fpadd503_149_3_Pipeline_VITIS_LOOP_28_2_p503x2_1_ROM_AUTO_1R  |        0|  64|   8|    0|     8|   64|     1|          512|
    +------------+--------------------------------------------------------------+---------+----+----+-----+------+-----+------+-------------+
    |Total       |                                                              |        0|  64|   8|    0|     8|   64|     1|          512|
    +------------+--------------------------------------------------------------+---------+----+----+-----+------+-----+------+-------------+

    * FIFO: 
    N/A

    * Expression: 
    +--------------------------+----------+----+---+----+------------+------------+
    |       Variable Name      | Operation| DSP| FF| LUT| Bitwidth P0| Bitwidth P1|
    +--------------------------+----------+----+---+----+------------+------------+
    |add_ln34_fu_129_p2        |         +|   0|  0|  13|           4|           1|
    |add_ln35_fu_177_p2        |         +|   0|  0|  71|          64|          64|
    |tempReg_fu_166_p2         |         +|   0|  0|  71|          64|          64|
    |and_ln35_11_fu_221_p2     |       and|   0|  0|  64|          64|          64|
    |and_ln35_fu_172_p2        |       and|   0|  0|  64|          64|          64|
    |icmp_ln34_fu_123_p2       |      icmp|   0|  0|  13|           4|           5|
    |or_ln35_11_fu_232_p2      |        or|   0|  0|  64|          64|          64|
    |or_ln35_fu_191_p2         |        or|   0|  0|  64|          64|          64|
    |sext_ln21_cast_fu_107_p3  |    select|   0|  0|   2|           1|           2|
    |xor_ln35_32_fu_187_p2     |       xor|   0|  0|  64|          64|          64|
    |xor_ln35_33_fu_204_p2     |       xor|   0|  0|   2|           1|           2|
    |xor_ln35_34_fu_226_p2     |       xor|   0|  0|  64|          64|          64|
    |xor_ln35_fu_182_p2        |       xor|   0|  0|  64|          64|          64|
    +--------------------------+----------+----+---+----+------------+------------+
    |Total                     |          |   0|  0| 620|         586|         586|
    +--------------------------+----------+----+---+----+------------+------------+

    * Multiplexer: 
    +----------------------+----+-----------+-----+-----------+
    |         Name         | LUT| Input Size| Bits| Total Bits|
    +----------------------+----+-----------+-----+-----------+
    |ap_NS_fsm             |  20|          4|    1|          4|
    |ap_done_int           |   9|          2|    1|          2|
    |ap_sig_allocacmp_i    |   9|          2|    4|          8|
    |carry_reg_96          |   9|          2|    1|          2|
    |coeff_address0_local  |  14|          3|    6|         18|
    |coeff_we0_local       |   9|          2|    8|         16|
    |i_146_fu_60           |   9|          2|    4|          8|
    +----------------------+----+-----------+-----+-----------+
    |Total                 |  79|         17|   25|         58|
    +----------------------+----+-----------+-----+-----------+

    * Register: 
    +------------------------+----+----+-----+-----------+
    |          Name          | FF | LUT| Bits| Const Bits|
    +------------------------+----+----+-----+-----------+
    |and_ln35_reg_285        |  64|   0|   64|          0|
    |ap_CS_fsm               |   3|   0|    3|          0|
    |ap_done_reg             |   1|   0|    1|          0|
    |carry_reg_96            |   1|   0|    1|          0|
    |coeff_addr_reg_261      |   3|   0|    6|          3|
    |coeff_load_reg_271      |  64|   0|   64|          0|
    |i_146_fu_60             |   4|   0|    4|          0|
    |sext_ln21_cast_reg_253  |  64|   0|   64|          0|
    |tempReg_reg_276         |  64|   0|   64|          0|
    +------------------------+----+----+-----+-----------+
    |Total                   | 268|   0|  271|          3|
    +------------------------+----+----+-----+-----------+



================================================================
== Interface
================================================================
* Summary: 
+----------------+-----+-----+------------+-------------------------------------+--------------+
|    RTL Ports   | Dir | Bits|  Protocol  |            Source Object            |    C Type    |
+----------------+-----+-----+------------+-------------------------------------+--------------+
|ap_clk          |   in|    1|  ap_ctrl_hs|  fpadd503.2_Pipeline_VITIS_LOOP_34_3|  return value|
|ap_rst          |   in|    1|  ap_ctrl_hs|  fpadd503.2_Pipeline_VITIS_LOOP_34_3|  return value|
|ap_start        |   in|    1|  ap_ctrl_hs|  fpadd503.2_Pipeline_VITIS_LOOP_34_3|  return value|
|ap_done         |  out|    1|  ap_ctrl_hs|  fpadd503.2_Pipeline_VITIS_LOOP_34_3|  return value|
|ap_idle         |  out|    1|  ap_ctrl_hs|  fpadd503.2_Pipeline_VITIS_LOOP_34_3|  return value|
|ap_ready        |  out|    1|  ap_ctrl_hs|  fpadd503.2_Pipeline_VITIS_LOOP_34_3|  return value|
|coeff_address0  |  out|    6|   ap_memory|                                coeff|         array|
|coeff_ce0       |  out|    1|   ap_memory|                                coeff|         array|
|coeff_we0       |  out|    8|   ap_memory|                                coeff|         array|
|coeff_d0        |  out|   64|   ap_memory|                                coeff|         array|
|coeff_q0        |   in|   64|   ap_memory|                                coeff|         array|
|sext_ln21       |   in|    1|     ap_none|                            sext_ln21|        scalar|
+----------------+-----+-----+------------+-------------------------------------+--------------+

============================================================
+ Verbose Summary: Synthesis Manager
============================================================
InlineROM: 1
ExposeGlobal: 0
============================================================
+ Verbose Summary: CDFG Model
============================================================
IsTopModel: 0
ResetActiveHigh: 1
IsCombinational: 2
IsDatapathOnly: 2
HasWiredReturn: 1
HasMFsm: 2
HasVarLatency: 1
IsPipeline: 0
IsRtlPipelined: 0
IsInstanceOverlapped: 0
IsDontTouch: 0
HasImplIP: 0
IsGatedGlobalClock: 0

+ Individual pipeline summary: 
  * Pipeline-0: initiation interval (II) = 3, depth = 3


============================================================
+ Verbose Summary: Schedule
============================================================
* Number of FSM states : 3
* Pipeline : 1
  Pipeline-0 : II = 3, D = 3, States = { 1 2 3 }
* Dataflow Pipeline: 0

* FSM state transitions: 
1 --> 2 
2 --> 3 
3 --> 

* FSM state operations: 

State 1 <SV = 0> <Delay = 4.91>
ST_1 : Operation 6 [1/1] (0.00ns)   --->   "%i_146 = alloca i32 1" [src/generic/fp_generic.c:20]   --->   Operation 6 'alloca' 'i_146' <Predicate = true> <Delay = 0.00>
ST_1 : Operation 7 [1/1] (0.00ns)   --->   "%specbramwithbyteenable_ln0 = specbramwithbyteenable void @_ssdm_op_SpecBRAMWithByteEnable, i64 %coeff"   --->   Operation 7 'specbramwithbyteenable' 'specbramwithbyteenable_ln0' <Predicate = true> <Delay = 0.00>
ST_1 : Operation 8 [1/1] (0.00ns)   --->   "%sext_ln21_read = read i1 @_ssdm_op_Read.ap_auto.i1, i1 %sext_ln21"   --->   Operation 8 'read' 'sext_ln21_read' <Predicate = true> <Delay = 0.00>
ST_1 : Operation 9 [1/1] (0.99ns)   --->   "%sext_ln21_cast = select i1 %sext_ln21_read, i64 18446744073709551615, i64 0"   --->   Operation 9 'select' 'sext_ln21_cast' <Predicate = true> <Delay = 0.99> <CoreInst = "Sel">   --->   Core 73 'Sel' <Latency = 0> <II = 1> <Delay = 0.99> <FuncUnit> <Opcode : 'select'> <InPorts = 3> <OutPorts = 1>
ST_1 : Operation 10 [1/1] (1.58ns)   --->   "%store_ln20 = store i4 0, i4 %i_146" [src/generic/fp_generic.c:20]   --->   Operation 10 'store' 'store_ln20' <Predicate = true> <Delay = 1.58>
ST_1 : Operation 11 [1/1] (1.58ns)   --->   "%br_ln0 = br void %for.inc54"   --->   Operation 11 'br' 'br_ln0' <Predicate = true> <Delay = 1.58>
ST_1 : Operation 12 [1/1] (0.00ns)   --->   "%carry = phi i1 0, void %newFuncRoot, i1 %tmp, void %for.inc54.split" [src/generic/fp_generic.c:34]   --->   Operation 12 'phi' 'carry' <Predicate = true> <Delay = 0.00>
ST_1 : Operation 13 [1/1] (0.00ns)   --->   "%i = load i4 %i_146" [src/generic/fp_generic.c:35]   --->   Operation 13 'load' 'i' <Predicate = true> <Delay = 0.00>
ST_1 : Operation 14 [1/1] (1.73ns)   --->   "%icmp_ln34 = icmp_eq  i4 %i, i4 8" [src/generic/fp_generic.c:34]   --->   Operation 14 'icmp' 'icmp_ln34' <Predicate = true> <Delay = 1.73> <CoreInst = "Cmp">   --->   Core 9 'Cmp' <Latency = 0> <II = 1> <Delay = 1.78> <FuncUnit> <Opcode : 'seteq' 'setne' 'setle' 'setge' 'setlt' 'setgt'> <InPorts = 2> <OutPorts = 1>
ST_1 : Operation 15 [1/1] (1.73ns)   --->   "%add_ln34 = add i4 %i, i4 1" [src/generic/fp_generic.c:34]   --->   Operation 15 'add' 'add_ln34' <Predicate = true> <Delay = 1.73> <CoreInst = "Adder">   --->   Core 1 'Adder' <Latency = 0> <II = 1> <Delay = 1.73> <FuncUnit> <Opcode : 'add' 'sub'> <InPorts = 2> <OutPorts = 1>
ST_1 : Operation 16 [1/1] (0.00ns)   --->   "%br_ln34 = br i1 %icmp_ln34, void %for.inc54.split, void %for.end56.exitStub" [src/generic/fp_generic.c:34]   --->   Operation 16 'br' 'br_ln34' <Predicate = true> <Delay = 0.00>
ST_1 : Operation 17 [1/1] (0.00ns)   --->   "%trunc_ln35 = trunc i4 %i" [src/generic/fp_generic.c:35]   --->   Operation 17 'trunc' 'trunc_ln35' <Predicate = (!icmp_ln34)> <Delay = 0.00>
ST_1 : Operation 18 [1/1] (0.00ns)   --->   "%zext_ln = bitconcatenate i6 @_ssdm_op_BitConcatenate.i6.i3.i3, i3 5, i3 %trunc_ln35" [src/generic/fp_generic.c:35]   --->   Operation 18 'bitconcatenate' 'zext_ln' <Predicate = (!icmp_ln34)> <Delay = 0.00>
ST_1 : Operation 19 [1/1] (0.00ns)   --->   "%zext_ln35 = zext i6 %zext_ln" [src/generic/fp_generic.c:35]   --->   Operation 19 'zext' 'zext_ln35' <Predicate = (!icmp_ln34)> <Delay = 0.00>
ST_1 : Operation 20 [1/1] (0.00ns)   --->   "%coeff_addr = getelementptr i64 %coeff, i32 0, i32 %zext_ln35" [src/generic/fp_generic.c:35]   --->   Operation 20 'getelementptr' 'coeff_addr' <Predicate = (!icmp_ln34)> <Delay = 0.00>
ST_1 : Operation 21 [2/2] (3.25ns)   --->   "%coeff_load = load i6 %coeff_addr" [src/generic/fp_generic.c:35]   --->   Operation 21 'load' 'coeff_load' <Predicate = (!icmp_ln34)> <Delay = 3.25> <CoreInst = "RAM">   --->   Core 81 'RAM' <Latency = 1> <II = 1> <Delay = 3.25> <Storage> <Opcode : 'load' 'store'> <Ports = 2> <Width = 64> <Depth = 48> <RAM>
ST_1 : Operation 22 [1/1] (0.00ns)   --->   "%zext_ln35_20 = zext i3 %trunc_ln35" [src/generic/fp_generic.c:35]   --->   Operation 22 'zext' 'zext_ln35_20' <Predicate = (!icmp_ln34)> <Delay = 0.00>
ST_1 : Operation 23 [1/1] (0.00ns)   --->   "%p503x2_1_addr = getelementptr i64 %p503x2_1, i32 0, i32 %zext_ln35_20" [src/generic/fp_generic.c:35]   --->   Operation 23 'getelementptr' 'p503x2_1_addr' <Predicate = (!icmp_ln34)> <Delay = 0.00>
ST_1 : Operation 24 [2/2] (2.32ns)   --->   "%p503x2_1_load = load i3 %p503x2_1_addr" [src/generic/fp_generic.c:35]   --->   Operation 24 'load' 'p503x2_1_load' <Predicate = (!icmp_ln34)> <Delay = 2.32> <CoreInst = "ROM">   --->   Core 94 'ROM' <Latency = 1> <II = 1> <Delay = 2.32> <Storage> <Opcode : 'load'> <Ports = 0> <Width = 64> <Depth = 8> <ROM>
ST_1 : Operation 25 [1/1] (1.58ns)   --->   "%store_ln20 = store i4 %add_ln34, i4 %i_146" [src/generic/fp_generic.c:20]   --->   Operation 25 'store' 'store_ln20' <Predicate = (!icmp_ln34)> <Delay = 1.58>
ST_1 : Operation 48 [1/1] (1.58ns)   --->   "%ret_ln0 = ret"   --->   Operation 48 'ret' 'ret_ln0' <Predicate = (icmp_ln34)> <Delay = 1.58>

State 2 <SV = 1> <Delay = 6.77>
ST_2 : Operation 26 [1/2] ( I:3.25ns O:3.25ns )   --->   "%coeff_load = load i6 %coeff_addr" [src/generic/fp_generic.c:35]   --->   Operation 26 'load' 'coeff_load' <Predicate = true> <Delay = 3.25> <CoreInst = "RAM">   --->   Core 81 'RAM' <Latency = 1> <II = 1> <Delay = 3.25> <Storage> <Opcode : 'load' 'store'> <Ports = 2> <Width = 64> <Depth = 48> <RAM>
ST_2 : Operation 27 [1/1] (0.00ns)   --->   "%zext_ln35_19 = zext i1 %carry" [src/generic/fp_generic.c:35]   --->   Operation 27 'zext' 'zext_ln35_19' <Predicate = true> <Delay = 0.00>
ST_2 : Operation 28 [1/1] (3.52ns)   --->   "%tempReg = add i64 %coeff_load, i64 %zext_ln35_19" [src/generic/fp_generic.c:35]   --->   Operation 28 'add' 'tempReg' <Predicate = true> <Delay = 3.52> <CoreInst = "Adder">   --->   Core 1 'Adder' <Latency = 0> <II = 1> <Delay = 3.52> <FuncUnit> <Opcode : 'add' 'sub'> <InPorts = 2> <OutPorts = 1>
ST_2 : Operation 29 [1/2] ( I:2.32ns O:2.32ns )   --->   "%p503x2_1_load = load i3 %p503x2_1_addr" [src/generic/fp_generic.c:35]   --->   Operation 29 'load' 'p503x2_1_load' <Predicate = true> <Delay = 2.32> <CoreInst = "ROM">   --->   Core 94 'ROM' <Latency = 1> <II = 1> <Delay = 2.32> <Storage> <Opcode : 'load'> <Ports = 0> <Width = 64> <Depth = 8> <ROM>
ST_2 : Operation 30 [1/1] (0.99ns)   --->   "%and_ln35 = and i64 %p503x2_1_load, i64 %sext_ln21_cast" [src/generic/fp_generic.c:35]   --->   Operation 30 'and' 'and_ln35' <Predicate = true> <Delay = 0.99> <CoreInst = "LogicGate">   --->   Core 74 'LogicGate' <Latency = 0> <II = 1> <Delay = 0.99> <FuncUnit> <Opcode : 'and' 'or' 'xor'> <InPorts = 2> <OutPorts = 1>

State 3 <SV = 2> <Delay = 6.77>
ST_3 : Operation 31 [1/1] (0.00ns)   --->   "%specpipeline_ln20 = specpipeline void @_ssdm_op_SpecPipeline, i32 4294967295, i32 0, i32 0, i32 0, void @empty_44" [src/generic/fp_generic.c:20]   --->   Operation 31 'specpipeline' 'specpipeline_ln20' <Predicate = true> <Delay = 0.00>
ST_3 : Operation 32 [1/1] (0.00ns)   --->   "%speclooptripcount_ln20 = speclooptripcount void @_ssdm_op_SpecLoopTripCount, i64 8, i64 8, i64 8" [src/generic/fp_generic.c:20]   --->   Operation 32 'speclooptripcount' 'speclooptripcount_ln20' <Predicate = true> <Delay = 0.00>
ST_3 : Operation 33 [1/1] (0.00ns)   --->   "%specloopname_ln34 = specloopname void @_ssdm_op_SpecLoopName, void @empty_86" [src/generic/fp_generic.c:34]   --->   Operation 33 'specloopname' 'specloopname_ln34' <Predicate = true> <Delay = 0.00>
ST_3 : Operation 34 [1/1] (3.52ns)   --->   "%add_ln35 = add i64 %and_ln35, i64 %tempReg" [src/generic/fp_generic.c:35]   --->   Operation 34 'add' 'add_ln35' <Predicate = true> <Delay = 3.52> <CoreInst = "Adder">   --->   Core 1 'Adder' <Latency = 0> <II = 1> <Delay = 3.52> <FuncUnit> <Opcode : 'add' 'sub'> <InPorts = 2> <OutPorts = 1>
ST_3 : Operation 35 [1/1] ( I:3.25ns O:3.25ns )   --->   "%store_ln35 = store void @_ssdm_op_Write.bram.i64, i6 %coeff_addr, i64 %add_ln35, i8 255" [src/generic/fp_generic.c:35]   --->   Operation 35 'store' 'store_ln35' <Predicate = true> <Delay = 3.25> <CoreInst = "RAM">   --->   Core 81 'RAM' <Latency = 1> <II = 1> <Delay = 3.25> <Storage> <Opcode : 'load' 'store'> <Ports = 2> <Width = 64> <Depth = 48> <RAM>
ST_3 : Operation 36 [1/1] (0.00ns) (grouped into LUT with out node xor_ln35_34)   --->   "%xor_ln35 = xor i64 %add_ln35, i64 %tempReg" [src/generic/fp_generic.c:35]   --->   Operation 36 'xor' 'xor_ln35' <Predicate = true> <Delay = 0.00> <CoreInst = "LogicGate">   --->   Core 74 'LogicGate' <Latency = 0> <II = 1> <Delay = 0.99> <FuncUnit> <Opcode : 'and' 'or' 'xor'> <InPorts = 2> <OutPorts = 1>
ST_3 : Operation 37 [1/1] (0.00ns) (grouped into LUT with out node xor_ln35_34)   --->   "%xor_ln35_32 = xor i64 %and_ln35, i64 %tempReg" [src/generic/fp_generic.c:35]   --->   Operation 37 'xor' 'xor_ln35_32' <Predicate = true> <Delay = 0.00> <CoreInst = "LogicGate">   --->   Core 74 'LogicGate' <Latency = 0> <II = 1> <Delay = 0.99> <FuncUnit> <Opcode : 'and' 'or' 'xor'> <InPorts = 2> <OutPorts = 1>
ST_3 : Operation 38 [1/1] (0.00ns) (grouped into LUT with out node xor_ln35_34)   --->   "%or_ln35 = or i64 %xor_ln35, i64 %xor_ln35_32" [src/generic/fp_generic.c:35]   --->   Operation 38 'or' 'or_ln35' <Predicate = true> <Delay = 0.00> <CoreInst = "LogicGate">   --->   Core 74 'LogicGate' <Latency = 0> <II = 1> <Delay = 0.99> <FuncUnit> <Opcode : 'and' 'or' 'xor'> <InPorts = 2> <OutPorts = 1>
ST_3 : Operation 39 [1/1] (0.00ns) (grouped into LUT with out node or_ln35_11)   --->   "%bit_sel1 = bitselect i1 @_ssdm_op_BitSelect.i1.i64.i64, i64 %tempReg, i64 63" [src/generic/fp_generic.c:35]   --->   Operation 39 'bitselect' 'bit_sel1' <Predicate = true> <Delay = 0.00>
ST_3 : Operation 40 [1/1] (0.00ns) (grouped into LUT with out node or_ln35_11)   --->   "%xor_ln35_33 = xor i1 %bit_sel1, i1 1" [src/generic/fp_generic.c:35]   --->   Operation 40 'xor' 'xor_ln35_33' <Predicate = true> <Delay = 0.00> <CoreInst = "LogicGate">   --->   Core 74 'LogicGate' <Latency = 0> <II = 1> <Delay = 0.97> <FuncUnit> <Opcode : 'and' 'or' 'xor'> <InPorts = 2> <OutPorts = 1>
ST_3 : Operation 41 [1/1] (0.00ns) (grouped into LUT with out node or_ln35_11)   --->   "%trunc_ln35_10 = trunc i64 %tempReg" [src/generic/fp_generic.c:35]   --->   Operation 41 'trunc' 'trunc_ln35_10' <Predicate = true> <Delay = 0.00>
ST_3 : Operation 42 [1/1] (0.00ns) (grouped into LUT with out node or_ln35_11)   --->   "%xor_ln35_s = bitconcatenate i64 @_ssdm_op_BitConcatenate.i64.i1.i63, i1 %xor_ln35_33, i63 %trunc_ln35_10" [src/generic/fp_generic.c:35]   --->   Operation 42 'bitconcatenate' 'xor_ln35_s' <Predicate = true> <Delay = 0.00>
ST_3 : Operation 43 [1/1] (0.00ns) (grouped into LUT with out node or_ln35_11)   --->   "%and_ln35_11 = and i64 %coeff_load, i64 %xor_ln35_s" [src/generic/fp_generic.c:35]   --->   Operation 43 'and' 'and_ln35_11' <Predicate = true> <Delay = 0.00> <CoreInst = "LogicGate">   --->   Core 74 'LogicGate' <Latency = 0> <II = 1> <Delay = 0.99> <FuncUnit> <Opcode : 'and' 'or' 'xor'> <InPorts = 2> <OutPorts = 1>
ST_3 : Operation 44 [1/1] (0.99ns) (out node of the LUT)   --->   "%xor_ln35_34 = xor i64 %or_ln35, i64 %add_ln35" [src/generic/fp_generic.c:35]   --->   Operation 44 'xor' 'xor_ln35_34' <Predicate = true> <Delay = 0.99> <CoreInst = "LogicGate">   --->   Core 74 'LogicGate' <Latency = 0> <II = 1> <Delay = 0.99> <FuncUnit> <Opcode : 'and' 'or' 'xor'> <InPorts = 2> <OutPorts = 1>
ST_3 : Operation 45 [1/1] (0.99ns) (out node of the LUT)   --->   "%or_ln35_11 = or i64 %xor_ln35_34, i64 %and_ln35_11" [src/generic/fp_generic.c:35]   --->   Operation 45 'or' 'or_ln35_11' <Predicate = true> <Delay = 0.99> <CoreInst = "LogicGate">   --->   Core 74 'LogicGate' <Latency = 0> <II = 1> <Delay = 0.99> <FuncUnit> <Opcode : 'and' 'or' 'xor'> <InPorts = 2> <OutPorts = 1>
ST_3 : Operation 46 [1/1] (0.00ns)   --->   "%tmp = bitselect i1 @_ssdm_op_BitSelect.i1.i64.i32, i64 %or_ln35_11, i32 63" [src/generic/fp_generic.c:34]   --->   Operation 46 'bitselect' 'tmp' <Predicate = true> <Delay = 0.00>
ST_3 : Operation 47 [1/1] (0.00ns)   --->   "%br_ln34 = br void %for.inc54" [src/generic/fp_generic.c:34]   --->   Operation 47 'br' 'br_ln34' <Predicate = true> <Delay = 0.00>


============================================================
+ Verbose Summary: Binding
============================================================
STG Binding: 
---------------- STG Properties BEGIN ----------------
- Is combinational: 0
- Is one-state seq: 0
- Is datapath-only: 0
- Is pipelined: 0
- Is top level: 0
Port [ Return ] is wired: 1; IO mode=ap_ctrl_hs:ce=0
Port [ coeff]:  wired=1; compound=1; hidden=0; nouse=0; global=0; static=0; extern=0; dir=2; type=1; pingpong=0; private_global=0; MemPort=[23]; IO mode=ap_memory:ce=0
Port [ sext_ln21]:  wired=1; compound=0; hidden=0; nouse=0; global=0; static=0; extern=0; dir=0; type=0; pingpong=0; private_global=0; IO mode=ap_none:ce=0
Port [ p503x2_1]:  wired=0; compound=1; hidden=1; nouse=0; global=1; static=1; extern=0; dir=0; type=1; pingpong=0; private_global=0; MemPort=[1]; IO mode=ap_memory:ce=0
---------------- STG Properties END ------------------

---------------- Datapath Model BEGIN ----------------

<LifeTime>
<method=bitvector/>
i_146                      (alloca                ) [ 0100]
specbramwithbyteenable_ln0 (specbramwithbyteenable) [ 0000]
sext_ln21_read             (read                  ) [ 0000]
sext_ln21_cast             (select                ) [ 0010]
store_ln20                 (store                 ) [ 0000]
br_ln0                     (br                    ) [ 0000]
carry                      (phi                   ) [ 0110]
i                          (load                  ) [ 0000]
icmp_ln34                  (icmp                  ) [ 0100]
add_ln34                   (add                   ) [ 0000]
br_ln34                    (br                    ) [ 0000]
trunc_ln35                 (trunc                 ) [ 0000]
zext_ln                    (bitconcatenate        ) [ 0000]
zext_ln35                  (zext                  ) [ 0000]
coeff_addr                 (getelementptr         ) [ 0011]
zext_ln35_20               (zext                  ) [ 0000]
p503x2_1_addr              (getelementptr         ) [ 0010]
store_ln20                 (store                 ) [ 0000]
coeff_load                 (load                  ) [ 0001]
zext_ln35_19               (zext                  ) [ 0000]
tempReg                    (add                   ) [ 0001]
p503x2_1_load              (load                  ) [ 0000]
and_ln35                   (and                   ) [ 0001]
specpipeline_ln20          (specpipeline          ) [ 0000]
speclooptripcount_ln20     (speclooptripcount     ) [ 0000]
specloopname_ln34          (specloopname          ) [ 0000]
add_ln35                   (add                   ) [ 0000]
store_ln35                 (store                 ) [ 0000]
xor_ln35                   (xor                   ) [ 0000]
xor_ln35_32                (xor                   ) [ 0000]
or_ln35                    (or                    ) [ 0000]
bit_sel1                   (bitselect             ) [ 0000]
xor_ln35_33                (xor                   ) [ 0000]
trunc_ln35_10              (trunc                 ) [ 0000]
xor_ln35_s                 (bitconcatenate        ) [ 0000]
and_ln35_11                (and                   ) [ 0000]
xor_ln35_34                (xor                   ) [ 0000]
or_ln35_11                 (or                    ) [ 0000]
tmp                        (bitselect             ) [ 0101]
br_ln34                    (br                    ) [ 0101]
ret_ln0                    (ret                   ) [ 0000]
</LifeTime>

<model>

<comp_list>
<comp id="0" class="1000" name="coeff">
<pin_list>
<pin id="1" dir="1" index="0" bw="1" slack="0"/>
</pin_list>
<bind>
<StgValue><ssdm name="coeff"/><MemPortTyVec>2 3 </MemPortTyVec>
</StgValue>
</bind>
</comp>

<comp id="2" class="1000" name="sext_ln21">
<pin_list>
<pin id="3" dir="1" index="0" bw="1" slack="0"/>
</pin_list>
<bind>
<StgValue><ssdm name="sext_ln21"/></StgValue>
</bind>
</comp>

<comp id="4" class="1000" name="p503x2_1">
<pin_list>
<pin id="5" dir="1" index="0" bw="1" slack="0"/>
</pin_list>
<bind>
<StgValue><ssdm name="p503x2_1"/><MemPortTyVec>1 </MemPortTyVec>
</StgValue>
</bind>
</comp>

<comp id="6" class="1001" name="const_6">
<pin_list>
<pin id="7" dir="1" index="0" bw="1" slack="0"/>
</pin_list>
<bind>
<StgValue><ssdm name=""/></StgValue>
</bind>
</comp>

<comp id="8" class="1001" name="const_8">
<pin_list>
<pin id="9" dir="1" index="0" bw="1" slack="2147483647"/>
</pin_list>
<bind>
<StgValue><ssdm name="_ssdm_op_SpecBRAMWithByteEnable"/></StgValue>
</bind>
</comp>

<comp id="10" class="1001" name="const_10">
<pin_list>
<pin id="11" dir="1" index="0" bw="1" slack="0"/>
</pin_list>
<bind>
<StgValue><ssdm name="_ssdm_op_Read.ap_auto.i1"/></StgValue>
</bind>
</comp>

<comp id="12" class="1001" name="const_12">
<pin_list>
<pin id="13" dir="1" index="0" bw="1" slack="0"/>
</pin_list>
<bind>
<StgValue><ssdm name=""/></StgValue>
</bind>
</comp>

<comp id="14" class="1001" name="const_14">
<pin_list>
<pin id="15" dir="1" index="0" bw="1" slack="0"/>
</pin_list>
<bind>
<StgValue><ssdm name=""/></StgValue>
</bind>
</comp>

<comp id="16" class="1001" name="const_16">
<pin_list>
<pin id="17" dir="1" index="0" bw="1" slack="0"/>
</pin_list>
<bind>
<StgValue><ssdm name=""/></StgValue>
</bind>
</comp>

<comp id="18" class="1001" name="const_18">
<pin_list>
<pin id="19" dir="1" index="0" bw="1" slack="0"/>
</pin_list>
<bind>
<StgValue><ssdm name=""/></StgValue>
</bind>
</comp>

<comp id="20" class="1001" name="const_20">
<pin_list>
<pin id="21" dir="1" index="0" bw="1" slack="0"/>
</pin_list>
<bind>
<StgValue><ssdm name=""/></StgValue>
</bind>
</comp>

<comp id="22" class="1001" name="const_22">
<pin_list>
<pin id="23" dir="1" index="0" bw="1" slack="0"/>
</pin_list>
<bind>
<StgValue><ssdm name=""/></StgValue>
</bind>
</comp>

<comp id="24" class="1001" name="const_24">
<pin_list>
<pin id="25" dir="1" index="0" bw="1" slack="0"/>
</pin_list>
<bind>
<StgValue><ssdm name="_ssdm_op_BitConcatenate.i6.i3.i3"/></StgValue>
</bind>
</comp>

<comp id="26" class="1001" name="const_26">
<pin_list>
<pin id="27" dir="1" index="0" bw="1" slack="0"/>
</pin_list>
<bind>
<StgValue><ssdm name=""/></StgValue>
</bind>
</comp>

<comp id="28" class="1001" name="const_28">
<pin_list>
<pin id="29" dir="1" index="0" bw="1" slack="0"/>
</pin_list>
<bind>
<StgValue><ssdm name=""/></StgValue>
</bind>
</comp>

<comp id="30" class="1001" name="const_30">
<pin_list>
<pin id="31" dir="1" index="0" bw="1" slack="2147483647"/>
</pin_list>
<bind>
<StgValue><ssdm name="_ssdm_op_SpecPipeline"/></StgValue>
</bind>
</comp>

<comp id="32" class="1001" name="const_32">
<pin_list>
<pin id="33" dir="1" index="0" bw="1" slack="2147483647"/>
</pin_list>
<bind>
<StgValue><ssdm name=""/></StgValue>
</bind>
</comp>

<comp id="34" class="1001" name="const_34">
<pin_list>
<pin id="35" dir="1" index="0" bw="1" slack="2147483647"/>
</pin_list>
<bind>
<StgValue><ssdm name="empty_44"/></StgValue>
</bind>
</comp>

<comp id="36" class="1001" name="const_36">
<pin_list>
<pin id="37" dir="1" index="0" bw="1" slack="2147483647"/>
</pin_list>
<bind>
<StgValue><ssdm name="_ssdm_op_SpecLoopTripCount"/></StgValue>
</bind>
</comp>

<comp id="38" class="1001" name="const_38">
<pin_list>
<pin id="39" dir="1" index="0" bw="1" slack="2147483647"/>
</pin_list>
<bind>
<StgValue><ssdm name=""/></StgValue>
</bind>
</comp>

<comp id="40" class="1001" name="const_40">
<pin_list>
<pin id="41" dir="1" index="0" bw="1" slack="2147483647"/>
</pin_list>
<bind>
<StgValue><ssdm name="_ssdm_op_SpecLoopName"/></StgValue>
</bind>
</comp>

<comp id="42" class="1001" name="const_42">
<pin_list>
<pin id="43" dir="1" index="0" bw="1" slack="2147483647"/>
</pin_list>
<bind>
<StgValue><ssdm name="empty_86"/></StgValue>
</bind>
</comp>

<comp id="44" class="1001" name="const_44">
<pin_list>
<pin id="45" dir="1" index="0" bw="1" slack="2147483647"/>
</pin_list>
<bind>
<StgValue><ssdm name="_ssdm_op_Write.bram.i64"/></StgValue>
</bind>
</comp>

<comp id="46" class="1001" name="const_46">
<pin_list>
<pin id="47" dir="1" index="0" bw="1" slack="2147483647"/>
</pin_list>
<bind>
<StgValue><ssdm name=""/></StgValue>
</bind>
</comp>

<comp id="48" class="1001" name="const_48">
<pin_list>
<pin id="49" dir="1" index="0" bw="1" slack="0"/>
</pin_list>
<bind>
<StgValue><ssdm name="_ssdm_op_BitSelect.i1.i64.i64"/></StgValue>
</bind>
</comp>

<comp id="50" class="1001" name="const_50">
<pin_list>
<pin id="51" dir="1" index="0" bw="1" slack="0"/>
</pin_list>
<bind>
<StgValue><ssdm name=""/></StgValue>
</bind>
</comp>

<comp id="52" class="1001" name="const_52">
<pin_list>
<pin id="53" dir="1" index="0" bw="1" slack="0"/>
</pin_list>
<bind>
<StgValue><ssdm name=""/></StgValue>
</bind>
</comp>

<comp id="54" class="1001" name="const_54">
<pin_list>
<pin id="55" dir="1" index="0" bw="1" slack="0"/>
</pin_list>
<bind>
<StgValue><ssdm name="_ssdm_op_BitConcatenate.i64.i1.i63"/></StgValue>
</bind>
</comp>

<comp id="56" class="1001" name="const_56">
<pin_list>
<pin id="57" dir="1" index="0" bw="1" slack="0"/>
</pin_list>
<bind>
<StgValue><ssdm name="_ssdm_op_BitSelect.i1.i64.i32"/></StgValue>
</bind>
</comp>

<comp id="58" class="1001" name="const_58">
<pin_list>
<pin id="59" dir="1" index="0" bw="1" slack="0"/>
</pin_list>
<bind>
<StgValue><ssdm name=""/></StgValue>
</bind>
</comp>

<comp id="60" class="1004" name="i_146_fu_60">
<pin_list>
<pin id="61" dir="0" index="0" bw="1" slack="0"/>
<pin id="62" dir="1" index="1" bw="4" slack="0"/>
</pin_list>
<bind>
<opcode="alloca(26) " fcode="alloca"/>
<opset="i_146/1 "/>
</bind>
</comp>

<comp id="64" class="1004" name="sext_ln21_read_read_fu_64">
<pin_list>
<pin id="65" dir="0" index="0" bw="1" slack="0"/>
<pin id="66" dir="0" index="1" bw="1" slack="0"/>
<pin id="67" dir="1" index="2" bw="1" slack="0"/>
</pin_list>
<bind>
<opcode="read(1150) " fcode="read"/>
<opset="sext_ln21_read/1 "/>
</bind>
</comp>

<comp id="70" class="1004" name="coeff_addr_gep_fu_70">
<pin_list>
<pin id="71" dir="0" index="0" bw="64" slack="0"/>
<pin id="72" dir="0" index="1" bw="1" slack="0"/>
<pin id="73" dir="0" index="2" bw="6" slack="0"/>
<pin id="74" dir="1" index="3" bw="6" slack="0"/>
</pin_list>
<bind>
<opcode="getelementptr(29) " fcode="getelementptr"/>
<opset="coeff_addr/1 "/>
</bind>
</comp>

<comp id="77" class="1004" name="grp_access_fu_77">
<pin_list>
<pin id="78" dir="0" index="0" bw="6" slack="0"/>
<pin id="79" dir="0" index="1" bw="64" slack="0"/>
<pin id="80" dir="0" index="2" bw="0" slack="2147483647"/>
<pin id="81" dir="1" index="3" bw="64" slack="0"/>
</pin_list>
<bind>
<opcode="load(27) store(28) " fcode="store"/>
<opset="coeff_load/1 store_ln35/3 "/>
</bind>
</comp>

<comp id="83" class="1004" name="p503x2_1_addr_gep_fu_83">
<pin_list>
<pin id="84" dir="0" index="0" bw="64" slack="0"/>
<pin id="85" dir="0" index="1" bw="1" slack="0"/>
<pin id="86" dir="0" index="2" bw="3" slack="0"/>
<pin id="87" dir="1" index="3" bw="3" slack="0"/>
</pin_list>
<bind>
<opcode="getelementptr(29) " fcode="getelementptr"/>
<opset="p503x2_1_addr/1 "/>
</bind>
</comp>

<comp id="90" class="1004" name="grp_access_fu_90">
<pin_list>
<pin id="91" dir="0" index="0" bw="3" slack="0"/>
<pin id="92" dir="0" index="1" bw="64" slack="2147483647"/>
<pin id="93" dir="0" index="2" bw="0" slack="2147483647"/>
<pin id="94" dir="1" index="3" bw="64" slack="0"/>
</pin_list>
<bind>
<opcode="load(27) " fcode="load"/>
<opset="p503x2_1_load/1 "/>
</bind>
</comp>

<comp id="96" class="1005" name="carry_reg_96">
<pin_list>
<pin id="97" dir="0" index="0" bw="1" slack="1"/>
<pin id="98" dir="1" index="1" bw="1" slack="1"/>
</pin_list>
<bind>
<opset="carry (phireg) "/>
</bind>
</comp>

<comp id="99" class="1004" name="carry_phi_fu_99">
<pin_list>
<pin id="100" dir="0" index="0" bw="1" slack="0"/>
<pin id="101" dir="0" index="1" bw="0" slack="2147483647"/>
<pin id="102" dir="0" index="2" bw="1" slack="1"/>
<pin id="103" dir="0" index="3" bw="0" slack="2147483647"/>
<pin id="104" dir="1" index="4" bw="1" slack="1"/>
</pin_list>
<bind>
<opcode="phi(47) " fcode="phi"/>
<opset="carry/1 "/>
</bind>
</comp>

<comp id="107" class="1004" name="sext_ln21_cast_fu_107">
<pin_list>
<pin id="108" dir="0" index="0" bw="1" slack="0"/>
<pin id="109" dir="0" index="1" bw="64" slack="0"/>
<pin id="110" dir="0" index="2" bw="64" slack="0"/>
<pin id="111" dir="1" index="3" bw="64" slack="1"/>
</pin_list>
<bind>
<opcode="select(49) " fcode="select"/>
<opset="sext_ln21_cast/1 "/>
</bind>
</comp>

<comp id="115" class="1004" name="store_ln20_store_fu_115">
<pin_list>
<pin id="116" dir="0" index="0" bw="1" slack="0"/>
<pin id="117" dir="0" index="1" bw="4" slack="0"/>
<pin id="118" dir="1" index="2" bw="0" slack="2147483647"/>
</pin_list>
<bind>
<opcode="store(28) " fcode="store"/>
<opset="store_ln20/1 "/>
</bind>
</comp>

<comp id="120" class="1004" name="i_load_fu_120">
<pin_list>
<pin id="121" dir="0" index="0" bw="4" slack="0"/>
<pin id="122" dir="1" index="1" bw="4" slack="0"/>
</pin_list>
<bind>
<opcode="load(27) " fcode="load"/>
<opset="i/1 "/>
</bind>
</comp>

<comp id="123" class="1004" name="icmp_ln34_fu_123">
<pin_list>
<pin id="124" dir="0" index="0" bw="4" slack="0"/>
<pin id="125" dir="0" index="1" bw="4" slack="0"/>
<pin id="126" dir="1" index="2" bw="1" slack="2147483647"/>
</pin_list>
<bind>
<opcode="icmp(45) " fcode="icmp"/>
<opset="icmp_ln34/1 "/>
</bind>
</comp>

<comp id="129" class="1004" name="add_ln34_fu_129">
<pin_list>
<pin id="130" dir="0" index="0" bw="4" slack="0"/>
<pin id="131" dir="0" index="1" bw="1" slack="0"/>
<pin id="132" dir="1" index="2" bw="4" slack="0"/>
</pin_list>
<bind>
<opcode="add(8) " fcode="add"/>
<opset="add_ln34/1 "/>
</bind>
</comp>

<comp id="135" class="1004" name="trunc_ln35_fu_135">
<pin_list>
<pin id="136" dir="0" index="0" bw="4" slack="0"/>
<pin id="137" dir="1" index="1" bw="3" slack="0"/>
</pin_list>
<bind>
<opcode="trunc(33) " fcode="trunc"/>
<opset="trunc_ln35/1 "/>
</bind>
</comp>

<comp id="139" class="1004" name="zext_ln_fu_139">
<pin_list>
<pin id="140" dir="0" index="0" bw="6" slack="0"/>
<pin id="141" dir="0" index="1" bw="3" slack="0"/>
<pin id="142" dir="0" index="2" bw="3" slack="0"/>
<pin id="143" dir="1" index="3" bw="6" slack="0"/>
</pin_list>
<bind>
<opcode="bitconcatenate(1004) " fcode="bitconcatenate"/>
<opset="zext_ln/1 "/>
</bind>
</comp>

<comp id="147" class="1004" name="zext_ln35_fu_147">
<pin_list>
<pin id="148" dir="0" index="0" bw="6" slack="0"/>
<pin id="149" dir="1" index="1" bw="32" slack="0"/>
</pin_list>
<bind>
<opcode="zext(34) " fcode="zext"/>
<opset="zext_ln35/1 "/>
</bind>
</comp>

<comp id="152" class="1004" name="zext_ln35_20_fu_152">
<pin_list>
<pin id="153" dir="0" index="0" bw="3" slack="0"/>
<pin id="154" dir="1" index="1" bw="32" slack="0"/>
</pin_list>
<bind>
<opcode="zext(34) " fcode="zext"/>
<opset="zext_ln35_20/1 "/>
</bind>
</comp>

<comp id="157" class="1004" name="store_ln20_store_fu_157">
<pin_list>
<pin id="158" dir="0" index="0" bw="4" slack="0"/>
<pin id="159" dir="0" index="1" bw="4" slack="0"/>
<pin id="160" dir="1" index="2" bw="0" slack="2147483647"/>
</pin_list>
<bind>
<opcode="store(28) " fcode="store"/>
<opset="store_ln20/1 "/>
</bind>
</comp>

<comp id="162" class="1004" name="zext_ln35_19_fu_162">
<pin_list>
<pin id="163" dir="0" index="0" bw="1" slack="1"/>
<pin id="164" dir="1" index="1" bw="64" slack="0"/>
</pin_list>
<bind>
<opcode="zext(34) " fcode="zext"/>
<opset="zext_ln35_19/2 "/>
</bind>
</comp>

<comp id="166" class="1004" name="tempReg_fu_166">
<pin_list>
<pin id="167" dir="0" index="0" bw="64" slack="0"/>
<pin id="168" dir="0" index="1" bw="1" slack="0"/>
<pin id="169" dir="1" index="2" bw="64" slack="1"/>
</pin_list>
<bind>
<opcode="add(8) " fcode="add"/>
<opset="tempReg/2 "/>
</bind>
</comp>

<comp id="172" class="1004" name="and_ln35_fu_172">
<pin_list>
<pin id="173" dir="0" index="0" bw="64" slack="0"/>
<pin id="174" dir="0" index="1" bw="64" slack="1"/>
<pin id="175" dir="1" index="2" bw="64" slack="1"/>
</pin_list>
<bind>
<opcode="and(23) " fcode="and"/>
<opset="and_ln35/2 "/>
</bind>
</comp>

<comp id="177" class="1004" name="add_ln35_fu_177">
<pin_list>
<pin id="178" dir="0" index="0" bw="64" slack="1"/>
<pin id="179" dir="0" index="1" bw="64" slack="1"/>
<pin id="180" dir="1" index="2" bw="64" slack="0"/>
</pin_list>
<bind>
<opcode="add(8) " fcode="add"/>
<opset="add_ln35/3 "/>
</bind>
</comp>

<comp id="182" class="1004" name="xor_ln35_fu_182">
<pin_list>
<pin id="183" dir="0" index="0" bw="64" slack="0"/>
<pin id="184" dir="0" index="1" bw="64" slack="1"/>
<pin id="185" dir="1" index="2" bw="64" slack="0"/>
</pin_list>
<bind>
<opcode="xor(25) " fcode="xor"/>
<opset="xor_ln35/3 "/>
</bind>
</comp>

<comp id="187" class="1004" name="xor_ln35_32_fu_187">
<pin_list>
<pin id="188" dir="0" index="0" bw="64" slack="1"/>
<pin id="189" dir="0" index="1" bw="64" slack="1"/>
<pin id="190" dir="1" index="2" bw="64" slack="0"/>
</pin_list>
<bind>
<opcode="xor(25) " fcode="xor"/>
<opset="xor_ln35_32/3 "/>
</bind>
</comp>

<comp id="191" class="1004" name="or_ln35_fu_191">
<pin_list>
<pin id="192" dir="0" index="0" bw="64" slack="0"/>
<pin id="193" dir="0" index="1" bw="64" slack="0"/>
<pin id="194" dir="1" index="2" bw="64" slack="0"/>
</pin_list>
<bind>
<opcode="or(24) " fcode="or"/>
<opset="or_ln35/3 "/>
</bind>
</comp>

<comp id="197" class="1004" name="bit_sel1_fu_197">
<pin_list>
<pin id="198" dir="0" index="0" bw="1" slack="0"/>
<pin id="199" dir="0" index="1" bw="64" slack="1"/>
<pin id="200" dir="0" index="2" bw="7" slack="0"/>
<pin id="201" dir="1" index="3" bw="1" slack="0"/>
</pin_list>
<bind>
<opcode="bitselect(1000) " fcode="bitselect"/>
<opset="bit_sel1/3 "/>
</bind>
</comp>

<comp id="204" class="1004" name="xor_ln35_33_fu_204">
<pin_list>
<pin id="205" dir="0" index="0" bw="1" slack="0"/>
<pin id="206" dir="0" index="1" bw="1" slack="0"/>
<pin id="207" dir="1" index="2" bw="1" slack="0"/>
</pin_list>
<bind>
<opcode="xor(25) " fcode="xor"/>
<opset="xor_ln35_33/3 "/>
</bind>
</comp>

<comp id="210" class="1004" name="trunc_ln35_10_fu_210">
<pin_list>
<pin id="211" dir="0" index="0" bw="64" slack="1"/>
<pin id="212" dir="1" index="1" bw="63" slack="0"/>
</pin_list>
<bind>
<opcode="trunc(33) " fcode="trunc"/>
<opset="trunc_ln35_10/3 "/>
</bind>
</comp>

<comp id="213" class="1004" name="xor_ln35_s_fu_213">
<pin_list>
<pin id="214" dir="0" index="0" bw="64" slack="0"/>
<pin id="215" dir="0" index="1" bw="1" slack="0"/>
<pin id="216" dir="0" index="2" bw="63" slack="0"/>
<pin id="217" dir="1" index="3" bw="64" slack="0"/>
</pin_list>
<bind>
<opcode="bitconcatenate(1004) " fcode="bitconcatenate"/>
<opset="xor_ln35_s/3 "/>
</bind>
</comp>

<comp id="221" class="1004" name="and_ln35_11_fu_221">
<pin_list>
<pin id="222" dir="0" index="0" bw="64" slack="1"/>
<pin id="223" dir="0" index="1" bw="64" slack="0"/>
<pin id="224" dir="1" index="2" bw="64" slack="0"/>
</pin_list>
<bind>
<opcode="and(23) " fcode="and"/>
<opset="and_ln35_11/3 "/>
</bind>
</comp>

<comp id="226" class="1004" name="xor_ln35_34_fu_226">
<pin_list>
<pin id="227" dir="0" index="0" bw="64" slack="0"/>
<pin id="228" dir="0" index="1" bw="64" slack="0"/>
<pin id="229" dir="1" index="2" bw="64" slack="0"/>
</pin_list>
<bind>
<opcode="xor(25) " fcode="xor"/>
<opset="xor_ln35_34/3 "/>
</bind>
</comp>

<comp id="232" class="1004" name="or_ln35_11_fu_232">
<pin_list>
<pin id="233" dir="0" index="0" bw="64" slack="0"/>
<pin id="234" dir="0" index="1" bw="64" slack="0"/>
<pin id="235" dir="1" index="2" bw="64" slack="0"/>
</pin_list>
<bind>
<opcode="or(24) " fcode="or"/>
<opset="or_ln35_11/3 "/>
</bind>
</comp>

<comp id="238" class="1004" name="tmp_fu_238">
<pin_list>
<pin id="239" dir="0" index="0" bw="1" slack="0"/>
<pin id="240" dir="0" index="1" bw="64" slack="0"/>
<pin id="241" dir="0" index="2" bw="7" slack="0"/>
<pin id="242" dir="1" index="3" bw="1" slack="1"/>
</pin_list>
<bind>
<opcode="bitselect(1000) " fcode="bitselect"/>
<opset="tmp/3 "/>
</bind>
</comp>

<comp id="246" class="1005" name="i_146_reg_246">
<pin_list>
<pin id="247" dir="0" index="0" bw="4" slack="0"/>
<pin id="248" dir="1" index="1" bw="4" slack="0"/>
</pin_list>
<bind>
<opset="i_146 "/>
</bind>
</comp>

<comp id="253" class="1005" name="sext_ln21_cast_reg_253">
<pin_list>
<pin id="254" dir="0" index="0" bw="64" slack="1"/>
<pin id="255" dir="1" index="1" bw="64" slack="1"/>
</pin_list>
<bind>
<opset="sext_ln21_cast "/>
</bind>
</comp>

<comp id="261" class="1005" name="coeff_addr_reg_261">
<pin_list>
<pin id="262" dir="0" index="0" bw="6" slack="1"/>
<pin id="263" dir="1" index="1" bw="6" slack="1"/>
</pin_list>
<bind>
<opset="coeff_addr "/>
</bind>
</comp>

<comp id="266" class="1005" name="p503x2_1_addr_reg_266">
<pin_list>
<pin id="267" dir="0" index="0" bw="3" slack="1"/>
<pin id="268" dir="1" index="1" bw="3" slack="1"/>
</pin_list>
<bind>
<opset="p503x2_1_addr "/>
</bind>
</comp>

<comp id="271" class="1005" name="coeff_load_reg_271">
<pin_list>
<pin id="272" dir="0" index="0" bw="64" slack="1"/>
<pin id="273" dir="1" index="1" bw="64" slack="1"/>
</pin_list>
<bind>
<opset="coeff_load "/>
</bind>
</comp>

<comp id="276" class="1005" name="tempReg_reg_276">
<pin_list>
<pin id="277" dir="0" index="0" bw="64" slack="1"/>
<pin id="278" dir="1" index="1" bw="64" slack="1"/>
</pin_list>
<bind>
<opset="tempReg "/>
</bind>
</comp>

<comp id="285" class="1005" name="and_ln35_reg_285">
<pin_list>
<pin id="286" dir="0" index="0" bw="64" slack="1"/>
<pin id="287" dir="1" index="1" bw="64" slack="1"/>
</pin_list>
<bind>
<opset="and_ln35 "/>
</bind>
</comp>

<comp id="291" class="1005" name="tmp_reg_291">
<pin_list>
<pin id="292" dir="0" index="0" bw="1" slack="1"/>
<pin id="293" dir="1" index="1" bw="1" slack="1"/>
</pin_list>
<bind>
<opset="tmp "/>
</bind>
</comp>

</comp_list>

<net_list>
<net id="63"><net_src comp="6" pin="0"/><net_sink comp="60" pin=0"/></net>

<net id="68"><net_src comp="10" pin="0"/><net_sink comp="64" pin=0"/></net>

<net id="69"><net_src comp="2" pin="0"/><net_sink comp="64" pin=1"/></net>

<net id="75"><net_src comp="0" pin="0"/><net_sink comp="70" pin=0"/></net>

<net id="76"><net_src comp="28" pin="0"/><net_sink comp="70" pin=1"/></net>

<net id="82"><net_src comp="70" pin="3"/><net_sink comp="77" pin=0"/></net>

<net id="88"><net_src comp="4" pin="0"/><net_sink comp="83" pin=0"/></net>

<net id="89"><net_src comp="28" pin="0"/><net_sink comp="83" pin=1"/></net>

<net id="95"><net_src comp="83" pin="3"/><net_sink comp="90" pin=0"/></net>

<net id="105"><net_src comp="18" pin="0"/><net_sink comp="99" pin=0"/></net>

<net id="106"><net_src comp="99" pin="4"/><net_sink comp="96" pin=0"/></net>

<net id="112"><net_src comp="64" pin="2"/><net_sink comp="107" pin=0"/></net>

<net id="113"><net_src comp="12" pin="0"/><net_sink comp="107" pin=1"/></net>

<net id="114"><net_src comp="14" pin="0"/><net_sink comp="107" pin=2"/></net>

<net id="119"><net_src comp="16" pin="0"/><net_sink comp="115" pin=0"/></net>

<net id="127"><net_src comp="120" pin="1"/><net_sink comp="123" pin=0"/></net>

<net id="128"><net_src comp="20" pin="0"/><net_sink comp="123" pin=1"/></net>

<net id="133"><net_src comp="120" pin="1"/><net_sink comp="129" pin=0"/></net>

<net id="134"><net_src comp="22" pin="0"/><net_sink comp="129" pin=1"/></net>

<net id="138"><net_src comp="120" pin="1"/><net_sink comp="135" pin=0"/></net>

<net id="144"><net_src comp="24" pin="0"/><net_sink comp="139" pin=0"/></net>

<net id="145"><net_src comp="26" pin="0"/><net_sink comp="139" pin=1"/></net>

<net id="146"><net_src comp="135" pin="1"/><net_sink comp="139" pin=2"/></net>

<net id="150"><net_src comp="139" pin="3"/><net_sink comp="147" pin=0"/></net>

<net id="151"><net_src comp="147" pin="1"/><net_sink comp="70" pin=2"/></net>

<net id="155"><net_src comp="135" pin="1"/><net_sink comp="152" pin=0"/></net>

<net id="156"><net_src comp="152" pin="1"/><net_sink comp="83" pin=2"/></net>

<net id="161"><net_src comp="129" pin="2"/><net_sink comp="157" pin=0"/></net>

<net id="165"><net_src comp="96" pin="1"/><net_sink comp="162" pin=0"/></net>

<net id="170"><net_src comp="77" pin="3"/><net_sink comp="166" pin=0"/></net>

<net id="171"><net_src comp="162" pin="1"/><net_sink comp="166" pin=1"/></net>

<net id="176"><net_src comp="90" pin="3"/><net_sink comp="172" pin=0"/></net>

<net id="181"><net_src comp="177" pin="2"/><net_sink comp="77" pin=1"/></net>

<net id="186"><net_src comp="177" pin="2"/><net_sink comp="182" pin=0"/></net>

<net id="195"><net_src comp="182" pin="2"/><net_sink comp="191" pin=0"/></net>

<net id="196"><net_src comp="187" pin="2"/><net_sink comp="191" pin=1"/></net>

<net id="202"><net_src comp="48" pin="0"/><net_sink comp="197" pin=0"/></net>

<net id="203"><net_src comp="50" pin="0"/><net_sink comp="197" pin=2"/></net>

<net id="208"><net_src comp="197" pin="3"/><net_sink comp="204" pin=0"/></net>

<net id="209"><net_src comp="52" pin="0"/><net_sink comp="204" pin=1"/></net>

<net id="218"><net_src comp="54" pin="0"/><net_sink comp="213" pin=0"/></net>

<net id="219"><net_src comp="204" pin="2"/><net_sink comp="213" pin=1"/></net>

<net id="220"><net_src comp="210" pin="1"/><net_sink comp="213" pin=2"/></net>

<net id="225"><net_src comp="213" pin="3"/><net_sink comp="221" pin=1"/></net>

<net id="230"><net_src comp="191" pin="2"/><net_sink comp="226" pin=0"/></net>

<net id="231"><net_src comp="177" pin="2"/><net_sink comp="226" pin=1"/></net>

<net id="236"><net_src comp="226" pin="2"/><net_sink comp="232" pin=0"/></net>

<net id="237"><net_src comp="221" pin="2"/><net_sink comp="232" pin=1"/></net>

<net id="243"><net_src comp="56" pin="0"/><net_sink comp="238" pin=0"/></net>

<net id="244"><net_src comp="232" pin="2"/><net_sink comp="238" pin=1"/></net>

<net id="245"><net_src comp="58" pin="0"/><net_sink comp="238" pin=2"/></net>

<net id="249"><net_src comp="60" pin="1"/><net_sink comp="246" pin=0"/></net>

<net id="250"><net_src comp="246" pin="1"/><net_sink comp="115" pin=1"/></net>

<net id="251"><net_src comp="246" pin="1"/><net_sink comp="120" pin=0"/></net>

<net id="252"><net_src comp="246" pin="1"/><net_sink comp="157" pin=1"/></net>

<net id="256"><net_src comp="107" pin="3"/><net_sink comp="253" pin=0"/></net>

<net id="257"><net_src comp="253" pin="1"/><net_sink comp="172" pin=1"/></net>

<net id="264"><net_src comp="70" pin="3"/><net_sink comp="261" pin=0"/></net>

<net id="265"><net_src comp="261" pin="1"/><net_sink comp="77" pin=0"/></net>

<net id="269"><net_src comp="83" pin="3"/><net_sink comp="266" pin=0"/></net>

<net id="270"><net_src comp="266" pin="1"/><net_sink comp="90" pin=0"/></net>

<net id="274"><net_src comp="77" pin="3"/><net_sink comp="271" pin=0"/></net>

<net id="275"><net_src comp="271" pin="1"/><net_sink comp="221" pin=0"/></net>

<net id="279"><net_src comp="166" pin="2"/><net_sink comp="276" pin=0"/></net>

<net id="280"><net_src comp="276" pin="1"/><net_sink comp="177" pin=1"/></net>

<net id="281"><net_src comp="276" pin="1"/><net_sink comp="182" pin=1"/></net>

<net id="282"><net_src comp="276" pin="1"/><net_sink comp="187" pin=1"/></net>

<net id="283"><net_src comp="276" pin="1"/><net_sink comp="197" pin=1"/></net>

<net id="284"><net_src comp="276" pin="1"/><net_sink comp="210" pin=0"/></net>

<net id="288"><net_src comp="172" pin="2"/><net_sink comp="285" pin=0"/></net>

<net id="289"><net_src comp="285" pin="1"/><net_sink comp="177" pin=0"/></net>

<net id="290"><net_src comp="285" pin="1"/><net_sink comp="187" pin=0"/></net>

<net id="294"><net_src comp="238" pin="3"/><net_sink comp="291" pin=0"/></net>

<net id="295"><net_src comp="291" pin="1"/><net_sink comp="99" pin=2"/></net>

</net_list>

</model> 
---------------- Datapath Model END ------------------

* FSMD analyzer results:
  - Output states:
	Port: coeff | {3 }
	Port: p503x2_1 | {}
 - Input state : 
	Port: fpadd503.2_Pipeline_VITIS_LOOP_34_3 : coeff | {1 2 }
	Port: fpadd503.2_Pipeline_VITIS_LOOP_34_3 : sext_ln21 | {1 }
	Port: fpadd503.2_Pipeline_VITIS_LOOP_34_3 : p503x2_1 | {1 2 }
  - Chain level:
	State 1
		store_ln20 : 1
		carry : 1
		i : 1
		icmp_ln34 : 2
		add_ln34 : 2
		br_ln34 : 3
		trunc_ln35 : 2
		zext_ln : 3
		zext_ln35 : 4
		coeff_addr : 5
		coeff_load : 6
		zext_ln35_20 : 3
		p503x2_1_addr : 4
		p503x2_1_load : 5
		store_ln20 : 3
	State 2
		tempReg : 1
		and_ln35 : 1
	State 3
		store_ln35 : 1
		xor_ln35 : 1
		or_ln35 : 1
		xor_ln35_33 : 1
		xor_ln35_s : 1
		and_ln35_11 : 2
		xor_ln35_34 : 1
		or_ln35_11 : 2
		tmp : 2


============================================================
+ Verbose Summary: Datapath Resource usage 
============================================================

* Functional unit list:
|----------|---------------------------|---------|---------|
| Operation|      Functional Unit      |    FF   |   LUT   |
|----------|---------------------------|---------|---------|
|          |      xor_ln35_fu_182      |    0    |    64   |
|    xor   |     xor_ln35_32_fu_187    |    0    |    64   |
|          |     xor_ln35_33_fu_204    |    0    |    2    |
|          |     xor_ln35_34_fu_226    |    0    |    64   |
|----------|---------------------------|---------|---------|
|          |      add_ln34_fu_129      |    0    |    13   |
|    add   |       tempReg_fu_166      |    0    |    71   |
|          |      add_ln35_fu_177      |    0    |    71   |
|----------|---------------------------|---------|---------|
|    and   |      and_ln35_fu_172      |    0    |    64   |
|          |     and_ln35_11_fu_221    |    0    |    64   |
|----------|---------------------------|---------|---------|
|    or    |       or_ln35_fu_191      |    0    |    64   |
|          |     or_ln35_11_fu_232     |    0    |    64   |
|----------|---------------------------|---------|---------|
|  select  |   sext_ln21_cast_fu_107   |    0    |    64   |
|----------|---------------------------|---------|---------|
|   icmp   |      icmp_ln34_fu_123     |    0    |    13   |
|----------|---------------------------|---------|---------|
|   read   | sext_ln21_read_read_fu_64 |    0    |    0    |
|----------|---------------------------|---------|---------|
|   trunc  |     trunc_ln35_fu_135     |    0    |    0    |
|          |    trunc_ln35_10_fu_210   |    0    |    0    |
|----------|---------------------------|---------|---------|
|bitconcatenate|       zext_ln_fu_139      |    0    |    0    |
|          |     xor_ln35_s_fu_213     |    0    |    0    |
|----------|---------------------------|---------|---------|
|          |      zext_ln35_fu_147     |    0    |    0    |
|   zext   |    zext_ln35_20_fu_152    |    0    |    0    |
|          |    zext_ln35_19_fu_162    |    0    |    0    |
|----------|---------------------------|---------|---------|
| bitselect|      bit_sel1_fu_197      |    0    |    0    |
|          |         tmp_fu_238        |    0    |    0    |
|----------|---------------------------|---------|---------|
|   Total  |                           |    0    |   682   |
|----------|---------------------------|---------|---------|

Memories:
N/A

* Register list:
+----------------------+--------+
|                      |   FF   |
+----------------------+--------+
|   and_ln35_reg_285   |   64   |
|     carry_reg_96     |    1   |
|  coeff_addr_reg_261  |    6   |
|  coeff_load_reg_271  |   64   |
|     i_146_reg_246    |    4   |
| p503x2_1_addr_reg_266|    3   |
|sext_ln21_cast_reg_253|   64   |
|    tempReg_reg_276   |   64   |
|      tmp_reg_291     |    1   |
+----------------------+--------+
|         Total        |   271  |
+----------------------+--------+

* Multiplexer (MUX) list: 
|------------------|------|------|------|--------||---------||---------||---------|
|       Comp       |  Pin | Size |  BW  | S x BW ||  Delay  ||    FF   ||   LUT   |
|------------------|------|------|------|--------||---------||---------||---------|
| grp_access_fu_77 |  p0  |   2  |   6  |   12   ||    0    ||    9    |
| grp_access_fu_90 |  p0  |   2  |   3  |    6   ||    0    ||    9    |
|------------------|------|------|------|--------||---------||---------||---------|
|       Total      |      |      |      |   18   ||  3.176  ||    0    ||    18   |
|------------------|------|------|------|--------||---------||---------||---------|



* Summary:
+-----------+--------+--------+--------+
|           |  Delay |   FF   |   LUT  |
+-----------+--------+--------+--------+
|  Function |    -   |    0   |   682  |
|   Memory  |    -   |    -   |    -   |
|Multiplexer|    3   |    0   |   18   |
|  Register |    -   |   271  |    -   |
+-----------+--------+--------+--------+
|   Total   |    3   |   271  |   700  |
+-----------+--------+--------+--------+
