

================================================================
== Vitis HLS Report for 'fpadd503_7_Pipeline_VITIS_LOOP_23_1'
================================================================
* Date:           Tue May 20 14:36:00 2025

* Version:        2024.2.2 (Build 6049644 on Mar  5 2025)
* Project:        sikep503_hls
* Solution:       solution1 (Vivado IP Flow Target)
* Product family: zynq
* Target device:  xc7z020-clg484-1


================================================================
== Performance Estimates
================================================================
+ Timing: 
    * Summary: 
    +--------+----------+----------+------------+
    |  Clock |  Target  | Estimated| Uncertainty|
    +--------+----------+----------+------------+
    |ap_clk  |  10.00 ns|  6.774 ns|     2.70 ns|
    +--------+----------+----------+------------+

+ Latency: 
    * Summary: 
    +---------+---------+----------+----------+-----+-----+------------------------------------------------+
    |  Latency (cycles) |  Latency (absolute) |  Interval |                    Pipeline                    |
    |   min   |   max   |    min   |    max   | min | max |                      Type                      |
    +---------+---------+----------+----------+-----+-----+------------------------------------------------+
    |       19|       19|  0.190 us|  0.190 us|   18|   18|  loop auto-rewind stp (delay=0 clock cycles(s))|
    +---------+---------+----------+----------+-----+-----+------------------------------------------------+

    + Detail: 
        * Instance: 
        N/A

        * Loop: 
        +-------------------+---------+---------+----------+-----------+-----------+------+----------+
        |                   |  Latency (cycles) | Iteration|  Initiation Interval  | Trip |          |
        |     Loop Name     |   min   |   max   |  Latency |  achieved |   target  | Count| Pipelined|
        +-------------------+---------+---------+----------+-----------+-----------+------+----------+
        |- VITIS_LOOP_23_1  |       17|       17|         3|          2|          1|     8|       yes|
        +-------------------+---------+---------+----------+-----------+-----------+------+----------+



================================================================
== Utilization Estimates
================================================================
* Summary: 
+-----------------+---------+-----+--------+-------+-----+
|       Name      | BRAM_18K| DSP |   FF   |  LUT  | URAM|
+-----------------+---------+-----+--------+-------+-----+
|DSP              |        -|    -|       -|      -|    -|
|Expression       |        -|    -|       0|    558|    -|
|FIFO             |        -|    -|       -|      -|    -|
|Instance         |        -|    -|       -|      -|    -|
|Memory           |        -|    -|       -|      -|    -|
|Multiplexer      |        -|    -|       0|     68|    -|
|Register         |        -|    -|     206|      -|    -|
+-----------------+---------+-----+--------+-------+-----+
|Total            |        0|    0|     206|    626|    0|
+-----------------+---------+-----+--------+-------+-----+
|Available        |      280|  220|  106400|  53200|    0|
+-----------------+---------+-----+--------+-------+-----+
|Utilization (%)  |        0|    0|      ~0|      1|    0|
+-----------------+---------+-----+--------+-------+-----+

+ Detail: 
    * Instance: 
    N/A

    * DSP: 
    N/A

    * Memory: 
    N/A

    * FIFO: 
    N/A

    * Expression: 
    +-----------------------+----------+----+---+----+------------+------------+
    |     Variable Name     | Operation| DSP| FF| LUT| Bitwidth P0| Bitwidth P1|
    +-----------------------+----------+----+---+----+------------+------------+
    |add_ln23_fu_101_p2     |         +|   0|  0|  13|           4|           1|
    |add_ln24_fu_132_p2     |         +|   0|  0|  71|          64|          64|
    |tempReg_fu_126_p2      |         +|   0|  0|  71|          64|          64|
    |and_ln24_fu_176_p2     |       and|   0|  0|  64|          64|          64|
    |ap_condition_257       |       and|   0|  0|   2|           1|           1|
    |icmp_ln23_fu_95_p2     |      icmp|   0|  0|  13|           4|           5|
    |or_ln24_3_fu_187_p2    |        or|   0|  0|  64|          64|          64|
    |or_ln24_fu_146_p2      |        or|   0|  0|  64|          64|          64|
    |ap_enable_pp0          |       xor|   0|  0|   2|           1|           2|
    |xor_ln24_10_fu_181_p2  |       xor|   0|  0|  64|          64|          64|
    |xor_ln24_8_fu_142_p2   |       xor|   0|  0|  64|          64|          64|
    |xor_ln24_9_fu_159_p2   |       xor|   0|  0|   2|           1|           2|
    |xor_ln24_fu_137_p2     |       xor|   0|  0|  64|          64|          64|
    +-----------------------+----------+----+---+----+------------+------------+
    |Total                  |          |   0|  0| 558|         523|         523|
    +-----------------------+----------+----+---+----+------------+------------+

    * Multiplexer: 
    +-------------------------+----+-----------+-----+-----------+
    |           Name          | LUT| Input Size| Bits| Total Bits|
    +-------------------------+----+-----------+-----+-----------+
    |ap_NS_fsm                |  14|          3|    1|          3|
    |ap_done_int              |   9|          2|    1|          2|
    |ap_enable_reg_pp0_iter0  |   9|          2|    1|          2|
    |ap_enable_reg_pp0_iter1  |   9|          2|    1|          2|
    |ap_sig_allocacmp_i_211   |   9|          2|    4|          8|
    |carry_reg_76             |   9|          2|    1|          2|
    |i_fu_42                  |   9|          2|    4|          8|
    +-------------------------+----+-----------+-----+-----------+
    |Total                    |  68|         15|   13|         27|
    +-------------------------+----+-----------+-----+-----------+

    * Register: 
    +-----------------------------+----+----+-----+-----------+
    |             Name            | FF | LUT| Bits| Const Bits|
    +-----------------------------+----+----+-----+-----------+
    |R_Z_addr_reg_217             |   3|   0|    4|          1|
    |R_Z_load_reg_223             |  64|   0|   64|          0|
    |ap_CS_fsm                    |   2|   0|    2|          0|
    |ap_done_reg                  |   1|   0|    1|          0|
    |ap_enable_reg_pp0_iter0_reg  |   1|   0|    1|          0|
    |ap_enable_reg_pp0_iter1      |   1|   0|    1|          0|
    |b_load_reg_237               |  64|   0|   64|          0|
    |carry_reg_76                 |   1|   0|    1|          0|
    |i_fu_42                      |   4|   0|    4|          0|
    |icmp_ln23_reg_208            |   1|   0|    1|          0|
    |tempReg_reg_228              |  64|   0|   64|          0|
    +-----------------------------+----+----+-----+-----------+
    |Total                        | 206|   0|  207|          1|
    +-----------------------------+----+----+-----+-----------+



================================================================
== Interface
================================================================
* Summary: 
+--------------+-----+-----+------------+-------------------------------------+--------------+
|   RTL Ports  | Dir | Bits|  Protocol  |            Source Object            |    C Type    |
+--------------+-----+-----+------------+-------------------------------------+--------------+
|ap_clk        |   in|    1|  ap_ctrl_hs|  fpadd503.7_Pipeline_VITIS_LOOP_23_1|  return value|
|ap_rst        |   in|    1|  ap_ctrl_hs|  fpadd503.7_Pipeline_VITIS_LOOP_23_1|  return value|
|ap_start      |   in|    1|  ap_ctrl_hs|  fpadd503.7_Pipeline_VITIS_LOOP_23_1|  return value|
|ap_done       |  out|    1|  ap_ctrl_hs|  fpadd503.7_Pipeline_VITIS_LOOP_23_1|  return value|
|ap_idle       |  out|    1|  ap_ctrl_hs|  fpadd503.7_Pipeline_VITIS_LOOP_23_1|  return value|
|ap_ready      |  out|    1|  ap_ctrl_hs|  fpadd503.7_Pipeline_VITIS_LOOP_23_1|  return value|
|b_address0    |  out|    4|   ap_memory|                                    b|         array|
|b_ce0         |  out|    1|   ap_memory|                                    b|         array|
|b_q0          |   in|   64|   ap_memory|                                    b|         array|
|R_Z_address0  |  out|    4|   ap_memory|                                  R_Z|         array|
|R_Z_ce0       |  out|    1|   ap_memory|                                  R_Z|         array|
|R_Z_we0       |  out|    1|   ap_memory|                                  R_Z|         array|
|R_Z_d0        |  out|   64|   ap_memory|                                  R_Z|         array|
|R_Z_address1  |  out|    4|   ap_memory|                                  R_Z|         array|
|R_Z_ce1       |  out|    1|   ap_memory|                                  R_Z|         array|
|R_Z_q1        |   in|   64|   ap_memory|                                  R_Z|         array|
+--------------+-----+-----+------------+-------------------------------------+--------------+

============================================================
+ Verbose Summary: Synthesis Manager
============================================================
InlineROM: 1
ExposeGlobal: 0
============================================================
+ Verbose Summary: CDFG Model
============================================================
IsTopModel: 0
ResetActiveHigh: 1
IsCombinational: 2
IsDatapathOnly: 2
HasWiredReturn: 1
HasMFsm: 2
HasVarLatency: 1
IsPipeline: 0
IsRtlPipelined: 0
IsInstanceOverlapped: 0
IsDontTouch: 0
HasImplIP: 0
IsGatedGlobalClock: 0

+ Individual pipeline summary: 
  * Pipeline-0: initiation interval (II) = 2, depth = 3


============================================================
+ Verbose Summary: Schedule
============================================================
* Number of FSM states : 3
* Pipeline : 1
  Pipeline-0 : II = 2, D = 3, States = { 1 2 3 }
* Dataflow Pipeline: 0

* FSM state transitions: 
1 --> 2 
2 --> 3 
3 --> 

* FSM state operations: 

State 1 <SV = 0> <Delay = 4.91>
ST_1 : Operation 6 [1/1] (0.00ns)   --->   "%i = alloca i32 1" [src/generic/fp_generic.c:20]   --->   Operation 6 'alloca' 'i' <Predicate = true> <Delay = 0.00>
ST_1 : Operation 7 [1/1] (1.58ns)   --->   "%store_ln20 = store i4 0, i4 %i" [src/generic/fp_generic.c:20]   --->   Operation 7 'store' 'store_ln20' <Predicate = true> <Delay = 1.58>
ST_1 : Operation 8 [1/1] (1.58ns)   --->   "%br_ln0 = br void %for.inc"   --->   Operation 8 'br' 'br_ln0' <Predicate = true> <Delay = 1.58>
ST_1 : Operation 9 [1/1] (0.00ns)   --->   "%i_211 = load i4 %i" [src/generic/fp_generic.c:24]   --->   Operation 9 'load' 'i_211' <Predicate = true> <Delay = 0.00>
ST_1 : Operation 10 [1/1] (1.73ns)   --->   "%icmp_ln23 = icmp_eq  i4 %i_211, i4 8" [src/generic/fp_generic.c:23]   --->   Operation 10 'icmp' 'icmp_ln23' <Predicate = true> <Delay = 1.73> <CoreInst = "Cmp">   --->   Core 9 'Cmp' <Latency = 0> <II = 1> <Delay = 1.78> <FuncUnit> <Opcode : 'seteq' 'setne' 'setle' 'setge' 'setlt' 'setgt'> <InPorts = 2> <OutPorts = 1>
ST_1 : Operation 11 [1/1] (1.73ns)   --->   "%add_ln23 = add i4 %i_211, i4 1" [src/generic/fp_generic.c:23]   --->   Operation 11 'add' 'add_ln23' <Predicate = true> <Delay = 1.73> <CoreInst = "Adder">   --->   Core 1 'Adder' <Latency = 0> <II = 1> <Delay = 1.73> <FuncUnit> <Opcode : 'add' 'sub'> <InPorts = 2> <OutPorts = 1>
ST_1 : Operation 12 [1/1] (0.00ns)   --->   "%br_ln23 = br i1 %icmp_ln23, void %for.inc.split, void %for.inc29.preheader.exitStub" [src/generic/fp_generic.c:23]   --->   Operation 12 'br' 'br_ln23' <Predicate = true> <Delay = 0.00>
ST_1 : Operation 13 [1/1] (0.00ns)   --->   "%trunc_ln24 = trunc i4 %i_211" [src/generic/fp_generic.c:24]   --->   Operation 13 'trunc' 'trunc_ln24' <Predicate = (!icmp_ln23)> <Delay = 0.00>
ST_1 : Operation 14 [1/1] (0.00ns)   --->   "%zext_ln24 = zext i3 %trunc_ln24" [src/generic/fp_generic.c:24]   --->   Operation 14 'zext' 'zext_ln24' <Predicate = (!icmp_ln23)> <Delay = 0.00>
ST_1 : Operation 15 [1/1] (0.00ns)   --->   "%b_addr = getelementptr i64 %b, i32 0, i32 %zext_ln24" [src/generic/fp_generic.c:24]   --->   Operation 15 'getelementptr' 'b_addr' <Predicate = (!icmp_ln23)> <Delay = 0.00>
ST_1 : Operation 16 [1/1] (0.00ns)   --->   "%R_Z_addr = getelementptr i64 %R_Z, i32 0, i32 %zext_ln24" [src/generic/fp_generic.c:24]   --->   Operation 16 'getelementptr' 'R_Z_addr' <Predicate = (!icmp_ln23)> <Delay = 0.00>
ST_1 : Operation 17 [2/2] (3.25ns)   --->   "%R_Z_load = load i4 %R_Z_addr" [src/generic/fp_generic.c:24]   --->   Operation 17 'load' 'R_Z_load' <Predicate = (!icmp_ln23)> <Delay = 3.25> <CoreInst = "RAM">   --->   Core 81 'RAM' <Latency = 1> <II = 1> <Delay = 3.25> <Storage> <Opcode : 'load' 'store'> <Ports = 2> <Width = 64> <Depth = 16> <RAM>
ST_1 : Operation 18 [2/2] (3.25ns)   --->   "%b_load = load i4 %b_addr" [src/generic/fp_generic.c:24]   --->   Operation 18 'load' 'b_load' <Predicate = (!icmp_ln23)> <Delay = 3.25> <CoreInst = "RAM">   --->   Core 81 'RAM' <Latency = 1> <II = 1> <Delay = 3.25> <Storage> <Opcode : 'load' 'store'> <Ports = 2> <Width = 64> <Depth = 16> <RAM>
ST_1 : Operation 19 [1/1] (1.58ns)   --->   "%store_ln20 = store i4 %add_ln23, i4 %i" [src/generic/fp_generic.c:20]   --->   Operation 19 'store' 'store_ln20' <Predicate = (!icmp_ln23)> <Delay = 1.58>

State 2 <SV = 1> <Delay = 6.77>
ST_2 : Operation 20 [1/1] (0.00ns)   --->   "%carry = phi i1 0, void %newFuncRoot, i1 %tmp, void %for.inc.split" [src/generic/fp_generic.c:23]   --->   Operation 20 'phi' 'carry' <Predicate = true> <Delay = 0.00>
ST_2 : Operation 21 [1/2] ( I:3.25ns O:3.25ns )   --->   "%R_Z_load = load i4 %R_Z_addr" [src/generic/fp_generic.c:24]   --->   Operation 21 'load' 'R_Z_load' <Predicate = (!icmp_ln23)> <Delay = 3.25> <CoreInst = "RAM">   --->   Core 81 'RAM' <Latency = 1> <II = 1> <Delay = 3.25> <Storage> <Opcode : 'load' 'store'> <Ports = 2> <Width = 64> <Depth = 16> <RAM>
ST_2 : Operation 22 [1/1] (0.00ns)   --->   "%zext_ln24_5 = zext i1 %carry" [src/generic/fp_generic.c:24]   --->   Operation 22 'zext' 'zext_ln24_5' <Predicate = (!icmp_ln23)> <Delay = 0.00>
ST_2 : Operation 23 [1/1] (3.52ns)   --->   "%tempReg = add i64 %R_Z_load, i64 %zext_ln24_5" [src/generic/fp_generic.c:24]   --->   Operation 23 'add' 'tempReg' <Predicate = (!icmp_ln23)> <Delay = 3.52> <CoreInst = "Adder">   --->   Core 1 'Adder' <Latency = 0> <II = 1> <Delay = 3.52> <FuncUnit> <Opcode : 'add' 'sub'> <InPorts = 2> <OutPorts = 1>
ST_2 : Operation 24 [1/2] ( I:3.25ns O:3.25ns )   --->   "%b_load = load i4 %b_addr" [src/generic/fp_generic.c:24]   --->   Operation 24 'load' 'b_load' <Predicate = (!icmp_ln23)> <Delay = 3.25> <CoreInst = "RAM">   --->   Core 81 'RAM' <Latency = 1> <II = 1> <Delay = 3.25> <Storage> <Opcode : 'load' 'store'> <Ports = 2> <Width = 64> <Depth = 16> <RAM>
ST_2 : Operation 42 [1/1] (1.58ns)   --->   "%ret_ln0 = ret"   --->   Operation 42 'ret' 'ret_ln0' <Predicate = (icmp_ln23)> <Delay = 1.58>

State 3 <SV = 2> <Delay = 6.77>
ST_3 : Operation 25 [1/1] (0.00ns)   --->   "%specpipeline_ln20 = specpipeline void @_ssdm_op_SpecPipeline, i32 4294967295, i32 0, i32 0, i32 0, void @empty_44" [src/generic/fp_generic.c:20]   --->   Operation 25 'specpipeline' 'specpipeline_ln20' <Predicate = (!icmp_ln23)> <Delay = 0.00>
ST_3 : Operation 26 [1/1] (0.00ns)   --->   "%speclooptripcount_ln20 = speclooptripcount void @_ssdm_op_SpecLoopTripCount, i64 8, i64 8, i64 8" [src/generic/fp_generic.c:20]   --->   Operation 26 'speclooptripcount' 'speclooptripcount_ln20' <Predicate = (!icmp_ln23)> <Delay = 0.00>
ST_3 : Operation 27 [1/1] (0.00ns)   --->   "%specloopname_ln23 = specloopname void @_ssdm_op_SpecLoopName, void @empty_5" [src/generic/fp_generic.c:23]   --->   Operation 27 'specloopname' 'specloopname_ln23' <Predicate = (!icmp_ln23)> <Delay = 0.00>
ST_3 : Operation 28 [1/1] (3.52ns)   --->   "%add_ln24 = add i64 %b_load, i64 %tempReg" [src/generic/fp_generic.c:24]   --->   Operation 28 'add' 'add_ln24' <Predicate = (!icmp_ln23)> <Delay = 3.52> <CoreInst = "Adder">   --->   Core 1 'Adder' <Latency = 0> <II = 1> <Delay = 3.52> <FuncUnit> <Opcode : 'add' 'sub'> <InPorts = 2> <OutPorts = 1>
ST_3 : Operation 29 [1/1] ( I:3.25ns O:3.25ns )   --->   "%store_ln24 = store i64 %add_ln24, i4 %R_Z_addr" [src/generic/fp_generic.c:24]   --->   Operation 29 'store' 'store_ln24' <Predicate = (!icmp_ln23)> <Delay = 3.25> <CoreInst = "RAM">   --->   Core 81 'RAM' <Latency = 1> <II = 1> <Delay = 3.25> <Storage> <Opcode : 'load' 'store'> <Ports = 2> <Width = 64> <Depth = 16> <RAM>
ST_3 : Operation 30 [1/1] (0.00ns) (grouped into LUT with out node xor_ln24_10)   --->   "%xor_ln24 = xor i64 %add_ln24, i64 %tempReg" [src/generic/fp_generic.c:24]   --->   Operation 30 'xor' 'xor_ln24' <Predicate = (!icmp_ln23)> <Delay = 0.00> <CoreInst = "LogicGate">   --->   Core 74 'LogicGate' <Latency = 0> <II = 1> <Delay = 0.99> <FuncUnit> <Opcode : 'and' 'or' 'xor'> <InPorts = 2> <OutPorts = 1>
ST_3 : Operation 31 [1/1] (0.00ns) (grouped into LUT with out node xor_ln24_10)   --->   "%xor_ln24_8 = xor i64 %b_load, i64 %tempReg" [src/generic/fp_generic.c:24]   --->   Operation 31 'xor' 'xor_ln24_8' <Predicate = (!icmp_ln23)> <Delay = 0.00> <CoreInst = "LogicGate">   --->   Core 74 'LogicGate' <Latency = 0> <II = 1> <Delay = 0.99> <FuncUnit> <Opcode : 'and' 'or' 'xor'> <InPorts = 2> <OutPorts = 1>
ST_3 : Operation 32 [1/1] (0.00ns) (grouped into LUT with out node xor_ln24_10)   --->   "%or_ln24 = or i64 %xor_ln24, i64 %xor_ln24_8" [src/generic/fp_generic.c:24]   --->   Operation 32 'or' 'or_ln24' <Predicate = (!icmp_ln23)> <Delay = 0.00> <CoreInst = "LogicGate">   --->   Core 74 'LogicGate' <Latency = 0> <II = 1> <Delay = 0.99> <FuncUnit> <Opcode : 'and' 'or' 'xor'> <InPorts = 2> <OutPorts = 1>
ST_3 : Operation 33 [1/1] (0.00ns) (grouped into LUT with out node or_ln24_3)   --->   "%bit_sel = bitselect i1 @_ssdm_op_BitSelect.i1.i64.i64, i64 %tempReg, i64 63" [src/generic/fp_generic.c:24]   --->   Operation 33 'bitselect' 'bit_sel' <Predicate = (!icmp_ln23)> <Delay = 0.00>
ST_3 : Operation 34 [1/1] (0.00ns) (grouped into LUT with out node or_ln24_3)   --->   "%xor_ln24_9 = xor i1 %bit_sel, i1 1" [src/generic/fp_generic.c:24]   --->   Operation 34 'xor' 'xor_ln24_9' <Predicate = (!icmp_ln23)> <Delay = 0.00> <CoreInst = "LogicGate">   --->   Core 74 'LogicGate' <Latency = 0> <II = 1> <Delay = 0.97> <FuncUnit> <Opcode : 'and' 'or' 'xor'> <InPorts = 2> <OutPorts = 1>
ST_3 : Operation 35 [1/1] (0.00ns) (grouped into LUT with out node or_ln24_3)   --->   "%trunc_ln24_4 = trunc i64 %tempReg" [src/generic/fp_generic.c:24]   --->   Operation 35 'trunc' 'trunc_ln24_4' <Predicate = (!icmp_ln23)> <Delay = 0.00>
ST_3 : Operation 36 [1/1] (0.00ns) (grouped into LUT with out node or_ln24_3)   --->   "%xor_ln24_s = bitconcatenate i64 @_ssdm_op_BitConcatenate.i64.i1.i63, i1 %xor_ln24_9, i63 %trunc_ln24_4" [src/generic/fp_generic.c:24]   --->   Operation 36 'bitconcatenate' 'xor_ln24_s' <Predicate = (!icmp_ln23)> <Delay = 0.00>
ST_3 : Operation 37 [1/1] (0.00ns) (grouped into LUT with out node or_ln24_3)   --->   "%and_ln24 = and i64 %R_Z_load, i64 %xor_ln24_s" [src/generic/fp_generic.c:24]   --->   Operation 37 'and' 'and_ln24' <Predicate = (!icmp_ln23)> <Delay = 0.00> <CoreInst = "LogicGate">   --->   Core 74 'LogicGate' <Latency = 0> <II = 1> <Delay = 0.99> <FuncUnit> <Opcode : 'and' 'or' 'xor'> <InPorts = 2> <OutPorts = 1>
ST_3 : Operation 38 [1/1] (0.99ns) (out node of the LUT)   --->   "%xor_ln24_10 = xor i64 %or_ln24, i64 %add_ln24" [src/generic/fp_generic.c:24]   --->   Operation 38 'xor' 'xor_ln24_10' <Predicate = (!icmp_ln23)> <Delay = 0.99> <CoreInst = "LogicGate">   --->   Core 74 'LogicGate' <Latency = 0> <II = 1> <Delay = 0.99> <FuncUnit> <Opcode : 'and' 'or' 'xor'> <InPorts = 2> <OutPorts = 1>
ST_3 : Operation 39 [1/1] (0.99ns) (out node of the LUT)   --->   "%or_ln24_3 = or i64 %xor_ln24_10, i64 %and_ln24" [src/generic/fp_generic.c:24]   --->   Operation 39 'or' 'or_ln24_3' <Predicate = (!icmp_ln23)> <Delay = 0.99> <CoreInst = "LogicGate">   --->   Core 74 'LogicGate' <Latency = 0> <II = 1> <Delay = 0.99> <FuncUnit> <Opcode : 'and' 'or' 'xor'> <InPorts = 2> <OutPorts = 1>
ST_3 : Operation 40 [1/1] (0.00ns)   --->   "%tmp = bitselect i1 @_ssdm_op_BitSelect.i1.i64.i32, i64 %or_ln24_3, i32 63" [src/generic/fp_generic.c:23]   --->   Operation 40 'bitselect' 'tmp' <Predicate = (!icmp_ln23)> <Delay = 0.00>
ST_3 : Operation 41 [1/1] (0.00ns)   --->   "%br_ln23 = br void %for.inc" [src/generic/fp_generic.c:23]   --->   Operation 41 'br' 'br_ln23' <Predicate = (!icmp_ln23)> <Delay = 0.00>


============================================================
+ Verbose Summary: Binding
============================================================
STG Binding: 
---------------- STG Properties BEGIN ----------------
- Is combinational: 0
- Is one-state seq: 0
- Is datapath-only: 0
- Is pipelined: 0
- Is top level: 0
Port [ Return ] is wired: 1; IO mode=ap_ctrl_hs:ce=0
Port [ b]:  wired=1; compound=1; hidden=0; nouse=0; global=0; static=0; extern=0; dir=0; type=1; pingpong=0; private_global=0; MemPort=[13]; IO mode=ap_memory:ce=0
Port [ R_Z]:  wired=1; compound=1; hidden=0; nouse=0; global=0; static=0; extern=0; dir=2; type=1; pingpong=0; private_global=0; MemPort=[01]; IO mode=ap_memory:ce=0
---------------- STG Properties END ------------------

---------------- Datapath Model BEGIN ----------------

<LifeTime>
<method=bitvector/>
i                      (alloca           ) [ 0100]
store_ln20             (store            ) [ 0000]
br_ln0                 (br               ) [ 0111]
i_211                  (load             ) [ 0000]
icmp_ln23              (icmp             ) [ 0111]
add_ln23               (add              ) [ 0000]
br_ln23                (br               ) [ 0000]
trunc_ln24             (trunc            ) [ 0000]
zext_ln24              (zext             ) [ 0000]
b_addr                 (getelementptr    ) [ 0010]
R_Z_addr               (getelementptr    ) [ 0111]
store_ln20             (store            ) [ 0000]
carry                  (phi              ) [ 0010]
R_Z_load               (load             ) [ 0101]
zext_ln24_5            (zext             ) [ 0000]
tempReg                (add              ) [ 0101]
b_load                 (load             ) [ 0101]
specpipeline_ln20      (specpipeline     ) [ 0000]
speclooptripcount_ln20 (speclooptripcount) [ 0000]
specloopname_ln23      (specloopname     ) [ 0000]
add_ln24               (add              ) [ 0000]
store_ln24             (store            ) [ 0000]
xor_ln24               (xor              ) [ 0000]
xor_ln24_8             (xor              ) [ 0000]
or_ln24                (or               ) [ 0000]
bit_sel                (bitselect        ) [ 0000]
xor_ln24_9             (xor              ) [ 0000]
trunc_ln24_4           (trunc            ) [ 0000]
xor_ln24_s             (bitconcatenate   ) [ 0000]
and_ln24               (and              ) [ 0000]
xor_ln24_10            (xor              ) [ 0000]
or_ln24_3              (or               ) [ 0000]
tmp                    (bitselect        ) [ 0111]
br_ln23                (br               ) [ 0111]
ret_ln0                (ret              ) [ 0000]
</LifeTime>

<model>

<comp_list>
<comp id="0" class="1000" name="b">
<pin_list>
<pin id="1" dir="1" index="0" bw="1" slack="0"/>
</pin_list>
<bind>
<StgValue><ssdm name="b"/><MemPortTyVec>1 3 </MemPortTyVec>
</StgValue>
</bind>
</comp>

<comp id="2" class="1000" name="R_Z">
<pin_list>
<pin id="3" dir="1" index="0" bw="1" slack="0"/>
</pin_list>
<bind>
<StgValue><ssdm name="R_Z"/><MemPortTyVec>0 1 </MemPortTyVec>
</StgValue>
</bind>
</comp>

<comp id="4" class="1001" name="const_4">
<pin_list>
<pin id="5" dir="1" index="0" bw="1" slack="0"/>
</pin_list>
<bind>
<StgValue><ssdm name=""/></StgValue>
</bind>
</comp>

<comp id="6" class="1001" name="const_6">
<pin_list>
<pin id="7" dir="1" index="0" bw="1" slack="0"/>
</pin_list>
<bind>
<StgValue><ssdm name=""/></StgValue>
</bind>
</comp>

<comp id="8" class="1001" name="const_8">
<pin_list>
<pin id="9" dir="1" index="0" bw="1" slack="0"/>
</pin_list>
<bind>
<StgValue><ssdm name=""/></StgValue>
</bind>
</comp>

<comp id="10" class="1001" name="const_10">
<pin_list>
<pin id="11" dir="1" index="0" bw="1" slack="0"/>
</pin_list>
<bind>
<StgValue><ssdm name=""/></StgValue>
</bind>
</comp>

<comp id="12" class="1001" name="const_12">
<pin_list>
<pin id="13" dir="1" index="0" bw="1" slack="0"/>
</pin_list>
<bind>
<StgValue><ssdm name=""/></StgValue>
</bind>
</comp>

<comp id="14" class="1001" name="const_14">
<pin_list>
<pin id="15" dir="1" index="0" bw="1" slack="1"/>
</pin_list>
<bind>
<StgValue><ssdm name=""/></StgValue>
</bind>
</comp>

<comp id="16" class="1001" name="const_16">
<pin_list>
<pin id="17" dir="1" index="0" bw="1" slack="2147483647"/>
</pin_list>
<bind>
<StgValue><ssdm name="_ssdm_op_SpecPipeline"/></StgValue>
</bind>
</comp>

<comp id="18" class="1001" name="const_18">
<pin_list>
<pin id="19" dir="1" index="0" bw="1" slack="2147483647"/>
</pin_list>
<bind>
<StgValue><ssdm name=""/></StgValue>
</bind>
</comp>

<comp id="20" class="1001" name="const_20">
<pin_list>
<pin id="21" dir="1" index="0" bw="1" slack="2147483647"/>
</pin_list>
<bind>
<StgValue><ssdm name="empty_44"/></StgValue>
</bind>
</comp>

<comp id="22" class="1001" name="const_22">
<pin_list>
<pin id="23" dir="1" index="0" bw="1" slack="2147483647"/>
</pin_list>
<bind>
<StgValue><ssdm name="_ssdm_op_SpecLoopTripCount"/></StgValue>
</bind>
</comp>

<comp id="24" class="1001" name="const_24">
<pin_list>
<pin id="25" dir="1" index="0" bw="1" slack="2147483647"/>
</pin_list>
<bind>
<StgValue><ssdm name=""/></StgValue>
</bind>
</comp>

<comp id="26" class="1001" name="const_26">
<pin_list>
<pin id="27" dir="1" index="0" bw="1" slack="2147483647"/>
</pin_list>
<bind>
<StgValue><ssdm name="_ssdm_op_SpecLoopName"/></StgValue>
</bind>
</comp>

<comp id="28" class="1001" name="const_28">
<pin_list>
<pin id="29" dir="1" index="0" bw="1" slack="2147483647"/>
</pin_list>
<bind>
<StgValue><ssdm name="empty_5"/></StgValue>
</bind>
</comp>

<comp id="30" class="1001" name="const_30">
<pin_list>
<pin id="31" dir="1" index="0" bw="1" slack="0"/>
</pin_list>
<bind>
<StgValue><ssdm name="_ssdm_op_BitSelect.i1.i64.i64"/></StgValue>
</bind>
</comp>

<comp id="32" class="1001" name="const_32">
<pin_list>
<pin id="33" dir="1" index="0" bw="1" slack="0"/>
</pin_list>
<bind>
<StgValue><ssdm name=""/></StgValue>
</bind>
</comp>

<comp id="34" class="1001" name="const_34">
<pin_list>
<pin id="35" dir="1" index="0" bw="1" slack="0"/>
</pin_list>
<bind>
<StgValue><ssdm name=""/></StgValue>
</bind>
</comp>

<comp id="36" class="1001" name="const_36">
<pin_list>
<pin id="37" dir="1" index="0" bw="1" slack="0"/>
</pin_list>
<bind>
<StgValue><ssdm name="_ssdm_op_BitConcatenate.i64.i1.i63"/></StgValue>
</bind>
</comp>

<comp id="38" class="1001" name="const_38">
<pin_list>
<pin id="39" dir="1" index="0" bw="1" slack="0"/>
</pin_list>
<bind>
<StgValue><ssdm name="_ssdm_op_BitSelect.i1.i64.i32"/></StgValue>
</bind>
</comp>

<comp id="40" class="1001" name="const_40">
<pin_list>
<pin id="41" dir="1" index="0" bw="1" slack="0"/>
</pin_list>
<bind>
<StgValue><ssdm name=""/></StgValue>
</bind>
</comp>

<comp id="42" class="1004" name="i_fu_42">
<pin_list>
<pin id="43" dir="0" index="0" bw="1" slack="0"/>
<pin id="44" dir="1" index="1" bw="4" slack="0"/>
</pin_list>
<bind>
<opcode="alloca(26) " fcode="alloca"/>
<opset="i/1 "/>
</bind>
</comp>

<comp id="46" class="1004" name="b_addr_gep_fu_46">
<pin_list>
<pin id="47" dir="0" index="0" bw="64" slack="0"/>
<pin id="48" dir="0" index="1" bw="1" slack="0"/>
<pin id="49" dir="0" index="2" bw="3" slack="0"/>
<pin id="50" dir="1" index="3" bw="4" slack="0"/>
</pin_list>
<bind>
<opcode="getelementptr(29) " fcode="getelementptr"/>
<opset="b_addr/1 "/>
</bind>
</comp>

<comp id="53" class="1004" name="R_Z_addr_gep_fu_53">
<pin_list>
<pin id="54" dir="0" index="0" bw="64" slack="0"/>
<pin id="55" dir="0" index="1" bw="1" slack="0"/>
<pin id="56" dir="0" index="2" bw="3" slack="0"/>
<pin id="57" dir="1" index="3" bw="4" slack="0"/>
</pin_list>
<bind>
<opcode="getelementptr(29) " fcode="getelementptr"/>
<opset="R_Z_addr/1 "/>
</bind>
</comp>

<comp id="60" class="1004" name="grp_access_fu_60">
<pin_list>
<pin id="61" dir="0" index="0" bw="4" slack="2"/>
<pin id="62" dir="0" index="1" bw="64" slack="0"/>
<pin id="63" dir="0" index="2" bw="0" slack="0"/>
<pin id="65" dir="0" index="4" bw="4" slack="2147483647"/>
<pin id="66" dir="0" index="5" bw="64" slack="2147483647"/>
<pin id="67" dir="0" index="6" bw="0" slack="2147483647"/>
<pin id="64" dir="1" index="3" bw="64" slack="2147483647"/>
<pin id="68" dir="1" index="7" bw="64" slack="0"/>
</pin_list>
<bind>
<opcode="load(27) store(28) " fcode="store"/>
<opset="R_Z_load/1 store_ln24/3 "/>
</bind>
</comp>

<comp id="70" class="1004" name="grp_access_fu_70">
<pin_list>
<pin id="71" dir="0" index="0" bw="4" slack="0"/>
<pin id="72" dir="0" index="1" bw="64" slack="2147483647"/>
<pin id="73" dir="0" index="2" bw="0" slack="2147483647"/>
<pin id="74" dir="1" index="3" bw="64" slack="1"/>
</pin_list>
<bind>
<opcode="load(27) " fcode="load"/>
<opset="b_load/1 "/>
</bind>
</comp>

<comp id="76" class="1005" name="carry_reg_76">
<pin_list>
<pin id="77" dir="0" index="0" bw="1" slack="1"/>
<pin id="78" dir="1" index="1" bw="1" slack="1"/>
</pin_list>
<bind>
<opset="carry (phireg) "/>
</bind>
</comp>

<comp id="80" class="1004" name="carry_phi_fu_80">
<pin_list>
<pin id="81" dir="0" index="0" bw="1" slack="1"/>
<pin id="82" dir="0" index="1" bw="0" slack="2147483647"/>
<pin id="83" dir="0" index="2" bw="1" slack="1"/>
<pin id="84" dir="0" index="3" bw="0" slack="2147483647"/>
<pin id="85" dir="1" index="4" bw="1" slack="0"/>
</pin_list>
<bind>
<opcode="phi(47) " fcode="phi"/>
<opset="carry/2 "/>
</bind>
</comp>

<comp id="87" class="1004" name="store_ln20_store_fu_87">
<pin_list>
<pin id="88" dir="0" index="0" bw="1" slack="0"/>
<pin id="89" dir="0" index="1" bw="4" slack="0"/>
<pin id="90" dir="1" index="2" bw="0" slack="2147483647"/>
</pin_list>
<bind>
<opcode="store(28) " fcode="store"/>
<opset="store_ln20/1 "/>
</bind>
</comp>

<comp id="92" class="1004" name="i_211_load_fu_92">
<pin_list>
<pin id="93" dir="0" index="0" bw="4" slack="0"/>
<pin id="94" dir="1" index="1" bw="4" slack="0"/>
</pin_list>
<bind>
<opcode="load(27) " fcode="load"/>
<opset="i_211/1 "/>
</bind>
</comp>

<comp id="95" class="1004" name="icmp_ln23_fu_95">
<pin_list>
<pin id="96" dir="0" index="0" bw="4" slack="0"/>
<pin id="97" dir="0" index="1" bw="4" slack="0"/>
<pin id="98" dir="1" index="2" bw="1" slack="1"/>
</pin_list>
<bind>
<opcode="icmp(45) " fcode="icmp"/>
<opset="icmp_ln23/1 "/>
</bind>
</comp>

<comp id="101" class="1004" name="add_ln23_fu_101">
<pin_list>
<pin id="102" dir="0" index="0" bw="4" slack="0"/>
<pin id="103" dir="0" index="1" bw="1" slack="0"/>
<pin id="104" dir="1" index="2" bw="4" slack="0"/>
</pin_list>
<bind>
<opcode="add(8) " fcode="add"/>
<opset="add_ln23/1 "/>
</bind>
</comp>

<comp id="107" class="1004" name="trunc_ln24_fu_107">
<pin_list>
<pin id="108" dir="0" index="0" bw="4" slack="0"/>
<pin id="109" dir="1" index="1" bw="3" slack="0"/>
</pin_list>
<bind>
<opcode="trunc(33) " fcode="trunc"/>
<opset="trunc_ln24/1 "/>
</bind>
</comp>

<comp id="111" class="1004" name="zext_ln24_fu_111">
<pin_list>
<pin id="112" dir="0" index="0" bw="3" slack="0"/>
<pin id="113" dir="1" index="1" bw="32" slack="0"/>
</pin_list>
<bind>
<opcode="zext(34) " fcode="zext"/>
<opset="zext_ln24/1 "/>
</bind>
</comp>

<comp id="117" class="1004" name="store_ln20_store_fu_117">
<pin_list>
<pin id="118" dir="0" index="0" bw="4" slack="0"/>
<pin id="119" dir="0" index="1" bw="4" slack="0"/>
<pin id="120" dir="1" index="2" bw="0" slack="2147483647"/>
</pin_list>
<bind>
<opcode="store(28) " fcode="store"/>
<opset="store_ln20/1 "/>
</bind>
</comp>

<comp id="122" class="1004" name="zext_ln24_5_fu_122">
<pin_list>
<pin id="123" dir="0" index="0" bw="1" slack="0"/>
<pin id="124" dir="1" index="1" bw="64" slack="0"/>
</pin_list>
<bind>
<opcode="zext(34) " fcode="zext"/>
<opset="zext_ln24_5/2 "/>
</bind>
</comp>

<comp id="126" class="1004" name="tempReg_fu_126">
<pin_list>
<pin id="127" dir="0" index="0" bw="64" slack="0"/>
<pin id="128" dir="0" index="1" bw="1" slack="0"/>
<pin id="129" dir="1" index="2" bw="64" slack="1"/>
</pin_list>
<bind>
<opcode="add(8) " fcode="add"/>
<opset="tempReg/2 "/>
</bind>
</comp>

<comp id="132" class="1004" name="add_ln24_fu_132">
<pin_list>
<pin id="133" dir="0" index="0" bw="64" slack="1"/>
<pin id="134" dir="0" index="1" bw="64" slack="1"/>
<pin id="135" dir="1" index="2" bw="64" slack="0"/>
</pin_list>
<bind>
<opcode="add(8) " fcode="add"/>
<opset="add_ln24/3 "/>
</bind>
</comp>

<comp id="137" class="1004" name="xor_ln24_fu_137">
<pin_list>
<pin id="138" dir="0" index="0" bw="64" slack="0"/>
<pin id="139" dir="0" index="1" bw="64" slack="1"/>
<pin id="140" dir="1" index="2" bw="64" slack="0"/>
</pin_list>
<bind>
<opcode="xor(25) " fcode="xor"/>
<opset="xor_ln24/3 "/>
</bind>
</comp>

<comp id="142" class="1004" name="xor_ln24_8_fu_142">
<pin_list>
<pin id="143" dir="0" index="0" bw="64" slack="1"/>
<pin id="144" dir="0" index="1" bw="64" slack="1"/>
<pin id="145" dir="1" index="2" bw="64" slack="0"/>
</pin_list>
<bind>
<opcode="xor(25) " fcode="xor"/>
<opset="xor_ln24_8/3 "/>
</bind>
</comp>

<comp id="146" class="1004" name="or_ln24_fu_146">
<pin_list>
<pin id="147" dir="0" index="0" bw="64" slack="0"/>
<pin id="148" dir="0" index="1" bw="64" slack="0"/>
<pin id="149" dir="1" index="2" bw="64" slack="0"/>
</pin_list>
<bind>
<opcode="or(24) " fcode="or"/>
<opset="or_ln24/3 "/>
</bind>
</comp>

<comp id="152" class="1004" name="bit_sel_fu_152">
<pin_list>
<pin id="153" dir="0" index="0" bw="1" slack="0"/>
<pin id="154" dir="0" index="1" bw="64" slack="1"/>
<pin id="155" dir="0" index="2" bw="7" slack="0"/>
<pin id="156" dir="1" index="3" bw="1" slack="0"/>
</pin_list>
<bind>
<opcode="bitselect(1000) " fcode="bitselect"/>
<opset="bit_sel/3 "/>
</bind>
</comp>

<comp id="159" class="1004" name="xor_ln24_9_fu_159">
<pin_list>
<pin id="160" dir="0" index="0" bw="1" slack="0"/>
<pin id="161" dir="0" index="1" bw="1" slack="0"/>
<pin id="162" dir="1" index="2" bw="1" slack="0"/>
</pin_list>
<bind>
<opcode="xor(25) " fcode="xor"/>
<opset="xor_ln24_9/3 "/>
</bind>
</comp>

<comp id="165" class="1004" name="trunc_ln24_4_fu_165">
<pin_list>
<pin id="166" dir="0" index="0" bw="64" slack="1"/>
<pin id="167" dir="1" index="1" bw="63" slack="0"/>
</pin_list>
<bind>
<opcode="trunc(33) " fcode="trunc"/>
<opset="trunc_ln24_4/3 "/>
</bind>
</comp>

<comp id="168" class="1004" name="xor_ln24_s_fu_168">
<pin_list>
<pin id="169" dir="0" index="0" bw="64" slack="0"/>
<pin id="170" dir="0" index="1" bw="1" slack="0"/>
<pin id="171" dir="0" index="2" bw="63" slack="0"/>
<pin id="172" dir="1" index="3" bw="64" slack="0"/>
</pin_list>
<bind>
<opcode="bitconcatenate(1004) " fcode="bitconcatenate"/>
<opset="xor_ln24_s/3 "/>
</bind>
</comp>

<comp id="176" class="1004" name="and_ln24_fu_176">
<pin_list>
<pin id="177" dir="0" index="0" bw="64" slack="1"/>
<pin id="178" dir="0" index="1" bw="64" slack="0"/>
<pin id="179" dir="1" index="2" bw="64" slack="0"/>
</pin_list>
<bind>
<opcode="and(23) " fcode="and"/>
<opset="and_ln24/3 "/>
</bind>
</comp>

<comp id="181" class="1004" name="xor_ln24_10_fu_181">
<pin_list>
<pin id="182" dir="0" index="0" bw="64" slack="0"/>
<pin id="183" dir="0" index="1" bw="64" slack="0"/>
<pin id="184" dir="1" index="2" bw="64" slack="0"/>
</pin_list>
<bind>
<opcode="xor(25) " fcode="xor"/>
<opset="xor_ln24_10/3 "/>
</bind>
</comp>

<comp id="187" class="1004" name="or_ln24_3_fu_187">
<pin_list>
<pin id="188" dir="0" index="0" bw="64" slack="0"/>
<pin id="189" dir="0" index="1" bw="64" slack="0"/>
<pin id="190" dir="1" index="2" bw="64" slack="0"/>
</pin_list>
<bind>
<opcode="or(24) " fcode="or"/>
<opset="or_ln24_3/3 "/>
</bind>
</comp>

<comp id="193" class="1004" name="tmp_fu_193">
<pin_list>
<pin id="194" dir="0" index="0" bw="1" slack="0"/>
<pin id="195" dir="0" index="1" bw="64" slack="0"/>
<pin id="196" dir="0" index="2" bw="7" slack="0"/>
<pin id="197" dir="1" index="3" bw="1" slack="1"/>
</pin_list>
<bind>
<opcode="bitselect(1000) " fcode="bitselect"/>
<opset="tmp/3 "/>
</bind>
</comp>

<comp id="201" class="1005" name="i_reg_201">
<pin_list>
<pin id="202" dir="0" index="0" bw="4" slack="0"/>
<pin id="203" dir="1" index="1" bw="4" slack="0"/>
</pin_list>
<bind>
<opset="i "/>
</bind>
</comp>

<comp id="208" class="1005" name="icmp_ln23_reg_208">
<pin_list>
<pin id="209" dir="0" index="0" bw="1" slack="1"/>
<pin id="210" dir="1" index="1" bw="1" slack="2147483647"/>
</pin_list>
<bind>
<opset="icmp_ln23 "/>
</bind>
</comp>

<comp id="212" class="1005" name="b_addr_reg_212">
<pin_list>
<pin id="213" dir="0" index="0" bw="4" slack="1"/>
<pin id="214" dir="1" index="1" bw="4" slack="1"/>
</pin_list>
<bind>
<opset="b_addr "/>
</bind>
</comp>

<comp id="217" class="1005" name="R_Z_addr_reg_217">
<pin_list>
<pin id="218" dir="0" index="0" bw="4" slack="1"/>
<pin id="219" dir="1" index="1" bw="4" slack="1"/>
</pin_list>
<bind>
<opset="R_Z_addr "/>
</bind>
</comp>

<comp id="223" class="1005" name="R_Z_load_reg_223">
<pin_list>
<pin id="224" dir="0" index="0" bw="64" slack="1"/>
<pin id="225" dir="1" index="1" bw="64" slack="1"/>
</pin_list>
<bind>
<opset="R_Z_load "/>
</bind>
</comp>

<comp id="228" class="1005" name="tempReg_reg_228">
<pin_list>
<pin id="229" dir="0" index="0" bw="64" slack="1"/>
<pin id="230" dir="1" index="1" bw="64" slack="1"/>
</pin_list>
<bind>
<opset="tempReg "/>
</bind>
</comp>

<comp id="237" class="1005" name="b_load_reg_237">
<pin_list>
<pin id="238" dir="0" index="0" bw="64" slack="1"/>
<pin id="239" dir="1" index="1" bw="64" slack="1"/>
</pin_list>
<bind>
<opset="b_load "/>
</bind>
</comp>

<comp id="243" class="1005" name="tmp_reg_243">
<pin_list>
<pin id="244" dir="0" index="0" bw="1" slack="1"/>
<pin id="245" dir="1" index="1" bw="1" slack="1"/>
</pin_list>
<bind>
<opset="tmp "/>
</bind>
</comp>

</comp_list>

<net_list>
<net id="45"><net_src comp="4" pin="0"/><net_sink comp="42" pin=0"/></net>

<net id="51"><net_src comp="0" pin="0"/><net_sink comp="46" pin=0"/></net>

<net id="52"><net_src comp="12" pin="0"/><net_sink comp="46" pin=1"/></net>

<net id="58"><net_src comp="2" pin="0"/><net_sink comp="53" pin=0"/></net>

<net id="59"><net_src comp="12" pin="0"/><net_sink comp="53" pin=1"/></net>

<net id="69"><net_src comp="53" pin="3"/><net_sink comp="60" pin=2"/></net>

<net id="75"><net_src comp="46" pin="3"/><net_sink comp="70" pin=0"/></net>

<net id="79"><net_src comp="14" pin="0"/><net_sink comp="76" pin=0"/></net>

<net id="86"><net_src comp="76" pin="1"/><net_sink comp="80" pin=0"/></net>

<net id="91"><net_src comp="6" pin="0"/><net_sink comp="87" pin=0"/></net>

<net id="99"><net_src comp="92" pin="1"/><net_sink comp="95" pin=0"/></net>

<net id="100"><net_src comp="8" pin="0"/><net_sink comp="95" pin=1"/></net>

<net id="105"><net_src comp="92" pin="1"/><net_sink comp="101" pin=0"/></net>

<net id="106"><net_src comp="10" pin="0"/><net_sink comp="101" pin=1"/></net>

<net id="110"><net_src comp="92" pin="1"/><net_sink comp="107" pin=0"/></net>

<net id="114"><net_src comp="107" pin="1"/><net_sink comp="111" pin=0"/></net>

<net id="115"><net_src comp="111" pin="1"/><net_sink comp="46" pin=2"/></net>

<net id="116"><net_src comp="111" pin="1"/><net_sink comp="53" pin=2"/></net>

<net id="121"><net_src comp="101" pin="2"/><net_sink comp="117" pin=0"/></net>

<net id="125"><net_src comp="80" pin="4"/><net_sink comp="122" pin=0"/></net>

<net id="130"><net_src comp="60" pin="7"/><net_sink comp="126" pin=0"/></net>

<net id="131"><net_src comp="122" pin="1"/><net_sink comp="126" pin=1"/></net>

<net id="136"><net_src comp="132" pin="2"/><net_sink comp="60" pin=1"/></net>

<net id="141"><net_src comp="132" pin="2"/><net_sink comp="137" pin=0"/></net>

<net id="150"><net_src comp="137" pin="2"/><net_sink comp="146" pin=0"/></net>

<net id="151"><net_src comp="142" pin="2"/><net_sink comp="146" pin=1"/></net>

<net id="157"><net_src comp="30" pin="0"/><net_sink comp="152" pin=0"/></net>

<net id="158"><net_src comp="32" pin="0"/><net_sink comp="152" pin=2"/></net>

<net id="163"><net_src comp="152" pin="3"/><net_sink comp="159" pin=0"/></net>

<net id="164"><net_src comp="34" pin="0"/><net_sink comp="159" pin=1"/></net>

<net id="173"><net_src comp="36" pin="0"/><net_sink comp="168" pin=0"/></net>

<net id="174"><net_src comp="159" pin="2"/><net_sink comp="168" pin=1"/></net>

<net id="175"><net_src comp="165" pin="1"/><net_sink comp="168" pin=2"/></net>

<net id="180"><net_src comp="168" pin="3"/><net_sink comp="176" pin=1"/></net>

<net id="185"><net_src comp="146" pin="2"/><net_sink comp="181" pin=0"/></net>

<net id="186"><net_src comp="132" pin="2"/><net_sink comp="181" pin=1"/></net>

<net id="191"><net_src comp="181" pin="2"/><net_sink comp="187" pin=0"/></net>

<net id="192"><net_src comp="176" pin="2"/><net_sink comp="187" pin=1"/></net>

<net id="198"><net_src comp="38" pin="0"/><net_sink comp="193" pin=0"/></net>

<net id="199"><net_src comp="187" pin="2"/><net_sink comp="193" pin=1"/></net>

<net id="200"><net_src comp="40" pin="0"/><net_sink comp="193" pin=2"/></net>

<net id="204"><net_src comp="42" pin="1"/><net_sink comp="201" pin=0"/></net>

<net id="205"><net_src comp="201" pin="1"/><net_sink comp="87" pin=1"/></net>

<net id="206"><net_src comp="201" pin="1"/><net_sink comp="92" pin=0"/></net>

<net id="207"><net_src comp="201" pin="1"/><net_sink comp="117" pin=1"/></net>

<net id="211"><net_src comp="95" pin="2"/><net_sink comp="208" pin=0"/></net>

<net id="215"><net_src comp="46" pin="3"/><net_sink comp="212" pin=0"/></net>

<net id="216"><net_src comp="212" pin="1"/><net_sink comp="70" pin=0"/></net>

<net id="220"><net_src comp="53" pin="3"/><net_sink comp="217" pin=0"/></net>

<net id="221"><net_src comp="217" pin="1"/><net_sink comp="60" pin=2"/></net>

<net id="222"><net_src comp="217" pin="1"/><net_sink comp="60" pin=0"/></net>

<net id="226"><net_src comp="60" pin="7"/><net_sink comp="223" pin=0"/></net>

<net id="227"><net_src comp="223" pin="1"/><net_sink comp="176" pin=0"/></net>

<net id="231"><net_src comp="126" pin="2"/><net_sink comp="228" pin=0"/></net>

<net id="232"><net_src comp="228" pin="1"/><net_sink comp="132" pin=1"/></net>

<net id="233"><net_src comp="228" pin="1"/><net_sink comp="137" pin=1"/></net>

<net id="234"><net_src comp="228" pin="1"/><net_sink comp="142" pin=1"/></net>

<net id="235"><net_src comp="228" pin="1"/><net_sink comp="152" pin=1"/></net>

<net id="236"><net_src comp="228" pin="1"/><net_sink comp="165" pin=0"/></net>

<net id="240"><net_src comp="70" pin="3"/><net_sink comp="237" pin=0"/></net>

<net id="241"><net_src comp="237" pin="1"/><net_sink comp="132" pin=0"/></net>

<net id="242"><net_src comp="237" pin="1"/><net_sink comp="142" pin=0"/></net>

<net id="246"><net_src comp="193" pin="3"/><net_sink comp="243" pin=0"/></net>

<net id="247"><net_src comp="243" pin="1"/><net_sink comp="80" pin=2"/></net>

</net_list>

</model> 
---------------- Datapath Model END ------------------

* FSMD analyzer results:
  - Output states:
	Port: b | {}
	Port: R_Z | {3 }
 - Input state : 
	Port: fpadd503.7_Pipeline_VITIS_LOOP_23_1 : b | {1 2 }
	Port: fpadd503.7_Pipeline_VITIS_LOOP_23_1 : R_Z | {1 2 }
  - Chain level:
	State 1
		store_ln20 : 1
		i_211 : 1
		icmp_ln23 : 2
		add_ln23 : 2
		br_ln23 : 3
		trunc_ln24 : 2
		zext_ln24 : 3
		b_addr : 4
		R_Z_addr : 4
		R_Z_load : 5
		b_load : 5
		store_ln20 : 3
	State 2
		zext_ln24_5 : 1
		tempReg : 2
	State 3
		store_ln24 : 1
		xor_ln24 : 1
		or_ln24 : 1
		xor_ln24_9 : 1
		xor_ln24_s : 1
		and_ln24 : 2
		xor_ln24_10 : 1
		or_ln24_3 : 2
		tmp : 2


============================================================
+ Verbose Summary: Datapath Resource usage 
============================================================

* Functional unit list:
|----------|---------------------|---------|---------|
| Operation|   Functional Unit   |    FF   |   LUT   |
|----------|---------------------|---------|---------|
|          |   xor_ln24_fu_137   |    0    |    64   |
|    xor   |  xor_ln24_8_fu_142  |    0    |    64   |
|          |  xor_ln24_9_fu_159  |    0    |    2    |
|          |  xor_ln24_10_fu_181 |    0    |    64   |
|----------|---------------------|---------|---------|
|          |   add_ln23_fu_101   |    0    |    13   |
|    add   |    tempReg_fu_126   |    0    |    71   |
|          |   add_ln24_fu_132   |    0    |    71   |
|----------|---------------------|---------|---------|
|    or    |    or_ln24_fu_146   |    0    |    64   |
|          |   or_ln24_3_fu_187  |    0    |    64   |
|----------|---------------------|---------|---------|
|    and   |   and_ln24_fu_176   |    0    |    64   |
|----------|---------------------|---------|---------|
|   icmp   |   icmp_ln23_fu_95   |    0    |    13   |
|----------|---------------------|---------|---------|
|   trunc  |  trunc_ln24_fu_107  |    0    |    0    |
|          | trunc_ln24_4_fu_165 |    0    |    0    |
|----------|---------------------|---------|---------|
|   zext   |   zext_ln24_fu_111  |    0    |    0    |
|          |  zext_ln24_5_fu_122 |    0    |    0    |
|----------|---------------------|---------|---------|
| bitselect|    bit_sel_fu_152   |    0    |    0    |
|          |      tmp_fu_193     |    0    |    0    |
|----------|---------------------|---------|---------|
|bitconcatenate|  xor_ln24_s_fu_168  |    0    |    0    |
|----------|---------------------|---------|---------|
|   Total  |                     |    0    |   554   |
|----------|---------------------|---------|---------|

Memories:
N/A

* Register list:
+-----------------+--------+
|                 |   FF   |
+-----------------+--------+
| R_Z_addr_reg_217|    4   |
| R_Z_load_reg_223|   64   |
|  b_addr_reg_212 |    4   |
|  b_load_reg_237 |   64   |
|   carry_reg_76  |    1   |
|    i_reg_201    |    4   |
|icmp_ln23_reg_208|    1   |
| tempReg_reg_228 |   64   |
|   tmp_reg_243   |    1   |
+-----------------+--------+
|      Total      |   207  |
+-----------------+--------+

* Multiplexer (MUX) list: 
|------------------|------|------|------|--------||---------||---------||---------|
|       Comp       |  Pin | Size |  BW  | S x BW ||  Delay  ||    FF   ||   LUT   |
|------------------|------|------|------|--------||---------||---------||---------|
| grp_access_fu_60 |  p2  |   2  |   0  |    0   ||    0    ||    9    |
| grp_access_fu_70 |  p0  |   2  |   4  |    8   ||    0    ||    9    |
|------------------|------|------|------|--------||---------||---------||---------|
|       Total      |      |      |      |    8   ||  3.176  ||    0    ||    18   |
|------------------|------|------|------|--------||---------||---------||---------|



* Summary:
+-----------+--------+--------+--------+
|           |  Delay |   FF   |   LUT  |
+-----------+--------+--------+--------+
|  Function |    -   |    0   |   554  |
|   Memory  |    -   |    -   |    -   |
|Multiplexer|    3   |    0   |   18   |
|  Register |    -   |   207  |    -   |
+-----------+--------+--------+--------+
|   Total   |    3   |   207  |   572  |
+-----------+--------+--------+--------+
