

================================================================
== Vitis HLS Report for 'fpadd503_149_Pipeline_VITIS_LOOP_23_1'
================================================================
* Date:           Tue May 20 14:31:28 2025

* Version:        2024.2.2 (Build 6049644 on Mar  5 2025)
* Project:        sikep503_hls
* Solution:       solution1 (Vivado IP Flow Target)
* Product family: zynq
* Target device:  xc7z020-clg484-1


================================================================
== Performance Estimates
================================================================
+ Timing: 
    * Summary: 
    +--------+----------+----------+------------+
    |  Clock |  Target  | Estimated| Uncertainty|
    +--------+----------+----------+------------+
    |ap_clk  |  10.00 ns|  6.774 ns|     2.70 ns|
    +--------+----------+----------+------------+

+ Latency: 
    * Summary: 
    +---------+---------+----------+----------+-----+-----+------------------------------------------------+
    |  Latency (cycles) |  Latency (absolute) |  Interval |                    Pipeline                    |
    |   min   |   max   |    min   |    max   | min | max |                      Type                      |
    +---------+---------+----------+----------+-----+-----+------------------------------------------------+
    |       19|       19|  0.190 us|  0.190 us|   18|   18|  loop auto-rewind stp (delay=0 clock cycles(s))|
    +---------+---------+----------+----------+-----+-----+------------------------------------------------+

    + Detail: 
        * Instance: 
        N/A

        * Loop: 
        +-------------------+---------+---------+----------+-----------+-----------+------+----------+
        |                   |  Latency (cycles) | Iteration|  Initiation Interval  | Trip |          |
        |     Loop Name     |   min   |   max   |  Latency |  achieved |   target  | Count| Pipelined|
        +-------------------+---------+---------+----------+-----------+-----------+------+----------+
        |- VITIS_LOOP_23_1  |       17|       17|         3|          2|          1|     8|       yes|
        +-------------------+---------+---------+----------+-----------+-----------+------+----------+

============================================================
+ Verbose Summary: Synthesis Manager
============================================================
InlineROM: 1
ExposeGlobal: 0
============================================================
+ Verbose Summary: CDFG Model
============================================================
IsTopModel: 0
ResetActiveHigh: 1
IsCombinational: 0
IsDatapathOnly: 0
HasWiredReturn: 1
HasMFsm: 2
HasVarLatency: 1
IsPipeline: 0
IsRtlPipelined: 0
IsInstanceOverlapped: 0
IsDontTouch: 0
HasImplIP: 0
IsGatedGlobalClock: 0

+ Individual pipeline summary: 
  * Pipeline-0: initiation interval (II) = 2, depth = 3


============================================================
+ Verbose Summary: Schedule
============================================================
* Number of FSM states : 3
* Pipeline : 1
  Pipeline-0 : II = 2, D = 3, States = { 1 2 3 }
* Dataflow Pipeline: 0

* FSM state transitions: 
1 --> 2 
2 --> 3 
3 --> 

* FSM state operations: 

State 1 <SV = 0> <Delay = 4.91>
ST_1 : Operation 6 [1/1] (0.00ns)   --->   "%i = alloca i32 1" [src/generic/fp_generic.c:20]   --->   Operation 6 'alloca' 'i' <Predicate = true> <Delay = 0.00>
ST_1 : Operation 7 [1/1] (0.00ns)   --->   "%c_offset2_read = read i1 @_ssdm_op_Read.ap_auto.i1, i1 %c_offset2"   --->   Operation 7 'read' 'c_offset2_read' <Predicate = true> <Delay = 0.00>
ST_1 : Operation 8 [1/1] (0.00ns)   --->   "%c_offset_read = read i3 @_ssdm_op_Read.ap_auto.i3, i3 %c_offset"   --->   Operation 8 'read' 'c_offset_read' <Predicate = true> <Delay = 0.00>
ST_1 : Operation 9 [1/1] (0.00ns)   --->   "%b_offset_read = read i1 @_ssdm_op_Read.ap_auto.i1, i1 %b_offset"   --->   Operation 9 'read' 'b_offset_read' <Predicate = true> <Delay = 0.00>
ST_1 : Operation 10 [1/1] (0.00ns)   --->   "%a_offset_read = read i1 @_ssdm_op_Read.ap_auto.i1, i1 %a_offset"   --->   Operation 10 'read' 'a_offset_read' <Predicate = true> <Delay = 0.00>
ST_1 : Operation 11 [1/1] (1.58ns)   --->   "%store_ln20 = store i4 0, i4 %i" [src/generic/fp_generic.c:20]   --->   Operation 11 'store' 'store_ln20' <Predicate = true> <Delay = 1.58>
ST_1 : Operation 12 [1/1] (1.58ns)   --->   "%br_ln0 = br void %for.inc"   --->   Operation 12 'br' 'br_ln0' <Predicate = true> <Delay = 1.58>
ST_1 : Operation 13 [1/1] (0.00ns)   --->   "%i_226 = load i4 %i" [src/generic/fp_generic.c:24]   --->   Operation 13 'load' 'i_226' <Predicate = true> <Delay = 0.00>
ST_1 : Operation 14 [1/1] (1.73ns)   --->   "%icmp_ln23 = icmp_eq  i4 %i_226, i4 8" [src/generic/fp_generic.c:23]   --->   Operation 14 'icmp' 'icmp_ln23' <Predicate = true> <Delay = 1.73> <CoreInst = "Cmp">   --->   Core 9 'Cmp' <Latency = 0> <II = 1> <Delay = 1.73> <FuncUnit> <Opcode : 'seteq' 'setne' 'setle' 'setge' 'setlt' 'setgt'> <InPorts = 2> <OutPorts = 1>
ST_1 : Operation 15 [1/1] (1.73ns)   --->   "%add_ln23 = add i4 %i_226, i4 1" [src/generic/fp_generic.c:23]   --->   Operation 15 'add' 'add_ln23' <Predicate = true> <Delay = 1.73> <CoreInst = "Adder">   --->   Core 1 'Adder' <Latency = 0> <II = 1> <Delay = 1.73> <FuncUnit> <Opcode : 'add' 'sub'> <InPorts = 2> <OutPorts = 1>
ST_1 : Operation 16 [1/1] (0.00ns)   --->   "%br_ln23 = br i1 %icmp_ln23, void %for.inc.split, void %for.inc29.preheader.exitStub" [src/generic/fp_generic.c:23]   --->   Operation 16 'br' 'br_ln23' <Predicate = true> <Delay = 0.00>
ST_1 : Operation 17 [1/1] (0.00ns)   --->   "%trunc_ln24 = trunc i4 %i_226" [src/generic/fp_generic.c:24]   --->   Operation 17 'trunc' 'trunc_ln24' <Predicate = (!icmp_ln23)> <Delay = 0.00>
ST_1 : Operation 18 [1/1] (0.00ns)   --->   "%tmp = bitconcatenate i4 @_ssdm_op_BitConcatenate.i4.i1.i3, i1 %a_offset_read, i3 %trunc_ln24" [src/generic/fp_generic.c:24]   --->   Operation 18 'bitconcatenate' 'tmp' <Predicate = (!icmp_ln23)> <Delay = 0.00>
ST_1 : Operation 19 [1/1] (0.00ns)   --->   "%zext_ln24 = zext i4 %tmp" [src/generic/fp_generic.c:24]   --->   Operation 19 'zext' 'zext_ln24' <Predicate = (!icmp_ln23)> <Delay = 0.00>
ST_1 : Operation 20 [1/1] (0.00ns)   --->   "%a_addr = getelementptr i64 %a, i32 0, i32 %zext_ln24" [src/generic/fp_generic.c:24]   --->   Operation 20 'getelementptr' 'a_addr' <Predicate = (!icmp_ln23)> <Delay = 0.00>
ST_1 : Operation 21 [1/1] (0.00ns)   --->   "%tmp_s = bitconcatenate i4 @_ssdm_op_BitConcatenate.i4.i1.i3, i1 %b_offset_read, i3 %trunc_ln24" [src/generic/fp_generic.c:24]   --->   Operation 21 'bitconcatenate' 'tmp_s' <Predicate = (!icmp_ln23)> <Delay = 0.00>
ST_1 : Operation 22 [1/1] (0.00ns)   --->   "%zext_ln24_32 = zext i4 %tmp_s" [src/generic/fp_generic.c:24]   --->   Operation 22 'zext' 'zext_ln24_32' <Predicate = (!icmp_ln23)> <Delay = 0.00>
ST_1 : Operation 23 [1/1] (0.00ns)   --->   "%b_addr = getelementptr i64 %b, i32 0, i32 %zext_ln24_32" [src/generic/fp_generic.c:24]   --->   Operation 23 'getelementptr' 'b_addr' <Predicate = (!icmp_ln23)> <Delay = 0.00>
ST_1 : Operation 24 [2/2] (3.25ns)   --->   "%a_load = load i4 %a_addr" [src/generic/fp_generic.c:24]   --->   Operation 24 'load' 'a_load' <Predicate = (!icmp_ln23)> <Delay = 3.25> <CoreInst = "RAM">   --->   Core 81 'RAM' <Latency = 1> <II = 1> <Delay = 3.25> <Storage> <Opcode : 'load' 'store'> <Ports = 2> <Width = 64> <Depth = 16> <RAM>
ST_1 : Operation 25 [2/2] (3.25ns)   --->   "%b_load = load i4 %b_addr" [src/generic/fp_generic.c:24]   --->   Operation 25 'load' 'b_load' <Predicate = (!icmp_ln23)> <Delay = 3.25> <CoreInst = "RAM">   --->   Core 81 'RAM' <Latency = 1> <II = 1> <Delay = 3.25> <Storage> <Opcode : 'load' 'store'> <Ports = 2> <Width = 64> <Depth = 16> <RAM>
ST_1 : Operation 26 [1/1] (1.58ns)   --->   "%store_ln20 = store i4 %add_ln23, i4 %i" [src/generic/fp_generic.c:20]   --->   Operation 26 'store' 'store_ln20' <Predicate = (!icmp_ln23)> <Delay = 1.58>

State 2 <SV = 1> <Delay = 6.77>
ST_2 : Operation 27 [1/1] (0.00ns)   --->   "%carry = phi i1 0, void %newFuncRoot, i1 %tmp_221, void %for.inc.split" [src/generic/fp_generic.c:23]   --->   Operation 27 'phi' 'carry' <Predicate = true> <Delay = 0.00>
ST_2 : Operation 28 [1/2] ( I:3.25ns O:3.25ns )   --->   "%a_load = load i4 %a_addr" [src/generic/fp_generic.c:24]   --->   Operation 28 'load' 'a_load' <Predicate = (!icmp_ln23)> <Delay = 3.25> <CoreInst = "RAM">   --->   Core 81 'RAM' <Latency = 1> <II = 1> <Delay = 3.25> <Storage> <Opcode : 'load' 'store'> <Ports = 2> <Width = 64> <Depth = 16> <RAM>
ST_2 : Operation 29 [1/1] (0.00ns)   --->   "%zext_ln24_33 = zext i1 %carry" [src/generic/fp_generic.c:24]   --->   Operation 29 'zext' 'zext_ln24_33' <Predicate = (!icmp_ln23)> <Delay = 0.00>
ST_2 : Operation 30 [1/1] (3.52ns)   --->   "%tempReg = add i64 %a_load, i64 %zext_ln24_33" [src/generic/fp_generic.c:24]   --->   Operation 30 'add' 'tempReg' <Predicate = (!icmp_ln23)> <Delay = 3.52> <CoreInst = "Adder">   --->   Core 1 'Adder' <Latency = 0> <II = 1> <Delay = 3.52> <FuncUnit> <Opcode : 'add' 'sub'> <InPorts = 2> <OutPorts = 1>
ST_2 : Operation 31 [1/2] ( I:3.25ns O:3.25ns )   --->   "%b_load = load i4 %b_addr" [src/generic/fp_generic.c:24]   --->   Operation 31 'load' 'b_load' <Predicate = (!icmp_ln23)> <Delay = 3.25> <CoreInst = "RAM">   --->   Core 81 'RAM' <Latency = 1> <II = 1> <Delay = 3.25> <Storage> <Opcode : 'load' 'store'> <Ports = 2> <Width = 64> <Depth = 16> <RAM>
ST_2 : Operation 52 [1/1] (1.58ns)   --->   "%ret_ln0 = ret"   --->   Operation 52 'ret' 'ret_ln0' <Predicate = (icmp_ln23)> <Delay = 1.58>

State 3 <SV = 2> <Delay = 6.77>
ST_3 : Operation 32 [1/1] (0.00ns)   --->   "%specpipeline_ln20 = specpipeline void @_ssdm_op_SpecPipeline, i32 4294967295, i32 0, i32 0, i32 0, void @empty_44" [src/generic/fp_generic.c:20]   --->   Operation 32 'specpipeline' 'specpipeline_ln20' <Predicate = (!icmp_ln23)> <Delay = 0.00>
ST_3 : Operation 33 [1/1] (0.00ns)   --->   "%speclooptripcount_ln20 = speclooptripcount void @_ssdm_op_SpecLoopTripCount, i64 8, i64 8, i64 8" [src/generic/fp_generic.c:20]   --->   Operation 33 'speclooptripcount' 'speclooptripcount_ln20' <Predicate = (!icmp_ln23)> <Delay = 0.00>
ST_3 : Operation 34 [1/1] (0.00ns)   --->   "%specloopname_ln23 = specloopname void @_ssdm_op_SpecLoopName, void @empty_5" [src/generic/fp_generic.c:23]   --->   Operation 34 'specloopname' 'specloopname_ln23' <Predicate = (!icmp_ln23)> <Delay = 0.00>
ST_3 : Operation 35 [1/1] (3.52ns)   --->   "%add_ln24 = add i64 %b_load, i64 %tempReg" [src/generic/fp_generic.c:24]   --->   Operation 35 'add' 'add_ln24' <Predicate = (!icmp_ln23)> <Delay = 3.52> <CoreInst = "Adder">   --->   Core 1 'Adder' <Latency = 0> <II = 1> <Delay = 3.52> <FuncUnit> <Opcode : 'add' 'sub'> <InPorts = 2> <OutPorts = 1>
ST_3 : Operation 36 [1/1] (0.00ns)   --->   "%tmp_523 = bitconcatenate i7 @_ssdm_op_BitConcatenate.i7.i3.i1.i3, i3 %c_offset_read, i1 %c_offset2_read, i3 %trunc_ln24" [src/generic/fp_generic.c:24]   --->   Operation 36 'bitconcatenate' 'tmp_523' <Predicate = (!icmp_ln23)> <Delay = 0.00>
ST_3 : Operation 37 [1/1] (0.00ns)   --->   "%zext_ln24_34 = zext i7 %tmp_523" [src/generic/fp_generic.c:24]   --->   Operation 37 'zext' 'zext_ln24_34' <Predicate = (!icmp_ln23)> <Delay = 0.00>
ST_3 : Operation 38 [1/1] (0.00ns)   --->   "%c_addr = getelementptr i64 %c, i32 0, i32 %zext_ln24_34" [src/generic/fp_generic.c:24]   --->   Operation 38 'getelementptr' 'c_addr' <Predicate = (!icmp_ln23)> <Delay = 0.00>
ST_3 : Operation 39 [1/1] ( I:3.25ns O:3.25ns )   --->   "%store_ln24 = store i64 %add_ln24, i7 %c_addr" [src/generic/fp_generic.c:24]   --->   Operation 39 'store' 'store_ln24' <Predicate = (!icmp_ln23)> <Delay = 3.25> <CoreInst = "RAM">   --->   Core 81 'RAM' <Latency = 1> <II = 1> <Delay = 3.25> <Storage> <Opcode : 'load' 'store'> <Ports = 2> <Width = 64> <Depth = 112> <RAM>
ST_3 : Operation 40 [1/1] (0.00ns) (grouped into LUT with out node xor_ln24_48)   --->   "%xor_ln24 = xor i64 %add_ln24, i64 %tempReg" [src/generic/fp_generic.c:24]   --->   Operation 40 'xor' 'xor_ln24' <Predicate = (!icmp_ln23)> <Delay = 0.00> <CoreInst = "LogicGate">   --->   Core 74 'LogicGate' <Latency = 0> <II = 1> <Delay = 0.99> <FuncUnit> <Opcode : 'and' 'or' 'xor'> <InPorts = 2> <OutPorts = 1>
ST_3 : Operation 41 [1/1] (0.00ns) (grouped into LUT with out node xor_ln24_48)   --->   "%xor_ln24_46 = xor i64 %b_load, i64 %tempReg" [src/generic/fp_generic.c:24]   --->   Operation 41 'xor' 'xor_ln24_46' <Predicate = (!icmp_ln23)> <Delay = 0.00> <CoreInst = "LogicGate">   --->   Core 74 'LogicGate' <Latency = 0> <II = 1> <Delay = 0.99> <FuncUnit> <Opcode : 'and' 'or' 'xor'> <InPorts = 2> <OutPorts = 1>
ST_3 : Operation 42 [1/1] (0.00ns) (grouped into LUT with out node xor_ln24_48)   --->   "%or_ln24 = or i64 %xor_ln24, i64 %xor_ln24_46" [src/generic/fp_generic.c:24]   --->   Operation 42 'or' 'or_ln24' <Predicate = (!icmp_ln23)> <Delay = 0.00> <CoreInst = "LogicGate">   --->   Core 74 'LogicGate' <Latency = 0> <II = 1> <Delay = 0.99> <FuncUnit> <Opcode : 'and' 'or' 'xor'> <InPorts = 2> <OutPorts = 1>
ST_3 : Operation 43 [1/1] (0.00ns) (grouped into LUT with out node or_ln24_16)   --->   "%bit_sel = bitselect i1 @_ssdm_op_BitSelect.i1.i64.i64, i64 %tempReg, i64 63" [src/generic/fp_generic.c:24]   --->   Operation 43 'bitselect' 'bit_sel' <Predicate = (!icmp_ln23)> <Delay = 0.00>
ST_3 : Operation 44 [1/1] (0.00ns) (grouped into LUT with out node or_ln24_16)   --->   "%xor_ln24_47 = xor i1 %bit_sel, i1 1" [src/generic/fp_generic.c:24]   --->   Operation 44 'xor' 'xor_ln24_47' <Predicate = (!icmp_ln23)> <Delay = 0.00> <CoreInst = "LogicGate">   --->   Core 74 'LogicGate' <Latency = 0> <II = 1> <Delay = 0.97> <FuncUnit> <Opcode : 'and' 'or' 'xor'> <InPorts = 2> <OutPorts = 1>
ST_3 : Operation 45 [1/1] (0.00ns) (grouped into LUT with out node or_ln24_16)   --->   "%trunc_ln24_14 = trunc i64 %tempReg" [src/generic/fp_generic.c:24]   --->   Operation 45 'trunc' 'trunc_ln24_14' <Predicate = (!icmp_ln23)> <Delay = 0.00>
ST_3 : Operation 46 [1/1] (0.00ns) (grouped into LUT with out node or_ln24_16)   --->   "%xor_ln24_s = bitconcatenate i64 @_ssdm_op_BitConcatenate.i64.i1.i63, i1 %xor_ln24_47, i63 %trunc_ln24_14" [src/generic/fp_generic.c:24]   --->   Operation 46 'bitconcatenate' 'xor_ln24_s' <Predicate = (!icmp_ln23)> <Delay = 0.00>
ST_3 : Operation 47 [1/1] (0.00ns) (grouped into LUT with out node or_ln24_16)   --->   "%and_ln24 = and i64 %a_load, i64 %xor_ln24_s" [src/generic/fp_generic.c:24]   --->   Operation 47 'and' 'and_ln24' <Predicate = (!icmp_ln23)> <Delay = 0.00> <CoreInst = "LogicGate">   --->   Core 74 'LogicGate' <Latency = 0> <II = 1> <Delay = 0.99> <FuncUnit> <Opcode : 'and' 'or' 'xor'> <InPorts = 2> <OutPorts = 1>
ST_3 : Operation 48 [1/1] (0.99ns) (out node of the LUT)   --->   "%xor_ln24_48 = xor i64 %or_ln24, i64 %add_ln24" [src/generic/fp_generic.c:24]   --->   Operation 48 'xor' 'xor_ln24_48' <Predicate = (!icmp_ln23)> <Delay = 0.99> <CoreInst = "LogicGate">   --->   Core 74 'LogicGate' <Latency = 0> <II = 1> <Delay = 0.99> <FuncUnit> <Opcode : 'and' 'or' 'xor'> <InPorts = 2> <OutPorts = 1>
ST_3 : Operation 49 [1/1] (0.99ns) (out node of the LUT)   --->   "%or_ln24_16 = or i64 %xor_ln24_48, i64 %and_ln24" [src/generic/fp_generic.c:24]   --->   Operation 49 'or' 'or_ln24_16' <Predicate = (!icmp_ln23)> <Delay = 0.99> <CoreInst = "LogicGate">   --->   Core 74 'LogicGate' <Latency = 0> <II = 1> <Delay = 0.99> <FuncUnit> <Opcode : 'and' 'or' 'xor'> <InPorts = 2> <OutPorts = 1>
ST_3 : Operation 50 [1/1] (0.00ns)   --->   "%tmp_221 = bitselect i1 @_ssdm_op_BitSelect.i1.i64.i32, i64 %or_ln24_16, i32 63" [src/generic/fp_generic.c:23]   --->   Operation 50 'bitselect' 'tmp_221' <Predicate = (!icmp_ln23)> <Delay = 0.00>
ST_3 : Operation 51 [1/1] (0.00ns)   --->   "%br_ln23 = br void %for.inc" [src/generic/fp_generic.c:23]   --->   Operation 51 'br' 'br_ln23' <Predicate = (!icmp_ln23)> <Delay = 0.00>


============================================================
+ Verbose Summary: Timing violations
============================================================
Target clock period: 10.000ns, clock uncertainty: 2.700ns.

 <State 1>: 4.911ns
The critical path consists of the following:
	'store' operation 0 bit ('store_ln20', src/generic/fp_generic.c:20) of constant 0 on local variable 'i', src/generic/fp_generic.c:20 [13]  (1.588 ns)
	'load' operation 4 bit ('i', src/generic/fp_generic.c:24) on local variable 'i', src/generic/fp_generic.c:20 [17]  (0.000 ns)
	'icmp' operation 1 bit ('icmp_ln23', src/generic/fp_generic.c:23) [18]  (1.735 ns)
	'store' operation 0 bit ('store_ln20', src/generic/fp_generic.c:20) of variable 'add_ln23', src/generic/fp_generic.c:23 on local variable 'i', src/generic/fp_generic.c:20 [52]  (1.588 ns)

 <State 2>: 6.774ns
The critical path consists of the following:
	'load' operation 64 bit ('a_load', src/generic/fp_generic.c:24) on array 'a' [32]  (3.254 ns)
	'add' operation 64 bit ('tempReg', src/generic/fp_generic.c:24) [34]  (3.520 ns)

 <State 3>: 6.774ns
The critical path consists of the following:
	'add' operation 64 bit ('x', src/generic/fp_generic.c:24) [36]  (3.520 ns)
	'store' operation 0 bit ('store_ln24', src/generic/fp_generic.c:24) of variable 'x', src/generic/fp_generic.c:24 on array 'c' [40]  (3.254 ns)


============================================================
+ Verbose Summary: Binding
============================================================
N/A
* FSMD analyzer results:
  - Output states:
 - Input state : 
  - Chain level:
	State 1
	State 2
	State 3


============================================================
+ Verbose Summary: Datapath Resource usage 
============================================================
N/A
