

================================================================
== Vitis HLS Report for 'fpadd503_3_Pipeline_VITIS_LOOP_23_1'
================================================================
* Date:           Tue May 20 14:36:15 2025

* Version:        2024.2.2 (Build 6049644 on Mar  5 2025)
* Project:        sikep503_hls
* Solution:       solution1 (Vivado IP Flow Target)
* Product family: zynq
* Target device:  xc7z020-clg484-1


================================================================
== Performance Estimates
================================================================
+ Timing: 
    * Summary: 
    +--------+----------+----------+------------+
    |  Clock |  Target  | Estimated| Uncertainty|
    +--------+----------+----------+------------+
    |ap_clk  |  10.00 ns|  6.774 ns|     2.70 ns|
    +--------+----------+----------+------------+

+ Latency: 
    * Summary: 
    +---------+---------+----------+----------+-----+-----+------------------------------------------------+
    |  Latency (cycles) |  Latency (absolute) |  Interval |                    Pipeline                    |
    |   min   |   max   |    min   |    max   | min | max |                      Type                      |
    +---------+---------+----------+----------+-----+-----+------------------------------------------------+
    |       19|       19|  0.190 us|  0.190 us|   18|   18|  loop auto-rewind stp (delay=0 clock cycles(s))|
    +---------+---------+----------+----------+-----+-----+------------------------------------------------+

    + Detail: 
        * Instance: 
        N/A

        * Loop: 
        +-------------------+---------+---------+----------+-----------+-----------+------+----------+
        |                   |  Latency (cycles) | Iteration|  Initiation Interval  | Trip |          |
        |     Loop Name     |   min   |   max   |  Latency |  achieved |   target  | Count| Pipelined|
        +-------------------+---------+---------+----------+-----------+-----------+------+----------+
        |- VITIS_LOOP_23_1  |       17|       17|         3|          2|          1|     8|       yes|
        +-------------------+---------+---------+----------+-----------+-----------+------+----------+



================================================================
== Utilization Estimates
================================================================
* Summary: 
+-----------------+---------+-----+--------+-------+-----+
|       Name      | BRAM_18K| DSP |   FF   |  LUT  | URAM|
+-----------------+---------+-----+--------+-------+-----+
|DSP              |        -|    -|       -|      -|    -|
|Expression       |        -|    -|       0|    558|    -|
|FIFO             |        -|    -|       -|      -|    -|
|Instance         |        -|    -|       -|      -|    -|
|Memory           |        -|    -|       -|      -|    -|
|Multiplexer      |        -|    -|       0|     77|    -|
|Register         |        -|    -|     142|      -|    -|
+-----------------+---------+-----+--------+-------+-----+
|Total            |        0|    0|     142|    635|    0|
+-----------------+---------+-----+--------+-------+-----+
|Available        |      280|  220|  106400|  53200|    0|
+-----------------+---------+-----+--------+-------+-----+
|Utilization (%)  |        0|    0|      ~0|      1|    0|
+-----------------+---------+-----+--------+-------+-----+

+ Detail: 
    * Instance: 
    N/A

    * DSP: 
    N/A

    * Memory: 
    N/A

    * FIFO: 
    N/A

    * Expression: 
    +-----------------------+----------+----+---+----+------------+------------+
    |     Variable Name     | Operation| DSP| FF| LUT| Bitwidth P0| Bitwidth P1|
    +-----------------------+----------+----+---+----+------------+------------+
    |add_ln23_fu_92_p2      |         +|   0|  0|  13|           4|           1|
    |add_ln24_fu_122_p2     |         +|   0|  0|  71|          64|          64|
    |tempReg_fu_116_p2      |         +|   0|  0|  71|          64|          64|
    |and_ln24_fu_166_p2     |       and|   0|  0|  64|          64|          64|
    |ap_condition_244       |       and|   0|  0|   2|           1|           1|
    |icmp_ln23_fu_86_p2     |      icmp|   0|  0|  13|           4|           5|
    |or_ln24_10_fu_177_p2   |        or|   0|  0|  64|          64|          64|
    |or_ln24_fu_136_p2      |        or|   0|  0|  64|          64|          64|
    |ap_enable_pp0          |       xor|   0|  0|   2|           1|           2|
    |xor_ln24_29_fu_132_p2  |       xor|   0|  0|  64|          64|          64|
    |xor_ln24_30_fu_149_p2  |       xor|   0|  0|   2|           1|           2|
    |xor_ln24_31_fu_171_p2  |       xor|   0|  0|  64|          64|          64|
    |xor_ln24_fu_127_p2     |       xor|   0|  0|  64|          64|          64|
    +-----------------------+----------+----+---+----+------------+------------+
    |Total                  |          |   0|  0| 558|         523|         523|
    +-----------------------+----------+----+---+----+------------+------------+

    * Multiplexer: 
    +-------------------------+----+-----------+-----+-----------+
    |           Name          | LUT| Input Size| Bits| Total Bits|
    +-------------------------+----+-----------+-----+-----------+
    |ap_NS_fsm                |  14|          3|    1|          3|
    |ap_done_int              |   9|          2|    1|          2|
    |ap_enable_reg_pp0_iter0  |   9|          2|    1|          2|
    |ap_enable_reg_pp0_iter1  |   9|          2|    1|          2|
    |ap_sig_allocacmp_i_220   |   9|          2|    4|          8|
    |carry_reg_67             |   9|          2|    1|          2|
    |coeff_we0_local          |   9|          2|    8|         16|
    |i_fu_46                  |   9|          2|    4|          8|
    +-------------------------+----+-----------+-----+-----------+
    |Total                    |  77|         17|   21|         43|
    +-------------------------+----+-----------+-----+-----------+

    * Register: 
    +-----------------------------+----+----+-----+-----------+
    |             Name            | FF | LUT| Bits| Const Bits|
    +-----------------------------+----+----+-----+-----------+
    |ap_CS_fsm                    |   2|   0|    2|          0|
    |ap_done_reg                  |   1|   0|    1|          0|
    |ap_enable_reg_pp0_iter0_reg  |   1|   0|    1|          0|
    |ap_enable_reg_pp0_iter1      |   1|   0|    1|          0|
    |carry_reg_67                 |   1|   0|    1|          0|
    |coeff_addr_reg_202           |   3|   0|    6|          3|
    |coeff_load_reg_208           |  64|   0|   64|          0|
    |i_fu_46                      |   4|   0|    4|          0|
    |icmp_ln23_reg_198            |   1|   0|    1|          0|
    |tempReg_reg_215              |  64|   0|   64|          0|
    +-----------------------------+----+----+-----+-----------+
    |Total                        | 142|   0|  145|          3|
    +-----------------------------+----+----+-----+-----------+



================================================================
== Interface
================================================================
* Summary: 
+----------------+-----+-----+------------+-------------------------------------+--------------+
|    RTL Ports   | Dir | Bits|  Protocol  |            Source Object            |    C Type    |
+----------------+-----+-----+------------+-------------------------------------+--------------+
|ap_clk          |   in|    1|  ap_ctrl_hs|  fpadd503.3_Pipeline_VITIS_LOOP_23_1|  return value|
|ap_rst          |   in|    1|  ap_ctrl_hs|  fpadd503.3_Pipeline_VITIS_LOOP_23_1|  return value|
|ap_start        |   in|    1|  ap_ctrl_hs|  fpadd503.3_Pipeline_VITIS_LOOP_23_1|  return value|
|ap_done         |  out|    1|  ap_ctrl_hs|  fpadd503.3_Pipeline_VITIS_LOOP_23_1|  return value|
|ap_idle         |  out|    1|  ap_ctrl_hs|  fpadd503.3_Pipeline_VITIS_LOOP_23_1|  return value|
|ap_ready        |  out|    1|  ap_ctrl_hs|  fpadd503.3_Pipeline_VITIS_LOOP_23_1|  return value|
|coeff_address0  |  out|    6|   ap_memory|                                coeff|         array|
|coeff_ce0       |  out|    1|   ap_memory|                                coeff|         array|
|coeff_we0       |  out|    8|   ap_memory|                                coeff|         array|
|coeff_d0        |  out|   64|   ap_memory|                                coeff|         array|
|coeff_address1  |  out|    6|   ap_memory|                                coeff|         array|
|coeff_ce1       |  out|    1|   ap_memory|                                coeff|         array|
|coeff_q1        |   in|   64|   ap_memory|                                coeff|         array|
+----------------+-----+-----+------------+-------------------------------------+--------------+

============================================================
+ Verbose Summary: Synthesis Manager
============================================================
InlineROM: 1
ExposeGlobal: 0
============================================================
+ Verbose Summary: CDFG Model
============================================================
IsTopModel: 0
ResetActiveHigh: 1
IsCombinational: 2
IsDatapathOnly: 2
HasWiredReturn: 1
HasMFsm: 2
HasVarLatency: 1
IsPipeline: 0
IsRtlPipelined: 0
IsInstanceOverlapped: 0
IsDontTouch: 0
HasImplIP: 0
IsGatedGlobalClock: 0

+ Individual pipeline summary: 
  * Pipeline-0: initiation interval (II) = 2, depth = 3


============================================================
+ Verbose Summary: Schedule
============================================================
* Number of FSM states : 3
* Pipeline : 1
  Pipeline-0 : II = 2, D = 3, States = { 1 2 3 }
* Dataflow Pipeline: 0

* FSM state transitions: 
1 --> 2 
2 --> 3 
3 --> 

* FSM state operations: 

State 1 <SV = 0> <Delay = 4.91>
ST_1 : Operation 6 [1/1] (0.00ns)   --->   "%i = alloca i32 1" [src/generic/fp_generic.c:20]   --->   Operation 6 'alloca' 'i' <Predicate = true> <Delay = 0.00>
ST_1 : Operation 7 [1/1] (0.00ns)   --->   "%specbramwithbyteenable_ln0 = specbramwithbyteenable void @_ssdm_op_SpecBRAMWithByteEnable, i64 %coeff"   --->   Operation 7 'specbramwithbyteenable' 'specbramwithbyteenable_ln0' <Predicate = true> <Delay = 0.00>
ST_1 : Operation 8 [1/1] (1.58ns)   --->   "%store_ln20 = store i4 0, i4 %i" [src/generic/fp_generic.c:20]   --->   Operation 8 'store' 'store_ln20' <Predicate = true> <Delay = 1.58>
ST_1 : Operation 9 [1/1] (1.58ns)   --->   "%br_ln0 = br void %for.inc"   --->   Operation 9 'br' 'br_ln0' <Predicate = true> <Delay = 1.58>
ST_1 : Operation 10 [1/1] (0.00ns)   --->   "%i_220 = load i4 %i" [src/generic/fp_generic.c:24]   --->   Operation 10 'load' 'i_220' <Predicate = true> <Delay = 0.00>
ST_1 : Operation 11 [1/1] (1.73ns)   --->   "%icmp_ln23 = icmp_eq  i4 %i_220, i4 8" [src/generic/fp_generic.c:23]   --->   Operation 11 'icmp' 'icmp_ln23' <Predicate = true> <Delay = 1.73> <CoreInst = "Cmp">   --->   Core 9 'Cmp' <Latency = 0> <II = 1> <Delay = 1.78> <FuncUnit> <Opcode : 'seteq' 'setne' 'setle' 'setge' 'setlt' 'setgt'> <InPorts = 2> <OutPorts = 1>
ST_1 : Operation 12 [1/1] (1.73ns)   --->   "%add_ln23 = add i4 %i_220, i4 1" [src/generic/fp_generic.c:23]   --->   Operation 12 'add' 'add_ln23' <Predicate = true> <Delay = 1.73> <CoreInst = "Adder">   --->   Core 1 'Adder' <Latency = 0> <II = 1> <Delay = 1.73> <FuncUnit> <Opcode : 'add' 'sub'> <InPorts = 2> <OutPorts = 1>
ST_1 : Operation 13 [1/1] (0.00ns)   --->   "%br_ln23 = br i1 %icmp_ln23, void %for.inc.split, void %for.inc29.preheader.exitStub" [src/generic/fp_generic.c:23]   --->   Operation 13 'br' 'br_ln23' <Predicate = true> <Delay = 0.00>
ST_1 : Operation 14 [1/1] (0.00ns)   --->   "%trunc_ln24 = trunc i4 %i_220" [src/generic/fp_generic.c:24]   --->   Operation 14 'trunc' 'trunc_ln24' <Predicate = (!icmp_ln23)> <Delay = 0.00>
ST_1 : Operation 15 [1/1] (0.00ns)   --->   "%zext_ln24 = zext i3 %trunc_ln24" [src/generic/fp_generic.c:24]   --->   Operation 15 'zext' 'zext_ln24' <Predicate = (!icmp_ln23)> <Delay = 0.00>
ST_1 : Operation 16 [1/1] (0.00ns)   --->   "%coeff_addr = getelementptr i64 %coeff, i32 0, i32 %zext_ln24" [src/generic/fp_generic.c:24]   --->   Operation 16 'getelementptr' 'coeff_addr' <Predicate = (!icmp_ln23)> <Delay = 0.00>
ST_1 : Operation 17 [2/2] (3.25ns)   --->   "%coeff_load = load i6 %coeff_addr" [src/generic/fp_generic.c:24]   --->   Operation 17 'load' 'coeff_load' <Predicate = (!icmp_ln23)> <Delay = 3.25> <CoreInst = "RAM">   --->   Core 81 'RAM' <Latency = 1> <II = 1> <Delay = 3.25> <Storage> <Opcode : 'load' 'store'> <Ports = 2> <Width = 64> <Depth = 48> <RAM>
ST_1 : Operation 18 [1/1] (1.58ns)   --->   "%store_ln20 = store i4 %add_ln23, i4 %i" [src/generic/fp_generic.c:20]   --->   Operation 18 'store' 'store_ln20' <Predicate = (!icmp_ln23)> <Delay = 1.58>

State 2 <SV = 1> <Delay = 6.77>
ST_2 : Operation 19 [1/1] (0.00ns)   --->   "%carry = phi i1 0, void %newFuncRoot, i1 %tmp, void %for.inc.split" [src/generic/fp_generic.c:23]   --->   Operation 19 'phi' 'carry' <Predicate = true> <Delay = 0.00>
ST_2 : Operation 20 [1/2] ( I:3.25ns O:3.25ns )   --->   "%coeff_load = load i6 %coeff_addr" [src/generic/fp_generic.c:24]   --->   Operation 20 'load' 'coeff_load' <Predicate = (!icmp_ln23)> <Delay = 3.25> <CoreInst = "RAM">   --->   Core 81 'RAM' <Latency = 1> <II = 1> <Delay = 3.25> <Storage> <Opcode : 'load' 'store'> <Ports = 2> <Width = 64> <Depth = 48> <RAM>
ST_2 : Operation 21 [1/1] (0.00ns)   --->   "%zext_ln24_19 = zext i1 %carry" [src/generic/fp_generic.c:24]   --->   Operation 21 'zext' 'zext_ln24_19' <Predicate = (!icmp_ln23)> <Delay = 0.00>
ST_2 : Operation 22 [1/1] (3.52ns)   --->   "%tempReg = add i64 %coeff_load, i64 %zext_ln24_19" [src/generic/fp_generic.c:24]   --->   Operation 22 'add' 'tempReg' <Predicate = (!icmp_ln23)> <Delay = 3.52> <CoreInst = "Adder">   --->   Core 1 'Adder' <Latency = 0> <II = 1> <Delay = 3.52> <FuncUnit> <Opcode : 'add' 'sub'> <InPorts = 2> <OutPorts = 1>
ST_2 : Operation 40 [1/1] (1.58ns)   --->   "%ret_ln0 = ret"   --->   Operation 40 'ret' 'ret_ln0' <Predicate = (icmp_ln23)> <Delay = 1.58>

State 3 <SV = 2> <Delay = 6.77>
ST_3 : Operation 23 [1/1] (0.00ns)   --->   "%specpipeline_ln20 = specpipeline void @_ssdm_op_SpecPipeline, i32 4294967295, i32 0, i32 0, i32 0, void @empty_44" [src/generic/fp_generic.c:20]   --->   Operation 23 'specpipeline' 'specpipeline_ln20' <Predicate = (!icmp_ln23)> <Delay = 0.00>
ST_3 : Operation 24 [1/1] (0.00ns)   --->   "%speclooptripcount_ln20 = speclooptripcount void @_ssdm_op_SpecLoopTripCount, i64 8, i64 8, i64 8" [src/generic/fp_generic.c:20]   --->   Operation 24 'speclooptripcount' 'speclooptripcount_ln20' <Predicate = (!icmp_ln23)> <Delay = 0.00>
ST_3 : Operation 25 [1/1] (0.00ns)   --->   "%specloopname_ln23 = specloopname void @_ssdm_op_SpecLoopName, void @empty_5" [src/generic/fp_generic.c:23]   --->   Operation 25 'specloopname' 'specloopname_ln23' <Predicate = (!icmp_ln23)> <Delay = 0.00>
ST_3 : Operation 26 [1/1] (3.52ns)   --->   "%add_ln24 = add i64 %coeff_load, i64 %tempReg" [src/generic/fp_generic.c:24]   --->   Operation 26 'add' 'add_ln24' <Predicate = (!icmp_ln23)> <Delay = 3.52> <CoreInst = "Adder">   --->   Core 1 'Adder' <Latency = 0> <II = 1> <Delay = 3.52> <FuncUnit> <Opcode : 'add' 'sub'> <InPorts = 2> <OutPorts = 1>
ST_3 : Operation 27 [1/1] ( I:3.25ns O:3.25ns )   --->   "%store_ln24 = store void @_ssdm_op_Write.bram.i64, i6 %coeff_addr, i64 %add_ln24, i8 255" [src/generic/fp_generic.c:24]   --->   Operation 27 'store' 'store_ln24' <Predicate = (!icmp_ln23)> <Delay = 3.25> <CoreInst = "RAM">   --->   Core 81 'RAM' <Latency = 1> <II = 1> <Delay = 3.25> <Storage> <Opcode : 'load' 'store'> <Ports = 2> <Width = 64> <Depth = 48> <RAM>
ST_3 : Operation 28 [1/1] (0.00ns) (grouped into LUT with out node xor_ln24_31)   --->   "%xor_ln24 = xor i64 %add_ln24, i64 %tempReg" [src/generic/fp_generic.c:24]   --->   Operation 28 'xor' 'xor_ln24' <Predicate = (!icmp_ln23)> <Delay = 0.00> <CoreInst = "LogicGate">   --->   Core 74 'LogicGate' <Latency = 0> <II = 1> <Delay = 0.99> <FuncUnit> <Opcode : 'and' 'or' 'xor'> <InPorts = 2> <OutPorts = 1>
ST_3 : Operation 29 [1/1] (0.00ns) (grouped into LUT with out node xor_ln24_31)   --->   "%xor_ln24_29 = xor i64 %coeff_load, i64 %tempReg" [src/generic/fp_generic.c:24]   --->   Operation 29 'xor' 'xor_ln24_29' <Predicate = (!icmp_ln23)> <Delay = 0.00> <CoreInst = "LogicGate">   --->   Core 74 'LogicGate' <Latency = 0> <II = 1> <Delay = 0.99> <FuncUnit> <Opcode : 'and' 'or' 'xor'> <InPorts = 2> <OutPorts = 1>
ST_3 : Operation 30 [1/1] (0.00ns) (grouped into LUT with out node xor_ln24_31)   --->   "%or_ln24 = or i64 %xor_ln24, i64 %xor_ln24_29" [src/generic/fp_generic.c:24]   --->   Operation 30 'or' 'or_ln24' <Predicate = (!icmp_ln23)> <Delay = 0.00> <CoreInst = "LogicGate">   --->   Core 74 'LogicGate' <Latency = 0> <II = 1> <Delay = 0.99> <FuncUnit> <Opcode : 'and' 'or' 'xor'> <InPorts = 2> <OutPorts = 1>
ST_3 : Operation 31 [1/1] (0.00ns) (grouped into LUT with out node or_ln24_10)   --->   "%bit_sel = bitselect i1 @_ssdm_op_BitSelect.i1.i64.i64, i64 %tempReg, i64 63" [src/generic/fp_generic.c:24]   --->   Operation 31 'bitselect' 'bit_sel' <Predicate = (!icmp_ln23)> <Delay = 0.00>
ST_3 : Operation 32 [1/1] (0.00ns) (grouped into LUT with out node or_ln24_10)   --->   "%xor_ln24_30 = xor i1 %bit_sel, i1 1" [src/generic/fp_generic.c:24]   --->   Operation 32 'xor' 'xor_ln24_30' <Predicate = (!icmp_ln23)> <Delay = 0.00> <CoreInst = "LogicGate">   --->   Core 74 'LogicGate' <Latency = 0> <II = 1> <Delay = 0.97> <FuncUnit> <Opcode : 'and' 'or' 'xor'> <InPorts = 2> <OutPorts = 1>
ST_3 : Operation 33 [1/1] (0.00ns) (grouped into LUT with out node or_ln24_10)   --->   "%trunc_ln24_8 = trunc i64 %tempReg" [src/generic/fp_generic.c:24]   --->   Operation 33 'trunc' 'trunc_ln24_8' <Predicate = (!icmp_ln23)> <Delay = 0.00>
ST_3 : Operation 34 [1/1] (0.00ns) (grouped into LUT with out node or_ln24_10)   --->   "%xor_ln24_s = bitconcatenate i64 @_ssdm_op_BitConcatenate.i64.i1.i63, i1 %xor_ln24_30, i63 %trunc_ln24_8" [src/generic/fp_generic.c:24]   --->   Operation 34 'bitconcatenate' 'xor_ln24_s' <Predicate = (!icmp_ln23)> <Delay = 0.00>
ST_3 : Operation 35 [1/1] (0.00ns) (grouped into LUT with out node or_ln24_10)   --->   "%and_ln24 = and i64 %coeff_load, i64 %xor_ln24_s" [src/generic/fp_generic.c:24]   --->   Operation 35 'and' 'and_ln24' <Predicate = (!icmp_ln23)> <Delay = 0.00> <CoreInst = "LogicGate">   --->   Core 74 'LogicGate' <Latency = 0> <II = 1> <Delay = 0.99> <FuncUnit> <Opcode : 'and' 'or' 'xor'> <InPorts = 2> <OutPorts = 1>
ST_3 : Operation 36 [1/1] (0.99ns) (out node of the LUT)   --->   "%xor_ln24_31 = xor i64 %or_ln24, i64 %add_ln24" [src/generic/fp_generic.c:24]   --->   Operation 36 'xor' 'xor_ln24_31' <Predicate = (!icmp_ln23)> <Delay = 0.99> <CoreInst = "LogicGate">   --->   Core 74 'LogicGate' <Latency = 0> <II = 1> <Delay = 0.99> <FuncUnit> <Opcode : 'and' 'or' 'xor'> <InPorts = 2> <OutPorts = 1>
ST_3 : Operation 37 [1/1] (0.99ns) (out node of the LUT)   --->   "%or_ln24_10 = or i64 %xor_ln24_31, i64 %and_ln24" [src/generic/fp_generic.c:24]   --->   Operation 37 'or' 'or_ln24_10' <Predicate = (!icmp_ln23)> <Delay = 0.99> <CoreInst = "LogicGate">   --->   Core 74 'LogicGate' <Latency = 0> <II = 1> <Delay = 0.99> <FuncUnit> <Opcode : 'and' 'or' 'xor'> <InPorts = 2> <OutPorts = 1>
ST_3 : Operation 38 [1/1] (0.00ns)   --->   "%tmp = bitselect i1 @_ssdm_op_BitSelect.i1.i64.i32, i64 %or_ln24_10, i32 63" [src/generic/fp_generic.c:23]   --->   Operation 38 'bitselect' 'tmp' <Predicate = (!icmp_ln23)> <Delay = 0.00>
ST_3 : Operation 39 [1/1] (0.00ns)   --->   "%br_ln23 = br void %for.inc" [src/generic/fp_generic.c:23]   --->   Operation 39 'br' 'br_ln23' <Predicate = (!icmp_ln23)> <Delay = 0.00>


============================================================
+ Verbose Summary: Binding
============================================================
STG Binding: 
---------------- STG Properties BEGIN ----------------
- Is combinational: 0
- Is one-state seq: 0
- Is datapath-only: 0
- Is pipelined: 0
- Is top level: 0
Port [ Return ] is wired: 1; IO mode=ap_ctrl_hs:ce=0
Port [ coeff]:  wired=1; compound=1; hidden=0; nouse=0; global=0; static=0; extern=0; dir=2; type=1; pingpong=0; private_global=0; MemPort=[01]; IO mode=ap_memory:ce=0
---------------- STG Properties END ------------------

---------------- Datapath Model BEGIN ----------------

<LifeTime>
<method=bitvector/>
i                          (alloca                ) [ 0100]
specbramwithbyteenable_ln0 (specbramwithbyteenable) [ 0000]
store_ln20                 (store                 ) [ 0000]
br_ln0                     (br                    ) [ 0111]
i_220                      (load                  ) [ 0000]
icmp_ln23                  (icmp                  ) [ 0111]
add_ln23                   (add                   ) [ 0000]
br_ln23                    (br                    ) [ 0000]
trunc_ln24                 (trunc                 ) [ 0000]
zext_ln24                  (zext                  ) [ 0000]
coeff_addr                 (getelementptr         ) [ 0111]
store_ln20                 (store                 ) [ 0000]
carry                      (phi                   ) [ 0010]
coeff_load                 (load                  ) [ 0101]
zext_ln24_19               (zext                  ) [ 0000]
tempReg                    (add                   ) [ 0101]
specpipeline_ln20          (specpipeline          ) [ 0000]
speclooptripcount_ln20     (speclooptripcount     ) [ 0000]
specloopname_ln23          (specloopname          ) [ 0000]
add_ln24                   (add                   ) [ 0000]
store_ln24                 (store                 ) [ 0000]
xor_ln24                   (xor                   ) [ 0000]
xor_ln24_29                (xor                   ) [ 0000]
or_ln24                    (or                    ) [ 0000]
bit_sel                    (bitselect             ) [ 0000]
xor_ln24_30                (xor                   ) [ 0000]
trunc_ln24_8               (trunc                 ) [ 0000]
xor_ln24_s                 (bitconcatenate        ) [ 0000]
and_ln24                   (and                   ) [ 0000]
xor_ln24_31                (xor                   ) [ 0000]
or_ln24_10                 (or                    ) [ 0000]
tmp                        (bitselect             ) [ 0111]
br_ln23                    (br                    ) [ 0111]
ret_ln0                    (ret                   ) [ 0000]
</LifeTime>

<model>

<comp_list>
<comp id="0" class="1000" name="coeff">
<pin_list>
<pin id="1" dir="1" index="0" bw="1" slack="0"/>
</pin_list>
<bind>
<StgValue><ssdm name="coeff"/><MemPortTyVec>0 1 </MemPortTyVec>
</StgValue>
</bind>
</comp>

<comp id="2" class="1001" name="const_2">
<pin_list>
<pin id="3" dir="1" index="0" bw="1" slack="0"/>
</pin_list>
<bind>
<StgValue><ssdm name=""/></StgValue>
</bind>
</comp>

<comp id="4" class="1001" name="const_4">
<pin_list>
<pin id="5" dir="1" index="0" bw="1" slack="2147483647"/>
</pin_list>
<bind>
<StgValue><ssdm name="_ssdm_op_SpecBRAMWithByteEnable"/></StgValue>
</bind>
</comp>

<comp id="6" class="1001" name="const_6">
<pin_list>
<pin id="7" dir="1" index="0" bw="1" slack="0"/>
</pin_list>
<bind>
<StgValue><ssdm name=""/></StgValue>
</bind>
</comp>

<comp id="8" class="1001" name="const_8">
<pin_list>
<pin id="9" dir="1" index="0" bw="1" slack="0"/>
</pin_list>
<bind>
<StgValue><ssdm name=""/></StgValue>
</bind>
</comp>

<comp id="10" class="1001" name="const_10">
<pin_list>
<pin id="11" dir="1" index="0" bw="1" slack="0"/>
</pin_list>
<bind>
<StgValue><ssdm name=""/></StgValue>
</bind>
</comp>

<comp id="12" class="1001" name="const_12">
<pin_list>
<pin id="13" dir="1" index="0" bw="1" slack="0"/>
</pin_list>
<bind>
<StgValue><ssdm name=""/></StgValue>
</bind>
</comp>

<comp id="14" class="1001" name="const_14">
<pin_list>
<pin id="15" dir="1" index="0" bw="1" slack="1"/>
</pin_list>
<bind>
<StgValue><ssdm name=""/></StgValue>
</bind>
</comp>

<comp id="16" class="1001" name="const_16">
<pin_list>
<pin id="17" dir="1" index="0" bw="1" slack="2147483647"/>
</pin_list>
<bind>
<StgValue><ssdm name="_ssdm_op_SpecPipeline"/></StgValue>
</bind>
</comp>

<comp id="18" class="1001" name="const_18">
<pin_list>
<pin id="19" dir="1" index="0" bw="1" slack="2147483647"/>
</pin_list>
<bind>
<StgValue><ssdm name=""/></StgValue>
</bind>
</comp>

<comp id="20" class="1001" name="const_20">
<pin_list>
<pin id="21" dir="1" index="0" bw="1" slack="2147483647"/>
</pin_list>
<bind>
<StgValue><ssdm name="empty_44"/></StgValue>
</bind>
</comp>

<comp id="22" class="1001" name="const_22">
<pin_list>
<pin id="23" dir="1" index="0" bw="1" slack="2147483647"/>
</pin_list>
<bind>
<StgValue><ssdm name="_ssdm_op_SpecLoopTripCount"/></StgValue>
</bind>
</comp>

<comp id="24" class="1001" name="const_24">
<pin_list>
<pin id="25" dir="1" index="0" bw="1" slack="2147483647"/>
</pin_list>
<bind>
<StgValue><ssdm name=""/></StgValue>
</bind>
</comp>

<comp id="26" class="1001" name="const_26">
<pin_list>
<pin id="27" dir="1" index="0" bw="1" slack="2147483647"/>
</pin_list>
<bind>
<StgValue><ssdm name="_ssdm_op_SpecLoopName"/></StgValue>
</bind>
</comp>

<comp id="28" class="1001" name="const_28">
<pin_list>
<pin id="29" dir="1" index="0" bw="1" slack="2147483647"/>
</pin_list>
<bind>
<StgValue><ssdm name="empty_5"/></StgValue>
</bind>
</comp>

<comp id="30" class="1001" name="const_30">
<pin_list>
<pin id="31" dir="1" index="0" bw="1" slack="2147483647"/>
</pin_list>
<bind>
<StgValue><ssdm name="_ssdm_op_Write.bram.i64"/></StgValue>
</bind>
</comp>

<comp id="32" class="1001" name="const_32">
<pin_list>
<pin id="33" dir="1" index="0" bw="1" slack="2147483647"/>
</pin_list>
<bind>
<StgValue><ssdm name=""/></StgValue>
</bind>
</comp>

<comp id="34" class="1001" name="const_34">
<pin_list>
<pin id="35" dir="1" index="0" bw="1" slack="0"/>
</pin_list>
<bind>
<StgValue><ssdm name="_ssdm_op_BitSelect.i1.i64.i64"/></StgValue>
</bind>
</comp>

<comp id="36" class="1001" name="const_36">
<pin_list>
<pin id="37" dir="1" index="0" bw="1" slack="0"/>
</pin_list>
<bind>
<StgValue><ssdm name=""/></StgValue>
</bind>
</comp>

<comp id="38" class="1001" name="const_38">
<pin_list>
<pin id="39" dir="1" index="0" bw="1" slack="0"/>
</pin_list>
<bind>
<StgValue><ssdm name=""/></StgValue>
</bind>
</comp>

<comp id="40" class="1001" name="const_40">
<pin_list>
<pin id="41" dir="1" index="0" bw="1" slack="0"/>
</pin_list>
<bind>
<StgValue><ssdm name="_ssdm_op_BitConcatenate.i64.i1.i63"/></StgValue>
</bind>
</comp>

<comp id="42" class="1001" name="const_42">
<pin_list>
<pin id="43" dir="1" index="0" bw="1" slack="0"/>
</pin_list>
<bind>
<StgValue><ssdm name="_ssdm_op_BitSelect.i1.i64.i32"/></StgValue>
</bind>
</comp>

<comp id="44" class="1001" name="const_44">
<pin_list>
<pin id="45" dir="1" index="0" bw="1" slack="0"/>
</pin_list>
<bind>
<StgValue><ssdm name=""/></StgValue>
</bind>
</comp>

<comp id="46" class="1004" name="i_fu_46">
<pin_list>
<pin id="47" dir="0" index="0" bw="1" slack="0"/>
<pin id="48" dir="1" index="1" bw="4" slack="0"/>
</pin_list>
<bind>
<opcode="alloca(26) " fcode="alloca"/>
<opset="i/1 "/>
</bind>
</comp>

<comp id="50" class="1004" name="coeff_addr_gep_fu_50">
<pin_list>
<pin id="51" dir="0" index="0" bw="64" slack="0"/>
<pin id="52" dir="0" index="1" bw="1" slack="0"/>
<pin id="53" dir="0" index="2" bw="3" slack="0"/>
<pin id="54" dir="1" index="3" bw="6" slack="0"/>
</pin_list>
<bind>
<opcode="getelementptr(29) " fcode="getelementptr"/>
<opset="coeff_addr/1 "/>
</bind>
</comp>

<comp id="57" class="1004" name="grp_access_fu_57">
<pin_list>
<pin id="58" dir="0" index="0" bw="6" slack="2"/>
<pin id="59" dir="0" index="1" bw="64" slack="0"/>
<pin id="60" dir="0" index="2" bw="0" slack="0"/>
<pin id="62" dir="0" index="4" bw="6" slack="2147483647"/>
<pin id="63" dir="0" index="5" bw="64" slack="2147483647"/>
<pin id="64" dir="0" index="6" bw="0" slack="2147483647"/>
<pin id="61" dir="1" index="3" bw="64" slack="2147483647"/>
<pin id="65" dir="1" index="7" bw="64" slack="0"/>
</pin_list>
<bind>
<opcode="load(27) store(28) " fcode="store"/>
<opset="coeff_load/1 store_ln24/3 "/>
</bind>
</comp>

<comp id="67" class="1005" name="carry_reg_67">
<pin_list>
<pin id="68" dir="0" index="0" bw="1" slack="1"/>
<pin id="69" dir="1" index="1" bw="1" slack="1"/>
</pin_list>
<bind>
<opset="carry (phireg) "/>
</bind>
</comp>

<comp id="71" class="1004" name="carry_phi_fu_71">
<pin_list>
<pin id="72" dir="0" index="0" bw="1" slack="1"/>
<pin id="73" dir="0" index="1" bw="0" slack="2147483647"/>
<pin id="74" dir="0" index="2" bw="1" slack="1"/>
<pin id="75" dir="0" index="3" bw="0" slack="2147483647"/>
<pin id="76" dir="1" index="4" bw="1" slack="0"/>
</pin_list>
<bind>
<opcode="phi(47) " fcode="phi"/>
<opset="carry/2 "/>
</bind>
</comp>

<comp id="78" class="1004" name="store_ln20_store_fu_78">
<pin_list>
<pin id="79" dir="0" index="0" bw="1" slack="0"/>
<pin id="80" dir="0" index="1" bw="4" slack="0"/>
<pin id="81" dir="1" index="2" bw="0" slack="2147483647"/>
</pin_list>
<bind>
<opcode="store(28) " fcode="store"/>
<opset="store_ln20/1 "/>
</bind>
</comp>

<comp id="83" class="1004" name="i_220_load_fu_83">
<pin_list>
<pin id="84" dir="0" index="0" bw="4" slack="0"/>
<pin id="85" dir="1" index="1" bw="4" slack="0"/>
</pin_list>
<bind>
<opcode="load(27) " fcode="load"/>
<opset="i_220/1 "/>
</bind>
</comp>

<comp id="86" class="1004" name="icmp_ln23_fu_86">
<pin_list>
<pin id="87" dir="0" index="0" bw="4" slack="0"/>
<pin id="88" dir="0" index="1" bw="4" slack="0"/>
<pin id="89" dir="1" index="2" bw="1" slack="1"/>
</pin_list>
<bind>
<opcode="icmp(45) " fcode="icmp"/>
<opset="icmp_ln23/1 "/>
</bind>
</comp>

<comp id="92" class="1004" name="add_ln23_fu_92">
<pin_list>
<pin id="93" dir="0" index="0" bw="4" slack="0"/>
<pin id="94" dir="0" index="1" bw="1" slack="0"/>
<pin id="95" dir="1" index="2" bw="4" slack="0"/>
</pin_list>
<bind>
<opcode="add(8) " fcode="add"/>
<opset="add_ln23/1 "/>
</bind>
</comp>

<comp id="98" class="1004" name="trunc_ln24_fu_98">
<pin_list>
<pin id="99" dir="0" index="0" bw="4" slack="0"/>
<pin id="100" dir="1" index="1" bw="3" slack="0"/>
</pin_list>
<bind>
<opcode="trunc(33) " fcode="trunc"/>
<opset="trunc_ln24/1 "/>
</bind>
</comp>

<comp id="102" class="1004" name="zext_ln24_fu_102">
<pin_list>
<pin id="103" dir="0" index="0" bw="3" slack="0"/>
<pin id="104" dir="1" index="1" bw="32" slack="0"/>
</pin_list>
<bind>
<opcode="zext(34) " fcode="zext"/>
<opset="zext_ln24/1 "/>
</bind>
</comp>

<comp id="107" class="1004" name="store_ln20_store_fu_107">
<pin_list>
<pin id="108" dir="0" index="0" bw="4" slack="0"/>
<pin id="109" dir="0" index="1" bw="4" slack="0"/>
<pin id="110" dir="1" index="2" bw="0" slack="2147483647"/>
</pin_list>
<bind>
<opcode="store(28) " fcode="store"/>
<opset="store_ln20/1 "/>
</bind>
</comp>

<comp id="112" class="1004" name="zext_ln24_19_fu_112">
<pin_list>
<pin id="113" dir="0" index="0" bw="1" slack="0"/>
<pin id="114" dir="1" index="1" bw="64" slack="0"/>
</pin_list>
<bind>
<opcode="zext(34) " fcode="zext"/>
<opset="zext_ln24_19/2 "/>
</bind>
</comp>

<comp id="116" class="1004" name="tempReg_fu_116">
<pin_list>
<pin id="117" dir="0" index="0" bw="64" slack="0"/>
<pin id="118" dir="0" index="1" bw="1" slack="0"/>
<pin id="119" dir="1" index="2" bw="64" slack="1"/>
</pin_list>
<bind>
<opcode="add(8) " fcode="add"/>
<opset="tempReg/2 "/>
</bind>
</comp>

<comp id="122" class="1004" name="add_ln24_fu_122">
<pin_list>
<pin id="123" dir="0" index="0" bw="64" slack="1"/>
<pin id="124" dir="0" index="1" bw="64" slack="1"/>
<pin id="125" dir="1" index="2" bw="64" slack="0"/>
</pin_list>
<bind>
<opcode="add(8) " fcode="add"/>
<opset="add_ln24/3 "/>
</bind>
</comp>

<comp id="127" class="1004" name="xor_ln24_fu_127">
<pin_list>
<pin id="128" dir="0" index="0" bw="64" slack="0"/>
<pin id="129" dir="0" index="1" bw="64" slack="1"/>
<pin id="130" dir="1" index="2" bw="64" slack="0"/>
</pin_list>
<bind>
<opcode="xor(25) " fcode="xor"/>
<opset="xor_ln24/3 "/>
</bind>
</comp>

<comp id="132" class="1004" name="xor_ln24_29_fu_132">
<pin_list>
<pin id="133" dir="0" index="0" bw="64" slack="1"/>
<pin id="134" dir="0" index="1" bw="64" slack="1"/>
<pin id="135" dir="1" index="2" bw="64" slack="0"/>
</pin_list>
<bind>
<opcode="xor(25) " fcode="xor"/>
<opset="xor_ln24_29/3 "/>
</bind>
</comp>

<comp id="136" class="1004" name="or_ln24_fu_136">
<pin_list>
<pin id="137" dir="0" index="0" bw="64" slack="0"/>
<pin id="138" dir="0" index="1" bw="64" slack="0"/>
<pin id="139" dir="1" index="2" bw="64" slack="0"/>
</pin_list>
<bind>
<opcode="or(24) " fcode="or"/>
<opset="or_ln24/3 "/>
</bind>
</comp>

<comp id="142" class="1004" name="bit_sel_fu_142">
<pin_list>
<pin id="143" dir="0" index="0" bw="1" slack="0"/>
<pin id="144" dir="0" index="1" bw="64" slack="1"/>
<pin id="145" dir="0" index="2" bw="7" slack="0"/>
<pin id="146" dir="1" index="3" bw="1" slack="0"/>
</pin_list>
<bind>
<opcode="bitselect(1000) " fcode="bitselect"/>
<opset="bit_sel/3 "/>
</bind>
</comp>

<comp id="149" class="1004" name="xor_ln24_30_fu_149">
<pin_list>
<pin id="150" dir="0" index="0" bw="1" slack="0"/>
<pin id="151" dir="0" index="1" bw="1" slack="0"/>
<pin id="152" dir="1" index="2" bw="1" slack="0"/>
</pin_list>
<bind>
<opcode="xor(25) " fcode="xor"/>
<opset="xor_ln24_30/3 "/>
</bind>
</comp>

<comp id="155" class="1004" name="trunc_ln24_8_fu_155">
<pin_list>
<pin id="156" dir="0" index="0" bw="64" slack="1"/>
<pin id="157" dir="1" index="1" bw="63" slack="0"/>
</pin_list>
<bind>
<opcode="trunc(33) " fcode="trunc"/>
<opset="trunc_ln24_8/3 "/>
</bind>
</comp>

<comp id="158" class="1004" name="xor_ln24_s_fu_158">
<pin_list>
<pin id="159" dir="0" index="0" bw="64" slack="0"/>
<pin id="160" dir="0" index="1" bw="1" slack="0"/>
<pin id="161" dir="0" index="2" bw="63" slack="0"/>
<pin id="162" dir="1" index="3" bw="64" slack="0"/>
</pin_list>
<bind>
<opcode="bitconcatenate(1004) " fcode="bitconcatenate"/>
<opset="xor_ln24_s/3 "/>
</bind>
</comp>

<comp id="166" class="1004" name="and_ln24_fu_166">
<pin_list>
<pin id="167" dir="0" index="0" bw="64" slack="1"/>
<pin id="168" dir="0" index="1" bw="64" slack="0"/>
<pin id="169" dir="1" index="2" bw="64" slack="0"/>
</pin_list>
<bind>
<opcode="and(23) " fcode="and"/>
<opset="and_ln24/3 "/>
</bind>
</comp>

<comp id="171" class="1004" name="xor_ln24_31_fu_171">
<pin_list>
<pin id="172" dir="0" index="0" bw="64" slack="0"/>
<pin id="173" dir="0" index="1" bw="64" slack="0"/>
<pin id="174" dir="1" index="2" bw="64" slack="0"/>
</pin_list>
<bind>
<opcode="xor(25) " fcode="xor"/>
<opset="xor_ln24_31/3 "/>
</bind>
</comp>

<comp id="177" class="1004" name="or_ln24_10_fu_177">
<pin_list>
<pin id="178" dir="0" index="0" bw="64" slack="0"/>
<pin id="179" dir="0" index="1" bw="64" slack="0"/>
<pin id="180" dir="1" index="2" bw="64" slack="0"/>
</pin_list>
<bind>
<opcode="or(24) " fcode="or"/>
<opset="or_ln24_10/3 "/>
</bind>
</comp>

<comp id="183" class="1004" name="tmp_fu_183">
<pin_list>
<pin id="184" dir="0" index="0" bw="1" slack="0"/>
<pin id="185" dir="0" index="1" bw="64" slack="0"/>
<pin id="186" dir="0" index="2" bw="7" slack="0"/>
<pin id="187" dir="1" index="3" bw="1" slack="1"/>
</pin_list>
<bind>
<opcode="bitselect(1000) " fcode="bitselect"/>
<opset="tmp/3 "/>
</bind>
</comp>

<comp id="191" class="1005" name="i_reg_191">
<pin_list>
<pin id="192" dir="0" index="0" bw="4" slack="0"/>
<pin id="193" dir="1" index="1" bw="4" slack="0"/>
</pin_list>
<bind>
<opset="i "/>
</bind>
</comp>

<comp id="198" class="1005" name="icmp_ln23_reg_198">
<pin_list>
<pin id="199" dir="0" index="0" bw="1" slack="1"/>
<pin id="200" dir="1" index="1" bw="1" slack="2147483647"/>
</pin_list>
<bind>
<opset="icmp_ln23 "/>
</bind>
</comp>

<comp id="202" class="1005" name="coeff_addr_reg_202">
<pin_list>
<pin id="203" dir="0" index="0" bw="6" slack="1"/>
<pin id="204" dir="1" index="1" bw="6" slack="1"/>
</pin_list>
<bind>
<opset="coeff_addr "/>
</bind>
</comp>

<comp id="208" class="1005" name="coeff_load_reg_208">
<pin_list>
<pin id="209" dir="0" index="0" bw="64" slack="1"/>
<pin id="210" dir="1" index="1" bw="64" slack="1"/>
</pin_list>
<bind>
<opset="coeff_load "/>
</bind>
</comp>

<comp id="215" class="1005" name="tempReg_reg_215">
<pin_list>
<pin id="216" dir="0" index="0" bw="64" slack="1"/>
<pin id="217" dir="1" index="1" bw="64" slack="1"/>
</pin_list>
<bind>
<opset="tempReg "/>
</bind>
</comp>

<comp id="224" class="1005" name="tmp_reg_224">
<pin_list>
<pin id="225" dir="0" index="0" bw="1" slack="1"/>
<pin id="226" dir="1" index="1" bw="1" slack="1"/>
</pin_list>
<bind>
<opset="tmp "/>
</bind>
</comp>

</comp_list>

<net_list>
<net id="49"><net_src comp="2" pin="0"/><net_sink comp="46" pin=0"/></net>

<net id="55"><net_src comp="0" pin="0"/><net_sink comp="50" pin=0"/></net>

<net id="56"><net_src comp="12" pin="0"/><net_sink comp="50" pin=1"/></net>

<net id="66"><net_src comp="50" pin="3"/><net_sink comp="57" pin=2"/></net>

<net id="70"><net_src comp="14" pin="0"/><net_sink comp="67" pin=0"/></net>

<net id="77"><net_src comp="67" pin="1"/><net_sink comp="71" pin=0"/></net>

<net id="82"><net_src comp="6" pin="0"/><net_sink comp="78" pin=0"/></net>

<net id="90"><net_src comp="83" pin="1"/><net_sink comp="86" pin=0"/></net>

<net id="91"><net_src comp="8" pin="0"/><net_sink comp="86" pin=1"/></net>

<net id="96"><net_src comp="83" pin="1"/><net_sink comp="92" pin=0"/></net>

<net id="97"><net_src comp="10" pin="0"/><net_sink comp="92" pin=1"/></net>

<net id="101"><net_src comp="83" pin="1"/><net_sink comp="98" pin=0"/></net>

<net id="105"><net_src comp="98" pin="1"/><net_sink comp="102" pin=0"/></net>

<net id="106"><net_src comp="102" pin="1"/><net_sink comp="50" pin=2"/></net>

<net id="111"><net_src comp="92" pin="2"/><net_sink comp="107" pin=0"/></net>

<net id="115"><net_src comp="71" pin="4"/><net_sink comp="112" pin=0"/></net>

<net id="120"><net_src comp="57" pin="7"/><net_sink comp="116" pin=0"/></net>

<net id="121"><net_src comp="112" pin="1"/><net_sink comp="116" pin=1"/></net>

<net id="126"><net_src comp="122" pin="2"/><net_sink comp="57" pin=1"/></net>

<net id="131"><net_src comp="122" pin="2"/><net_sink comp="127" pin=0"/></net>

<net id="140"><net_src comp="127" pin="2"/><net_sink comp="136" pin=0"/></net>

<net id="141"><net_src comp="132" pin="2"/><net_sink comp="136" pin=1"/></net>

<net id="147"><net_src comp="34" pin="0"/><net_sink comp="142" pin=0"/></net>

<net id="148"><net_src comp="36" pin="0"/><net_sink comp="142" pin=2"/></net>

<net id="153"><net_src comp="142" pin="3"/><net_sink comp="149" pin=0"/></net>

<net id="154"><net_src comp="38" pin="0"/><net_sink comp="149" pin=1"/></net>

<net id="163"><net_src comp="40" pin="0"/><net_sink comp="158" pin=0"/></net>

<net id="164"><net_src comp="149" pin="2"/><net_sink comp="158" pin=1"/></net>

<net id="165"><net_src comp="155" pin="1"/><net_sink comp="158" pin=2"/></net>

<net id="170"><net_src comp="158" pin="3"/><net_sink comp="166" pin=1"/></net>

<net id="175"><net_src comp="136" pin="2"/><net_sink comp="171" pin=0"/></net>

<net id="176"><net_src comp="122" pin="2"/><net_sink comp="171" pin=1"/></net>

<net id="181"><net_src comp="171" pin="2"/><net_sink comp="177" pin=0"/></net>

<net id="182"><net_src comp="166" pin="2"/><net_sink comp="177" pin=1"/></net>

<net id="188"><net_src comp="42" pin="0"/><net_sink comp="183" pin=0"/></net>

<net id="189"><net_src comp="177" pin="2"/><net_sink comp="183" pin=1"/></net>

<net id="190"><net_src comp="44" pin="0"/><net_sink comp="183" pin=2"/></net>

<net id="194"><net_src comp="46" pin="1"/><net_sink comp="191" pin=0"/></net>

<net id="195"><net_src comp="191" pin="1"/><net_sink comp="78" pin=1"/></net>

<net id="196"><net_src comp="191" pin="1"/><net_sink comp="83" pin=0"/></net>

<net id="197"><net_src comp="191" pin="1"/><net_sink comp="107" pin=1"/></net>

<net id="201"><net_src comp="86" pin="2"/><net_sink comp="198" pin=0"/></net>

<net id="205"><net_src comp="50" pin="3"/><net_sink comp="202" pin=0"/></net>

<net id="206"><net_src comp="202" pin="1"/><net_sink comp="57" pin=2"/></net>

<net id="207"><net_src comp="202" pin="1"/><net_sink comp="57" pin=0"/></net>

<net id="211"><net_src comp="57" pin="7"/><net_sink comp="208" pin=0"/></net>

<net id="212"><net_src comp="208" pin="1"/><net_sink comp="122" pin=0"/></net>

<net id="213"><net_src comp="208" pin="1"/><net_sink comp="132" pin=0"/></net>

<net id="214"><net_src comp="208" pin="1"/><net_sink comp="166" pin=0"/></net>

<net id="218"><net_src comp="116" pin="2"/><net_sink comp="215" pin=0"/></net>

<net id="219"><net_src comp="215" pin="1"/><net_sink comp="122" pin=1"/></net>

<net id="220"><net_src comp="215" pin="1"/><net_sink comp="127" pin=1"/></net>

<net id="221"><net_src comp="215" pin="1"/><net_sink comp="132" pin=1"/></net>

<net id="222"><net_src comp="215" pin="1"/><net_sink comp="142" pin=1"/></net>

<net id="223"><net_src comp="215" pin="1"/><net_sink comp="155" pin=0"/></net>

<net id="227"><net_src comp="183" pin="3"/><net_sink comp="224" pin=0"/></net>

<net id="228"><net_src comp="224" pin="1"/><net_sink comp="71" pin=2"/></net>

</net_list>

</model> 
---------------- Datapath Model END ------------------

* FSMD analyzer results:
  - Output states:
	Port: coeff | {3 }
 - Input state : 
	Port: fpadd503.3_Pipeline_VITIS_LOOP_23_1 : coeff | {1 2 }
  - Chain level:
	State 1
		store_ln20 : 1
		i_220 : 1
		icmp_ln23 : 2
		add_ln23 : 2
		br_ln23 : 3
		trunc_ln24 : 2
		zext_ln24 : 3
		coeff_addr : 4
		coeff_load : 5
		store_ln20 : 3
	State 2
		zext_ln24_19 : 1
		tempReg : 2
	State 3
		store_ln24 : 1
		xor_ln24 : 1
		or_ln24 : 1
		xor_ln24_30 : 1
		xor_ln24_s : 1
		and_ln24 : 2
		xor_ln24_31 : 1
		or_ln24_10 : 2
		tmp : 2


============================================================
+ Verbose Summary: Datapath Resource usage 
============================================================

* Functional unit list:
|----------|---------------------|---------|---------|
| Operation|   Functional Unit   |    FF   |   LUT   |
|----------|---------------------|---------|---------|
|          |   xor_ln24_fu_127   |    0    |    64   |
|    xor   |  xor_ln24_29_fu_132 |    0    |    64   |
|          |  xor_ln24_30_fu_149 |    0    |    2    |
|          |  xor_ln24_31_fu_171 |    0    |    64   |
|----------|---------------------|---------|---------|
|          |    add_ln23_fu_92   |    0    |    13   |
|    add   |    tempReg_fu_116   |    0    |    71   |
|          |   add_ln24_fu_122   |    0    |    71   |
|----------|---------------------|---------|---------|
|    or    |    or_ln24_fu_136   |    0    |    64   |
|          |  or_ln24_10_fu_177  |    0    |    64   |
|----------|---------------------|---------|---------|
|    and   |   and_ln24_fu_166   |    0    |    64   |
|----------|---------------------|---------|---------|
|   icmp   |   icmp_ln23_fu_86   |    0    |    13   |
|----------|---------------------|---------|---------|
|   trunc  |   trunc_ln24_fu_98  |    0    |    0    |
|          | trunc_ln24_8_fu_155 |    0    |    0    |
|----------|---------------------|---------|---------|
|   zext   |   zext_ln24_fu_102  |    0    |    0    |
|          | zext_ln24_19_fu_112 |    0    |    0    |
|----------|---------------------|---------|---------|
| bitselect|    bit_sel_fu_142   |    0    |    0    |
|          |      tmp_fu_183     |    0    |    0    |
|----------|---------------------|---------|---------|
|bitconcatenate|  xor_ln24_s_fu_158  |    0    |    0    |
|----------|---------------------|---------|---------|
|   Total  |                     |    0    |   554   |
|----------|---------------------|---------|---------|

Memories:
N/A

* Register list:
+------------------+--------+
|                  |   FF   |
+------------------+--------+
|   carry_reg_67   |    1   |
|coeff_addr_reg_202|    6   |
|coeff_load_reg_208|   64   |
|     i_reg_191    |    4   |
| icmp_ln23_reg_198|    1   |
|  tempReg_reg_215 |   64   |
|    tmp_reg_224   |    1   |
+------------------+--------+
|       Total      |   141  |
+------------------+--------+

* Multiplexer (MUX) list: 
|------------------|------|------|------|--------||---------||---------||---------|
|       Comp       |  Pin | Size |  BW  | S x BW ||  Delay  ||    FF   ||   LUT   |
|------------------|------|------|------|--------||---------||---------||---------|
| grp_access_fu_57 |  p2  |   2  |   0  |    0   ||    0    ||    9    |
|------------------|------|------|------|--------||---------||---------||---------|
|       Total      |      |      |      |    0   ||  1.588  ||    0    ||    9    |
|------------------|------|------|------|--------||---------||---------||---------|



* Summary:
+-----------+--------+--------+--------+
|           |  Delay |   FF   |   LUT  |
+-----------+--------+--------+--------+
|  Function |    -   |    0   |   554  |
|   Memory  |    -   |    -   |    -   |
|Multiplexer|    1   |    0   |    9   |
|  Register |    -   |   141  |    -   |
+-----------+--------+--------+--------+
|   Total   |    1   |   141  |   563  |
+-----------+--------+--------+--------+
