

================================================================
== Vitis HLS Report for 'fpadd503_15181_Pipeline_VITIS_LOOP_23_1'
================================================================
* Date:           Tue May 20 14:35:08 2025

* Version:        2024.2.2 (Build 6049644 on Mar  5 2025)
* Project:        sikep503_hls
* Solution:       solution1 (Vivado IP Flow Target)
* Product family: zynq
* Target device:  xc7z020-clg484-1


================================================================
== Performance Estimates
================================================================
+ Timing: 
    * Summary: 
    +--------+----------+----------+------------+
    |  Clock |  Target  | Estimated| Uncertainty|
    +--------+----------+----------+------------+
    |ap_clk  |  10.00 ns|  6.774 ns|     2.70 ns|
    +--------+----------+----------+------------+

+ Latency: 
    * Summary: 
    +---------+---------+----------+----------+-----+-----+------------------------------------------------+
    |  Latency (cycles) |  Latency (absolute) |  Interval |                    Pipeline                    |
    |   min   |   max   |    min   |    max   | min | max |                      Type                      |
    +---------+---------+----------+----------+-----+-----+------------------------------------------------+
    |       19|       19|  0.190 us|  0.190 us|   18|   18|  loop auto-rewind stp (delay=0 clock cycles(s))|
    +---------+---------+----------+----------+-----+-----+------------------------------------------------+

    + Detail: 
        * Instance: 
        N/A

        * Loop: 
        +-------------------+---------+---------+----------+-----------+-----------+------+----------+
        |                   |  Latency (cycles) | Iteration|  Initiation Interval  | Trip |          |
        |     Loop Name     |   min   |   max   |  Latency |  achieved |   target  | Count| Pipelined|
        +-------------------+---------+---------+----------+-----------+-----------+------+----------+
        |- VITIS_LOOP_23_1  |       17|       17|         3|          2|          1|     8|       yes|
        +-------------------+---------+---------+----------+-----------+-----------+------+----------+



================================================================
== Utilization Estimates
================================================================
* Summary: 
+-----------------+---------+-----+--------+-------+-----+
|       Name      | BRAM_18K| DSP |   FF   |  LUT  | URAM|
+-----------------+---------+-----+--------+-------+-----+
|DSP              |        -|    -|       -|      -|    -|
|Expression       |        -|    -|       0|    558|    -|
|FIFO             |        -|    -|       -|      -|    -|
|Instance         |        -|    -|       -|      -|    -|
|Memory           |        -|    -|       -|      -|    -|
|Multiplexer      |        -|    -|       0|     68|    -|
|Register         |        -|    -|     206|      -|    -|
+-----------------+---------+-----+--------+-------+-----+
|Total            |        0|    0|     206|    626|    0|
+-----------------+---------+-----+--------+-------+-----+
|Available        |      280|  220|  106400|  53200|    0|
+-----------------+---------+-----+--------+-------+-----+
|Utilization (%)  |        0|    0|      ~0|      1|    0|
+-----------------+---------+-----+--------+-------+-----+

+ Detail: 
    * Instance: 
    N/A

    * DSP: 
    N/A

    * Memory: 
    N/A

    * FIFO: 
    N/A

    * Expression: 
    +-----------------------+----------+----+---+----+------------+------------+
    |     Variable Name     | Operation| DSP| FF| LUT| Bitwidth P0| Bitwidth P1|
    +-----------------------+----------+----+---+----+------------+------------+
    |add_ln23_fu_140_p2     |         +|   0|  0|  13|           4|           1|
    |add_ln24_fu_202_p2     |         +|   0|  0|  71|          64|          64|
    |tempReg_fu_185_p2      |         +|   0|  0|  71|          64|          64|
    |and_ln24_fu_246_p2     |       and|   0|  0|  64|          64|          64|
    |ap_condition_287       |       and|   0|  0|   2|           1|           1|
    |icmp_ln23_fu_134_p2    |      icmp|   0|  0|  13|           4|           5|
    |or_ln24_14_fu_257_p2   |        or|   0|  0|  64|          64|          64|
    |or_ln24_fu_216_p2      |        or|   0|  0|  64|          64|          64|
    |ap_enable_pp0          |       xor|   0|  0|   2|           1|           2|
    |xor_ln24_40_fu_212_p2  |       xor|   0|  0|  64|          64|          64|
    |xor_ln24_41_fu_229_p2  |       xor|   0|  0|   2|           1|           2|
    |xor_ln24_42_fu_251_p2  |       xor|   0|  0|  64|          64|          64|
    |xor_ln24_fu_207_p2     |       xor|   0|  0|  64|          64|          64|
    +-----------------------+----------+----+---+----+------------+------------+
    |Total                  |          |   0|  0| 558|         523|         523|
    +-----------------------+----------+----+---+----+------------+------------+

    * Multiplexer: 
    +-------------------------+----+-----------+-----+-----------+
    |           Name          | LUT| Input Size| Bits| Total Bits|
    +-------------------------+----+-----------+-----+-----------+
    |ap_NS_fsm                |  14|          3|    1|          3|
    |ap_done_int              |   9|          2|    1|          2|
    |ap_enable_reg_pp0_iter0  |   9|          2|    1|          2|
    |ap_enable_reg_pp0_iter1  |   9|          2|    1|          2|
    |ap_sig_allocacmp_i_224   |   9|          2|    4|          8|
    |carry_reg_115            |   9|          2|    1|          2|
    |i_fu_54                  |   9|          2|    4|          8|
    +-------------------------+----+-----------+-----+-----------+
    |Total                    |  68|         15|   13|         27|
    +-------------------------+----+-----------+-----+-----------+

    * Register: 
    +-----------------------------+----+----+-----+-----------+
    |             Name            | FF | LUT| Bits| Const Bits|
    +-----------------------------+----+----+-----+-----------+
    |a_load_reg_302               |  64|   0|   64|          0|
    |ap_CS_fsm                    |   2|   0|    2|          0|
    |ap_done_reg                  |   1|   0|    1|          0|
    |ap_enable_reg_pp0_iter0_reg  |   1|   0|    1|          0|
    |ap_enable_reg_pp0_iter1      |   1|   0|    1|          0|
    |b_load_reg_316               |  64|   0|   64|          0|
    |carry_reg_115                |   1|   0|    1|          0|
    |i_fu_54                      |   4|   0|    4|          0|
    |icmp_ln23_reg_283            |   1|   0|    1|          0|
    |tempReg_reg_307              |  64|   0|   64|          0|
    |trunc_ln24_reg_287           |   3|   0|    3|          0|
    +-----------------------------+----+----+-----+-----------+
    |Total                        | 206|   0|  206|          0|
    +-----------------------------+----+----+-----+-----------+



================================================================
== Interface
================================================================
* Summary: 
+------------+-----+-----+------------+-----------------------------------------+--------------+
|  RTL Ports | Dir | Bits|  Protocol  |              Source Object              |    C Type    |
+------------+-----+-----+------------+-----------------------------------------+--------------+
|ap_clk      |   in|    1|  ap_ctrl_hs|  fpadd503.15181_Pipeline_VITIS_LOOP_23_1|  return value|
|ap_rst      |   in|    1|  ap_ctrl_hs|  fpadd503.15181_Pipeline_VITIS_LOOP_23_1|  return value|
|ap_start    |   in|    1|  ap_ctrl_hs|  fpadd503.15181_Pipeline_VITIS_LOOP_23_1|  return value|
|ap_done     |  out|    1|  ap_ctrl_hs|  fpadd503.15181_Pipeline_VITIS_LOOP_23_1|  return value|
|ap_idle     |  out|    1|  ap_ctrl_hs|  fpadd503.15181_Pipeline_VITIS_LOOP_23_1|  return value|
|ap_ready    |  out|    1|  ap_ctrl_hs|  fpadd503.15181_Pipeline_VITIS_LOOP_23_1|  return value|
|a_offset1   |   in|    1|     ap_none|                                a_offset1|        scalar|
|a_address0  |  out|    4|   ap_memory|                                        a|         array|
|a_ce0       |  out|    1|   ap_memory|                                        a|         array|
|a_q0        |   in|   64|   ap_memory|                                        a|         array|
|b_offset2   |   in|    1|     ap_none|                                b_offset2|        scalar|
|b_address0  |  out|    4|   ap_memory|                                        b|         array|
|b_ce0       |  out|    1|   ap_memory|                                        b|         array|
|b_q0        |   in|   64|   ap_memory|                                        b|         array|
|c_offset    |   in|    1|     ap_none|                                 c_offset|        scalar|
|c_address0  |  out|    4|   ap_memory|                                        c|         array|
|c_ce0       |  out|    1|   ap_memory|                                        c|         array|
|c_we0       |  out|    1|   ap_memory|                                        c|         array|
|c_d0        |  out|   64|   ap_memory|                                        c|         array|
+------------+-----+-----+------------+-----------------------------------------+--------------+

============================================================
+ Verbose Summary: Synthesis Manager
============================================================
InlineROM: 1
ExposeGlobal: 0
============================================================
+ Verbose Summary: CDFG Model
============================================================
IsTopModel: 0
ResetActiveHigh: 1
IsCombinational: 2
IsDatapathOnly: 2
HasWiredReturn: 1
HasMFsm: 2
HasVarLatency: 1
IsPipeline: 0
IsRtlPipelined: 0
IsInstanceOverlapped: 0
IsDontTouch: 0
HasImplIP: 0
IsGatedGlobalClock: 0

+ Individual pipeline summary: 
  * Pipeline-0: initiation interval (II) = 2, depth = 3


============================================================
+ Verbose Summary: Schedule
============================================================
* Number of FSM states : 3
* Pipeline : 1
  Pipeline-0 : II = 2, D = 3, States = { 1 2 3 }
* Dataflow Pipeline: 0

* FSM state transitions: 
1 --> 2 
2 --> 3 
3 --> 

* FSM state operations: 

State 1 <SV = 0> <Delay = 4.91>
ST_1 : Operation 6 [1/1] (0.00ns)   --->   "%i = alloca i32 1" [src/generic/fp_generic.c:20]   --->   Operation 6 'alloca' 'i' <Predicate = true> <Delay = 0.00>
ST_1 : Operation 7 [1/1] (0.00ns)   --->   "%c_offset_read = read i1 @_ssdm_op_Read.ap_auto.i1, i1 %c_offset"   --->   Operation 7 'read' 'c_offset_read' <Predicate = true> <Delay = 0.00>
ST_1 : Operation 8 [1/1] (0.00ns)   --->   "%b_offset2_read = read i1 @_ssdm_op_Read.ap_auto.i1, i1 %b_offset2"   --->   Operation 8 'read' 'b_offset2_read' <Predicate = true> <Delay = 0.00>
ST_1 : Operation 9 [1/1] (0.00ns)   --->   "%a_offset1_read = read i1 @_ssdm_op_Read.ap_auto.i1, i1 %a_offset1"   --->   Operation 9 'read' 'a_offset1_read' <Predicate = true> <Delay = 0.00>
ST_1 : Operation 10 [1/1] (1.58ns)   --->   "%store_ln20 = store i4 0, i4 %i" [src/generic/fp_generic.c:20]   --->   Operation 10 'store' 'store_ln20' <Predicate = true> <Delay = 1.58>
ST_1 : Operation 11 [1/1] (1.58ns)   --->   "%br_ln0 = br void %for.inc"   --->   Operation 11 'br' 'br_ln0' <Predicate = true> <Delay = 1.58>
ST_1 : Operation 12 [1/1] (0.00ns)   --->   "%i_224 = load i4 %i" [src/generic/fp_generic.c:24]   --->   Operation 12 'load' 'i_224' <Predicate = true> <Delay = 0.00>
ST_1 : Operation 13 [1/1] (1.73ns)   --->   "%icmp_ln23 = icmp_eq  i4 %i_224, i4 8" [src/generic/fp_generic.c:23]   --->   Operation 13 'icmp' 'icmp_ln23' <Predicate = true> <Delay = 1.73> <CoreInst = "Cmp">   --->   Core 9 'Cmp' <Latency = 0> <II = 1> <Delay = 1.78> <FuncUnit> <Opcode : 'seteq' 'setne' 'setle' 'setge' 'setlt' 'setgt'> <InPorts = 2> <OutPorts = 1>
ST_1 : Operation 14 [1/1] (1.73ns)   --->   "%add_ln23 = add i4 %i_224, i4 1" [src/generic/fp_generic.c:23]   --->   Operation 14 'add' 'add_ln23' <Predicate = true> <Delay = 1.73> <CoreInst = "Adder">   --->   Core 1 'Adder' <Latency = 0> <II = 1> <Delay = 1.73> <FuncUnit> <Opcode : 'add' 'sub'> <InPorts = 2> <OutPorts = 1>
ST_1 : Operation 15 [1/1] (0.00ns)   --->   "%br_ln23 = br i1 %icmp_ln23, void %for.inc.split, void %for.inc29.preheader.exitStub" [src/generic/fp_generic.c:23]   --->   Operation 15 'br' 'br_ln23' <Predicate = true> <Delay = 0.00>
ST_1 : Operation 16 [1/1] (0.00ns)   --->   "%trunc_ln24 = trunc i4 %i_224" [src/generic/fp_generic.c:24]   --->   Operation 16 'trunc' 'trunc_ln24' <Predicate = (!icmp_ln23)> <Delay = 0.00>
ST_1 : Operation 17 [1/1] (0.00ns)   --->   "%tmp = bitconcatenate i4 @_ssdm_op_BitConcatenate.i4.i1.i3, i1 %a_offset1_read, i3 %trunc_ln24" [src/generic/fp_generic.c:24]   --->   Operation 17 'bitconcatenate' 'tmp' <Predicate = (!icmp_ln23)> <Delay = 0.00>
ST_1 : Operation 18 [1/1] (0.00ns)   --->   "%zext_ln24 = zext i4 %tmp" [src/generic/fp_generic.c:24]   --->   Operation 18 'zext' 'zext_ln24' <Predicate = (!icmp_ln23)> <Delay = 0.00>
ST_1 : Operation 19 [1/1] (0.00ns)   --->   "%a_addr = getelementptr i64 %a, i32 0, i32 %zext_ln24" [src/generic/fp_generic.c:24]   --->   Operation 19 'getelementptr' 'a_addr' <Predicate = (!icmp_ln23)> <Delay = 0.00>
ST_1 : Operation 20 [1/1] (0.00ns)   --->   "%tmp_s = bitconcatenate i4 @_ssdm_op_BitConcatenate.i4.i1.i3, i1 %b_offset2_read, i3 %trunc_ln24" [src/generic/fp_generic.c:24]   --->   Operation 20 'bitconcatenate' 'tmp_s' <Predicate = (!icmp_ln23)> <Delay = 0.00>
ST_1 : Operation 21 [1/1] (0.00ns)   --->   "%zext_ln24_26 = zext i4 %tmp_s" [src/generic/fp_generic.c:24]   --->   Operation 21 'zext' 'zext_ln24_26' <Predicate = (!icmp_ln23)> <Delay = 0.00>
ST_1 : Operation 22 [1/1] (0.00ns)   --->   "%b_addr = getelementptr i64 %b, i32 0, i32 %zext_ln24_26" [src/generic/fp_generic.c:24]   --->   Operation 22 'getelementptr' 'b_addr' <Predicate = (!icmp_ln23)> <Delay = 0.00>
ST_1 : Operation 23 [2/2] (3.25ns)   --->   "%a_load = load i4 %a_addr" [src/generic/fp_generic.c:24]   --->   Operation 23 'load' 'a_load' <Predicate = (!icmp_ln23)> <Delay = 3.25> <CoreInst = "RAM">   --->   Core 81 'RAM' <Latency = 1> <II = 1> <Delay = 3.25> <Storage> <Opcode : 'load' 'store'> <Ports = 2> <Width = 64> <Depth = 16> <RAM>
ST_1 : Operation 24 [2/2] (3.25ns)   --->   "%b_load = load i4 %b_addr" [src/generic/fp_generic.c:24]   --->   Operation 24 'load' 'b_load' <Predicate = (!icmp_ln23)> <Delay = 3.25> <CoreInst = "RAM">   --->   Core 81 'RAM' <Latency = 1> <II = 1> <Delay = 3.25> <Storage> <Opcode : 'load' 'store'> <Ports = 2> <Width = 64> <Depth = 16> <RAM>
ST_1 : Operation 25 [1/1] (1.58ns)   --->   "%store_ln20 = store i4 %add_ln23, i4 %i" [src/generic/fp_generic.c:20]   --->   Operation 25 'store' 'store_ln20' <Predicate = (!icmp_ln23)> <Delay = 1.58>

State 2 <SV = 1> <Delay = 6.77>
ST_2 : Operation 26 [1/1] (0.00ns)   --->   "%carry = phi i1 0, void %newFuncRoot, i1 %tmp_217, void %for.inc.split" [src/generic/fp_generic.c:23]   --->   Operation 26 'phi' 'carry' <Predicate = true> <Delay = 0.00>
ST_2 : Operation 27 [1/2] ( I:3.25ns O:3.25ns )   --->   "%a_load = load i4 %a_addr" [src/generic/fp_generic.c:24]   --->   Operation 27 'load' 'a_load' <Predicate = (!icmp_ln23)> <Delay = 3.25> <CoreInst = "RAM">   --->   Core 81 'RAM' <Latency = 1> <II = 1> <Delay = 3.25> <Storage> <Opcode : 'load' 'store'> <Ports = 2> <Width = 64> <Depth = 16> <RAM>
ST_2 : Operation 28 [1/1] (0.00ns)   --->   "%zext_ln24_28 = zext i1 %carry" [src/generic/fp_generic.c:24]   --->   Operation 28 'zext' 'zext_ln24_28' <Predicate = (!icmp_ln23)> <Delay = 0.00>
ST_2 : Operation 29 [1/1] (3.52ns)   --->   "%tempReg = add i64 %a_load, i64 %zext_ln24_28" [src/generic/fp_generic.c:24]   --->   Operation 29 'add' 'tempReg' <Predicate = (!icmp_ln23)> <Delay = 3.52> <CoreInst = "Adder">   --->   Core 1 'Adder' <Latency = 0> <II = 1> <Delay = 3.52> <FuncUnit> <Opcode : 'add' 'sub'> <InPorts = 2> <OutPorts = 1>
ST_2 : Operation 30 [1/2] ( I:3.25ns O:3.25ns )   --->   "%b_load = load i4 %b_addr" [src/generic/fp_generic.c:24]   --->   Operation 30 'load' 'b_load' <Predicate = (!icmp_ln23)> <Delay = 3.25> <CoreInst = "RAM">   --->   Core 81 'RAM' <Latency = 1> <II = 1> <Delay = 3.25> <Storage> <Opcode : 'load' 'store'> <Ports = 2> <Width = 64> <Depth = 16> <RAM>
ST_2 : Operation 51 [1/1] (1.58ns)   --->   "%ret_ln0 = ret"   --->   Operation 51 'ret' 'ret_ln0' <Predicate = (icmp_ln23)> <Delay = 1.58>

State 3 <SV = 2> <Delay = 6.77>
ST_3 : Operation 31 [1/1] (0.00ns)   --->   "%specpipeline_ln20 = specpipeline void @_ssdm_op_SpecPipeline, i32 4294967295, i32 0, i32 0, i32 0, void @empty_44" [src/generic/fp_generic.c:20]   --->   Operation 31 'specpipeline' 'specpipeline_ln20' <Predicate = (!icmp_ln23)> <Delay = 0.00>
ST_3 : Operation 32 [1/1] (0.00ns)   --->   "%speclooptripcount_ln20 = speclooptripcount void @_ssdm_op_SpecLoopTripCount, i64 8, i64 8, i64 8" [src/generic/fp_generic.c:20]   --->   Operation 32 'speclooptripcount' 'speclooptripcount_ln20' <Predicate = (!icmp_ln23)> <Delay = 0.00>
ST_3 : Operation 33 [1/1] (0.00ns)   --->   "%specloopname_ln23 = specloopname void @_ssdm_op_SpecLoopName, void @empty_5" [src/generic/fp_generic.c:23]   --->   Operation 33 'specloopname' 'specloopname_ln23' <Predicate = (!icmp_ln23)> <Delay = 0.00>
ST_3 : Operation 34 [1/1] (0.00ns)   --->   "%tmp_521 = bitconcatenate i4 @_ssdm_op_BitConcatenate.i4.i1.i3, i1 %c_offset_read, i3 %trunc_ln24" [src/generic/fp_generic.c:24]   --->   Operation 34 'bitconcatenate' 'tmp_521' <Predicate = (!icmp_ln23)> <Delay = 0.00>
ST_3 : Operation 35 [1/1] (0.00ns)   --->   "%zext_ln24_27 = zext i4 %tmp_521" [src/generic/fp_generic.c:24]   --->   Operation 35 'zext' 'zext_ln24_27' <Predicate = (!icmp_ln23)> <Delay = 0.00>
ST_3 : Operation 36 [1/1] (0.00ns)   --->   "%c_addr = getelementptr i64 %c, i32 0, i32 %zext_ln24_27" [src/generic/fp_generic.c:24]   --->   Operation 36 'getelementptr' 'c_addr' <Predicate = (!icmp_ln23)> <Delay = 0.00>
ST_3 : Operation 37 [1/1] (3.52ns)   --->   "%add_ln24 = add i64 %b_load, i64 %tempReg" [src/generic/fp_generic.c:24]   --->   Operation 37 'add' 'add_ln24' <Predicate = (!icmp_ln23)> <Delay = 3.52> <CoreInst = "Adder">   --->   Core 1 'Adder' <Latency = 0> <II = 1> <Delay = 3.52> <FuncUnit> <Opcode : 'add' 'sub'> <InPorts = 2> <OutPorts = 1>
ST_3 : Operation 38 [1/1] ( I:3.25ns O:3.25ns )   --->   "%store_ln24 = store i64 %add_ln24, i4 %c_addr" [src/generic/fp_generic.c:24]   --->   Operation 38 'store' 'store_ln24' <Predicate = (!icmp_ln23)> <Delay = 3.25> <CoreInst = "RAM">   --->   Core 81 'RAM' <Latency = 1> <II = 1> <Delay = 3.25> <Storage> <Opcode : 'load' 'store'> <Ports = 2> <Width = 64> <Depth = 16> <RAM>
ST_3 : Operation 39 [1/1] (0.00ns) (grouped into LUT with out node xor_ln24_42)   --->   "%xor_ln24 = xor i64 %add_ln24, i64 %tempReg" [src/generic/fp_generic.c:24]   --->   Operation 39 'xor' 'xor_ln24' <Predicate = (!icmp_ln23)> <Delay = 0.00> <CoreInst = "LogicGate">   --->   Core 74 'LogicGate' <Latency = 0> <II = 1> <Delay = 0.99> <FuncUnit> <Opcode : 'and' 'or' 'xor'> <InPorts = 2> <OutPorts = 1>
ST_3 : Operation 40 [1/1] (0.00ns) (grouped into LUT with out node xor_ln24_42)   --->   "%xor_ln24_40 = xor i64 %b_load, i64 %tempReg" [src/generic/fp_generic.c:24]   --->   Operation 40 'xor' 'xor_ln24_40' <Predicate = (!icmp_ln23)> <Delay = 0.00> <CoreInst = "LogicGate">   --->   Core 74 'LogicGate' <Latency = 0> <II = 1> <Delay = 0.99> <FuncUnit> <Opcode : 'and' 'or' 'xor'> <InPorts = 2> <OutPorts = 1>
ST_3 : Operation 41 [1/1] (0.00ns) (grouped into LUT with out node xor_ln24_42)   --->   "%or_ln24 = or i64 %xor_ln24, i64 %xor_ln24_40" [src/generic/fp_generic.c:24]   --->   Operation 41 'or' 'or_ln24' <Predicate = (!icmp_ln23)> <Delay = 0.00> <CoreInst = "LogicGate">   --->   Core 74 'LogicGate' <Latency = 0> <II = 1> <Delay = 0.99> <FuncUnit> <Opcode : 'and' 'or' 'xor'> <InPorts = 2> <OutPorts = 1>
ST_3 : Operation 42 [1/1] (0.00ns) (grouped into LUT with out node or_ln24_14)   --->   "%bit_sel = bitselect i1 @_ssdm_op_BitSelect.i1.i64.i64, i64 %tempReg, i64 63" [src/generic/fp_generic.c:24]   --->   Operation 42 'bitselect' 'bit_sel' <Predicate = (!icmp_ln23)> <Delay = 0.00>
ST_3 : Operation 43 [1/1] (0.00ns) (grouped into LUT with out node or_ln24_14)   --->   "%xor_ln24_41 = xor i1 %bit_sel, i1 1" [src/generic/fp_generic.c:24]   --->   Operation 43 'xor' 'xor_ln24_41' <Predicate = (!icmp_ln23)> <Delay = 0.00> <CoreInst = "LogicGate">   --->   Core 74 'LogicGate' <Latency = 0> <II = 1> <Delay = 0.97> <FuncUnit> <Opcode : 'and' 'or' 'xor'> <InPorts = 2> <OutPorts = 1>
ST_3 : Operation 44 [1/1] (0.00ns) (grouped into LUT with out node or_ln24_14)   --->   "%trunc_ln24_12 = trunc i64 %tempReg" [src/generic/fp_generic.c:24]   --->   Operation 44 'trunc' 'trunc_ln24_12' <Predicate = (!icmp_ln23)> <Delay = 0.00>
ST_3 : Operation 45 [1/1] (0.00ns) (grouped into LUT with out node or_ln24_14)   --->   "%xor_ln24_s = bitconcatenate i64 @_ssdm_op_BitConcatenate.i64.i1.i63, i1 %xor_ln24_41, i63 %trunc_ln24_12" [src/generic/fp_generic.c:24]   --->   Operation 45 'bitconcatenate' 'xor_ln24_s' <Predicate = (!icmp_ln23)> <Delay = 0.00>
ST_3 : Operation 46 [1/1] (0.00ns) (grouped into LUT with out node or_ln24_14)   --->   "%and_ln24 = and i64 %a_load, i64 %xor_ln24_s" [src/generic/fp_generic.c:24]   --->   Operation 46 'and' 'and_ln24' <Predicate = (!icmp_ln23)> <Delay = 0.00> <CoreInst = "LogicGate">   --->   Core 74 'LogicGate' <Latency = 0> <II = 1> <Delay = 0.99> <FuncUnit> <Opcode : 'and' 'or' 'xor'> <InPorts = 2> <OutPorts = 1>
ST_3 : Operation 47 [1/1] (0.99ns) (out node of the LUT)   --->   "%xor_ln24_42 = xor i64 %or_ln24, i64 %add_ln24" [src/generic/fp_generic.c:24]   --->   Operation 47 'xor' 'xor_ln24_42' <Predicate = (!icmp_ln23)> <Delay = 0.99> <CoreInst = "LogicGate">   --->   Core 74 'LogicGate' <Latency = 0> <II = 1> <Delay = 0.99> <FuncUnit> <Opcode : 'and' 'or' 'xor'> <InPorts = 2> <OutPorts = 1>
ST_3 : Operation 48 [1/1] (0.99ns) (out node of the LUT)   --->   "%or_ln24_14 = or i64 %xor_ln24_42, i64 %and_ln24" [src/generic/fp_generic.c:24]   --->   Operation 48 'or' 'or_ln24_14' <Predicate = (!icmp_ln23)> <Delay = 0.99> <CoreInst = "LogicGate">   --->   Core 74 'LogicGate' <Latency = 0> <II = 1> <Delay = 0.99> <FuncUnit> <Opcode : 'and' 'or' 'xor'> <InPorts = 2> <OutPorts = 1>
ST_3 : Operation 49 [1/1] (0.00ns)   --->   "%tmp_217 = bitselect i1 @_ssdm_op_BitSelect.i1.i64.i32, i64 %or_ln24_14, i32 63" [src/generic/fp_generic.c:23]   --->   Operation 49 'bitselect' 'tmp_217' <Predicate = (!icmp_ln23)> <Delay = 0.00>
ST_3 : Operation 50 [1/1] (0.00ns)   --->   "%br_ln23 = br void %for.inc" [src/generic/fp_generic.c:23]   --->   Operation 50 'br' 'br_ln23' <Predicate = (!icmp_ln23)> <Delay = 0.00>


============================================================
+ Verbose Summary: Binding
============================================================
STG Binding: 
---------------- STG Properties BEGIN ----------------
- Is combinational: 0
- Is one-state seq: 0
- Is datapath-only: 0
- Is pipelined: 0
- Is top level: 0
Port [ Return ] is wired: 1; IO mode=ap_ctrl_hs:ce=0
Port [ a_offset1]:  wired=1; compound=0; hidden=0; nouse=0; global=0; static=0; extern=0; dir=0; type=0; pingpong=0; private_global=0; IO mode=ap_none:ce=0
Port [ a]:  wired=1; compound=1; hidden=0; nouse=0; global=0; static=0; extern=0; dir=0; type=1; pingpong=0; private_global=0; MemPort=[13]; IO mode=ap_memory:ce=0
Port [ b_offset2]:  wired=1; compound=0; hidden=0; nouse=0; global=0; static=0; extern=0; dir=0; type=0; pingpong=0; private_global=0; IO mode=ap_none:ce=0
Port [ b]:  wired=1; compound=1; hidden=0; nouse=0; global=0; static=0; extern=0; dir=0; type=1; pingpong=0; private_global=0; MemPort=[13]; IO mode=ap_memory:ce=0
Port [ c_offset]:  wired=1; compound=0; hidden=0; nouse=0; global=0; static=0; extern=0; dir=0; type=0; pingpong=0; private_global=0; IO mode=ap_none:ce=0
Port [ c]:  wired=1; compound=1; hidden=0; nouse=0; global=0; static=0; extern=0; dir=1; type=1; pingpong=0; private_global=0; MemPort=[03]; IO mode=ap_memory:ce=0
---------------- STG Properties END ------------------

---------------- Datapath Model BEGIN ----------------

<LifeTime>
<method=bitvector/>
i                      (alloca           ) [ 0100]
c_offset_read          (read             ) [ 0111]
b_offset2_read         (read             ) [ 0000]
a_offset1_read         (read             ) [ 0000]
store_ln20             (store            ) [ 0000]
br_ln0                 (br               ) [ 0111]
i_224                  (load             ) [ 0000]
icmp_ln23              (icmp             ) [ 0111]
add_ln23               (add              ) [ 0000]
br_ln23                (br               ) [ 0000]
trunc_ln24             (trunc            ) [ 0111]
tmp                    (bitconcatenate   ) [ 0000]
zext_ln24              (zext             ) [ 0000]
a_addr                 (getelementptr    ) [ 0010]
tmp_s                  (bitconcatenate   ) [ 0000]
zext_ln24_26           (zext             ) [ 0000]
b_addr                 (getelementptr    ) [ 0010]
store_ln20             (store            ) [ 0000]
carry                  (phi              ) [ 0010]
a_load                 (load             ) [ 0101]
zext_ln24_28           (zext             ) [ 0000]
tempReg                (add              ) [ 0101]
b_load                 (load             ) [ 0101]
specpipeline_ln20      (specpipeline     ) [ 0000]
speclooptripcount_ln20 (speclooptripcount) [ 0000]
specloopname_ln23      (specloopname     ) [ 0000]
tmp_521                (bitconcatenate   ) [ 0000]
zext_ln24_27           (zext             ) [ 0000]
c_addr                 (getelementptr    ) [ 0000]
add_ln24               (add              ) [ 0000]
store_ln24             (store            ) [ 0000]
xor_ln24               (xor              ) [ 0000]
xor_ln24_40            (xor              ) [ 0000]
or_ln24                (or               ) [ 0000]
bit_sel                (bitselect        ) [ 0000]
xor_ln24_41            (xor              ) [ 0000]
trunc_ln24_12          (trunc            ) [ 0000]
xor_ln24_s             (bitconcatenate   ) [ 0000]
and_ln24               (and              ) [ 0000]
xor_ln24_42            (xor              ) [ 0000]
or_ln24_14             (or               ) [ 0000]
tmp_217                (bitselect        ) [ 0111]
br_ln23                (br               ) [ 0111]
ret_ln0                (ret              ) [ 0000]
</LifeTime>

<model>

<comp_list>
<comp id="0" class="1000" name="a_offset1">
<pin_list>
<pin id="1" dir="1" index="0" bw="1" slack="0"/>
</pin_list>
<bind>
<StgValue><ssdm name="a_offset1"/></StgValue>
</bind>
</comp>

<comp id="2" class="1000" name="a">
<pin_list>
<pin id="3" dir="1" index="0" bw="1" slack="0"/>
</pin_list>
<bind>
<StgValue><ssdm name="a"/><MemPortTyVec>1 3 </MemPortTyVec>
</StgValue>
</bind>
</comp>

<comp id="4" class="1000" name="b_offset2">
<pin_list>
<pin id="5" dir="1" index="0" bw="1" slack="0"/>
</pin_list>
<bind>
<StgValue><ssdm name="b_offset2"/></StgValue>
</bind>
</comp>

<comp id="6" class="1000" name="b">
<pin_list>
<pin id="7" dir="1" index="0" bw="1" slack="0"/>
</pin_list>
<bind>
<StgValue><ssdm name="b"/><MemPortTyVec>1 3 </MemPortTyVec>
</StgValue>
</bind>
</comp>

<comp id="8" class="1000" name="c_offset">
<pin_list>
<pin id="9" dir="1" index="0" bw="1" slack="0"/>
</pin_list>
<bind>
<StgValue><ssdm name="c_offset"/></StgValue>
</bind>
</comp>

<comp id="10" class="1000" name="c">
<pin_list>
<pin id="11" dir="1" index="0" bw="1" slack="0"/>
</pin_list>
<bind>
<StgValue><ssdm name="c"/><MemPortTyVec>0 3 </MemPortTyVec>
</StgValue>
</bind>
</comp>

<comp id="12" class="1001" name="const_12">
<pin_list>
<pin id="13" dir="1" index="0" bw="1" slack="0"/>
</pin_list>
<bind>
<StgValue><ssdm name=""/></StgValue>
</bind>
</comp>

<comp id="14" class="1001" name="const_14">
<pin_list>
<pin id="15" dir="1" index="0" bw="1" slack="0"/>
</pin_list>
<bind>
<StgValue><ssdm name="_ssdm_op_Read.ap_auto.i1"/></StgValue>
</bind>
</comp>

<comp id="16" class="1001" name="const_16">
<pin_list>
<pin id="17" dir="1" index="0" bw="1" slack="0"/>
</pin_list>
<bind>
<StgValue><ssdm name=""/></StgValue>
</bind>
</comp>

<comp id="18" class="1001" name="const_18">
<pin_list>
<pin id="19" dir="1" index="0" bw="1" slack="0"/>
</pin_list>
<bind>
<StgValue><ssdm name=""/></StgValue>
</bind>
</comp>

<comp id="20" class="1001" name="const_20">
<pin_list>
<pin id="21" dir="1" index="0" bw="1" slack="0"/>
</pin_list>
<bind>
<StgValue><ssdm name=""/></StgValue>
</bind>
</comp>

<comp id="22" class="1001" name="const_22">
<pin_list>
<pin id="23" dir="1" index="0" bw="1" slack="0"/>
</pin_list>
<bind>
<StgValue><ssdm name="_ssdm_op_BitConcatenate.i4.i1.i3"/></StgValue>
</bind>
</comp>

<comp id="24" class="1001" name="const_24">
<pin_list>
<pin id="25" dir="1" index="0" bw="1" slack="0"/>
</pin_list>
<bind>
<StgValue><ssdm name=""/></StgValue>
</bind>
</comp>

<comp id="26" class="1001" name="const_26">
<pin_list>
<pin id="27" dir="1" index="0" bw="1" slack="1"/>
</pin_list>
<bind>
<StgValue><ssdm name=""/></StgValue>
</bind>
</comp>

<comp id="28" class="1001" name="const_28">
<pin_list>
<pin id="29" dir="1" index="0" bw="1" slack="2147483647"/>
</pin_list>
<bind>
<StgValue><ssdm name="_ssdm_op_SpecPipeline"/></StgValue>
</bind>
</comp>

<comp id="30" class="1001" name="const_30">
<pin_list>
<pin id="31" dir="1" index="0" bw="1" slack="2147483647"/>
</pin_list>
<bind>
<StgValue><ssdm name=""/></StgValue>
</bind>
</comp>

<comp id="32" class="1001" name="const_32">
<pin_list>
<pin id="33" dir="1" index="0" bw="1" slack="2147483647"/>
</pin_list>
<bind>
<StgValue><ssdm name="empty_44"/></StgValue>
</bind>
</comp>

<comp id="34" class="1001" name="const_34">
<pin_list>
<pin id="35" dir="1" index="0" bw="1" slack="2147483647"/>
</pin_list>
<bind>
<StgValue><ssdm name="_ssdm_op_SpecLoopTripCount"/></StgValue>
</bind>
</comp>

<comp id="36" class="1001" name="const_36">
<pin_list>
<pin id="37" dir="1" index="0" bw="1" slack="2147483647"/>
</pin_list>
<bind>
<StgValue><ssdm name=""/></StgValue>
</bind>
</comp>

<comp id="38" class="1001" name="const_38">
<pin_list>
<pin id="39" dir="1" index="0" bw="1" slack="2147483647"/>
</pin_list>
<bind>
<StgValue><ssdm name="_ssdm_op_SpecLoopName"/></StgValue>
</bind>
</comp>

<comp id="40" class="1001" name="const_40">
<pin_list>
<pin id="41" dir="1" index="0" bw="1" slack="2147483647"/>
</pin_list>
<bind>
<StgValue><ssdm name="empty_5"/></StgValue>
</bind>
</comp>

<comp id="42" class="1001" name="const_42">
<pin_list>
<pin id="43" dir="1" index="0" bw="1" slack="0"/>
</pin_list>
<bind>
<StgValue><ssdm name="_ssdm_op_BitSelect.i1.i64.i64"/></StgValue>
</bind>
</comp>

<comp id="44" class="1001" name="const_44">
<pin_list>
<pin id="45" dir="1" index="0" bw="1" slack="0"/>
</pin_list>
<bind>
<StgValue><ssdm name=""/></StgValue>
</bind>
</comp>

<comp id="46" class="1001" name="const_46">
<pin_list>
<pin id="47" dir="1" index="0" bw="1" slack="0"/>
</pin_list>
<bind>
<StgValue><ssdm name=""/></StgValue>
</bind>
</comp>

<comp id="48" class="1001" name="const_48">
<pin_list>
<pin id="49" dir="1" index="0" bw="1" slack="0"/>
</pin_list>
<bind>
<StgValue><ssdm name="_ssdm_op_BitConcatenate.i64.i1.i63"/></StgValue>
</bind>
</comp>

<comp id="50" class="1001" name="const_50">
<pin_list>
<pin id="51" dir="1" index="0" bw="1" slack="0"/>
</pin_list>
<bind>
<StgValue><ssdm name="_ssdm_op_BitSelect.i1.i64.i32"/></StgValue>
</bind>
</comp>

<comp id="52" class="1001" name="const_52">
<pin_list>
<pin id="53" dir="1" index="0" bw="1" slack="0"/>
</pin_list>
<bind>
<StgValue><ssdm name=""/></StgValue>
</bind>
</comp>

<comp id="54" class="1004" name="i_fu_54">
<pin_list>
<pin id="55" dir="0" index="0" bw="1" slack="0"/>
<pin id="56" dir="1" index="1" bw="4" slack="0"/>
</pin_list>
<bind>
<opcode="alloca(26) " fcode="alloca"/>
<opset="i/1 "/>
</bind>
</comp>

<comp id="58" class="1004" name="c_offset_read_read_fu_58">
<pin_list>
<pin id="59" dir="0" index="0" bw="1" slack="0"/>
<pin id="60" dir="0" index="1" bw="1" slack="0"/>
<pin id="61" dir="1" index="2" bw="1" slack="2"/>
</pin_list>
<bind>
<opcode="read(1150) " fcode="read"/>
<opset="c_offset_read/1 "/>
</bind>
</comp>

<comp id="64" class="1004" name="b_offset2_read_read_fu_64">
<pin_list>
<pin id="65" dir="0" index="0" bw="1" slack="0"/>
<pin id="66" dir="0" index="1" bw="1" slack="0"/>
<pin id="67" dir="1" index="2" bw="1" slack="0"/>
</pin_list>
<bind>
<opcode="read(1150) " fcode="read"/>
<opset="b_offset2_read/1 "/>
</bind>
</comp>

<comp id="70" class="1004" name="a_offset1_read_read_fu_70">
<pin_list>
<pin id="71" dir="0" index="0" bw="1" slack="0"/>
<pin id="72" dir="0" index="1" bw="1" slack="0"/>
<pin id="73" dir="1" index="2" bw="1" slack="0"/>
</pin_list>
<bind>
<opcode="read(1150) " fcode="read"/>
<opset="a_offset1_read/1 "/>
</bind>
</comp>

<comp id="76" class="1004" name="a_addr_gep_fu_76">
<pin_list>
<pin id="77" dir="0" index="0" bw="64" slack="0"/>
<pin id="78" dir="0" index="1" bw="1" slack="0"/>
<pin id="79" dir="0" index="2" bw="4" slack="0"/>
<pin id="80" dir="1" index="3" bw="4" slack="0"/>
</pin_list>
<bind>
<opcode="getelementptr(29) " fcode="getelementptr"/>
<opset="a_addr/1 "/>
</bind>
</comp>

<comp id="83" class="1004" name="b_addr_gep_fu_83">
<pin_list>
<pin id="84" dir="0" index="0" bw="64" slack="0"/>
<pin id="85" dir="0" index="1" bw="1" slack="0"/>
<pin id="86" dir="0" index="2" bw="4" slack="0"/>
<pin id="87" dir="1" index="3" bw="4" slack="0"/>
</pin_list>
<bind>
<opcode="getelementptr(29) " fcode="getelementptr"/>
<opset="b_addr/1 "/>
</bind>
</comp>

<comp id="90" class="1004" name="grp_access_fu_90">
<pin_list>
<pin id="91" dir="0" index="0" bw="4" slack="0"/>
<pin id="92" dir="0" index="1" bw="64" slack="2147483647"/>
<pin id="93" dir="0" index="2" bw="0" slack="2147483647"/>
<pin id="94" dir="1" index="3" bw="64" slack="0"/>
</pin_list>
<bind>
<opcode="load(27) " fcode="load"/>
<opset="a_load/1 "/>
</bind>
</comp>

<comp id="96" class="1004" name="grp_access_fu_96">
<pin_list>
<pin id="97" dir="0" index="0" bw="4" slack="0"/>
<pin id="98" dir="0" index="1" bw="64" slack="2147483647"/>
<pin id="99" dir="0" index="2" bw="0" slack="2147483647"/>
<pin id="100" dir="1" index="3" bw="64" slack="1"/>
</pin_list>
<bind>
<opcode="load(27) " fcode="load"/>
<opset="b_load/1 "/>
</bind>
</comp>

<comp id="102" class="1004" name="c_addr_gep_fu_102">
<pin_list>
<pin id="103" dir="0" index="0" bw="64" slack="0"/>
<pin id="104" dir="0" index="1" bw="1" slack="0"/>
<pin id="105" dir="0" index="2" bw="4" slack="0"/>
<pin id="106" dir="1" index="3" bw="4" slack="0"/>
</pin_list>
<bind>
<opcode="getelementptr(29) " fcode="getelementptr"/>
<opset="c_addr/3 "/>
</bind>
</comp>

<comp id="109" class="1004" name="store_ln24_access_fu_109">
<pin_list>
<pin id="110" dir="0" index="0" bw="4" slack="0"/>
<pin id="111" dir="0" index="1" bw="64" slack="0"/>
<pin id="112" dir="0" index="2" bw="0" slack="2147483647"/>
<pin id="113" dir="1" index="3" bw="64" slack="2147483647"/>
</pin_list>
<bind>
<opcode="store(28) " fcode="store"/>
<opset="store_ln24/3 "/>
</bind>
</comp>

<comp id="115" class="1005" name="carry_reg_115">
<pin_list>
<pin id="116" dir="0" index="0" bw="1" slack="1"/>
<pin id="117" dir="1" index="1" bw="1" slack="1"/>
</pin_list>
<bind>
<opset="carry (phireg) "/>
</bind>
</comp>

<comp id="119" class="1004" name="carry_phi_fu_119">
<pin_list>
<pin id="120" dir="0" index="0" bw="1" slack="1"/>
<pin id="121" dir="0" index="1" bw="0" slack="2147483647"/>
<pin id="122" dir="0" index="2" bw="1" slack="1"/>
<pin id="123" dir="0" index="3" bw="0" slack="2147483647"/>
<pin id="124" dir="1" index="4" bw="1" slack="0"/>
</pin_list>
<bind>
<opcode="phi(47) " fcode="phi"/>
<opset="carry/2 "/>
</bind>
</comp>

<comp id="126" class="1004" name="store_ln20_store_fu_126">
<pin_list>
<pin id="127" dir="0" index="0" bw="1" slack="0"/>
<pin id="128" dir="0" index="1" bw="4" slack="0"/>
<pin id="129" dir="1" index="2" bw="0" slack="2147483647"/>
</pin_list>
<bind>
<opcode="store(28) " fcode="store"/>
<opset="store_ln20/1 "/>
</bind>
</comp>

<comp id="131" class="1004" name="i_224_load_fu_131">
<pin_list>
<pin id="132" dir="0" index="0" bw="4" slack="0"/>
<pin id="133" dir="1" index="1" bw="4" slack="0"/>
</pin_list>
<bind>
<opcode="load(27) " fcode="load"/>
<opset="i_224/1 "/>
</bind>
</comp>

<comp id="134" class="1004" name="icmp_ln23_fu_134">
<pin_list>
<pin id="135" dir="0" index="0" bw="4" slack="0"/>
<pin id="136" dir="0" index="1" bw="4" slack="0"/>
<pin id="137" dir="1" index="2" bw="1" slack="1"/>
</pin_list>
<bind>
<opcode="icmp(45) " fcode="icmp"/>
<opset="icmp_ln23/1 "/>
</bind>
</comp>

<comp id="140" class="1004" name="add_ln23_fu_140">
<pin_list>
<pin id="141" dir="0" index="0" bw="4" slack="0"/>
<pin id="142" dir="0" index="1" bw="1" slack="0"/>
<pin id="143" dir="1" index="2" bw="4" slack="0"/>
</pin_list>
<bind>
<opcode="add(8) " fcode="add"/>
<opset="add_ln23/1 "/>
</bind>
</comp>

<comp id="146" class="1004" name="trunc_ln24_fu_146">
<pin_list>
<pin id="147" dir="0" index="0" bw="4" slack="0"/>
<pin id="148" dir="1" index="1" bw="3" slack="0"/>
</pin_list>
<bind>
<opcode="trunc(33) " fcode="trunc"/>
<opset="trunc_ln24/1 "/>
</bind>
</comp>

<comp id="150" class="1004" name="tmp_fu_150">
<pin_list>
<pin id="151" dir="0" index="0" bw="4" slack="0"/>
<pin id="152" dir="0" index="1" bw="1" slack="0"/>
<pin id="153" dir="0" index="2" bw="3" slack="0"/>
<pin id="154" dir="1" index="3" bw="4" slack="0"/>
</pin_list>
<bind>
<opcode="bitconcatenate(1004) " fcode="bitconcatenate"/>
<opset="tmp/1 "/>
</bind>
</comp>

<comp id="158" class="1004" name="zext_ln24_fu_158">
<pin_list>
<pin id="159" dir="0" index="0" bw="4" slack="0"/>
<pin id="160" dir="1" index="1" bw="32" slack="0"/>
</pin_list>
<bind>
<opcode="zext(34) " fcode="zext"/>
<opset="zext_ln24/1 "/>
</bind>
</comp>

<comp id="163" class="1004" name="tmp_s_fu_163">
<pin_list>
<pin id="164" dir="0" index="0" bw="4" slack="0"/>
<pin id="165" dir="0" index="1" bw="1" slack="0"/>
<pin id="166" dir="0" index="2" bw="3" slack="0"/>
<pin id="167" dir="1" index="3" bw="4" slack="0"/>
</pin_list>
<bind>
<opcode="bitconcatenate(1004) " fcode="bitconcatenate"/>
<opset="tmp_s/1 "/>
</bind>
</comp>

<comp id="171" class="1004" name="zext_ln24_26_fu_171">
<pin_list>
<pin id="172" dir="0" index="0" bw="4" slack="0"/>
<pin id="173" dir="1" index="1" bw="32" slack="0"/>
</pin_list>
<bind>
<opcode="zext(34) " fcode="zext"/>
<opset="zext_ln24_26/1 "/>
</bind>
</comp>

<comp id="176" class="1004" name="store_ln20_store_fu_176">
<pin_list>
<pin id="177" dir="0" index="0" bw="4" slack="0"/>
<pin id="178" dir="0" index="1" bw="4" slack="0"/>
<pin id="179" dir="1" index="2" bw="0" slack="2147483647"/>
</pin_list>
<bind>
<opcode="store(28) " fcode="store"/>
<opset="store_ln20/1 "/>
</bind>
</comp>

<comp id="181" class="1004" name="zext_ln24_28_fu_181">
<pin_list>
<pin id="182" dir="0" index="0" bw="1" slack="0"/>
<pin id="183" dir="1" index="1" bw="64" slack="0"/>
</pin_list>
<bind>
<opcode="zext(34) " fcode="zext"/>
<opset="zext_ln24_28/2 "/>
</bind>
</comp>

<comp id="185" class="1004" name="tempReg_fu_185">
<pin_list>
<pin id="186" dir="0" index="0" bw="64" slack="0"/>
<pin id="187" dir="0" index="1" bw="1" slack="0"/>
<pin id="188" dir="1" index="2" bw="64" slack="1"/>
</pin_list>
<bind>
<opcode="add(8) " fcode="add"/>
<opset="tempReg/2 "/>
</bind>
</comp>

<comp id="191" class="1004" name="tmp_521_fu_191">
<pin_list>
<pin id="192" dir="0" index="0" bw="4" slack="0"/>
<pin id="193" dir="0" index="1" bw="1" slack="2"/>
<pin id="194" dir="0" index="2" bw="3" slack="2"/>
<pin id="195" dir="1" index="3" bw="4" slack="0"/>
</pin_list>
<bind>
<opcode="bitconcatenate(1004) " fcode="bitconcatenate"/>
<opset="tmp_521/3 "/>
</bind>
</comp>

<comp id="197" class="1004" name="zext_ln24_27_fu_197">
<pin_list>
<pin id="198" dir="0" index="0" bw="4" slack="0"/>
<pin id="199" dir="1" index="1" bw="32" slack="0"/>
</pin_list>
<bind>
<opcode="zext(34) " fcode="zext"/>
<opset="zext_ln24_27/3 "/>
</bind>
</comp>

<comp id="202" class="1004" name="add_ln24_fu_202">
<pin_list>
<pin id="203" dir="0" index="0" bw="64" slack="1"/>
<pin id="204" dir="0" index="1" bw="64" slack="1"/>
<pin id="205" dir="1" index="2" bw="64" slack="0"/>
</pin_list>
<bind>
<opcode="add(8) " fcode="add"/>
<opset="add_ln24/3 "/>
</bind>
</comp>

<comp id="207" class="1004" name="xor_ln24_fu_207">
<pin_list>
<pin id="208" dir="0" index="0" bw="64" slack="0"/>
<pin id="209" dir="0" index="1" bw="64" slack="1"/>
<pin id="210" dir="1" index="2" bw="64" slack="0"/>
</pin_list>
<bind>
<opcode="xor(25) " fcode="xor"/>
<opset="xor_ln24/3 "/>
</bind>
</comp>

<comp id="212" class="1004" name="xor_ln24_40_fu_212">
<pin_list>
<pin id="213" dir="0" index="0" bw="64" slack="1"/>
<pin id="214" dir="0" index="1" bw="64" slack="1"/>
<pin id="215" dir="1" index="2" bw="64" slack="0"/>
</pin_list>
<bind>
<opcode="xor(25) " fcode="xor"/>
<opset="xor_ln24_40/3 "/>
</bind>
</comp>

<comp id="216" class="1004" name="or_ln24_fu_216">
<pin_list>
<pin id="217" dir="0" index="0" bw="64" slack="0"/>
<pin id="218" dir="0" index="1" bw="64" slack="0"/>
<pin id="219" dir="1" index="2" bw="64" slack="0"/>
</pin_list>
<bind>
<opcode="or(24) " fcode="or"/>
<opset="or_ln24/3 "/>
</bind>
</comp>

<comp id="222" class="1004" name="bit_sel_fu_222">
<pin_list>
<pin id="223" dir="0" index="0" bw="1" slack="0"/>
<pin id="224" dir="0" index="1" bw="64" slack="1"/>
<pin id="225" dir="0" index="2" bw="7" slack="0"/>
<pin id="226" dir="1" index="3" bw="1" slack="0"/>
</pin_list>
<bind>
<opcode="bitselect(1000) " fcode="bitselect"/>
<opset="bit_sel/3 "/>
</bind>
</comp>

<comp id="229" class="1004" name="xor_ln24_41_fu_229">
<pin_list>
<pin id="230" dir="0" index="0" bw="1" slack="0"/>
<pin id="231" dir="0" index="1" bw="1" slack="0"/>
<pin id="232" dir="1" index="2" bw="1" slack="0"/>
</pin_list>
<bind>
<opcode="xor(25) " fcode="xor"/>
<opset="xor_ln24_41/3 "/>
</bind>
</comp>

<comp id="235" class="1004" name="trunc_ln24_12_fu_235">
<pin_list>
<pin id="236" dir="0" index="0" bw="64" slack="1"/>
<pin id="237" dir="1" index="1" bw="63" slack="0"/>
</pin_list>
<bind>
<opcode="trunc(33) " fcode="trunc"/>
<opset="trunc_ln24_12/3 "/>
</bind>
</comp>

<comp id="238" class="1004" name="xor_ln24_s_fu_238">
<pin_list>
<pin id="239" dir="0" index="0" bw="64" slack="0"/>
<pin id="240" dir="0" index="1" bw="1" slack="0"/>
<pin id="241" dir="0" index="2" bw="63" slack="0"/>
<pin id="242" dir="1" index="3" bw="64" slack="0"/>
</pin_list>
<bind>
<opcode="bitconcatenate(1004) " fcode="bitconcatenate"/>
<opset="xor_ln24_s/3 "/>
</bind>
</comp>

<comp id="246" class="1004" name="and_ln24_fu_246">
<pin_list>
<pin id="247" dir="0" index="0" bw="64" slack="1"/>
<pin id="248" dir="0" index="1" bw="64" slack="0"/>
<pin id="249" dir="1" index="2" bw="64" slack="0"/>
</pin_list>
<bind>
<opcode="and(23) " fcode="and"/>
<opset="and_ln24/3 "/>
</bind>
</comp>

<comp id="251" class="1004" name="xor_ln24_42_fu_251">
<pin_list>
<pin id="252" dir="0" index="0" bw="64" slack="0"/>
<pin id="253" dir="0" index="1" bw="64" slack="0"/>
<pin id="254" dir="1" index="2" bw="64" slack="0"/>
</pin_list>
<bind>
<opcode="xor(25) " fcode="xor"/>
<opset="xor_ln24_42/3 "/>
</bind>
</comp>

<comp id="257" class="1004" name="or_ln24_14_fu_257">
<pin_list>
<pin id="258" dir="0" index="0" bw="64" slack="0"/>
<pin id="259" dir="0" index="1" bw="64" slack="0"/>
<pin id="260" dir="1" index="2" bw="64" slack="0"/>
</pin_list>
<bind>
<opcode="or(24) " fcode="or"/>
<opset="or_ln24_14/3 "/>
</bind>
</comp>

<comp id="263" class="1004" name="tmp_217_fu_263">
<pin_list>
<pin id="264" dir="0" index="0" bw="1" slack="0"/>
<pin id="265" dir="0" index="1" bw="64" slack="0"/>
<pin id="266" dir="0" index="2" bw="7" slack="0"/>
<pin id="267" dir="1" index="3" bw="1" slack="1"/>
</pin_list>
<bind>
<opcode="bitselect(1000) " fcode="bitselect"/>
<opset="tmp_217/3 "/>
</bind>
</comp>

<comp id="271" class="1005" name="i_reg_271">
<pin_list>
<pin id="272" dir="0" index="0" bw="4" slack="0"/>
<pin id="273" dir="1" index="1" bw="4" slack="0"/>
</pin_list>
<bind>
<opset="i "/>
</bind>
</comp>

<comp id="278" class="1005" name="c_offset_read_reg_278">
<pin_list>
<pin id="279" dir="0" index="0" bw="1" slack="2"/>
<pin id="280" dir="1" index="1" bw="1" slack="2"/>
</pin_list>
<bind>
<opset="c_offset_read "/>
</bind>
</comp>

<comp id="283" class="1005" name="icmp_ln23_reg_283">
<pin_list>
<pin id="284" dir="0" index="0" bw="1" slack="1"/>
<pin id="285" dir="1" index="1" bw="1" slack="2147483647"/>
</pin_list>
<bind>
<opset="icmp_ln23 "/>
</bind>
</comp>

<comp id="287" class="1005" name="trunc_ln24_reg_287">
<pin_list>
<pin id="288" dir="0" index="0" bw="3" slack="2"/>
<pin id="289" dir="1" index="1" bw="3" slack="2"/>
</pin_list>
<bind>
<opset="trunc_ln24 "/>
</bind>
</comp>

<comp id="292" class="1005" name="a_addr_reg_292">
<pin_list>
<pin id="293" dir="0" index="0" bw="4" slack="1"/>
<pin id="294" dir="1" index="1" bw="4" slack="1"/>
</pin_list>
<bind>
<opset="a_addr "/>
</bind>
</comp>

<comp id="297" class="1005" name="b_addr_reg_297">
<pin_list>
<pin id="298" dir="0" index="0" bw="4" slack="1"/>
<pin id="299" dir="1" index="1" bw="4" slack="1"/>
</pin_list>
<bind>
<opset="b_addr "/>
</bind>
</comp>

<comp id="302" class="1005" name="a_load_reg_302">
<pin_list>
<pin id="303" dir="0" index="0" bw="64" slack="1"/>
<pin id="304" dir="1" index="1" bw="64" slack="1"/>
</pin_list>
<bind>
<opset="a_load "/>
</bind>
</comp>

<comp id="307" class="1005" name="tempReg_reg_307">
<pin_list>
<pin id="308" dir="0" index="0" bw="64" slack="1"/>
<pin id="309" dir="1" index="1" bw="64" slack="1"/>
</pin_list>
<bind>
<opset="tempReg "/>
</bind>
</comp>

<comp id="316" class="1005" name="b_load_reg_316">
<pin_list>
<pin id="317" dir="0" index="0" bw="64" slack="1"/>
<pin id="318" dir="1" index="1" bw="64" slack="1"/>
</pin_list>
<bind>
<opset="b_load "/>
</bind>
</comp>

<comp id="322" class="1005" name="tmp_217_reg_322">
<pin_list>
<pin id="323" dir="0" index="0" bw="1" slack="1"/>
<pin id="324" dir="1" index="1" bw="1" slack="1"/>
</pin_list>
<bind>
<opset="tmp_217 "/>
</bind>
</comp>

</comp_list>

<net_list>
<net id="57"><net_src comp="12" pin="0"/><net_sink comp="54" pin=0"/></net>

<net id="62"><net_src comp="14" pin="0"/><net_sink comp="58" pin=0"/></net>

<net id="63"><net_src comp="8" pin="0"/><net_sink comp="58" pin=1"/></net>

<net id="68"><net_src comp="14" pin="0"/><net_sink comp="64" pin=0"/></net>

<net id="69"><net_src comp="4" pin="0"/><net_sink comp="64" pin=1"/></net>

<net id="74"><net_src comp="14" pin="0"/><net_sink comp="70" pin=0"/></net>

<net id="75"><net_src comp="0" pin="0"/><net_sink comp="70" pin=1"/></net>

<net id="81"><net_src comp="2" pin="0"/><net_sink comp="76" pin=0"/></net>

<net id="82"><net_src comp="24" pin="0"/><net_sink comp="76" pin=1"/></net>

<net id="88"><net_src comp="6" pin="0"/><net_sink comp="83" pin=0"/></net>

<net id="89"><net_src comp="24" pin="0"/><net_sink comp="83" pin=1"/></net>

<net id="95"><net_src comp="76" pin="3"/><net_sink comp="90" pin=0"/></net>

<net id="101"><net_src comp="83" pin="3"/><net_sink comp="96" pin=0"/></net>

<net id="107"><net_src comp="10" pin="0"/><net_sink comp="102" pin=0"/></net>

<net id="108"><net_src comp="24" pin="0"/><net_sink comp="102" pin=1"/></net>

<net id="114"><net_src comp="102" pin="3"/><net_sink comp="109" pin=0"/></net>

<net id="118"><net_src comp="26" pin="0"/><net_sink comp="115" pin=0"/></net>

<net id="125"><net_src comp="115" pin="1"/><net_sink comp="119" pin=0"/></net>

<net id="130"><net_src comp="16" pin="0"/><net_sink comp="126" pin=0"/></net>

<net id="138"><net_src comp="131" pin="1"/><net_sink comp="134" pin=0"/></net>

<net id="139"><net_src comp="18" pin="0"/><net_sink comp="134" pin=1"/></net>

<net id="144"><net_src comp="131" pin="1"/><net_sink comp="140" pin=0"/></net>

<net id="145"><net_src comp="20" pin="0"/><net_sink comp="140" pin=1"/></net>

<net id="149"><net_src comp="131" pin="1"/><net_sink comp="146" pin=0"/></net>

<net id="155"><net_src comp="22" pin="0"/><net_sink comp="150" pin=0"/></net>

<net id="156"><net_src comp="70" pin="2"/><net_sink comp="150" pin=1"/></net>

<net id="157"><net_src comp="146" pin="1"/><net_sink comp="150" pin=2"/></net>

<net id="161"><net_src comp="150" pin="3"/><net_sink comp="158" pin=0"/></net>

<net id="162"><net_src comp="158" pin="1"/><net_sink comp="76" pin=2"/></net>

<net id="168"><net_src comp="22" pin="0"/><net_sink comp="163" pin=0"/></net>

<net id="169"><net_src comp="64" pin="2"/><net_sink comp="163" pin=1"/></net>

<net id="170"><net_src comp="146" pin="1"/><net_sink comp="163" pin=2"/></net>

<net id="174"><net_src comp="163" pin="3"/><net_sink comp="171" pin=0"/></net>

<net id="175"><net_src comp="171" pin="1"/><net_sink comp="83" pin=2"/></net>

<net id="180"><net_src comp="140" pin="2"/><net_sink comp="176" pin=0"/></net>

<net id="184"><net_src comp="119" pin="4"/><net_sink comp="181" pin=0"/></net>

<net id="189"><net_src comp="90" pin="3"/><net_sink comp="185" pin=0"/></net>

<net id="190"><net_src comp="181" pin="1"/><net_sink comp="185" pin=1"/></net>

<net id="196"><net_src comp="22" pin="0"/><net_sink comp="191" pin=0"/></net>

<net id="200"><net_src comp="191" pin="3"/><net_sink comp="197" pin=0"/></net>

<net id="201"><net_src comp="197" pin="1"/><net_sink comp="102" pin=2"/></net>

<net id="206"><net_src comp="202" pin="2"/><net_sink comp="109" pin=1"/></net>

<net id="211"><net_src comp="202" pin="2"/><net_sink comp="207" pin=0"/></net>

<net id="220"><net_src comp="207" pin="2"/><net_sink comp="216" pin=0"/></net>

<net id="221"><net_src comp="212" pin="2"/><net_sink comp="216" pin=1"/></net>

<net id="227"><net_src comp="42" pin="0"/><net_sink comp="222" pin=0"/></net>

<net id="228"><net_src comp="44" pin="0"/><net_sink comp="222" pin=2"/></net>

<net id="233"><net_src comp="222" pin="3"/><net_sink comp="229" pin=0"/></net>

<net id="234"><net_src comp="46" pin="0"/><net_sink comp="229" pin=1"/></net>

<net id="243"><net_src comp="48" pin="0"/><net_sink comp="238" pin=0"/></net>

<net id="244"><net_src comp="229" pin="2"/><net_sink comp="238" pin=1"/></net>

<net id="245"><net_src comp="235" pin="1"/><net_sink comp="238" pin=2"/></net>

<net id="250"><net_src comp="238" pin="3"/><net_sink comp="246" pin=1"/></net>

<net id="255"><net_src comp="216" pin="2"/><net_sink comp="251" pin=0"/></net>

<net id="256"><net_src comp="202" pin="2"/><net_sink comp="251" pin=1"/></net>

<net id="261"><net_src comp="251" pin="2"/><net_sink comp="257" pin=0"/></net>

<net id="262"><net_src comp="246" pin="2"/><net_sink comp="257" pin=1"/></net>

<net id="268"><net_src comp="50" pin="0"/><net_sink comp="263" pin=0"/></net>

<net id="269"><net_src comp="257" pin="2"/><net_sink comp="263" pin=1"/></net>

<net id="270"><net_src comp="52" pin="0"/><net_sink comp="263" pin=2"/></net>

<net id="274"><net_src comp="54" pin="1"/><net_sink comp="271" pin=0"/></net>

<net id="275"><net_src comp="271" pin="1"/><net_sink comp="126" pin=1"/></net>

<net id="276"><net_src comp="271" pin="1"/><net_sink comp="131" pin=0"/></net>

<net id="277"><net_src comp="271" pin="1"/><net_sink comp="176" pin=1"/></net>

<net id="281"><net_src comp="58" pin="2"/><net_sink comp="278" pin=0"/></net>

<net id="282"><net_src comp="278" pin="1"/><net_sink comp="191" pin=1"/></net>

<net id="286"><net_src comp="134" pin="2"/><net_sink comp="283" pin=0"/></net>

<net id="290"><net_src comp="146" pin="1"/><net_sink comp="287" pin=0"/></net>

<net id="291"><net_src comp="287" pin="1"/><net_sink comp="191" pin=2"/></net>

<net id="295"><net_src comp="76" pin="3"/><net_sink comp="292" pin=0"/></net>

<net id="296"><net_src comp="292" pin="1"/><net_sink comp="90" pin=0"/></net>

<net id="300"><net_src comp="83" pin="3"/><net_sink comp="297" pin=0"/></net>

<net id="301"><net_src comp="297" pin="1"/><net_sink comp="96" pin=0"/></net>

<net id="305"><net_src comp="90" pin="3"/><net_sink comp="302" pin=0"/></net>

<net id="306"><net_src comp="302" pin="1"/><net_sink comp="246" pin=0"/></net>

<net id="310"><net_src comp="185" pin="2"/><net_sink comp="307" pin=0"/></net>

<net id="311"><net_src comp="307" pin="1"/><net_sink comp="202" pin=1"/></net>

<net id="312"><net_src comp="307" pin="1"/><net_sink comp="207" pin=1"/></net>

<net id="313"><net_src comp="307" pin="1"/><net_sink comp="212" pin=1"/></net>

<net id="314"><net_src comp="307" pin="1"/><net_sink comp="222" pin=1"/></net>

<net id="315"><net_src comp="307" pin="1"/><net_sink comp="235" pin=0"/></net>

<net id="319"><net_src comp="96" pin="3"/><net_sink comp="316" pin=0"/></net>

<net id="320"><net_src comp="316" pin="1"/><net_sink comp="202" pin=0"/></net>

<net id="321"><net_src comp="316" pin="1"/><net_sink comp="212" pin=0"/></net>

<net id="325"><net_src comp="263" pin="3"/><net_sink comp="322" pin=0"/></net>

<net id="326"><net_src comp="322" pin="1"/><net_sink comp="119" pin=2"/></net>

</net_list>

</model> 
---------------- Datapath Model END ------------------

* FSMD analyzer results:
  - Output states:
	Port: a | {}
	Port: b | {}
	Port: c | {3 }
 - Input state : 
	Port: fpadd503.15181_Pipeline_VITIS_LOOP_23_1 : a_offset1 | {1 }
	Port: fpadd503.15181_Pipeline_VITIS_LOOP_23_1 : a | {1 2 }
	Port: fpadd503.15181_Pipeline_VITIS_LOOP_23_1 : b_offset2 | {1 }
	Port: fpadd503.15181_Pipeline_VITIS_LOOP_23_1 : b | {1 2 }
	Port: fpadd503.15181_Pipeline_VITIS_LOOP_23_1 : c_offset | {1 }
	Port: fpadd503.15181_Pipeline_VITIS_LOOP_23_1 : c | {}
  - Chain level:
	State 1
		store_ln20 : 1
		i_224 : 1
		icmp_ln23 : 2
		add_ln23 : 2
		br_ln23 : 3
		trunc_ln24 : 2
		tmp : 3
		zext_ln24 : 4
		a_addr : 5
		tmp_s : 3
		zext_ln24_26 : 4
		b_addr : 5
		a_load : 6
		b_load : 6
		store_ln20 : 3
	State 2
		zext_ln24_28 : 1
		tempReg : 2
	State 3
		zext_ln24_27 : 1
		c_addr : 2
		store_ln24 : 3
		xor_ln24 : 1
		or_ln24 : 1
		xor_ln24_41 : 1
		xor_ln24_s : 1
		and_ln24 : 2
		xor_ln24_42 : 1
		or_ln24_14 : 2
		tmp_217 : 2


============================================================
+ Verbose Summary: Datapath Resource usage 
============================================================

* Functional unit list:
|----------|---------------------------|---------|---------|
| Operation|      Functional Unit      |    FF   |   LUT   |
|----------|---------------------------|---------|---------|
|          |      xor_ln24_fu_207      |    0    |    64   |
|    xor   |     xor_ln24_40_fu_212    |    0    |    64   |
|          |     xor_ln24_41_fu_229    |    0    |    2    |
|          |     xor_ln24_42_fu_251    |    0    |    64   |
|----------|---------------------------|---------|---------|
|          |      add_ln23_fu_140      |    0    |    13   |
|    add   |       tempReg_fu_185      |    0    |    71   |
|          |      add_ln24_fu_202      |    0    |    71   |
|----------|---------------------------|---------|---------|
|    or    |       or_ln24_fu_216      |    0    |    64   |
|          |     or_ln24_14_fu_257     |    0    |    64   |
|----------|---------------------------|---------|---------|
|    and   |      and_ln24_fu_246      |    0    |    64   |
|----------|---------------------------|---------|---------|
|   icmp   |      icmp_ln23_fu_134     |    0    |    13   |
|----------|---------------------------|---------|---------|
|          |  c_offset_read_read_fu_58 |    0    |    0    |
|   read   | b_offset2_read_read_fu_64 |    0    |    0    |
|          | a_offset1_read_read_fu_70 |    0    |    0    |
|----------|---------------------------|---------|---------|
|   trunc  |     trunc_ln24_fu_146     |    0    |    0    |
|          |    trunc_ln24_12_fu_235   |    0    |    0    |
|----------|---------------------------|---------|---------|
|          |         tmp_fu_150        |    0    |    0    |
|bitconcatenate|        tmp_s_fu_163       |    0    |    0    |
|          |       tmp_521_fu_191      |    0    |    0    |
|          |     xor_ln24_s_fu_238     |    0    |    0    |
|----------|---------------------------|---------|---------|
|          |      zext_ln24_fu_158     |    0    |    0    |
|   zext   |    zext_ln24_26_fu_171    |    0    |    0    |
|          |    zext_ln24_28_fu_181    |    0    |    0    |
|          |    zext_ln24_27_fu_197    |    0    |    0    |
|----------|---------------------------|---------|---------|
| bitselect|       bit_sel_fu_222      |    0    |    0    |
|          |       tmp_217_fu_263      |    0    |    0    |
|----------|---------------------------|---------|---------|
|   Total  |                           |    0    |   554   |
|----------|---------------------------|---------|---------|

Memories:
N/A

* Register list:
+---------------------+--------+
|                     |   FF   |
+---------------------+--------+
|    a_addr_reg_292   |    4   |
|    a_load_reg_302   |   64   |
|    b_addr_reg_297   |    4   |
|    b_load_reg_316   |   64   |
|c_offset_read_reg_278|    1   |
|    carry_reg_115    |    1   |
|      i_reg_271      |    4   |
|  icmp_ln23_reg_283  |    1   |
|   tempReg_reg_307   |   64   |
|   tmp_217_reg_322   |    1   |
|  trunc_ln24_reg_287 |    3   |
+---------------------+--------+
|        Total        |   211  |
+---------------------+--------+

* Multiplexer (MUX) list: 
|------------------|------|------|------|--------||---------||---------||---------|
|       Comp       |  Pin | Size |  BW  | S x BW ||  Delay  ||    FF   ||   LUT   |
|------------------|------|------|------|--------||---------||---------||---------|
| grp_access_fu_90 |  p0  |   2  |   4  |    8   ||    0    ||    9    |
| grp_access_fu_96 |  p0  |   2  |   4  |    8   ||    0    ||    9    |
|------------------|------|------|------|--------||---------||---------||---------|
|       Total      |      |      |      |   16   ||  3.176  ||    0    ||    18   |
|------------------|------|------|------|--------||---------||---------||---------|



* Summary:
+-----------+--------+--------+--------+
|           |  Delay |   FF   |   LUT  |
+-----------+--------+--------+--------+
|  Function |    -   |    0   |   554  |
|   Memory  |    -   |    -   |    -   |
|Multiplexer|    3   |    0   |   18   |
|  Register |    -   |   211  |    -   |
+-----------+--------+--------+--------+
|   Total   |    3   |   211  |   572  |
+-----------+--------+--------+--------+
