

================================================================
== Vitis HLS Report for 'fpadd503_147_Pipeline_VITIS_LOOP_28_2'
================================================================
* Date:           Tue May 20 14:30:27 2025

* Version:        2024.2.2 (Build 6049644 on Mar  5 2025)
* Project:        sikep503_hls
* Solution:       solution1 (Vivado IP Flow Target)
* Product family: zynq
* Target device:  xc7z020-clg484-1


================================================================
== Performance Estimates
================================================================
+ Timing: 
    * Summary: 
    +--------+----------+----------+------------+
    |  Clock |  Target  | Estimated| Uncertainty|
    +--------+----------+----------+------------+
    |ap_clk  |  10.00 ns|  6.774 ns|     2.70 ns|
    +--------+----------+----------+------------+

+ Latency: 
    * Summary: 
    +---------+---------+----------+----------+-----+-----+------------------------------------------------+
    |  Latency (cycles) |  Latency (absolute) |  Interval |                    Pipeline                    |
    |   min   |   max   |    min   |    max   | min | max |                      Type                      |
    +---------+---------+----------+----------+-----+-----+------------------------------------------------+
    |       11|       11|  0.110 us|  0.110 us|    9|    9|  loop auto-rewind stp (delay=0 clock cycles(s))|
    +---------+---------+----------+----------+-----+-----+------------------------------------------------+

    + Detail: 
        * Instance: 
        N/A

        * Loop: 
        +-------------------+---------+---------+----------+-----------+-----------+------+----------+
        |                   |  Latency (cycles) | Iteration|  Initiation Interval  | Trip |          |
        |     Loop Name     |   min   |   max   |  Latency |  achieved |   target  | Count| Pipelined|
        +-------------------+---------+---------+----------+-----------+-----------+------+----------+
        |- VITIS_LOOP_28_2  |        9|        9|         3|          1|          1|     8|       yes|
        +-------------------+---------+---------+----------+-----------+-----------+------+----------+

============================================================
+ Verbose Summary: Synthesis Manager
============================================================
InlineROM: 1
ExposeGlobal: 0
============================================================
+ Verbose Summary: CDFG Model
============================================================
IsTopModel: 0
ResetActiveHigh: 1
IsCombinational: 0
IsDatapathOnly: 0
HasWiredReturn: 1
HasMFsm: 2
HasVarLatency: 1
IsPipeline: 0
IsRtlPipelined: 0
IsInstanceOverlapped: 0
IsDontTouch: 0
HasImplIP: 0
IsGatedGlobalClock: 0

+ Individual pipeline summary: 
  * Pipeline-0: initiation interval (II) = 1, depth = 3


============================================================
+ Verbose Summary: Schedule
============================================================
* Number of FSM states : 3
* Pipeline : 1
  Pipeline-0 : II = 1, D = 3, States = { 1 2 3 }
* Dataflow Pipeline: 0

* FSM state transitions: 
1 --> 2 
2 --> 3 
3 --> 

* FSM state operations: 

State 1 <SV = 0> <Delay = 4.91>
ST_1 : Operation 6 [1/1] (0.00ns)   --->   "%i_153 = alloca i32 1" [src/generic/fp_generic.c:20]   --->   Operation 6 'alloca' 'i_153' <Predicate = true> <Delay = 0.00>
ST_1 : Operation 7 [1/1] (0.00ns)   --->   "%c_offset1_read = read i1 @_ssdm_op_Read.ap_auto.i1, i1 %c_offset1"   --->   Operation 7 'read' 'c_offset1_read' <Predicate = true> <Delay = 0.00>
ST_1 : Operation 8 [1/1] (1.58ns)   --->   "%store_ln20 = store i4 0, i4 %i_153" [src/generic/fp_generic.c:20]   --->   Operation 8 'store' 'store_ln20' <Predicate = true> <Delay = 1.58>
ST_1 : Operation 9 [1/1] (1.58ns)   --->   "%br_ln0 = br void %for.inc29"   --->   Operation 9 'br' 'br_ln0' <Predicate = true> <Delay = 1.58>
ST_1 : Operation 10 [1/1] (0.00ns)   --->   "%i = load i4 %i_153" [src/generic/fp_generic.c:29]   --->   Operation 10 'load' 'i' <Predicate = true> <Delay = 0.00>
ST_1 : Operation 11 [1/1] (1.73ns)   --->   "%icmp_ln28 = icmp_eq  i4 %i, i4 8" [src/generic/fp_generic.c:28]   --->   Operation 11 'icmp' 'icmp_ln28' <Predicate = true> <Delay = 1.73> <CoreInst = "Cmp">   --->   Core 9 'Cmp' <Latency = 0> <II = 1> <Delay = 1.73> <FuncUnit> <Opcode : 'seteq' 'setne' 'setle' 'setge' 'setlt' 'setgt'> <InPorts = 2> <OutPorts = 1>
ST_1 : Operation 12 [1/1] (1.73ns)   --->   "%add_ln28 = add i4 %i, i4 1" [src/generic/fp_generic.c:28]   --->   Operation 12 'add' 'add_ln28' <Predicate = true> <Delay = 1.73> <CoreInst = "Adder">   --->   Core 1 'Adder' <Latency = 0> <II = 1> <Delay = 1.73> <FuncUnit> <Opcode : 'add' 'sub'> <InPorts = 2> <OutPorts = 1>
ST_1 : Operation 13 [1/1] (0.00ns)   --->   "%trunc_ln29 = trunc i4 %i" [src/generic/fp_generic.c:29]   --->   Operation 13 'trunc' 'trunc_ln29' <Predicate = (!icmp_ln28)> <Delay = 0.00>
ST_1 : Operation 14 [1/1] (0.00ns)   --->   "%zext_ln29_32 = zext i3 %trunc_ln29" [src/generic/fp_generic.c:29]   --->   Operation 14 'zext' 'zext_ln29_32' <Predicate = (!icmp_ln28)> <Delay = 0.00>
ST_1 : Operation 15 [1/1] (0.00ns)   --->   "%tmp_s = bitconcatenate i4 @_ssdm_op_BitConcatenate.i4.i1.i3, i1 %c_offset1_read, i3 %trunc_ln29" [src/generic/fp_generic.c:29]   --->   Operation 15 'bitconcatenate' 'tmp_s' <Predicate = (!icmp_ln28)> <Delay = 0.00>
ST_1 : Operation 16 [1/1] (0.00ns)   --->   "%zext_ln29_33 = zext i4 %tmp_s" [src/generic/fp_generic.c:29]   --->   Operation 16 'zext' 'zext_ln29_33' <Predicate = (!icmp_ln28)> <Delay = 0.00>
ST_1 : Operation 17 [1/1] (0.00ns)   --->   "%c_addr = getelementptr i64 %c, i32 0, i32 %zext_ln29_33" [src/generic/fp_generic.c:29]   --->   Operation 17 'getelementptr' 'c_addr' <Predicate = (!icmp_ln28)> <Delay = 0.00>
ST_1 : Operation 18 [2/2] (3.25ns)   --->   "%c_load = load i4 %c_addr" [src/generic/fp_generic.c:29]   --->   Operation 18 'load' 'c_load' <Predicate = (!icmp_ln28)> <Delay = 3.25> <CoreInst = "RAM">   --->   Core 81 'RAM' <Latency = 1> <II = 1> <Delay = 3.25> <Storage> <Opcode : 'load' 'store'> <Ports = 2> <Width = 64> <Depth = 16> <RAM>
ST_1 : Operation 19 [1/1] (0.00ns)   --->   "%p503x2_1_addr = getelementptr i64 %p503x2_1, i32 0, i32 %zext_ln29_32" [src/generic/fp_generic.c:29]   --->   Operation 19 'getelementptr' 'p503x2_1_addr' <Predicate = (!icmp_ln28)> <Delay = 0.00>
ST_1 : Operation 20 [2/2] (2.32ns)   --->   "%p503x2_1_load = load i3 %p503x2_1_addr" [src/generic/fp_generic.c:29]   --->   Operation 20 'load' 'p503x2_1_load' <Predicate = (!icmp_ln28)> <Delay = 2.32> <CoreInst = "ROM">   --->   Core 94 'ROM' <Latency = 1> <II = 1> <Delay = 2.32> <Storage> <Opcode : 'load'> <Ports = 0> <Width = 64> <Depth = 8> <ROM>
ST_1 : Operation 21 [1/1] (1.58ns)   --->   "%store_ln20 = store i4 %add_ln28, i4 %i_153" [src/generic/fp_generic.c:20]   --->   Operation 21 'store' 'store_ln20' <Predicate = (!icmp_ln28)> <Delay = 1.58>

State 2 <SV = 1> <Delay = 6.77>
ST_2 : Operation 22 [1/1] (0.00ns)   --->   "%carry = phi i1 %borrowReg, void %for.inc29.split, i1 0, void %newFuncRoot"   --->   Operation 22 'phi' 'carry' <Predicate = true> <Delay = 0.00>
ST_2 : Operation 23 [1/1] (0.00ns)   --->   "%br_ln28 = br i1 %icmp_ln28, void %for.inc29.split, void %for.end31.exitStub" [src/generic/fp_generic.c:28]   --->   Operation 23 'br' 'br_ln28' <Predicate = true> <Delay = 0.00>
ST_2 : Operation 24 [1/2] ( I:3.25ns O:3.25ns )   --->   "%c_load = load i4 %c_addr" [src/generic/fp_generic.c:29]   --->   Operation 24 'load' 'c_load' <Predicate = (!icmp_ln28)> <Delay = 3.25> <CoreInst = "RAM">   --->   Core 81 'RAM' <Latency = 1> <II = 1> <Delay = 3.25> <Storage> <Opcode : 'load' 'store'> <Ports = 2> <Width = 64> <Depth = 16> <RAM>
ST_2 : Operation 25 [1/2] ( I:2.32ns O:2.32ns )   --->   "%p503x2_1_load = load i3 %p503x2_1_addr" [src/generic/fp_generic.c:29]   --->   Operation 25 'load' 'p503x2_1_load' <Predicate = (!icmp_ln28)> <Delay = 2.32> <CoreInst = "ROM">   --->   Core 94 'ROM' <Latency = 1> <II = 1> <Delay = 2.32> <Storage> <Opcode : 'load'> <Ports = 0> <Width = 64> <Depth = 8> <ROM>
ST_2 : Operation 26 [1/1] (3.52ns)   --->   "%tempReg = sub i64 %c_load, i64 %p503x2_1_load" [src/generic/fp_generic.c:29]   --->   Operation 26 'sub' 'tempReg' <Predicate = (!icmp_ln28)> <Delay = 3.52> <CoreInst = "Adder">   --->   Core 1 'Adder' <Latency = 0> <II = 1> <Delay = 3.52> <FuncUnit> <Opcode : 'add' 'sub'> <InPorts = 2> <OutPorts = 1>
ST_2 : Operation 45 [1/1] (0.00ns)   --->   "%write_ln29 = write void @_ssdm_op_Write.ap_auto.i1P0A, i1 %carry_211_out, i1 %carry" [src/generic/fp_generic.c:29]   --->   Operation 45 'write' 'write_ln29' <Predicate = (icmp_ln28)> <Delay = 0.00>
ST_2 : Operation 46 [1/1] (1.58ns)   --->   "%ret_ln0 = ret"   --->   Operation 46 'ret' 'ret_ln0' <Predicate = (icmp_ln28)> <Delay = 1.58>

State 3 <SV = 2> <Delay = 6.77>
ST_3 : Operation 27 [1/1] (0.00ns)   --->   "%specpipeline_ln20 = specpipeline void @_ssdm_op_SpecPipeline, i32 4294967295, i32 0, i32 0, i32 0, void @empty_44" [src/generic/fp_generic.c:20]   --->   Operation 27 'specpipeline' 'specpipeline_ln20' <Predicate = (!icmp_ln28)> <Delay = 0.00>
ST_3 : Operation 28 [1/1] (0.00ns)   --->   "%speclooptripcount_ln20 = speclooptripcount void @_ssdm_op_SpecLoopTripCount, i64 8, i64 8, i64 8" [src/generic/fp_generic.c:20]   --->   Operation 28 'speclooptripcount' 'speclooptripcount_ln20' <Predicate = (!icmp_ln28)> <Delay = 0.00>
ST_3 : Operation 29 [1/1] (0.00ns)   --->   "%specloopname_ln28 = specloopname void @_ssdm_op_SpecLoopName, void @empty_27" [src/generic/fp_generic.c:28]   --->   Operation 29 'specloopname' 'specloopname_ln28' <Predicate = (!icmp_ln28)> <Delay = 0.00>
ST_3 : Operation 30 [1/1] (0.00ns) (grouped into LUT with out node tmp)   --->   "%xor_ln105 = xor i64 %p503x2_1_load, i64 %c_load" [src/config.h:105->src/generic/fp_generic.c:29]   --->   Operation 30 'xor' 'xor_ln105' <Predicate = (!icmp_ln28)> <Delay = 0.00> <CoreInst = "LogicGate">   --->   Core 74 'LogicGate' <Latency = 0> <II = 1> <Delay = 0.99> <FuncUnit> <Opcode : 'and' 'or' 'xor'> <InPorts = 2> <OutPorts = 1>
ST_3 : Operation 31 [1/1] (0.00ns) (grouped into LUT with out node tmp)   --->   "%xor_ln105_116 = xor i64 %p503x2_1_load, i64 %tempReg" [src/config.h:105->src/generic/fp_generic.c:29]   --->   Operation 31 'xor' 'xor_ln105_116' <Predicate = (!icmp_ln28)> <Delay = 0.00> <CoreInst = "LogicGate">   --->   Core 74 'LogicGate' <Latency = 0> <II = 1> <Delay = 0.99> <FuncUnit> <Opcode : 'and' 'or' 'xor'> <InPorts = 2> <OutPorts = 1>
ST_3 : Operation 32 [1/1] (0.00ns) (grouped into LUT with out node tmp)   --->   "%or_ln105 = or i64 %xor_ln105_116, i64 %xor_ln105" [src/config.h:105->src/generic/fp_generic.c:29]   --->   Operation 32 'or' 'or_ln105' <Predicate = (!icmp_ln28)> <Delay = 0.00> <CoreInst = "LogicGate">   --->   Core 74 'LogicGate' <Latency = 0> <II = 1> <Delay = 0.99> <FuncUnit> <Opcode : 'and' 'or' 'xor'> <InPorts = 2> <OutPorts = 1>
ST_3 : Operation 33 [1/1] (0.00ns) (grouped into LUT with out node tmp)   --->   "%xor_ln105_117 = xor i64 %c_load, i64 %or_ln105" [src/config.h:105->src/generic/fp_generic.c:29]   --->   Operation 33 'xor' 'xor_ln105_117' <Predicate = (!icmp_ln28)> <Delay = 0.00> <CoreInst = "LogicGate">   --->   Core 74 'LogicGate' <Latency = 0> <II = 1> <Delay = 0.99> <FuncUnit> <Opcode : 'and' 'or' 'xor'> <InPorts = 2> <OutPorts = 1>
ST_3 : Operation 34 [1/1] (0.99ns) (out node of the LUT)   --->   "%tmp = bitselect i1 @_ssdm_op_BitSelect.i1.i64.i32, i64 %xor_ln105_117, i32 63" [src/config.h:98->src/generic/fp_generic.c:29]   --->   Operation 34 'bitselect' 'tmp' <Predicate = (!icmp_ln28)> <Delay = 0.99>
ST_3 : Operation 35 [1/1] (3.52ns)   --->   "%sub_ln95 = sub i64 0, i64 %tempReg" [src/config.h:95->src/config.h:100->src/generic/fp_generic.c:29]   --->   Operation 35 'sub' 'sub_ln95' <Predicate = (!icmp_ln28)> <Delay = 3.52> <CoreInst = "Adder">   --->   Core 1 'Adder' <Latency = 0> <II = 1> <Delay = 3.52> <FuncUnit> <Opcode : 'add' 'sub'> <InPorts = 2> <OutPorts = 1>
ST_3 : Operation 36 [1/1] (0.00ns) (grouped into LUT with out node borrowReg)   --->   "%or_ln95 = or i64 %tempReg, i64 %sub_ln95" [src/config.h:95->src/config.h:100->src/generic/fp_generic.c:29]   --->   Operation 36 'or' 'or_ln95' <Predicate = (!icmp_ln28)> <Delay = 0.00> <CoreInst = "LogicGate">   --->   Core 74 'LogicGate' <Latency = 0> <II = 1> <Delay = 0.99> <FuncUnit> <Opcode : 'and' 'or' 'xor'> <InPorts = 2> <OutPorts = 1>
ST_3 : Operation 37 [1/1] (0.00ns) (grouped into LUT with out node borrowReg)   --->   "%tmp_229 = bitselect i1 @_ssdm_op_BitSelect.i1.i64.i32, i64 %or_ln95, i32 63" [src/generic/fp_generic.c:29]   --->   Operation 37 'bitselect' 'tmp_229' <Predicate = (!icmp_ln28)> <Delay = 0.00>
ST_3 : Operation 38 [1/1] (0.00ns) (grouped into LUT with out node borrowReg)   --->   "%xor_ln29 = xor i1 %tmp_229, i1 1" [src/generic/fp_generic.c:29]   --->   Operation 38 'xor' 'xor_ln29' <Predicate = (!icmp_ln28)> <Delay = 0.00> <CoreInst = "LogicGate">   --->   Core 74 'LogicGate' <Latency = 0> <II = 1> <Delay = 0.97> <FuncUnit> <Opcode : 'and' 'or' 'xor'> <InPorts = 2> <OutPorts = 1>
ST_3 : Operation 39 [1/1] (0.00ns) (grouped into LUT with out node borrowReg)   --->   "%and_ln29 = and i1 %carry, i1 %xor_ln29" [src/generic/fp_generic.c:29]   --->   Operation 39 'and' 'and_ln29' <Predicate = (!icmp_ln28)> <Delay = 0.00> <CoreInst = "LogicGate">   --->   Core 74 'LogicGate' <Latency = 0> <II = 1> <Delay = 0.97> <FuncUnit> <Opcode : 'and' 'or' 'xor'> <InPorts = 2> <OutPorts = 1>
ST_3 : Operation 40 [1/1] (0.99ns) (out node of the LUT)   --->   "%borrowReg = or i1 %and_ln29, i1 %tmp" [src/generic/fp_generic.c:29]   --->   Operation 40 'or' 'borrowReg' <Predicate = (!icmp_ln28)> <Delay = 0.99> <CoreInst = "LogicGate">   --->   Core 74 'LogicGate' <Latency = 0> <II = 1> <Delay = 0.97> <FuncUnit> <Opcode : 'and' 'or' 'xor'> <InPorts = 2> <OutPorts = 1>
ST_3 : Operation 41 [1/1] (0.00ns)   --->   "%zext_ln29 = zext i1 %carry" [src/generic/fp_generic.c:29]   --->   Operation 41 'zext' 'zext_ln29' <Predicate = (!icmp_ln28)> <Delay = 0.00>
ST_3 : Operation 42 [1/1] (3.52ns)   --->   "%sub_ln29 = sub i64 %tempReg, i64 %zext_ln29" [src/generic/fp_generic.c:29]   --->   Operation 42 'sub' 'sub_ln29' <Predicate = (!icmp_ln28)> <Delay = 3.52> <CoreInst = "Adder">   --->   Core 1 'Adder' <Latency = 0> <II = 1> <Delay = 3.52> <FuncUnit> <Opcode : 'add' 'sub'> <InPorts = 2> <OutPorts = 1>
ST_3 : Operation 43 [1/1] ( I:3.25ns O:3.25ns )   --->   "%store_ln29 = store i64 %sub_ln29, i4 %c_addr" [src/generic/fp_generic.c:29]   --->   Operation 43 'store' 'store_ln29' <Predicate = (!icmp_ln28)> <Delay = 3.25> <CoreInst = "RAM">   --->   Core 81 'RAM' <Latency = 1> <II = 1> <Delay = 3.25> <Storage> <Opcode : 'load' 'store'> <Ports = 2> <Width = 64> <Depth = 16> <RAM>
ST_3 : Operation 44 [1/1] (0.00ns)   --->   "%br_ln28 = br void %for.inc29" [src/generic/fp_generic.c:28]   --->   Operation 44 'br' 'br_ln28' <Predicate = (!icmp_ln28)> <Delay = 0.00>


============================================================
+ Verbose Summary: Binding
============================================================
STG Binding: 
---------------- STG Properties BEGIN ----------------
- Is combinational: 0
- Is one-state seq: 0
- Is datapath-only: 0
- Is pipelined: 0
- Is top level: 0
Port [ Return ] is wired: 1; IO mode=ap_ctrl_hs:ce=0
Port [ c_offset1]:  wired=1; compound=0; hidden=0; nouse=0; global=0; static=0; extern=0; dir=0; type=0; pingpong=0; private_global=0; IO mode=ap_none:ce=0
Port [ c]:  wired=1; compound=1; hidden=0; nouse=0; global=0; static=0; extern=0; dir=2; type=1; pingpong=0; private_global=0; MemPort=[01]; IO mode=ap_memory:ce=0
Port [ carry_211_out]:  wired=1; compound=0; hidden=0; nouse=0; global=0; static=0; extern=0; dir=1; type=0; pingpong=0; private_global=0; IO mode=ap_vld:ce=0
Port [ p503x2_1]:  wired=0; compound=1; hidden=1; nouse=0; global=1; static=1; extern=0; dir=0; type=1; pingpong=0; private_global=0; MemPort=[1]; IO mode=ap_memory:ce=0
---------------- STG Properties END ------------------

---------------- Datapath Model BEGIN ----------------

<LifeTime>
<method=bitvector/>
i_153                  (alloca           ) [ 0100]
c_offset1_read         (read             ) [ 0000]
store_ln20             (store            ) [ 0000]
br_ln0                 (br               ) [ 0111]
i                      (load             ) [ 0000]
icmp_ln28              (icmp             ) [ 0111]
add_ln28               (add              ) [ 0000]
trunc_ln29             (trunc            ) [ 0000]
zext_ln29_32           (zext             ) [ 0000]
tmp_s                  (bitconcatenate   ) [ 0000]
zext_ln29_33           (zext             ) [ 0000]
c_addr                 (getelementptr    ) [ 0111]
p503x2_1_addr          (getelementptr    ) [ 0110]
store_ln20             (store            ) [ 0000]
carry                  (phi              ) [ 0111]
br_ln28                (br               ) [ 0000]
c_load                 (load             ) [ 0101]
p503x2_1_load          (load             ) [ 0101]
tempReg                (sub              ) [ 0101]
specpipeline_ln20      (specpipeline     ) [ 0000]
speclooptripcount_ln20 (speclooptripcount) [ 0000]
specloopname_ln28      (specloopname     ) [ 0000]
xor_ln105              (xor              ) [ 0000]
xor_ln105_116          (xor              ) [ 0000]
or_ln105               (or               ) [ 0000]
xor_ln105_117          (xor              ) [ 0000]
tmp                    (bitselect        ) [ 0000]
sub_ln95               (sub              ) [ 0000]
or_ln95                (or               ) [ 0000]
tmp_229                (bitselect        ) [ 0000]
xor_ln29               (xor              ) [ 0000]
and_ln29               (and              ) [ 0000]
borrowReg              (or               ) [ 0111]
zext_ln29              (zext             ) [ 0000]
sub_ln29               (sub              ) [ 0000]
store_ln29             (store            ) [ 0000]
br_ln28                (br               ) [ 0111]
write_ln29             (write            ) [ 0000]
ret_ln0                (ret              ) [ 0000]
</LifeTime>

<model>

<comp_list>
<comp id="0" class="1000" name="c_offset1">
<pin_list>
<pin id="1" dir="1" index="0" bw="1" slack="0"/>
</pin_list>
<bind>
<StgValue><ssdm name="c_offset1"/></StgValue>
</bind>
</comp>

<comp id="2" class="1000" name="c">
<pin_list>
<pin id="3" dir="1" index="0" bw="1" slack="0"/>
</pin_list>
<bind>
<StgValue><ssdm name="c"/><MemPortTyVec>0 1 </MemPortTyVec>
</StgValue>
</bind>
</comp>

<comp id="4" class="1000" name="carry_211_out">
<pin_list>
<pin id="5" dir="1" index="0" bw="1" slack="0"/>
</pin_list>
<bind>
<StgValue><ssdm name="carry_211_out"/></StgValue>
</bind>
</comp>

<comp id="6" class="1000" name="p503x2_1">
<pin_list>
<pin id="7" dir="1" index="0" bw="1" slack="0"/>
</pin_list>
<bind>
<StgValue><ssdm name="p503x2_1"/><MemPortTyVec>1 </MemPortTyVec>
</StgValue>
</bind>
</comp>

<comp id="8" class="1001" name="const_8">
<pin_list>
<pin id="9" dir="1" index="0" bw="1" slack="0"/>
</pin_list>
<bind>
<StgValue><ssdm name=""/></StgValue>
</bind>
</comp>

<comp id="10" class="1001" name="const_10">
<pin_list>
<pin id="11" dir="1" index="0" bw="1" slack="0"/>
</pin_list>
<bind>
<StgValue><ssdm name="_ssdm_op_Read.ap_auto.i1"/></StgValue>
</bind>
</comp>

<comp id="12" class="1001" name="const_12">
<pin_list>
<pin id="13" dir="1" index="0" bw="1" slack="0"/>
</pin_list>
<bind>
<StgValue><ssdm name=""/></StgValue>
</bind>
</comp>

<comp id="14" class="1001" name="const_14">
<pin_list>
<pin id="15" dir="1" index="0" bw="1" slack="0"/>
</pin_list>
<bind>
<StgValue><ssdm name=""/></StgValue>
</bind>
</comp>

<comp id="16" class="1001" name="const_16">
<pin_list>
<pin id="17" dir="1" index="0" bw="1" slack="0"/>
</pin_list>
<bind>
<StgValue><ssdm name=""/></StgValue>
</bind>
</comp>

<comp id="18" class="1001" name="const_18">
<pin_list>
<pin id="19" dir="1" index="0" bw="1" slack="0"/>
</pin_list>
<bind>
<StgValue><ssdm name="_ssdm_op_BitConcatenate.i4.i1.i3"/></StgValue>
</bind>
</comp>

<comp id="20" class="1001" name="const_20">
<pin_list>
<pin id="21" dir="1" index="0" bw="1" slack="0"/>
</pin_list>
<bind>
<StgValue><ssdm name=""/></StgValue>
</bind>
</comp>

<comp id="22" class="1001" name="const_22">
<pin_list>
<pin id="23" dir="1" index="0" bw="1" slack="1"/>
</pin_list>
<bind>
<StgValue><ssdm name=""/></StgValue>
</bind>
</comp>

<comp id="24" class="1001" name="const_24">
<pin_list>
<pin id="25" dir="1" index="0" bw="1" slack="2147483647"/>
</pin_list>
<bind>
<StgValue><ssdm name="_ssdm_op_SpecPipeline"/></StgValue>
</bind>
</comp>

<comp id="26" class="1001" name="const_26">
<pin_list>
<pin id="27" dir="1" index="0" bw="1" slack="2147483647"/>
</pin_list>
<bind>
<StgValue><ssdm name=""/></StgValue>
</bind>
</comp>

<comp id="28" class="1001" name="const_28">
<pin_list>
<pin id="29" dir="1" index="0" bw="1" slack="2147483647"/>
</pin_list>
<bind>
<StgValue><ssdm name="empty_44"/></StgValue>
</bind>
</comp>

<comp id="30" class="1001" name="const_30">
<pin_list>
<pin id="31" dir="1" index="0" bw="1" slack="2147483647"/>
</pin_list>
<bind>
<StgValue><ssdm name="_ssdm_op_SpecLoopTripCount"/></StgValue>
</bind>
</comp>

<comp id="32" class="1001" name="const_32">
<pin_list>
<pin id="33" dir="1" index="0" bw="1" slack="2147483647"/>
</pin_list>
<bind>
<StgValue><ssdm name=""/></StgValue>
</bind>
</comp>

<comp id="34" class="1001" name="const_34">
<pin_list>
<pin id="35" dir="1" index="0" bw="1" slack="2147483647"/>
</pin_list>
<bind>
<StgValue><ssdm name="_ssdm_op_SpecLoopName"/></StgValue>
</bind>
</comp>

<comp id="36" class="1001" name="const_36">
<pin_list>
<pin id="37" dir="1" index="0" bw="1" slack="2147483647"/>
</pin_list>
<bind>
<StgValue><ssdm name="empty_27"/></StgValue>
</bind>
</comp>

<comp id="38" class="1001" name="const_38">
<pin_list>
<pin id="39" dir="1" index="0" bw="1" slack="0"/>
</pin_list>
<bind>
<StgValue><ssdm name="_ssdm_op_BitSelect.i1.i64.i32"/></StgValue>
</bind>
</comp>

<comp id="40" class="1001" name="const_40">
<pin_list>
<pin id="41" dir="1" index="0" bw="1" slack="0"/>
</pin_list>
<bind>
<StgValue><ssdm name=""/></StgValue>
</bind>
</comp>

<comp id="42" class="1001" name="const_42">
<pin_list>
<pin id="43" dir="1" index="0" bw="1" slack="0"/>
</pin_list>
<bind>
<StgValue><ssdm name=""/></StgValue>
</bind>
</comp>

<comp id="44" class="1001" name="const_44">
<pin_list>
<pin id="45" dir="1" index="0" bw="1" slack="0"/>
</pin_list>
<bind>
<StgValue><ssdm name=""/></StgValue>
</bind>
</comp>

<comp id="46" class="1001" name="const_46">
<pin_list>
<pin id="47" dir="1" index="0" bw="1" slack="0"/>
</pin_list>
<bind>
<StgValue><ssdm name="_ssdm_op_Write.ap_auto.i1P0A"/></StgValue>
</bind>
</comp>

<comp id="48" class="1004" name="i_153_fu_48">
<pin_list>
<pin id="49" dir="0" index="0" bw="1" slack="0"/>
<pin id="50" dir="1" index="1" bw="4" slack="0"/>
</pin_list>
<bind>
<opcode="alloca(26) " fcode="alloca"/>
<opset="i_153/1 "/>
</bind>
</comp>

<comp id="52" class="1004" name="c_offset1_read_read_fu_52">
<pin_list>
<pin id="53" dir="0" index="0" bw="1" slack="0"/>
<pin id="54" dir="0" index="1" bw="1" slack="0"/>
<pin id="55" dir="1" index="2" bw="1" slack="0"/>
</pin_list>
<bind>
<opcode="read(1150) " fcode="read"/>
<opset="c_offset1_read/1 "/>
</bind>
</comp>

<comp id="58" class="1004" name="write_ln29_write_fu_58">
<pin_list>
<pin id="59" dir="0" index="0" bw="0" slack="0"/>
<pin id="60" dir="0" index="1" bw="1" slack="0"/>
<pin id="61" dir="0" index="2" bw="1" slack="0"/>
<pin id="62" dir="1" index="3" bw="0" slack="2147483647"/>
</pin_list>
<bind>
<opcode="write(1151) " fcode="write"/>
<opset="write_ln29/2 "/>
</bind>
</comp>

<comp id="65" class="1004" name="c_addr_gep_fu_65">
<pin_list>
<pin id="66" dir="0" index="0" bw="64" slack="0"/>
<pin id="67" dir="0" index="1" bw="1" slack="0"/>
<pin id="68" dir="0" index="2" bw="4" slack="0"/>
<pin id="69" dir="1" index="3" bw="4" slack="0"/>
</pin_list>
<bind>
<opcode="getelementptr(29) " fcode="getelementptr"/>
<opset="c_addr/1 "/>
</bind>
</comp>

<comp id="72" class="1004" name="grp_access_fu_72">
<pin_list>
<pin id="73" dir="0" index="0" bw="4" slack="2"/>
<pin id="74" dir="0" index="1" bw="64" slack="0"/>
<pin id="75" dir="0" index="2" bw="0" slack="0"/>
<pin id="77" dir="0" index="4" bw="4" slack="2147483647"/>
<pin id="78" dir="0" index="5" bw="64" slack="2147483647"/>
<pin id="79" dir="0" index="6" bw="0" slack="2147483647"/>
<pin id="76" dir="1" index="3" bw="64" slack="2147483647"/>
<pin id="80" dir="1" index="7" bw="64" slack="0"/>
</pin_list>
<bind>
<opcode="load(27) store(28) " fcode="store"/>
<opset="c_load/1 store_ln29/3 "/>
</bind>
</comp>

<comp id="82" class="1004" name="p503x2_1_addr_gep_fu_82">
<pin_list>
<pin id="83" dir="0" index="0" bw="64" slack="0"/>
<pin id="84" dir="0" index="1" bw="1" slack="0"/>
<pin id="85" dir="0" index="2" bw="3" slack="0"/>
<pin id="86" dir="1" index="3" bw="3" slack="0"/>
</pin_list>
<bind>
<opcode="getelementptr(29) " fcode="getelementptr"/>
<opset="p503x2_1_addr/1 "/>
</bind>
</comp>

<comp id="89" class="1004" name="grp_access_fu_89">
<pin_list>
<pin id="90" dir="0" index="0" bw="3" slack="0"/>
<pin id="91" dir="0" index="1" bw="64" slack="2147483647"/>
<pin id="92" dir="0" index="2" bw="0" slack="2147483647"/>
<pin id="93" dir="1" index="3" bw="64" slack="0"/>
</pin_list>
<bind>
<opcode="load(27) " fcode="load"/>
<opset="p503x2_1_load/1 "/>
</bind>
</comp>

<comp id="95" class="1005" name="carry_reg_95">
<pin_list>
<pin id="96" dir="0" index="0" bw="1" slack="1"/>
<pin id="97" dir="1" index="1" bw="1" slack="1"/>
</pin_list>
<bind>
<opset="carry (phireg) "/>
</bind>
</comp>

<comp id="99" class="1004" name="carry_phi_fu_99">
<pin_list>
<pin id="100" dir="0" index="0" bw="1" slack="1"/>
<pin id="101" dir="0" index="1" bw="0" slack="2147483647"/>
<pin id="102" dir="0" index="2" bw="1" slack="1"/>
<pin id="103" dir="0" index="3" bw="0" slack="2147483647"/>
<pin id="104" dir="1" index="4" bw="1" slack="0"/>
</pin_list>
<bind>
<opcode="phi(47) " fcode="phi"/>
<opset="carry/2 "/>
</bind>
</comp>

<comp id="108" class="1004" name="store_ln20_store_fu_108">
<pin_list>
<pin id="109" dir="0" index="0" bw="1" slack="0"/>
<pin id="110" dir="0" index="1" bw="4" slack="0"/>
<pin id="111" dir="1" index="2" bw="0" slack="2147483647"/>
</pin_list>
<bind>
<opcode="store(28) " fcode="store"/>
<opset="store_ln20/1 "/>
</bind>
</comp>

<comp id="113" class="1004" name="i_load_fu_113">
<pin_list>
<pin id="114" dir="0" index="0" bw="4" slack="0"/>
<pin id="115" dir="1" index="1" bw="4" slack="0"/>
</pin_list>
<bind>
<opcode="load(27) " fcode="load"/>
<opset="i/1 "/>
</bind>
</comp>

<comp id="116" class="1004" name="icmp_ln28_fu_116">
<pin_list>
<pin id="117" dir="0" index="0" bw="4" slack="0"/>
<pin id="118" dir="0" index="1" bw="4" slack="0"/>
<pin id="119" dir="1" index="2" bw="1" slack="1"/>
</pin_list>
<bind>
<opcode="icmp(45) " fcode="icmp"/>
<opset="icmp_ln28/1 "/>
</bind>
</comp>

<comp id="122" class="1004" name="add_ln28_fu_122">
<pin_list>
<pin id="123" dir="0" index="0" bw="4" slack="0"/>
<pin id="124" dir="0" index="1" bw="1" slack="0"/>
<pin id="125" dir="1" index="2" bw="4" slack="0"/>
</pin_list>
<bind>
<opcode="add(8) " fcode="add"/>
<opset="add_ln28/1 "/>
</bind>
</comp>

<comp id="128" class="1004" name="trunc_ln29_fu_128">
<pin_list>
<pin id="129" dir="0" index="0" bw="4" slack="0"/>
<pin id="130" dir="1" index="1" bw="3" slack="0"/>
</pin_list>
<bind>
<opcode="trunc(33) " fcode="trunc"/>
<opset="trunc_ln29/1 "/>
</bind>
</comp>

<comp id="132" class="1004" name="zext_ln29_32_fu_132">
<pin_list>
<pin id="133" dir="0" index="0" bw="3" slack="0"/>
<pin id="134" dir="1" index="1" bw="32" slack="0"/>
</pin_list>
<bind>
<opcode="zext(34) " fcode="zext"/>
<opset="zext_ln29_32/1 "/>
</bind>
</comp>

<comp id="137" class="1004" name="tmp_s_fu_137">
<pin_list>
<pin id="138" dir="0" index="0" bw="4" slack="0"/>
<pin id="139" dir="0" index="1" bw="1" slack="0"/>
<pin id="140" dir="0" index="2" bw="3" slack="0"/>
<pin id="141" dir="1" index="3" bw="4" slack="0"/>
</pin_list>
<bind>
<opcode="bitconcatenate(1004) " fcode="bitconcatenate"/>
<opset="tmp_s/1 "/>
</bind>
</comp>

<comp id="145" class="1004" name="zext_ln29_33_fu_145">
<pin_list>
<pin id="146" dir="0" index="0" bw="4" slack="0"/>
<pin id="147" dir="1" index="1" bw="32" slack="0"/>
</pin_list>
<bind>
<opcode="zext(34) " fcode="zext"/>
<opset="zext_ln29_33/1 "/>
</bind>
</comp>

<comp id="150" class="1004" name="store_ln20_store_fu_150">
<pin_list>
<pin id="151" dir="0" index="0" bw="4" slack="0"/>
<pin id="152" dir="0" index="1" bw="4" slack="0"/>
<pin id="153" dir="1" index="2" bw="0" slack="2147483647"/>
</pin_list>
<bind>
<opcode="store(28) " fcode="store"/>
<opset="store_ln20/1 "/>
</bind>
</comp>

<comp id="155" class="1004" name="tempReg_fu_155">
<pin_list>
<pin id="156" dir="0" index="0" bw="64" slack="0"/>
<pin id="157" dir="0" index="1" bw="64" slack="0"/>
<pin id="158" dir="1" index="2" bw="64" slack="1"/>
</pin_list>
<bind>
<opcode="sub(10) " fcode="sub"/>
<opset="tempReg/2 "/>
</bind>
</comp>

<comp id="161" class="1004" name="xor_ln105_fu_161">
<pin_list>
<pin id="162" dir="0" index="0" bw="64" slack="1"/>
<pin id="163" dir="0" index="1" bw="64" slack="1"/>
<pin id="164" dir="1" index="2" bw="64" slack="0"/>
</pin_list>
<bind>
<opcode="xor(25) " fcode="xor"/>
<opset="xor_ln105/3 "/>
</bind>
</comp>

<comp id="165" class="1004" name="xor_ln105_116_fu_165">
<pin_list>
<pin id="166" dir="0" index="0" bw="64" slack="1"/>
<pin id="167" dir="0" index="1" bw="64" slack="1"/>
<pin id="168" dir="1" index="2" bw="64" slack="0"/>
</pin_list>
<bind>
<opcode="xor(25) " fcode="xor"/>
<opset="xor_ln105_116/3 "/>
</bind>
</comp>

<comp id="169" class="1004" name="or_ln105_fu_169">
<pin_list>
<pin id="170" dir="0" index="0" bw="64" slack="0"/>
<pin id="171" dir="0" index="1" bw="64" slack="0"/>
<pin id="172" dir="1" index="2" bw="64" slack="0"/>
</pin_list>
<bind>
<opcode="or(24) " fcode="or"/>
<opset="or_ln105/3 "/>
</bind>
</comp>

<comp id="175" class="1004" name="xor_ln105_117_fu_175">
<pin_list>
<pin id="176" dir="0" index="0" bw="64" slack="1"/>
<pin id="177" dir="0" index="1" bw="64" slack="0"/>
<pin id="178" dir="1" index="2" bw="64" slack="0"/>
</pin_list>
<bind>
<opcode="xor(25) " fcode="xor"/>
<opset="xor_ln105_117/3 "/>
</bind>
</comp>

<comp id="180" class="1004" name="tmp_fu_180">
<pin_list>
<pin id="181" dir="0" index="0" bw="1" slack="0"/>
<pin id="182" dir="0" index="1" bw="64" slack="0"/>
<pin id="183" dir="0" index="2" bw="7" slack="0"/>
<pin id="184" dir="1" index="3" bw="1" slack="0"/>
</pin_list>
<bind>
<opcode="bitselect(1000) " fcode="bitselect"/>
<opset="tmp/3 "/>
</bind>
</comp>

<comp id="188" class="1004" name="sub_ln95_fu_188">
<pin_list>
<pin id="189" dir="0" index="0" bw="1" slack="0"/>
<pin id="190" dir="0" index="1" bw="64" slack="1"/>
<pin id="191" dir="1" index="2" bw="64" slack="0"/>
</pin_list>
<bind>
<opcode="sub(10) " fcode="sub"/>
<opset="sub_ln95/3 "/>
</bind>
</comp>

<comp id="193" class="1004" name="or_ln95_fu_193">
<pin_list>
<pin id="194" dir="0" index="0" bw="64" slack="1"/>
<pin id="195" dir="0" index="1" bw="64" slack="0"/>
<pin id="196" dir="1" index="2" bw="64" slack="0"/>
</pin_list>
<bind>
<opcode="or(24) " fcode="or"/>
<opset="or_ln95/3 "/>
</bind>
</comp>

<comp id="198" class="1004" name="tmp_229_fu_198">
<pin_list>
<pin id="199" dir="0" index="0" bw="1" slack="0"/>
<pin id="200" dir="0" index="1" bw="64" slack="0"/>
<pin id="201" dir="0" index="2" bw="7" slack="0"/>
<pin id="202" dir="1" index="3" bw="1" slack="0"/>
</pin_list>
<bind>
<opcode="bitselect(1000) " fcode="bitselect"/>
<opset="tmp_229/3 "/>
</bind>
</comp>

<comp id="206" class="1004" name="xor_ln29_fu_206">
<pin_list>
<pin id="207" dir="0" index="0" bw="1" slack="0"/>
<pin id="208" dir="0" index="1" bw="1" slack="0"/>
<pin id="209" dir="1" index="2" bw="1" slack="0"/>
</pin_list>
<bind>
<opcode="xor(25) " fcode="xor"/>
<opset="xor_ln29/3 "/>
</bind>
</comp>

<comp id="212" class="1004" name="and_ln29_fu_212">
<pin_list>
<pin id="213" dir="0" index="0" bw="1" slack="1"/>
<pin id="214" dir="0" index="1" bw="1" slack="0"/>
<pin id="215" dir="1" index="2" bw="1" slack="0"/>
</pin_list>
<bind>
<opcode="and(23) " fcode="and"/>
<opset="and_ln29/3 "/>
</bind>
</comp>

<comp id="218" class="1004" name="borrowReg_fu_218">
<pin_list>
<pin id="219" dir="0" index="0" bw="1" slack="0"/>
<pin id="220" dir="0" index="1" bw="1" slack="0"/>
<pin id="221" dir="1" index="2" bw="1" slack="1"/>
</pin_list>
<bind>
<opcode="or(24) " fcode="or"/>
<opset="borrowReg/3 "/>
</bind>
</comp>

<comp id="224" class="1004" name="zext_ln29_fu_224">
<pin_list>
<pin id="225" dir="0" index="0" bw="1" slack="1"/>
<pin id="226" dir="1" index="1" bw="64" slack="0"/>
</pin_list>
<bind>
<opcode="zext(34) " fcode="zext"/>
<opset="zext_ln29/3 "/>
</bind>
</comp>

<comp id="228" class="1004" name="sub_ln29_fu_228">
<pin_list>
<pin id="229" dir="0" index="0" bw="64" slack="1"/>
<pin id="230" dir="0" index="1" bw="1" slack="0"/>
<pin id="231" dir="1" index="2" bw="64" slack="0"/>
</pin_list>
<bind>
<opcode="sub(10) " fcode="sub"/>
<opset="sub_ln29/3 "/>
</bind>
</comp>

<comp id="234" class="1005" name="i_153_reg_234">
<pin_list>
<pin id="235" dir="0" index="0" bw="4" slack="0"/>
<pin id="236" dir="1" index="1" bw="4" slack="0"/>
</pin_list>
<bind>
<opset="i_153 "/>
</bind>
</comp>

<comp id="241" class="1005" name="icmp_ln28_reg_241">
<pin_list>
<pin id="242" dir="0" index="0" bw="1" slack="1"/>
<pin id="243" dir="1" index="1" bw="1" slack="2147483647"/>
</pin_list>
<bind>
<opset="icmp_ln28 "/>
</bind>
</comp>

<comp id="245" class="1005" name="c_addr_reg_245">
<pin_list>
<pin id="246" dir="0" index="0" bw="4" slack="1"/>
<pin id="247" dir="1" index="1" bw="4" slack="1"/>
</pin_list>
<bind>
<opset="c_addr "/>
</bind>
</comp>

<comp id="251" class="1005" name="p503x2_1_addr_reg_251">
<pin_list>
<pin id="252" dir="0" index="0" bw="3" slack="1"/>
<pin id="253" dir="1" index="1" bw="3" slack="1"/>
</pin_list>
<bind>
<opset="p503x2_1_addr "/>
</bind>
</comp>

<comp id="256" class="1005" name="c_load_reg_256">
<pin_list>
<pin id="257" dir="0" index="0" bw="64" slack="1"/>
<pin id="258" dir="1" index="1" bw="64" slack="1"/>
</pin_list>
<bind>
<opset="c_load "/>
</bind>
</comp>

<comp id="262" class="1005" name="p503x2_1_load_reg_262">
<pin_list>
<pin id="263" dir="0" index="0" bw="64" slack="1"/>
<pin id="264" dir="1" index="1" bw="64" slack="1"/>
</pin_list>
<bind>
<opset="p503x2_1_load "/>
</bind>
</comp>

<comp id="268" class="1005" name="tempReg_reg_268">
<pin_list>
<pin id="269" dir="0" index="0" bw="64" slack="1"/>
<pin id="270" dir="1" index="1" bw="64" slack="1"/>
</pin_list>
<bind>
<opset="tempReg "/>
</bind>
</comp>

<comp id="276" class="1005" name="borrowReg_reg_276">
<pin_list>
<pin id="277" dir="0" index="0" bw="1" slack="1"/>
<pin id="278" dir="1" index="1" bw="1" slack="1"/>
</pin_list>
<bind>
<opset="borrowReg "/>
</bind>
</comp>

</comp_list>

<net_list>
<net id="51"><net_src comp="8" pin="0"/><net_sink comp="48" pin=0"/></net>

<net id="56"><net_src comp="10" pin="0"/><net_sink comp="52" pin=0"/></net>

<net id="57"><net_src comp="0" pin="0"/><net_sink comp="52" pin=1"/></net>

<net id="63"><net_src comp="46" pin="0"/><net_sink comp="58" pin=0"/></net>

<net id="64"><net_src comp="4" pin="0"/><net_sink comp="58" pin=1"/></net>

<net id="70"><net_src comp="2" pin="0"/><net_sink comp="65" pin=0"/></net>

<net id="71"><net_src comp="20" pin="0"/><net_sink comp="65" pin=1"/></net>

<net id="81"><net_src comp="65" pin="3"/><net_sink comp="72" pin=2"/></net>

<net id="87"><net_src comp="6" pin="0"/><net_sink comp="82" pin=0"/></net>

<net id="88"><net_src comp="20" pin="0"/><net_sink comp="82" pin=1"/></net>

<net id="94"><net_src comp="82" pin="3"/><net_sink comp="89" pin=0"/></net>

<net id="98"><net_src comp="22" pin="0"/><net_sink comp="95" pin=0"/></net>

<net id="105"><net_src comp="95" pin="1"/><net_sink comp="99" pin=2"/></net>

<net id="106"><net_src comp="99" pin="4"/><net_sink comp="95" pin=0"/></net>

<net id="107"><net_src comp="99" pin="4"/><net_sink comp="58" pin=2"/></net>

<net id="112"><net_src comp="12" pin="0"/><net_sink comp="108" pin=0"/></net>

<net id="120"><net_src comp="113" pin="1"/><net_sink comp="116" pin=0"/></net>

<net id="121"><net_src comp="14" pin="0"/><net_sink comp="116" pin=1"/></net>

<net id="126"><net_src comp="113" pin="1"/><net_sink comp="122" pin=0"/></net>

<net id="127"><net_src comp="16" pin="0"/><net_sink comp="122" pin=1"/></net>

<net id="131"><net_src comp="113" pin="1"/><net_sink comp="128" pin=0"/></net>

<net id="135"><net_src comp="128" pin="1"/><net_sink comp="132" pin=0"/></net>

<net id="136"><net_src comp="132" pin="1"/><net_sink comp="82" pin=2"/></net>

<net id="142"><net_src comp="18" pin="0"/><net_sink comp="137" pin=0"/></net>

<net id="143"><net_src comp="52" pin="2"/><net_sink comp="137" pin=1"/></net>

<net id="144"><net_src comp="128" pin="1"/><net_sink comp="137" pin=2"/></net>

<net id="148"><net_src comp="137" pin="3"/><net_sink comp="145" pin=0"/></net>

<net id="149"><net_src comp="145" pin="1"/><net_sink comp="65" pin=2"/></net>

<net id="154"><net_src comp="122" pin="2"/><net_sink comp="150" pin=0"/></net>

<net id="159"><net_src comp="72" pin="7"/><net_sink comp="155" pin=0"/></net>

<net id="160"><net_src comp="89" pin="3"/><net_sink comp="155" pin=1"/></net>

<net id="173"><net_src comp="165" pin="2"/><net_sink comp="169" pin=0"/></net>

<net id="174"><net_src comp="161" pin="2"/><net_sink comp="169" pin=1"/></net>

<net id="179"><net_src comp="169" pin="2"/><net_sink comp="175" pin=1"/></net>

<net id="185"><net_src comp="38" pin="0"/><net_sink comp="180" pin=0"/></net>

<net id="186"><net_src comp="175" pin="2"/><net_sink comp="180" pin=1"/></net>

<net id="187"><net_src comp="40" pin="0"/><net_sink comp="180" pin=2"/></net>

<net id="192"><net_src comp="42" pin="0"/><net_sink comp="188" pin=0"/></net>

<net id="197"><net_src comp="188" pin="2"/><net_sink comp="193" pin=1"/></net>

<net id="203"><net_src comp="38" pin="0"/><net_sink comp="198" pin=0"/></net>

<net id="204"><net_src comp="193" pin="2"/><net_sink comp="198" pin=1"/></net>

<net id="205"><net_src comp="40" pin="0"/><net_sink comp="198" pin=2"/></net>

<net id="210"><net_src comp="198" pin="3"/><net_sink comp="206" pin=0"/></net>

<net id="211"><net_src comp="44" pin="0"/><net_sink comp="206" pin=1"/></net>

<net id="216"><net_src comp="95" pin="1"/><net_sink comp="212" pin=0"/></net>

<net id="217"><net_src comp="206" pin="2"/><net_sink comp="212" pin=1"/></net>

<net id="222"><net_src comp="212" pin="2"/><net_sink comp="218" pin=0"/></net>

<net id="223"><net_src comp="180" pin="3"/><net_sink comp="218" pin=1"/></net>

<net id="227"><net_src comp="95" pin="1"/><net_sink comp="224" pin=0"/></net>

<net id="232"><net_src comp="224" pin="1"/><net_sink comp="228" pin=1"/></net>

<net id="233"><net_src comp="228" pin="2"/><net_sink comp="72" pin=1"/></net>

<net id="237"><net_src comp="48" pin="1"/><net_sink comp="234" pin=0"/></net>

<net id="238"><net_src comp="234" pin="1"/><net_sink comp="108" pin=1"/></net>

<net id="239"><net_src comp="234" pin="1"/><net_sink comp="113" pin=0"/></net>

<net id="240"><net_src comp="234" pin="1"/><net_sink comp="150" pin=1"/></net>

<net id="244"><net_src comp="116" pin="2"/><net_sink comp="241" pin=0"/></net>

<net id="248"><net_src comp="65" pin="3"/><net_sink comp="245" pin=0"/></net>

<net id="249"><net_src comp="245" pin="1"/><net_sink comp="72" pin=2"/></net>

<net id="250"><net_src comp="245" pin="1"/><net_sink comp="72" pin=0"/></net>

<net id="254"><net_src comp="82" pin="3"/><net_sink comp="251" pin=0"/></net>

<net id="255"><net_src comp="251" pin="1"/><net_sink comp="89" pin=0"/></net>

<net id="259"><net_src comp="72" pin="7"/><net_sink comp="256" pin=0"/></net>

<net id="260"><net_src comp="256" pin="1"/><net_sink comp="161" pin=1"/></net>

<net id="261"><net_src comp="256" pin="1"/><net_sink comp="175" pin=0"/></net>

<net id="265"><net_src comp="89" pin="3"/><net_sink comp="262" pin=0"/></net>

<net id="266"><net_src comp="262" pin="1"/><net_sink comp="161" pin=0"/></net>

<net id="267"><net_src comp="262" pin="1"/><net_sink comp="165" pin=0"/></net>

<net id="271"><net_src comp="155" pin="2"/><net_sink comp="268" pin=0"/></net>

<net id="272"><net_src comp="268" pin="1"/><net_sink comp="165" pin=1"/></net>

<net id="273"><net_src comp="268" pin="1"/><net_sink comp="188" pin=1"/></net>

<net id="274"><net_src comp="268" pin="1"/><net_sink comp="193" pin=0"/></net>

<net id="275"><net_src comp="268" pin="1"/><net_sink comp="228" pin=0"/></net>

<net id="279"><net_src comp="218" pin="2"/><net_sink comp="276" pin=0"/></net>

<net id="280"><net_src comp="276" pin="1"/><net_sink comp="99" pin=0"/></net>

</net_list>

</model> 
---------------- Datapath Model END ------------------

* FSMD analyzer results:
  - Output states:
	Port: c | {3 }
	Port: carry_211_out | {2 }
 - Input state : 
	Port: fpadd503.147_Pipeline_VITIS_LOOP_28_2 : c_offset1 | {1 }
	Port: fpadd503.147_Pipeline_VITIS_LOOP_28_2 : c | {1 2 }
	Port: fpadd503.147_Pipeline_VITIS_LOOP_28_2 : p503x2_1 | {1 2 }
  - Chain level:
	State 1
		store_ln20 : 1
		i : 1
		icmp_ln28 : 2
		add_ln28 : 2
		trunc_ln29 : 2
		zext_ln29_32 : 3
		tmp_s : 3
		zext_ln29_33 : 4
		c_addr : 5
		c_load : 6
		p503x2_1_addr : 4
		p503x2_1_load : 5
		store_ln20 : 3
	State 2
		tempReg : 1
		write_ln29 : 1
	State 3
		or_ln95 : 1
		tmp_229 : 1
		xor_ln29 : 2
		and_ln29 : 2
		borrowReg : 2
		sub_ln29 : 1
		store_ln29 : 2


============================================================
+ Verbose Summary: Datapath Resource usage 
============================================================

* Functional unit list:
|----------|---------------------------|---------|---------|
| Operation|      Functional Unit      |    FF   |   LUT   |
|----------|---------------------------|---------|---------|
|          |       tempReg_fu_155      |    0    |    71   |
|    sub   |      sub_ln95_fu_188      |    0    |    71   |
|          |      sub_ln29_fu_228      |    0    |    71   |
|----------|---------------------------|---------|---------|
|          |      xor_ln105_fu_161     |    0    |    64   |
|    xor   |    xor_ln105_116_fu_165   |    0    |    64   |
|          |    xor_ln105_117_fu_175   |    0    |    64   |
|          |      xor_ln29_fu_206      |    0    |    2    |
|----------|---------------------------|---------|---------|
|          |      or_ln105_fu_169      |    0    |    64   |
|    or    |       or_ln95_fu_193      |    0    |    64   |
|          |      borrowReg_fu_218     |    0    |    2    |
|----------|---------------------------|---------|---------|
|   icmp   |      icmp_ln28_fu_116     |    0    |    13   |
|----------|---------------------------|---------|---------|
|    add   |      add_ln28_fu_122      |    0    |    13   |
|----------|---------------------------|---------|---------|
|    and   |      and_ln29_fu_212      |    0    |    2    |
|----------|---------------------------|---------|---------|
|   read   | c_offset1_read_read_fu_52 |    0    |    0    |
|----------|---------------------------|---------|---------|
|   write  |   write_ln29_write_fu_58  |    0    |    0    |
|----------|---------------------------|---------|---------|
|   trunc  |     trunc_ln29_fu_128     |    0    |    0    |
|----------|---------------------------|---------|---------|
|          |    zext_ln29_32_fu_132    |    0    |    0    |
|   zext   |    zext_ln29_33_fu_145    |    0    |    0    |
|          |      zext_ln29_fu_224     |    0    |    0    |
|----------|---------------------------|---------|---------|
|bitconcatenate|        tmp_s_fu_137       |    0    |    0    |
|----------|---------------------------|---------|---------|
| bitselect|         tmp_fu_180        |    0    |    0    |
|          |       tmp_229_fu_198      |    0    |    0    |
|----------|---------------------------|---------|---------|
|   Total  |                           |    0    |   565   |
|----------|---------------------------|---------|---------|

Memories:
N/A

* Register list:
+---------------------+--------+
|                     |   FF   |
+---------------------+--------+
|  borrowReg_reg_276  |    1   |
|    c_addr_reg_245   |    4   |
|    c_load_reg_256   |   64   |
|     carry_reg_95    |    1   |
|    i_153_reg_234    |    4   |
|  icmp_ln28_reg_241  |    1   |
|p503x2_1_addr_reg_251|    3   |
|p503x2_1_load_reg_262|   64   |
|   tempReg_reg_268   |   64   |
+---------------------+--------+
|        Total        |   206  |
+---------------------+--------+

* Multiplexer (MUX) list: 
|------------------|------|------|------|--------||---------||---------||---------|
|       Comp       |  Pin | Size |  BW  | S x BW ||  Delay  ||    FF   ||   LUT   |
|------------------|------|------|------|--------||---------||---------||---------|
| grp_access_fu_72 |  p2  |   2  |   0  |    0   ||    0    ||    9    |
| grp_access_fu_89 |  p0  |   2  |   3  |    6   ||    0    ||    9    |
|   carry_reg_95   |  p0  |   2  |   1  |    2   ||    0    ||    9    |
|------------------|------|------|------|--------||---------||---------||---------|
|       Total      |      |      |      |    8   ||  4.764  ||    0    ||    27   |
|------------------|------|------|------|--------||---------||---------||---------|



* Summary:
+-----------+--------+--------+--------+
|           |  Delay |   FF   |   LUT  |
+-----------+--------+--------+--------+
|  Function |    -   |    0   |   565  |
|   Memory  |    -   |    -   |    -   |
|Multiplexer|    4   |    0   |   27   |
|  Register |    -   |   206  |    -   |
+-----------+--------+--------+--------+
|   Total   |    4   |   206  |   592  |
+-----------+--------+--------+--------+
