

================================================================
== Vitis HLS Report for 'fpsqr503_mont_1'
================================================================
* Date:           Tue May 20 14:37:07 2025

* Version:        2024.2.2 (Build 6049644 on Mar  5 2025)
* Project:        sikep503_hls
* Solution:       solution1 (Vivado IP Flow Target)
* Product family: zynq
* Target device:  xc7z020-clg484-1


================================================================
== Performance Estimates
================================================================
+ Timing: 
    * Summary: 
    +--------+----------+----------+------------+
    |  Clock |  Target  | Estimated| Uncertainty|
    +--------+----------+----------+------------+
    |ap_clk  |  10.00 ns|  7.040 ns|     2.70 ns|
    +--------+----------+----------+------------+

+ Latency: 
    * Summary: 
    +---------+---------+----------+----------+-----+-----+---------+
    |  Latency (cycles) |  Latency (absolute) |  Interval | Pipeline|
    |   min   |   max   |    min   |    max   | min | max |   Type  |
    +---------+---------+----------+----------+-----+-----+---------+
    |      423|      683|  4.230 us|  6.830 us|  423|  683|       no|
    +---------+---------+----------+----------+-----+-----+---------+

    + Detail: 
        * Instance: 
        +------------------------+--------------+---------+---------+----------+----------+-----+-----+---------+
        |                        |              |  Latency (cycles) |  Latency (absolute) |  Interval | Pipeline|
        |        Instance        |    Module    |   min   |   max   |    min   |    max   | min | max |   Type  |
        +------------------------+--------------+---------+---------+----------+----------+-----+-----+---------+
        |grp_mp_mul_141_2_fu_51  |mp_mul_141_2  |      212|      310|  2.120 us|  3.100 us|  212|  310|       no|
        |grp_rdc_mont_142_fu_58  |rdc_mont_142  |      190|      352|  1.900 us|  3.520 us|  190|  352|       no|
        +------------------------+--------------+---------+---------+----------+----------+-----+-----+---------+

        * Loop: 
        +----------+---------+---------+----------+-----------+-----------+------+----------+
        |          |  Latency (cycles) | Iteration|  Initiation Interval  | Trip |          |
        | Loop Name|   min   |   max   |  Latency |  achieved |   target  | Count| Pipelined|
        +----------+---------+---------+----------+-----------+-----------+------+----------+
        |- Loop 1  |       16|       16|         1|          1|          1|    16|       yes|
        +----------+---------+---------+----------+-----------+-----------+------+----------+



================================================================
== Utilization Estimates
================================================================
* Summary: 
+-----------------+---------+-----+--------+-------+-----+
|       Name      | BRAM_18K| DSP |   FF   |  LUT  | URAM|
+-----------------+---------+-----+--------+-------+-----+
|DSP              |        -|    -|       -|      -|    -|
|Expression       |        -|    -|       0|     29|    -|
|FIFO             |        -|    -|       -|      -|    -|
|Instance         |        0|   32|    7500|   8968|    -|
|Memory           |        2|    -|       0|      0|    0|
|Multiplexer      |        -|    -|       0|    138|    -|
|Register         |        -|    -|      13|      -|    -|
+-----------------+---------+-----+--------+-------+-----+
|Total            |        2|   32|    7513|   9135|    0|
+-----------------+---------+-----+--------+-------+-----+
|Available        |      280|  220|  106400|  53200|    0|
+-----------------+---------+-----+--------+-------+-----+
|Utilization (%)  |       ~0|   14|       7|     17|    0|
+-----------------+---------+-----+--------+-------+-----+

+ Detail: 
    * Instance: 
    +------------------------+--------------+---------+----+------+------+-----+
    |        Instance        |    Module    | BRAM_18K| DSP|  FF  |  LUT | URAM|
    +------------------------+--------------+---------+----+------+------+-----+
    |grp_mp_mul_141_2_fu_51  |mp_mul_141_2  |        0|  16|  3331|  3486|    0|
    |grp_rdc_mont_142_fu_58  |rdc_mont_142  |        0|  16|  4169|  5482|    0|
    +------------------------+--------------+---------+----+------+------+-----+
    |Total                   |              |        0|  32|  7500|  8968|    0|
    +------------------------+--------------+---------+----+------+------+-----+

    * DSP: 
    N/A

    * Memory: 
    +--------+------------------------------------+---------+---+----+-----+------+-----+------+-------------+
    | Memory |               Module               | BRAM_18K| FF| LUT| URAM| Words| Bits| Banks| W*Bits*Banks|
    +--------+------------------------------------+---------+---+----+-----+------+-----+------+-------------+
    |temp_U  |fpsqr503_mont_1_temp_RAM_AUTO_1R1W  |        2|  0|   0|    0|    16|   64|     1|         1024|
    +--------+------------------------------------+---------+---+----+-----+------+-----+------+-------------+
    |Total   |                                    |        2|  0|   0|    0|    16|   64|     1|         1024|
    +--------+------------------------------------+---------+---+----+-----+------+-----+------+-------------+

    * FIFO: 
    N/A

    * Expression: 
    +--------------------+----------+----+---+----+------------+------------+
    |    Variable Name   | Operation| DSP| FF| LUT| Bitwidth P0| Bitwidth P1|
    +--------------------+----------+----+---+----+------------+------------+
    |empty_140_fu_81_p2  |         +|   0|  0|  13|           5|           1|
    |exitcond1_fu_75_p2  |      icmp|   0|  0|  14|           5|           6|
    |temp_we0            |        or|   0|  0|   2|           1|           1|
    +--------------------+----------+----+---+----+------------+------------+
    |Total               |          |   0|  0|  29|          11|           8|
    +--------------------+----------+----+---+----+------------+------------+

    * Multiplexer: 
    +---------------+----+-----------+-----+-----------+
    |      Name     | LUT| Input Size| Bits| Total Bits|
    +---------------+----+-----------+-----+-----------+
    |ap_NS_fsm      |  37|          7|    1|          7|
    |empty_fu_30    |   9|          2|    5|         10|
    |mc_address0    |  14|          3|    3|          9|
    |mc_ce0         |  14|          3|    1|          3|
    |mc_ce1         |   9|          2|    1|          2|
    |mc_we0         |   9|          2|    1|          2|
    |temp_address0  |  14|          3|    4|         12|
    |temp_ce0       |  14|          3|    1|          3|
    |temp_d0        |   9|          2|   64|        128|
    |temp_we0       |   9|          2|    1|          2|
    +---------------+----+-----------+-----+-----------+
    |Total          | 138|         29|   82|        178|
    +---------------+----+-----------+-----+-----------+

    * Register: 
    +-------------------------------------+---+----+-----+-----------+
    |                 Name                | FF| LUT| Bits| Const Bits|
    +-------------------------------------+---+----+-----+-----------+
    |ap_CS_fsm                            |  6|   0|    6|          0|
    |empty_fu_30                          |  5|   0|    5|          0|
    |grp_mp_mul_141_2_fu_51_ap_start_reg  |  1|   0|    1|          0|
    |grp_rdc_mont_142_fu_58_ap_start_reg  |  1|   0|    1|          0|
    +-------------------------------------+---+----+-----+-----------+
    |Total                                | 13|   0|   13|          0|
    +-------------------------------------+---+----+-----+-----------+



================================================================
== Interface
================================================================
* Summary: 
+-------------+-----+-----+------------+-----------------+--------------+
|  RTL Ports  | Dir | Bits|  Protocol  |  Source Object  |    C Type    |
+-------------+-----+-----+------------+-----------------+--------------+
|ap_clk       |   in|    1|  ap_ctrl_hs|  fpsqr503_mont.1|  return value|
|ap_rst       |   in|    1|  ap_ctrl_hs|  fpsqr503_mont.1|  return value|
|ap_start     |   in|    1|  ap_ctrl_hs|  fpsqr503_mont.1|  return value|
|ap_done      |  out|    1|  ap_ctrl_hs|  fpsqr503_mont.1|  return value|
|ap_idle      |  out|    1|  ap_ctrl_hs|  fpsqr503_mont.1|  return value|
|ap_ready     |  out|    1|  ap_ctrl_hs|  fpsqr503_mont.1|  return value|
|mc_address0  |  out|    3|   ap_memory|               mc|         array|
|mc_ce0       |  out|    1|   ap_memory|               mc|         array|
|mc_we0       |  out|    1|   ap_memory|               mc|         array|
|mc_d0        |  out|   64|   ap_memory|               mc|         array|
|mc_q0        |   in|   64|   ap_memory|               mc|         array|
|mc_address1  |  out|    3|   ap_memory|               mc|         array|
|mc_ce1       |  out|    1|   ap_memory|               mc|         array|
|mc_q1        |   in|   64|   ap_memory|               mc|         array|
+-------------+-----+-----+------------+-----------------+--------------+

============================================================
+ Verbose Summary: Synthesis Manager
============================================================
InlineROM: 1
ExposeGlobal: 0
============================================================
+ Verbose Summary: CDFG Model
============================================================
IsTopModel: 0
ResetActiveHigh: 1
IsCombinational: 2
IsDatapathOnly: 2
HasWiredReturn: 1
HasMFsm: 2
HasVarLatency: 1
IsPipeline: 0
IsRtlPipelined: 0
IsInstanceOverlapped: 0
IsDontTouch: 0
HasImplIP: 0
IsGatedGlobalClock: 0

+ Individual pipeline summary: 
  * Pipeline-0: initiation interval (II) = 1, depth = 1


============================================================
+ Verbose Summary: Schedule
============================================================
* Number of FSM states : 6
* Pipeline : 1
  Pipeline-0 : II = 1, D = 1, States = { 2 }
* Dataflow Pipeline: 0

* FSM state transitions: 
1 --> 2 
2 --> 3 2 
3 --> 4 
4 --> 5 
5 --> 6 
6 --> 

* FSM state operations: 

State 1 <SV = 0> <Delay = 3.25>
ST_1 : Operation 7 [1/1] (0.00ns)   --->   "%empty = alloca i32 1"   --->   Operation 7 'alloca' 'empty' <Predicate = true> <Delay = 0.00>
ST_1 : Operation 8 [1/1] (3.25ns)   --->   "%temp = alloca i32 1" [src/fpx.c:69]   --->   Operation 8 'alloca' 'temp' <Predicate = true> <Delay = 3.25> <CoreInst = "RAM">   --->   Core 81 'RAM' <Latency = 1> <II = 1> <Delay = 3.25> <Storage> <Opcode : 'load' 'store'> <Ports = 2> <Width = 64> <Depth = 16> <RAM>
ST_1 : Operation 9 [1/1] (1.58ns)   --->   "%store_ln0 = store i5 0, i5 %empty"   --->   Operation 9 'store' 'store_ln0' <Predicate = true> <Delay = 1.58>
ST_1 : Operation 10 [1/1] (0.00ns)   --->   "%br_ln0 = br void %memset.loop"   --->   Operation 10 'br' 'br_ln0' <Predicate = true> <Delay = 0.00>

State 2 <SV = 1> <Delay = 5.03>
ST_2 : Operation 11 [1/1] (0.00ns)   --->   "%p_load = load i5 %empty"   --->   Operation 11 'load' 'p_load' <Predicate = true> <Delay = 0.00>
ST_2 : Operation 12 [1/1] (1.78ns)   --->   "%exitcond1 = icmp_eq  i5 %p_load, i5 16"   --->   Operation 12 'icmp' 'exitcond1' <Predicate = true> <Delay = 1.78> <CoreInst = "Cmp">   --->   Core 9 'Cmp' <Latency = 0> <II = 1> <Delay = 1.82> <FuncUnit> <Opcode : 'seteq' 'setne' 'setle' 'setge' 'setlt' 'setgt'> <InPorts = 2> <OutPorts = 1>
ST_2 : Operation 13 [1/1] (1.78ns)   --->   "%empty_140 = add i5 %p_load, i5 1"   --->   Operation 13 'add' 'empty_140' <Predicate = true> <Delay = 1.78> <CoreInst = "Adder">   --->   Core 1 'Adder' <Latency = 0> <II = 1> <Delay = 1.78> <FuncUnit> <Opcode : 'add' 'sub'> <InPorts = 2> <OutPorts = 1>
ST_2 : Operation 14 [1/1] (0.00ns)   --->   "%br_ln0 = br i1 %exitcond1, void %memset.loop.split, void %split"   --->   Operation 14 'br' 'br_ln0' <Predicate = true> <Delay = 0.00>
ST_2 : Operation 15 [1/1] (0.00ns)   --->   "%specpipeline_ln0 = specpipeline void @_ssdm_op_SpecPipeline, i32 4294967295, i32 0, i32 0, i32 0, void @empty_44"   --->   Operation 15 'specpipeline' 'specpipeline_ln0' <Predicate = (!exitcond1)> <Delay = 0.00>
ST_2 : Operation 16 [1/1] (0.00ns)   --->   "%speclooptripcount_ln0 = speclooptripcount void @_ssdm_op_SpecLoopTripCount, i64 16, i64 16, i64 16"   --->   Operation 16 'speclooptripcount' 'speclooptripcount_ln0' <Predicate = (!exitcond1)> <Delay = 0.00>
ST_2 : Operation 17 [1/1] (0.00ns)   --->   "%empty_141 = trunc i5 %p_load"   --->   Operation 17 'trunc' 'empty_141' <Predicate = (!exitcond1)> <Delay = 0.00>
ST_2 : Operation 18 [1/1] (0.00ns)   --->   "%p_cast_cast = zext i4 %empty_141"   --->   Operation 18 'zext' 'p_cast_cast' <Predicate = (!exitcond1)> <Delay = 0.00>
ST_2 : Operation 19 [1/1] (0.00ns)   --->   "%temp_addr = getelementptr i64 %temp, i32 0, i32 %p_cast_cast"   --->   Operation 19 'getelementptr' 'temp_addr' <Predicate = (!exitcond1)> <Delay = 0.00>
ST_2 : Operation 20 [1/1] ( I:3.25ns O:3.25ns )   --->   "%store_ln0 = store i64 0, i4 %temp_addr"   --->   Operation 20 'store' 'store_ln0' <Predicate = (!exitcond1)> <Delay = 3.25> <CoreInst = "RAM">   --->   Core 81 'RAM' <Latency = 1> <II = 1> <Delay = 3.25> <Storage> <Opcode : 'load' 'store'> <Ports = 2> <Width = 64> <Depth = 16> <RAM>
ST_2 : Operation 21 [1/1] (1.58ns)   --->   "%store_ln0 = store i5 %empty_140, i5 %empty"   --->   Operation 21 'store' 'store_ln0' <Predicate = (!exitcond1)> <Delay = 1.58>
ST_2 : Operation 22 [1/1] (0.00ns)   --->   "%br_ln0 = br void %memset.loop"   --->   Operation 22 'br' 'br_ln0' <Predicate = (!exitcond1)> <Delay = 0.00>

State 3 <SV = 2> <Delay = 0.00>
ST_3 : Operation 23 [2/2] (0.00ns)   --->   "%call_ln71 = call void @mp_mul.141.2, i64 %mc, i64 %temp" [src/fpx.c:71]   --->   Operation 23 'call' 'call_ln71' <Predicate = true> <Delay = 0.00> <CoreType = "Generic">   --->   Generic Core

State 4 <SV = 3> <Delay = 1.73>
ST_4 : Operation 24 [1/2] (1.73ns)   --->   "%call_ln71 = call void @mp_mul.141.2, i64 %mc, i64 %temp" [src/fpx.c:71]   --->   Operation 24 'call' 'call_ln71' <Predicate = true> <Delay = 1.73> <CoreType = "Generic">   --->   Generic Core

State 5 <SV = 4> <Delay = 0.00>
ST_5 : Operation 25 [2/2] (0.00ns)   --->   "%call_ln72 = call void @rdc_mont.142, i64 %temp, i64 %mc, i64 %p503p1_1" [src/fpx.c:72]   --->   Operation 25 'call' 'call_ln72' <Predicate = true> <Delay = 0.00> <CoreType = "Generic">   --->   Generic Core

State 6 <SV = 5> <Delay = 1.58>
ST_6 : Operation 26 [1/2] (0.00ns)   --->   "%call_ln72 = call void @rdc_mont.142, i64 %temp, i64 %mc, i64 %p503p1_1" [src/fpx.c:72]   --->   Operation 26 'call' 'call_ln72' <Predicate = true> <Delay = 0.00> <CoreType = "Generic">   --->   Generic Core
ST_6 : Operation 27 [1/1] (1.58ns)   --->   "%ret_ln73 = ret" [src/fpx.c:73]   --->   Operation 27 'ret' 'ret_ln73' <Predicate = true> <Delay = 1.58>


============================================================
+ Verbose Summary: Binding
============================================================
STG Binding: 
---------------- STG Properties BEGIN ----------------
- Is combinational: 0
- Is one-state seq: 0
- Is datapath-only: 0
- Is pipelined: 0
- Is top level: 0
Port [ Return ] is wired: 1; IO mode=ap_ctrl_hs:ce=0
Port [ mc]:  wired=1; compound=1; hidden=0; nouse=0; global=0; static=0; extern=0; dir=2; type=1; pingpong=0; private_global=0; MemPort=[21]; IO mode=ap_memory:ce=0
Port [ p503p1_1]:  wired=0; compound=1; hidden=1; nouse=1; global=1; static=1; extern=0; dir=0; type=1; pingpong=0; private_global=0; MemPort=[1]; IO mode=ap_memory:ce=0
---------------- STG Properties END ------------------

---------------- Datapath Model BEGIN ----------------

<LifeTime>
<method=bitvector/>
empty                 (alloca           ) [ 0110000]
temp                  (alloca           ) [ 0011111]
store_ln0             (store            ) [ 0000000]
br_ln0                (br               ) [ 0000000]
p_load                (load             ) [ 0000000]
exitcond1             (icmp             ) [ 0010000]
empty_140             (add              ) [ 0000000]
br_ln0                (br               ) [ 0000000]
specpipeline_ln0      (specpipeline     ) [ 0000000]
speclooptripcount_ln0 (speclooptripcount) [ 0000000]
empty_141             (trunc            ) [ 0000000]
p_cast_cast           (zext             ) [ 0000000]
temp_addr             (getelementptr    ) [ 0000000]
store_ln0             (store            ) [ 0000000]
store_ln0             (store            ) [ 0000000]
br_ln0                (br               ) [ 0000000]
call_ln71             (call             ) [ 0000000]
call_ln72             (call             ) [ 0000000]
ret_ln73              (ret              ) [ 0000000]
</LifeTime>

<model>

<comp_list>
<comp id="0" class="1000" name="mc">
<pin_list>
<pin id="1" dir="1" index="0" bw="1" slack="0"/>
</pin_list>
<bind>
<StgValue><ssdm name="mc"/><MemPortTyVec>2 1 </MemPortTyVec>
</StgValue>
</bind>
</comp>

<comp id="2" class="1000" name="p503p1_1">
<pin_list>
<pin id="3" dir="1" index="0" bw="1" slack="0"/>
</pin_list>
<bind>
<StgValue><ssdm name="p503p1_1"/><MemPortTyVec>1 </MemPortTyVec>
</StgValue>
</bind>
</comp>

<comp id="4" class="1001" name="const_4">
<pin_list>
<pin id="5" dir="1" index="0" bw="1" slack="0"/>
</pin_list>
<bind>
<StgValue><ssdm name=""/></StgValue>
</bind>
</comp>

<comp id="6" class="1001" name="const_6">
<pin_list>
<pin id="7" dir="1" index="0" bw="1" slack="0"/>
</pin_list>
<bind>
<StgValue><ssdm name=""/></StgValue>
</bind>
</comp>

<comp id="8" class="1001" name="const_8">
<pin_list>
<pin id="9" dir="1" index="0" bw="1" slack="0"/>
</pin_list>
<bind>
<StgValue><ssdm name=""/></StgValue>
</bind>
</comp>

<comp id="10" class="1001" name="const_10">
<pin_list>
<pin id="11" dir="1" index="0" bw="1" slack="0"/>
</pin_list>
<bind>
<StgValue><ssdm name=""/></StgValue>
</bind>
</comp>

<comp id="12" class="1001" name="const_12">
<pin_list>
<pin id="13" dir="1" index="0" bw="1" slack="2147483647"/>
</pin_list>
<bind>
<StgValue><ssdm name="_ssdm_op_SpecPipeline"/></StgValue>
</bind>
</comp>

<comp id="14" class="1001" name="const_14">
<pin_list>
<pin id="15" dir="1" index="0" bw="1" slack="2147483647"/>
</pin_list>
<bind>
<StgValue><ssdm name=""/></StgValue>
</bind>
</comp>

<comp id="16" class="1001" name="const_16">
<pin_list>
<pin id="17" dir="1" index="0" bw="1" slack="0"/>
</pin_list>
<bind>
<StgValue><ssdm name=""/></StgValue>
</bind>
</comp>

<comp id="18" class="1001" name="const_18">
<pin_list>
<pin id="19" dir="1" index="0" bw="1" slack="2147483647"/>
</pin_list>
<bind>
<StgValue><ssdm name="empty_44"/></StgValue>
</bind>
</comp>

<comp id="20" class="1001" name="const_20">
<pin_list>
<pin id="21" dir="1" index="0" bw="1" slack="2147483647"/>
</pin_list>
<bind>
<StgValue><ssdm name="_ssdm_op_SpecLoopTripCount"/></StgValue>
</bind>
</comp>

<comp id="22" class="1001" name="const_22">
<pin_list>
<pin id="23" dir="1" index="0" bw="1" slack="2147483647"/>
</pin_list>
<bind>
<StgValue><ssdm name=""/></StgValue>
</bind>
</comp>

<comp id="24" class="1001" name="const_24">
<pin_list>
<pin id="25" dir="1" index="0" bw="1" slack="0"/>
</pin_list>
<bind>
<StgValue><ssdm name=""/></StgValue>
</bind>
</comp>

<comp id="26" class="1001" name="const_26">
<pin_list>
<pin id="27" dir="1" index="0" bw="1" slack="0"/>
</pin_list>
<bind>
<StgValue><ssdm name="mp_mul.141.2"/></StgValue>
</bind>
</comp>

<comp id="28" class="1001" name="const_28">
<pin_list>
<pin id="29" dir="1" index="0" bw="1" slack="0"/>
</pin_list>
<bind>
<StgValue><ssdm name="rdc_mont.142"/></StgValue>
</bind>
</comp>

<comp id="30" class="1004" name="empty_fu_30">
<pin_list>
<pin id="31" dir="0" index="0" bw="1" slack="0"/>
<pin id="32" dir="1" index="1" bw="5" slack="0"/>
</pin_list>
<bind>
<opcode="alloca(26) " fcode="alloca"/>
<opset="empty/1 "/>
</bind>
</comp>

<comp id="34" class="1004" name="temp_alloca_fu_34">
<pin_list>
<pin id="35" dir="0" index="0" bw="1" slack="0"/>
<pin id="36" dir="1" index="1" bw="64" slack="2147483647"/>
</pin_list>
<bind>
<opcode="alloca(26) " fcode="alloca"/>
<opset="temp/1 "/>
</bind>
</comp>

<comp id="38" class="1004" name="temp_addr_gep_fu_38">
<pin_list>
<pin id="39" dir="0" index="0" bw="64" slack="2147483647"/>
<pin id="40" dir="0" index="1" bw="1" slack="0"/>
<pin id="41" dir="0" index="2" bw="4" slack="0"/>
<pin id="42" dir="1" index="3" bw="4" slack="0"/>
</pin_list>
<bind>
<opcode="getelementptr(29) " fcode="getelementptr"/>
<opset="temp_addr/2 "/>
</bind>
</comp>

<comp id="44" class="1004" name="store_ln0_access_fu_44">
<pin_list>
<pin id="45" dir="0" index="0" bw="4" slack="0"/>
<pin id="46" dir="0" index="1" bw="64" slack="0"/>
<pin id="47" dir="0" index="2" bw="0" slack="2147483647"/>
<pin id="48" dir="1" index="3" bw="64" slack="2147483647"/>
</pin_list>
<bind>
<opcode="store(28) " fcode="store"/>
<opset="store_ln0/2 "/>
</bind>
</comp>

<comp id="51" class="1004" name="grp_mp_mul_141_2_fu_51">
<pin_list>
<pin id="52" dir="0" index="0" bw="0" slack="0"/>
<pin id="53" dir="0" index="1" bw="64" slack="0"/>
<pin id="54" dir="0" index="2" bw="64" slack="2147483647"/>
<pin id="55" dir="1" index="3" bw="0" slack="2147483647"/>
</pin_list>
<bind>
<opcode="call(48) " fcode="call"/>
<opset="call_ln71/3 "/>
</bind>
</comp>

<comp id="58" class="1004" name="grp_rdc_mont_142_fu_58">
<pin_list>
<pin id="59" dir="0" index="0" bw="0" slack="0"/>
<pin id="60" dir="0" index="1" bw="64" slack="2147483647"/>
<pin id="61" dir="0" index="2" bw="64" slack="0"/>
<pin id="62" dir="0" index="3" bw="64" slack="0"/>
<pin id="63" dir="1" index="4" bw="0" slack="2147483647"/>
</pin_list>
<bind>
<opcode="call(48) " fcode="call"/>
<opset="call_ln72/5 "/>
</bind>
</comp>

<comp id="67" class="1004" name="store_ln0_store_fu_67">
<pin_list>
<pin id="68" dir="0" index="0" bw="1" slack="0"/>
<pin id="69" dir="0" index="1" bw="5" slack="0"/>
<pin id="70" dir="1" index="2" bw="0" slack="2147483647"/>
</pin_list>
<bind>
<opcode="store(28) " fcode="store"/>
<opset="store_ln0/1 "/>
</bind>
</comp>

<comp id="72" class="1004" name="p_load_load_fu_72">
<pin_list>
<pin id="73" dir="0" index="0" bw="5" slack="1"/>
<pin id="74" dir="1" index="1" bw="5" slack="0"/>
</pin_list>
<bind>
<opcode="load(27) " fcode="load"/>
<opset="p_load/2 "/>
</bind>
</comp>

<comp id="75" class="1004" name="exitcond1_fu_75">
<pin_list>
<pin id="76" dir="0" index="0" bw="5" slack="0"/>
<pin id="77" dir="0" index="1" bw="5" slack="0"/>
<pin id="78" dir="1" index="2" bw="1" slack="2147483647"/>
</pin_list>
<bind>
<opcode="icmp(45) " fcode="icmp"/>
<opset="exitcond1/2 "/>
</bind>
</comp>

<comp id="81" class="1004" name="empty_140_fu_81">
<pin_list>
<pin id="82" dir="0" index="0" bw="5" slack="0"/>
<pin id="83" dir="0" index="1" bw="1" slack="0"/>
<pin id="84" dir="1" index="2" bw="5" slack="0"/>
</pin_list>
<bind>
<opcode="add(8) " fcode="add"/>
<opset="empty_140/2 "/>
</bind>
</comp>

<comp id="87" class="1004" name="empty_141_fu_87">
<pin_list>
<pin id="88" dir="0" index="0" bw="5" slack="0"/>
<pin id="89" dir="1" index="1" bw="4" slack="0"/>
</pin_list>
<bind>
<opcode="trunc(33) " fcode="trunc"/>
<opset="empty_141/2 "/>
</bind>
</comp>

<comp id="91" class="1004" name="p_cast_cast_fu_91">
<pin_list>
<pin id="92" dir="0" index="0" bw="4" slack="0"/>
<pin id="93" dir="1" index="1" bw="32" slack="0"/>
</pin_list>
<bind>
<opcode="zext(34) " fcode="zext"/>
<opset="p_cast_cast/2 "/>
</bind>
</comp>

<comp id="96" class="1004" name="store_ln0_store_fu_96">
<pin_list>
<pin id="97" dir="0" index="0" bw="5" slack="0"/>
<pin id="98" dir="0" index="1" bw="5" slack="1"/>
<pin id="99" dir="1" index="2" bw="0" slack="2147483647"/>
</pin_list>
<bind>
<opcode="store(28) " fcode="store"/>
<opset="store_ln0/2 "/>
</bind>
</comp>

<comp id="101" class="1005" name="empty_reg_101">
<pin_list>
<pin id="102" dir="0" index="0" bw="5" slack="0"/>
<pin id="103" dir="1" index="1" bw="5" slack="0"/>
</pin_list>
<bind>
<opset="empty "/>
</bind>
</comp>

</comp_list>

<net_list>
<net id="33"><net_src comp="4" pin="0"/><net_sink comp="30" pin=0"/></net>

<net id="37"><net_src comp="4" pin="0"/><net_sink comp="34" pin=0"/></net>

<net id="43"><net_src comp="16" pin="0"/><net_sink comp="38" pin=1"/></net>

<net id="49"><net_src comp="24" pin="0"/><net_sink comp="44" pin=1"/></net>

<net id="50"><net_src comp="38" pin="3"/><net_sink comp="44" pin=0"/></net>

<net id="56"><net_src comp="26" pin="0"/><net_sink comp="51" pin=0"/></net>

<net id="57"><net_src comp="0" pin="0"/><net_sink comp="51" pin=1"/></net>

<net id="64"><net_src comp="28" pin="0"/><net_sink comp="58" pin=0"/></net>

<net id="65"><net_src comp="0" pin="0"/><net_sink comp="58" pin=2"/></net>

<net id="66"><net_src comp="2" pin="0"/><net_sink comp="58" pin=3"/></net>

<net id="71"><net_src comp="6" pin="0"/><net_sink comp="67" pin=0"/></net>

<net id="79"><net_src comp="72" pin="1"/><net_sink comp="75" pin=0"/></net>

<net id="80"><net_src comp="8" pin="0"/><net_sink comp="75" pin=1"/></net>

<net id="85"><net_src comp="72" pin="1"/><net_sink comp="81" pin=0"/></net>

<net id="86"><net_src comp="10" pin="0"/><net_sink comp="81" pin=1"/></net>

<net id="90"><net_src comp="72" pin="1"/><net_sink comp="87" pin=0"/></net>

<net id="94"><net_src comp="87" pin="1"/><net_sink comp="91" pin=0"/></net>

<net id="95"><net_src comp="91" pin="1"/><net_sink comp="38" pin=2"/></net>

<net id="100"><net_src comp="81" pin="2"/><net_sink comp="96" pin=0"/></net>

<net id="104"><net_src comp="30" pin="1"/><net_sink comp="101" pin=0"/></net>

<net id="105"><net_src comp="101" pin="1"/><net_sink comp="67" pin=1"/></net>

<net id="106"><net_src comp="101" pin="1"/><net_sink comp="72" pin=0"/></net>

<net id="107"><net_src comp="101" pin="1"/><net_sink comp="96" pin=1"/></net>

</net_list>

</model> 
---------------- Datapath Model END ------------------

* FSMD analyzer results:
  - Output states:
	Port: mc | {5 6 }
	Port: p503p1_1 | {}
 - Input state : 
	Port: fpsqr503_mont.1 : mc | {3 4 5 6 }
	Port: fpsqr503_mont.1 : p503p1_1 | {5 6 }
  - Chain level:
	State 1
		store_ln0 : 1
	State 2
		exitcond1 : 1
		empty_140 : 1
		br_ln0 : 2
		empty_141 : 1
		p_cast_cast : 2
		temp_addr : 3
		store_ln0 : 4
		store_ln0 : 2
	State 3
	State 4
	State 5
	State 6


============================================================
+ Verbose Summary: Datapath Resource usage 
============================================================

* Functional unit list:
|----------|------------------------|---------|---------|---------|---------|
| Operation|     Functional Unit    |   DSP   |  Delay  |    FF   |   LUT   |
|----------|------------------------|---------|---------|---------|---------|
|   call   | grp_mp_mul_141_2_fu_51 |    48   | 39.9386 |   4493  |   3385  |
|          | grp_rdc_mont_142_fu_58 |    48   | 46.7678 |   5292  |   5183  |
|----------|------------------------|---------|---------|---------|---------|
|   icmp   |     exitcond1_fu_75    |    0    |    0    |    0    |    13   |
|----------|------------------------|---------|---------|---------|---------|
|    add   |     empty_140_fu_81    |    0    |    0    |    0    |    13   |
|----------|------------------------|---------|---------|---------|---------|
|   trunc  |     empty_141_fu_87    |    0    |    0    |    0    |    0    |
|----------|------------------------|---------|---------|---------|---------|
|   zext   |    p_cast_cast_fu_91   |    0    |    0    |    0    |    0    |
|----------|------------------------|---------|---------|---------|---------|
|   Total  |                        |    96   | 86.7064 |   9785  |   8594  |
|----------|------------------------|---------|---------|---------|---------|

Memories:
+----+--------+--------+--------+--------+
|    |  BRAM  |   FF   |   LUT  |  URAM  |
+----+--------+--------+--------+--------+
|temp|    2   |    0   |    0   |    0   |
+----+--------+--------+--------+--------+
|Total|    2   |    0   |    0   |    0   |
+----+--------+--------+--------+--------+

* Register list:
+-------------+--------+
|             |   FF   |
+-------------+--------+
|empty_reg_101|    5   |
+-------------+--------+
|    Total    |    5   |
+-------------+--------+

* Multiplexer (MUX) list: 
|--------|------|------|------|--------|
|  Comp  |  Pin | Size |  BW  | S x BW |
|--------|------|------|------|--------|
|  Total |      |      |      |    0   |
|--------|------|------|------|--------|



* Summary:
+-----------+--------+--------+--------+--------+--------+--------+
|           |  BRAM  |   DSP  |  Delay |   FF   |   LUT  |  URAM  |
+-----------+--------+--------+--------+--------+--------+--------+
|  Function |    -   |   96   |   86   |  9785  |  8594  |    -   |
|   Memory  |    2   |    -   |    -   |    0   |    0   |    0   |
|Multiplexer|    -   |    -   |    -   |    -   |    -   |    -   |
|  Register |    -   |    -   |    -   |    5   |    -   |    -   |
+-----------+--------+--------+--------+--------+--------+--------+
|   Total   |    2   |   96   |   86   |  9790  |  8594  |    0   |
+-----------+--------+--------+--------+--------+--------+--------+
