

================================================================
== Vitis HLS Report for 'fpsub503_1_Pipeline_VITIS_LOOP_47_1'
================================================================
* Date:           Tue May 20 14:36:06 2025

* Version:        2024.2.2 (Build 6049644 on Mar  5 2025)
* Project:        sikep503_hls
* Solution:       solution1 (Vivado IP Flow Target)
* Product family: zynq
* Target device:  xc7z020-clg484-1


================================================================
== Performance Estimates
================================================================
+ Timing: 
    * Summary: 
    +--------+----------+----------+------------+
    |  Clock |  Target  | Estimated| Uncertainty|
    +--------+----------+----------+------------+
    |ap_clk  |  10.00 ns|  6.774 ns|     2.70 ns|
    +--------+----------+----------+------------+

+ Latency: 
    * Summary: 
    +---------+---------+----------+----------+-----+-----+------------------------------------------------+
    |  Latency (cycles) |  Latency (absolute) |  Interval |                    Pipeline                    |
    |   min   |   max   |    min   |    max   | min | max |                      Type                      |
    +---------+---------+----------+----------+-----+-----+------------------------------------------------+
    |       11|       11|  0.110 us|  0.110 us|    9|    9|  loop auto-rewind stp (delay=0 clock cycles(s))|
    +---------+---------+----------+----------+-----+-----+------------------------------------------------+

    + Detail: 
        * Instance: 
        N/A

        * Loop: 
        +-------------------+---------+---------+----------+-----------+-----------+------+----------+
        |                   |  Latency (cycles) | Iteration|  Initiation Interval  | Trip |          |
        |     Loop Name     |   min   |   max   |  Latency |  achieved |   target  | Count| Pipelined|
        +-------------------+---------+---------+----------+-----------+-----------+------+----------+
        |- VITIS_LOOP_47_1  |        9|        9|         3|          1|          1|     8|       yes|
        +-------------------+---------+---------+----------+-----------+-----------+------+----------+



================================================================
== Utilization Estimates
================================================================
* Summary: 
+-----------------+---------+-----+--------+-------+-----+
|       Name      | BRAM_18K| DSP |   FF   |  LUT  | URAM|
+-----------------+---------+-----+--------+-------+-----+
|DSP              |        -|    -|       -|      -|    -|
|Expression       |        -|    -|       0|    567|    -|
|FIFO             |        -|    -|       -|      -|    -|
|Instance         |        -|    -|       -|      -|    -|
|Memory           |        -|    -|       -|      -|    -|
|Multiplexer      |        -|    -|       0|     54|    -|
|Register         |        -|    -|     210|      -|    -|
+-----------------+---------+-----+--------+-------+-----+
|Total            |        0|    0|     210|    621|    0|
+-----------------+---------+-----+--------+-------+-----+
|Available        |      280|  220|  106400|  53200|    0|
+-----------------+---------+-----+--------+-------+-----+
|Utilization (%)  |        0|    0|      ~0|      1|    0|
+-----------------+---------+-----+--------+-------+-----+

+ Detail: 
    * Instance: 
    N/A

    * DSP: 
    N/A

    * Memory: 
    N/A

    * FIFO: 
    N/A

    * Expression: 
    +------------------------+----------+----+---+----+------------+------------+
    |      Variable Name     | Operation| DSP| FF| LUT| Bitwidth P0| Bitwidth P1|
    +------------------------+----------+----+---+----+------------+------------+
    |add_ln47_fu_128_p2      |         +|   0|  0|  13|           4|           1|
    |sub_ln48_fu_222_p2      |         -|   0|  0|  71|          64|          64|
    |sub_ln95_fu_182_p2      |         -|   0|  0|  71|           1|          64|
    |tempReg_fu_149_p2       |         -|   0|  0|  71|          64|          64|
    |and_ln48_fu_206_p2      |       and|   0|  0|   2|           1|           1|
    |icmp_ln47_fu_122_p2     |      icmp|   0|  0|  13|           4|           5|
    |borrowReg_fu_212_p2     |        or|   0|  0|   2|           1|           1|
    |or_ln105_fu_163_p2      |        or|   0|  0|  64|          64|          64|
    |or_ln95_fu_187_p2       |        or|   0|  0|  64|          64|          64|
    |ap_enable_pp0           |       xor|   0|  0|   2|           1|           2|
    |xor_ln105_80_fu_159_p2  |       xor|   0|  0|  64|          64|          64|
    |xor_ln105_81_fu_169_p2  |       xor|   0|  0|  64|          64|          64|
    |xor_ln105_fu_155_p2     |       xor|   0|  0|  64|          64|          64|
    |xor_ln48_fu_200_p2      |       xor|   0|  0|   2|           1|           2|
    +------------------------+----------+----+---+----+------------+------------+
    |Total                   |          |   0|  0| 567|         461|         524|
    +------------------------+----------+----+---+----+------------+------------+

    * Multiplexer: 
    +-------------------------+----+-----------+-----+-----------+
    |           Name          | LUT| Input Size| Bits| Total Bits|
    +-------------------------+----+-----------+-----+-----------+
    |ap_done_int              |   9|          2|    1|          2|
    |ap_enable_reg_pp0_iter2  |   9|          2|    1|          2|
    |ap_sig_allocacmp_i_102   |   9|          2|    4|          8|
    |borrow_reg_101           |   9|          2|    1|          2|
    |coeff_we0_local          |   9|          2|    8|         16|
    |i_fu_52                  |   9|          2|    4|          8|
    +-------------------------+----+-----------+-----+-----------+
    |Total                    |  54|         12|   19|         38|
    +-------------------------+----+-----------+-----+-----------+

    * Register: 
    +----------------------------------+----+----+-----+-----------+
    |               Name               | FF | LUT| Bits| Const Bits|
    +----------------------------------+----+----+-----+-----------+
    |R_X_load_reg_270                  |  64|   0|   64|          0|
    |R_Z_load_reg_276                  |  64|   0|   64|          0|
    |ap_CS_fsm                         |   1|   0|    1|          0|
    |ap_done_reg                       |   1|   0|    1|          0|
    |ap_enable_reg_pp0_iter1           |   1|   0|    1|          0|
    |ap_enable_reg_pp0_iter2           |   1|   0|    1|          0|
    |ap_loop_exit_ready_pp0_iter1_reg  |   1|   0|    1|          0|
    |borrow_reg_101                    |   1|   0|    1|          0|
    |i_fu_52                           |   4|   0|    4|          0|
    |icmp_ln47_reg_251                 |   1|   0|    1|          0|
    |icmp_ln47_reg_251_pp0_iter1_reg   |   1|   0|    1|          0|
    |tempReg_reg_282                   |  64|   0|   64|          0|
    |trunc_ln48_reg_255                |   3|   0|    3|          0|
    |trunc_ln48_reg_255_pp0_iter1_reg  |   3|   0|    3|          0|
    +----------------------------------+----+----+-----+-----------+
    |Total                             | 210|   0|  210|          0|
    +----------------------------------+----+----+-----+-----------+



================================================================
== Interface
================================================================
* Summary: 
+-------------------+-----+-----+------------+-------------------------------------+--------------+
|     RTL Ports     | Dir | Bits|  Protocol  |            Source Object            |    C Type    |
+-------------------+-----+-----+------------+-------------------------------------+--------------+
|ap_clk             |   in|    1|  ap_ctrl_hs|  fpsub503.1_Pipeline_VITIS_LOOP_47_1|  return value|
|ap_rst             |   in|    1|  ap_ctrl_hs|  fpsub503.1_Pipeline_VITIS_LOOP_47_1|  return value|
|ap_start           |   in|    1|  ap_ctrl_hs|  fpsub503.1_Pipeline_VITIS_LOOP_47_1|  return value|
|ap_done            |  out|    1|  ap_ctrl_hs|  fpsub503.1_Pipeline_VITIS_LOOP_47_1|  return value|
|ap_idle            |  out|    1|  ap_ctrl_hs|  fpsub503.1_Pipeline_VITIS_LOOP_47_1|  return value|
|ap_ready           |  out|    1|  ap_ctrl_hs|  fpsub503.1_Pipeline_VITIS_LOOP_47_1|  return value|
|R_X_address0       |  out|    4|   ap_memory|                                  R_X|         array|
|R_X_ce0            |  out|    1|   ap_memory|                                  R_X|         array|
|R_X_q0             |   in|   64|   ap_memory|                                  R_X|         array|
|R_Z_address0       |  out|    4|   ap_memory|                                  R_Z|         array|
|R_Z_ce0            |  out|    1|   ap_memory|                                  R_Z|         array|
|R_Z_q0             |   in|   64|   ap_memory|                                  R_Z|         array|
|coeff_address0     |  out|    6|   ap_memory|                                coeff|         array|
|coeff_ce0          |  out|    1|   ap_memory|                                coeff|         array|
|coeff_we0          |  out|    8|   ap_memory|                                coeff|         array|
|coeff_d0           |  out|   64|   ap_memory|                                coeff|         array|
|borrow_out         |  out|    1|      ap_vld|                           borrow_out|       pointer|
|borrow_out_ap_vld  |  out|    1|      ap_vld|                           borrow_out|       pointer|
+-------------------+-----+-----+------------+-------------------------------------+--------------+

============================================================
+ Verbose Summary: Synthesis Manager
============================================================
InlineROM: 1
ExposeGlobal: 0
============================================================
+ Verbose Summary: CDFG Model
============================================================
IsTopModel: 0
ResetActiveHigh: 1
IsCombinational: 2
IsDatapathOnly: 2
HasWiredReturn: 1
HasMFsm: 2
HasVarLatency: 1
IsPipeline: 0
IsRtlPipelined: 0
IsInstanceOverlapped: 0
IsDontTouch: 0
HasImplIP: 0
IsGatedGlobalClock: 0

+ Individual pipeline summary: 
  * Pipeline-0: initiation interval (II) = 1, depth = 3


============================================================
+ Verbose Summary: Schedule
============================================================
* Number of FSM states : 3
* Pipeline : 1
  Pipeline-0 : II = 1, D = 3, States = { 1 2 3 }
* Dataflow Pipeline: 0

* FSM state transitions: 
1 --> 2 
2 --> 3 
3 --> 

* FSM state operations: 

State 1 <SV = 0> <Delay = 4.91>
ST_1 : Operation 6 [1/1] (0.00ns)   --->   "%i = alloca i32 1" [src/generic/fp_generic.c:44]   --->   Operation 6 'alloca' 'i' <Predicate = true> <Delay = 0.00>
ST_1 : Operation 7 [1/1] (0.00ns)   --->   "%specbramwithbyteenable_ln0 = specbramwithbyteenable void @_ssdm_op_SpecBRAMWithByteEnable, i64 %coeff"   --->   Operation 7 'specbramwithbyteenable' 'specbramwithbyteenable_ln0' <Predicate = true> <Delay = 0.00>
ST_1 : Operation 8 [1/1] (1.58ns)   --->   "%store_ln44 = store i4 0, i4 %i" [src/generic/fp_generic.c:44]   --->   Operation 8 'store' 'store_ln44' <Predicate = true> <Delay = 1.58>
ST_1 : Operation 9 [1/1] (1.58ns)   --->   "%br_ln0 = br void %for.inc"   --->   Operation 9 'br' 'br_ln0' <Predicate = true> <Delay = 1.58>
ST_1 : Operation 10 [1/1] (0.00ns)   --->   "%i_102 = load i4 %i" [src/generic/fp_generic.c:48]   --->   Operation 10 'load' 'i_102' <Predicate = true> <Delay = 0.00>
ST_1 : Operation 11 [1/1] (1.73ns)   --->   "%icmp_ln47 = icmp_eq  i4 %i_102, i4 8" [src/generic/fp_generic.c:47]   --->   Operation 11 'icmp' 'icmp_ln47' <Predicate = true> <Delay = 1.73> <CoreInst = "Cmp">   --->   Core 9 'Cmp' <Latency = 0> <II = 1> <Delay = 1.78> <FuncUnit> <Opcode : 'seteq' 'setne' 'setle' 'setge' 'setlt' 'setgt'> <InPorts = 2> <OutPorts = 1>
ST_1 : Operation 12 [1/1] (1.73ns)   --->   "%add_ln47 = add i4 %i_102, i4 1" [src/generic/fp_generic.c:47]   --->   Operation 12 'add' 'add_ln47' <Predicate = true> <Delay = 1.73> <CoreInst = "Adder">   --->   Core 1 'Adder' <Latency = 0> <II = 1> <Delay = 1.73> <FuncUnit> <Opcode : 'add' 'sub'> <InPorts = 2> <OutPorts = 1>
ST_1 : Operation 13 [1/1] (0.00ns)   --->   "%trunc_ln48 = trunc i4 %i_102" [src/generic/fp_generic.c:48]   --->   Operation 13 'trunc' 'trunc_ln48' <Predicate = (!icmp_ln47)> <Delay = 0.00>
ST_1 : Operation 14 [1/1] (0.00ns)   --->   "%zext_ln48_9 = zext i3 %trunc_ln48" [src/generic/fp_generic.c:48]   --->   Operation 14 'zext' 'zext_ln48_9' <Predicate = (!icmp_ln47)> <Delay = 0.00>
ST_1 : Operation 15 [1/1] (0.00ns)   --->   "%R_X_addr = getelementptr i64 %R_X, i32 0, i32 %zext_ln48_9" [src/generic/fp_generic.c:48]   --->   Operation 15 'getelementptr' 'R_X_addr' <Predicate = (!icmp_ln47)> <Delay = 0.00>
ST_1 : Operation 16 [2/2] (3.25ns)   --->   "%R_X_load = load i4 %R_X_addr" [src/generic/fp_generic.c:48]   --->   Operation 16 'load' 'R_X_load' <Predicate = (!icmp_ln47)> <Delay = 3.25> <CoreInst = "RAM">   --->   Core 81 'RAM' <Latency = 1> <II = 1> <Delay = 3.25> <Storage> <Opcode : 'load' 'store'> <Ports = 2> <Width = 64> <Depth = 16> <RAM>
ST_1 : Operation 17 [1/1] (0.00ns)   --->   "%R_Z_addr = getelementptr i64 %R_Z, i32 0, i32 %zext_ln48_9" [src/generic/fp_generic.c:48]   --->   Operation 17 'getelementptr' 'R_Z_addr' <Predicate = (!icmp_ln47)> <Delay = 0.00>
ST_1 : Operation 18 [2/2] (3.25ns)   --->   "%R_Z_load = load i4 %R_Z_addr" [src/generic/fp_generic.c:48]   --->   Operation 18 'load' 'R_Z_load' <Predicate = (!icmp_ln47)> <Delay = 3.25> <CoreInst = "RAM">   --->   Core 81 'RAM' <Latency = 1> <II = 1> <Delay = 3.25> <Storage> <Opcode : 'load' 'store'> <Ports = 2> <Width = 64> <Depth = 16> <RAM>
ST_1 : Operation 19 [1/1] (1.58ns)   --->   "%store_ln44 = store i4 %add_ln47, i4 %i" [src/generic/fp_generic.c:44]   --->   Operation 19 'store' 'store_ln44' <Predicate = (!icmp_ln47)> <Delay = 1.58>

State 2 <SV = 1> <Delay = 6.77>
ST_2 : Operation 20 [1/1] (0.00ns)   --->   "%borrow = phi i1 0, void %newFuncRoot, i1 %borrowReg, void %for.inc.split"   --->   Operation 20 'phi' 'borrow' <Predicate = true> <Delay = 0.00>
ST_2 : Operation 21 [1/1] (0.00ns)   --->   "%br_ln47 = br i1 %icmp_ln47, void %for.inc.split, void %for.end.exitStub" [src/generic/fp_generic.c:47]   --->   Operation 21 'br' 'br_ln47' <Predicate = true> <Delay = 0.00>
ST_2 : Operation 22 [1/2] ( I:3.25ns O:3.25ns )   --->   "%R_X_load = load i4 %R_X_addr" [src/generic/fp_generic.c:48]   --->   Operation 22 'load' 'R_X_load' <Predicate = (!icmp_ln47)> <Delay = 3.25> <CoreInst = "RAM">   --->   Core 81 'RAM' <Latency = 1> <II = 1> <Delay = 3.25> <Storage> <Opcode : 'load' 'store'> <Ports = 2> <Width = 64> <Depth = 16> <RAM>
ST_2 : Operation 23 [1/2] ( I:3.25ns O:3.25ns )   --->   "%R_Z_load = load i4 %R_Z_addr" [src/generic/fp_generic.c:48]   --->   Operation 23 'load' 'R_Z_load' <Predicate = (!icmp_ln47)> <Delay = 3.25> <CoreInst = "RAM">   --->   Core 81 'RAM' <Latency = 1> <II = 1> <Delay = 3.25> <Storage> <Opcode : 'load' 'store'> <Ports = 2> <Width = 64> <Depth = 16> <RAM>
ST_2 : Operation 24 [1/1] (3.52ns)   --->   "%tempReg = sub i64 %R_X_load, i64 %R_Z_load" [src/generic/fp_generic.c:48]   --->   Operation 24 'sub' 'tempReg' <Predicate = (!icmp_ln47)> <Delay = 3.52> <CoreInst = "Adder">   --->   Core 1 'Adder' <Latency = 0> <II = 1> <Delay = 3.52> <FuncUnit> <Opcode : 'add' 'sub'> <InPorts = 2> <OutPorts = 1>
ST_2 : Operation 47 [1/1] (0.00ns)   --->   "%write_ln48 = write void @_ssdm_op_Write.ap_auto.i1P0A, i1 %borrow_out, i1 %borrow" [src/generic/fp_generic.c:48]   --->   Operation 47 'write' 'write_ln48' <Predicate = (icmp_ln47)> <Delay = 0.00>
ST_2 : Operation 48 [1/1] (1.58ns)   --->   "%ret_ln0 = ret"   --->   Operation 48 'ret' 'ret_ln0' <Predicate = (icmp_ln47)> <Delay = 1.58>

State 3 <SV = 2> <Delay = 6.77>
ST_3 : Operation 25 [1/1] (0.00ns)   --->   "%specpipeline_ln44 = specpipeline void @_ssdm_op_SpecPipeline, i32 4294967295, i32 0, i32 0, i32 0, void @empty_44" [src/generic/fp_generic.c:44]   --->   Operation 25 'specpipeline' 'specpipeline_ln44' <Predicate = (!icmp_ln47)> <Delay = 0.00>
ST_3 : Operation 26 [1/1] (0.00ns)   --->   "%speclooptripcount_ln44 = speclooptripcount void @_ssdm_op_SpecLoopTripCount, i64 8, i64 8, i64 8" [src/generic/fp_generic.c:44]   --->   Operation 26 'speclooptripcount' 'speclooptripcount_ln44' <Predicate = (!icmp_ln47)> <Delay = 0.00>
ST_3 : Operation 27 [1/1] (0.00ns)   --->   "%specloopname_ln47 = specloopname void @_ssdm_op_SpecLoopName, void @empty_35" [src/generic/fp_generic.c:47]   --->   Operation 27 'specloopname' 'specloopname_ln47' <Predicate = (!icmp_ln47)> <Delay = 0.00>
ST_3 : Operation 28 [1/1] (0.00ns) (grouped into LUT with out node tmp)   --->   "%xor_ln105 = xor i64 %R_Z_load, i64 %R_X_load" [src/config.h:105->src/generic/fp_generic.c:48]   --->   Operation 28 'xor' 'xor_ln105' <Predicate = (!icmp_ln47)> <Delay = 0.00> <CoreInst = "LogicGate">   --->   Core 74 'LogicGate' <Latency = 0> <II = 1> <Delay = 0.99> <FuncUnit> <Opcode : 'and' 'or' 'xor'> <InPorts = 2> <OutPorts = 1>
ST_3 : Operation 29 [1/1] (0.00ns) (grouped into LUT with out node tmp)   --->   "%xor_ln105_80 = xor i64 %R_Z_load, i64 %tempReg" [src/config.h:105->src/generic/fp_generic.c:48]   --->   Operation 29 'xor' 'xor_ln105_80' <Predicate = (!icmp_ln47)> <Delay = 0.00> <CoreInst = "LogicGate">   --->   Core 74 'LogicGate' <Latency = 0> <II = 1> <Delay = 0.99> <FuncUnit> <Opcode : 'and' 'or' 'xor'> <InPorts = 2> <OutPorts = 1>
ST_3 : Operation 30 [1/1] (0.00ns) (grouped into LUT with out node tmp)   --->   "%or_ln105 = or i64 %xor_ln105_80, i64 %xor_ln105" [src/config.h:105->src/generic/fp_generic.c:48]   --->   Operation 30 'or' 'or_ln105' <Predicate = (!icmp_ln47)> <Delay = 0.00> <CoreInst = "LogicGate">   --->   Core 74 'LogicGate' <Latency = 0> <II = 1> <Delay = 0.99> <FuncUnit> <Opcode : 'and' 'or' 'xor'> <InPorts = 2> <OutPorts = 1>
ST_3 : Operation 31 [1/1] (0.00ns) (grouped into LUT with out node tmp)   --->   "%xor_ln105_81 = xor i64 %R_X_load, i64 %or_ln105" [src/config.h:105->src/generic/fp_generic.c:48]   --->   Operation 31 'xor' 'xor_ln105_81' <Predicate = (!icmp_ln47)> <Delay = 0.00> <CoreInst = "LogicGate">   --->   Core 74 'LogicGate' <Latency = 0> <II = 1> <Delay = 0.99> <FuncUnit> <Opcode : 'and' 'or' 'xor'> <InPorts = 2> <OutPorts = 1>
ST_3 : Operation 32 [1/1] (0.99ns) (out node of the LUT)   --->   "%tmp = bitselect i1 @_ssdm_op_BitSelect.i1.i64.i32, i64 %xor_ln105_81, i32 63" [src/config.h:98->src/generic/fp_generic.c:48]   --->   Operation 32 'bitselect' 'tmp' <Predicate = (!icmp_ln47)> <Delay = 0.99>
ST_3 : Operation 33 [1/1] (3.52ns)   --->   "%sub_ln95 = sub i64 0, i64 %tempReg" [src/config.h:95->src/config.h:100->src/generic/fp_generic.c:48]   --->   Operation 33 'sub' 'sub_ln95' <Predicate = (!icmp_ln47)> <Delay = 3.52> <CoreInst = "Adder">   --->   Core 1 'Adder' <Latency = 0> <II = 1> <Delay = 3.52> <FuncUnit> <Opcode : 'add' 'sub'> <InPorts = 2> <OutPorts = 1>
ST_3 : Operation 34 [1/1] (0.00ns) (grouped into LUT with out node borrowReg)   --->   "%or_ln95 = or i64 %tempReg, i64 %sub_ln95" [src/config.h:95->src/config.h:100->src/generic/fp_generic.c:48]   --->   Operation 34 'or' 'or_ln95' <Predicate = (!icmp_ln47)> <Delay = 0.00> <CoreInst = "LogicGate">   --->   Core 74 'LogicGate' <Latency = 0> <II = 1> <Delay = 0.99> <FuncUnit> <Opcode : 'and' 'or' 'xor'> <InPorts = 2> <OutPorts = 1>
ST_3 : Operation 35 [1/1] (0.00ns) (grouped into LUT with out node borrowReg)   --->   "%tmp_173 = bitselect i1 @_ssdm_op_BitSelect.i1.i64.i32, i64 %or_ln95, i32 63" [src/generic/fp_generic.c:48]   --->   Operation 35 'bitselect' 'tmp_173' <Predicate = (!icmp_ln47)> <Delay = 0.00>
ST_3 : Operation 36 [1/1] (0.00ns) (grouped into LUT with out node borrowReg)   --->   "%xor_ln48 = xor i1 %tmp_173, i1 1" [src/generic/fp_generic.c:48]   --->   Operation 36 'xor' 'xor_ln48' <Predicate = (!icmp_ln47)> <Delay = 0.00> <CoreInst = "LogicGate">   --->   Core 74 'LogicGate' <Latency = 0> <II = 1> <Delay = 0.97> <FuncUnit> <Opcode : 'and' 'or' 'xor'> <InPorts = 2> <OutPorts = 1>
ST_3 : Operation 37 [1/1] (0.00ns) (grouped into LUT with out node borrowReg)   --->   "%and_ln48 = and i1 %borrow, i1 %xor_ln48" [src/generic/fp_generic.c:48]   --->   Operation 37 'and' 'and_ln48' <Predicate = (!icmp_ln47)> <Delay = 0.00> <CoreInst = "LogicGate">   --->   Core 74 'LogicGate' <Latency = 0> <II = 1> <Delay = 0.97> <FuncUnit> <Opcode : 'and' 'or' 'xor'> <InPorts = 2> <OutPorts = 1>
ST_3 : Operation 38 [1/1] (0.99ns) (out node of the LUT)   --->   "%borrowReg = or i1 %and_ln48, i1 %tmp" [src/generic/fp_generic.c:48]   --->   Operation 38 'or' 'borrowReg' <Predicate = (!icmp_ln47)> <Delay = 0.99> <CoreInst = "LogicGate">   --->   Core 74 'LogicGate' <Latency = 0> <II = 1> <Delay = 0.97> <FuncUnit> <Opcode : 'and' 'or' 'xor'> <InPorts = 2> <OutPorts = 1>
ST_3 : Operation 39 [1/1] (0.00ns)   --->   "%zext_ln48 = zext i1 %borrow" [src/generic/fp_generic.c:48]   --->   Operation 39 'zext' 'zext_ln48' <Predicate = (!icmp_ln47)> <Delay = 0.00>
ST_3 : Operation 40 [1/1] (3.52ns)   --->   "%sub_ln48 = sub i64 %tempReg, i64 %zext_ln48" [src/generic/fp_generic.c:48]   --->   Operation 40 'sub' 'sub_ln48' <Predicate = (!icmp_ln47)> <Delay = 3.52> <CoreInst = "Adder">   --->   Core 1 'Adder' <Latency = 0> <II = 1> <Delay = 3.52> <FuncUnit> <Opcode : 'add' 'sub'> <InPorts = 2> <OutPorts = 1>
ST_3 : Operation 41 [1/1] (0.00ns)   --->   "%zext_ln48_10 = zext i3 %trunc_ln48" [src/generic/fp_generic.c:48]   --->   Operation 41 'zext' 'zext_ln48_10' <Predicate = (!icmp_ln47)> <Delay = 0.00>
ST_3 : Operation 42 [1/1] (0.00ns)   --->   "%zext_ln48_s = bitconcatenate i5 @_ssdm_op_BitConcatenate.i5.i1.i4, i1 1, i4 %zext_ln48_10" [src/generic/fp_generic.c:48]   --->   Operation 42 'bitconcatenate' 'zext_ln48_s' <Predicate = (!icmp_ln47)> <Delay = 0.00>
ST_3 : Operation 43 [1/1] (0.00ns)   --->   "%zext_ln48_11 = zext i5 %zext_ln48_s" [src/generic/fp_generic.c:48]   --->   Operation 43 'zext' 'zext_ln48_11' <Predicate = (!icmp_ln47)> <Delay = 0.00>
ST_3 : Operation 44 [1/1] (0.00ns)   --->   "%coeff_addr = getelementptr i64 %coeff, i32 0, i32 %zext_ln48_11" [src/generic/fp_generic.c:48]   --->   Operation 44 'getelementptr' 'coeff_addr' <Predicate = (!icmp_ln47)> <Delay = 0.00>
ST_3 : Operation 45 [1/1] ( I:3.25ns O:3.25ns )   --->   "%store_ln48 = store void @_ssdm_op_Write.bram.i64, i6 %coeff_addr, i64 %sub_ln48, i8 255" [src/generic/fp_generic.c:48]   --->   Operation 45 'store' 'store_ln48' <Predicate = (!icmp_ln47)> <Delay = 3.25> <CoreInst = "RAM">   --->   Core 81 'RAM' <Latency = 1> <II = 1> <Delay = 3.25> <Storage> <Opcode : 'load' 'store'> <Ports = 2> <Width = 64> <Depth = 48> <RAM>
ST_3 : Operation 46 [1/1] (0.00ns)   --->   "%br_ln47 = br void %for.inc" [src/generic/fp_generic.c:47]   --->   Operation 46 'br' 'br_ln47' <Predicate = (!icmp_ln47)> <Delay = 0.00>


============================================================
+ Verbose Summary: Binding
============================================================
STG Binding: 
---------------- STG Properties BEGIN ----------------
- Is combinational: 0
- Is one-state seq: 0
- Is datapath-only: 0
- Is pipelined: 0
- Is top level: 0
Port [ Return ] is wired: 1; IO mode=ap_ctrl_hs:ce=0
Port [ R_X]:  wired=1; compound=1; hidden=0; nouse=0; global=0; static=0; extern=0; dir=0; type=1; pingpong=0; private_global=0; MemPort=[13]; IO mode=ap_memory:ce=0
Port [ R_Z]:  wired=1; compound=1; hidden=0; nouse=0; global=0; static=0; extern=0; dir=0; type=1; pingpong=0; private_global=0; MemPort=[13]; IO mode=ap_memory:ce=0
Port [ coeff]:  wired=1; compound=1; hidden=0; nouse=0; global=0; static=0; extern=0; dir=1; type=1; pingpong=0; private_global=0; MemPort=[03]; IO mode=ap_memory:ce=0
Port [ borrow_out]:  wired=1; compound=0; hidden=0; nouse=0; global=0; static=0; extern=0; dir=1; type=0; pingpong=0; private_global=0; IO mode=ap_vld:ce=0
---------------- STG Properties END ------------------

---------------- Datapath Model BEGIN ----------------

<LifeTime>
<method=bitvector/>
i                          (alloca                ) [ 0100]
specbramwithbyteenable_ln0 (specbramwithbyteenable) [ 0000]
store_ln44                 (store                 ) [ 0000]
br_ln0                     (br                    ) [ 0111]
i_102                      (load                  ) [ 0000]
icmp_ln47                  (icmp                  ) [ 0111]
add_ln47                   (add                   ) [ 0000]
trunc_ln48                 (trunc                 ) [ 0111]
zext_ln48_9                (zext                  ) [ 0000]
R_X_addr                   (getelementptr         ) [ 0110]
R_Z_addr                   (getelementptr         ) [ 0110]
store_ln44                 (store                 ) [ 0000]
borrow                     (phi                   ) [ 0111]
br_ln47                    (br                    ) [ 0000]
R_X_load                   (load                  ) [ 0101]
R_Z_load                   (load                  ) [ 0101]
tempReg                    (sub                   ) [ 0101]
specpipeline_ln44          (specpipeline          ) [ 0000]
speclooptripcount_ln44     (speclooptripcount     ) [ 0000]
specloopname_ln47          (specloopname          ) [ 0000]
xor_ln105                  (xor                   ) [ 0000]
xor_ln105_80               (xor                   ) [ 0000]
or_ln105                   (or                    ) [ 0000]
xor_ln105_81               (xor                   ) [ 0000]
tmp                        (bitselect             ) [ 0000]
sub_ln95                   (sub                   ) [ 0000]
or_ln95                    (or                    ) [ 0000]
tmp_173                    (bitselect             ) [ 0000]
xor_ln48                   (xor                   ) [ 0000]
and_ln48                   (and                   ) [ 0000]
borrowReg                  (or                    ) [ 0111]
zext_ln48                  (zext                  ) [ 0000]
sub_ln48                   (sub                   ) [ 0000]
zext_ln48_10               (zext                  ) [ 0000]
zext_ln48_s                (bitconcatenate        ) [ 0000]
zext_ln48_11               (zext                  ) [ 0000]
coeff_addr                 (getelementptr         ) [ 0000]
store_ln48                 (store                 ) [ 0000]
br_ln47                    (br                    ) [ 0111]
write_ln48                 (write                 ) [ 0000]
ret_ln0                    (ret                   ) [ 0000]
</LifeTime>

<model>

<comp_list>
<comp id="0" class="1000" name="R_X">
<pin_list>
<pin id="1" dir="1" index="0" bw="1" slack="0"/>
</pin_list>
<bind>
<StgValue><ssdm name="R_X"/><MemPortTyVec>1 3 </MemPortTyVec>
</StgValue>
</bind>
</comp>

<comp id="2" class="1000" name="R_Z">
<pin_list>
<pin id="3" dir="1" index="0" bw="1" slack="0"/>
</pin_list>
<bind>
<StgValue><ssdm name="R_Z"/><MemPortTyVec>1 3 </MemPortTyVec>
</StgValue>
</bind>
</comp>

<comp id="4" class="1000" name="coeff">
<pin_list>
<pin id="5" dir="1" index="0" bw="1" slack="0"/>
</pin_list>
<bind>
<StgValue><ssdm name="coeff"/><MemPortTyVec>0 3 </MemPortTyVec>
</StgValue>
</bind>
</comp>

<comp id="6" class="1000" name="borrow_out">
<pin_list>
<pin id="7" dir="1" index="0" bw="1" slack="0"/>
</pin_list>
<bind>
<StgValue><ssdm name="borrow_out"/></StgValue>
</bind>
</comp>

<comp id="8" class="1001" name="const_8">
<pin_list>
<pin id="9" dir="1" index="0" bw="1" slack="0"/>
</pin_list>
<bind>
<StgValue><ssdm name=""/></StgValue>
</bind>
</comp>

<comp id="10" class="1001" name="const_10">
<pin_list>
<pin id="11" dir="1" index="0" bw="1" slack="2147483647"/>
</pin_list>
<bind>
<StgValue><ssdm name="_ssdm_op_SpecBRAMWithByteEnable"/></StgValue>
</bind>
</comp>

<comp id="12" class="1001" name="const_12">
<pin_list>
<pin id="13" dir="1" index="0" bw="1" slack="0"/>
</pin_list>
<bind>
<StgValue><ssdm name=""/></StgValue>
</bind>
</comp>

<comp id="14" class="1001" name="const_14">
<pin_list>
<pin id="15" dir="1" index="0" bw="1" slack="0"/>
</pin_list>
<bind>
<StgValue><ssdm name=""/></StgValue>
</bind>
</comp>

<comp id="16" class="1001" name="const_16">
<pin_list>
<pin id="17" dir="1" index="0" bw="1" slack="0"/>
</pin_list>
<bind>
<StgValue><ssdm name=""/></StgValue>
</bind>
</comp>

<comp id="18" class="1001" name="const_18">
<pin_list>
<pin id="19" dir="1" index="0" bw="1" slack="0"/>
</pin_list>
<bind>
<StgValue><ssdm name=""/></StgValue>
</bind>
</comp>

<comp id="20" class="1001" name="const_20">
<pin_list>
<pin id="21" dir="1" index="0" bw="1" slack="1"/>
</pin_list>
<bind>
<StgValue><ssdm name=""/></StgValue>
</bind>
</comp>

<comp id="22" class="1001" name="const_22">
<pin_list>
<pin id="23" dir="1" index="0" bw="1" slack="2147483647"/>
</pin_list>
<bind>
<StgValue><ssdm name="_ssdm_op_SpecPipeline"/></StgValue>
</bind>
</comp>

<comp id="24" class="1001" name="const_24">
<pin_list>
<pin id="25" dir="1" index="0" bw="1" slack="2147483647"/>
</pin_list>
<bind>
<StgValue><ssdm name=""/></StgValue>
</bind>
</comp>

<comp id="26" class="1001" name="const_26">
<pin_list>
<pin id="27" dir="1" index="0" bw="1" slack="2147483647"/>
</pin_list>
<bind>
<StgValue><ssdm name="empty_44"/></StgValue>
</bind>
</comp>

<comp id="28" class="1001" name="const_28">
<pin_list>
<pin id="29" dir="1" index="0" bw="1" slack="2147483647"/>
</pin_list>
<bind>
<StgValue><ssdm name="_ssdm_op_SpecLoopTripCount"/></StgValue>
</bind>
</comp>

<comp id="30" class="1001" name="const_30">
<pin_list>
<pin id="31" dir="1" index="0" bw="1" slack="2147483647"/>
</pin_list>
<bind>
<StgValue><ssdm name=""/></StgValue>
</bind>
</comp>

<comp id="32" class="1001" name="const_32">
<pin_list>
<pin id="33" dir="1" index="0" bw="1" slack="2147483647"/>
</pin_list>
<bind>
<StgValue><ssdm name="_ssdm_op_SpecLoopName"/></StgValue>
</bind>
</comp>

<comp id="34" class="1001" name="const_34">
<pin_list>
<pin id="35" dir="1" index="0" bw="1" slack="2147483647"/>
</pin_list>
<bind>
<StgValue><ssdm name="empty_35"/></StgValue>
</bind>
</comp>

<comp id="36" class="1001" name="const_36">
<pin_list>
<pin id="37" dir="1" index="0" bw="1" slack="0"/>
</pin_list>
<bind>
<StgValue><ssdm name="_ssdm_op_BitSelect.i1.i64.i32"/></StgValue>
</bind>
</comp>

<comp id="38" class="1001" name="const_38">
<pin_list>
<pin id="39" dir="1" index="0" bw="1" slack="0"/>
</pin_list>
<bind>
<StgValue><ssdm name=""/></StgValue>
</bind>
</comp>

<comp id="40" class="1001" name="const_40">
<pin_list>
<pin id="41" dir="1" index="0" bw="1" slack="0"/>
</pin_list>
<bind>
<StgValue><ssdm name=""/></StgValue>
</bind>
</comp>

<comp id="42" class="1001" name="const_42">
<pin_list>
<pin id="43" dir="1" index="0" bw="1" slack="0"/>
</pin_list>
<bind>
<StgValue><ssdm name=""/></StgValue>
</bind>
</comp>

<comp id="44" class="1001" name="const_44">
<pin_list>
<pin id="45" dir="1" index="0" bw="1" slack="0"/>
</pin_list>
<bind>
<StgValue><ssdm name="_ssdm_op_BitConcatenate.i5.i1.i4"/></StgValue>
</bind>
</comp>

<comp id="46" class="1001" name="const_46">
<pin_list>
<pin id="47" dir="1" index="0" bw="1" slack="2147483647"/>
</pin_list>
<bind>
<StgValue><ssdm name="_ssdm_op_Write.bram.i64"/></StgValue>
</bind>
</comp>

<comp id="48" class="1001" name="const_48">
<pin_list>
<pin id="49" dir="1" index="0" bw="1" slack="2147483647"/>
</pin_list>
<bind>
<StgValue><ssdm name=""/></StgValue>
</bind>
</comp>

<comp id="50" class="1001" name="const_50">
<pin_list>
<pin id="51" dir="1" index="0" bw="1" slack="0"/>
</pin_list>
<bind>
<StgValue><ssdm name="_ssdm_op_Write.ap_auto.i1P0A"/></StgValue>
</bind>
</comp>

<comp id="52" class="1004" name="i_fu_52">
<pin_list>
<pin id="53" dir="0" index="0" bw="1" slack="0"/>
<pin id="54" dir="1" index="1" bw="4" slack="0"/>
</pin_list>
<bind>
<opcode="alloca(26) " fcode="alloca"/>
<opset="i/1 "/>
</bind>
</comp>

<comp id="56" class="1004" name="write_ln48_write_fu_56">
<pin_list>
<pin id="57" dir="0" index="0" bw="0" slack="0"/>
<pin id="58" dir="0" index="1" bw="1" slack="0"/>
<pin id="59" dir="0" index="2" bw="1" slack="0"/>
<pin id="60" dir="1" index="3" bw="0" slack="2147483647"/>
</pin_list>
<bind>
<opcode="write(1151) " fcode="write"/>
<opset="write_ln48/2 "/>
</bind>
</comp>

<comp id="63" class="1004" name="R_X_addr_gep_fu_63">
<pin_list>
<pin id="64" dir="0" index="0" bw="64" slack="0"/>
<pin id="65" dir="0" index="1" bw="1" slack="0"/>
<pin id="66" dir="0" index="2" bw="3" slack="0"/>
<pin id="67" dir="1" index="3" bw="4" slack="0"/>
</pin_list>
<bind>
<opcode="getelementptr(29) " fcode="getelementptr"/>
<opset="R_X_addr/1 "/>
</bind>
</comp>

<comp id="70" class="1004" name="grp_access_fu_70">
<pin_list>
<pin id="71" dir="0" index="0" bw="4" slack="0"/>
<pin id="72" dir="0" index="1" bw="64" slack="2147483647"/>
<pin id="73" dir="0" index="2" bw="0" slack="2147483647"/>
<pin id="74" dir="1" index="3" bw="64" slack="0"/>
</pin_list>
<bind>
<opcode="load(27) " fcode="load"/>
<opset="R_X_load/1 "/>
</bind>
</comp>

<comp id="76" class="1004" name="R_Z_addr_gep_fu_76">
<pin_list>
<pin id="77" dir="0" index="0" bw="64" slack="0"/>
<pin id="78" dir="0" index="1" bw="1" slack="0"/>
<pin id="79" dir="0" index="2" bw="3" slack="0"/>
<pin id="80" dir="1" index="3" bw="4" slack="0"/>
</pin_list>
<bind>
<opcode="getelementptr(29) " fcode="getelementptr"/>
<opset="R_Z_addr/1 "/>
</bind>
</comp>

<comp id="83" class="1004" name="grp_access_fu_83">
<pin_list>
<pin id="84" dir="0" index="0" bw="4" slack="0"/>
<pin id="85" dir="0" index="1" bw="64" slack="2147483647"/>
<pin id="86" dir="0" index="2" bw="0" slack="2147483647"/>
<pin id="87" dir="1" index="3" bw="64" slack="0"/>
</pin_list>
<bind>
<opcode="load(27) " fcode="load"/>
<opset="R_Z_load/1 "/>
</bind>
</comp>

<comp id="89" class="1004" name="coeff_addr_gep_fu_89">
<pin_list>
<pin id="90" dir="0" index="0" bw="64" slack="0"/>
<pin id="91" dir="0" index="1" bw="1" slack="0"/>
<pin id="92" dir="0" index="2" bw="5" slack="0"/>
<pin id="93" dir="1" index="3" bw="6" slack="2147483647"/>
</pin_list>
<bind>
<opcode="getelementptr(29) " fcode="getelementptr"/>
<opset="coeff_addr/3 "/>
</bind>
</comp>

<comp id="96" class="1004" name="store_ln48_access_fu_96">
<pin_list>
<pin id="97" dir="0" index="0" bw="6" slack="2147483647"/>
<pin id="98" dir="0" index="1" bw="64" slack="0"/>
<pin id="99" dir="0" index="2" bw="8" slack="2147483647"/>
<pin id="100" dir="1" index="3" bw="64" slack="2147483647"/>
</pin_list>
<bind>
<opcode="store(28) " fcode="store"/>
<opset="store_ln48/3 "/>
</bind>
</comp>

<comp id="101" class="1005" name="borrow_reg_101">
<pin_list>
<pin id="102" dir="0" index="0" bw="1" slack="1"/>
<pin id="103" dir="1" index="1" bw="1" slack="1"/>
</pin_list>
<bind>
<opset="borrow (phireg) "/>
</bind>
</comp>

<comp id="105" class="1004" name="borrow_phi_fu_105">
<pin_list>
<pin id="106" dir="0" index="0" bw="1" slack="1"/>
<pin id="107" dir="0" index="1" bw="0" slack="2147483647"/>
<pin id="108" dir="0" index="2" bw="1" slack="1"/>
<pin id="109" dir="0" index="3" bw="0" slack="2147483647"/>
<pin id="110" dir="1" index="4" bw="1" slack="0"/>
</pin_list>
<bind>
<opcode="phi(47) " fcode="phi"/>
<opset="borrow/2 "/>
</bind>
</comp>

<comp id="114" class="1004" name="store_ln44_store_fu_114">
<pin_list>
<pin id="115" dir="0" index="0" bw="1" slack="0"/>
<pin id="116" dir="0" index="1" bw="4" slack="0"/>
<pin id="117" dir="1" index="2" bw="0" slack="2147483647"/>
</pin_list>
<bind>
<opcode="store(28) " fcode="store"/>
<opset="store_ln44/1 "/>
</bind>
</comp>

<comp id="119" class="1004" name="i_102_load_fu_119">
<pin_list>
<pin id="120" dir="0" index="0" bw="4" slack="0"/>
<pin id="121" dir="1" index="1" bw="4" slack="0"/>
</pin_list>
<bind>
<opcode="load(27) " fcode="load"/>
<opset="i_102/1 "/>
</bind>
</comp>

<comp id="122" class="1004" name="icmp_ln47_fu_122">
<pin_list>
<pin id="123" dir="0" index="0" bw="4" slack="0"/>
<pin id="124" dir="0" index="1" bw="4" slack="0"/>
<pin id="125" dir="1" index="2" bw="1" slack="1"/>
</pin_list>
<bind>
<opcode="icmp(45) " fcode="icmp"/>
<opset="icmp_ln47/1 "/>
</bind>
</comp>

<comp id="128" class="1004" name="add_ln47_fu_128">
<pin_list>
<pin id="129" dir="0" index="0" bw="4" slack="0"/>
<pin id="130" dir="0" index="1" bw="1" slack="0"/>
<pin id="131" dir="1" index="2" bw="4" slack="0"/>
</pin_list>
<bind>
<opcode="add(8) " fcode="add"/>
<opset="add_ln47/1 "/>
</bind>
</comp>

<comp id="134" class="1004" name="trunc_ln48_fu_134">
<pin_list>
<pin id="135" dir="0" index="0" bw="4" slack="0"/>
<pin id="136" dir="1" index="1" bw="3" slack="0"/>
</pin_list>
<bind>
<opcode="trunc(33) " fcode="trunc"/>
<opset="trunc_ln48/1 "/>
</bind>
</comp>

<comp id="138" class="1004" name="zext_ln48_9_fu_138">
<pin_list>
<pin id="139" dir="0" index="0" bw="3" slack="0"/>
<pin id="140" dir="1" index="1" bw="32" slack="0"/>
</pin_list>
<bind>
<opcode="zext(34) " fcode="zext"/>
<opset="zext_ln48_9/1 "/>
</bind>
</comp>

<comp id="144" class="1004" name="store_ln44_store_fu_144">
<pin_list>
<pin id="145" dir="0" index="0" bw="4" slack="0"/>
<pin id="146" dir="0" index="1" bw="4" slack="0"/>
<pin id="147" dir="1" index="2" bw="0" slack="2147483647"/>
</pin_list>
<bind>
<opcode="store(28) " fcode="store"/>
<opset="store_ln44/1 "/>
</bind>
</comp>

<comp id="149" class="1004" name="tempReg_fu_149">
<pin_list>
<pin id="150" dir="0" index="0" bw="64" slack="0"/>
<pin id="151" dir="0" index="1" bw="64" slack="0"/>
<pin id="152" dir="1" index="2" bw="64" slack="1"/>
</pin_list>
<bind>
<opcode="sub(10) " fcode="sub"/>
<opset="tempReg/2 "/>
</bind>
</comp>

<comp id="155" class="1004" name="xor_ln105_fu_155">
<pin_list>
<pin id="156" dir="0" index="0" bw="64" slack="1"/>
<pin id="157" dir="0" index="1" bw="64" slack="1"/>
<pin id="158" dir="1" index="2" bw="64" slack="0"/>
</pin_list>
<bind>
<opcode="xor(25) " fcode="xor"/>
<opset="xor_ln105/3 "/>
</bind>
</comp>

<comp id="159" class="1004" name="xor_ln105_80_fu_159">
<pin_list>
<pin id="160" dir="0" index="0" bw="64" slack="1"/>
<pin id="161" dir="0" index="1" bw="64" slack="1"/>
<pin id="162" dir="1" index="2" bw="64" slack="0"/>
</pin_list>
<bind>
<opcode="xor(25) " fcode="xor"/>
<opset="xor_ln105_80/3 "/>
</bind>
</comp>

<comp id="163" class="1004" name="or_ln105_fu_163">
<pin_list>
<pin id="164" dir="0" index="0" bw="64" slack="0"/>
<pin id="165" dir="0" index="1" bw="64" slack="0"/>
<pin id="166" dir="1" index="2" bw="64" slack="0"/>
</pin_list>
<bind>
<opcode="or(24) " fcode="or"/>
<opset="or_ln105/3 "/>
</bind>
</comp>

<comp id="169" class="1004" name="xor_ln105_81_fu_169">
<pin_list>
<pin id="170" dir="0" index="0" bw="64" slack="1"/>
<pin id="171" dir="0" index="1" bw="64" slack="0"/>
<pin id="172" dir="1" index="2" bw="64" slack="0"/>
</pin_list>
<bind>
<opcode="xor(25) " fcode="xor"/>
<opset="xor_ln105_81/3 "/>
</bind>
</comp>

<comp id="174" class="1004" name="tmp_fu_174">
<pin_list>
<pin id="175" dir="0" index="0" bw="1" slack="0"/>
<pin id="176" dir="0" index="1" bw="64" slack="0"/>
<pin id="177" dir="0" index="2" bw="7" slack="0"/>
<pin id="178" dir="1" index="3" bw="1" slack="0"/>
</pin_list>
<bind>
<opcode="bitselect(1000) " fcode="bitselect"/>
<opset="tmp/3 "/>
</bind>
</comp>

<comp id="182" class="1004" name="sub_ln95_fu_182">
<pin_list>
<pin id="183" dir="0" index="0" bw="1" slack="0"/>
<pin id="184" dir="0" index="1" bw="64" slack="1"/>
<pin id="185" dir="1" index="2" bw="64" slack="0"/>
</pin_list>
<bind>
<opcode="sub(10) " fcode="sub"/>
<opset="sub_ln95/3 "/>
</bind>
</comp>

<comp id="187" class="1004" name="or_ln95_fu_187">
<pin_list>
<pin id="188" dir="0" index="0" bw="64" slack="1"/>
<pin id="189" dir="0" index="1" bw="64" slack="0"/>
<pin id="190" dir="1" index="2" bw="64" slack="0"/>
</pin_list>
<bind>
<opcode="or(24) " fcode="or"/>
<opset="or_ln95/3 "/>
</bind>
</comp>

<comp id="192" class="1004" name="tmp_173_fu_192">
<pin_list>
<pin id="193" dir="0" index="0" bw="1" slack="0"/>
<pin id="194" dir="0" index="1" bw="64" slack="0"/>
<pin id="195" dir="0" index="2" bw="7" slack="0"/>
<pin id="196" dir="1" index="3" bw="1" slack="0"/>
</pin_list>
<bind>
<opcode="bitselect(1000) " fcode="bitselect"/>
<opset="tmp_173/3 "/>
</bind>
</comp>

<comp id="200" class="1004" name="xor_ln48_fu_200">
<pin_list>
<pin id="201" dir="0" index="0" bw="1" slack="0"/>
<pin id="202" dir="0" index="1" bw="1" slack="0"/>
<pin id="203" dir="1" index="2" bw="1" slack="0"/>
</pin_list>
<bind>
<opcode="xor(25) " fcode="xor"/>
<opset="xor_ln48/3 "/>
</bind>
</comp>

<comp id="206" class="1004" name="and_ln48_fu_206">
<pin_list>
<pin id="207" dir="0" index="0" bw="1" slack="1"/>
<pin id="208" dir="0" index="1" bw="1" slack="0"/>
<pin id="209" dir="1" index="2" bw="1" slack="0"/>
</pin_list>
<bind>
<opcode="and(23) " fcode="and"/>
<opset="and_ln48/3 "/>
</bind>
</comp>

<comp id="212" class="1004" name="borrowReg_fu_212">
<pin_list>
<pin id="213" dir="0" index="0" bw="1" slack="0"/>
<pin id="214" dir="0" index="1" bw="1" slack="0"/>
<pin id="215" dir="1" index="2" bw="1" slack="1"/>
</pin_list>
<bind>
<opcode="or(24) " fcode="or"/>
<opset="borrowReg/3 "/>
</bind>
</comp>

<comp id="218" class="1004" name="zext_ln48_fu_218">
<pin_list>
<pin id="219" dir="0" index="0" bw="1" slack="1"/>
<pin id="220" dir="1" index="1" bw="64" slack="0"/>
</pin_list>
<bind>
<opcode="zext(34) " fcode="zext"/>
<opset="zext_ln48/3 "/>
</bind>
</comp>

<comp id="222" class="1004" name="sub_ln48_fu_222">
<pin_list>
<pin id="223" dir="0" index="0" bw="64" slack="1"/>
<pin id="224" dir="0" index="1" bw="1" slack="0"/>
<pin id="225" dir="1" index="2" bw="64" slack="0"/>
</pin_list>
<bind>
<opcode="sub(10) " fcode="sub"/>
<opset="sub_ln48/3 "/>
</bind>
</comp>

<comp id="228" class="1004" name="zext_ln48_10_fu_228">
<pin_list>
<pin id="229" dir="0" index="0" bw="3" slack="2"/>
<pin id="230" dir="1" index="1" bw="4" slack="0"/>
</pin_list>
<bind>
<opcode="zext(34) " fcode="zext"/>
<opset="zext_ln48_10/3 "/>
</bind>
</comp>

<comp id="231" class="1004" name="zext_ln48_s_fu_231">
<pin_list>
<pin id="232" dir="0" index="0" bw="5" slack="0"/>
<pin id="233" dir="0" index="1" bw="1" slack="0"/>
<pin id="234" dir="0" index="2" bw="3" slack="0"/>
<pin id="235" dir="1" index="3" bw="5" slack="0"/>
</pin_list>
<bind>
<opcode="bitconcatenate(1004) " fcode="bitconcatenate"/>
<opset="zext_ln48_s/3 "/>
</bind>
</comp>

<comp id="239" class="1004" name="zext_ln48_11_fu_239">
<pin_list>
<pin id="240" dir="0" index="0" bw="5" slack="0"/>
<pin id="241" dir="1" index="1" bw="32" slack="0"/>
</pin_list>
<bind>
<opcode="zext(34) " fcode="zext"/>
<opset="zext_ln48_11/3 "/>
</bind>
</comp>

<comp id="244" class="1005" name="i_reg_244">
<pin_list>
<pin id="245" dir="0" index="0" bw="4" slack="0"/>
<pin id="246" dir="1" index="1" bw="4" slack="0"/>
</pin_list>
<bind>
<opset="i "/>
</bind>
</comp>

<comp id="251" class="1005" name="icmp_ln47_reg_251">
<pin_list>
<pin id="252" dir="0" index="0" bw="1" slack="1"/>
<pin id="253" dir="1" index="1" bw="1" slack="2147483647"/>
</pin_list>
<bind>
<opset="icmp_ln47 "/>
</bind>
</comp>

<comp id="255" class="1005" name="trunc_ln48_reg_255">
<pin_list>
<pin id="256" dir="0" index="0" bw="3" slack="2"/>
<pin id="257" dir="1" index="1" bw="3" slack="2"/>
</pin_list>
<bind>
<opset="trunc_ln48 "/>
</bind>
</comp>

<comp id="260" class="1005" name="R_X_addr_reg_260">
<pin_list>
<pin id="261" dir="0" index="0" bw="4" slack="1"/>
<pin id="262" dir="1" index="1" bw="4" slack="1"/>
</pin_list>
<bind>
<opset="R_X_addr "/>
</bind>
</comp>

<comp id="265" class="1005" name="R_Z_addr_reg_265">
<pin_list>
<pin id="266" dir="0" index="0" bw="4" slack="1"/>
<pin id="267" dir="1" index="1" bw="4" slack="1"/>
</pin_list>
<bind>
<opset="R_Z_addr "/>
</bind>
</comp>

<comp id="270" class="1005" name="R_X_load_reg_270">
<pin_list>
<pin id="271" dir="0" index="0" bw="64" slack="1"/>
<pin id="272" dir="1" index="1" bw="64" slack="1"/>
</pin_list>
<bind>
<opset="R_X_load "/>
</bind>
</comp>

<comp id="276" class="1005" name="R_Z_load_reg_276">
<pin_list>
<pin id="277" dir="0" index="0" bw="64" slack="1"/>
<pin id="278" dir="1" index="1" bw="64" slack="1"/>
</pin_list>
<bind>
<opset="R_Z_load "/>
</bind>
</comp>

<comp id="282" class="1005" name="tempReg_reg_282">
<pin_list>
<pin id="283" dir="0" index="0" bw="64" slack="1"/>
<pin id="284" dir="1" index="1" bw="64" slack="1"/>
</pin_list>
<bind>
<opset="tempReg "/>
</bind>
</comp>

<comp id="290" class="1005" name="borrowReg_reg_290">
<pin_list>
<pin id="291" dir="0" index="0" bw="1" slack="1"/>
<pin id="292" dir="1" index="1" bw="1" slack="1"/>
</pin_list>
<bind>
<opset="borrowReg "/>
</bind>
</comp>

</comp_list>

<net_list>
<net id="55"><net_src comp="8" pin="0"/><net_sink comp="52" pin=0"/></net>

<net id="61"><net_src comp="50" pin="0"/><net_sink comp="56" pin=0"/></net>

<net id="62"><net_src comp="6" pin="0"/><net_sink comp="56" pin=1"/></net>

<net id="68"><net_src comp="0" pin="0"/><net_sink comp="63" pin=0"/></net>

<net id="69"><net_src comp="18" pin="0"/><net_sink comp="63" pin=1"/></net>

<net id="75"><net_src comp="63" pin="3"/><net_sink comp="70" pin=0"/></net>

<net id="81"><net_src comp="2" pin="0"/><net_sink comp="76" pin=0"/></net>

<net id="82"><net_src comp="18" pin="0"/><net_sink comp="76" pin=1"/></net>

<net id="88"><net_src comp="76" pin="3"/><net_sink comp="83" pin=0"/></net>

<net id="94"><net_src comp="4" pin="0"/><net_sink comp="89" pin=0"/></net>

<net id="95"><net_src comp="18" pin="0"/><net_sink comp="89" pin=1"/></net>

<net id="104"><net_src comp="20" pin="0"/><net_sink comp="101" pin=0"/></net>

<net id="111"><net_src comp="101" pin="1"/><net_sink comp="105" pin=0"/></net>

<net id="112"><net_src comp="105" pin="4"/><net_sink comp="101" pin=0"/></net>

<net id="113"><net_src comp="105" pin="4"/><net_sink comp="56" pin=2"/></net>

<net id="118"><net_src comp="12" pin="0"/><net_sink comp="114" pin=0"/></net>

<net id="126"><net_src comp="119" pin="1"/><net_sink comp="122" pin=0"/></net>

<net id="127"><net_src comp="14" pin="0"/><net_sink comp="122" pin=1"/></net>

<net id="132"><net_src comp="119" pin="1"/><net_sink comp="128" pin=0"/></net>

<net id="133"><net_src comp="16" pin="0"/><net_sink comp="128" pin=1"/></net>

<net id="137"><net_src comp="119" pin="1"/><net_sink comp="134" pin=0"/></net>

<net id="141"><net_src comp="134" pin="1"/><net_sink comp="138" pin=0"/></net>

<net id="142"><net_src comp="138" pin="1"/><net_sink comp="63" pin=2"/></net>

<net id="143"><net_src comp="138" pin="1"/><net_sink comp="76" pin=2"/></net>

<net id="148"><net_src comp="128" pin="2"/><net_sink comp="144" pin=0"/></net>

<net id="153"><net_src comp="70" pin="3"/><net_sink comp="149" pin=0"/></net>

<net id="154"><net_src comp="83" pin="3"/><net_sink comp="149" pin=1"/></net>

<net id="167"><net_src comp="159" pin="2"/><net_sink comp="163" pin=0"/></net>

<net id="168"><net_src comp="155" pin="2"/><net_sink comp="163" pin=1"/></net>

<net id="173"><net_src comp="163" pin="2"/><net_sink comp="169" pin=1"/></net>

<net id="179"><net_src comp="36" pin="0"/><net_sink comp="174" pin=0"/></net>

<net id="180"><net_src comp="169" pin="2"/><net_sink comp="174" pin=1"/></net>

<net id="181"><net_src comp="38" pin="0"/><net_sink comp="174" pin=2"/></net>

<net id="186"><net_src comp="40" pin="0"/><net_sink comp="182" pin=0"/></net>

<net id="191"><net_src comp="182" pin="2"/><net_sink comp="187" pin=1"/></net>

<net id="197"><net_src comp="36" pin="0"/><net_sink comp="192" pin=0"/></net>

<net id="198"><net_src comp="187" pin="2"/><net_sink comp="192" pin=1"/></net>

<net id="199"><net_src comp="38" pin="0"/><net_sink comp="192" pin=2"/></net>

<net id="204"><net_src comp="192" pin="3"/><net_sink comp="200" pin=0"/></net>

<net id="205"><net_src comp="42" pin="0"/><net_sink comp="200" pin=1"/></net>

<net id="210"><net_src comp="101" pin="1"/><net_sink comp="206" pin=0"/></net>

<net id="211"><net_src comp="200" pin="2"/><net_sink comp="206" pin=1"/></net>

<net id="216"><net_src comp="206" pin="2"/><net_sink comp="212" pin=0"/></net>

<net id="217"><net_src comp="174" pin="3"/><net_sink comp="212" pin=1"/></net>

<net id="221"><net_src comp="101" pin="1"/><net_sink comp="218" pin=0"/></net>

<net id="226"><net_src comp="218" pin="1"/><net_sink comp="222" pin=1"/></net>

<net id="227"><net_src comp="222" pin="2"/><net_sink comp="96" pin=1"/></net>

<net id="236"><net_src comp="44" pin="0"/><net_sink comp="231" pin=0"/></net>

<net id="237"><net_src comp="42" pin="0"/><net_sink comp="231" pin=1"/></net>

<net id="238"><net_src comp="228" pin="1"/><net_sink comp="231" pin=2"/></net>

<net id="242"><net_src comp="231" pin="3"/><net_sink comp="239" pin=0"/></net>

<net id="243"><net_src comp="239" pin="1"/><net_sink comp="89" pin=2"/></net>

<net id="247"><net_src comp="52" pin="1"/><net_sink comp="244" pin=0"/></net>

<net id="248"><net_src comp="244" pin="1"/><net_sink comp="114" pin=1"/></net>

<net id="249"><net_src comp="244" pin="1"/><net_sink comp="119" pin=0"/></net>

<net id="250"><net_src comp="244" pin="1"/><net_sink comp="144" pin=1"/></net>

<net id="254"><net_src comp="122" pin="2"/><net_sink comp="251" pin=0"/></net>

<net id="258"><net_src comp="134" pin="1"/><net_sink comp="255" pin=0"/></net>

<net id="259"><net_src comp="255" pin="1"/><net_sink comp="228" pin=0"/></net>

<net id="263"><net_src comp="63" pin="3"/><net_sink comp="260" pin=0"/></net>

<net id="264"><net_src comp="260" pin="1"/><net_sink comp="70" pin=0"/></net>

<net id="268"><net_src comp="76" pin="3"/><net_sink comp="265" pin=0"/></net>

<net id="269"><net_src comp="265" pin="1"/><net_sink comp="83" pin=0"/></net>

<net id="273"><net_src comp="70" pin="3"/><net_sink comp="270" pin=0"/></net>

<net id="274"><net_src comp="270" pin="1"/><net_sink comp="155" pin=1"/></net>

<net id="275"><net_src comp="270" pin="1"/><net_sink comp="169" pin=0"/></net>

<net id="279"><net_src comp="83" pin="3"/><net_sink comp="276" pin=0"/></net>

<net id="280"><net_src comp="276" pin="1"/><net_sink comp="155" pin=0"/></net>

<net id="281"><net_src comp="276" pin="1"/><net_sink comp="159" pin=0"/></net>

<net id="285"><net_src comp="149" pin="2"/><net_sink comp="282" pin=0"/></net>

<net id="286"><net_src comp="282" pin="1"/><net_sink comp="159" pin=1"/></net>

<net id="287"><net_src comp="282" pin="1"/><net_sink comp="182" pin=1"/></net>

<net id="288"><net_src comp="282" pin="1"/><net_sink comp="187" pin=0"/></net>

<net id="289"><net_src comp="282" pin="1"/><net_sink comp="222" pin=0"/></net>

<net id="293"><net_src comp="212" pin="2"/><net_sink comp="290" pin=0"/></net>

<net id="294"><net_src comp="290" pin="1"/><net_sink comp="105" pin=2"/></net>

</net_list>

</model> 
---------------- Datapath Model END ------------------

* FSMD analyzer results:
  - Output states:
	Port: R_X | {}
	Port: R_Z | {}
	Port: coeff | {3 }
	Port: borrow_out | {2 }
 - Input state : 
	Port: fpsub503.1_Pipeline_VITIS_LOOP_47_1 : R_X | {1 2 }
	Port: fpsub503.1_Pipeline_VITIS_LOOP_47_1 : R_Z | {1 2 }
	Port: fpsub503.1_Pipeline_VITIS_LOOP_47_1 : coeff | {}
  - Chain level:
	State 1
		store_ln44 : 1
		i_102 : 1
		icmp_ln47 : 2
		add_ln47 : 2
		trunc_ln48 : 2
		zext_ln48_9 : 3
		R_X_addr : 4
		R_X_load : 5
		R_Z_addr : 4
		R_Z_load : 5
		store_ln44 : 3
	State 2
		tempReg : 1
		write_ln48 : 1
	State 3
		or_ln95 : 1
		tmp_173 : 1
		xor_ln48 : 2
		and_ln48 : 2
		borrowReg : 2
		sub_ln48 : 1
		zext_ln48_s : 1
		zext_ln48_11 : 2
		coeff_addr : 3
		store_ln48 : 4


============================================================
+ Verbose Summary: Datapath Resource usage 
============================================================

* Functional unit list:
|----------|------------------------|---------|---------|
| Operation|     Functional Unit    |    FF   |   LUT   |
|----------|------------------------|---------|---------|
|          |     tempReg_fu_149     |    0    |    71   |
|    sub   |     sub_ln95_fu_182    |    0    |    71   |
|          |     sub_ln48_fu_222    |    0    |    71   |
|----------|------------------------|---------|---------|
|          |    xor_ln105_fu_155    |    0    |    64   |
|    xor   |   xor_ln105_80_fu_159  |    0    |    64   |
|          |   xor_ln105_81_fu_169  |    0    |    64   |
|          |     xor_ln48_fu_200    |    0    |    2    |
|----------|------------------------|---------|---------|
|          |     or_ln105_fu_163    |    0    |    64   |
|    or    |     or_ln95_fu_187     |    0    |    64   |
|          |    borrowReg_fu_212    |    0    |    2    |
|----------|------------------------|---------|---------|
|   icmp   |    icmp_ln47_fu_122    |    0    |    13   |
|----------|------------------------|---------|---------|
|    add   |     add_ln47_fu_128    |    0    |    13   |
|----------|------------------------|---------|---------|
|    and   |     and_ln48_fu_206    |    0    |    2    |
|----------|------------------------|---------|---------|
|   write  | write_ln48_write_fu_56 |    0    |    0    |
|----------|------------------------|---------|---------|
|   trunc  |    trunc_ln48_fu_134   |    0    |    0    |
|----------|------------------------|---------|---------|
|          |   zext_ln48_9_fu_138   |    0    |    0    |
|   zext   |    zext_ln48_fu_218    |    0    |    0    |
|          |   zext_ln48_10_fu_228  |    0    |    0    |
|          |   zext_ln48_11_fu_239  |    0    |    0    |
|----------|------------------------|---------|---------|
| bitselect|       tmp_fu_174       |    0    |    0    |
|          |     tmp_173_fu_192     |    0    |    0    |
|----------|------------------------|---------|---------|
|bitconcatenate|   zext_ln48_s_fu_231   |    0    |    0    |
|----------|------------------------|---------|---------|
|   Total  |                        |    0    |   565   |
|----------|------------------------|---------|---------|

Memories:
N/A

* Register list:
+------------------+--------+
|                  |   FF   |
+------------------+--------+
| R_X_addr_reg_260 |    4   |
| R_X_load_reg_270 |   64   |
| R_Z_addr_reg_265 |    4   |
| R_Z_load_reg_276 |   64   |
| borrowReg_reg_290|    1   |
|  borrow_reg_101  |    1   |
|     i_reg_244    |    4   |
| icmp_ln47_reg_251|    1   |
|  tempReg_reg_282 |   64   |
|trunc_ln48_reg_255|    3   |
+------------------+--------+
|       Total      |   210  |
+------------------+--------+

* Multiplexer (MUX) list: 
|------------------|------|------|------|--------||---------||---------||---------|
|       Comp       |  Pin | Size |  BW  | S x BW ||  Delay  ||    FF   ||   LUT   |
|------------------|------|------|------|--------||---------||---------||---------|
| grp_access_fu_70 |  p0  |   2  |   4  |    8   ||    0    ||    9    |
| grp_access_fu_83 |  p0  |   2  |   4  |    8   ||    0    ||    9    |
|  borrow_reg_101  |  p0  |   2  |   1  |    2   ||    0    ||    9    |
|------------------|------|------|------|--------||---------||---------||---------|
|       Total      |      |      |      |   18   ||  4.764  ||    0    ||    27   |
|------------------|------|------|------|--------||---------||---------||---------|



* Summary:
+-----------+--------+--------+--------+
|           |  Delay |   FF   |   LUT  |
+-----------+--------+--------+--------+
|  Function |    -   |    0   |   565  |
|   Memory  |    -   |    -   |    -   |
|Multiplexer|    4   |    0   |   27   |
|  Register |    -   |   210  |    -   |
+-----------+--------+--------+--------+
|   Total   |    4   |   210  |   592  |
+-----------+--------+--------+--------+
