

================================================================
== Vitis HLS Report for 'fpsub503_144_1_Pipeline_VITIS_LOOP_47_1'
================================================================
* Date:           Tue May 20 14:31:30 2025

* Version:        2024.2.2 (Build 6049644 on Mar  5 2025)
* Project:        sikep503_hls
* Solution:       solution1 (Vivado IP Flow Target)
* Product family: zynq
* Target device:  xc7z020-clg484-1


================================================================
== Performance Estimates
================================================================
+ Timing: 
    * Summary: 
    +--------+----------+----------+------------+
    |  Clock |  Target  | Estimated| Uncertainty|
    +--------+----------+----------+------------+
    |ap_clk  |  10.00 ns|  6.774 ns|     2.70 ns|
    +--------+----------+----------+------------+

+ Latency: 
    * Summary: 
    +---------+---------+----------+----------+-----+-----+------------------------------------------------+
    |  Latency (cycles) |  Latency (absolute) |  Interval |                    Pipeline                    |
    |   min   |   max   |    min   |    max   | min | max |                      Type                      |
    +---------+---------+----------+----------+-----+-----+------------------------------------------------+
    |       11|       11|  0.110 us|  0.110 us|    9|    9|  loop auto-rewind stp (delay=0 clock cycles(s))|
    +---------+---------+----------+----------+-----+-----+------------------------------------------------+

    + Detail: 
        * Instance: 
        N/A

        * Loop: 
        +-------------------+---------+---------+----------+-----------+-----------+------+----------+
        |                   |  Latency (cycles) | Iteration|  Initiation Interval  | Trip |          |
        |     Loop Name     |   min   |   max   |  Latency |  achieved |   target  | Count| Pipelined|
        +-------------------+---------+---------+----------+-----------+-----------+------+----------+
        |- VITIS_LOOP_47_1  |        9|        9|         3|          1|          1|     8|       yes|
        +-------------------+---------+---------+----------+-----------+-----------+------+----------+

============================================================
+ Verbose Summary: Synthesis Manager
============================================================
InlineROM: 1
ExposeGlobal: 0
============================================================
+ Verbose Summary: CDFG Model
============================================================
IsTopModel: 0
ResetActiveHigh: 1
IsCombinational: 0
IsDatapathOnly: 0
HasWiredReturn: 1
HasMFsm: 2
HasVarLatency: 1
IsPipeline: 0
IsRtlPipelined: 0
IsInstanceOverlapped: 0
IsDontTouch: 0
HasImplIP: 0
IsGatedGlobalClock: 0

+ Individual pipeline summary: 
  * Pipeline-0: initiation interval (II) = 1, depth = 3


============================================================
+ Verbose Summary: Schedule
============================================================
* Number of FSM states : 3
* Pipeline : 1
  Pipeline-0 : II = 1, D = 3, States = { 1 2 3 }
* Dataflow Pipeline: 0

* FSM state transitions: 
1 --> 2 
2 --> 3 
3 --> 

* FSM state operations: 

State 1 <SV = 0> <Delay = 4.91>
ST_1 : Operation 6 [1/1] (0.00ns)   --->   "%i = alloca i32 1" [src/generic/fp_generic.c:44]   --->   Operation 6 'alloca' 'i' <Predicate = true> <Delay = 0.00>
ST_1 : Operation 7 [1/1] (0.00ns)   --->   "%a_offset2_read = read i1 @_ssdm_op_Read.ap_auto.i1, i1 %a_offset2"   --->   Operation 7 'read' 'a_offset2_read' <Predicate = true> <Delay = 0.00>
ST_1 : Operation 8 [1/1] (0.00ns)   --->   "%a_offset_read = read i3 @_ssdm_op_Read.ap_auto.i3, i3 %a_offset"   --->   Operation 8 'read' 'a_offset_read' <Predicate = true> <Delay = 0.00>
ST_1 : Operation 9 [1/1] (0.00ns)   --->   "%c_offset_read = read i1 @_ssdm_op_Read.ap_auto.i1, i1 %c_offset"   --->   Operation 9 'read' 'c_offset_read' <Predicate = true> <Delay = 0.00>
ST_1 : Operation 10 [1/1] (1.58ns)   --->   "%store_ln44 = store i4 0, i4 %i" [src/generic/fp_generic.c:44]   --->   Operation 10 'store' 'store_ln44' <Predicate = true> <Delay = 1.58>
ST_1 : Operation 11 [1/1] (1.58ns)   --->   "%br_ln0 = br void %for.inc"   --->   Operation 11 'br' 'br_ln0' <Predicate = true> <Delay = 1.58>
ST_1 : Operation 12 [1/1] (0.00ns)   --->   "%i_111 = load i4 %i" [src/generic/fp_generic.c:48]   --->   Operation 12 'load' 'i_111' <Predicate = true> <Delay = 0.00>
ST_1 : Operation 13 [1/1] (1.73ns)   --->   "%icmp_ln47 = icmp_eq  i4 %i_111, i4 8" [src/generic/fp_generic.c:47]   --->   Operation 13 'icmp' 'icmp_ln47' <Predicate = true> <Delay = 1.73> <CoreInst = "Cmp">   --->   Core 9 'Cmp' <Latency = 0> <II = 1> <Delay = 1.73> <FuncUnit> <Opcode : 'seteq' 'setne' 'setle' 'setge' 'setlt' 'setgt'> <InPorts = 2> <OutPorts = 1>
ST_1 : Operation 14 [1/1] (1.73ns)   --->   "%add_ln47 = add i4 %i_111, i4 1" [src/generic/fp_generic.c:47]   --->   Operation 14 'add' 'add_ln47' <Predicate = true> <Delay = 1.73> <CoreInst = "Adder">   --->   Core 1 'Adder' <Latency = 0> <II = 1> <Delay = 1.73> <FuncUnit> <Opcode : 'add' 'sub'> <InPorts = 2> <OutPorts = 1>
ST_1 : Operation 15 [1/1] (0.00ns)   --->   "%trunc_ln48 = trunc i4 %i_111" [src/generic/fp_generic.c:48]   --->   Operation 15 'trunc' 'trunc_ln48' <Predicate = (!icmp_ln47)> <Delay = 0.00>
ST_1 : Operation 16 [1/1] (0.00ns)   --->   "%tmp = bitconcatenate i4 @_ssdm_op_BitConcatenate.i4.i1.i3, i1 %c_offset_read, i3 %trunc_ln48" [src/generic/fp_generic.c:48]   --->   Operation 16 'bitconcatenate' 'tmp' <Predicate = (!icmp_ln47)> <Delay = 0.00>
ST_1 : Operation 17 [1/1] (0.00ns)   --->   "%zext_ln48_22 = zext i4 %tmp" [src/generic/fp_generic.c:48]   --->   Operation 17 'zext' 'zext_ln48_22' <Predicate = (!icmp_ln47)> <Delay = 0.00>
ST_1 : Operation 18 [1/1] (0.00ns)   --->   "%c_addr = getelementptr i64 %c, i32 0, i32 %zext_ln48_22" [src/generic/fp_generic.c:48]   --->   Operation 18 'getelementptr' 'c_addr' <Predicate = (!icmp_ln47)> <Delay = 0.00>
ST_1 : Operation 19 [1/1] (0.00ns)   --->   "%tmp_s = bitconcatenate i7 @_ssdm_op_BitConcatenate.i7.i3.i1.i3, i3 %a_offset_read, i1 %a_offset2_read, i3 %trunc_ln48" [src/generic/fp_generic.c:48]   --->   Operation 19 'bitconcatenate' 'tmp_s' <Predicate = (!icmp_ln47)> <Delay = 0.00>
ST_1 : Operation 20 [1/1] (0.00ns)   --->   "%zext_ln48_23 = zext i7 %tmp_s" [src/generic/fp_generic.c:48]   --->   Operation 20 'zext' 'zext_ln48_23' <Predicate = (!icmp_ln47)> <Delay = 0.00>
ST_1 : Operation 21 [1/1] (0.00ns)   --->   "%a_addr = getelementptr i64 %a, i32 0, i32 %zext_ln48_23" [src/generic/fp_generic.c:48]   --->   Operation 21 'getelementptr' 'a_addr' <Predicate = (!icmp_ln47)> <Delay = 0.00>
ST_1 : Operation 22 [2/2] (3.25ns)   --->   "%a_load = load i7 %a_addr" [src/generic/fp_generic.c:48]   --->   Operation 22 'load' 'a_load' <Predicate = (!icmp_ln47)> <Delay = 3.25> <CoreInst = "RAM">   --->   Core 81 'RAM' <Latency = 1> <II = 1> <Delay = 3.25> <Storage> <Opcode : 'load' 'store'> <Ports = 2> <Width = 64> <Depth = 112> <RAM>
ST_1 : Operation 23 [2/2] (3.25ns)   --->   "%c_load = load i4 %c_addr" [src/generic/fp_generic.c:48]   --->   Operation 23 'load' 'c_load' <Predicate = (!icmp_ln47)> <Delay = 3.25> <CoreInst = "RAM">   --->   Core 81 'RAM' <Latency = 1> <II = 1> <Delay = 3.25> <Storage> <Opcode : 'load' 'store'> <Ports = 2> <Width = 64> <Depth = 16> <RAM>
ST_1 : Operation 24 [1/1] (1.58ns)   --->   "%store_ln44 = store i4 %add_ln47, i4 %i" [src/generic/fp_generic.c:44]   --->   Operation 24 'store' 'store_ln44' <Predicate = (!icmp_ln47)> <Delay = 1.58>

State 2 <SV = 1> <Delay = 6.77>
ST_2 : Operation 25 [1/1] (0.00ns)   --->   "%borrow = phi i1 0, void %newFuncRoot, i1 %borrowReg, void %for.inc.split"   --->   Operation 25 'phi' 'borrow' <Predicate = true> <Delay = 0.00>
ST_2 : Operation 26 [1/1] (0.00ns)   --->   "%br_ln47 = br i1 %icmp_ln47, void %for.inc.split, void %for.end.exitStub" [src/generic/fp_generic.c:47]   --->   Operation 26 'br' 'br_ln47' <Predicate = true> <Delay = 0.00>
ST_2 : Operation 27 [1/2] ( I:3.25ns O:3.25ns )   --->   "%a_load = load i7 %a_addr" [src/generic/fp_generic.c:48]   --->   Operation 27 'load' 'a_load' <Predicate = (!icmp_ln47)> <Delay = 3.25> <CoreInst = "RAM">   --->   Core 81 'RAM' <Latency = 1> <II = 1> <Delay = 3.25> <Storage> <Opcode : 'load' 'store'> <Ports = 2> <Width = 64> <Depth = 112> <RAM>
ST_2 : Operation 28 [1/2] ( I:3.25ns O:3.25ns )   --->   "%c_load = load i4 %c_addr" [src/generic/fp_generic.c:48]   --->   Operation 28 'load' 'c_load' <Predicate = (!icmp_ln47)> <Delay = 3.25> <CoreInst = "RAM">   --->   Core 81 'RAM' <Latency = 1> <II = 1> <Delay = 3.25> <Storage> <Opcode : 'load' 'store'> <Ports = 2> <Width = 64> <Depth = 16> <RAM>
ST_2 : Operation 29 [1/1] (3.52ns)   --->   "%tempReg = sub i64 %a_load, i64 %c_load" [src/generic/fp_generic.c:48]   --->   Operation 29 'sub' 'tempReg' <Predicate = (!icmp_ln47)> <Delay = 3.52> <CoreInst = "Adder">   --->   Core 1 'Adder' <Latency = 0> <II = 1> <Delay = 3.52> <FuncUnit> <Opcode : 'add' 'sub'> <InPorts = 2> <OutPorts = 1>
ST_2 : Operation 48 [1/1] (0.00ns)   --->   "%write_ln48 = write void @_ssdm_op_Write.ap_auto.i1P0A, i1 %borrow_out, i1 %borrow" [src/generic/fp_generic.c:48]   --->   Operation 48 'write' 'write_ln48' <Predicate = (icmp_ln47)> <Delay = 0.00>
ST_2 : Operation 49 [1/1] (1.58ns)   --->   "%ret_ln0 = ret"   --->   Operation 49 'ret' 'ret_ln0' <Predicate = (icmp_ln47)> <Delay = 1.58>

State 3 <SV = 2> <Delay = 6.77>
ST_3 : Operation 30 [1/1] (0.00ns)   --->   "%specpipeline_ln44 = specpipeline void @_ssdm_op_SpecPipeline, i32 4294967295, i32 0, i32 0, i32 0, void @empty_44" [src/generic/fp_generic.c:44]   --->   Operation 30 'specpipeline' 'specpipeline_ln44' <Predicate = (!icmp_ln47)> <Delay = 0.00>
ST_3 : Operation 31 [1/1] (0.00ns)   --->   "%speclooptripcount_ln44 = speclooptripcount void @_ssdm_op_SpecLoopTripCount, i64 8, i64 8, i64 8" [src/generic/fp_generic.c:44]   --->   Operation 31 'speclooptripcount' 'speclooptripcount_ln44' <Predicate = (!icmp_ln47)> <Delay = 0.00>
ST_3 : Operation 32 [1/1] (0.00ns)   --->   "%specloopname_ln47 = specloopname void @_ssdm_op_SpecLoopName, void @empty_35" [src/generic/fp_generic.c:47]   --->   Operation 32 'specloopname' 'specloopname_ln47' <Predicate = (!icmp_ln47)> <Delay = 0.00>
ST_3 : Operation 33 [1/1] (0.00ns) (grouped into LUT with out node tmp_189)   --->   "%xor_ln105 = xor i64 %c_load, i64 %a_load" [src/config.h:105->src/generic/fp_generic.c:48]   --->   Operation 33 'xor' 'xor_ln105' <Predicate = (!icmp_ln47)> <Delay = 0.00> <CoreInst = "LogicGate">   --->   Core 74 'LogicGate' <Latency = 0> <II = 1> <Delay = 0.99> <FuncUnit> <Opcode : 'and' 'or' 'xor'> <InPorts = 2> <OutPorts = 1>
ST_3 : Operation 34 [1/1] (0.00ns) (grouped into LUT with out node tmp_189)   --->   "%xor_ln105_82 = xor i64 %c_load, i64 %tempReg" [src/config.h:105->src/generic/fp_generic.c:48]   --->   Operation 34 'xor' 'xor_ln105_82' <Predicate = (!icmp_ln47)> <Delay = 0.00> <CoreInst = "LogicGate">   --->   Core 74 'LogicGate' <Latency = 0> <II = 1> <Delay = 0.99> <FuncUnit> <Opcode : 'and' 'or' 'xor'> <InPorts = 2> <OutPorts = 1>
ST_3 : Operation 35 [1/1] (0.00ns) (grouped into LUT with out node tmp_189)   --->   "%or_ln105 = or i64 %xor_ln105_82, i64 %xor_ln105" [src/config.h:105->src/generic/fp_generic.c:48]   --->   Operation 35 'or' 'or_ln105' <Predicate = (!icmp_ln47)> <Delay = 0.00> <CoreInst = "LogicGate">   --->   Core 74 'LogicGate' <Latency = 0> <II = 1> <Delay = 0.99> <FuncUnit> <Opcode : 'and' 'or' 'xor'> <InPorts = 2> <OutPorts = 1>
ST_3 : Operation 36 [1/1] (0.00ns) (grouped into LUT with out node tmp_189)   --->   "%xor_ln105_83 = xor i64 %a_load, i64 %or_ln105" [src/config.h:105->src/generic/fp_generic.c:48]   --->   Operation 36 'xor' 'xor_ln105_83' <Predicate = (!icmp_ln47)> <Delay = 0.00> <CoreInst = "LogicGate">   --->   Core 74 'LogicGate' <Latency = 0> <II = 1> <Delay = 0.99> <FuncUnit> <Opcode : 'and' 'or' 'xor'> <InPorts = 2> <OutPorts = 1>
ST_3 : Operation 37 [1/1] (0.99ns) (out node of the LUT)   --->   "%tmp_189 = bitselect i1 @_ssdm_op_BitSelect.i1.i64.i32, i64 %xor_ln105_83, i32 63" [src/config.h:98->src/generic/fp_generic.c:48]   --->   Operation 37 'bitselect' 'tmp_189' <Predicate = (!icmp_ln47)> <Delay = 0.99>
ST_3 : Operation 38 [1/1] (3.52ns)   --->   "%sub_ln95 = sub i64 0, i64 %tempReg" [src/config.h:95->src/config.h:100->src/generic/fp_generic.c:48]   --->   Operation 38 'sub' 'sub_ln95' <Predicate = (!icmp_ln47)> <Delay = 3.52> <CoreInst = "Adder">   --->   Core 1 'Adder' <Latency = 0> <II = 1> <Delay = 3.52> <FuncUnit> <Opcode : 'add' 'sub'> <InPorts = 2> <OutPorts = 1>
ST_3 : Operation 39 [1/1] (0.00ns) (grouped into LUT with out node borrowReg)   --->   "%or_ln95 = or i64 %tempReg, i64 %sub_ln95" [src/config.h:95->src/config.h:100->src/generic/fp_generic.c:48]   --->   Operation 39 'or' 'or_ln95' <Predicate = (!icmp_ln47)> <Delay = 0.00> <CoreInst = "LogicGate">   --->   Core 74 'LogicGate' <Latency = 0> <II = 1> <Delay = 0.99> <FuncUnit> <Opcode : 'and' 'or' 'xor'> <InPorts = 2> <OutPorts = 1>
ST_3 : Operation 40 [1/1] (0.00ns) (grouped into LUT with out node borrowReg)   --->   "%tmp_190 = bitselect i1 @_ssdm_op_BitSelect.i1.i64.i32, i64 %or_ln95, i32 63" [src/generic/fp_generic.c:48]   --->   Operation 40 'bitselect' 'tmp_190' <Predicate = (!icmp_ln47)> <Delay = 0.00>
ST_3 : Operation 41 [1/1] (0.00ns) (grouped into LUT with out node borrowReg)   --->   "%xor_ln48 = xor i1 %tmp_190, i1 1" [src/generic/fp_generic.c:48]   --->   Operation 41 'xor' 'xor_ln48' <Predicate = (!icmp_ln47)> <Delay = 0.00> <CoreInst = "LogicGate">   --->   Core 74 'LogicGate' <Latency = 0> <II = 1> <Delay = 0.97> <FuncUnit> <Opcode : 'and' 'or' 'xor'> <InPorts = 2> <OutPorts = 1>
ST_3 : Operation 42 [1/1] (0.00ns) (grouped into LUT with out node borrowReg)   --->   "%and_ln48 = and i1 %borrow, i1 %xor_ln48" [src/generic/fp_generic.c:48]   --->   Operation 42 'and' 'and_ln48' <Predicate = (!icmp_ln47)> <Delay = 0.00> <CoreInst = "LogicGate">   --->   Core 74 'LogicGate' <Latency = 0> <II = 1> <Delay = 0.97> <FuncUnit> <Opcode : 'and' 'or' 'xor'> <InPorts = 2> <OutPorts = 1>
ST_3 : Operation 43 [1/1] (0.99ns) (out node of the LUT)   --->   "%borrowReg = or i1 %and_ln48, i1 %tmp_189" [src/generic/fp_generic.c:48]   --->   Operation 43 'or' 'borrowReg' <Predicate = (!icmp_ln47)> <Delay = 0.99> <CoreInst = "LogicGate">   --->   Core 74 'LogicGate' <Latency = 0> <II = 1> <Delay = 0.97> <FuncUnit> <Opcode : 'and' 'or' 'xor'> <InPorts = 2> <OutPorts = 1>
ST_3 : Operation 44 [1/1] (0.00ns)   --->   "%zext_ln48 = zext i1 %borrow" [src/generic/fp_generic.c:48]   --->   Operation 44 'zext' 'zext_ln48' <Predicate = (!icmp_ln47)> <Delay = 0.00>
ST_3 : Operation 45 [1/1] (3.52ns)   --->   "%sub_ln48 = sub i64 %tempReg, i64 %zext_ln48" [src/generic/fp_generic.c:48]   --->   Operation 45 'sub' 'sub_ln48' <Predicate = (!icmp_ln47)> <Delay = 3.52> <CoreInst = "Adder">   --->   Core 1 'Adder' <Latency = 0> <II = 1> <Delay = 3.52> <FuncUnit> <Opcode : 'add' 'sub'> <InPorts = 2> <OutPorts = 1>
ST_3 : Operation 46 [1/1] ( I:3.25ns O:3.25ns )   --->   "%store_ln48 = store i64 %sub_ln48, i4 %c_addr" [src/generic/fp_generic.c:48]   --->   Operation 46 'store' 'store_ln48' <Predicate = (!icmp_ln47)> <Delay = 3.25> <CoreInst = "RAM">   --->   Core 81 'RAM' <Latency = 1> <II = 1> <Delay = 3.25> <Storage> <Opcode : 'load' 'store'> <Ports = 2> <Width = 64> <Depth = 16> <RAM>
ST_3 : Operation 47 [1/1] (0.00ns)   --->   "%br_ln47 = br void %for.inc" [src/generic/fp_generic.c:47]   --->   Operation 47 'br' 'br_ln47' <Predicate = (!icmp_ln47)> <Delay = 0.00>


============================================================
+ Verbose Summary: Binding
============================================================
STG Binding: 
---------------- STG Properties BEGIN ----------------
- Is combinational: 0
- Is one-state seq: 0
- Is datapath-only: 0
- Is pipelined: 0
- Is top level: 0
Port [ Return ] is wired: 1; IO mode=ap_ctrl_hs:ce=0
Port [ c_offset]:  wired=1; compound=0; hidden=0; nouse=0; global=0; static=0; extern=0; dir=0; type=0; pingpong=0; private_global=0; IO mode=ap_none:ce=0
Port [ c]:  wired=1; compound=1; hidden=0; nouse=0; global=0; static=0; extern=0; dir=2; type=1; pingpong=0; private_global=0; MemPort=[01]; IO mode=ap_memory:ce=0
Port [ a_offset]:  wired=1; compound=0; hidden=0; nouse=0; global=0; static=0; extern=0; dir=0; type=0; pingpong=0; private_global=0; IO mode=ap_none:ce=0
Port [ a_offset2]:  wired=1; compound=0; hidden=0; nouse=0; global=0; static=0; extern=0; dir=0; type=0; pingpong=0; private_global=0; IO mode=ap_none:ce=0
Port [ a]:  wired=1; compound=1; hidden=0; nouse=0; global=0; static=0; extern=0; dir=0; type=1; pingpong=0; private_global=0; MemPort=[13]; IO mode=ap_memory:ce=0
Port [ borrow_out]:  wired=1; compound=0; hidden=0; nouse=0; global=0; static=0; extern=0; dir=1; type=0; pingpong=0; private_global=0; IO mode=ap_vld:ce=0
---------------- STG Properties END ------------------

---------------- Datapath Model BEGIN ----------------

<LifeTime>
<method=bitvector/>
i                      (alloca           ) [ 0100]
a_offset2_read         (read             ) [ 0000]
a_offset_read          (read             ) [ 0000]
c_offset_read          (read             ) [ 0000]
store_ln44             (store            ) [ 0000]
br_ln0                 (br               ) [ 0111]
i_111                  (load             ) [ 0000]
icmp_ln47              (icmp             ) [ 0111]
add_ln47               (add              ) [ 0000]
trunc_ln48             (trunc            ) [ 0000]
tmp                    (bitconcatenate   ) [ 0000]
zext_ln48_22           (zext             ) [ 0000]
c_addr                 (getelementptr    ) [ 0111]
tmp_s                  (bitconcatenate   ) [ 0000]
zext_ln48_23           (zext             ) [ 0000]
a_addr                 (getelementptr    ) [ 0110]
store_ln44             (store            ) [ 0000]
borrow                 (phi              ) [ 0111]
br_ln47                (br               ) [ 0000]
a_load                 (load             ) [ 0101]
c_load                 (load             ) [ 0101]
tempReg                (sub              ) [ 0101]
specpipeline_ln44      (specpipeline     ) [ 0000]
speclooptripcount_ln44 (speclooptripcount) [ 0000]
specloopname_ln47      (specloopname     ) [ 0000]
xor_ln105              (xor              ) [ 0000]
xor_ln105_82           (xor              ) [ 0000]
or_ln105               (or               ) [ 0000]
xor_ln105_83           (xor              ) [ 0000]
tmp_189                (bitselect        ) [ 0000]
sub_ln95               (sub              ) [ 0000]
or_ln95                (or               ) [ 0000]
tmp_190                (bitselect        ) [ 0000]
xor_ln48               (xor              ) [ 0000]
and_ln48               (and              ) [ 0000]
borrowReg              (or               ) [ 0111]
zext_ln48              (zext             ) [ 0000]
sub_ln48               (sub              ) [ 0000]
store_ln48             (store            ) [ 0000]
br_ln47                (br               ) [ 0111]
write_ln48             (write            ) [ 0000]
ret_ln0                (ret              ) [ 0000]
</LifeTime>

<model>

<comp_list>
<comp id="0" class="1000" name="c_offset">
<pin_list>
<pin id="1" dir="1" index="0" bw="1" slack="0"/>
</pin_list>
<bind>
<StgValue><ssdm name="c_offset"/></StgValue>
</bind>
</comp>

<comp id="2" class="1000" name="c">
<pin_list>
<pin id="3" dir="1" index="0" bw="1" slack="0"/>
</pin_list>
<bind>
<StgValue><ssdm name="c"/><MemPortTyVec>0 1 </MemPortTyVec>
</StgValue>
</bind>
</comp>

<comp id="4" class="1000" name="a_offset">
<pin_list>
<pin id="5" dir="1" index="0" bw="1" slack="0"/>
</pin_list>
<bind>
<StgValue><ssdm name="a_offset"/></StgValue>
</bind>
</comp>

<comp id="6" class="1000" name="a_offset2">
<pin_list>
<pin id="7" dir="1" index="0" bw="1" slack="0"/>
</pin_list>
<bind>
<StgValue><ssdm name="a_offset2"/></StgValue>
</bind>
</comp>

<comp id="8" class="1000" name="a">
<pin_list>
<pin id="9" dir="1" index="0" bw="1" slack="0"/>
</pin_list>
<bind>
<StgValue><ssdm name="a"/><MemPortTyVec>1 3 </MemPortTyVec>
</StgValue>
</bind>
</comp>

<comp id="10" class="1000" name="borrow_out">
<pin_list>
<pin id="11" dir="1" index="0" bw="1" slack="0"/>
</pin_list>
<bind>
<StgValue><ssdm name="borrow_out"/></StgValue>
</bind>
</comp>

<comp id="12" class="1001" name="const_12">
<pin_list>
<pin id="13" dir="1" index="0" bw="1" slack="0"/>
</pin_list>
<bind>
<StgValue><ssdm name=""/></StgValue>
</bind>
</comp>

<comp id="14" class="1001" name="const_14">
<pin_list>
<pin id="15" dir="1" index="0" bw="1" slack="0"/>
</pin_list>
<bind>
<StgValue><ssdm name="_ssdm_op_Read.ap_auto.i1"/></StgValue>
</bind>
</comp>

<comp id="16" class="1001" name="const_16">
<pin_list>
<pin id="17" dir="1" index="0" bw="1" slack="0"/>
</pin_list>
<bind>
<StgValue><ssdm name="_ssdm_op_Read.ap_auto.i3"/></StgValue>
</bind>
</comp>

<comp id="18" class="1001" name="const_18">
<pin_list>
<pin id="19" dir="1" index="0" bw="1" slack="0"/>
</pin_list>
<bind>
<StgValue><ssdm name=""/></StgValue>
</bind>
</comp>

<comp id="20" class="1001" name="const_20">
<pin_list>
<pin id="21" dir="1" index="0" bw="1" slack="0"/>
</pin_list>
<bind>
<StgValue><ssdm name=""/></StgValue>
</bind>
</comp>

<comp id="22" class="1001" name="const_22">
<pin_list>
<pin id="23" dir="1" index="0" bw="1" slack="0"/>
</pin_list>
<bind>
<StgValue><ssdm name=""/></StgValue>
</bind>
</comp>

<comp id="24" class="1001" name="const_24">
<pin_list>
<pin id="25" dir="1" index="0" bw="1" slack="0"/>
</pin_list>
<bind>
<StgValue><ssdm name="_ssdm_op_BitConcatenate.i4.i1.i3"/></StgValue>
</bind>
</comp>

<comp id="26" class="1001" name="const_26">
<pin_list>
<pin id="27" dir="1" index="0" bw="1" slack="0"/>
</pin_list>
<bind>
<StgValue><ssdm name=""/></StgValue>
</bind>
</comp>

<comp id="28" class="1001" name="const_28">
<pin_list>
<pin id="29" dir="1" index="0" bw="1" slack="0"/>
</pin_list>
<bind>
<StgValue><ssdm name="_ssdm_op_BitConcatenate.i7.i3.i1.i3"/></StgValue>
</bind>
</comp>

<comp id="30" class="1001" name="const_30">
<pin_list>
<pin id="31" dir="1" index="0" bw="1" slack="1"/>
</pin_list>
<bind>
<StgValue><ssdm name=""/></StgValue>
</bind>
</comp>

<comp id="32" class="1001" name="const_32">
<pin_list>
<pin id="33" dir="1" index="0" bw="1" slack="2147483647"/>
</pin_list>
<bind>
<StgValue><ssdm name="_ssdm_op_SpecPipeline"/></StgValue>
</bind>
</comp>

<comp id="34" class="1001" name="const_34">
<pin_list>
<pin id="35" dir="1" index="0" bw="1" slack="2147483647"/>
</pin_list>
<bind>
<StgValue><ssdm name=""/></StgValue>
</bind>
</comp>

<comp id="36" class="1001" name="const_36">
<pin_list>
<pin id="37" dir="1" index="0" bw="1" slack="2147483647"/>
</pin_list>
<bind>
<StgValue><ssdm name="empty_44"/></StgValue>
</bind>
</comp>

<comp id="38" class="1001" name="const_38">
<pin_list>
<pin id="39" dir="1" index="0" bw="1" slack="2147483647"/>
</pin_list>
<bind>
<StgValue><ssdm name="_ssdm_op_SpecLoopTripCount"/></StgValue>
</bind>
</comp>

<comp id="40" class="1001" name="const_40">
<pin_list>
<pin id="41" dir="1" index="0" bw="1" slack="2147483647"/>
</pin_list>
<bind>
<StgValue><ssdm name=""/></StgValue>
</bind>
</comp>

<comp id="42" class="1001" name="const_42">
<pin_list>
<pin id="43" dir="1" index="0" bw="1" slack="2147483647"/>
</pin_list>
<bind>
<StgValue><ssdm name="_ssdm_op_SpecLoopName"/></StgValue>
</bind>
</comp>

<comp id="44" class="1001" name="const_44">
<pin_list>
<pin id="45" dir="1" index="0" bw="1" slack="2147483647"/>
</pin_list>
<bind>
<StgValue><ssdm name="empty_35"/></StgValue>
</bind>
</comp>

<comp id="46" class="1001" name="const_46">
<pin_list>
<pin id="47" dir="1" index="0" bw="1" slack="0"/>
</pin_list>
<bind>
<StgValue><ssdm name="_ssdm_op_BitSelect.i1.i64.i32"/></StgValue>
</bind>
</comp>

<comp id="48" class="1001" name="const_48">
<pin_list>
<pin id="49" dir="1" index="0" bw="1" slack="0"/>
</pin_list>
<bind>
<StgValue><ssdm name=""/></StgValue>
</bind>
</comp>

<comp id="50" class="1001" name="const_50">
<pin_list>
<pin id="51" dir="1" index="0" bw="1" slack="0"/>
</pin_list>
<bind>
<StgValue><ssdm name=""/></StgValue>
</bind>
</comp>

<comp id="52" class="1001" name="const_52">
<pin_list>
<pin id="53" dir="1" index="0" bw="1" slack="0"/>
</pin_list>
<bind>
<StgValue><ssdm name=""/></StgValue>
</bind>
</comp>

<comp id="54" class="1001" name="const_54">
<pin_list>
<pin id="55" dir="1" index="0" bw="1" slack="0"/>
</pin_list>
<bind>
<StgValue><ssdm name="_ssdm_op_Write.ap_auto.i1P0A"/></StgValue>
</bind>
</comp>

<comp id="56" class="1004" name="i_fu_56">
<pin_list>
<pin id="57" dir="0" index="0" bw="1" slack="0"/>
<pin id="58" dir="1" index="1" bw="4" slack="0"/>
</pin_list>
<bind>
<opcode="alloca(26) " fcode="alloca"/>
<opset="i/1 "/>
</bind>
</comp>

<comp id="60" class="1004" name="a_offset2_read_read_fu_60">
<pin_list>
<pin id="61" dir="0" index="0" bw="1" slack="0"/>
<pin id="62" dir="0" index="1" bw="1" slack="0"/>
<pin id="63" dir="1" index="2" bw="1" slack="0"/>
</pin_list>
<bind>
<opcode="read(1150) " fcode="read"/>
<opset="a_offset2_read/1 "/>
</bind>
</comp>

<comp id="66" class="1004" name="a_offset_read_read_fu_66">
<pin_list>
<pin id="67" dir="0" index="0" bw="3" slack="0"/>
<pin id="68" dir="0" index="1" bw="3" slack="0"/>
<pin id="69" dir="1" index="2" bw="3" slack="0"/>
</pin_list>
<bind>
<opcode="read(1150) " fcode="read"/>
<opset="a_offset_read/1 "/>
</bind>
</comp>

<comp id="72" class="1004" name="c_offset_read_read_fu_72">
<pin_list>
<pin id="73" dir="0" index="0" bw="1" slack="0"/>
<pin id="74" dir="0" index="1" bw="1" slack="0"/>
<pin id="75" dir="1" index="2" bw="1" slack="0"/>
</pin_list>
<bind>
<opcode="read(1150) " fcode="read"/>
<opset="c_offset_read/1 "/>
</bind>
</comp>

<comp id="78" class="1004" name="write_ln48_write_fu_78">
<pin_list>
<pin id="79" dir="0" index="0" bw="0" slack="0"/>
<pin id="80" dir="0" index="1" bw="1" slack="0"/>
<pin id="81" dir="0" index="2" bw="1" slack="0"/>
<pin id="82" dir="1" index="3" bw="0" slack="2147483647"/>
</pin_list>
<bind>
<opcode="write(1151) " fcode="write"/>
<opset="write_ln48/2 "/>
</bind>
</comp>

<comp id="85" class="1004" name="c_addr_gep_fu_85">
<pin_list>
<pin id="86" dir="0" index="0" bw="64" slack="0"/>
<pin id="87" dir="0" index="1" bw="1" slack="0"/>
<pin id="88" dir="0" index="2" bw="4" slack="0"/>
<pin id="89" dir="1" index="3" bw="4" slack="0"/>
</pin_list>
<bind>
<opcode="getelementptr(29) " fcode="getelementptr"/>
<opset="c_addr/1 "/>
</bind>
</comp>

<comp id="92" class="1004" name="a_addr_gep_fu_92">
<pin_list>
<pin id="93" dir="0" index="0" bw="64" slack="0"/>
<pin id="94" dir="0" index="1" bw="1" slack="0"/>
<pin id="95" dir="0" index="2" bw="7" slack="0"/>
<pin id="96" dir="1" index="3" bw="7" slack="0"/>
</pin_list>
<bind>
<opcode="getelementptr(29) " fcode="getelementptr"/>
<opset="a_addr/1 "/>
</bind>
</comp>

<comp id="99" class="1004" name="grp_access_fu_99">
<pin_list>
<pin id="100" dir="0" index="0" bw="7" slack="0"/>
<pin id="101" dir="0" index="1" bw="64" slack="2147483647"/>
<pin id="102" dir="0" index="2" bw="0" slack="2147483647"/>
<pin id="103" dir="1" index="3" bw="64" slack="0"/>
</pin_list>
<bind>
<opcode="load(27) " fcode="load"/>
<opset="a_load/1 "/>
</bind>
</comp>

<comp id="105" class="1004" name="grp_access_fu_105">
<pin_list>
<pin id="106" dir="0" index="0" bw="4" slack="2"/>
<pin id="107" dir="0" index="1" bw="64" slack="0"/>
<pin id="108" dir="0" index="2" bw="0" slack="0"/>
<pin id="110" dir="0" index="4" bw="4" slack="2147483647"/>
<pin id="111" dir="0" index="5" bw="64" slack="2147483647"/>
<pin id="112" dir="0" index="6" bw="0" slack="2147483647"/>
<pin id="109" dir="1" index="3" bw="64" slack="2147483647"/>
<pin id="113" dir="1" index="7" bw="64" slack="0"/>
</pin_list>
<bind>
<opcode="load(27) store(28) " fcode="store"/>
<opset="c_load/1 store_ln48/3 "/>
</bind>
</comp>

<comp id="115" class="1005" name="borrow_reg_115">
<pin_list>
<pin id="116" dir="0" index="0" bw="1" slack="1"/>
<pin id="117" dir="1" index="1" bw="1" slack="1"/>
</pin_list>
<bind>
<opset="borrow (phireg) "/>
</bind>
</comp>

<comp id="119" class="1004" name="borrow_phi_fu_119">
<pin_list>
<pin id="120" dir="0" index="0" bw="1" slack="1"/>
<pin id="121" dir="0" index="1" bw="0" slack="2147483647"/>
<pin id="122" dir="0" index="2" bw="1" slack="1"/>
<pin id="123" dir="0" index="3" bw="0" slack="2147483647"/>
<pin id="124" dir="1" index="4" bw="1" slack="0"/>
</pin_list>
<bind>
<opcode="phi(47) " fcode="phi"/>
<opset="borrow/2 "/>
</bind>
</comp>

<comp id="128" class="1004" name="store_ln44_store_fu_128">
<pin_list>
<pin id="129" dir="0" index="0" bw="1" slack="0"/>
<pin id="130" dir="0" index="1" bw="4" slack="0"/>
<pin id="131" dir="1" index="2" bw="0" slack="2147483647"/>
</pin_list>
<bind>
<opcode="store(28) " fcode="store"/>
<opset="store_ln44/1 "/>
</bind>
</comp>

<comp id="133" class="1004" name="i_111_load_fu_133">
<pin_list>
<pin id="134" dir="0" index="0" bw="4" slack="0"/>
<pin id="135" dir="1" index="1" bw="4" slack="0"/>
</pin_list>
<bind>
<opcode="load(27) " fcode="load"/>
<opset="i_111/1 "/>
</bind>
</comp>

<comp id="136" class="1004" name="icmp_ln47_fu_136">
<pin_list>
<pin id="137" dir="0" index="0" bw="4" slack="0"/>
<pin id="138" dir="0" index="1" bw="4" slack="0"/>
<pin id="139" dir="1" index="2" bw="1" slack="1"/>
</pin_list>
<bind>
<opcode="icmp(45) " fcode="icmp"/>
<opset="icmp_ln47/1 "/>
</bind>
</comp>

<comp id="142" class="1004" name="add_ln47_fu_142">
<pin_list>
<pin id="143" dir="0" index="0" bw="4" slack="0"/>
<pin id="144" dir="0" index="1" bw="1" slack="0"/>
<pin id="145" dir="1" index="2" bw="4" slack="0"/>
</pin_list>
<bind>
<opcode="add(8) " fcode="add"/>
<opset="add_ln47/1 "/>
</bind>
</comp>

<comp id="148" class="1004" name="trunc_ln48_fu_148">
<pin_list>
<pin id="149" dir="0" index="0" bw="4" slack="0"/>
<pin id="150" dir="1" index="1" bw="3" slack="0"/>
</pin_list>
<bind>
<opcode="trunc(33) " fcode="trunc"/>
<opset="trunc_ln48/1 "/>
</bind>
</comp>

<comp id="152" class="1004" name="tmp_fu_152">
<pin_list>
<pin id="153" dir="0" index="0" bw="4" slack="0"/>
<pin id="154" dir="0" index="1" bw="1" slack="0"/>
<pin id="155" dir="0" index="2" bw="3" slack="0"/>
<pin id="156" dir="1" index="3" bw="4" slack="0"/>
</pin_list>
<bind>
<opcode="bitconcatenate(1004) " fcode="bitconcatenate"/>
<opset="tmp/1 "/>
</bind>
</comp>

<comp id="160" class="1004" name="zext_ln48_22_fu_160">
<pin_list>
<pin id="161" dir="0" index="0" bw="4" slack="0"/>
<pin id="162" dir="1" index="1" bw="32" slack="0"/>
</pin_list>
<bind>
<opcode="zext(34) " fcode="zext"/>
<opset="zext_ln48_22/1 "/>
</bind>
</comp>

<comp id="165" class="1004" name="tmp_s_fu_165">
<pin_list>
<pin id="166" dir="0" index="0" bw="7" slack="0"/>
<pin id="167" dir="0" index="1" bw="3" slack="0"/>
<pin id="168" dir="0" index="2" bw="1" slack="0"/>
<pin id="169" dir="0" index="3" bw="3" slack="0"/>
<pin id="170" dir="1" index="4" bw="7" slack="0"/>
</pin_list>
<bind>
<opcode="bitconcatenate(1004) " fcode="bitconcatenate"/>
<opset="tmp_s/1 "/>
</bind>
</comp>

<comp id="175" class="1004" name="zext_ln48_23_fu_175">
<pin_list>
<pin id="176" dir="0" index="0" bw="7" slack="0"/>
<pin id="177" dir="1" index="1" bw="32" slack="0"/>
</pin_list>
<bind>
<opcode="zext(34) " fcode="zext"/>
<opset="zext_ln48_23/1 "/>
</bind>
</comp>

<comp id="180" class="1004" name="store_ln44_store_fu_180">
<pin_list>
<pin id="181" dir="0" index="0" bw="4" slack="0"/>
<pin id="182" dir="0" index="1" bw="4" slack="0"/>
<pin id="183" dir="1" index="2" bw="0" slack="2147483647"/>
</pin_list>
<bind>
<opcode="store(28) " fcode="store"/>
<opset="store_ln44/1 "/>
</bind>
</comp>

<comp id="185" class="1004" name="tempReg_fu_185">
<pin_list>
<pin id="186" dir="0" index="0" bw="64" slack="0"/>
<pin id="187" dir="0" index="1" bw="64" slack="0"/>
<pin id="188" dir="1" index="2" bw="64" slack="1"/>
</pin_list>
<bind>
<opcode="sub(10) " fcode="sub"/>
<opset="tempReg/2 "/>
</bind>
</comp>

<comp id="191" class="1004" name="xor_ln105_fu_191">
<pin_list>
<pin id="192" dir="0" index="0" bw="64" slack="1"/>
<pin id="193" dir="0" index="1" bw="64" slack="1"/>
<pin id="194" dir="1" index="2" bw="64" slack="0"/>
</pin_list>
<bind>
<opcode="xor(25) " fcode="xor"/>
<opset="xor_ln105/3 "/>
</bind>
</comp>

<comp id="195" class="1004" name="xor_ln105_82_fu_195">
<pin_list>
<pin id="196" dir="0" index="0" bw="64" slack="1"/>
<pin id="197" dir="0" index="1" bw="64" slack="1"/>
<pin id="198" dir="1" index="2" bw="64" slack="0"/>
</pin_list>
<bind>
<opcode="xor(25) " fcode="xor"/>
<opset="xor_ln105_82/3 "/>
</bind>
</comp>

<comp id="199" class="1004" name="or_ln105_fu_199">
<pin_list>
<pin id="200" dir="0" index="0" bw="64" slack="0"/>
<pin id="201" dir="0" index="1" bw="64" slack="0"/>
<pin id="202" dir="1" index="2" bw="64" slack="0"/>
</pin_list>
<bind>
<opcode="or(24) " fcode="or"/>
<opset="or_ln105/3 "/>
</bind>
</comp>

<comp id="205" class="1004" name="xor_ln105_83_fu_205">
<pin_list>
<pin id="206" dir="0" index="0" bw="64" slack="1"/>
<pin id="207" dir="0" index="1" bw="64" slack="0"/>
<pin id="208" dir="1" index="2" bw="64" slack="0"/>
</pin_list>
<bind>
<opcode="xor(25) " fcode="xor"/>
<opset="xor_ln105_83/3 "/>
</bind>
</comp>

<comp id="210" class="1004" name="tmp_189_fu_210">
<pin_list>
<pin id="211" dir="0" index="0" bw="1" slack="0"/>
<pin id="212" dir="0" index="1" bw="64" slack="0"/>
<pin id="213" dir="0" index="2" bw="7" slack="0"/>
<pin id="214" dir="1" index="3" bw="1" slack="0"/>
</pin_list>
<bind>
<opcode="bitselect(1000) " fcode="bitselect"/>
<opset="tmp_189/3 "/>
</bind>
</comp>

<comp id="218" class="1004" name="sub_ln95_fu_218">
<pin_list>
<pin id="219" dir="0" index="0" bw="1" slack="0"/>
<pin id="220" dir="0" index="1" bw="64" slack="1"/>
<pin id="221" dir="1" index="2" bw="64" slack="0"/>
</pin_list>
<bind>
<opcode="sub(10) " fcode="sub"/>
<opset="sub_ln95/3 "/>
</bind>
</comp>

<comp id="223" class="1004" name="or_ln95_fu_223">
<pin_list>
<pin id="224" dir="0" index="0" bw="64" slack="1"/>
<pin id="225" dir="0" index="1" bw="64" slack="0"/>
<pin id="226" dir="1" index="2" bw="64" slack="0"/>
</pin_list>
<bind>
<opcode="or(24) " fcode="or"/>
<opset="or_ln95/3 "/>
</bind>
</comp>

<comp id="228" class="1004" name="tmp_190_fu_228">
<pin_list>
<pin id="229" dir="0" index="0" bw="1" slack="0"/>
<pin id="230" dir="0" index="1" bw="64" slack="0"/>
<pin id="231" dir="0" index="2" bw="7" slack="0"/>
<pin id="232" dir="1" index="3" bw="1" slack="0"/>
</pin_list>
<bind>
<opcode="bitselect(1000) " fcode="bitselect"/>
<opset="tmp_190/3 "/>
</bind>
</comp>

<comp id="236" class="1004" name="xor_ln48_fu_236">
<pin_list>
<pin id="237" dir="0" index="0" bw="1" slack="0"/>
<pin id="238" dir="0" index="1" bw="1" slack="0"/>
<pin id="239" dir="1" index="2" bw="1" slack="0"/>
</pin_list>
<bind>
<opcode="xor(25) " fcode="xor"/>
<opset="xor_ln48/3 "/>
</bind>
</comp>

<comp id="242" class="1004" name="and_ln48_fu_242">
<pin_list>
<pin id="243" dir="0" index="0" bw="1" slack="1"/>
<pin id="244" dir="0" index="1" bw="1" slack="0"/>
<pin id="245" dir="1" index="2" bw="1" slack="0"/>
</pin_list>
<bind>
<opcode="and(23) " fcode="and"/>
<opset="and_ln48/3 "/>
</bind>
</comp>

<comp id="248" class="1004" name="borrowReg_fu_248">
<pin_list>
<pin id="249" dir="0" index="0" bw="1" slack="0"/>
<pin id="250" dir="0" index="1" bw="1" slack="0"/>
<pin id="251" dir="1" index="2" bw="1" slack="1"/>
</pin_list>
<bind>
<opcode="or(24) " fcode="or"/>
<opset="borrowReg/3 "/>
</bind>
</comp>

<comp id="254" class="1004" name="zext_ln48_fu_254">
<pin_list>
<pin id="255" dir="0" index="0" bw="1" slack="1"/>
<pin id="256" dir="1" index="1" bw="64" slack="0"/>
</pin_list>
<bind>
<opcode="zext(34) " fcode="zext"/>
<opset="zext_ln48/3 "/>
</bind>
</comp>

<comp id="258" class="1004" name="sub_ln48_fu_258">
<pin_list>
<pin id="259" dir="0" index="0" bw="64" slack="1"/>
<pin id="260" dir="0" index="1" bw="1" slack="0"/>
<pin id="261" dir="1" index="2" bw="64" slack="0"/>
</pin_list>
<bind>
<opcode="sub(10) " fcode="sub"/>
<opset="sub_ln48/3 "/>
</bind>
</comp>

<comp id="264" class="1005" name="i_reg_264">
<pin_list>
<pin id="265" dir="0" index="0" bw="4" slack="0"/>
<pin id="266" dir="1" index="1" bw="4" slack="0"/>
</pin_list>
<bind>
<opset="i "/>
</bind>
</comp>

<comp id="271" class="1005" name="icmp_ln47_reg_271">
<pin_list>
<pin id="272" dir="0" index="0" bw="1" slack="1"/>
<pin id="273" dir="1" index="1" bw="1" slack="2147483647"/>
</pin_list>
<bind>
<opset="icmp_ln47 "/>
</bind>
</comp>

<comp id="275" class="1005" name="c_addr_reg_275">
<pin_list>
<pin id="276" dir="0" index="0" bw="4" slack="1"/>
<pin id="277" dir="1" index="1" bw="4" slack="1"/>
</pin_list>
<bind>
<opset="c_addr "/>
</bind>
</comp>

<comp id="281" class="1005" name="a_addr_reg_281">
<pin_list>
<pin id="282" dir="0" index="0" bw="7" slack="1"/>
<pin id="283" dir="1" index="1" bw="7" slack="1"/>
</pin_list>
<bind>
<opset="a_addr "/>
</bind>
</comp>

<comp id="286" class="1005" name="a_load_reg_286">
<pin_list>
<pin id="287" dir="0" index="0" bw="64" slack="1"/>
<pin id="288" dir="1" index="1" bw="64" slack="1"/>
</pin_list>
<bind>
<opset="a_load "/>
</bind>
</comp>

<comp id="292" class="1005" name="c_load_reg_292">
<pin_list>
<pin id="293" dir="0" index="0" bw="64" slack="1"/>
<pin id="294" dir="1" index="1" bw="64" slack="1"/>
</pin_list>
<bind>
<opset="c_load "/>
</bind>
</comp>

<comp id="298" class="1005" name="tempReg_reg_298">
<pin_list>
<pin id="299" dir="0" index="0" bw="64" slack="1"/>
<pin id="300" dir="1" index="1" bw="64" slack="1"/>
</pin_list>
<bind>
<opset="tempReg "/>
</bind>
</comp>

<comp id="306" class="1005" name="borrowReg_reg_306">
<pin_list>
<pin id="307" dir="0" index="0" bw="1" slack="1"/>
<pin id="308" dir="1" index="1" bw="1" slack="1"/>
</pin_list>
<bind>
<opset="borrowReg "/>
</bind>
</comp>

</comp_list>

<net_list>
<net id="59"><net_src comp="12" pin="0"/><net_sink comp="56" pin=0"/></net>

<net id="64"><net_src comp="14" pin="0"/><net_sink comp="60" pin=0"/></net>

<net id="65"><net_src comp="6" pin="0"/><net_sink comp="60" pin=1"/></net>

<net id="70"><net_src comp="16" pin="0"/><net_sink comp="66" pin=0"/></net>

<net id="71"><net_src comp="4" pin="0"/><net_sink comp="66" pin=1"/></net>

<net id="76"><net_src comp="14" pin="0"/><net_sink comp="72" pin=0"/></net>

<net id="77"><net_src comp="0" pin="0"/><net_sink comp="72" pin=1"/></net>

<net id="83"><net_src comp="54" pin="0"/><net_sink comp="78" pin=0"/></net>

<net id="84"><net_src comp="10" pin="0"/><net_sink comp="78" pin=1"/></net>

<net id="90"><net_src comp="2" pin="0"/><net_sink comp="85" pin=0"/></net>

<net id="91"><net_src comp="26" pin="0"/><net_sink comp="85" pin=1"/></net>

<net id="97"><net_src comp="8" pin="0"/><net_sink comp="92" pin=0"/></net>

<net id="98"><net_src comp="26" pin="0"/><net_sink comp="92" pin=1"/></net>

<net id="104"><net_src comp="92" pin="3"/><net_sink comp="99" pin=0"/></net>

<net id="114"><net_src comp="85" pin="3"/><net_sink comp="105" pin=2"/></net>

<net id="118"><net_src comp="30" pin="0"/><net_sink comp="115" pin=0"/></net>

<net id="125"><net_src comp="115" pin="1"/><net_sink comp="119" pin=0"/></net>

<net id="126"><net_src comp="119" pin="4"/><net_sink comp="115" pin=0"/></net>

<net id="127"><net_src comp="119" pin="4"/><net_sink comp="78" pin=2"/></net>

<net id="132"><net_src comp="18" pin="0"/><net_sink comp="128" pin=0"/></net>

<net id="140"><net_src comp="133" pin="1"/><net_sink comp="136" pin=0"/></net>

<net id="141"><net_src comp="20" pin="0"/><net_sink comp="136" pin=1"/></net>

<net id="146"><net_src comp="133" pin="1"/><net_sink comp="142" pin=0"/></net>

<net id="147"><net_src comp="22" pin="0"/><net_sink comp="142" pin=1"/></net>

<net id="151"><net_src comp="133" pin="1"/><net_sink comp="148" pin=0"/></net>

<net id="157"><net_src comp="24" pin="0"/><net_sink comp="152" pin=0"/></net>

<net id="158"><net_src comp="72" pin="2"/><net_sink comp="152" pin=1"/></net>

<net id="159"><net_src comp="148" pin="1"/><net_sink comp="152" pin=2"/></net>

<net id="163"><net_src comp="152" pin="3"/><net_sink comp="160" pin=0"/></net>

<net id="164"><net_src comp="160" pin="1"/><net_sink comp="85" pin=2"/></net>

<net id="171"><net_src comp="28" pin="0"/><net_sink comp="165" pin=0"/></net>

<net id="172"><net_src comp="66" pin="2"/><net_sink comp="165" pin=1"/></net>

<net id="173"><net_src comp="60" pin="2"/><net_sink comp="165" pin=2"/></net>

<net id="174"><net_src comp="148" pin="1"/><net_sink comp="165" pin=3"/></net>

<net id="178"><net_src comp="165" pin="4"/><net_sink comp="175" pin=0"/></net>

<net id="179"><net_src comp="175" pin="1"/><net_sink comp="92" pin=2"/></net>

<net id="184"><net_src comp="142" pin="2"/><net_sink comp="180" pin=0"/></net>

<net id="189"><net_src comp="99" pin="3"/><net_sink comp="185" pin=0"/></net>

<net id="190"><net_src comp="105" pin="7"/><net_sink comp="185" pin=1"/></net>

<net id="203"><net_src comp="195" pin="2"/><net_sink comp="199" pin=0"/></net>

<net id="204"><net_src comp="191" pin="2"/><net_sink comp="199" pin=1"/></net>

<net id="209"><net_src comp="199" pin="2"/><net_sink comp="205" pin=1"/></net>

<net id="215"><net_src comp="46" pin="0"/><net_sink comp="210" pin=0"/></net>

<net id="216"><net_src comp="205" pin="2"/><net_sink comp="210" pin=1"/></net>

<net id="217"><net_src comp="48" pin="0"/><net_sink comp="210" pin=2"/></net>

<net id="222"><net_src comp="50" pin="0"/><net_sink comp="218" pin=0"/></net>

<net id="227"><net_src comp="218" pin="2"/><net_sink comp="223" pin=1"/></net>

<net id="233"><net_src comp="46" pin="0"/><net_sink comp="228" pin=0"/></net>

<net id="234"><net_src comp="223" pin="2"/><net_sink comp="228" pin=1"/></net>

<net id="235"><net_src comp="48" pin="0"/><net_sink comp="228" pin=2"/></net>

<net id="240"><net_src comp="228" pin="3"/><net_sink comp="236" pin=0"/></net>

<net id="241"><net_src comp="52" pin="0"/><net_sink comp="236" pin=1"/></net>

<net id="246"><net_src comp="115" pin="1"/><net_sink comp="242" pin=0"/></net>

<net id="247"><net_src comp="236" pin="2"/><net_sink comp="242" pin=1"/></net>

<net id="252"><net_src comp="242" pin="2"/><net_sink comp="248" pin=0"/></net>

<net id="253"><net_src comp="210" pin="3"/><net_sink comp="248" pin=1"/></net>

<net id="257"><net_src comp="115" pin="1"/><net_sink comp="254" pin=0"/></net>

<net id="262"><net_src comp="254" pin="1"/><net_sink comp="258" pin=1"/></net>

<net id="263"><net_src comp="258" pin="2"/><net_sink comp="105" pin=1"/></net>

<net id="267"><net_src comp="56" pin="1"/><net_sink comp="264" pin=0"/></net>

<net id="268"><net_src comp="264" pin="1"/><net_sink comp="128" pin=1"/></net>

<net id="269"><net_src comp="264" pin="1"/><net_sink comp="133" pin=0"/></net>

<net id="270"><net_src comp="264" pin="1"/><net_sink comp="180" pin=1"/></net>

<net id="274"><net_src comp="136" pin="2"/><net_sink comp="271" pin=0"/></net>

<net id="278"><net_src comp="85" pin="3"/><net_sink comp="275" pin=0"/></net>

<net id="279"><net_src comp="275" pin="1"/><net_sink comp="105" pin=2"/></net>

<net id="280"><net_src comp="275" pin="1"/><net_sink comp="105" pin=0"/></net>

<net id="284"><net_src comp="92" pin="3"/><net_sink comp="281" pin=0"/></net>

<net id="285"><net_src comp="281" pin="1"/><net_sink comp="99" pin=0"/></net>

<net id="289"><net_src comp="99" pin="3"/><net_sink comp="286" pin=0"/></net>

<net id="290"><net_src comp="286" pin="1"/><net_sink comp="191" pin=1"/></net>

<net id="291"><net_src comp="286" pin="1"/><net_sink comp="205" pin=0"/></net>

<net id="295"><net_src comp="105" pin="7"/><net_sink comp="292" pin=0"/></net>

<net id="296"><net_src comp="292" pin="1"/><net_sink comp="191" pin=0"/></net>

<net id="297"><net_src comp="292" pin="1"/><net_sink comp="195" pin=0"/></net>

<net id="301"><net_src comp="185" pin="2"/><net_sink comp="298" pin=0"/></net>

<net id="302"><net_src comp="298" pin="1"/><net_sink comp="195" pin=1"/></net>

<net id="303"><net_src comp="298" pin="1"/><net_sink comp="218" pin=1"/></net>

<net id="304"><net_src comp="298" pin="1"/><net_sink comp="223" pin=0"/></net>

<net id="305"><net_src comp="298" pin="1"/><net_sink comp="258" pin=0"/></net>

<net id="309"><net_src comp="248" pin="2"/><net_sink comp="306" pin=0"/></net>

<net id="310"><net_src comp="306" pin="1"/><net_sink comp="119" pin=2"/></net>

</net_list>

</model> 
---------------- Datapath Model END ------------------

* FSMD analyzer results:
  - Output states:
	Port: c | {3 }
	Port: borrow_out | {2 }
 - Input state : 
	Port: fpsub503.144.1_Pipeline_VITIS_LOOP_47_1 : c_offset | {1 }
	Port: fpsub503.144.1_Pipeline_VITIS_LOOP_47_1 : c | {1 2 }
	Port: fpsub503.144.1_Pipeline_VITIS_LOOP_47_1 : a_offset | {1 }
	Port: fpsub503.144.1_Pipeline_VITIS_LOOP_47_1 : a_offset2 | {1 }
	Port: fpsub503.144.1_Pipeline_VITIS_LOOP_47_1 : a | {1 2 }
  - Chain level:
	State 1
		store_ln44 : 1
		i_111 : 1
		icmp_ln47 : 2
		add_ln47 : 2
		trunc_ln48 : 2
		tmp : 3
		zext_ln48_22 : 4
		c_addr : 5
		tmp_s : 3
		zext_ln48_23 : 4
		a_addr : 5
		a_load : 6
		c_load : 6
		store_ln44 : 3
	State 2
		tempReg : 1
		write_ln48 : 1
	State 3
		or_ln95 : 1
		tmp_190 : 1
		xor_ln48 : 2
		and_ln48 : 2
		borrowReg : 2
		sub_ln48 : 1
		store_ln48 : 2


============================================================
+ Verbose Summary: Datapath Resource usage 
============================================================

* Functional unit list:
|----------|---------------------------|---------|---------|
| Operation|      Functional Unit      |    FF   |   LUT   |
|----------|---------------------------|---------|---------|
|          |       tempReg_fu_185      |    0    |    71   |
|    sub   |      sub_ln95_fu_218      |    0    |    71   |
|          |      sub_ln48_fu_258      |    0    |    71   |
|----------|---------------------------|---------|---------|
|          |      xor_ln105_fu_191     |    0    |    64   |
|    xor   |    xor_ln105_82_fu_195    |    0    |    64   |
|          |    xor_ln105_83_fu_205    |    0    |    64   |
|          |      xor_ln48_fu_236      |    0    |    2    |
|----------|---------------------------|---------|---------|
|          |      or_ln105_fu_199      |    0    |    64   |
|    or    |       or_ln95_fu_223      |    0    |    64   |
|          |      borrowReg_fu_248     |    0    |    2    |
|----------|---------------------------|---------|---------|
|   icmp   |      icmp_ln47_fu_136     |    0    |    13   |
|----------|---------------------------|---------|---------|
|    add   |      add_ln47_fu_142      |    0    |    13   |
|----------|---------------------------|---------|---------|
|    and   |      and_ln48_fu_242      |    0    |    2    |
|----------|---------------------------|---------|---------|
|          | a_offset2_read_read_fu_60 |    0    |    0    |
|   read   |  a_offset_read_read_fu_66 |    0    |    0    |
|          |  c_offset_read_read_fu_72 |    0    |    0    |
|----------|---------------------------|---------|---------|
|   write  |   write_ln48_write_fu_78  |    0    |    0    |
|----------|---------------------------|---------|---------|
|   trunc  |     trunc_ln48_fu_148     |    0    |    0    |
|----------|---------------------------|---------|---------|
|bitconcatenate|         tmp_fu_152        |    0    |    0    |
|          |        tmp_s_fu_165       |    0    |    0    |
|----------|---------------------------|---------|---------|
|          |    zext_ln48_22_fu_160    |    0    |    0    |
|   zext   |    zext_ln48_23_fu_175    |    0    |    0    |
|          |      zext_ln48_fu_254     |    0    |    0    |
|----------|---------------------------|---------|---------|
| bitselect|       tmp_189_fu_210      |    0    |    0    |
|          |       tmp_190_fu_228      |    0    |    0    |
|----------|---------------------------|---------|---------|
|   Total  |                           |    0    |   565   |
|----------|---------------------------|---------|---------|

Memories:
N/A

* Register list:
+-----------------+--------+
|                 |   FF   |
+-----------------+--------+
|  a_addr_reg_281 |    7   |
|  a_load_reg_286 |   64   |
|borrowReg_reg_306|    1   |
|  borrow_reg_115 |    1   |
|  c_addr_reg_275 |    4   |
|  c_load_reg_292 |   64   |
|    i_reg_264    |    4   |
|icmp_ln47_reg_271|    1   |
| tempReg_reg_298 |   64   |
+-----------------+--------+
|      Total      |   210  |
+-----------------+--------+

* Multiplexer (MUX) list: 
|-------------------|------|------|------|--------||---------||---------||---------|
|        Comp       |  Pin | Size |  BW  | S x BW ||  Delay  ||    FF   ||   LUT   |
|-------------------|------|------|------|--------||---------||---------||---------|
|  grp_access_fu_99 |  p0  |   2  |   7  |   14   ||    0    ||    9    |
| grp_access_fu_105 |  p2  |   2  |   0  |    0   ||    0    ||    9    |
|   borrow_reg_115  |  p0  |   2  |   1  |    2   ||    0    ||    9    |
|-------------------|------|------|------|--------||---------||---------||---------|
|       Total       |      |      |      |   16   ||  4.764  ||    0    ||    27   |
|-------------------|------|------|------|--------||---------||---------||---------|



* Summary:
+-----------+--------+--------+--------+
|           |  Delay |   FF   |   LUT  |
+-----------+--------+--------+--------+
|  Function |    -   |    0   |   565  |
|   Memory  |    -   |    -   |    -   |
|Multiplexer|    4   |    0   |   27   |
|  Register |    -   |   210  |    -   |
+-----------+--------+--------+--------+
|   Total   |    4   |   210  |   592  |
+-----------+--------+--------+--------+
