

================================================================
== Vitis HLS Report for 'fpsub503_144_275'
================================================================
* Date:           Tue May 20 14:31:24 2025

* Version:        2024.2.2 (Build 6049644 on Mar  5 2025)
* Project:        sikep503_hls
* Solution:       solution1 (Vivado IP Flow Target)
* Product family: zynq
* Target device:  xc7z020-clg484-1


================================================================
== Performance Estimates
================================================================
+ Timing: 
    * Summary: 
    +--------+----------+----------+------------+
    |  Clock |  Target  | Estimated| Uncertainty|
    +--------+----------+----------+------------+
    |ap_clk  |  10.00 ns|  6.774 ns|     2.70 ns|
    +--------+----------+----------+------------+

+ Latency: 
    * Summary: 
    +---------+---------+----------+----------+-----+-----+---------+
    |  Latency (cycles) |  Latency (absolute) |  Interval | Pipeline|
    |   min   |   max   |    min   |    max   | min | max |   Type  |
    +---------+---------+----------+----------+-----+-----+---------+
    |       33|       33|  0.330 us|  0.330 us|   33|   33|       no|
    +---------+---------+----------+----------+-----+-----+---------+

    + Detail: 
        * Instance: 
        N/A

        * Loop: 
        N/A

============================================================
+ Verbose Summary: Synthesis Manager
============================================================
InlineROM: 1
ExposeGlobal: 0
============================================================
+ Verbose Summary: CDFG Model
============================================================
IsTopModel: 0
ResetActiveHigh: 1
IsCombinational: 0
IsDatapathOnly: 0
HasWiredReturn: 1
HasMFsm: 0
HasVarLatency: 1
IsPipeline: 0
IsRtlPipelined: 0
IsInstanceOverlapped: 0
IsDontTouch: 0
HasImplIP: 0
IsGatedGlobalClock: 0


============================================================
+ Verbose Summary: Schedule
============================================================
* Number of FSM states : 4
* Pipeline : 0
* Dataflow Pipeline: 0

* FSM state transitions: 
1 --> 2 
2 --> 3 
3 --> 4 
4 --> 

* FSM state operations: 

State 1 <SV = 0> <Delay = 3.25>
ST_1 : Operation 5 [1/1] (0.00ns)   --->   "%c_offset4_read = read i1 @_ssdm_op_Read.ap_auto.i1, i1 %c_offset4"   --->   Operation 5 'read' 'c_offset4_read' <Predicate = true> <Delay = 0.00>
ST_1 : Operation 6 [1/1] (0.00ns)   --->   "%c_offset_read = read i32 @_ssdm_op_Read.ap_auto.i32, i32 %c_offset"   --->   Operation 6 'read' 'c_offset_read' <Predicate = true> <Delay = 0.00>
ST_1 : Operation 7 [1/1] (0.00ns)   --->   "%a_offset2_read = read i1 @_ssdm_op_Read.ap_auto.i1, i1 %a_offset2"   --->   Operation 7 'read' 'a_offset2_read' <Predicate = true> <Delay = 0.00>
ST_1 : Operation 8 [1/1] (0.00ns)   --->   "%a_offset_read = read i32 @_ssdm_op_Read.ap_auto.i32, i32 %a_offset"   --->   Operation 8 'read' 'a_offset_read' <Predicate = true> <Delay = 0.00>
ST_1 : Operation 9 [1/1] (0.00ns)   --->   "%empty = trunc i32 %c_offset_read"   --->   Operation 9 'trunc' 'empty' <Predicate = true> <Delay = 0.00>
ST_1 : Operation 10 [1/1] (0.00ns)   --->   "%empty_138 = trunc i32 %a_offset_read"   --->   Operation 10 'trunc' 'empty_138' <Predicate = true> <Delay = 0.00>
ST_1 : Operation 11 [1/1] (0.00ns)   --->   "%borrow_loc = alloca i32 1"   --->   Operation 11 'alloca' 'borrow_loc' <Predicate = true> <Delay = 0.00>
ST_1 : Operation 12 [2/2] (3.25ns)   --->   "%call_ln0 = call void @fpsub503.144.275_Pipeline_VITIS_LOOP_47_1, i3 %empty_138, i1 %a_offset2_read, i64 %a, i3 %empty, i1 %c_offset4_read, i64 %c, i1 %borrow_loc"   --->   Operation 12 'call' 'call_ln0' <Predicate = true> <Delay = 3.25> <CoreType = "Generic">   --->   Generic Core

State 2 <SV = 1> <Delay = 0.00>
ST_2 : Operation 13 [1/2] (0.00ns)   --->   "%call_ln0 = call void @fpsub503.144.275_Pipeline_VITIS_LOOP_47_1, i3 %empty_138, i1 %a_offset2_read, i64 %a, i3 %empty, i1 %c_offset4_read, i64 %c, i1 %borrow_loc"   --->   Operation 13 'call' 'call_ln0' <Predicate = true> <Delay = 0.00> <CoreType = "Generic">   --->   Generic Core

State 3 <SV = 2> <Delay = 3.25>
ST_3 : Operation 14 [1/1] (0.00ns)   --->   "%borrow_loc_load = load i1 %borrow_loc"   --->   Operation 14 'load' 'borrow_loc_load' <Predicate = true> <Delay = 0.00>
ST_3 : Operation 15 [2/2] (3.25ns)   --->   "%call_ln0 = call void @fpsub503.144.275_Pipeline_VITIS_LOOP_53_2, i3 %empty, i1 %c_offset4_read, i64 %c, i1 %borrow_loc_load, i64 %p503x2_1"   --->   Operation 15 'call' 'call_ln0' <Predicate = true> <Delay = 3.25> <CoreType = "Generic">   --->   Generic Core

State 4 <SV = 3> <Delay = 0.00>
ST_4 : Operation 16 [1/2] (0.00ns)   --->   "%call_ln0 = call void @fpsub503.144.275_Pipeline_VITIS_LOOP_53_2, i3 %empty, i1 %c_offset4_read, i64 %c, i1 %borrow_loc_load, i64 %p503x2_1"   --->   Operation 16 'call' 'call_ln0' <Predicate = true> <Delay = 0.00> <CoreType = "Generic">   --->   Generic Core
ST_4 : Operation 17 [1/1] (0.00ns)   --->   "%ret_ln56 = ret" [src/generic/fp_generic.c:56]   --->   Operation 17 'ret' 'ret_ln56' <Predicate = true> <Delay = 0.00>


============================================================
+ Verbose Summary: Timing violations
============================================================
Target clock period: 10.000ns, clock uncertainty: 2.700ns.

 <State 1>: 3.254ns
The critical path consists of the following:
	wire read operation ('c_offset4_read') on port 'c_offset4' [8]  (0.000 ns)
	'call' operation 0 bit ('call_ln0') to 'fpsub503.144.275_Pipeline_VITIS_LOOP_47_1' [15]  (3.254 ns)

 <State 2>: 0.000ns
The critical path consists of the following:

 <State 3>: 3.254ns
The critical path consists of the following:
	'load' operation 1 bit ('borrow_loc_load') on local variable 'borrow_loc' [16]  (0.000 ns)
	'call' operation 0 bit ('call_ln0') to 'fpsub503.144.275_Pipeline_VITIS_LOOP_53_2' [17]  (3.254 ns)

 <State 4>: 0.000ns
The critical path consists of the following:


============================================================
+ Verbose Summary: Binding
============================================================
N/A
* FSMD analyzer results:
  - Output states:
 - Input state : 
  - Chain level:
	State 1
	State 2
	State 3
	State 4


============================================================
+ Verbose Summary: Datapath Resource usage 
============================================================
N/A
