

================================================================
== Vitis HLS Report for 'fpsub503_4_Pipeline_VITIS_LOOP_53_2'
================================================================
* Date:           Tue May 20 14:35:44 2025

* Version:        2024.2.2 (Build 6049644 on Mar  5 2025)
* Project:        sikep503_hls
* Solution:       solution1 (Vivado IP Flow Target)
* Product family: zynq
* Target device:  xc7z020-clg484-1


================================================================
== Performance Estimates
================================================================
+ Timing: 
    * Summary: 
    +--------+----------+----------+------------+
    |  Clock |  Target  | Estimated| Uncertainty|
    +--------+----------+----------+------------+
    |ap_clk  |  10.00 ns|  6.774 ns|     2.70 ns|
    +--------+----------+----------+------------+

+ Latency: 
    * Summary: 
    +---------+---------+----------+----------+-----+-----+------------------------------------------------+
    |  Latency (cycles) |  Latency (absolute) |  Interval |                    Pipeline                    |
    |   min   |   max   |    min   |    max   | min | max |                      Type                      |
    +---------+---------+----------+----------+-----+-----+------------------------------------------------+
    |       19|       19|  0.190 us|  0.190 us|   18|   18|  loop auto-rewind stp (delay=0 clock cycles(s))|
    +---------+---------+----------+----------+-----+-----+------------------------------------------------+

    + Detail: 
        * Instance: 
        N/A

        * Loop: 
        +-------------------+---------+---------+----------+-----------+-----------+------+----------+
        |                   |  Latency (cycles) | Iteration|  Initiation Interval  | Trip |          |
        |     Loop Name     |   min   |   max   |  Latency |  achieved |   target  | Count| Pipelined|
        +-------------------+---------+---------+----------+-----------+-----------+------+----------+
        |- VITIS_LOOP_53_2  |       17|       17|         3|          2|          1|     8|       yes|
        +-------------------+---------+---------+----------+-----------+-----------+------+----------+



================================================================
== Utilization Estimates
================================================================
* Summary: 
+-----------------+---------+-----+--------+-------+-----+
|       Name      | BRAM_18K| DSP |   FF   |  LUT  | URAM|
+-----------------+---------+-----+--------+-------+-----+
|DSP              |        -|    -|       -|      -|    -|
|Expression       |        -|    -|       0|    624|    -|
|FIFO             |        -|    -|       -|      -|    -|
|Instance         |        -|    -|       -|      -|    -|
|Memory           |        0|    -|      64|      8|    -|
|Multiplexer      |        -|    -|       0|     68|    -|
|Register         |        -|    -|     270|      -|    -|
+-----------------+---------+-----+--------+-------+-----+
|Total            |        0|    0|     334|    700|    0|
+-----------------+---------+-----+--------+-------+-----+
|Available        |      280|  220|  106400|  53200|    0|
+-----------------+---------+-----+--------+-------+-----+
|Utilization (%)  |        0|    0|      ~0|      1|    0|
+-----------------+---------+-----+--------+-------+-----+

+ Detail: 
    * Instance: 
    N/A

    * DSP: 
    N/A

    * Memory: 
    +------------+--------------------------------------------------------------+---------+----+----+-----+------+-----+------+-------------+
    |   Memory   |                            Module                            | BRAM_18K| FF | LUT| URAM| Words| Bits| Banks| W*Bits*Banks|
    +------------+--------------------------------------------------------------+---------+----+----+-----+------+-----+------+-------------+
    |p503x2_1_U  |fpadd503_149_3_Pipeline_VITIS_LOOP_28_2_p503x2_1_ROM_AUTO_1R  |        0|  64|   8|    0|     8|   64|     1|          512|
    +------------+--------------------------------------------------------------+---------+----+----+-----+------+-----+------+-------------+
    |Total       |                                                              |        0|  64|   8|    0|     8|   64|     1|          512|
    +------------+--------------------------------------------------------------+---------+----+----+-----+------+-----+------+-------------+

    * FIFO: 
    N/A

    * Expression: 
    +--------------------------+----------+----+---+----+------------+------------+
    |       Variable Name      | Operation| DSP| FF| LUT| Bitwidth P0| Bitwidth P1|
    +--------------------------+----------+----+---+----+------------+------------+
    |add_ln53_fu_125_p2        |         +|   0|  0|  13|           4|           1|
    |add_ln54_fu_173_p2        |         +|   0|  0|  71|          64|          64|
    |tempReg_fu_162_p2         |         +|   0|  0|  71|          64|          64|
    |and_ln54_2_fu_217_p2      |       and|   0|  0|  64|          64|          64|
    |and_ln54_fu_168_p2        |       and|   0|  0|  64|          64|          64|
    |ap_condition_279          |       and|   0|  0|   2|           1|           1|
    |icmp_ln53_fu_119_p2       |      icmp|   0|  0|  13|           4|           5|
    |or_ln54_2_fu_228_p2       |        or|   0|  0|  64|          64|          64|
    |or_ln54_fu_187_p2         |        or|   0|  0|  64|          64|          64|
    |sext_ln45_cast_fu_103_p3  |    select|   0|  0|   2|           1|           2|
    |ap_enable_pp0             |       xor|   0|  0|   2|           1|           2|
    |xor_ln54_4_fu_183_p2      |       xor|   0|  0|  64|          64|          64|
    |xor_ln54_6_fu_222_p2      |       xor|   0|  0|  64|          64|          64|
    |xor_ln54_7_fu_200_p2      |       xor|   0|  0|   2|           1|           2|
    |xor_ln54_fu_178_p2        |       xor|   0|  0|  64|          64|          64|
    +--------------------------+----------+----+---+----+------------+------------+
    |Total                     |          |   0|  0| 624|         588|         589|
    +--------------------------+----------+----+---+----+------------+------------+

    * Multiplexer: 
    +-------------------------+----+-----------+-----+-----------+
    |           Name          | LUT| Input Size| Bits| Total Bits|
    +-------------------------+----+-----------+-----+-----------+
    |ap_NS_fsm                |  14|          3|    1|          3|
    |ap_done_int              |   9|          2|    1|          2|
    |ap_enable_reg_pp0_iter0  |   9|          2|    1|          2|
    |ap_enable_reg_pp0_iter1  |   9|          2|    1|          2|
    |ap_sig_allocacmp_i       |   9|          2|    4|          8|
    |borrow_reg_92            |   9|          2|    1|          2|
    |i_29_fu_52               |   9|          2|    4|          8|
    +-------------------------+----+-----------+-----+-----------+
    |Total                    |  68|         15|   13|         27|
    +-------------------------+----+-----------+-----+-----------+

    * Register: 
    +-----------------------------+----+----+-----+-----------+
    |             Name            | FF | LUT| Bits| Const Bits|
    +-----------------------------+----+----+-----+-----------+
    |and_ln54_reg_283             |  64|   0|   64|          0|
    |ap_CS_fsm                    |   2|   0|    2|          0|
    |ap_done_reg                  |   1|   0|    1|          0|
    |ap_enable_reg_pp0_iter0_reg  |   1|   0|    1|          0|
    |ap_enable_reg_pp0_iter1      |   1|   0|    1|          0|
    |borrow_reg_92                |   1|   0|    1|          0|
    |c_addr_reg_258               |   3|   0|    4|          1|
    |c_load_reg_269               |  64|   0|   64|          0|
    |i_29_fu_52                   |   4|   0|    4|          0|
    |icmp_ln53_reg_254            |   1|   0|    1|          0|
    |sext_ln45_cast_reg_249       |  64|   0|   64|          0|
    |tempReg_reg_274              |  64|   0|   64|          0|
    +-----------------------------+----+----+-----+-----------+
    |Total                        | 270|   0|  271|          1|
    +-----------------------------+----+----+-----+-----------+



================================================================
== Interface
================================================================
* Summary: 
+------------+-----+-----+------------+-------------------------------------+--------------+
|  RTL Ports | Dir | Bits|  Protocol  |            Source Object            |    C Type    |
+------------+-----+-----+------------+-------------------------------------+--------------+
|ap_clk      |   in|    1|  ap_ctrl_hs|  fpsub503.4_Pipeline_VITIS_LOOP_53_2|  return value|
|ap_rst      |   in|    1|  ap_ctrl_hs|  fpsub503.4_Pipeline_VITIS_LOOP_53_2|  return value|
|ap_start    |   in|    1|  ap_ctrl_hs|  fpsub503.4_Pipeline_VITIS_LOOP_53_2|  return value|
|ap_done     |  out|    1|  ap_ctrl_hs|  fpsub503.4_Pipeline_VITIS_LOOP_53_2|  return value|
|ap_idle     |  out|    1|  ap_ctrl_hs|  fpsub503.4_Pipeline_VITIS_LOOP_53_2|  return value|
|ap_ready    |  out|    1|  ap_ctrl_hs|  fpsub503.4_Pipeline_VITIS_LOOP_53_2|  return value|
|c_address0  |  out|    4|   ap_memory|                                    c|         array|
|c_ce0       |  out|    1|   ap_memory|                                    c|         array|
|c_we0       |  out|    1|   ap_memory|                                    c|         array|
|c_d0        |  out|   64|   ap_memory|                                    c|         array|
|c_address1  |  out|    4|   ap_memory|                                    c|         array|
|c_ce1       |  out|    1|   ap_memory|                                    c|         array|
|c_q1        |   in|   64|   ap_memory|                                    c|         array|
|sext_ln45   |   in|    1|     ap_none|                            sext_ln45|        scalar|
+------------+-----+-----+------------+-------------------------------------+--------------+

============================================================
+ Verbose Summary: Synthesis Manager
============================================================
InlineROM: 1
ExposeGlobal: 0
============================================================
+ Verbose Summary: CDFG Model
============================================================
IsTopModel: 0
ResetActiveHigh: 1
IsCombinational: 2
IsDatapathOnly: 2
HasWiredReturn: 1
HasMFsm: 2
HasVarLatency: 1
IsPipeline: 0
IsRtlPipelined: 0
IsInstanceOverlapped: 0
IsDontTouch: 0
HasImplIP: 0
IsGatedGlobalClock: 0

+ Individual pipeline summary: 
  * Pipeline-0: initiation interval (II) = 2, depth = 3


============================================================
+ Verbose Summary: Schedule
============================================================
* Number of FSM states : 3
* Pipeline : 1
  Pipeline-0 : II = 2, D = 3, States = { 1 2 3 }
* Dataflow Pipeline: 0

* FSM state transitions: 
1 --> 2 
2 --> 3 
3 --> 

* FSM state operations: 

State 1 <SV = 0> <Delay = 4.91>
ST_1 : Operation 6 [1/1] (0.00ns)   --->   "%i_29 = alloca i32 1" [src/generic/fp_generic.c:44]   --->   Operation 6 'alloca' 'i_29' <Predicate = true> <Delay = 0.00>
ST_1 : Operation 7 [1/1] (0.00ns)   --->   "%sext_ln45_read = read i1 @_ssdm_op_Read.ap_auto.i1, i1 %sext_ln45"   --->   Operation 7 'read' 'sext_ln45_read' <Predicate = true> <Delay = 0.00>
ST_1 : Operation 8 [1/1] (0.99ns)   --->   "%sext_ln45_cast = select i1 %sext_ln45_read, i64 18446744073709551615, i64 0"   --->   Operation 8 'select' 'sext_ln45_cast' <Predicate = true> <Delay = 0.99> <CoreInst = "Sel">   --->   Core 73 'Sel' <Latency = 0> <II = 1> <Delay = 0.99> <FuncUnit> <Opcode : 'select'> <InPorts = 3> <OutPorts = 1>
ST_1 : Operation 9 [1/1] (1.58ns)   --->   "%store_ln44 = store i4 0, i4 %i_29" [src/generic/fp_generic.c:44]   --->   Operation 9 'store' 'store_ln44' <Predicate = true> <Delay = 1.58>
ST_1 : Operation 10 [1/1] (1.58ns)   --->   "%br_ln0 = br void %for.inc32"   --->   Operation 10 'br' 'br_ln0' <Predicate = true> <Delay = 1.58>
ST_1 : Operation 11 [1/1] (0.00ns)   --->   "%i = load i4 %i_29" [src/generic/fp_generic.c:54]   --->   Operation 11 'load' 'i' <Predicate = true> <Delay = 0.00>
ST_1 : Operation 12 [1/1] (1.73ns)   --->   "%icmp_ln53 = icmp_eq  i4 %i, i4 8" [src/generic/fp_generic.c:53]   --->   Operation 12 'icmp' 'icmp_ln53' <Predicate = true> <Delay = 1.73> <CoreInst = "Cmp">   --->   Core 9 'Cmp' <Latency = 0> <II = 1> <Delay = 1.78> <FuncUnit> <Opcode : 'seteq' 'setne' 'setle' 'setge' 'setlt' 'setgt'> <InPorts = 2> <OutPorts = 1>
ST_1 : Operation 13 [1/1] (1.73ns)   --->   "%add_ln53 = add i4 %i, i4 1" [src/generic/fp_generic.c:53]   --->   Operation 13 'add' 'add_ln53' <Predicate = true> <Delay = 1.73> <CoreInst = "Adder">   --->   Core 1 'Adder' <Latency = 0> <II = 1> <Delay = 1.73> <FuncUnit> <Opcode : 'add' 'sub'> <InPorts = 2> <OutPorts = 1>
ST_1 : Operation 14 [1/1] (0.00ns)   --->   "%br_ln53 = br i1 %icmp_ln53, void %for.inc32.split, void %for.end34.exitStub" [src/generic/fp_generic.c:53]   --->   Operation 14 'br' 'br_ln53' <Predicate = true> <Delay = 0.00>
ST_1 : Operation 15 [1/1] (0.00ns)   --->   "%trunc_ln54 = trunc i4 %i" [src/generic/fp_generic.c:54]   --->   Operation 15 'trunc' 'trunc_ln54' <Predicate = (!icmp_ln53)> <Delay = 0.00>
ST_1 : Operation 16 [1/1] (0.00ns)   --->   "%zext_ln54 = zext i3 %trunc_ln54" [src/generic/fp_generic.c:54]   --->   Operation 16 'zext' 'zext_ln54' <Predicate = (!icmp_ln53)> <Delay = 0.00>
ST_1 : Operation 17 [1/1] (0.00ns)   --->   "%tmp_784_cast = bitconcatenate i4 @_ssdm_op_BitConcatenate.i4.i1.i3, i1 1, i3 %trunc_ln54" [src/generic/fp_generic.c:54]   --->   Operation 17 'bitconcatenate' 'tmp_784_cast' <Predicate = (!icmp_ln53)> <Delay = 0.00>
ST_1 : Operation 18 [1/1] (0.00ns)   --->   "%zext_ln54_3 = zext i4 %tmp_784_cast" [src/generic/fp_generic.c:54]   --->   Operation 18 'zext' 'zext_ln54_3' <Predicate = (!icmp_ln53)> <Delay = 0.00>
ST_1 : Operation 19 [1/1] (0.00ns)   --->   "%c_addr = getelementptr i64 %c, i32 0, i32 %zext_ln54_3" [src/generic/fp_generic.c:54]   --->   Operation 19 'getelementptr' 'c_addr' <Predicate = (!icmp_ln53)> <Delay = 0.00>
ST_1 : Operation 20 [2/2] (3.25ns)   --->   "%c_load = load i4 %c_addr" [src/generic/fp_generic.c:54]   --->   Operation 20 'load' 'c_load' <Predicate = (!icmp_ln53)> <Delay = 3.25> <CoreInst = "RAM">   --->   Core 81 'RAM' <Latency = 1> <II = 1> <Delay = 3.25> <Storage> <Opcode : 'load' 'store'> <Ports = 2> <Width = 64> <Depth = 16> <RAM>
ST_1 : Operation 21 [1/1] (0.00ns)   --->   "%p503x2_1_addr = getelementptr i64 %p503x2_1, i32 0, i32 %zext_ln54" [src/generic/fp_generic.c:54]   --->   Operation 21 'getelementptr' 'p503x2_1_addr' <Predicate = (!icmp_ln53)> <Delay = 0.00>
ST_1 : Operation 22 [2/2] (2.32ns)   --->   "%p503x2_1_load = load i3 %p503x2_1_addr" [src/generic/fp_generic.c:54]   --->   Operation 22 'load' 'p503x2_1_load' <Predicate = (!icmp_ln53)> <Delay = 2.32> <CoreInst = "ROM">   --->   Core 94 'ROM' <Latency = 1> <II = 1> <Delay = 2.32> <Storage> <Opcode : 'load'> <Ports = 0> <Width = 64> <Depth = 8> <ROM>
ST_1 : Operation 23 [1/1] (1.58ns)   --->   "%store_ln44 = store i4 %add_ln53, i4 %i_29" [src/generic/fp_generic.c:44]   --->   Operation 23 'store' 'store_ln44' <Predicate = (!icmp_ln53)> <Delay = 1.58>

State 2 <SV = 1> <Delay = 6.77>
ST_2 : Operation 24 [1/1] (0.00ns)   --->   "%borrow = phi i1 0, void %newFuncRoot, i1 %tmp, void %for.inc32.split" [src/generic/fp_generic.c:53]   --->   Operation 24 'phi' 'borrow' <Predicate = true> <Delay = 0.00>
ST_2 : Operation 25 [1/2] ( I:3.25ns O:3.25ns )   --->   "%c_load = load i4 %c_addr" [src/generic/fp_generic.c:54]   --->   Operation 25 'load' 'c_load' <Predicate = (!icmp_ln53)> <Delay = 3.25> <CoreInst = "RAM">   --->   Core 81 'RAM' <Latency = 1> <II = 1> <Delay = 3.25> <Storage> <Opcode : 'load' 'store'> <Ports = 2> <Width = 64> <Depth = 16> <RAM>
ST_2 : Operation 26 [1/1] (0.00ns)   --->   "%zext_ln54_2 = zext i1 %borrow" [src/generic/fp_generic.c:54]   --->   Operation 26 'zext' 'zext_ln54_2' <Predicate = (!icmp_ln53)> <Delay = 0.00>
ST_2 : Operation 27 [1/1] (3.52ns)   --->   "%tempReg = add i64 %c_load, i64 %zext_ln54_2" [src/generic/fp_generic.c:54]   --->   Operation 27 'add' 'tempReg' <Predicate = (!icmp_ln53)> <Delay = 3.52> <CoreInst = "Adder">   --->   Core 1 'Adder' <Latency = 0> <II = 1> <Delay = 3.52> <FuncUnit> <Opcode : 'add' 'sub'> <InPorts = 2> <OutPorts = 1>
ST_2 : Operation 28 [1/2] ( I:2.32ns O:2.32ns )   --->   "%p503x2_1_load = load i3 %p503x2_1_addr" [src/generic/fp_generic.c:54]   --->   Operation 28 'load' 'p503x2_1_load' <Predicate = (!icmp_ln53)> <Delay = 2.32> <CoreInst = "ROM">   --->   Core 94 'ROM' <Latency = 1> <II = 1> <Delay = 2.32> <Storage> <Opcode : 'load'> <Ports = 0> <Width = 64> <Depth = 8> <ROM>
ST_2 : Operation 29 [1/1] (0.99ns)   --->   "%and_ln54 = and i64 %p503x2_1_load, i64 %sext_ln45_cast" [src/generic/fp_generic.c:54]   --->   Operation 29 'and' 'and_ln54' <Predicate = (!icmp_ln53)> <Delay = 0.99> <CoreInst = "LogicGate">   --->   Core 74 'LogicGate' <Latency = 0> <II = 1> <Delay = 0.99> <FuncUnit> <Opcode : 'and' 'or' 'xor'> <InPorts = 2> <OutPorts = 1>
ST_2 : Operation 47 [1/1] (1.58ns)   --->   "%ret_ln0 = ret"   --->   Operation 47 'ret' 'ret_ln0' <Predicate = (icmp_ln53)> <Delay = 1.58>

State 3 <SV = 2> <Delay = 6.77>
ST_3 : Operation 30 [1/1] (0.00ns)   --->   "%specpipeline_ln44 = specpipeline void @_ssdm_op_SpecPipeline, i32 4294967295, i32 0, i32 0, i32 0, void @empty_44" [src/generic/fp_generic.c:44]   --->   Operation 30 'specpipeline' 'specpipeline_ln44' <Predicate = (!icmp_ln53)> <Delay = 0.00>
ST_3 : Operation 31 [1/1] (0.00ns)   --->   "%speclooptripcount_ln44 = speclooptripcount void @_ssdm_op_SpecLoopTripCount, i64 8, i64 8, i64 8" [src/generic/fp_generic.c:44]   --->   Operation 31 'speclooptripcount' 'speclooptripcount_ln44' <Predicate = (!icmp_ln53)> <Delay = 0.00>
ST_3 : Operation 32 [1/1] (0.00ns)   --->   "%specloopname_ln53 = specloopname void @_ssdm_op_SpecLoopName, void @empty_34" [src/generic/fp_generic.c:53]   --->   Operation 32 'specloopname' 'specloopname_ln53' <Predicate = (!icmp_ln53)> <Delay = 0.00>
ST_3 : Operation 33 [1/1] (3.52ns)   --->   "%add_ln54 = add i64 %and_ln54, i64 %tempReg" [src/generic/fp_generic.c:54]   --->   Operation 33 'add' 'add_ln54' <Predicate = (!icmp_ln53)> <Delay = 3.52> <CoreInst = "Adder">   --->   Core 1 'Adder' <Latency = 0> <II = 1> <Delay = 3.52> <FuncUnit> <Opcode : 'add' 'sub'> <InPorts = 2> <OutPorts = 1>
ST_3 : Operation 34 [1/1] ( I:3.25ns O:3.25ns )   --->   "%store_ln54 = store i64 %add_ln54, i4 %c_addr" [src/generic/fp_generic.c:54]   --->   Operation 34 'store' 'store_ln54' <Predicate = (!icmp_ln53)> <Delay = 3.25> <CoreInst = "RAM">   --->   Core 81 'RAM' <Latency = 1> <II = 1> <Delay = 3.25> <Storage> <Opcode : 'load' 'store'> <Ports = 2> <Width = 64> <Depth = 16> <RAM>
ST_3 : Operation 35 [1/1] (0.00ns) (grouped into LUT with out node xor_ln54_6)   --->   "%xor_ln54 = xor i64 %add_ln54, i64 %tempReg" [src/generic/fp_generic.c:54]   --->   Operation 35 'xor' 'xor_ln54' <Predicate = (!icmp_ln53)> <Delay = 0.00> <CoreInst = "LogicGate">   --->   Core 74 'LogicGate' <Latency = 0> <II = 1> <Delay = 0.99> <FuncUnit> <Opcode : 'and' 'or' 'xor'> <InPorts = 2> <OutPorts = 1>
ST_3 : Operation 36 [1/1] (0.00ns) (grouped into LUT with out node xor_ln54_6)   --->   "%xor_ln54_4 = xor i64 %and_ln54, i64 %tempReg" [src/generic/fp_generic.c:54]   --->   Operation 36 'xor' 'xor_ln54_4' <Predicate = (!icmp_ln53)> <Delay = 0.00> <CoreInst = "LogicGate">   --->   Core 74 'LogicGate' <Latency = 0> <II = 1> <Delay = 0.99> <FuncUnit> <Opcode : 'and' 'or' 'xor'> <InPorts = 2> <OutPorts = 1>
ST_3 : Operation 37 [1/1] (0.00ns) (grouped into LUT with out node xor_ln54_6)   --->   "%or_ln54 = or i64 %xor_ln54, i64 %xor_ln54_4" [src/generic/fp_generic.c:54]   --->   Operation 37 'or' 'or_ln54' <Predicate = (!icmp_ln53)> <Delay = 0.00> <CoreInst = "LogicGate">   --->   Core 74 'LogicGate' <Latency = 0> <II = 1> <Delay = 0.99> <FuncUnit> <Opcode : 'and' 'or' 'xor'> <InPorts = 2> <OutPorts = 1>
ST_3 : Operation 38 [1/1] (0.00ns) (grouped into LUT with out node or_ln54_2)   --->   "%bit_sel = bitselect i1 @_ssdm_op_BitSelect.i1.i64.i64, i64 %tempReg, i64 63" [src/generic/fp_generic.c:54]   --->   Operation 38 'bitselect' 'bit_sel' <Predicate = (!icmp_ln53)> <Delay = 0.00>
ST_3 : Operation 39 [1/1] (0.00ns) (grouped into LUT with out node or_ln54_2)   --->   "%xor_ln54_7 = xor i1 %bit_sel, i1 1" [src/generic/fp_generic.c:54]   --->   Operation 39 'xor' 'xor_ln54_7' <Predicate = (!icmp_ln53)> <Delay = 0.00> <CoreInst = "LogicGate">   --->   Core 74 'LogicGate' <Latency = 0> <II = 1> <Delay = 0.97> <FuncUnit> <Opcode : 'and' 'or' 'xor'> <InPorts = 2> <OutPorts = 1>
ST_3 : Operation 40 [1/1] (0.00ns) (grouped into LUT with out node or_ln54_2)   --->   "%trunc_ln54_3 = trunc i64 %tempReg" [src/generic/fp_generic.c:54]   --->   Operation 40 'trunc' 'trunc_ln54_3' <Predicate = (!icmp_ln53)> <Delay = 0.00>
ST_3 : Operation 41 [1/1] (0.00ns) (grouped into LUT with out node or_ln54_2)   --->   "%xor_ln54_5 = bitconcatenate i64 @_ssdm_op_BitConcatenate.i64.i1.i63, i1 %xor_ln54_7, i63 %trunc_ln54_3" [src/generic/fp_generic.c:54]   --->   Operation 41 'bitconcatenate' 'xor_ln54_5' <Predicate = (!icmp_ln53)> <Delay = 0.00>
ST_3 : Operation 42 [1/1] (0.00ns) (grouped into LUT with out node or_ln54_2)   --->   "%and_ln54_2 = and i64 %c_load, i64 %xor_ln54_5" [src/generic/fp_generic.c:54]   --->   Operation 42 'and' 'and_ln54_2' <Predicate = (!icmp_ln53)> <Delay = 0.00> <CoreInst = "LogicGate">   --->   Core 74 'LogicGate' <Latency = 0> <II = 1> <Delay = 0.99> <FuncUnit> <Opcode : 'and' 'or' 'xor'> <InPorts = 2> <OutPorts = 1>
ST_3 : Operation 43 [1/1] (0.99ns) (out node of the LUT)   --->   "%xor_ln54_6 = xor i64 %or_ln54, i64 %add_ln54" [src/generic/fp_generic.c:54]   --->   Operation 43 'xor' 'xor_ln54_6' <Predicate = (!icmp_ln53)> <Delay = 0.99> <CoreInst = "LogicGate">   --->   Core 74 'LogicGate' <Latency = 0> <II = 1> <Delay = 0.99> <FuncUnit> <Opcode : 'and' 'or' 'xor'> <InPorts = 2> <OutPorts = 1>
ST_3 : Operation 44 [1/1] (0.99ns) (out node of the LUT)   --->   "%or_ln54_2 = or i64 %xor_ln54_6, i64 %and_ln54_2" [src/generic/fp_generic.c:54]   --->   Operation 44 'or' 'or_ln54_2' <Predicate = (!icmp_ln53)> <Delay = 0.99> <CoreInst = "LogicGate">   --->   Core 74 'LogicGate' <Latency = 0> <II = 1> <Delay = 0.99> <FuncUnit> <Opcode : 'and' 'or' 'xor'> <InPorts = 2> <OutPorts = 1>
ST_3 : Operation 45 [1/1] (0.00ns)   --->   "%tmp = bitselect i1 @_ssdm_op_BitSelect.i1.i64.i32, i64 %or_ln54_2, i32 63" [src/generic/fp_generic.c:53]   --->   Operation 45 'bitselect' 'tmp' <Predicate = (!icmp_ln53)> <Delay = 0.00>
ST_3 : Operation 46 [1/1] (0.00ns)   --->   "%br_ln53 = br void %for.inc32" [src/generic/fp_generic.c:53]   --->   Operation 46 'br' 'br_ln53' <Predicate = (!icmp_ln53)> <Delay = 0.00>


============================================================
+ Verbose Summary: Binding
============================================================
STG Binding: 
---------------- STG Properties BEGIN ----------------
- Is combinational: 0
- Is one-state seq: 0
- Is datapath-only: 0
- Is pipelined: 0
- Is top level: 0
Port [ Return ] is wired: 1; IO mode=ap_ctrl_hs:ce=0
Port [ c]:  wired=1; compound=1; hidden=0; nouse=0; global=0; static=0; extern=0; dir=2; type=1; pingpong=0; private_global=0; MemPort=[01]; IO mode=ap_memory:ce=0
Port [ sext_ln45]:  wired=1; compound=0; hidden=0; nouse=0; global=0; static=0; extern=0; dir=0; type=0; pingpong=0; private_global=0; IO mode=ap_none:ce=0
Port [ p503x2_1]:  wired=0; compound=1; hidden=1; nouse=0; global=1; static=1; extern=0; dir=0; type=1; pingpong=0; private_global=0; MemPort=[1]; IO mode=ap_memory:ce=0
---------------- STG Properties END ------------------

---------------- Datapath Model BEGIN ----------------

<LifeTime>
<method=bitvector/>
i_29                   (alloca           ) [ 0100]
sext_ln45_read         (read             ) [ 0000]
sext_ln45_cast         (select           ) [ 0010]
store_ln44             (store            ) [ 0000]
br_ln0                 (br               ) [ 0111]
i                      (load             ) [ 0000]
icmp_ln53              (icmp             ) [ 0111]
add_ln53               (add              ) [ 0000]
br_ln53                (br               ) [ 0000]
trunc_ln54             (trunc            ) [ 0000]
zext_ln54              (zext             ) [ 0000]
tmp_784_cast           (bitconcatenate   ) [ 0000]
zext_ln54_3            (zext             ) [ 0000]
c_addr                 (getelementptr    ) [ 0111]
p503x2_1_addr          (getelementptr    ) [ 0010]
store_ln44             (store            ) [ 0000]
borrow                 (phi              ) [ 0010]
c_load                 (load             ) [ 0101]
zext_ln54_2            (zext             ) [ 0000]
tempReg                (add              ) [ 0101]
p503x2_1_load          (load             ) [ 0000]
and_ln54               (and              ) [ 0101]
specpipeline_ln44      (specpipeline     ) [ 0000]
speclooptripcount_ln44 (speclooptripcount) [ 0000]
specloopname_ln53      (specloopname     ) [ 0000]
add_ln54               (add              ) [ 0000]
store_ln54             (store            ) [ 0000]
xor_ln54               (xor              ) [ 0000]
xor_ln54_4             (xor              ) [ 0000]
or_ln54                (or               ) [ 0000]
bit_sel                (bitselect        ) [ 0000]
xor_ln54_7             (xor              ) [ 0000]
trunc_ln54_3           (trunc            ) [ 0000]
xor_ln54_5             (bitconcatenate   ) [ 0000]
and_ln54_2             (and              ) [ 0000]
xor_ln54_6             (xor              ) [ 0000]
or_ln54_2              (or               ) [ 0000]
tmp                    (bitselect        ) [ 0111]
br_ln53                (br               ) [ 0111]
ret_ln0                (ret              ) [ 0000]
</LifeTime>

<model>

<comp_list>
<comp id="0" class="1000" name="c">
<pin_list>
<pin id="1" dir="1" index="0" bw="1" slack="0"/>
</pin_list>
<bind>
<StgValue><ssdm name="c"/><MemPortTyVec>0 1 </MemPortTyVec>
</StgValue>
</bind>
</comp>

<comp id="2" class="1000" name="sext_ln45">
<pin_list>
<pin id="3" dir="1" index="0" bw="1" slack="0"/>
</pin_list>
<bind>
<StgValue><ssdm name="sext_ln45"/></StgValue>
</bind>
</comp>

<comp id="4" class="1000" name="p503x2_1">
<pin_list>
<pin id="5" dir="1" index="0" bw="1" slack="0"/>
</pin_list>
<bind>
<StgValue><ssdm name="p503x2_1"/><MemPortTyVec>1 </MemPortTyVec>
</StgValue>
</bind>
</comp>

<comp id="6" class="1001" name="const_6">
<pin_list>
<pin id="7" dir="1" index="0" bw="1" slack="0"/>
</pin_list>
<bind>
<StgValue><ssdm name=""/></StgValue>
</bind>
</comp>

<comp id="8" class="1001" name="const_8">
<pin_list>
<pin id="9" dir="1" index="0" bw="1" slack="0"/>
</pin_list>
<bind>
<StgValue><ssdm name="_ssdm_op_Read.ap_auto.i1"/></StgValue>
</bind>
</comp>

<comp id="10" class="1001" name="const_10">
<pin_list>
<pin id="11" dir="1" index="0" bw="1" slack="0"/>
</pin_list>
<bind>
<StgValue><ssdm name=""/></StgValue>
</bind>
</comp>

<comp id="12" class="1001" name="const_12">
<pin_list>
<pin id="13" dir="1" index="0" bw="1" slack="0"/>
</pin_list>
<bind>
<StgValue><ssdm name=""/></StgValue>
</bind>
</comp>

<comp id="14" class="1001" name="const_14">
<pin_list>
<pin id="15" dir="1" index="0" bw="1" slack="0"/>
</pin_list>
<bind>
<StgValue><ssdm name=""/></StgValue>
</bind>
</comp>

<comp id="16" class="1001" name="const_16">
<pin_list>
<pin id="17" dir="1" index="0" bw="1" slack="0"/>
</pin_list>
<bind>
<StgValue><ssdm name=""/></StgValue>
</bind>
</comp>

<comp id="18" class="1001" name="const_18">
<pin_list>
<pin id="19" dir="1" index="0" bw="1" slack="0"/>
</pin_list>
<bind>
<StgValue><ssdm name=""/></StgValue>
</bind>
</comp>

<comp id="20" class="1001" name="const_20">
<pin_list>
<pin id="21" dir="1" index="0" bw="1" slack="0"/>
</pin_list>
<bind>
<StgValue><ssdm name="_ssdm_op_BitConcatenate.i4.i1.i3"/></StgValue>
</bind>
</comp>

<comp id="22" class="1001" name="const_22">
<pin_list>
<pin id="23" dir="1" index="0" bw="1" slack="0"/>
</pin_list>
<bind>
<StgValue><ssdm name=""/></StgValue>
</bind>
</comp>

<comp id="24" class="1001" name="const_24">
<pin_list>
<pin id="25" dir="1" index="0" bw="1" slack="0"/>
</pin_list>
<bind>
<StgValue><ssdm name=""/></StgValue>
</bind>
</comp>

<comp id="26" class="1001" name="const_26">
<pin_list>
<pin id="27" dir="1" index="0" bw="1" slack="1"/>
</pin_list>
<bind>
<StgValue><ssdm name=""/></StgValue>
</bind>
</comp>

<comp id="28" class="1001" name="const_28">
<pin_list>
<pin id="29" dir="1" index="0" bw="1" slack="2147483647"/>
</pin_list>
<bind>
<StgValue><ssdm name="_ssdm_op_SpecPipeline"/></StgValue>
</bind>
</comp>

<comp id="30" class="1001" name="const_30">
<pin_list>
<pin id="31" dir="1" index="0" bw="1" slack="2147483647"/>
</pin_list>
<bind>
<StgValue><ssdm name=""/></StgValue>
</bind>
</comp>

<comp id="32" class="1001" name="const_32">
<pin_list>
<pin id="33" dir="1" index="0" bw="1" slack="2147483647"/>
</pin_list>
<bind>
<StgValue><ssdm name="empty_44"/></StgValue>
</bind>
</comp>

<comp id="34" class="1001" name="const_34">
<pin_list>
<pin id="35" dir="1" index="0" bw="1" slack="2147483647"/>
</pin_list>
<bind>
<StgValue><ssdm name="_ssdm_op_SpecLoopTripCount"/></StgValue>
</bind>
</comp>

<comp id="36" class="1001" name="const_36">
<pin_list>
<pin id="37" dir="1" index="0" bw="1" slack="2147483647"/>
</pin_list>
<bind>
<StgValue><ssdm name=""/></StgValue>
</bind>
</comp>

<comp id="38" class="1001" name="const_38">
<pin_list>
<pin id="39" dir="1" index="0" bw="1" slack="2147483647"/>
</pin_list>
<bind>
<StgValue><ssdm name="_ssdm_op_SpecLoopName"/></StgValue>
</bind>
</comp>

<comp id="40" class="1001" name="const_40">
<pin_list>
<pin id="41" dir="1" index="0" bw="1" slack="2147483647"/>
</pin_list>
<bind>
<StgValue><ssdm name="empty_34"/></StgValue>
</bind>
</comp>

<comp id="42" class="1001" name="const_42">
<pin_list>
<pin id="43" dir="1" index="0" bw="1" slack="0"/>
</pin_list>
<bind>
<StgValue><ssdm name="_ssdm_op_BitSelect.i1.i64.i64"/></StgValue>
</bind>
</comp>

<comp id="44" class="1001" name="const_44">
<pin_list>
<pin id="45" dir="1" index="0" bw="1" slack="0"/>
</pin_list>
<bind>
<StgValue><ssdm name=""/></StgValue>
</bind>
</comp>

<comp id="46" class="1001" name="const_46">
<pin_list>
<pin id="47" dir="1" index="0" bw="1" slack="0"/>
</pin_list>
<bind>
<StgValue><ssdm name="_ssdm_op_BitConcatenate.i64.i1.i63"/></StgValue>
</bind>
</comp>

<comp id="48" class="1001" name="const_48">
<pin_list>
<pin id="49" dir="1" index="0" bw="1" slack="0"/>
</pin_list>
<bind>
<StgValue><ssdm name="_ssdm_op_BitSelect.i1.i64.i32"/></StgValue>
</bind>
</comp>

<comp id="50" class="1001" name="const_50">
<pin_list>
<pin id="51" dir="1" index="0" bw="1" slack="0"/>
</pin_list>
<bind>
<StgValue><ssdm name=""/></StgValue>
</bind>
</comp>

<comp id="52" class="1004" name="i_29_fu_52">
<pin_list>
<pin id="53" dir="0" index="0" bw="1" slack="0"/>
<pin id="54" dir="1" index="1" bw="4" slack="0"/>
</pin_list>
<bind>
<opcode="alloca(26) " fcode="alloca"/>
<opset="i_29/1 "/>
</bind>
</comp>

<comp id="56" class="1004" name="sext_ln45_read_read_fu_56">
<pin_list>
<pin id="57" dir="0" index="0" bw="1" slack="0"/>
<pin id="58" dir="0" index="1" bw="1" slack="0"/>
<pin id="59" dir="1" index="2" bw="1" slack="0"/>
</pin_list>
<bind>
<opcode="read(1150) " fcode="read"/>
<opset="sext_ln45_read/1 "/>
</bind>
</comp>

<comp id="62" class="1004" name="c_addr_gep_fu_62">
<pin_list>
<pin id="63" dir="0" index="0" bw="64" slack="0"/>
<pin id="64" dir="0" index="1" bw="1" slack="0"/>
<pin id="65" dir="0" index="2" bw="4" slack="0"/>
<pin id="66" dir="1" index="3" bw="4" slack="0"/>
</pin_list>
<bind>
<opcode="getelementptr(29) " fcode="getelementptr"/>
<opset="c_addr/1 "/>
</bind>
</comp>

<comp id="69" class="1004" name="grp_access_fu_69">
<pin_list>
<pin id="70" dir="0" index="0" bw="4" slack="2"/>
<pin id="71" dir="0" index="1" bw="64" slack="0"/>
<pin id="72" dir="0" index="2" bw="0" slack="0"/>
<pin id="74" dir="0" index="4" bw="4" slack="2147483647"/>
<pin id="75" dir="0" index="5" bw="64" slack="2147483647"/>
<pin id="76" dir="0" index="6" bw="0" slack="2147483647"/>
<pin id="73" dir="1" index="3" bw="64" slack="2147483647"/>
<pin id="77" dir="1" index="7" bw="64" slack="0"/>
</pin_list>
<bind>
<opcode="load(27) store(28) " fcode="store"/>
<opset="c_load/1 store_ln54/3 "/>
</bind>
</comp>

<comp id="79" class="1004" name="p503x2_1_addr_gep_fu_79">
<pin_list>
<pin id="80" dir="0" index="0" bw="64" slack="0"/>
<pin id="81" dir="0" index="1" bw="1" slack="0"/>
<pin id="82" dir="0" index="2" bw="3" slack="0"/>
<pin id="83" dir="1" index="3" bw="3" slack="0"/>
</pin_list>
<bind>
<opcode="getelementptr(29) " fcode="getelementptr"/>
<opset="p503x2_1_addr/1 "/>
</bind>
</comp>

<comp id="86" class="1004" name="grp_access_fu_86">
<pin_list>
<pin id="87" dir="0" index="0" bw="3" slack="0"/>
<pin id="88" dir="0" index="1" bw="64" slack="2147483647"/>
<pin id="89" dir="0" index="2" bw="0" slack="2147483647"/>
<pin id="90" dir="1" index="3" bw="64" slack="0"/>
</pin_list>
<bind>
<opcode="load(27) " fcode="load"/>
<opset="p503x2_1_load/1 "/>
</bind>
</comp>

<comp id="92" class="1005" name="borrow_reg_92">
<pin_list>
<pin id="93" dir="0" index="0" bw="1" slack="1"/>
<pin id="94" dir="1" index="1" bw="1" slack="1"/>
</pin_list>
<bind>
<opset="borrow (phireg) "/>
</bind>
</comp>

<comp id="96" class="1004" name="borrow_phi_fu_96">
<pin_list>
<pin id="97" dir="0" index="0" bw="1" slack="1"/>
<pin id="98" dir="0" index="1" bw="0" slack="2147483647"/>
<pin id="99" dir="0" index="2" bw="1" slack="1"/>
<pin id="100" dir="0" index="3" bw="0" slack="2147483647"/>
<pin id="101" dir="1" index="4" bw="1" slack="0"/>
</pin_list>
<bind>
<opcode="phi(47) " fcode="phi"/>
<opset="borrow/2 "/>
</bind>
</comp>

<comp id="103" class="1004" name="sext_ln45_cast_fu_103">
<pin_list>
<pin id="104" dir="0" index="0" bw="1" slack="0"/>
<pin id="105" dir="0" index="1" bw="64" slack="0"/>
<pin id="106" dir="0" index="2" bw="64" slack="0"/>
<pin id="107" dir="1" index="3" bw="64" slack="1"/>
</pin_list>
<bind>
<opcode="select(49) " fcode="select"/>
<opset="sext_ln45_cast/1 "/>
</bind>
</comp>

<comp id="111" class="1004" name="store_ln44_store_fu_111">
<pin_list>
<pin id="112" dir="0" index="0" bw="1" slack="0"/>
<pin id="113" dir="0" index="1" bw="4" slack="0"/>
<pin id="114" dir="1" index="2" bw="0" slack="2147483647"/>
</pin_list>
<bind>
<opcode="store(28) " fcode="store"/>
<opset="store_ln44/1 "/>
</bind>
</comp>

<comp id="116" class="1004" name="i_load_fu_116">
<pin_list>
<pin id="117" dir="0" index="0" bw="4" slack="0"/>
<pin id="118" dir="1" index="1" bw="4" slack="0"/>
</pin_list>
<bind>
<opcode="load(27) " fcode="load"/>
<opset="i/1 "/>
</bind>
</comp>

<comp id="119" class="1004" name="icmp_ln53_fu_119">
<pin_list>
<pin id="120" dir="0" index="0" bw="4" slack="0"/>
<pin id="121" dir="0" index="1" bw="4" slack="0"/>
<pin id="122" dir="1" index="2" bw="1" slack="1"/>
</pin_list>
<bind>
<opcode="icmp(45) " fcode="icmp"/>
<opset="icmp_ln53/1 "/>
</bind>
</comp>

<comp id="125" class="1004" name="add_ln53_fu_125">
<pin_list>
<pin id="126" dir="0" index="0" bw="4" slack="0"/>
<pin id="127" dir="0" index="1" bw="1" slack="0"/>
<pin id="128" dir="1" index="2" bw="4" slack="0"/>
</pin_list>
<bind>
<opcode="add(8) " fcode="add"/>
<opset="add_ln53/1 "/>
</bind>
</comp>

<comp id="131" class="1004" name="trunc_ln54_fu_131">
<pin_list>
<pin id="132" dir="0" index="0" bw="4" slack="0"/>
<pin id="133" dir="1" index="1" bw="3" slack="0"/>
</pin_list>
<bind>
<opcode="trunc(33) " fcode="trunc"/>
<opset="trunc_ln54/1 "/>
</bind>
</comp>

<comp id="135" class="1004" name="zext_ln54_fu_135">
<pin_list>
<pin id="136" dir="0" index="0" bw="3" slack="0"/>
<pin id="137" dir="1" index="1" bw="32" slack="0"/>
</pin_list>
<bind>
<opcode="zext(34) " fcode="zext"/>
<opset="zext_ln54/1 "/>
</bind>
</comp>

<comp id="140" class="1004" name="tmp_784_cast_fu_140">
<pin_list>
<pin id="141" dir="0" index="0" bw="4" slack="0"/>
<pin id="142" dir="0" index="1" bw="1" slack="0"/>
<pin id="143" dir="0" index="2" bw="3" slack="0"/>
<pin id="144" dir="1" index="3" bw="4" slack="0"/>
</pin_list>
<bind>
<opcode="bitconcatenate(1004) " fcode="bitconcatenate"/>
<opset="tmp_784_cast/1 "/>
</bind>
</comp>

<comp id="148" class="1004" name="zext_ln54_3_fu_148">
<pin_list>
<pin id="149" dir="0" index="0" bw="4" slack="0"/>
<pin id="150" dir="1" index="1" bw="32" slack="0"/>
</pin_list>
<bind>
<opcode="zext(34) " fcode="zext"/>
<opset="zext_ln54_3/1 "/>
</bind>
</comp>

<comp id="153" class="1004" name="store_ln44_store_fu_153">
<pin_list>
<pin id="154" dir="0" index="0" bw="4" slack="0"/>
<pin id="155" dir="0" index="1" bw="4" slack="0"/>
<pin id="156" dir="1" index="2" bw="0" slack="2147483647"/>
</pin_list>
<bind>
<opcode="store(28) " fcode="store"/>
<opset="store_ln44/1 "/>
</bind>
</comp>

<comp id="158" class="1004" name="zext_ln54_2_fu_158">
<pin_list>
<pin id="159" dir="0" index="0" bw="1" slack="0"/>
<pin id="160" dir="1" index="1" bw="64" slack="0"/>
</pin_list>
<bind>
<opcode="zext(34) " fcode="zext"/>
<opset="zext_ln54_2/2 "/>
</bind>
</comp>

<comp id="162" class="1004" name="tempReg_fu_162">
<pin_list>
<pin id="163" dir="0" index="0" bw="64" slack="0"/>
<pin id="164" dir="0" index="1" bw="1" slack="0"/>
<pin id="165" dir="1" index="2" bw="64" slack="1"/>
</pin_list>
<bind>
<opcode="add(8) " fcode="add"/>
<opset="tempReg/2 "/>
</bind>
</comp>

<comp id="168" class="1004" name="and_ln54_fu_168">
<pin_list>
<pin id="169" dir="0" index="0" bw="64" slack="0"/>
<pin id="170" dir="0" index="1" bw="64" slack="1"/>
<pin id="171" dir="1" index="2" bw="64" slack="1"/>
</pin_list>
<bind>
<opcode="and(23) " fcode="and"/>
<opset="and_ln54/2 "/>
</bind>
</comp>

<comp id="173" class="1004" name="add_ln54_fu_173">
<pin_list>
<pin id="174" dir="0" index="0" bw="64" slack="1"/>
<pin id="175" dir="0" index="1" bw="64" slack="1"/>
<pin id="176" dir="1" index="2" bw="64" slack="0"/>
</pin_list>
<bind>
<opcode="add(8) " fcode="add"/>
<opset="add_ln54/3 "/>
</bind>
</comp>

<comp id="178" class="1004" name="xor_ln54_fu_178">
<pin_list>
<pin id="179" dir="0" index="0" bw="64" slack="0"/>
<pin id="180" dir="0" index="1" bw="64" slack="1"/>
<pin id="181" dir="1" index="2" bw="64" slack="0"/>
</pin_list>
<bind>
<opcode="xor(25) " fcode="xor"/>
<opset="xor_ln54/3 "/>
</bind>
</comp>

<comp id="183" class="1004" name="xor_ln54_4_fu_183">
<pin_list>
<pin id="184" dir="0" index="0" bw="64" slack="1"/>
<pin id="185" dir="0" index="1" bw="64" slack="1"/>
<pin id="186" dir="1" index="2" bw="64" slack="0"/>
</pin_list>
<bind>
<opcode="xor(25) " fcode="xor"/>
<opset="xor_ln54_4/3 "/>
</bind>
</comp>

<comp id="187" class="1004" name="or_ln54_fu_187">
<pin_list>
<pin id="188" dir="0" index="0" bw="64" slack="0"/>
<pin id="189" dir="0" index="1" bw="64" slack="0"/>
<pin id="190" dir="1" index="2" bw="64" slack="0"/>
</pin_list>
<bind>
<opcode="or(24) " fcode="or"/>
<opset="or_ln54/3 "/>
</bind>
</comp>

<comp id="193" class="1004" name="bit_sel_fu_193">
<pin_list>
<pin id="194" dir="0" index="0" bw="1" slack="0"/>
<pin id="195" dir="0" index="1" bw="64" slack="1"/>
<pin id="196" dir="0" index="2" bw="7" slack="0"/>
<pin id="197" dir="1" index="3" bw="1" slack="0"/>
</pin_list>
<bind>
<opcode="bitselect(1000) " fcode="bitselect"/>
<opset="bit_sel/3 "/>
</bind>
</comp>

<comp id="200" class="1004" name="xor_ln54_7_fu_200">
<pin_list>
<pin id="201" dir="0" index="0" bw="1" slack="0"/>
<pin id="202" dir="0" index="1" bw="1" slack="0"/>
<pin id="203" dir="1" index="2" bw="1" slack="0"/>
</pin_list>
<bind>
<opcode="xor(25) " fcode="xor"/>
<opset="xor_ln54_7/3 "/>
</bind>
</comp>

<comp id="206" class="1004" name="trunc_ln54_3_fu_206">
<pin_list>
<pin id="207" dir="0" index="0" bw="64" slack="1"/>
<pin id="208" dir="1" index="1" bw="63" slack="0"/>
</pin_list>
<bind>
<opcode="trunc(33) " fcode="trunc"/>
<opset="trunc_ln54_3/3 "/>
</bind>
</comp>

<comp id="209" class="1004" name="xor_ln54_5_fu_209">
<pin_list>
<pin id="210" dir="0" index="0" bw="64" slack="0"/>
<pin id="211" dir="0" index="1" bw="1" slack="0"/>
<pin id="212" dir="0" index="2" bw="63" slack="0"/>
<pin id="213" dir="1" index="3" bw="64" slack="0"/>
</pin_list>
<bind>
<opcode="bitconcatenate(1004) " fcode="bitconcatenate"/>
<opset="xor_ln54_5/3 "/>
</bind>
</comp>

<comp id="217" class="1004" name="and_ln54_2_fu_217">
<pin_list>
<pin id="218" dir="0" index="0" bw="64" slack="1"/>
<pin id="219" dir="0" index="1" bw="64" slack="0"/>
<pin id="220" dir="1" index="2" bw="64" slack="0"/>
</pin_list>
<bind>
<opcode="and(23) " fcode="and"/>
<opset="and_ln54_2/3 "/>
</bind>
</comp>

<comp id="222" class="1004" name="xor_ln54_6_fu_222">
<pin_list>
<pin id="223" dir="0" index="0" bw="64" slack="0"/>
<pin id="224" dir="0" index="1" bw="64" slack="0"/>
<pin id="225" dir="1" index="2" bw="64" slack="0"/>
</pin_list>
<bind>
<opcode="xor(25) " fcode="xor"/>
<opset="xor_ln54_6/3 "/>
</bind>
</comp>

<comp id="228" class="1004" name="or_ln54_2_fu_228">
<pin_list>
<pin id="229" dir="0" index="0" bw="64" slack="0"/>
<pin id="230" dir="0" index="1" bw="64" slack="0"/>
<pin id="231" dir="1" index="2" bw="64" slack="0"/>
</pin_list>
<bind>
<opcode="or(24) " fcode="or"/>
<opset="or_ln54_2/3 "/>
</bind>
</comp>

<comp id="234" class="1004" name="tmp_fu_234">
<pin_list>
<pin id="235" dir="0" index="0" bw="1" slack="0"/>
<pin id="236" dir="0" index="1" bw="64" slack="0"/>
<pin id="237" dir="0" index="2" bw="7" slack="0"/>
<pin id="238" dir="1" index="3" bw="1" slack="1"/>
</pin_list>
<bind>
<opcode="bitselect(1000) " fcode="bitselect"/>
<opset="tmp/3 "/>
</bind>
</comp>

<comp id="242" class="1005" name="i_29_reg_242">
<pin_list>
<pin id="243" dir="0" index="0" bw="4" slack="0"/>
<pin id="244" dir="1" index="1" bw="4" slack="0"/>
</pin_list>
<bind>
<opset="i_29 "/>
</bind>
</comp>

<comp id="249" class="1005" name="sext_ln45_cast_reg_249">
<pin_list>
<pin id="250" dir="0" index="0" bw="64" slack="1"/>
<pin id="251" dir="1" index="1" bw="64" slack="1"/>
</pin_list>
<bind>
<opset="sext_ln45_cast "/>
</bind>
</comp>

<comp id="254" class="1005" name="icmp_ln53_reg_254">
<pin_list>
<pin id="255" dir="0" index="0" bw="1" slack="1"/>
<pin id="256" dir="1" index="1" bw="1" slack="2147483647"/>
</pin_list>
<bind>
<opset="icmp_ln53 "/>
</bind>
</comp>

<comp id="258" class="1005" name="c_addr_reg_258">
<pin_list>
<pin id="259" dir="0" index="0" bw="4" slack="1"/>
<pin id="260" dir="1" index="1" bw="4" slack="1"/>
</pin_list>
<bind>
<opset="c_addr "/>
</bind>
</comp>

<comp id="264" class="1005" name="p503x2_1_addr_reg_264">
<pin_list>
<pin id="265" dir="0" index="0" bw="3" slack="1"/>
<pin id="266" dir="1" index="1" bw="3" slack="1"/>
</pin_list>
<bind>
<opset="p503x2_1_addr "/>
</bind>
</comp>

<comp id="269" class="1005" name="c_load_reg_269">
<pin_list>
<pin id="270" dir="0" index="0" bw="64" slack="1"/>
<pin id="271" dir="1" index="1" bw="64" slack="1"/>
</pin_list>
<bind>
<opset="c_load "/>
</bind>
</comp>

<comp id="274" class="1005" name="tempReg_reg_274">
<pin_list>
<pin id="275" dir="0" index="0" bw="64" slack="1"/>
<pin id="276" dir="1" index="1" bw="64" slack="1"/>
</pin_list>
<bind>
<opset="tempReg "/>
</bind>
</comp>

<comp id="283" class="1005" name="and_ln54_reg_283">
<pin_list>
<pin id="284" dir="0" index="0" bw="64" slack="1"/>
<pin id="285" dir="1" index="1" bw="64" slack="1"/>
</pin_list>
<bind>
<opset="and_ln54 "/>
</bind>
</comp>

<comp id="289" class="1005" name="tmp_reg_289">
<pin_list>
<pin id="290" dir="0" index="0" bw="1" slack="1"/>
<pin id="291" dir="1" index="1" bw="1" slack="1"/>
</pin_list>
<bind>
<opset="tmp "/>
</bind>
</comp>

</comp_list>

<net_list>
<net id="55"><net_src comp="6" pin="0"/><net_sink comp="52" pin=0"/></net>

<net id="60"><net_src comp="8" pin="0"/><net_sink comp="56" pin=0"/></net>

<net id="61"><net_src comp="2" pin="0"/><net_sink comp="56" pin=1"/></net>

<net id="67"><net_src comp="0" pin="0"/><net_sink comp="62" pin=0"/></net>

<net id="68"><net_src comp="24" pin="0"/><net_sink comp="62" pin=1"/></net>

<net id="78"><net_src comp="62" pin="3"/><net_sink comp="69" pin=2"/></net>

<net id="84"><net_src comp="4" pin="0"/><net_sink comp="79" pin=0"/></net>

<net id="85"><net_src comp="24" pin="0"/><net_sink comp="79" pin=1"/></net>

<net id="91"><net_src comp="79" pin="3"/><net_sink comp="86" pin=0"/></net>

<net id="95"><net_src comp="26" pin="0"/><net_sink comp="92" pin=0"/></net>

<net id="102"><net_src comp="92" pin="1"/><net_sink comp="96" pin=0"/></net>

<net id="108"><net_src comp="56" pin="2"/><net_sink comp="103" pin=0"/></net>

<net id="109"><net_src comp="10" pin="0"/><net_sink comp="103" pin=1"/></net>

<net id="110"><net_src comp="12" pin="0"/><net_sink comp="103" pin=2"/></net>

<net id="115"><net_src comp="14" pin="0"/><net_sink comp="111" pin=0"/></net>

<net id="123"><net_src comp="116" pin="1"/><net_sink comp="119" pin=0"/></net>

<net id="124"><net_src comp="16" pin="0"/><net_sink comp="119" pin=1"/></net>

<net id="129"><net_src comp="116" pin="1"/><net_sink comp="125" pin=0"/></net>

<net id="130"><net_src comp="18" pin="0"/><net_sink comp="125" pin=1"/></net>

<net id="134"><net_src comp="116" pin="1"/><net_sink comp="131" pin=0"/></net>

<net id="138"><net_src comp="131" pin="1"/><net_sink comp="135" pin=0"/></net>

<net id="139"><net_src comp="135" pin="1"/><net_sink comp="79" pin=2"/></net>

<net id="145"><net_src comp="20" pin="0"/><net_sink comp="140" pin=0"/></net>

<net id="146"><net_src comp="22" pin="0"/><net_sink comp="140" pin=1"/></net>

<net id="147"><net_src comp="131" pin="1"/><net_sink comp="140" pin=2"/></net>

<net id="151"><net_src comp="140" pin="3"/><net_sink comp="148" pin=0"/></net>

<net id="152"><net_src comp="148" pin="1"/><net_sink comp="62" pin=2"/></net>

<net id="157"><net_src comp="125" pin="2"/><net_sink comp="153" pin=0"/></net>

<net id="161"><net_src comp="96" pin="4"/><net_sink comp="158" pin=0"/></net>

<net id="166"><net_src comp="69" pin="7"/><net_sink comp="162" pin=0"/></net>

<net id="167"><net_src comp="158" pin="1"/><net_sink comp="162" pin=1"/></net>

<net id="172"><net_src comp="86" pin="3"/><net_sink comp="168" pin=0"/></net>

<net id="177"><net_src comp="173" pin="2"/><net_sink comp="69" pin=1"/></net>

<net id="182"><net_src comp="173" pin="2"/><net_sink comp="178" pin=0"/></net>

<net id="191"><net_src comp="178" pin="2"/><net_sink comp="187" pin=0"/></net>

<net id="192"><net_src comp="183" pin="2"/><net_sink comp="187" pin=1"/></net>

<net id="198"><net_src comp="42" pin="0"/><net_sink comp="193" pin=0"/></net>

<net id="199"><net_src comp="44" pin="0"/><net_sink comp="193" pin=2"/></net>

<net id="204"><net_src comp="193" pin="3"/><net_sink comp="200" pin=0"/></net>

<net id="205"><net_src comp="22" pin="0"/><net_sink comp="200" pin=1"/></net>

<net id="214"><net_src comp="46" pin="0"/><net_sink comp="209" pin=0"/></net>

<net id="215"><net_src comp="200" pin="2"/><net_sink comp="209" pin=1"/></net>

<net id="216"><net_src comp="206" pin="1"/><net_sink comp="209" pin=2"/></net>

<net id="221"><net_src comp="209" pin="3"/><net_sink comp="217" pin=1"/></net>

<net id="226"><net_src comp="187" pin="2"/><net_sink comp="222" pin=0"/></net>

<net id="227"><net_src comp="173" pin="2"/><net_sink comp="222" pin=1"/></net>

<net id="232"><net_src comp="222" pin="2"/><net_sink comp="228" pin=0"/></net>

<net id="233"><net_src comp="217" pin="2"/><net_sink comp="228" pin=1"/></net>

<net id="239"><net_src comp="48" pin="0"/><net_sink comp="234" pin=0"/></net>

<net id="240"><net_src comp="228" pin="2"/><net_sink comp="234" pin=1"/></net>

<net id="241"><net_src comp="50" pin="0"/><net_sink comp="234" pin=2"/></net>

<net id="245"><net_src comp="52" pin="1"/><net_sink comp="242" pin=0"/></net>

<net id="246"><net_src comp="242" pin="1"/><net_sink comp="111" pin=1"/></net>

<net id="247"><net_src comp="242" pin="1"/><net_sink comp="116" pin=0"/></net>

<net id="248"><net_src comp="242" pin="1"/><net_sink comp="153" pin=1"/></net>

<net id="252"><net_src comp="103" pin="3"/><net_sink comp="249" pin=0"/></net>

<net id="253"><net_src comp="249" pin="1"/><net_sink comp="168" pin=1"/></net>

<net id="257"><net_src comp="119" pin="2"/><net_sink comp="254" pin=0"/></net>

<net id="261"><net_src comp="62" pin="3"/><net_sink comp="258" pin=0"/></net>

<net id="262"><net_src comp="258" pin="1"/><net_sink comp="69" pin=2"/></net>

<net id="263"><net_src comp="258" pin="1"/><net_sink comp="69" pin=0"/></net>

<net id="267"><net_src comp="79" pin="3"/><net_sink comp="264" pin=0"/></net>

<net id="268"><net_src comp="264" pin="1"/><net_sink comp="86" pin=0"/></net>

<net id="272"><net_src comp="69" pin="7"/><net_sink comp="269" pin=0"/></net>

<net id="273"><net_src comp="269" pin="1"/><net_sink comp="217" pin=0"/></net>

<net id="277"><net_src comp="162" pin="2"/><net_sink comp="274" pin=0"/></net>

<net id="278"><net_src comp="274" pin="1"/><net_sink comp="173" pin=1"/></net>

<net id="279"><net_src comp="274" pin="1"/><net_sink comp="178" pin=1"/></net>

<net id="280"><net_src comp="274" pin="1"/><net_sink comp="183" pin=1"/></net>

<net id="281"><net_src comp="274" pin="1"/><net_sink comp="193" pin=1"/></net>

<net id="282"><net_src comp="274" pin="1"/><net_sink comp="206" pin=0"/></net>

<net id="286"><net_src comp="168" pin="2"/><net_sink comp="283" pin=0"/></net>

<net id="287"><net_src comp="283" pin="1"/><net_sink comp="173" pin=0"/></net>

<net id="288"><net_src comp="283" pin="1"/><net_sink comp="183" pin=0"/></net>

<net id="292"><net_src comp="234" pin="3"/><net_sink comp="289" pin=0"/></net>

<net id="293"><net_src comp="289" pin="1"/><net_sink comp="96" pin=2"/></net>

</net_list>

</model> 
---------------- Datapath Model END ------------------

* FSMD analyzer results:
  - Output states:
	Port: c | {3 }
	Port: p503x2_1 | {}
 - Input state : 
	Port: fpsub503.4_Pipeline_VITIS_LOOP_53_2 : c | {1 2 }
	Port: fpsub503.4_Pipeline_VITIS_LOOP_53_2 : sext_ln45 | {1 }
	Port: fpsub503.4_Pipeline_VITIS_LOOP_53_2 : p503x2_1 | {1 2 }
  - Chain level:
	State 1
		store_ln44 : 1
		i : 1
		icmp_ln53 : 2
		add_ln53 : 2
		br_ln53 : 3
		trunc_ln54 : 2
		zext_ln54 : 3
		tmp_784_cast : 3
		zext_ln54_3 : 4
		c_addr : 5
		c_load : 6
		p503x2_1_addr : 4
		p503x2_1_load : 5
		store_ln44 : 3
	State 2
		zext_ln54_2 : 1
		tempReg : 2
		and_ln54 : 1
	State 3
		store_ln54 : 1
		xor_ln54 : 1
		or_ln54 : 1
		xor_ln54_7 : 1
		xor_ln54_5 : 1
		and_ln54_2 : 2
		xor_ln54_6 : 1
		or_ln54_2 : 2
		tmp : 2


============================================================
+ Verbose Summary: Datapath Resource usage 
============================================================

* Functional unit list:
|----------|---------------------------|---------|---------|
| Operation|      Functional Unit      |    FF   |   LUT   |
|----------|---------------------------|---------|---------|
|          |      xor_ln54_fu_178      |    0    |    64   |
|    xor   |     xor_ln54_4_fu_183     |    0    |    64   |
|          |     xor_ln54_7_fu_200     |    0    |    2    |
|          |     xor_ln54_6_fu_222     |    0    |    64   |
|----------|---------------------------|---------|---------|
|          |      add_ln53_fu_125      |    0    |    13   |
|    add   |       tempReg_fu_162      |    0    |    71   |
|          |      add_ln54_fu_173      |    0    |    71   |
|----------|---------------------------|---------|---------|
|    and   |      and_ln54_fu_168      |    0    |    64   |
|          |     and_ln54_2_fu_217     |    0    |    64   |
|----------|---------------------------|---------|---------|
|    or    |       or_ln54_fu_187      |    0    |    64   |
|          |      or_ln54_2_fu_228     |    0    |    64   |
|----------|---------------------------|---------|---------|
|  select  |   sext_ln45_cast_fu_103   |    0    |    64   |
|----------|---------------------------|---------|---------|
|   icmp   |      icmp_ln53_fu_119     |    0    |    13   |
|----------|---------------------------|---------|---------|
|   read   | sext_ln45_read_read_fu_56 |    0    |    0    |
|----------|---------------------------|---------|---------|
|   trunc  |     trunc_ln54_fu_131     |    0    |    0    |
|          |    trunc_ln54_3_fu_206    |    0    |    0    |
|----------|---------------------------|---------|---------|
|          |      zext_ln54_fu_135     |    0    |    0    |
|   zext   |     zext_ln54_3_fu_148    |    0    |    0    |
|          |     zext_ln54_2_fu_158    |    0    |    0    |
|----------|---------------------------|---------|---------|
|bitconcatenate|    tmp_784_cast_fu_140    |    0    |    0    |
|          |     xor_ln54_5_fu_209     |    0    |    0    |
|----------|---------------------------|---------|---------|
| bitselect|       bit_sel_fu_193      |    0    |    0    |
|          |         tmp_fu_234        |    0    |    0    |
|----------|---------------------------|---------|---------|
|   Total  |                           |    0    |   682   |
|----------|---------------------------|---------|---------|

Memories:
N/A

* Register list:
+----------------------+--------+
|                      |   FF   |
+----------------------+--------+
|   and_ln54_reg_283   |   64   |
|     borrow_reg_92    |    1   |
|    c_addr_reg_258    |    4   |
|    c_load_reg_269    |   64   |
|     i_29_reg_242     |    4   |
|   icmp_ln53_reg_254  |    1   |
| p503x2_1_addr_reg_264|    3   |
|sext_ln45_cast_reg_249|   64   |
|    tempReg_reg_274   |   64   |
|      tmp_reg_289     |    1   |
+----------------------+--------+
|         Total        |   270  |
+----------------------+--------+

* Multiplexer (MUX) list: 
|------------------|------|------|------|--------||---------||---------||---------|
|       Comp       |  Pin | Size |  BW  | S x BW ||  Delay  ||    FF   ||   LUT   |
|------------------|------|------|------|--------||---------||---------||---------|
| grp_access_fu_69 |  p2  |   2  |   0  |    0   ||    0    ||    9    |
| grp_access_fu_86 |  p0  |   2  |   3  |    6   ||    0    ||    9    |
|------------------|------|------|------|--------||---------||---------||---------|
|       Total      |      |      |      |    6   ||  3.176  ||    0    ||    18   |
|------------------|------|------|------|--------||---------||---------||---------|



* Summary:
+-----------+--------+--------+--------+
|           |  Delay |   FF   |   LUT  |
+-----------+--------+--------+--------+
|  Function |    -   |    0   |   682  |
|   Memory  |    -   |    -   |    -   |
|Multiplexer|    3   |    0   |   18   |
|  Register |    -   |   270  |    -   |
+-----------+--------+--------+--------+
|   Total   |    3   |   270  |   700  |
+-----------+--------+--------+--------+
