

================================================================
== Vitis HLS Report for 'LADDER3PT_1_Pipeline_VITIS_LOOP_14_1'
================================================================
* Date:           Tue May 20 14:37:55 2025

* Version:        2024.2.2 (Build 6049644 on Mar  5 2025)
* Project:        sikep503_hls
* Solution:       solution1 (Vivado IP Flow Target)
* Product family: zynq
* Target device:  xc7z020-clg484-1


================================================================
== Performance Estimates
================================================================
+ Timing: 
    * Summary: 
    +--------+----------+----------+------------+
    |  Clock |  Target  | Estimated| Uncertainty|
    +--------+----------+----------+------------+
    |ap_clk  |  10.00 ns|  4.911 ns|     2.70 ns|
    +--------+----------+----------+------------+

+ Latency: 
    * Summary: 
    +---------+---------+----------+----------+-----+-----+------------------------------------------------+
    |  Latency (cycles) |  Latency (absolute) |  Interval |                    Pipeline                    |
    |   min   |   max   |    min   |    max   | min | max |                      Type                      |
    +---------+---------+----------+----------+-----+-----+------------------------------------------------+
    |       10|       10|  0.100 us|  0.100 us|    9|    9|  loop auto-rewind stp (delay=0 clock cycles(s))|
    +---------+---------+----------+----------+-----+-----+------------------------------------------------+

    + Detail: 
        * Instance: 
        N/A

        * Loop: 
        +-------------------+---------+---------+----------+-----------+-----------+------+----------+
        |                   |  Latency (cycles) | Iteration|  Initiation Interval  | Trip |          |
        |     Loop Name     |   min   |   max   |  Latency |  achieved |   target  | Count| Pipelined|
        +-------------------+---------+---------+----------+-----------+-----------+------+----------+
        |- VITIS_LOOP_14_1  |        8|        8|         2|          1|          1|     8|       yes|
        +-------------------+---------+---------+----------+-----------+-----------+------+----------+



================================================================
== Utilization Estimates
================================================================
* Summary: 
+-----------------+---------+-----+--------+-------+-----+
|       Name      | BRAM_18K| DSP |   FF   |  LUT  | URAM|
+-----------------+---------+-----+--------+-------+-----+
|DSP              |        -|    -|       -|      -|    -|
|Expression       |        -|    -|       0|     28|    -|
|FIFO             |        -|    -|       -|      -|    -|
|Instance         |        -|    -|       -|      -|    -|
|Memory           |        0|    -|      64|      8|    -|
|Multiplexer      |        -|    -|       0|     36|    -|
|Register         |        -|    -|      10|      -|    -|
+-----------------+---------+-----+--------+-------+-----+
|Total            |        0|    0|      74|     72|    0|
+-----------------+---------+-----+--------+-------+-----+
|Available        |      280|  220|  106400|  53200|    0|
+-----------------+---------+-----+--------+-------+-----+
|Utilization (%)  |        0|    0|      ~0|     ~0|    0|
+-----------------+---------+-----+--------+-------+-----+

+ Detail: 
    * Instance: 
    N/A

    * DSP: 
    N/A

    * Memory: 
    +--------------------+-------------------------------------------------------------------------------------+---------+----+----+-----+------+-----+------+-------------+
    |       Memory       |                                        Module                                       | BRAM_18K| FF | LUT| URAM| Words| Bits| Banks| W*Bits*Banks|
    +--------------------+-------------------------------------------------------------------------------------+---------+----+----+-----+------+-----+------+-------------+
    |Montgomery_one_1_U  |EphemeralKeyGeneration_A_1_Pipeline_VITIS_LOOP_14_1243_Montgomery_one_1_ROM_AUTO_1R  |        0|  64|   8|    0|     8|   64|     1|          512|
    +--------------------+-------------------------------------------------------------------------------------+---------+----+----+-----+------+-----+------+-------------+
    |Total               |                                                                                     |        0|  64|   8|    0|     8|   64|     1|          512|
    +--------------------+-------------------------------------------------------------------------------------+---------+----+----+-----+------+-----+------+-------------+

    * FIFO: 
    N/A

    * Expression: 
    +--------------------+----------+----+---+----+------------+------------+
    |    Variable Name   | Operation| DSP| FF| LUT| Bitwidth P0| Bitwidth P1|
    +--------------------+----------+----+---+----+------------+------------+
    |add_ln14_fu_93_p2   |         +|   0|  0|  13|           4|           1|
    |icmp_ln14_fu_87_p2  |      icmp|   0|  0|  13|           4|           5|
    |ap_enable_pp0       |       xor|   0|  0|   2|           1|           2|
    +--------------------+----------+----+---+----+------------+------------+
    |Total               |          |   0|  0|  28|           9|           8|
    +--------------------+----------+----+---+----+------------+------------+

    * Multiplexer: 
    +-------------------------+----+-----------+-----+-----------+
    |           Name          | LUT| Input Size| Bits| Total Bits|
    +-------------------------+----+-----------+-----+-----------+
    |ap_done_int              |   9|          2|    1|          2|
    |ap_enable_reg_pp0_iter1  |   9|          2|    1|          2|
    |ap_sig_allocacmp_i_287   |   9|          2|    4|          8|
    |i_fu_34                  |   9|          2|    4|          8|
    +-------------------------+----+-----------+-----+-----------+
    |Total                    |  36|          8|   10|         20|
    +-------------------------+----+-----------+-----+-----------+

    * Register: 
    +-------------------------+---+----+-----+-----------+
    |           Name          | FF| LUT| Bits| Const Bits|
    +-------------------------+---+----+-----+-----------+
    |ap_CS_fsm                |  1|   0|    1|          0|
    |ap_done_reg              |  1|   0|    1|          0|
    |ap_enable_reg_pp0_iter1  |  1|   0|    1|          0|
    |i_fu_34                  |  4|   0|    4|          0|
    |lshr_ln_reg_146          |  2|   0|    2|          0|
    |trunc_ln14_reg_142       |  1|   0|    1|          0|
    +-------------------------+---+----+-----+-----------+
    |Total                    | 10|   0|   10|          0|
    +-------------------------+---+----+-----+-----------+



================================================================
== Interface
================================================================
* Summary: 
+----------------+-----+-----+------------+--------------------------------------+--------------+
|    RTL Ports   | Dir | Bits|  Protocol  |             Source Object            |    C Type    |
+----------------+-----+-----+------------+--------------------------------------+--------------+
|ap_clk          |   in|    1|  ap_ctrl_hs|  LADDER3PT.1_Pipeline_VITIS_LOOP_14_1|  return value|
|ap_rst          |   in|    1|  ap_ctrl_hs|  LADDER3PT.1_Pipeline_VITIS_LOOP_14_1|  return value|
|ap_start        |   in|    1|  ap_ctrl_hs|  LADDER3PT.1_Pipeline_VITIS_LOOP_14_1|  return value|
|ap_done         |  out|    1|  ap_ctrl_hs|  LADDER3PT.1_Pipeline_VITIS_LOOP_14_1|  return value|
|ap_idle         |  out|    1|  ap_ctrl_hs|  LADDER3PT.1_Pipeline_VITIS_LOOP_14_1|  return value|
|ap_ready        |  out|    1|  ap_ctrl_hs|  LADDER3PT.1_Pipeline_VITIS_LOOP_14_1|  return value|
|A24_address0    |  out|    3|   ap_memory|                                   A24|         array|
|A24_ce0         |  out|    1|   ap_memory|                                   A24|         array|
|A24_we0         |  out|    1|   ap_memory|                                   A24|         array|
|A24_d0          |  out|   64|   ap_memory|                                   A24|         array|
|A24_2_address0  |  out|    3|   ap_memory|                                 A24_2|         array|
|A24_2_ce0       |  out|    1|   ap_memory|                                 A24_2|         array|
|A24_2_we0       |  out|    1|   ap_memory|                                 A24_2|         array|
|A24_2_d0        |  out|   64|   ap_memory|                                 A24_2|         array|
+----------------+-----+-----+------------+--------------------------------------+--------------+

============================================================
+ Verbose Summary: Synthesis Manager
============================================================
InlineROM: 1
ExposeGlobal: 0
============================================================
+ Verbose Summary: CDFG Model
============================================================
IsTopModel: 0
ResetActiveHigh: 1
IsCombinational: 2
IsDatapathOnly: 2
HasWiredReturn: 1
HasMFsm: 2
HasVarLatency: 1
IsPipeline: 0
IsRtlPipelined: 0
IsInstanceOverlapped: 0
IsDontTouch: 0
HasImplIP: 0
IsGatedGlobalClock: 0

+ Individual pipeline summary: 
  * Pipeline-0: initiation interval (II) = 1, depth = 2


============================================================
+ Verbose Summary: Schedule
============================================================
* Number of FSM states : 2
* Pipeline : 1
  Pipeline-0 : II = 1, D = 2, States = { 1 2 }
* Dataflow Pipeline: 0

* FSM state transitions: 
1 --> 2 
2 --> 

* FSM state operations: 

State 1 <SV = 0> <Delay = 4.91>
ST_1 : Operation 5 [1/1] (0.00ns)   --->   "%i = alloca i32 1" [src/fpx.c:12->src/ec_isogeny.c:301]   --->   Operation 5 'alloca' 'i' <Predicate = true> <Delay = 0.00>
ST_1 : Operation 6 [1/1] (1.58ns)   --->   "%store_ln12 = store i4 0, i4 %i" [src/fpx.c:12->src/ec_isogeny.c:301]   --->   Operation 6 'store' 'store_ln12' <Predicate = true> <Delay = 1.58>
ST_1 : Operation 7 [1/1] (0.00ns)   --->   "%br_ln0 = br void %for.inc.i"   --->   Operation 7 'br' 'br_ln0' <Predicate = true> <Delay = 0.00>
ST_1 : Operation 8 [1/1] (0.00ns)   --->   "%i_287 = load i4 %i" [src/fpx.c:14->src/ec_isogeny.c:301]   --->   Operation 8 'load' 'i_287' <Predicate = true> <Delay = 0.00>
ST_1 : Operation 9 [1/1] (1.73ns)   --->   "%icmp_ln14 = icmp_eq  i4 %i_287, i4 8" [src/fpx.c:14->src/ec_isogeny.c:301]   --->   Operation 9 'icmp' 'icmp_ln14' <Predicate = true> <Delay = 1.73> <CoreInst = "Cmp">   --->   Core 9 'Cmp' <Latency = 0> <II = 1> <Delay = 1.78> <FuncUnit> <Opcode : 'seteq' 'setne' 'setle' 'setge' 'setlt' 'setgt'> <InPorts = 2> <OutPorts = 1>
ST_1 : Operation 10 [1/1] (1.73ns)   --->   "%add_ln14 = add i4 %i_287, i4 1" [src/fpx.c:14->src/ec_isogeny.c:301]   --->   Operation 10 'add' 'add_ln14' <Predicate = true> <Delay = 1.73> <CoreInst = "Adder">   --->   Core 1 'Adder' <Latency = 0> <II = 1> <Delay = 1.73> <FuncUnit> <Opcode : 'add' 'sub'> <InPorts = 2> <OutPorts = 1>
ST_1 : Operation 11 [1/1] (0.00ns)   --->   "%br_ln14 = br i1 %icmp_ln14, void %for.inc.i.split, void %fpcopy503.exit.exitStub" [src/fpx.c:14->src/ec_isogeny.c:301]   --->   Operation 11 'br' 'br_ln14' <Predicate = true> <Delay = 0.00>
ST_1 : Operation 12 [1/1] (0.00ns)   --->   "%trunc_ln14 = trunc i4 %i_287" [src/fpx.c:14->src/ec_isogeny.c:301]   --->   Operation 12 'trunc' 'trunc_ln14' <Predicate = (!icmp_ln14)> <Delay = 0.00>
ST_1 : Operation 13 [1/1] (0.00ns)   --->   "%trunc_ln14_2 = trunc i4 %i_287" [src/fpx.c:14->src/ec_isogeny.c:301]   --->   Operation 13 'trunc' 'trunc_ln14_2' <Predicate = (!icmp_ln14)> <Delay = 0.00>
ST_1 : Operation 14 [1/1] (0.00ns)   --->   "%lshr_ln = partselect i2 @_ssdm_op_PartSelect.i2.i4.i32.i32, i4 %i_287, i32 1, i32 2" [src/fpx.c:12->src/ec_isogeny.c:301]   --->   Operation 14 'partselect' 'lshr_ln' <Predicate = (!icmp_ln14)> <Delay = 0.00>
ST_1 : Operation 15 [1/1] (0.00ns)   --->   "%zext_ln15 = zext i3 %trunc_ln14_2" [src/fpx.c:15->src/ec_isogeny.c:301]   --->   Operation 15 'zext' 'zext_ln15' <Predicate = (!icmp_ln14)> <Delay = 0.00>
ST_1 : Operation 16 [1/1] (0.00ns)   --->   "%Montgomery_one_1_addr = getelementptr i64 %Montgomery_one_1, i32 0, i32 %zext_ln15" [src/fpx.c:15->src/ec_isogeny.c:301]   --->   Operation 16 'getelementptr' 'Montgomery_one_1_addr' <Predicate = (!icmp_ln14)> <Delay = 0.00>
ST_1 : Operation 17 [2/2] (2.32ns)   --->   "%Montgomery_one_1_load = load i3 %Montgomery_one_1_addr" [src/fpx.c:15->src/ec_isogeny.c:301]   --->   Operation 17 'load' 'Montgomery_one_1_load' <Predicate = (!icmp_ln14)> <Delay = 2.32> <CoreInst = "ROM">   --->   Core 94 'ROM' <Latency = 1> <II = 1> <Delay = 2.32> <Storage> <Opcode : 'load'> <Ports = 0> <Width = 64> <Depth = 8> <ROM>
ST_1 : Operation 18 [1/1] (0.00ns)   --->   "%br_ln15 = br i1 %trunc_ln14, void %arrayidx2.i145.case.0, void %arrayidx2.i145.case.1" [src/fpx.c:15->src/ec_isogeny.c:301]   --->   Operation 18 'br' 'br_ln15' <Predicate = (!icmp_ln14)> <Delay = 0.00>
ST_1 : Operation 19 [1/1] (1.58ns)   --->   "%store_ln12 = store i4 %add_ln14, i4 %i" [src/fpx.c:12->src/ec_isogeny.c:301]   --->   Operation 19 'store' 'store_ln12' <Predicate = (!icmp_ln14)> <Delay = 1.58>
ST_1 : Operation 20 [1/1] (0.00ns)   --->   "%br_ln14 = br void %for.inc.i" [src/fpx.c:14->src/ec_isogeny.c:301]   --->   Operation 20 'br' 'br_ln14' <Predicate = (!icmp_ln14)> <Delay = 0.00>
ST_1 : Operation 32 [1/1] (1.58ns)   --->   "%ret_ln0 = ret"   --->   Operation 32 'ret' 'ret_ln0' <Predicate = (icmp_ln14)> <Delay = 1.58>

State 2 <SV = 1> <Delay = 4.64>
ST_2 : Operation 21 [1/1] (0.00ns)   --->   "%specpipeline_ln12 = specpipeline void @_ssdm_op_SpecPipeline, i32 4294967295, i32 0, i32 0, i32 0, void @empty_44" [src/fpx.c:12->src/ec_isogeny.c:301]   --->   Operation 21 'specpipeline' 'specpipeline_ln12' <Predicate = true> <Delay = 0.00>
ST_2 : Operation 22 [1/1] (0.00ns)   --->   "%speclooptripcount_ln12 = speclooptripcount void @_ssdm_op_SpecLoopTripCount, i64 8, i64 8, i64 8" [src/fpx.c:12->src/ec_isogeny.c:301]   --->   Operation 22 'speclooptripcount' 'speclooptripcount_ln12' <Predicate = true> <Delay = 0.00>
ST_2 : Operation 23 [1/1] (0.00ns)   --->   "%specloopname_ln14 = specloopname void @_ssdm_op_SpecLoopName, void @empty_40" [src/fpx.c:14->src/ec_isogeny.c:301]   --->   Operation 23 'specloopname' 'specloopname_ln14' <Predicate = true> <Delay = 0.00>
ST_2 : Operation 24 [1/2] ( I:2.32ns O:2.32ns )   --->   "%Montgomery_one_1_load = load i3 %Montgomery_one_1_addr" [src/fpx.c:15->src/ec_isogeny.c:301]   --->   Operation 24 'load' 'Montgomery_one_1_load' <Predicate = true> <Delay = 2.32> <CoreInst = "ROM">   --->   Core 94 'ROM' <Latency = 1> <II = 1> <Delay = 2.32> <Storage> <Opcode : 'load'> <Ports = 0> <Width = 64> <Depth = 8> <ROM>
ST_2 : Operation 25 [1/1] (0.00ns)   --->   "%zext_ln15_9 = zext i2 %lshr_ln" [src/fpx.c:15->src/ec_isogeny.c:301]   --->   Operation 25 'zext' 'zext_ln15_9' <Predicate = true> <Delay = 0.00>
ST_2 : Operation 26 [1/1] (0.00ns)   --->   "%A24_addr = getelementptr i64 %A24, i32 0, i32 %zext_ln15_9" [src/fpx.c:15->src/ec_isogeny.c:301]   --->   Operation 26 'getelementptr' 'A24_addr' <Predicate = true> <Delay = 0.00>
ST_2 : Operation 27 [1/1] (0.00ns)   --->   "%A24_2_addr = getelementptr i64 %A24_2, i32 0, i32 %zext_ln15_9" [src/fpx.c:15->src/ec_isogeny.c:301]   --->   Operation 27 'getelementptr' 'A24_2_addr' <Predicate = true> <Delay = 0.00>
ST_2 : Operation 28 [1/1] ( I:2.32ns O:2.32ns )   --->   "%store_ln15 = store i64 %Montgomery_one_1_load, i3 %A24_addr" [src/fpx.c:15->src/ec_isogeny.c:301]   --->   Operation 28 'store' 'store_ln15' <Predicate = (!trunc_ln14)> <Delay = 2.32> <CoreInst = "RAM">   --->   Core 81 'RAM' <Latency = 1> <II = 1> <Delay = 2.32> <Storage> <Opcode : 'load' 'store'> <Ports = 2> <Width = 64> <Depth = 8> <RAM>
ST_2 : Operation 29 [1/1] (0.00ns)   --->   "%br_ln15 = br void %arrayidx2.i145.exit" [src/fpx.c:15->src/ec_isogeny.c:301]   --->   Operation 29 'br' 'br_ln15' <Predicate = (!trunc_ln14)> <Delay = 0.00>
ST_2 : Operation 30 [1/1] ( I:2.32ns O:2.32ns )   --->   "%store_ln15 = store i64 %Montgomery_one_1_load, i3 %A24_2_addr" [src/fpx.c:15->src/ec_isogeny.c:301]   --->   Operation 30 'store' 'store_ln15' <Predicate = (trunc_ln14)> <Delay = 2.32> <CoreInst = "RAM">   --->   Core 81 'RAM' <Latency = 1> <II = 1> <Delay = 2.32> <Storage> <Opcode : 'load' 'store'> <Ports = 2> <Width = 64> <Depth = 8> <RAM>
ST_2 : Operation 31 [1/1] (0.00ns)   --->   "%br_ln15 = br void %arrayidx2.i145.exit" [src/fpx.c:15->src/ec_isogeny.c:301]   --->   Operation 31 'br' 'br_ln15' <Predicate = (trunc_ln14)> <Delay = 0.00>


============================================================
+ Verbose Summary: Binding
============================================================
STG Binding: 
---------------- STG Properties BEGIN ----------------
- Is combinational: 0
- Is one-state seq: 0
- Is datapath-only: 0
- Is pipelined: 0
- Is top level: 0
Port [ Return ] is wired: 1; IO mode=ap_ctrl_hs:ce=0
Port [ A24]:  wired=1; compound=1; hidden=0; nouse=0; global=0; static=0; extern=0; dir=1; type=1; pingpong=0; private_global=0; MemPort=[03]; IO mode=ap_memory:ce=0
Port [ A24_2]:  wired=1; compound=1; hidden=0; nouse=0; global=0; static=0; extern=0; dir=1; type=1; pingpong=0; private_global=0; MemPort=[03]; IO mode=ap_memory:ce=0
Port [ Montgomery_one_1]:  wired=0; compound=1; hidden=1; nouse=0; global=1; static=1; extern=0; dir=0; type=1; pingpong=0; private_global=0; MemPort=[1]; IO mode=ap_memory:ce=0
---------------- STG Properties END ------------------

---------------- Datapath Model BEGIN ----------------

<LifeTime>
<method=bitvector/>
i                      (alloca           ) [ 010]
store_ln12             (store            ) [ 000]
br_ln0                 (br               ) [ 000]
i_287                  (load             ) [ 000]
icmp_ln14              (icmp             ) [ 010]
add_ln14               (add              ) [ 000]
br_ln14                (br               ) [ 000]
trunc_ln14             (trunc            ) [ 011]
trunc_ln14_2           (trunc            ) [ 000]
lshr_ln                (partselect       ) [ 011]
zext_ln15              (zext             ) [ 000]
Montgomery_one_1_addr  (getelementptr    ) [ 011]
br_ln15                (br               ) [ 000]
store_ln12             (store            ) [ 000]
br_ln14                (br               ) [ 000]
specpipeline_ln12      (specpipeline     ) [ 000]
speclooptripcount_ln12 (speclooptripcount) [ 000]
specloopname_ln14      (specloopname     ) [ 000]
Montgomery_one_1_load  (load             ) [ 000]
zext_ln15_9            (zext             ) [ 000]
A24_addr               (getelementptr    ) [ 000]
A24_2_addr             (getelementptr    ) [ 000]
store_ln15             (store            ) [ 000]
br_ln15                (br               ) [ 000]
store_ln15             (store            ) [ 000]
br_ln15                (br               ) [ 000]
ret_ln0                (ret              ) [ 000]
</LifeTime>

<model>

<comp_list>
<comp id="0" class="1000" name="A24">
<pin_list>
<pin id="1" dir="1" index="0" bw="1" slack="0"/>
</pin_list>
<bind>
<StgValue><ssdm name="A24"/><MemPortTyVec>0 3 </MemPortTyVec>
</StgValue>
</bind>
</comp>

<comp id="2" class="1000" name="A24_2">
<pin_list>
<pin id="3" dir="1" index="0" bw="1" slack="0"/>
</pin_list>
<bind>
<StgValue><ssdm name="A24_2"/><MemPortTyVec>0 3 </MemPortTyVec>
</StgValue>
</bind>
</comp>

<comp id="4" class="1000" name="Montgomery_one_1">
<pin_list>
<pin id="5" dir="1" index="0" bw="1" slack="0"/>
</pin_list>
<bind>
<StgValue><ssdm name="Montgomery_one_1"/><MemPortTyVec>1 </MemPortTyVec>
</StgValue>
</bind>
</comp>

<comp id="6" class="1001" name="const_6">
<pin_list>
<pin id="7" dir="1" index="0" bw="1" slack="0"/>
</pin_list>
<bind>
<StgValue><ssdm name=""/></StgValue>
</bind>
</comp>

<comp id="8" class="1001" name="const_8">
<pin_list>
<pin id="9" dir="1" index="0" bw="1" slack="0"/>
</pin_list>
<bind>
<StgValue><ssdm name=""/></StgValue>
</bind>
</comp>

<comp id="10" class="1001" name="const_10">
<pin_list>
<pin id="11" dir="1" index="0" bw="1" slack="0"/>
</pin_list>
<bind>
<StgValue><ssdm name=""/></StgValue>
</bind>
</comp>

<comp id="12" class="1001" name="const_12">
<pin_list>
<pin id="13" dir="1" index="0" bw="1" slack="0"/>
</pin_list>
<bind>
<StgValue><ssdm name=""/></StgValue>
</bind>
</comp>

<comp id="14" class="1001" name="const_14">
<pin_list>
<pin id="15" dir="1" index="0" bw="1" slack="0"/>
</pin_list>
<bind>
<StgValue><ssdm name="_ssdm_op_PartSelect.i2.i4.i32.i32"/></StgValue>
</bind>
</comp>

<comp id="16" class="1001" name="const_16">
<pin_list>
<pin id="17" dir="1" index="0" bw="1" slack="0"/>
</pin_list>
<bind>
<StgValue><ssdm name=""/></StgValue>
</bind>
</comp>

<comp id="18" class="1001" name="const_18">
<pin_list>
<pin id="19" dir="1" index="0" bw="1" slack="0"/>
</pin_list>
<bind>
<StgValue><ssdm name=""/></StgValue>
</bind>
</comp>

<comp id="20" class="1001" name="const_20">
<pin_list>
<pin id="21" dir="1" index="0" bw="1" slack="2147483647"/>
</pin_list>
<bind>
<StgValue><ssdm name="_ssdm_op_SpecPipeline"/></StgValue>
</bind>
</comp>

<comp id="22" class="1001" name="const_22">
<pin_list>
<pin id="23" dir="1" index="0" bw="1" slack="2147483647"/>
</pin_list>
<bind>
<StgValue><ssdm name=""/></StgValue>
</bind>
</comp>

<comp id="24" class="1001" name="const_24">
<pin_list>
<pin id="25" dir="1" index="0" bw="1" slack="2147483647"/>
</pin_list>
<bind>
<StgValue><ssdm name="empty_44"/></StgValue>
</bind>
</comp>

<comp id="26" class="1001" name="const_26">
<pin_list>
<pin id="27" dir="1" index="0" bw="1" slack="2147483647"/>
</pin_list>
<bind>
<StgValue><ssdm name="_ssdm_op_SpecLoopTripCount"/></StgValue>
</bind>
</comp>

<comp id="28" class="1001" name="const_28">
<pin_list>
<pin id="29" dir="1" index="0" bw="1" slack="2147483647"/>
</pin_list>
<bind>
<StgValue><ssdm name=""/></StgValue>
</bind>
</comp>

<comp id="30" class="1001" name="const_30">
<pin_list>
<pin id="31" dir="1" index="0" bw="1" slack="2147483647"/>
</pin_list>
<bind>
<StgValue><ssdm name="_ssdm_op_SpecLoopName"/></StgValue>
</bind>
</comp>

<comp id="32" class="1001" name="const_32">
<pin_list>
<pin id="33" dir="1" index="0" bw="1" slack="2147483647"/>
</pin_list>
<bind>
<StgValue><ssdm name="empty_40"/></StgValue>
</bind>
</comp>

<comp id="34" class="1004" name="i_fu_34">
<pin_list>
<pin id="35" dir="0" index="0" bw="1" slack="0"/>
<pin id="36" dir="1" index="1" bw="4" slack="0"/>
</pin_list>
<bind>
<opcode="alloca(26) " fcode="alloca"/>
<opset="i/1 "/>
</bind>
</comp>

<comp id="38" class="1004" name="Montgomery_one_1_addr_gep_fu_38">
<pin_list>
<pin id="39" dir="0" index="0" bw="64" slack="0"/>
<pin id="40" dir="0" index="1" bw="1" slack="0"/>
<pin id="41" dir="0" index="2" bw="3" slack="0"/>
<pin id="42" dir="1" index="3" bw="3" slack="0"/>
</pin_list>
<bind>
<opcode="getelementptr(29) " fcode="getelementptr"/>
<opset="Montgomery_one_1_addr/1 "/>
</bind>
</comp>

<comp id="45" class="1004" name="grp_access_fu_45">
<pin_list>
<pin id="46" dir="0" index="0" bw="3" slack="0"/>
<pin id="47" dir="0" index="1" bw="64" slack="2147483647"/>
<pin id="48" dir="0" index="2" bw="0" slack="2147483647"/>
<pin id="49" dir="1" index="3" bw="64" slack="0"/>
</pin_list>
<bind>
<opcode="load(27) " fcode="load"/>
<opset="Montgomery_one_1_load/1 "/>
</bind>
</comp>

<comp id="51" class="1004" name="A24_addr_gep_fu_51">
<pin_list>
<pin id="52" dir="0" index="0" bw="64" slack="0"/>
<pin id="53" dir="0" index="1" bw="1" slack="0"/>
<pin id="54" dir="0" index="2" bw="2" slack="0"/>
<pin id="55" dir="1" index="3" bw="3" slack="0"/>
</pin_list>
<bind>
<opcode="getelementptr(29) " fcode="getelementptr"/>
<opset="A24_addr/2 "/>
</bind>
</comp>

<comp id="58" class="1004" name="A24_2_addr_gep_fu_58">
<pin_list>
<pin id="59" dir="0" index="0" bw="64" slack="0"/>
<pin id="60" dir="0" index="1" bw="1" slack="0"/>
<pin id="61" dir="0" index="2" bw="2" slack="0"/>
<pin id="62" dir="1" index="3" bw="3" slack="0"/>
</pin_list>
<bind>
<opcode="getelementptr(29) " fcode="getelementptr"/>
<opset="A24_2_addr/2 "/>
</bind>
</comp>

<comp id="65" class="1004" name="store_ln15_access_fu_65">
<pin_list>
<pin id="66" dir="0" index="0" bw="3" slack="0"/>
<pin id="67" dir="0" index="1" bw="64" slack="0"/>
<pin id="68" dir="0" index="2" bw="0" slack="2147483647"/>
<pin id="69" dir="1" index="3" bw="64" slack="2147483647"/>
</pin_list>
<bind>
<opcode="store(28) " fcode="store"/>
<opset="store_ln15/2 "/>
</bind>
</comp>

<comp id="72" class="1004" name="store_ln15_access_fu_72">
<pin_list>
<pin id="73" dir="0" index="0" bw="3" slack="0"/>
<pin id="74" dir="0" index="1" bw="64" slack="0"/>
<pin id="75" dir="0" index="2" bw="0" slack="2147483647"/>
<pin id="76" dir="1" index="3" bw="64" slack="2147483647"/>
</pin_list>
<bind>
<opcode="store(28) " fcode="store"/>
<opset="store_ln15/2 "/>
</bind>
</comp>

<comp id="79" class="1004" name="store_ln12_store_fu_79">
<pin_list>
<pin id="80" dir="0" index="0" bw="1" slack="0"/>
<pin id="81" dir="0" index="1" bw="4" slack="0"/>
<pin id="82" dir="1" index="2" bw="0" slack="2147483647"/>
</pin_list>
<bind>
<opcode="store(28) " fcode="store"/>
<opset="store_ln12/1 "/>
</bind>
</comp>

<comp id="84" class="1004" name="i_287_load_fu_84">
<pin_list>
<pin id="85" dir="0" index="0" bw="4" slack="0"/>
<pin id="86" dir="1" index="1" bw="4" slack="0"/>
</pin_list>
<bind>
<opcode="load(27) " fcode="load"/>
<opset="i_287/1 "/>
</bind>
</comp>

<comp id="87" class="1004" name="icmp_ln14_fu_87">
<pin_list>
<pin id="88" dir="0" index="0" bw="4" slack="0"/>
<pin id="89" dir="0" index="1" bw="4" slack="0"/>
<pin id="90" dir="1" index="2" bw="1" slack="2147483647"/>
</pin_list>
<bind>
<opcode="icmp(45) " fcode="icmp"/>
<opset="icmp_ln14/1 "/>
</bind>
</comp>

<comp id="93" class="1004" name="add_ln14_fu_93">
<pin_list>
<pin id="94" dir="0" index="0" bw="4" slack="0"/>
<pin id="95" dir="0" index="1" bw="1" slack="0"/>
<pin id="96" dir="1" index="2" bw="4" slack="0"/>
</pin_list>
<bind>
<opcode="add(8) " fcode="add"/>
<opset="add_ln14/1 "/>
</bind>
</comp>

<comp id="99" class="1004" name="trunc_ln14_fu_99">
<pin_list>
<pin id="100" dir="0" index="0" bw="4" slack="0"/>
<pin id="101" dir="1" index="1" bw="1" slack="1"/>
</pin_list>
<bind>
<opcode="trunc(33) " fcode="trunc"/>
<opset="trunc_ln14/1 "/>
</bind>
</comp>

<comp id="103" class="1004" name="trunc_ln14_2_fu_103">
<pin_list>
<pin id="104" dir="0" index="0" bw="4" slack="0"/>
<pin id="105" dir="1" index="1" bw="3" slack="0"/>
</pin_list>
<bind>
<opcode="trunc(33) " fcode="trunc"/>
<opset="trunc_ln14_2/1 "/>
</bind>
</comp>

<comp id="107" class="1004" name="lshr_ln_fu_107">
<pin_list>
<pin id="108" dir="0" index="0" bw="2" slack="0"/>
<pin id="109" dir="0" index="1" bw="4" slack="0"/>
<pin id="110" dir="0" index="2" bw="1" slack="0"/>
<pin id="111" dir="0" index="3" bw="3" slack="0"/>
<pin id="112" dir="1" index="4" bw="2" slack="1"/>
</pin_list>
<bind>
<opcode="partselect(1002) " fcode="partselect"/>
<opset="lshr_ln/1 "/>
</bind>
</comp>

<comp id="117" class="1004" name="zext_ln15_fu_117">
<pin_list>
<pin id="118" dir="0" index="0" bw="3" slack="0"/>
<pin id="119" dir="1" index="1" bw="32" slack="0"/>
</pin_list>
<bind>
<opcode="zext(34) " fcode="zext"/>
<opset="zext_ln15/1 "/>
</bind>
</comp>

<comp id="122" class="1004" name="store_ln12_store_fu_122">
<pin_list>
<pin id="123" dir="0" index="0" bw="4" slack="0"/>
<pin id="124" dir="0" index="1" bw="4" slack="0"/>
<pin id="125" dir="1" index="2" bw="0" slack="2147483647"/>
</pin_list>
<bind>
<opcode="store(28) " fcode="store"/>
<opset="store_ln12/1 "/>
</bind>
</comp>

<comp id="127" class="1004" name="zext_ln15_9_fu_127">
<pin_list>
<pin id="128" dir="0" index="0" bw="2" slack="1"/>
<pin id="129" dir="1" index="1" bw="32" slack="0"/>
</pin_list>
<bind>
<opcode="zext(34) " fcode="zext"/>
<opset="zext_ln15_9/2 "/>
</bind>
</comp>

<comp id="132" class="1005" name="i_reg_132">
<pin_list>
<pin id="133" dir="0" index="0" bw="4" slack="0"/>
<pin id="134" dir="1" index="1" bw="4" slack="0"/>
</pin_list>
<bind>
<opset="i "/>
</bind>
</comp>

<comp id="142" class="1005" name="trunc_ln14_reg_142">
<pin_list>
<pin id="143" dir="0" index="0" bw="1" slack="1"/>
<pin id="144" dir="1" index="1" bw="1" slack="2147483647"/>
</pin_list>
<bind>
<opset="trunc_ln14 "/>
</bind>
</comp>

<comp id="146" class="1005" name="lshr_ln_reg_146">
<pin_list>
<pin id="147" dir="0" index="0" bw="2" slack="1"/>
<pin id="148" dir="1" index="1" bw="2" slack="1"/>
</pin_list>
<bind>
<opset="lshr_ln "/>
</bind>
</comp>

<comp id="151" class="1005" name="Montgomery_one_1_addr_reg_151">
<pin_list>
<pin id="152" dir="0" index="0" bw="3" slack="1"/>
<pin id="153" dir="1" index="1" bw="3" slack="1"/>
</pin_list>
<bind>
<opset="Montgomery_one_1_addr "/>
</bind>
</comp>

</comp_list>

<net_list>
<net id="37"><net_src comp="6" pin="0"/><net_sink comp="34" pin=0"/></net>

<net id="43"><net_src comp="4" pin="0"/><net_sink comp="38" pin=0"/></net>

<net id="44"><net_src comp="18" pin="0"/><net_sink comp="38" pin=1"/></net>

<net id="50"><net_src comp="38" pin="3"/><net_sink comp="45" pin=0"/></net>

<net id="56"><net_src comp="0" pin="0"/><net_sink comp="51" pin=0"/></net>

<net id="57"><net_src comp="18" pin="0"/><net_sink comp="51" pin=1"/></net>

<net id="63"><net_src comp="2" pin="0"/><net_sink comp="58" pin=0"/></net>

<net id="64"><net_src comp="18" pin="0"/><net_sink comp="58" pin=1"/></net>

<net id="70"><net_src comp="45" pin="3"/><net_sink comp="65" pin=1"/></net>

<net id="71"><net_src comp="51" pin="3"/><net_sink comp="65" pin=0"/></net>

<net id="77"><net_src comp="45" pin="3"/><net_sink comp="72" pin=1"/></net>

<net id="78"><net_src comp="58" pin="3"/><net_sink comp="72" pin=0"/></net>

<net id="83"><net_src comp="8" pin="0"/><net_sink comp="79" pin=0"/></net>

<net id="91"><net_src comp="84" pin="1"/><net_sink comp="87" pin=0"/></net>

<net id="92"><net_src comp="10" pin="0"/><net_sink comp="87" pin=1"/></net>

<net id="97"><net_src comp="84" pin="1"/><net_sink comp="93" pin=0"/></net>

<net id="98"><net_src comp="12" pin="0"/><net_sink comp="93" pin=1"/></net>

<net id="102"><net_src comp="84" pin="1"/><net_sink comp="99" pin=0"/></net>

<net id="106"><net_src comp="84" pin="1"/><net_sink comp="103" pin=0"/></net>

<net id="113"><net_src comp="14" pin="0"/><net_sink comp="107" pin=0"/></net>

<net id="114"><net_src comp="84" pin="1"/><net_sink comp="107" pin=1"/></net>

<net id="115"><net_src comp="6" pin="0"/><net_sink comp="107" pin=2"/></net>

<net id="116"><net_src comp="16" pin="0"/><net_sink comp="107" pin=3"/></net>

<net id="120"><net_src comp="103" pin="1"/><net_sink comp="117" pin=0"/></net>

<net id="121"><net_src comp="117" pin="1"/><net_sink comp="38" pin=2"/></net>

<net id="126"><net_src comp="93" pin="2"/><net_sink comp="122" pin=0"/></net>

<net id="130"><net_src comp="127" pin="1"/><net_sink comp="51" pin=2"/></net>

<net id="131"><net_src comp="127" pin="1"/><net_sink comp="58" pin=2"/></net>

<net id="135"><net_src comp="34" pin="1"/><net_sink comp="132" pin=0"/></net>

<net id="136"><net_src comp="132" pin="1"/><net_sink comp="79" pin=1"/></net>

<net id="137"><net_src comp="132" pin="1"/><net_sink comp="84" pin=0"/></net>

<net id="138"><net_src comp="132" pin="1"/><net_sink comp="122" pin=1"/></net>

<net id="145"><net_src comp="99" pin="1"/><net_sink comp="142" pin=0"/></net>

<net id="149"><net_src comp="107" pin="4"/><net_sink comp="146" pin=0"/></net>

<net id="150"><net_src comp="146" pin="1"/><net_sink comp="127" pin=0"/></net>

<net id="154"><net_src comp="38" pin="3"/><net_sink comp="151" pin=0"/></net>

<net id="155"><net_src comp="151" pin="1"/><net_sink comp="45" pin=0"/></net>

</net_list>

</model> 
---------------- Datapath Model END ------------------

* FSMD analyzer results:
  - Output states:
	Port: A24 | {2 }
	Port: A24_2 | {2 }
	Port: Montgomery_one_1 | {}
 - Input state : 
	Port: LADDER3PT.1_Pipeline_VITIS_LOOP_14_1 : Montgomery_one_1 | {1 2 }
  - Chain level:
	State 1
		store_ln12 : 1
		i_287 : 1
		icmp_ln14 : 2
		add_ln14 : 2
		br_ln14 : 3
		trunc_ln14 : 2
		trunc_ln14_2 : 2
		lshr_ln : 2
		zext_ln15 : 3
		Montgomery_one_1_addr : 4
		Montgomery_one_1_load : 5
		br_ln15 : 3
		store_ln12 : 3
	State 2
		A24_addr : 1
		A24_2_addr : 1
		store_ln15 : 2
		store_ln15 : 2


============================================================
+ Verbose Summary: Datapath Resource usage 
============================================================

* Functional unit list:
|----------|---------------------|---------|---------|
| Operation|   Functional Unit   |    FF   |   LUT   |
|----------|---------------------|---------|---------|
|   icmp   |   icmp_ln14_fu_87   |    0    |    13   |
|----------|---------------------|---------|---------|
|    add   |    add_ln14_fu_93   |    0    |    13   |
|----------|---------------------|---------|---------|
|   trunc  |   trunc_ln14_fu_99  |    0    |    0    |
|          | trunc_ln14_2_fu_103 |    0    |    0    |
|----------|---------------------|---------|---------|
|partselect|    lshr_ln_fu_107   |    0    |    0    |
|----------|---------------------|---------|---------|
|   zext   |   zext_ln15_fu_117  |    0    |    0    |
|          |  zext_ln15_9_fu_127 |    0    |    0    |
|----------|---------------------|---------|---------|
|   Total  |                     |    0    |    26   |
|----------|---------------------|---------|---------|

Memories:
N/A

* Register list:
+-----------------------------+--------+
|                             |   FF   |
+-----------------------------+--------+
|Montgomery_one_1_addr_reg_151|    3   |
|          i_reg_132          |    4   |
|       lshr_ln_reg_146       |    2   |
|      trunc_ln14_reg_142     |    1   |
+-----------------------------+--------+
|            Total            |   10   |
+-----------------------------+--------+

* Multiplexer (MUX) list: 
|------------------|------|------|------|--------||---------||---------||---------|
|       Comp       |  Pin | Size |  BW  | S x BW ||  Delay  ||    FF   ||   LUT   |
|------------------|------|------|------|--------||---------||---------||---------|
| grp_access_fu_45 |  p0  |   2  |   3  |    6   ||    0    ||    9    |
|------------------|------|------|------|--------||---------||---------||---------|
|       Total      |      |      |      |    6   ||  1.588  ||    0    ||    9    |
|------------------|------|------|------|--------||---------||---------||---------|



* Summary:
+-----------+--------+--------+--------+
|           |  Delay |   FF   |   LUT  |
+-----------+--------+--------+--------+
|  Function |    -   |    0   |   26   |
|   Memory  |    -   |    -   |    -   |
|Multiplexer|    1   |    0   |    9   |
|  Register |    -   |   10   |    -   |
+-----------+--------+--------+--------+
|   Total   |    1   |   10   |   35   |
+-----------+--------+--------+--------+
