

================================================================
== Vitis HLS Report for 'LADDER3PT_1_Pipeline_VITIS_LOOP_14_1224'
================================================================
* Date:           Tue May 20 14:33:28 2025

* Version:        2024.2.2 (Build 6049644 on Mar  5 2025)
* Project:        sikep503_hls
* Solution:       solution1 (Vivado IP Flow Target)
* Product family: zynq
* Target device:  xc7z020-clg484-1


================================================================
== Performance Estimates
================================================================
+ Timing: 
    * Summary: 
    +--------+----------+----------+------------+
    |  Clock |  Target  | Estimated| Uncertainty|
    +--------+----------+----------+------------+
    |ap_clk  |  10.00 ns|  6.508 ns|     2.70 ns|
    +--------+----------+----------+------------+

+ Latency: 
    * Summary: 
    +---------+---------+----------+----------+-----+-----+------------------------------------------------+
    |  Latency (cycles) |  Latency (absolute) |  Interval |                    Pipeline                    |
    |   min   |   max   |    min   |    max   | min | max |                      Type                      |
    +---------+---------+----------+----------+-----+-----+------------------------------------------------+
    |       10|       10|  0.100 us|  0.100 us|    9|    9|  loop auto-rewind stp (delay=0 clock cycles(s))|
    +---------+---------+----------+----------+-----+-----+------------------------------------------------+

    + Detail: 
        * Instance: 
        N/A

        * Loop: 
        +-------------------+---------+---------+----------+-----------+-----------+------+----------+
        |                   |  Latency (cycles) | Iteration|  Initiation Interval  | Trip |          |
        |     Loop Name     |   min   |   max   |  Latency |  achieved |   target  | Count| Pipelined|
        +-------------------+---------+---------+----------+-----------+-----------+------+----------+
        |- VITIS_LOOP_14_1  |        8|        8|         2|          1|          1|     8|       yes|
        +-------------------+---------+---------+----------+-----------+-----------+------+----------+

============================================================
+ Verbose Summary: Synthesis Manager
============================================================
InlineROM: 1
ExposeGlobal: 0
============================================================
+ Verbose Summary: CDFG Model
============================================================
IsTopModel: 0
ResetActiveHigh: 1
IsCombinational: 0
IsDatapathOnly: 0
HasWiredReturn: 1
HasMFsm: 2
HasVarLatency: 1
IsPipeline: 0
IsRtlPipelined: 0
IsInstanceOverlapped: 0
IsDontTouch: 0
HasImplIP: 0
IsGatedGlobalClock: 0

+ Individual pipeline summary: 
  * Pipeline-0: initiation interval (II) = 1, depth = 2


============================================================
+ Verbose Summary: Schedule
============================================================
* Number of FSM states : 2
* Pipeline : 1
  Pipeline-0 : II = 1, D = 2, States = { 1 2 }
* Dataflow Pipeline: 0

* FSM state transitions: 
1 --> 2 
2 --> 

* FSM state operations: 

State 1 <SV = 0> <Delay = 4.91>
ST_1 : Operation 5 [1/1] (0.00ns)   --->   "%i_272 = alloca i32 1" [src/fpx.c:12->src/fpx.c:91->src/ec_isogeny.c:308]   --->   Operation 5 'alloca' 'i_272' <Predicate = true> <Delay = 0.00>
ST_1 : Operation 6 [1/1] (0.00ns)   --->   "%specbramwithbyteenable_ln0 = specbramwithbyteenable void @_ssdm_op_SpecBRAMWithByteEnable, i64 %PKB"   --->   Operation 6 'specbramwithbyteenable' 'specbramwithbyteenable_ln0' <Predicate = true> <Delay = 0.00>
ST_1 : Operation 7 [1/1] (1.58ns)   --->   "%store_ln12 = store i4 0, i4 %i_272" [src/fpx.c:12->src/fpx.c:91->src/ec_isogeny.c:308]   --->   Operation 7 'store' 'store_ln12' <Predicate = true> <Delay = 1.58>
ST_1 : Operation 8 [1/1] (0.00ns)   --->   "%br_ln0 = br void %for.inc.i10.i"   --->   Operation 8 'br' 'br_ln0' <Predicate = true> <Delay = 0.00>
ST_1 : Operation 9 [1/1] (0.00ns)   --->   "%i = load i4 %i_272" [src/fpx.c:15->src/fpx.c:91->src/ec_isogeny.c:308]   --->   Operation 9 'load' 'i' <Predicate = true> <Delay = 0.00>
ST_1 : Operation 10 [1/1] (1.73ns)   --->   "%icmp_ln14 = icmp_eq  i4 %i, i4 8" [src/fpx.c:14->src/fpx.c:91->src/ec_isogeny.c:308]   --->   Operation 10 'icmp' 'icmp_ln14' <Predicate = true> <Delay = 1.73> <CoreInst = "Cmp">   --->   Core 9 'Cmp' <Latency = 0> <II = 1> <Delay = 1.73> <FuncUnit> <Opcode : 'seteq' 'setne' 'setle' 'setge' 'setlt' 'setgt'> <InPorts = 2> <OutPorts = 1>
ST_1 : Operation 11 [1/1] (1.73ns)   --->   "%add_ln14 = add i4 %i, i4 1" [src/fpx.c:14->src/fpx.c:91->src/ec_isogeny.c:308]   --->   Operation 11 'add' 'add_ln14' <Predicate = true> <Delay = 1.73> <CoreInst = "Adder">   --->   Core 1 'Adder' <Latency = 0> <II = 1> <Delay = 1.73> <FuncUnit> <Opcode : 'add' 'sub'> <InPorts = 2> <OutPorts = 1>
ST_1 : Operation 12 [1/1] (0.00ns)   --->   "%br_ln14 = br i1 %icmp_ln14, void %for.inc.i10.i.split, void %for.inc.i83.preheader.exitStub" [src/fpx.c:14->src/fpx.c:91->src/ec_isogeny.c:308]   --->   Operation 12 'br' 'br_ln14' <Predicate = true> <Delay = 0.00>
ST_1 : Operation 13 [1/1] (0.00ns)   --->   "%trunc_ln15 = trunc i4 %i" [src/fpx.c:15->src/fpx.c:91->src/ec_isogeny.c:308]   --->   Operation 13 'trunc' 'trunc_ln15' <Predicate = (!icmp_ln14)> <Delay = 0.00>
ST_1 : Operation 14 [1/1] (0.00ns)   --->   "%or_ln15_1 = bitconcatenate i4 @_ssdm_op_BitConcatenate.i4.i1.i3, i1 1, i3 %trunc_ln15" [src/fpx.c:15->src/fpx.c:91->src/ec_isogeny.c:308]   --->   Operation 14 'bitconcatenate' 'or_ln15_1' <Predicate = (!icmp_ln14)> <Delay = 0.00>
ST_1 : Operation 15 [1/1] (0.00ns)   --->   "%sext_ln15 = sext i4 %or_ln15_1" [src/fpx.c:15->src/fpx.c:91->src/ec_isogeny.c:308]   --->   Operation 15 'sext' 'sext_ln15' <Predicate = (!icmp_ln14)> <Delay = 0.00>
ST_1 : Operation 16 [1/1] (0.00ns)   --->   "%zext_ln15 = zext i5 %sext_ln15" [src/fpx.c:15->src/fpx.c:91->src/ec_isogeny.c:308]   --->   Operation 16 'zext' 'zext_ln15' <Predicate = (!icmp_ln14)> <Delay = 0.00>
ST_1 : Operation 17 [1/1] (0.00ns)   --->   "%PKB_addr = getelementptr i64 %PKB, i32 0, i32 %zext_ln15" [src/fpx.c:15->src/fpx.c:91->src/ec_isogeny.c:308]   --->   Operation 17 'getelementptr' 'PKB_addr' <Predicate = (!icmp_ln14)> <Delay = 0.00>
ST_1 : Operation 18 [2/2] (3.25ns)   --->   "%PKB_load = load i6 %PKB_addr" [src/fpx.c:15->src/fpx.c:91->src/ec_isogeny.c:308]   --->   Operation 18 'load' 'PKB_load' <Predicate = (!icmp_ln14)> <Delay = 3.25> <CoreInst = "RAM">   --->   Core 81 'RAM' <Latency = 1> <II = 1> <Delay = 3.25> <Storage> <Opcode : 'load' 'store'> <Ports = 2> <Width = 64> <Depth = 48> <RAM>
ST_1 : Operation 19 [1/1] (1.58ns)   --->   "%store_ln12 = store i4 %add_ln14, i4 %i_272" [src/fpx.c:12->src/fpx.c:91->src/ec_isogeny.c:308]   --->   Operation 19 'store' 'store_ln12' <Predicate = (!icmp_ln14)> <Delay = 1.58>
ST_1 : Operation 28 [1/1] (1.58ns)   --->   "%ret_ln0 = ret"   --->   Operation 28 'ret' 'ret_ln0' <Predicate = (icmp_ln14)> <Delay = 1.58>

State 2 <SV = 1> <Delay = 6.50>
ST_2 : Operation 20 [1/1] (0.00ns)   --->   "%specpipeline_ln12 = specpipeline void @_ssdm_op_SpecPipeline, i32 4294967295, i32 0, i32 0, i32 0, void @empty_44" [src/fpx.c:12->src/fpx.c:91->src/ec_isogeny.c:308]   --->   Operation 20 'specpipeline' 'specpipeline_ln12' <Predicate = true> <Delay = 0.00>
ST_2 : Operation 21 [1/1] (0.00ns)   --->   "%speclooptripcount_ln12 = speclooptripcount void @_ssdm_op_SpecLoopTripCount, i64 8, i64 8, i64 8" [src/fpx.c:12->src/fpx.c:91->src/ec_isogeny.c:308]   --->   Operation 21 'speclooptripcount' 'speclooptripcount_ln12' <Predicate = true> <Delay = 0.00>
ST_2 : Operation 22 [1/1] (0.00ns)   --->   "%specloopname_ln14 = specloopname void @_ssdm_op_SpecLoopName, void @empty_40" [src/fpx.c:14->src/fpx.c:91->src/ec_isogeny.c:308]   --->   Operation 22 'specloopname' 'specloopname_ln14' <Predicate = true> <Delay = 0.00>
ST_2 : Operation 23 [1/2] ( I:3.25ns O:3.25ns )   --->   "%PKB_load = load i6 %PKB_addr" [src/fpx.c:15->src/fpx.c:91->src/ec_isogeny.c:308]   --->   Operation 23 'load' 'PKB_load' <Predicate = true> <Delay = 3.25> <CoreInst = "RAM">   --->   Core 81 'RAM' <Latency = 1> <II = 1> <Delay = 3.25> <Storage> <Opcode : 'load' 'store'> <Ports = 2> <Width = 64> <Depth = 48> <RAM>
ST_2 : Operation 24 [1/1] (0.00ns)   --->   "%zext_ln15_6 = zext i4 %or_ln15_1" [src/fpx.c:15->src/fpx.c:91->src/ec_isogeny.c:308]   --->   Operation 24 'zext' 'zext_ln15_6' <Predicate = true> <Delay = 0.00>
ST_2 : Operation 25 [1/1] (0.00ns)   --->   "%R0_X_addr = getelementptr i64 %R0_X, i32 0, i32 %zext_ln15_6" [src/fpx.c:15->src/fpx.c:91->src/ec_isogeny.c:308]   --->   Operation 25 'getelementptr' 'R0_X_addr' <Predicate = true> <Delay = 0.00>
ST_2 : Operation 26 [1/1] ( I:3.25ns O:3.25ns )   --->   "%store_ln15 = store i64 %PKB_load, i4 %R0_X_addr" [src/fpx.c:15->src/fpx.c:91->src/ec_isogeny.c:308]   --->   Operation 26 'store' 'store_ln15' <Predicate = true> <Delay = 3.25> <CoreInst = "RAM">   --->   Core 81 'RAM' <Latency = 1> <II = 1> <Delay = 3.25> <Storage> <Opcode : 'load' 'store'> <Ports = 2> <Width = 64> <Depth = 16> <RAM>
ST_2 : Operation 27 [1/1] (0.00ns)   --->   "%br_ln14 = br void %for.inc.i10.i" [src/fpx.c:14->src/fpx.c:91->src/ec_isogeny.c:308]   --->   Operation 27 'br' 'br_ln14' <Predicate = true> <Delay = 0.00>


============================================================
+ Verbose Summary: Binding
============================================================
STG Binding: 
---------------- STG Properties BEGIN ----------------
- Is combinational: 0
- Is one-state seq: 0
- Is datapath-only: 0
- Is pipelined: 0
- Is top level: 0
Port [ Return ] is wired: 1; IO mode=ap_ctrl_hs:ce=0
Port [ PKB]:  wired=1; compound=1; hidden=0; nouse=0; global=0; static=0; extern=0; dir=0; type=1; pingpong=0; private_global=0; MemPort=[13]; IO mode=ap_memory:ce=0
Port [ R0_X]:  wired=1; compound=1; hidden=0; nouse=0; global=0; static=0; extern=0; dir=1; type=1; pingpong=0; private_global=0; MemPort=[03]; IO mode=ap_memory:ce=0
---------------- STG Properties END ------------------

---------------- Datapath Model BEGIN ----------------

<LifeTime>
<method=bitvector/>
i_272                      (alloca                ) [ 010]
specbramwithbyteenable_ln0 (specbramwithbyteenable) [ 000]
store_ln12                 (store                 ) [ 000]
br_ln0                     (br                    ) [ 000]
i                          (load                  ) [ 000]
icmp_ln14                  (icmp                  ) [ 010]
add_ln14                   (add                   ) [ 000]
br_ln14                    (br                    ) [ 000]
trunc_ln15                 (trunc                 ) [ 000]
or_ln15_1                  (bitconcatenate        ) [ 011]
sext_ln15                  (sext                  ) [ 000]
zext_ln15                  (zext                  ) [ 000]
PKB_addr                   (getelementptr         ) [ 011]
store_ln12                 (store                 ) [ 000]
specpipeline_ln12          (specpipeline          ) [ 000]
speclooptripcount_ln12     (speclooptripcount     ) [ 000]
specloopname_ln14          (specloopname          ) [ 000]
PKB_load                   (load                  ) [ 000]
zext_ln15_6                (zext                  ) [ 000]
R0_X_addr                  (getelementptr         ) [ 000]
store_ln15                 (store                 ) [ 000]
br_ln14                    (br                    ) [ 000]
ret_ln0                    (ret                   ) [ 000]
</LifeTime>

<model>

<comp_list>
<comp id="0" class="1000" name="PKB">
<pin_list>
<pin id="1" dir="1" index="0" bw="1" slack="0"/>
</pin_list>
<bind>
<StgValue><ssdm name="PKB"/><MemPortTyVec>1 3 </MemPortTyVec>
</StgValue>
</bind>
</comp>

<comp id="2" class="1000" name="R0_X">
<pin_list>
<pin id="3" dir="1" index="0" bw="1" slack="0"/>
</pin_list>
<bind>
<StgValue><ssdm name="R0_X"/><MemPortTyVec>0 3 </MemPortTyVec>
</StgValue>
</bind>
</comp>

<comp id="4" class="1001" name="const_4">
<pin_list>
<pin id="5" dir="1" index="0" bw="1" slack="0"/>
</pin_list>
<bind>
<StgValue><ssdm name=""/></StgValue>
</bind>
</comp>

<comp id="6" class="1001" name="const_6">
<pin_list>
<pin id="7" dir="1" index="0" bw="1" slack="2147483647"/>
</pin_list>
<bind>
<StgValue><ssdm name="_ssdm_op_SpecBRAMWithByteEnable"/></StgValue>
</bind>
</comp>

<comp id="8" class="1001" name="const_8">
<pin_list>
<pin id="9" dir="1" index="0" bw="1" slack="0"/>
</pin_list>
<bind>
<StgValue><ssdm name=""/></StgValue>
</bind>
</comp>

<comp id="10" class="1001" name="const_10">
<pin_list>
<pin id="11" dir="1" index="0" bw="1" slack="0"/>
</pin_list>
<bind>
<StgValue><ssdm name=""/></StgValue>
</bind>
</comp>

<comp id="12" class="1001" name="const_12">
<pin_list>
<pin id="13" dir="1" index="0" bw="1" slack="0"/>
</pin_list>
<bind>
<StgValue><ssdm name=""/></StgValue>
</bind>
</comp>

<comp id="14" class="1001" name="const_14">
<pin_list>
<pin id="15" dir="1" index="0" bw="1" slack="0"/>
</pin_list>
<bind>
<StgValue><ssdm name="_ssdm_op_BitConcatenate.i4.i1.i3"/></StgValue>
</bind>
</comp>

<comp id="16" class="1001" name="const_16">
<pin_list>
<pin id="17" dir="1" index="0" bw="1" slack="0"/>
</pin_list>
<bind>
<StgValue><ssdm name=""/></StgValue>
</bind>
</comp>

<comp id="18" class="1001" name="const_18">
<pin_list>
<pin id="19" dir="1" index="0" bw="1" slack="0"/>
</pin_list>
<bind>
<StgValue><ssdm name=""/></StgValue>
</bind>
</comp>

<comp id="20" class="1001" name="const_20">
<pin_list>
<pin id="21" dir="1" index="0" bw="1" slack="2147483647"/>
</pin_list>
<bind>
<StgValue><ssdm name="_ssdm_op_SpecPipeline"/></StgValue>
</bind>
</comp>

<comp id="22" class="1001" name="const_22">
<pin_list>
<pin id="23" dir="1" index="0" bw="1" slack="2147483647"/>
</pin_list>
<bind>
<StgValue><ssdm name=""/></StgValue>
</bind>
</comp>

<comp id="24" class="1001" name="const_24">
<pin_list>
<pin id="25" dir="1" index="0" bw="1" slack="2147483647"/>
</pin_list>
<bind>
<StgValue><ssdm name="empty_44"/></StgValue>
</bind>
</comp>

<comp id="26" class="1001" name="const_26">
<pin_list>
<pin id="27" dir="1" index="0" bw="1" slack="2147483647"/>
</pin_list>
<bind>
<StgValue><ssdm name="_ssdm_op_SpecLoopTripCount"/></StgValue>
</bind>
</comp>

<comp id="28" class="1001" name="const_28">
<pin_list>
<pin id="29" dir="1" index="0" bw="1" slack="2147483647"/>
</pin_list>
<bind>
<StgValue><ssdm name=""/></StgValue>
</bind>
</comp>

<comp id="30" class="1001" name="const_30">
<pin_list>
<pin id="31" dir="1" index="0" bw="1" slack="2147483647"/>
</pin_list>
<bind>
<StgValue><ssdm name="_ssdm_op_SpecLoopName"/></StgValue>
</bind>
</comp>

<comp id="32" class="1001" name="const_32">
<pin_list>
<pin id="33" dir="1" index="0" bw="1" slack="2147483647"/>
</pin_list>
<bind>
<StgValue><ssdm name="empty_40"/></StgValue>
</bind>
</comp>

<comp id="34" class="1004" name="i_272_fu_34">
<pin_list>
<pin id="35" dir="0" index="0" bw="1" slack="0"/>
<pin id="36" dir="1" index="1" bw="4" slack="0"/>
</pin_list>
<bind>
<opcode="alloca(26) " fcode="alloca"/>
<opset="i_272/1 "/>
</bind>
</comp>

<comp id="38" class="1004" name="PKB_addr_gep_fu_38">
<pin_list>
<pin id="39" dir="0" index="0" bw="64" slack="0"/>
<pin id="40" dir="0" index="1" bw="1" slack="0"/>
<pin id="41" dir="0" index="2" bw="5" slack="0"/>
<pin id="42" dir="1" index="3" bw="6" slack="0"/>
</pin_list>
<bind>
<opcode="getelementptr(29) " fcode="getelementptr"/>
<opset="PKB_addr/1 "/>
</bind>
</comp>

<comp id="45" class="1004" name="grp_access_fu_45">
<pin_list>
<pin id="46" dir="0" index="0" bw="6" slack="0"/>
<pin id="47" dir="0" index="1" bw="64" slack="2147483647"/>
<pin id="48" dir="0" index="2" bw="0" slack="2147483647"/>
<pin id="49" dir="1" index="3" bw="64" slack="0"/>
</pin_list>
<bind>
<opcode="load(27) " fcode="load"/>
<opset="PKB_load/1 "/>
</bind>
</comp>

<comp id="51" class="1004" name="R0_X_addr_gep_fu_51">
<pin_list>
<pin id="52" dir="0" index="0" bw="64" slack="0"/>
<pin id="53" dir="0" index="1" bw="1" slack="0"/>
<pin id="54" dir="0" index="2" bw="4" slack="0"/>
<pin id="55" dir="1" index="3" bw="4" slack="0"/>
</pin_list>
<bind>
<opcode="getelementptr(29) " fcode="getelementptr"/>
<opset="R0_X_addr/2 "/>
</bind>
</comp>

<comp id="58" class="1004" name="store_ln15_access_fu_58">
<pin_list>
<pin id="59" dir="0" index="0" bw="4" slack="0"/>
<pin id="60" dir="0" index="1" bw="64" slack="0"/>
<pin id="61" dir="0" index="2" bw="0" slack="2147483647"/>
<pin id="62" dir="1" index="3" bw="64" slack="2147483647"/>
</pin_list>
<bind>
<opcode="store(28) " fcode="store"/>
<opset="store_ln15/2 "/>
</bind>
</comp>

<comp id="65" class="1004" name="store_ln12_store_fu_65">
<pin_list>
<pin id="66" dir="0" index="0" bw="1" slack="0"/>
<pin id="67" dir="0" index="1" bw="4" slack="0"/>
<pin id="68" dir="1" index="2" bw="0" slack="2147483647"/>
</pin_list>
<bind>
<opcode="store(28) " fcode="store"/>
<opset="store_ln12/1 "/>
</bind>
</comp>

<comp id="70" class="1004" name="i_load_fu_70">
<pin_list>
<pin id="71" dir="0" index="0" bw="4" slack="0"/>
<pin id="72" dir="1" index="1" bw="4" slack="0"/>
</pin_list>
<bind>
<opcode="load(27) " fcode="load"/>
<opset="i/1 "/>
</bind>
</comp>

<comp id="73" class="1004" name="icmp_ln14_fu_73">
<pin_list>
<pin id="74" dir="0" index="0" bw="4" slack="0"/>
<pin id="75" dir="0" index="1" bw="4" slack="0"/>
<pin id="76" dir="1" index="2" bw="1" slack="2147483647"/>
</pin_list>
<bind>
<opcode="icmp(45) " fcode="icmp"/>
<opset="icmp_ln14/1 "/>
</bind>
</comp>

<comp id="79" class="1004" name="add_ln14_fu_79">
<pin_list>
<pin id="80" dir="0" index="0" bw="4" slack="0"/>
<pin id="81" dir="0" index="1" bw="1" slack="0"/>
<pin id="82" dir="1" index="2" bw="4" slack="0"/>
</pin_list>
<bind>
<opcode="add(8) " fcode="add"/>
<opset="add_ln14/1 "/>
</bind>
</comp>

<comp id="85" class="1004" name="trunc_ln15_fu_85">
<pin_list>
<pin id="86" dir="0" index="0" bw="4" slack="0"/>
<pin id="87" dir="1" index="1" bw="3" slack="0"/>
</pin_list>
<bind>
<opcode="trunc(33) " fcode="trunc"/>
<opset="trunc_ln15/1 "/>
</bind>
</comp>

<comp id="89" class="1004" name="or_ln15_1_fu_89">
<pin_list>
<pin id="90" dir="0" index="0" bw="4" slack="0"/>
<pin id="91" dir="0" index="1" bw="1" slack="0"/>
<pin id="92" dir="0" index="2" bw="3" slack="0"/>
<pin id="93" dir="1" index="3" bw="4" slack="0"/>
</pin_list>
<bind>
<opcode="bitconcatenate(1004) " fcode="bitconcatenate"/>
<opset="or_ln15_1/1 "/>
</bind>
</comp>

<comp id="97" class="1004" name="sext_ln15_fu_97">
<pin_list>
<pin id="98" dir="0" index="0" bw="4" slack="0"/>
<pin id="99" dir="1" index="1" bw="5" slack="0"/>
</pin_list>
<bind>
<opcode="sext(35) " fcode="sext"/>
<opset="sext_ln15/1 "/>
</bind>
</comp>

<comp id="101" class="1004" name="zext_ln15_fu_101">
<pin_list>
<pin id="102" dir="0" index="0" bw="4" slack="0"/>
<pin id="103" dir="1" index="1" bw="32" slack="0"/>
</pin_list>
<bind>
<opcode="zext(34) " fcode="zext"/>
<opset="zext_ln15/1 "/>
</bind>
</comp>

<comp id="106" class="1004" name="store_ln12_store_fu_106">
<pin_list>
<pin id="107" dir="0" index="0" bw="4" slack="0"/>
<pin id="108" dir="0" index="1" bw="4" slack="0"/>
<pin id="109" dir="1" index="2" bw="0" slack="2147483647"/>
</pin_list>
<bind>
<opcode="store(28) " fcode="store"/>
<opset="store_ln12/1 "/>
</bind>
</comp>

<comp id="111" class="1004" name="zext_ln15_6_fu_111">
<pin_list>
<pin id="112" dir="0" index="0" bw="4" slack="1"/>
<pin id="113" dir="1" index="1" bw="32" slack="0"/>
</pin_list>
<bind>
<opcode="zext(34) " fcode="zext"/>
<opset="zext_ln15_6/2 "/>
</bind>
</comp>

<comp id="115" class="1005" name="i_272_reg_115">
<pin_list>
<pin id="116" dir="0" index="0" bw="4" slack="0"/>
<pin id="117" dir="1" index="1" bw="4" slack="0"/>
</pin_list>
<bind>
<opset="i_272 "/>
</bind>
</comp>

<comp id="125" class="1005" name="or_ln15_1_reg_125">
<pin_list>
<pin id="126" dir="0" index="0" bw="4" slack="1"/>
<pin id="127" dir="1" index="1" bw="4" slack="1"/>
</pin_list>
<bind>
<opset="or_ln15_1 "/>
</bind>
</comp>

<comp id="130" class="1005" name="PKB_addr_reg_130">
<pin_list>
<pin id="131" dir="0" index="0" bw="6" slack="1"/>
<pin id="132" dir="1" index="1" bw="6" slack="1"/>
</pin_list>
<bind>
<opset="PKB_addr "/>
</bind>
</comp>

</comp_list>

<net_list>
<net id="37"><net_src comp="4" pin="0"/><net_sink comp="34" pin=0"/></net>

<net id="43"><net_src comp="0" pin="0"/><net_sink comp="38" pin=0"/></net>

<net id="44"><net_src comp="18" pin="0"/><net_sink comp="38" pin=1"/></net>

<net id="50"><net_src comp="38" pin="3"/><net_sink comp="45" pin=0"/></net>

<net id="56"><net_src comp="2" pin="0"/><net_sink comp="51" pin=0"/></net>

<net id="57"><net_src comp="18" pin="0"/><net_sink comp="51" pin=1"/></net>

<net id="63"><net_src comp="45" pin="3"/><net_sink comp="58" pin=1"/></net>

<net id="64"><net_src comp="51" pin="3"/><net_sink comp="58" pin=0"/></net>

<net id="69"><net_src comp="8" pin="0"/><net_sink comp="65" pin=0"/></net>

<net id="77"><net_src comp="70" pin="1"/><net_sink comp="73" pin=0"/></net>

<net id="78"><net_src comp="10" pin="0"/><net_sink comp="73" pin=1"/></net>

<net id="83"><net_src comp="70" pin="1"/><net_sink comp="79" pin=0"/></net>

<net id="84"><net_src comp="12" pin="0"/><net_sink comp="79" pin=1"/></net>

<net id="88"><net_src comp="70" pin="1"/><net_sink comp="85" pin=0"/></net>

<net id="94"><net_src comp="14" pin="0"/><net_sink comp="89" pin=0"/></net>

<net id="95"><net_src comp="16" pin="0"/><net_sink comp="89" pin=1"/></net>

<net id="96"><net_src comp="85" pin="1"/><net_sink comp="89" pin=2"/></net>

<net id="100"><net_src comp="89" pin="3"/><net_sink comp="97" pin=0"/></net>

<net id="104"><net_src comp="97" pin="1"/><net_sink comp="101" pin=0"/></net>

<net id="105"><net_src comp="101" pin="1"/><net_sink comp="38" pin=2"/></net>

<net id="110"><net_src comp="79" pin="2"/><net_sink comp="106" pin=0"/></net>

<net id="114"><net_src comp="111" pin="1"/><net_sink comp="51" pin=2"/></net>

<net id="118"><net_src comp="34" pin="1"/><net_sink comp="115" pin=0"/></net>

<net id="119"><net_src comp="115" pin="1"/><net_sink comp="65" pin=1"/></net>

<net id="120"><net_src comp="115" pin="1"/><net_sink comp="70" pin=0"/></net>

<net id="121"><net_src comp="115" pin="1"/><net_sink comp="106" pin=1"/></net>

<net id="128"><net_src comp="89" pin="3"/><net_sink comp="125" pin=0"/></net>

<net id="129"><net_src comp="125" pin="1"/><net_sink comp="111" pin=0"/></net>

<net id="133"><net_src comp="38" pin="3"/><net_sink comp="130" pin=0"/></net>

<net id="134"><net_src comp="130" pin="1"/><net_sink comp="45" pin=0"/></net>

</net_list>

</model> 
---------------- Datapath Model END ------------------

* FSMD analyzer results:
  - Output states:
	Port: R0_X | {2 }
 - Input state : 
	Port: LADDER3PT.1_Pipeline_VITIS_LOOP_14_1224 : PKB | {1 2 }
  - Chain level:
	State 1
		store_ln12 : 1
		i : 1
		icmp_ln14 : 2
		add_ln14 : 2
		br_ln14 : 3
		trunc_ln15 : 2
		or_ln15_1 : 3
		sext_ln15 : 4
		zext_ln15 : 5
		PKB_addr : 6
		PKB_load : 7
		store_ln12 : 3
	State 2
		R0_X_addr : 1
		store_ln15 : 2


============================================================
+ Verbose Summary: Datapath Resource usage 
============================================================

* Functional unit list:
|----------|--------------------|---------|---------|
| Operation|   Functional Unit  |    FF   |   LUT   |
|----------|--------------------|---------|---------|
|   icmp   |   icmp_ln14_fu_73  |    0    |    13   |
|----------|--------------------|---------|---------|
|    add   |   add_ln14_fu_79   |    0    |    13   |
|----------|--------------------|---------|---------|
|   trunc  |  trunc_ln15_fu_85  |    0    |    0    |
|----------|--------------------|---------|---------|
|bitconcatenate|   or_ln15_1_fu_89  |    0    |    0    |
|----------|--------------------|---------|---------|
|   sext   |   sext_ln15_fu_97  |    0    |    0    |
|----------|--------------------|---------|---------|
|   zext   |  zext_ln15_fu_101  |    0    |    0    |
|          | zext_ln15_6_fu_111 |    0    |    0    |
|----------|--------------------|---------|---------|
|   Total  |                    |    0    |    26   |
|----------|--------------------|---------|---------|

Memories:
N/A

* Register list:
+-----------------+--------+
|                 |   FF   |
+-----------------+--------+
| PKB_addr_reg_130|    6   |
|  i_272_reg_115  |    4   |
|or_ln15_1_reg_125|    4   |
+-----------------+--------+
|      Total      |   14   |
+-----------------+--------+

* Multiplexer (MUX) list: 
|------------------|------|------|------|--------||---------||---------||---------|
|       Comp       |  Pin | Size |  BW  | S x BW ||  Delay  ||    FF   ||   LUT   |
|------------------|------|------|------|--------||---------||---------||---------|
| grp_access_fu_45 |  p0  |   2  |   6  |   12   ||    0    ||    9    |
|------------------|------|------|------|--------||---------||---------||---------|
|       Total      |      |      |      |   12   ||  1.588  ||    0    ||    9    |
|------------------|------|------|------|--------||---------||---------||---------|



* Summary:
+-----------+--------+--------+--------+
|           |  Delay |   FF   |   LUT  |
+-----------+--------+--------+--------+
|  Function |    -   |    0   |   26   |
|   Memory  |    -   |    -   |    -   |
|Multiplexer|    1   |    0   |    9   |
|  Register |    -   |   14   |    -   |
+-----------+--------+--------+--------+
|   Total   |    1   |   14   |   35   |
+-----------+--------+--------+--------+
