

================================================================
== Vitis HLS Report for 'mp_mul_5_Pipeline_VITIS_LOOP_157_4'
================================================================
* Date:           Tue May 20 14:30:51 2025

* Version:        2024.2.2 (Build 6049644 on Mar  5 2025)
* Project:        sikep503_hls
* Solution:       solution1 (Vivado IP Flow Target)
* Product family: zynq
* Target device:  xc7z020-clg484-1


================================================================
== Performance Estimates
================================================================
+ Timing: 
    * Summary: 
    +--------+----------+----------+------------+
    |  Clock |  Target  | Estimated| Uncertainty|
    +--------+----------+----------+------------+
    |ap_clk  |  10.00 ns|  7.040 ns|     2.70 ns|
    +--------+----------+----------+------------+

+ Latency: 
    * Summary: 
    +---------+---------+----------+----------+-----+-----+------------------------------------------------+
    |  Latency (cycles) |  Latency (absolute) |  Interval |                    Pipeline                    |
    |   min   |   max   |    min   |    max   | min | max |                      Type                      |
    +---------+---------+----------+----------+-----+-----+------------------------------------------------+
    |       11|       17|  0.110 us|  0.170 us|    2|    8|  loop auto-rewind stp (delay=0 clock cycles(s))|
    +---------+---------+----------+----------+-----+-----+------------------------------------------------+

    + Detail: 
        * Instance: 
        N/A

        * Loop: 
        +--------------------+---------+---------+----------+-----------+-----------+-------+----------+
        |                    |  Latency (cycles) | Iteration|  Initiation Interval  |  Trip |          |
        |      Loop Name     |   min   |   max   |  Latency |  achieved |   target  | Count | Pipelined|
        +--------------------+---------+---------+----------+-----------+-----------+-------+----------+
        |- VITIS_LOOP_157_4  |        9|       15|        10|          1|          1|  1 ~ 7|       yes|
        +--------------------+---------+---------+----------+-----------+-----------+-------+----------+

============================================================
+ Verbose Summary: Synthesis Manager
============================================================
InlineROM: 1
ExposeGlobal: 0
============================================================
+ Verbose Summary: CDFG Model
============================================================
IsTopModel: 0
ResetActiveHigh: 1
IsCombinational: 0
IsDatapathOnly: 0
HasWiredReturn: 1
HasMFsm: 2
HasVarLatency: 1
IsPipeline: 0
IsRtlPipelined: 0
IsInstanceOverlapped: 0
IsDontTouch: 0
HasImplIP: 0
IsGatedGlobalClock: 0

+ Individual pipeline summary: 
  * Pipeline-0: initiation interval (II) = 1, depth = 10


============================================================
+ Verbose Summary: Schedule
============================================================
* Number of FSM states : 10
* Pipeline : 1
  Pipeline-0 : II = 1, D = 10, States = { 1 2 3 4 5 6 7 8 9 10 }
* Dataflow Pipeline: 0

* FSM state transitions: 
1 --> 2 
2 --> 3 
3 --> 4 
4 --> 5 
5 --> 6 
6 --> 7 
7 --> 8 
8 --> 9 
9 --> 10 
10 --> 

* FSM state operations: 

State 1 <SV = 0> <Delay = 4.91>
ST_1 : Operation 13 [1/1] (0.00ns)   --->   "%t_33 = alloca i32 1" [src/generic/fp_generic.c:140]   --->   Operation 13 'alloca' 't_33' <Predicate = true> <Delay = 0.00>
ST_1 : Operation 14 [1/1] (0.00ns)   --->   "%v_35 = alloca i32 1" [src/generic/fp_generic.c:140]   --->   Operation 14 'alloca' 'v_35' <Predicate = true> <Delay = 0.00>
ST_1 : Operation 15 [1/1] (0.00ns)   --->   "%j_13 = alloca i32 1" [src/generic/fp_generic.c:139]   --->   Operation 15 'alloca' 'j_13' <Predicate = true> <Delay = 0.00>
ST_1 : Operation 16 [1/1] (0.00ns)   --->   "%i_19_read = read i4 @_ssdm_op_Read.ap_auto.i4, i4 %i_19"   --->   Operation 16 'read' 'i_19_read' <Predicate = true> <Delay = 0.00>
ST_1 : Operation 17 [1/1] (0.00ns)   --->   "%zext_ln156_read = read i4 @_ssdm_op_Read.ap_auto.i4, i4 %zext_ln156"   --->   Operation 17 'read' 'zext_ln156_read' <Predicate = true> <Delay = 0.00>
ST_1 : Operation 18 [1/1] (0.00ns)   --->   "%v_read = read i64 @_ssdm_op_Read.ap_auto.i64, i64 %v"   --->   Operation 18 'read' 'v_read' <Predicate = true> <Delay = 0.00>
ST_1 : Operation 19 [1/1] (0.00ns)   --->   "%indvars_iv_read = read i3 @_ssdm_op_Read.ap_auto.i3, i3 %indvars_iv"   --->   Operation 19 'read' 'indvars_iv_read' <Predicate = true> <Delay = 0.00>
ST_1 : Operation 20 [1/1] (0.00ns)   --->   "%zext_ln156_cast = zext i4 %zext_ln156_read"   --->   Operation 20 'zext' 'zext_ln156_cast' <Predicate = true> <Delay = 0.00>
ST_1 : Operation 21 [1/1] (0.00ns)   --->   "%indvars_iv_cast = zext i3 %indvars_iv_read"   --->   Operation 21 'zext' 'indvars_iv_cast' <Predicate = true> <Delay = 0.00>
ST_1 : Operation 22 [1/1] (1.58ns)   --->   "%store_ln139 = store i4 %indvars_iv_cast, i4 %j_13" [src/generic/fp_generic.c:139]   --->   Operation 22 'store' 'store_ln139' <Predicate = true> <Delay = 1.58>
ST_1 : Operation 23 [1/1] (1.58ns)   --->   "%store_ln140 = store i64 %v_read, i64 %v_35" [src/generic/fp_generic.c:140]   --->   Operation 23 'store' 'store_ln140' <Predicate = true> <Delay = 1.58>
ST_1 : Operation 24 [1/1] (1.58ns)   --->   "%store_ln140 = store i64 %zext_ln156_cast, i64 %u_34_out" [src/generic/fp_generic.c:140]   --->   Operation 24 'store' 'store_ln140' <Predicate = true> <Delay = 1.58>
ST_1 : Operation 25 [1/1] (1.58ns)   --->   "%store_ln140 = store i3 0, i3 %t_33" [src/generic/fp_generic.c:140]   --->   Operation 25 'store' 'store_ln140' <Predicate = true> <Delay = 1.58>
ST_1 : Operation 26 [1/1] (0.00ns)   --->   "%br_ln0 = br void %for.inc58"   --->   Operation 26 'br' 'br_ln0' <Predicate = true> <Delay = 0.00>
ST_1 : Operation 27 [1/1] (0.00ns)   --->   "%j = load i4 %j_13" [src/generic/fp_generic.c:158]   --->   Operation 27 'load' 'j' <Predicate = true> <Delay = 0.00>
ST_1 : Operation 28 [1/1] (1.73ns)   --->   "%icmp_ln157 = icmp_eq  i4 %j, i4 8" [src/generic/fp_generic.c:157]   --->   Operation 28 'icmp' 'icmp_ln157' <Predicate = true> <Delay = 1.73> <CoreInst = "Cmp">   --->   Core 9 'Cmp' <Latency = 0> <II = 1> <Delay = 1.73> <FuncUnit> <Opcode : 'seteq' 'setne' 'setle' 'setge' 'setlt' 'setgt'> <InPorts = 2> <OutPorts = 1>
ST_1 : Operation 29 [1/1] (0.00ns)   --->   "%br_ln157 = br i1 %icmp_ln157, void %for.inc58.split, void %for.inc63.exitStub" [src/generic/fp_generic.c:157]   --->   Operation 29 'br' 'br_ln157' <Predicate = true> <Delay = 0.00>
ST_1 : Operation 30 [1/1] (1.73ns)   --->   "%add_ln157 = add i4 %j, i4 1" [src/generic/fp_generic.c:157]   --->   Operation 30 'add' 'add_ln157' <Predicate = (!icmp_ln157)> <Delay = 1.73> <CoreInst = "Adder">   --->   Core 1 'Adder' <Latency = 0> <II = 1> <Delay = 1.73> <FuncUnit> <Opcode : 'add' 'sub'> <InPorts = 2> <OutPorts = 1>
ST_1 : Operation 31 [1/1] (1.58ns)   --->   "%store_ln139 = store i4 %add_ln157, i4 %j_13" [src/generic/fp_generic.c:139]   --->   Operation 31 'store' 'store_ln139' <Predicate = (!icmp_ln157)> <Delay = 1.58>

State 2 <SV = 1> <Delay = 5.96>
ST_2 : Operation 32 [1/1] (0.00ns)   --->   "%zext_ln157 = zext i4 %j" [src/generic/fp_generic.c:157]   --->   Operation 32 'zext' 'zext_ln157' <Predicate = true> <Delay = 0.00>
ST_2 : Operation 33 [1/1] (0.00ns)   --->   "%bit_sel4 = bitselect i1 @_ssdm_op_BitSelect.i1.i7.i7, i7 %zext_ln157, i7 3" [src/generic/fp_generic.c:158]   --->   Operation 33 'bitselect' 'bit_sel4' <Predicate = true> <Delay = 0.00>
ST_2 : Operation 34 [1/1] (0.97ns)   --->   "%xor_ln158 = xor i1 %bit_sel4, i1 1" [src/generic/fp_generic.c:158]   --->   Operation 34 'xor' 'xor_ln158' <Predicate = true> <Delay = 0.97> <CoreInst = "LogicGate">   --->   Core 74 'LogicGate' <Latency = 0> <II = 1> <Delay = 0.97> <FuncUnit> <Opcode : 'and' 'or' 'xor'> <InPorts = 2> <OutPorts = 1>
ST_2 : Operation 35 [1/1] (0.00ns)   --->   "%trunc_ln158 = trunc i4 %j" [src/generic/fp_generic.c:158]   --->   Operation 35 'trunc' 'trunc_ln158' <Predicate = true> <Delay = 0.00>
ST_2 : Operation 36 [1/1] (0.00ns)   --->   "%xor_ln = bitconcatenate i4 @_ssdm_op_BitConcatenate.i4.i1.i3, i1 %xor_ln158, i3 %trunc_ln158" [src/generic/fp_generic.c:158]   --->   Operation 36 'bitconcatenate' 'xor_ln' <Predicate = true> <Delay = 0.00>
ST_2 : Operation 37 [1/1] (0.00ns)   --->   "%zext_ln158 = zext i4 %xor_ln" [src/generic/fp_generic.c:158]   --->   Operation 37 'zext' 'zext_ln158' <Predicate = true> <Delay = 0.00>
ST_2 : Operation 38 [1/1] (0.00ns)   --->   "%R_Z_addr = getelementptr i64 %R_Z, i32 0, i32 %zext_ln158" [src/generic/fp_generic.c:158]   --->   Operation 38 'getelementptr' 'R_Z_addr' <Predicate = true> <Delay = 0.00>
ST_2 : Operation 39 [2/2] (3.25ns)   --->   "%R_Z_load = load i4 %R_Z_addr" [src/generic/fp_generic.c:158]   --->   Operation 39 'load' 'R_Z_load' <Predicate = true> <Delay = 3.25> <CoreInst = "RAM">   --->   Core 81 'RAM' <Latency = 1> <II = 1> <Delay = 3.25> <Storage> <Opcode : 'load' 'store'> <Ports = 2> <Width = 64> <Depth = 16> <RAM>
ST_2 : Operation 40 [1/1] (1.73ns)   --->   "%sub_ln158 = sub i4 %i_19_read, i4 %j" [src/generic/fp_generic.c:158]   --->   Operation 40 'sub' 'sub_ln158' <Predicate = true> <Delay = 1.73> <CoreInst = "Adder">   --->   Core 1 'Adder' <Latency = 0> <II = 1> <Delay = 1.73> <FuncUnit> <Opcode : 'add' 'sub'> <InPorts = 2> <OutPorts = 1>
ST_2 : Operation 41 [1/1] (0.00ns)   --->   "%bit_sel = bitselect i1 @_ssdm_op_BitSelect.i1.i4.i4, i4 %sub_ln158, i4 3" [src/generic/fp_generic.c:158]   --->   Operation 41 'bitselect' 'bit_sel' <Predicate = true> <Delay = 0.00>
ST_2 : Operation 42 [1/1] (0.97ns)   --->   "%xor_ln158_1 = xor i1 %bit_sel, i1 1" [src/generic/fp_generic.c:158]   --->   Operation 42 'xor' 'xor_ln158_1' <Predicate = true> <Delay = 0.97> <CoreInst = "LogicGate">   --->   Core 74 'LogicGate' <Latency = 0> <II = 1> <Delay = 0.97> <FuncUnit> <Opcode : 'and' 'or' 'xor'> <InPorts = 2> <OutPorts = 1>
ST_2 : Operation 43 [1/1] (0.00ns)   --->   "%trunc_ln158_6 = trunc i4 %sub_ln158" [src/generic/fp_generic.c:158]   --->   Operation 43 'trunc' 'trunc_ln158_6' <Predicate = true> <Delay = 0.00>
ST_2 : Operation 44 [1/1] (0.00ns)   --->   "%add_ln = bitconcatenate i4 @_ssdm_op_BitConcatenate.i4.i1.i3, i1 %xor_ln158_1, i3 %trunc_ln158_6" [src/generic/fp_generic.c:158]   --->   Operation 44 'bitconcatenate' 'add_ln' <Predicate = true> <Delay = 0.00>
ST_2 : Operation 45 [1/1] (0.00ns)   --->   "%zext_ln158_12 = zext i4 %add_ln" [src/generic/fp_generic.c:158]   --->   Operation 45 'zext' 'zext_ln158_12' <Predicate = true> <Delay = 0.00>
ST_2 : Operation 46 [1/1] (0.00ns)   --->   "%b_addr = getelementptr i64 %b, i32 0, i32 %zext_ln158_12" [src/generic/fp_generic.c:158]   --->   Operation 46 'getelementptr' 'b_addr' <Predicate = true> <Delay = 0.00>
ST_2 : Operation 47 [2/2] (3.25ns)   --->   "%b_load = load i4 %b_addr" [src/generic/fp_generic.c:158]   --->   Operation 47 'load' 'b_load' <Predicate = true> <Delay = 3.25> <CoreInst = "RAM">   --->   Core 81 'RAM' <Latency = 1> <II = 1> <Delay = 3.25> <Storage> <Opcode : 'load' 'store'> <Ports = 2> <Width = 64> <Depth = 16> <RAM>

State 3 <SV = 2> <Delay = 3.25>
ST_3 : Operation 48 [1/2] ( I:3.25ns O:3.25ns )   --->   "%R_Z_load = load i4 %R_Z_addr" [src/generic/fp_generic.c:158]   --->   Operation 48 'load' 'R_Z_load' <Predicate = true> <Delay = 3.25> <CoreInst = "RAM">   --->   Core 81 'RAM' <Latency = 1> <II = 1> <Delay = 3.25> <Storage> <Opcode : 'load' 'store'> <Ports = 2> <Width = 64> <Depth = 16> <RAM>
ST_3 : Operation 49 [1/1] (0.00ns)   --->   "%al = trunc i64 %R_Z_load" [src/generic/fp_generic.c:158]   --->   Operation 49 'trunc' 'al' <Predicate = true> <Delay = 0.00>
ST_3 : Operation 50 [1/2] ( I:3.25ns O:3.25ns )   --->   "%b_load = load i4 %b_addr" [src/generic/fp_generic.c:158]   --->   Operation 50 'load' 'b_load' <Predicate = true> <Delay = 3.25> <CoreInst = "RAM">   --->   Core 81 'RAM' <Latency = 1> <II = 1> <Delay = 3.25> <Storage> <Opcode : 'load' 'store'> <Ports = 2> <Width = 64> <Depth = 16> <RAM>
ST_3 : Operation 51 [1/1] (0.00ns)   --->   "%bl = trunc i64 %b_load" [src/generic/fp_generic.c:103->src/generic/fp_generic.c:158]   --->   Operation 51 'trunc' 'bl' <Predicate = true> <Delay = 0.00>
ST_3 : Operation 52 [1/1] (0.00ns)   --->   "%ah = partselect i32 @_ssdm_op_PartSelect.i32.i64.i32.i32, i64 %R_Z_load, i32 32, i32 63" [src/generic/fp_generic.c:110->src/generic/fp_generic.c:158]   --->   Operation 52 'partselect' 'ah' <Predicate = true> <Delay = 0.00>
ST_3 : Operation 53 [1/1] (0.00ns)   --->   "%bh = partselect i32 @_ssdm_op_PartSelect.i32.i64.i32.i32, i64 %b_load, i32 32, i32 63" [src/generic/fp_generic.c:112->src/generic/fp_generic.c:158]   --->   Operation 53 'partselect' 'bh' <Predicate = true> <Delay = 0.00>

State 4 <SV = 3> <Delay = 6.91>
ST_4 : Operation 54 [1/1] (0.00ns)   --->   "%zext_ln105 = zext i32 %al" [src/generic/fp_generic.c:105->src/generic/fp_generic.c:158]   --->   Operation 54 'zext' 'zext_ln105' <Predicate = true> <Delay = 0.00>
ST_4 : Operation 55 [1/1] (0.00ns)   --->   "%zext_ln110 = zext i32 %ah" [src/generic/fp_generic.c:110->src/generic/fp_generic.c:158]   --->   Operation 55 'zext' 'zext_ln110' <Predicate = true> <Delay = 0.00>
ST_4 : Operation 56 [1/1] (0.00ns)   --->   "%zext_ln105_85 = zext i32 %bl" [src/generic/fp_generic.c:105->src/generic/fp_generic.c:158]   --->   Operation 56 'zext' 'zext_ln105_85' <Predicate = true> <Delay = 0.00>
ST_4 : Operation 57 [1/1] (0.00ns)   --->   "%zext_ln112 = zext i32 %bh" [src/generic/fp_generic.c:112->src/generic/fp_generic.c:158]   --->   Operation 57 'zext' 'zext_ln112' <Predicate = true> <Delay = 0.00>
ST_4 : Operation 58 [2/2] (6.91ns)   --->   "%albl = mul i64 %zext_ln105_85, i64 %zext_ln105" [src/generic/fp_generic.c:114->src/generic/fp_generic.c:158]   --->   Operation 58 'mul' 'albl' <Predicate = true> <Delay = 6.91> <CoreInst = "Multiplier">   --->   Core 3 'Multiplier' <Latency = 1> <II = 1> <Delay = 6.91> <FuncUnit> <Opcode : 'mul'> <InPorts = 2> <OutPorts = 1>
ST_4 : Operation 59 [2/2] (6.91ns)   --->   "%albh = mul i64 %zext_ln112, i64 %zext_ln105" [src/generic/fp_generic.c:115->src/generic/fp_generic.c:158]   --->   Operation 59 'mul' 'albh' <Predicate = true> <Delay = 6.91> <CoreInst = "Multiplier">   --->   Core 3 'Multiplier' <Latency = 1> <II = 1> <Delay = 6.91> <FuncUnit> <Opcode : 'mul'> <InPorts = 2> <OutPorts = 1>
ST_4 : Operation 60 [2/2] (6.91ns)   --->   "%ahbl = mul i64 %zext_ln105_85, i64 %zext_ln110" [src/generic/fp_generic.c:116->src/generic/fp_generic.c:158]   --->   Operation 60 'mul' 'ahbl' <Predicate = true> <Delay = 6.91> <CoreInst = "Multiplier">   --->   Core 3 'Multiplier' <Latency = 1> <II = 1> <Delay = 6.91> <FuncUnit> <Opcode : 'mul'> <InPorts = 2> <OutPorts = 1>
ST_4 : Operation 61 [2/2] (6.91ns)   --->   "%ahbh = mul i64 %zext_ln112, i64 %zext_ln110" [src/generic/fp_generic.c:117->src/generic/fp_generic.c:158]   --->   Operation 61 'mul' 'ahbh' <Predicate = true> <Delay = 6.91> <CoreInst = "Multiplier">   --->   Core 3 'Multiplier' <Latency = 1> <II = 1> <Delay = 6.91> <FuncUnit> <Opcode : 'mul'> <InPorts = 2> <OutPorts = 1>

State 5 <SV = 4> <Delay = 6.91>
ST_5 : Operation 62 [1/2] (6.91ns)   --->   "%albl = mul i64 %zext_ln105_85, i64 %zext_ln105" [src/generic/fp_generic.c:114->src/generic/fp_generic.c:158]   --->   Operation 62 'mul' 'albl' <Predicate = true> <Delay = 6.91> <CoreInst = "Multiplier">   --->   Core 3 'Multiplier' <Latency = 1> <II = 1> <Delay = 6.91> <FuncUnit> <Opcode : 'mul'> <InPorts = 2> <OutPorts = 1>
ST_5 : Operation 63 [1/1] (0.00ns)   --->   "%trunc_ln106 = trunc i64 %albl" [src/generic/fp_generic.c:106->src/generic/fp_generic.c:158]   --->   Operation 63 'trunc' 'trunc_ln106' <Predicate = true> <Delay = 0.00>
ST_5 : Operation 64 [1/2] (6.91ns)   --->   "%albh = mul i64 %zext_ln112, i64 %zext_ln105" [src/generic/fp_generic.c:115->src/generic/fp_generic.c:158]   --->   Operation 64 'mul' 'albh' <Predicate = true> <Delay = 6.91> <CoreInst = "Multiplier">   --->   Core 3 'Multiplier' <Latency = 1> <II = 1> <Delay = 6.91> <FuncUnit> <Opcode : 'mul'> <InPorts = 2> <OutPorts = 1>
ST_5 : Operation 65 [1/1] (0.00ns)   --->   "%trunc_ln106_126 = trunc i64 %albh" [src/generic/fp_generic.c:106->src/generic/fp_generic.c:158]   --->   Operation 65 'trunc' 'trunc_ln106_126' <Predicate = true> <Delay = 0.00>
ST_5 : Operation 66 [1/2] (6.91ns)   --->   "%ahbl = mul i64 %zext_ln105_85, i64 %zext_ln110" [src/generic/fp_generic.c:116->src/generic/fp_generic.c:158]   --->   Operation 66 'mul' 'ahbl' <Predicate = true> <Delay = 6.91> <CoreInst = "Multiplier">   --->   Core 3 'Multiplier' <Latency = 1> <II = 1> <Delay = 6.91> <FuncUnit> <Opcode : 'mul'> <InPorts = 2> <OutPorts = 1>
ST_5 : Operation 67 [1/1] (0.00ns)   --->   "%trunc_ln106_127 = trunc i64 %ahbl" [src/generic/fp_generic.c:106->src/generic/fp_generic.c:158]   --->   Operation 67 'trunc' 'trunc_ln106_127' <Predicate = true> <Delay = 0.00>
ST_5 : Operation 68 [1/2] (6.91ns)   --->   "%ahbh = mul i64 %zext_ln112, i64 %zext_ln110" [src/generic/fp_generic.c:117->src/generic/fp_generic.c:158]   --->   Operation 68 'mul' 'ahbh' <Predicate = true> <Delay = 6.91> <CoreInst = "Multiplier">   --->   Core 3 'Multiplier' <Latency = 1> <II = 1> <Delay = 6.91> <FuncUnit> <Opcode : 'mul'> <InPorts = 2> <OutPorts = 1>
ST_5 : Operation 69 [1/1] (0.00ns)   --->   "%trunc_ln106_128 = trunc i64 %ahbh" [src/generic/fp_generic.c:106->src/generic/fp_generic.c:158]   --->   Operation 69 'trunc' 'trunc_ln106_128' <Predicate = true> <Delay = 0.00>
ST_5 : Operation 70 [1/1] (0.00ns)   --->   "%tmp_s = partselect i32 @_ssdm_op_PartSelect.i32.i64.i32.i32, i64 %albl, i32 32, i32 63" [src/generic/fp_generic.c:106->src/generic/fp_generic.c:158]   --->   Operation 70 'partselect' 'tmp_s' <Predicate = true> <Delay = 0.00>
ST_5 : Operation 71 [1/1] (0.00ns)   --->   "%tmp_214 = partselect i32 @_ssdm_op_PartSelect.i32.i64.i32.i32, i64 %ahbl, i32 32, i32 63" [src/generic/fp_generic.c:106->src/generic/fp_generic.c:158]   --->   Operation 71 'partselect' 'tmp_214' <Predicate = true> <Delay = 0.00>
ST_5 : Operation 72 [1/1] (0.00ns)   --->   "%tmp_215 = partselect i32 @_ssdm_op_PartSelect.i32.i64.i32.i32, i64 %albh, i32 32, i32 63" [src/generic/fp_generic.c:106->src/generic/fp_generic.c:158]   --->   Operation 72 'partselect' 'tmp_215' <Predicate = true> <Delay = 0.00>
ST_5 : Operation 73 [1/1] (0.00ns)   --->   "%tmp_216 = partselect i32 @_ssdm_op_PartSelect.i32.i64.i32.i32, i64 %ahbh, i32 32, i32 63" [src/generic/fp_generic.c:133->src/generic/fp_generic.c:158]   --->   Operation 73 'partselect' 'tmp_216' <Predicate = true> <Delay = 0.00>

State 6 <SV = 5> <Delay = 5.14>
ST_6 : Operation 74 [1/1] (0.00ns)   --->   "%zext_ln106 = zext i32 %tmp_s" [src/generic/fp_generic.c:106->src/generic/fp_generic.c:158]   --->   Operation 74 'zext' 'zext_ln106' <Predicate = true> <Delay = 0.00>
ST_6 : Operation 75 [1/1] (0.00ns)   --->   "%zext_ln123 = zext i32 %trunc_ln106_127" [src/generic/fp_generic.c:123->src/generic/fp_generic.c:158]   --->   Operation 75 'zext' 'zext_ln123' <Predicate = true> <Delay = 0.00>
ST_6 : Operation 76 [1/1] (0.00ns)   --->   "%zext_ln123_75 = zext i32 %trunc_ln106_126" [src/generic/fp_generic.c:123->src/generic/fp_generic.c:158]   --->   Operation 76 'zext' 'zext_ln123_75' <Predicate = true> <Delay = 0.00>
ST_6 : Operation 77 [1/1] (2.55ns)   --->   "%add_ln123 = add i33 %zext_ln123, i33 %zext_ln123_75" [src/generic/fp_generic.c:123->src/generic/fp_generic.c:158]   --->   Operation 77 'add' 'add_ln123' <Predicate = true> <Delay = 2.55> <CoreInst = "Adder">   --->   Core 1 'Adder' <Latency = 0> <II = 1> <Delay = 2.55> <FuncUnit> <Opcode : 'add' 'sub'> <InPorts = 2> <OutPorts = 1>
ST_6 : Operation 78 [1/1] (0.00ns)   --->   "%zext_ln123_76 = zext i33 %add_ln123" [src/generic/fp_generic.c:123->src/generic/fp_generic.c:158]   --->   Operation 78 'zext' 'zext_ln123_76' <Predicate = true> <Delay = 0.00>
ST_6 : Operation 79 [1/1] (2.59ns)   --->   "%temp = add i34 %zext_ln123_76, i34 %zext_ln106" [src/generic/fp_generic.c:123->src/generic/fp_generic.c:158]   --->   Operation 79 'add' 'temp' <Predicate = true> <Delay = 2.59> <CoreInst = "Adder">   --->   Core 1 'Adder' <Latency = 0> <II = 1> <Delay = 2.59> <FuncUnit> <Opcode : 'add' 'sub'> <InPorts = 2> <OutPorts = 1>
ST_6 : Operation 80 [1/1] (0.00ns)   --->   "%tmp_213 = partselect i2 @_ssdm_op_PartSelect.i2.i34.i32.i32, i34 %temp, i32 32, i32 33" [src/generic/fp_generic.c:106->src/generic/fp_generic.c:158]   --->   Operation 80 'partselect' 'tmp_213' <Predicate = true> <Delay = 0.00>
ST_6 : Operation 81 [1/1] (0.00ns)   --->   "%trunc_ln125 = trunc i34 %temp" [src/generic/fp_generic.c:125->src/generic/fp_generic.c:158]   --->   Operation 81 'trunc' 'trunc_ln125' <Predicate = true> <Delay = 0.00>

State 7 <SV = 6> <Delay = 6.92>
ST_7 : Operation 82 [1/1] (0.00ns)   --->   "%zext_ln106_91 = zext i2 %tmp_213" [src/generic/fp_generic.c:106->src/generic/fp_generic.c:158]   --->   Operation 82 'zext' 'zext_ln106_91' <Predicate = true> <Delay = 0.00>
ST_7 : Operation 83 [1/1] (0.00ns)   --->   "%zext_ln106_92 = zext i32 %tmp_214" [src/generic/fp_generic.c:106->src/generic/fp_generic.c:158]   --->   Operation 83 'zext' 'zext_ln106_92' <Predicate = true> <Delay = 0.00>
ST_7 : Operation 84 [1/1] (0.00ns)   --->   "%zext_ln106_93 = zext i32 %tmp_215" [src/generic/fp_generic.c:106->src/generic/fp_generic.c:158]   --->   Operation 84 'zext' 'zext_ln106_93' <Predicate = true> <Delay = 0.00>
ST_7 : Operation 85 [1/1] (0.00ns)   --->   "%zext_ln130 = zext i32 %trunc_ln106_128" [src/generic/fp_generic.c:130->src/generic/fp_generic.c:158]   --->   Operation 85 'zext' 'zext_ln130' <Predicate = true> <Delay = 0.00>
ST_7 : Operation 86 [1/1] (0.00ns) (grouped into TernaryAdder)   --->   "%add_ln130 = add i32 %trunc_ln106_128, i32 %tmp_214" [src/generic/fp_generic.c:130->src/generic/fp_generic.c:158]   --->   Operation 86 'add' 'add_ln130' <Predicate = true> <Delay = 0.00> <CoreInst = "TAddSub">   --->   Core 10 'TAddSub' <Latency = 0> <II = 1> <Delay = 2.18> <IPBlock> <Opcode : '' 'add' 'sub'> <InPorts = 3> <OutPorts = 1> <Sync> <CReg>
ST_7 : Operation 87 [1/1] (2.55ns)   --->   "%add_ln130_89 = add i33 %zext_ln130, i33 %zext_ln106_92" [src/generic/fp_generic.c:130->src/generic/fp_generic.c:158]   --->   Operation 87 'add' 'add_ln130_89' <Predicate = true> <Delay = 2.55> <CoreInst = "Adder">   --->   Core 1 'Adder' <Latency = 0> <II = 1> <Delay = 2.55> <FuncUnit> <Opcode : 'add' 'sub'> <InPorts = 2> <OutPorts = 1>
ST_7 : Operation 88 [1/1] (0.00ns)   --->   "%zext_ln130_75 = zext i33 %add_ln130_89" [src/generic/fp_generic.c:130->src/generic/fp_generic.c:158]   --->   Operation 88 'zext' 'zext_ln130_75' <Predicate = true> <Delay = 0.00>
ST_7 : Operation 89 [1/1] (2.55ns)   --->   "%add_ln130_90 = add i33 %zext_ln106_93, i33 %zext_ln106_91" [src/generic/fp_generic.c:130->src/generic/fp_generic.c:158]   --->   Operation 89 'add' 'add_ln130_90' <Predicate = true> <Delay = 2.55> <CoreInst = "Adder">   --->   Core 1 'Adder' <Latency = 0> <II = 1> <Delay = 2.55> <FuncUnit> <Opcode : 'add' 'sub'> <InPorts = 2> <OutPorts = 1>
ST_7 : Operation 90 [1/1] (0.00ns)   --->   "%trunc_ln130 = trunc i33 %add_ln130_90" [src/generic/fp_generic.c:130->src/generic/fp_generic.c:158]   --->   Operation 90 'trunc' 'trunc_ln130' <Predicate = true> <Delay = 0.00>
ST_7 : Operation 91 [1/1] (0.00ns)   --->   "%zext_ln130_76 = zext i33 %add_ln130_90" [src/generic/fp_generic.c:130->src/generic/fp_generic.c:158]   --->   Operation 91 'zext' 'zext_ln130_76' <Predicate = true> <Delay = 0.00>
ST_7 : Operation 92 [1/1] (4.37ns) (root node of TernaryAdder)   --->   "%add_ln105 = add i32 %trunc_ln130, i32 %add_ln130" [src/generic/fp_generic.c:105->src/generic/fp_generic.c:158]   --->   Operation 92 'add' 'add_ln105' <Predicate = true> <Delay = 4.37> <CoreInst = "TAddSub">   --->   Core 10 'TAddSub' <Latency = 0> <II = 1> <Delay = 2.18> <IPBlock> <Opcode : '' 'add' 'sub'> <InPorts = 3> <OutPorts = 1> <Sync> <CReg>
ST_7 : Operation 93 [1/1] (2.59ns)   --->   "%temp_41 = add i34 %zext_ln130_76, i34 %zext_ln130_75" [src/generic/fp_generic.c:130->src/generic/fp_generic.c:158]   --->   Operation 93 'add' 'temp_41' <Predicate = true> <Delay = 2.59> <CoreInst = "Adder">   --->   Core 1 'Adder' <Latency = 0> <II = 1> <Delay = 2.59> <FuncUnit> <Opcode : 'add' 'sub'> <InPorts = 2> <OutPorts = 1>
ST_7 : Operation 94 [1/1] (0.00ns)   --->   "%tmp_217 = partselect i2 @_ssdm_op_PartSelect.i2.i34.i32.i32, i34 %temp_41, i32 32, i32 33" [src/generic/fp_generic.c:133->src/generic/fp_generic.c:158]   --->   Operation 94 'partselect' 'tmp_217' <Predicate = true> <Delay = 0.00>

State 8 <SV = 7> <Delay = 7.04>
ST_8 : Operation 95 [1/1] (0.00ns)   --->   "%v_35_load = load i64 %v_35" [src/generic/fp_generic.c:159]   --->   Operation 95 'load' 'v_35_load' <Predicate = true> <Delay = 0.00>
ST_8 : Operation 96 [1/1] (0.00ns)   --->   "%shl_ln125_s = bitconcatenate i64 @_ssdm_op_BitConcatenate.i64.i32.i32, i32 %trunc_ln125, i32 0" [src/generic/fp_generic.c:125->src/generic/fp_generic.c:158]   --->   Operation 96 'bitconcatenate' 'shl_ln125_s' <Predicate = true> <Delay = 0.00>
ST_8 : Operation 97 [1/1] (0.00ns)   --->   "%and_ln133_9 = bitconcatenate i64 @_ssdm_op_BitConcatenate.i64.i32.i32, i32 %tmp_216, i32 0" [src/generic/fp_generic.c:133->src/generic/fp_generic.c:158]   --->   Operation 97 'bitconcatenate' 'and_ln133_9' <Predicate = true> <Delay = 0.00>
ST_8 : Operation 98 [1/1] (0.00ns)   --->   "%and_ln133_s = bitconcatenate i34 @_ssdm_op_BitConcatenate.i34.i2.i32, i2 %tmp_217, i32 0" [src/generic/fp_generic.c:133->src/generic/fp_generic.c:158]   --->   Operation 98 'bitconcatenate' 'and_ln133_s' <Predicate = true> <Delay = 0.00>
ST_8 : Operation 99 [1/1] (0.00ns)   --->   "%zext_ln133 = zext i34 %and_ln133_s" [src/generic/fp_generic.c:133->src/generic/fp_generic.c:158]   --->   Operation 99 'zext' 'zext_ln133' <Predicate = true> <Delay = 0.00>
ST_8 : Operation 100 [1/1] (3.52ns)   --->   "%add_ln133 = add i64 %zext_ln133, i64 %and_ln133_9" [src/generic/fp_generic.c:133->src/generic/fp_generic.c:158]   --->   Operation 100 'add' 'add_ln133' <Predicate = true> <Delay = 3.52> <CoreInst = "Adder">   --->   Core 1 'Adder' <Latency = 0> <II = 1> <Delay = 3.52> <FuncUnit> <Opcode : 'add' 'sub'> <InPorts = 2> <OutPorts = 1>
ST_8 : Operation 101 [1/1] (0.00ns)   --->   "%or_ln = bitconcatenate i64 @_ssdm_op_BitConcatenate.i64.i32.i32, i32 %trunc_ln125, i32 %trunc_ln106" [src/generic/fp_generic.c:159]   --->   Operation 101 'bitconcatenate' 'or_ln' <Predicate = true> <Delay = 0.00>
ST_8 : Operation 102 [1/1] (3.52ns)   --->   "%v_134 = add i64 %or_ln, i64 %v_35_load" [src/generic/fp_generic.c:159]   --->   Operation 102 'add' 'v_134' <Predicate = true> <Delay = 3.52> <CoreInst = "Adder">   --->   Core 1 'Adder' <Latency = 0> <II = 1> <Delay = 3.52> <FuncUnit> <Opcode : 'add' 'sub'> <InPorts = 2> <OutPorts = 1>
ST_8 : Operation 103 [1/1] (0.00ns) (grouped into LUT with out node tempReg)   --->   "%xor_ln105_33 = xor i64 %v_134, i64 %shl_ln125_s" [src/config.h:105->src/generic/fp_generic.c:159]   --->   Operation 103 'xor' 'xor_ln105_33' <Predicate = true> <Delay = 0.00> <CoreInst = "LogicGate">   --->   Core 74 'LogicGate' <Latency = 0> <II = 1> <Delay = 0.99> <FuncUnit> <Opcode : 'and' 'or' 'xor'> <InPorts = 2> <OutPorts = 1>
ST_8 : Operation 104 [1/1] (0.00ns) (grouped into LUT with out node tempReg)   --->   "%xor_ln105_34 = xor i64 %shl_ln125_s, i64 %v_35_load" [src/config.h:105->src/generic/fp_generic.c:159]   --->   Operation 104 'xor' 'xor_ln105_34' <Predicate = true> <Delay = 0.00> <CoreInst = "LogicGate">   --->   Core 74 'LogicGate' <Latency = 0> <II = 1> <Delay = 0.99> <FuncUnit> <Opcode : 'and' 'or' 'xor'> <InPorts = 2> <OutPorts = 1>
ST_8 : Operation 105 [1/1] (0.00ns) (grouped into LUT with out node tempReg)   --->   "%or_ln105_7 = or i64 %xor_ln105_33, i64 %xor_ln105_34" [src/config.h:105->src/generic/fp_generic.c:159]   --->   Operation 105 'or' 'or_ln105_7' <Predicate = true> <Delay = 0.00> <CoreInst = "LogicGate">   --->   Core 74 'LogicGate' <Latency = 0> <II = 1> <Delay = 0.99> <FuncUnit> <Opcode : 'and' 'or' 'xor'> <InPorts = 2> <OutPorts = 1>
ST_8 : Operation 106 [1/1] (0.00ns) (grouped into LUT with out node tempReg)   --->   "%xor_ln105_35 = xor i64 %or_ln105_7, i64 %v_134" [src/config.h:105->src/generic/fp_generic.c:159]   --->   Operation 106 'xor' 'xor_ln105_35' <Predicate = true> <Delay = 0.00> <CoreInst = "LogicGate">   --->   Core 74 'LogicGate' <Latency = 0> <II = 1> <Delay = 0.99> <FuncUnit> <Opcode : 'and' 'or' 'xor'> <InPorts = 2> <OutPorts = 1>
ST_8 : Operation 107 [1/1] (0.00ns) (grouped into LUT with out node tempReg)   --->   "%carry = bitselect i1 @_ssdm_op_BitSelect.i1.i64.i32, i64 %xor_ln105_35, i32 63" [src/config.h:105->src/generic/fp_generic.c:159]   --->   Operation 107 'bitselect' 'carry' <Predicate = true> <Delay = 0.00>
ST_8 : Operation 108 [1/1] (0.00ns) (grouped into LUT with out node tempReg)   --->   "%zext_ln105_86 = zext i1 %carry" [src/config.h:105->src/generic/fp_generic.c:159]   --->   Operation 108 'zext' 'zext_ln105_86' <Predicate = true> <Delay = 0.00>
ST_8 : Operation 109 [1/1] (0.00ns) (grouped into LUT with out node tempReg)   --->   "%tmp_18 = partselect i32 @_ssdm_op_PartSelect.i32.i64.i32.i32, i64 %add_ln133, i32 32, i32 63" [src/generic/fp_generic.c:160]   --->   Operation 109 'partselect' 'tmp_18' <Predicate = true> <Delay = 0.00>
ST_8 : Operation 110 [1/1] (0.00ns) (grouped into LUT with out node tempReg)   --->   "%or_ln9 = bitconcatenate i64 @_ssdm_op_BitConcatenate.i64.i32.i32, i32 %tmp_18, i32 %add_ln105" [src/generic/fp_generic.c:160]   --->   Operation 110 'bitconcatenate' 'or_ln9' <Predicate = true> <Delay = 0.00>
ST_8 : Operation 111 [1/1] (3.52ns) (out node of the LUT)   --->   "%tempReg = add i64 %or_ln9, i64 %zext_ln105_86" [src/generic/fp_generic.c:160]   --->   Operation 111 'add' 'tempReg' <Predicate = true> <Delay = 3.52> <CoreInst = "Adder">   --->   Core 1 'Adder' <Latency = 0> <II = 1> <Delay = 3.52> <FuncUnit> <Opcode : 'add' 'sub'> <InPorts = 2> <OutPorts = 1>
ST_8 : Operation 112 [1/1] (1.58ns)   --->   "%store_ln140 = store i64 %v_134, i64 %v_35" [src/generic/fp_generic.c:140]   --->   Operation 112 'store' 'store_ln140' <Predicate = true> <Delay = 1.58>

State 9 <SV = 8> <Delay = 5.10>
ST_9 : Operation 113 [1/1] (0.00ns)   --->   "%u_34_out_load = load i64 %u_34_out" [src/generic/fp_generic.c:160]   --->   Operation 113 'load' 'u_34_out_load' <Predicate = true> <Delay = 0.00>
ST_9 : Operation 114 [1/1] (3.52ns)   --->   "%u = add i64 %tempReg, i64 %u_34_out_load" [src/generic/fp_generic.c:160]   --->   Operation 114 'add' 'u' <Predicate = true> <Delay = 3.52> <CoreInst = "Adder">   --->   Core 1 'Adder' <Latency = 0> <II = 1> <Delay = 3.52> <FuncUnit> <Opcode : 'add' 'sub'> <InPorts = 2> <OutPorts = 1>
ST_9 : Operation 115 [1/1] (1.58ns)   --->   "%store_ln140 = store i64 %u, i64 %u_34_out" [src/generic/fp_generic.c:140]   --->   Operation 115 'store' 'store_ln140' <Predicate = true> <Delay = 1.58>
ST_9 : Operation 135 [1/1] (0.00ns)   --->   "%t_33_load27 = load i3 %t_33"   --->   Operation 135 'load' 't_33_load27' <Predicate = (icmp_ln157)> <Delay = 0.00>
ST_9 : Operation 136 [1/1] (0.00ns)   --->   "%v_35_load25 = load i64 %v_35"   --->   Operation 136 'load' 'v_35_load25' <Predicate = (icmp_ln157)> <Delay = 0.00>
ST_9 : Operation 137 [1/1] (0.00ns)   --->   "%write_ln0 = write void @_ssdm_op_Write.ap_auto.i64P0A, i64 %v_35_out, i64 %v_35_load25"   --->   Operation 137 'write' 'write_ln0' <Predicate = (icmp_ln157)> <Delay = 0.00>
ST_9 : Operation 138 [1/1] (0.00ns)   --->   "%write_ln0 = write void @_ssdm_op_Write.ap_auto.i3P0A, i3 %t_33_out, i3 %t_33_load27"   --->   Operation 138 'write' 'write_ln0' <Predicate = (icmp_ln157)> <Delay = 0.00>
ST_9 : Operation 139 [1/1] (1.58ns)   --->   "%ret_ln0 = ret"   --->   Operation 139 'ret' 'ret_ln0' <Predicate = (icmp_ln157)> <Delay = 1.58>

State 10 <SV = 9> <Delay = 4.22>
ST_10 : Operation 116 [1/1] (0.00ns)   --->   "%t_33_load = load i3 %t_33" [src/generic/fp_generic.c:161]   --->   Operation 116 'load' 't_33_load' <Predicate = true> <Delay = 0.00>
ST_10 : Operation 117 [1/1] (0.00ns)   --->   "%specpipeline_ln139 = specpipeline void @_ssdm_op_SpecPipeline, i32 4294967295, i32 0, i32 0, i32 0, void @empty_44" [src/generic/fp_generic.c:139]   --->   Operation 117 'specpipeline' 'specpipeline_ln139' <Predicate = true> <Delay = 0.00>
ST_10 : Operation 118 [1/1] (0.00ns)   --->   "%speclooptripcount_ln139 = speclooptripcount void @_ssdm_op_SpecLoopTripCount, i64 1, i64 7, i64 4" [src/generic/fp_generic.c:139]   --->   Operation 118 'speclooptripcount' 'speclooptripcount_ln139' <Predicate = true> <Delay = 0.00>
ST_10 : Operation 119 [1/1] (0.00ns)   --->   "%specloopname_ln157 = specloopname void @_ssdm_op_SpecLoopName, void @empty_41" [src/generic/fp_generic.c:157]   --->   Operation 119 'specloopname' 'specloopname_ln157' <Predicate = true> <Delay = 0.00>
ST_10 : Operation 120 [1/1] (0.00ns) (grouped into LUT with out node xor_ln160_20)   --->   "%xor_ln160 = xor i64 %u, i64 %tempReg" [src/generic/fp_generic.c:160]   --->   Operation 120 'xor' 'xor_ln160' <Predicate = true> <Delay = 0.00> <CoreInst = "LogicGate">   --->   Core 74 'LogicGate' <Latency = 0> <II = 1> <Delay = 0.99> <FuncUnit> <Opcode : 'and' 'or' 'xor'> <InPorts = 2> <OutPorts = 1>
ST_10 : Operation 121 [1/1] (0.00ns) (grouped into LUT with out node xor_ln160_20)   --->   "%xor_ln160_18 = xor i64 %tempReg, i64 %u_34_out_load" [src/generic/fp_generic.c:160]   --->   Operation 121 'xor' 'xor_ln160_18' <Predicate = true> <Delay = 0.00> <CoreInst = "LogicGate">   --->   Core 74 'LogicGate' <Latency = 0> <II = 1> <Delay = 0.99> <FuncUnit> <Opcode : 'and' 'or' 'xor'> <InPorts = 2> <OutPorts = 1>
ST_10 : Operation 122 [1/1] (0.00ns) (grouped into LUT with out node xor_ln160_20)   --->   "%or_ln160 = or i64 %xor_ln160, i64 %xor_ln160_18" [src/generic/fp_generic.c:160]   --->   Operation 122 'or' 'or_ln160' <Predicate = true> <Delay = 0.00> <CoreInst = "LogicGate">   --->   Core 74 'LogicGate' <Latency = 0> <II = 1> <Delay = 0.99> <FuncUnit> <Opcode : 'and' 'or' 'xor'> <InPorts = 2> <OutPorts = 1>
ST_10 : Operation 123 [1/1] (0.00ns) (grouped into LUT with out node t)   --->   "%bit_sel1 = bitselect i1 @_ssdm_op_BitSelect.i1.i64.i64, i64 %tempReg, i64 63" [src/generic/fp_generic.c:160]   --->   Operation 123 'bitselect' 'bit_sel1' <Predicate = true> <Delay = 0.00>
ST_10 : Operation 124 [1/1] (0.00ns) (grouped into LUT with out node t)   --->   "%xor_ln160_19 = xor i1 %bit_sel1, i1 1" [src/generic/fp_generic.c:160]   --->   Operation 124 'xor' 'xor_ln160_19' <Predicate = true> <Delay = 0.00> <CoreInst = "LogicGate">   --->   Core 74 'LogicGate' <Latency = 0> <II = 1> <Delay = 0.97> <FuncUnit> <Opcode : 'and' 'or' 'xor'> <InPorts = 2> <OutPorts = 1>
ST_10 : Operation 125 [1/1] (0.00ns) (grouped into LUT with out node t)   --->   "%trunc_ln160 = trunc i64 %tempReg" [src/generic/fp_generic.c:160]   --->   Operation 125 'trunc' 'trunc_ln160' <Predicate = true> <Delay = 0.00>
ST_10 : Operation 126 [1/1] (0.00ns) (grouped into LUT with out node t)   --->   "%xor_ln160_s = bitconcatenate i64 @_ssdm_op_BitConcatenate.i64.i1.i63, i1 %xor_ln160_19, i63 %trunc_ln160" [src/generic/fp_generic.c:160]   --->   Operation 126 'bitconcatenate' 'xor_ln160_s' <Predicate = true> <Delay = 0.00>
ST_10 : Operation 127 [1/1] (0.00ns) (grouped into LUT with out node t)   --->   "%and_ln160 = and i64 %xor_ln160_s, i64 %add_ln133" [src/generic/fp_generic.c:160]   --->   Operation 127 'and' 'and_ln160' <Predicate = true> <Delay = 0.00> <CoreInst = "LogicGate">   --->   Core 74 'LogicGate' <Latency = 0> <II = 1> <Delay = 0.99> <FuncUnit> <Opcode : 'and' 'or' 'xor'> <InPorts = 2> <OutPorts = 1>
ST_10 : Operation 128 [1/1] (0.99ns) (out node of the LUT)   --->   "%xor_ln160_20 = xor i64 %or_ln160, i64 %u" [src/generic/fp_generic.c:160]   --->   Operation 128 'xor' 'xor_ln160_20' <Predicate = true> <Delay = 0.99> <CoreInst = "LogicGate">   --->   Core 74 'LogicGate' <Latency = 0> <II = 1> <Delay = 0.99> <FuncUnit> <Opcode : 'and' 'or' 'xor'> <InPorts = 2> <OutPorts = 1>
ST_10 : Operation 129 [1/1] (0.00ns) (grouped into LUT with out node t)   --->   "%or_ln160_8 = or i64 %xor_ln160_20, i64 %and_ln160" [src/generic/fp_generic.c:160]   --->   Operation 129 'or' 'or_ln160_8' <Predicate = true> <Delay = 0.00> <CoreInst = "LogicGate">   --->   Core 74 'LogicGate' <Latency = 0> <II = 1> <Delay = 0.99> <FuncUnit> <Opcode : 'and' 'or' 'xor'> <InPorts = 2> <OutPorts = 1>
ST_10 : Operation 130 [1/1] (0.00ns) (grouped into LUT with out node t)   --->   "%tmp = bitselect i1 @_ssdm_op_BitSelect.i1.i64.i32, i64 %or_ln160_8, i32 63" [src/generic/fp_generic.c:161]   --->   Operation 130 'bitselect' 'tmp' <Predicate = true> <Delay = 0.00>
ST_10 : Operation 131 [1/1] (0.00ns) (grouped into LUT with out node t)   --->   "%zext_ln161 = zext i1 %tmp" [src/generic/fp_generic.c:161]   --->   Operation 131 'zext' 'zext_ln161' <Predicate = true> <Delay = 0.00>
ST_10 : Operation 132 [1/1] (1.65ns) (out node of the LUT)   --->   "%t = add i3 %zext_ln161, i3 %t_33_load" [src/generic/fp_generic.c:161]   --->   Operation 132 'add' 't' <Predicate = true> <Delay = 1.65> <CoreInst = "Adder">   --->   Core 1 'Adder' <Latency = 0> <II = 1> <Delay = 1.65> <FuncUnit> <Opcode : 'add' 'sub'> <InPorts = 2> <OutPorts = 1>
ST_10 : Operation 133 [1/1] (1.58ns)   --->   "%store_ln140 = store i3 %t, i3 %t_33" [src/generic/fp_generic.c:140]   --->   Operation 133 'store' 'store_ln140' <Predicate = true> <Delay = 1.58>
ST_10 : Operation 134 [1/1] (0.00ns)   --->   "%br_ln157 = br void %for.inc58" [src/generic/fp_generic.c:157]   --->   Operation 134 'br' 'br_ln157' <Predicate = true> <Delay = 0.00>


============================================================
+ Verbose Summary: Timing violations
============================================================
Target clock period: 10.000ns, clock uncertainty: 2.700ns.

 <State 1>: 4.911ns
The critical path consists of the following:
	'store' operation 0 bit ('store_ln139', src/generic/fp_generic.c:139) of variable 'indvars_iv_cast' on local variable 'j', src/generic/fp_generic.c:139 [19]  (1.588 ns)
	'load' operation 4 bit ('j', src/generic/fp_generic.c:158) on local variable 'j', src/generic/fp_generic.c:139 [25]  (0.000 ns)
	'add' operation 4 bit ('add_ln157', src/generic/fp_generic.c:157) [122]  (1.735 ns)
	'store' operation 0 bit ('store_ln139', src/generic/fp_generic.c:139) of variable 'add_ln157', src/generic/fp_generic.c:157 on local variable 'j', src/generic/fp_generic.c:139 [123]  (1.588 ns)

 <State 2>: 5.967ns
The critical path consists of the following:
	'sub' operation 4 bit ('sub_ln158', src/generic/fp_generic.c:158) [44]  (1.735 ns)
	'xor' operation 1 bit ('xor_ln158_1', src/generic/fp_generic.c:158) [46]  (0.978 ns)
	'getelementptr' operation 4 bit ('b_addr', src/generic/fp_generic.c:158) [50]  (0.000 ns)
	'load' operation 64 bit ('b', src/generic/fp_generic.c:158) on array 'b' [51]  (3.254 ns)

 <State 3>: 3.254ns
The critical path consists of the following:
	'load' operation 64 bit ('a', src/generic/fp_generic.c:158) on array 'R_Z' [42]  (3.254 ns)

 <State 4>: 6.912ns
The critical path consists of the following:
	'mul' operation 64 bit ('albl', src/generic/fp_generic.c:114->src/generic/fp_generic.c:158) [59]  (6.912 ns)

 <State 5>: 6.912ns
The critical path consists of the following:
	'mul' operation 64 bit ('albl', src/generic/fp_generic.c:114->src/generic/fp_generic.c:158) [59]  (6.912 ns)

 <State 6>: 5.145ns
The critical path consists of the following:
	'add' operation 33 bit ('add_ln123', src/generic/fp_generic.c:123->src/generic/fp_generic.c:158) [71]  (2.552 ns)
	'add' operation 34 bit ('temp', src/generic/fp_generic.c:123->src/generic/fp_generic.c:158) [73]  (2.593 ns)

 <State 7>: 6.923ns
The critical path consists of the following:
	'add' operation 33 bit ('add_ln130_90', src/generic/fp_generic.c:130->src/generic/fp_generic.c:158) [86]  (2.552 ns)
	'add' operation 32 bit ('add_ln105', src/generic/fp_generic.c:105->src/generic/fp_generic.c:158) [89]  (4.371 ns)

 <State 8>: 7.040ns
The critical path consists of the following:
	'load' operation 64 bit ('v_35_load', src/generic/fp_generic.c:159) on local variable 'v', src/generic/fp_generic.c:140 [31]  (0.000 ns)
	'add' operation 64 bit ('x', src/generic/fp_generic.c:159) [98]  (3.520 ns)
	'xor' operation 64 bit ('xor_ln105_35', src/config.h:105->src/generic/fp_generic.c:159) [102]  (0.000 ns)
	'add' operation 64 bit ('tempReg', src/generic/fp_generic.c:160) [107]  (3.520 ns)

 <State 9>: 5.108ns
The critical path consists of the following:
	'load' operation 64 bit ('u_34_out_load', src/generic/fp_generic.c:160) on local variable 'u_34_out' [30]  (0.000 ns)
	'add' operation 64 bit ('x', src/generic/fp_generic.c:160) [108]  (3.520 ns)
	'store' operation 0 bit ('store_ln140', src/generic/fp_generic.c:140) of variable 'x', src/generic/fp_generic.c:160 on local variable 'u_34_out' [125]  (1.588 ns)

 <State 10>: 4.228ns
The critical path consists of the following:
	'xor' operation 64 bit ('xor_ln160', src/generic/fp_generic.c:160) [109]  (0.000 ns)
	'or' operation 64 bit ('or_ln160', src/generic/fp_generic.c:160) [111]  (0.000 ns)
	'xor' operation 64 bit ('xor_ln160_20', src/generic/fp_generic.c:160) [117]  (0.990 ns)
	'or' operation 64 bit ('or_ln160_8', src/generic/fp_generic.c:160) [118]  (0.000 ns)
	'add' operation 3 bit ('t', src/generic/fp_generic.c:161) [121]  (1.650 ns)
	'store' operation 0 bit ('store_ln140', src/generic/fp_generic.c:140) of variable 't', src/generic/fp_generic.c:161 on local variable 't', src/generic/fp_generic.c:140 [126]  (1.588 ns)


============================================================
+ Verbose Summary: Binding
============================================================
N/A
* FSMD analyzer results:
  - Output states:
 - Input state : 
  - Chain level:
	State 1
	State 2
	State 3
	State 4
	State 5
	State 6
	State 7
	State 8
	State 9
	State 10


============================================================
+ Verbose Summary: Datapath Resource usage 
============================================================
N/A
