

================================================================
== Vitis HLS Report for 'mp_mul_141_1'
================================================================
* Date:           Tue May 20 14:31:57 2025

* Version:        2024.2.2 (Build 6049644 on Mar  5 2025)
* Project:        sikep503_hls
* Solution:       solution1 (Vivado IP Flow Target)
* Product family: zynq
* Target device:  xc7z020-clg484-1


================================================================
== Performance Estimates
================================================================
+ Timing: 
    * Summary: 
    +--------+----------+----------+------------+
    |  Clock |  Target  | Estimated| Uncertainty|
    +--------+----------+----------+------------+
    |ap_clk  |  10.00 ns|  7.040 ns|     2.70 ns|
    +--------+----------+----------+------------+

+ Latency: 
    * Summary: 
    +---------+---------+----------+----------+-----+-----+---------+
    |  Latency (cycles) |  Latency (absolute) |  Interval | Pipeline|
    |   min   |   max   |    min   |    max   | min | max |   Type  |
    +---------+---------+----------+----------+-----+-----+---------+
    |      227|      325|  2.270 us|  3.250 us|  227|  325|       no|
    +---------+---------+----------+----------+-----+-----+---------+

    + Detail: 
        * Instance: 
        +---------------------------------------------------+----------------------------------------+---------+---------+----------+----------+-----+-----+------------------------------------------------+
        |                                                   |                                        |  Latency (cycles) |  Latency (absolute) |  Interval |                    Pipeline                    |
        |                      Instance                     |                 Module                 |   min   |   max   |    min   |    max   | min | max |                      Type                      |
        +---------------------------------------------------+----------------------------------------+---------+---------+----------+----------+-----+-----+------------------------------------------------+
        |grp_mp_mul_141_1_Pipeline_VITIS_LOOP_144_2_fu_124  |mp_mul_141_1_Pipeline_VITIS_LOOP_144_2  |       11|       18|  0.110 us|  0.180 us|    2|    9|  loop auto-rewind stp (delay=0 clock cycles(s))|
        |grp_mp_mul_141_1_Pipeline_VITIS_LOOP_157_4_fu_139  |mp_mul_141_1_Pipeline_VITIS_LOOP_157_4  |       11|       17|  0.110 us|  0.170 us|    2|    8|  loop auto-rewind stp (delay=0 clock cycles(s))|
        +---------------------------------------------------+----------------------------------------+---------+---------+----------+----------+-----+-----+------------------------------------------------+

        * Loop: 
        +--------------------+---------+---------+----------+-----------+-----------+------+----------+
        |                    |  Latency (cycles) | Iteration|  Initiation Interval  | Trip |          |
        |      Loop Name     |   min   |   max   |  Latency |  achieved |   target  | Count| Pipelined|
        +--------------------+---------+---------+----------+-----------+-----------+------+----------+
        |- VITIS_LOOP_143_1  |      120|      176|   15 ~ 22|          -|          -|     8|        no|
        |- VITIS_LOOP_156_3  |      105|      147|   15 ~ 21|          -|          -|     7|        no|
        +--------------------+---------+---------+----------+-----------+-----------+------+----------+

============================================================
+ Verbose Summary: Synthesis Manager
============================================================
InlineROM: 1
ExposeGlobal: 0
============================================================
+ Verbose Summary: CDFG Model
============================================================
IsTopModel: 0
ResetActiveHigh: 1
IsCombinational: 0
IsDatapathOnly: 0
HasWiredReturn: 1
HasMFsm: 0
HasVarLatency: 1
IsPipeline: 0
IsRtlPipelined: 0
IsInstanceOverlapped: 0
IsDontTouch: 0
HasImplIP: 0
IsGatedGlobalClock: 0


============================================================
+ Verbose Summary: Schedule
============================================================
* Number of FSM states : 9
* Pipeline : 0
* Dataflow Pipeline: 0

* FSM state transitions: 
1 --> 2 
2 --> 3 6 
3 --> 4 
4 --> 5 
5 --> 2 
6 --> 7 
7 --> 8 
8 --> 9 
9 --> 6 

* FSM state operations: 

State 1 <SV = 0> <Delay = 1.58>
ST_1 : Operation 10 [1/1] (0.00ns)   --->   "%indvars_iv31 = alloca i32 1"   --->   Operation 10 'alloca' 'indvars_iv31' <Predicate = true> <Delay = 0.00>
ST_1 : Operation 11 [1/1] (0.00ns)   --->   "%i = alloca i32 1" [src/generic/fp_generic.c:139]   --->   Operation 11 'alloca' 'i' <Predicate = true> <Delay = 0.00>
ST_1 : Operation 12 [1/1] (0.00ns)   --->   "%u_016 = alloca i32 1" [src/generic/fp_generic.c:140]   --->   Operation 12 'alloca' 'u_016' <Predicate = true> <Delay = 0.00>
ST_1 : Operation 13 [1/1] (0.00ns)   --->   "%v_017 = alloca i32 1" [src/generic/fp_generic.c:140]   --->   Operation 13 'alloca' 'v_017' <Predicate = true> <Delay = 0.00>
ST_1 : Operation 14 [1/1] (0.00ns)   --->   "%b_offset_read = read i1 @_ssdm_op_Read.ap_auto.i1, i1 %b_offset"   --->   Operation 14 'read' 'b_offset_read' <Predicate = true> <Delay = 0.00>
ST_1 : Operation 15 [1/1] (0.00ns)   --->   "%t_33_loc = alloca i32 1"   --->   Operation 15 'alloca' 't_33_loc' <Predicate = true> <Delay = 0.00>
ST_1 : Operation 16 [1/1] (0.00ns)   --->   "%v_35_loc = alloca i32 1"   --->   Operation 16 'alloca' 'v_35_loc' <Predicate = true> <Delay = 0.00>
ST_1 : Operation 17 [1/1] (0.00ns)   --->   "%v_114_loc = alloca i32 1"   --->   Operation 17 'alloca' 'v_114_loc' <Predicate = true> <Delay = 0.00>
ST_1 : Operation 18 [1/1] (0.00ns)   --->   "%tmp_s = bitconcatenate i4 @_ssdm_op_BitConcatenate.i4.i1.i3, i1 %b_offset_read, i3 0" [src/generic/fp_generic.c:145]   --->   Operation 18 'bitconcatenate' 'tmp_s' <Predicate = true> <Delay = 0.00>
ST_1 : Operation 19 [1/1] (0.00ns)   --->   "%store_ln140 = store i64 0, i64 %v_017" [src/generic/fp_generic.c:140]   --->   Operation 19 'store' 'store_ln140' <Predicate = true> <Delay = 0.00>
ST_1 : Operation 20 [1/1] (0.00ns)   --->   "%store_ln140 = store i4 0, i4 %u_016" [src/generic/fp_generic.c:140]   --->   Operation 20 'store' 'store_ln140' <Predicate = true> <Delay = 0.00>
ST_1 : Operation 21 [1/1] (1.58ns)   --->   "%store_ln139 = store i4 0, i4 %i" [src/generic/fp_generic.c:139]   --->   Operation 21 'store' 'store_ln139' <Predicate = true> <Delay = 1.58>
ST_1 : Operation 22 [1/1] (1.58ns)   --->   "%store_ln0 = store i4 1, i4 %indvars_iv31"   --->   Operation 22 'store' 'store_ln0' <Predicate = true> <Delay = 1.58>
ST_1 : Operation 23 [1/1] (0.00ns)   --->   "%br_ln143 = br void %VITIS_LOOP_144_2" [src/generic/fp_generic.c:143]   --->   Operation 23 'br' 'br_ln143' <Predicate = true> <Delay = 0.00>

State 2 <SV = 1> <Delay = 3.32>
ST_2 : Operation 24 [1/1] (0.00ns)   --->   "%i_79 = load i4 %i" [src/generic/fp_generic.c:143]   --->   Operation 24 'load' 'i_79' <Predicate = true> <Delay = 0.00>
ST_2 : Operation 25 [1/1] (0.00ns)   --->   "%u = load i4 %u_016"   --->   Operation 25 'load' 'u' <Predicate = true> <Delay = 0.00>
ST_2 : Operation 26 [1/1] (0.00ns)   --->   "%v_200 = load i64 %v_017"   --->   Operation 26 'load' 'v_200' <Predicate = true> <Delay = 0.00>
ST_2 : Operation 27 [1/1] (1.73ns)   --->   "%icmp_ln143 = icmp_eq  i4 %i_79, i4 8" [src/generic/fp_generic.c:143]   --->   Operation 27 'icmp' 'icmp_ln143' <Predicate = true> <Delay = 1.73> <CoreInst = "Cmp">   --->   Core 9 'Cmp' <Latency = 0> <II = 1> <Delay = 1.73> <FuncUnit> <Opcode : 'seteq' 'setne' 'setle' 'setge' 'setlt' 'setgt'> <InPorts = 2> <OutPorts = 1>
ST_2 : Operation 28 [1/1] (1.73ns)   --->   "%add_ln143 = add i4 %i_79, i4 1" [src/generic/fp_generic.c:143]   --->   Operation 28 'add' 'add_ln143' <Predicate = true> <Delay = 1.73> <CoreInst = "Adder">   --->   Core 1 'Adder' <Latency = 0> <II = 1> <Delay = 1.73> <FuncUnit> <Opcode : 'add' 'sub'> <InPorts = 2> <OutPorts = 1>
ST_2 : Operation 29 [1/1] (0.00ns)   --->   "%br_ln143 = br i1 %icmp_ln143, void %VITIS_LOOP_144_2.split, void %VITIS_LOOP_157_4.preheader" [src/generic/fp_generic.c:143]   --->   Operation 29 'br' 'br_ln143' <Predicate = true> <Delay = 0.00>
ST_2 : Operation 30 [1/1] (0.00ns)   --->   "%trunc_ln143 = trunc i4 %i_79" [src/generic/fp_generic.c:143]   --->   Operation 30 'trunc' 'trunc_ln143' <Predicate = (!icmp_ln143)> <Delay = 0.00>
ST_2 : Operation 31 [1/1] (1.58ns)   --->   "%store_ln139 = store i4 %add_ln143, i4 %i" [src/generic/fp_generic.c:139]   --->   Operation 31 'store' 'store_ln139' <Predicate = (!icmp_ln143)> <Delay = 1.58>
ST_2 : Operation 32 [1/1] (0.00ns)   --->   "%u_29 = alloca i32 1" [src/generic/fp_generic.c:140]   --->   Operation 32 'alloca' 'u_29' <Predicate = (icmp_ln143)> <Delay = 0.00>
ST_2 : Operation 33 [1/1] (0.00ns)   --->   "%v = alloca i32 1" [src/generic/fp_generic.c:140]   --->   Operation 33 'alloca' 'v' <Predicate = (icmp_ln143)> <Delay = 0.00>
ST_2 : Operation 34 [1/1] (0.00ns)   --->   "%indvars_iv = alloca i32 1"   --->   Operation 34 'alloca' 'indvars_iv' <Predicate = (icmp_ln143)> <Delay = 0.00>
ST_2 : Operation 35 [1/1] (0.00ns)   --->   "%i_25 = alloca i32 1" [src/generic/fp_generic.c:139]   --->   Operation 35 'alloca' 'i_25' <Predicate = (icmp_ln143)> <Delay = 0.00>
ST_2 : Operation 36 [1/1] (1.58ns)   --->   "%store_ln139 = store i4 8, i4 %i_25" [src/generic/fp_generic.c:139]   --->   Operation 36 'store' 'store_ln139' <Predicate = (icmp_ln143)> <Delay = 1.58>
ST_2 : Operation 37 [1/1] (1.58ns)   --->   "%store_ln0 = store i4 1, i4 %indvars_iv"   --->   Operation 37 'store' 'store_ln0' <Predicate = (icmp_ln143)> <Delay = 1.58>
ST_2 : Operation 38 [1/1] (0.00ns)   --->   "%store_ln140 = store i64 %v_200, i64 %v" [src/generic/fp_generic.c:140]   --->   Operation 38 'store' 'store_ln140' <Predicate = (icmp_ln143)> <Delay = 0.00>
ST_2 : Operation 39 [1/1] (1.58ns)   --->   "%store_ln140 = store i4 %u, i4 %u_29" [src/generic/fp_generic.c:140]   --->   Operation 39 'store' 'store_ln140' <Predicate = (icmp_ln143)> <Delay = 1.58>
ST_2 : Operation 40 [1/1] (0.00ns)   --->   "%br_ln156 = br void %VITIS_LOOP_157_4" [src/generic/fp_generic.c:156]   --->   Operation 40 'br' 'br_ln156' <Predicate = (icmp_ln143)> <Delay = 0.00>

State 3 <SV = 2> <Delay = 3.32>
ST_3 : Operation 41 [1/1] (0.00ns)   --->   "%indvars_iv31_load = load i4 %indvars_iv31" [src/generic/fp_generic.c:143]   --->   Operation 41 'load' 'indvars_iv31_load' <Predicate = true> <Delay = 0.00>
ST_3 : Operation 42 [2/2] (3.32ns)   --->   "%call_ln143 = call void @mp_mul.141.1_Pipeline_VITIS_LOOP_144_2, i64 %v_200, i4 %u, i4 %indvars_iv31_load, i1 %b_offset_read, i64 %b, i3 %trunc_ln143, i4 %tmp_s, i64 %v_114_loc, i64 %v_017, i4 %u_016" [src/generic/fp_generic.c:143]   --->   Operation 42 'call' 'call_ln143' <Predicate = true> <Delay = 3.32> <CoreType = "Generic">   --->   Generic Core
ST_3 : Operation 43 [1/1] (1.73ns)   --->   "%add_ln143_13 = add i4 %indvars_iv31_load, i4 1" [src/generic/fp_generic.c:143]   --->   Operation 43 'add' 'add_ln143_13' <Predicate = true> <Delay = 1.73> <CoreInst = "Adder">   --->   Core 1 'Adder' <Latency = 0> <II = 1> <Delay = 1.73> <FuncUnit> <Opcode : 'add' 'sub'> <InPorts = 2> <OutPorts = 1>
ST_3 : Operation 44 [1/1] (1.58ns)   --->   "%store_ln143 = store i4 %add_ln143_13, i4 %indvars_iv31" [src/generic/fp_generic.c:143]   --->   Operation 44 'store' 'store_ln143' <Predicate = true> <Delay = 1.58>

State 4 <SV = 3> <Delay = 0.00>
ST_4 : Operation 45 [1/2] (0.00ns)   --->   "%call_ln143 = call void @mp_mul.141.1_Pipeline_VITIS_LOOP_144_2, i64 %v_200, i4 %u, i4 %indvars_iv31_load, i1 %b_offset_read, i64 %b, i3 %trunc_ln143, i4 %tmp_s, i64 %v_114_loc, i64 %v_017, i4 %u_016" [src/generic/fp_generic.c:143]   --->   Operation 45 'call' 'call_ln143' <Predicate = true> <Delay = 0.00> <CoreType = "Generic">   --->   Generic Core

State 5 <SV = 4> <Delay = 3.25>
ST_5 : Operation 46 [1/1] (0.00ns)   --->   "%speclooptripcount_ln140 = speclooptripcount void @_ssdm_op_SpecLoopTripCount, i64 8, i64 8, i64 8" [src/generic/fp_generic.c:140]   --->   Operation 46 'speclooptripcount' 'speclooptripcount_ln140' <Predicate = true> <Delay = 0.00>
ST_5 : Operation 47 [1/1] (0.00ns)   --->   "%specloopname_ln143 = specloopname void @_ssdm_op_SpecLoopName, void @empty" [src/generic/fp_generic.c:143]   --->   Operation 47 'specloopname' 'specloopname_ln143' <Predicate = true> <Delay = 0.00>
ST_5 : Operation 48 [1/1] (0.00ns)   --->   "%v_114_loc_load = load i64 %v_114_loc"   --->   Operation 48 'load' 'v_114_loc_load' <Predicate = true> <Delay = 0.00>
ST_5 : Operation 49 [1/1] (0.00ns)   --->   "%zext_ln150 = zext i3 %trunc_ln143" [src/generic/fp_generic.c:150]   --->   Operation 49 'zext' 'zext_ln150' <Predicate = true> <Delay = 0.00>
ST_5 : Operation 50 [1/1] (0.00ns)   --->   "%c_addr_25 = getelementptr i64 %c, i32 0, i32 %zext_ln150" [src/generic/fp_generic.c:150]   --->   Operation 50 'getelementptr' 'c_addr_25' <Predicate = true> <Delay = 0.00>
ST_5 : Operation 51 [1/1] ( I:3.25ns O:3.25ns )   --->   "%store_ln150 = store i64 %v_114_loc_load, i4 %c_addr_25" [src/generic/fp_generic.c:150]   --->   Operation 51 'store' 'store_ln150' <Predicate = true> <Delay = 3.25> <CoreInst = "RAM">   --->   Core 81 'RAM' <Latency = 1> <II = 1> <Delay = 3.25> <Storage> <Opcode : 'load' 'store'> <Ports = 2> <Width = 64> <Depth = 16> <RAM>
ST_5 : Operation 52 [1/1] (0.00ns)   --->   "%br_ln143 = br void %VITIS_LOOP_144_2" [src/generic/fp_generic.c:143]   --->   Operation 52 'br' 'br_ln143' <Predicate = true> <Delay = 0.00>

State 6 <SV = 2> <Delay = 4.98>
ST_6 : Operation 53 [1/1] (0.00ns)   --->   "%i_80 = load i4 %i_25" [src/generic/fp_generic.c:156]   --->   Operation 53 'load' 'i_80' <Predicate = true> <Delay = 0.00>
ST_6 : Operation 54 [1/1] (1.73ns)   --->   "%icmp_ln156 = icmp_eq  i4 %i_80, i4 15" [src/generic/fp_generic.c:156]   --->   Operation 54 'icmp' 'icmp_ln156' <Predicate = true> <Delay = 1.73> <CoreInst = "Cmp">   --->   Core 9 'Cmp' <Latency = 0> <II = 1> <Delay = 1.73> <FuncUnit> <Opcode : 'seteq' 'setne' 'setle' 'setge' 'setlt' 'setgt'> <InPorts = 2> <OutPorts = 1>
ST_6 : Operation 55 [1/1] (0.00ns)   --->   "%br_ln156 = br i1 %icmp_ln156, void %VITIS_LOOP_157_4.split, void %for.end65" [src/generic/fp_generic.c:156]   --->   Operation 55 'br' 'br_ln156' <Predicate = true> <Delay = 0.00>
ST_6 : Operation 56 [1/1] (0.00ns)   --->   "%v_load = load i64 %v"   --->   Operation 56 'load' 'v_load' <Predicate = (!icmp_ln156)> <Delay = 0.00>
ST_6 : Operation 57 [1/1] (1.73ns)   --->   "%add_ln156 = add i4 %i_80, i4 1" [src/generic/fp_generic.c:156]   --->   Operation 57 'add' 'add_ln156' <Predicate = (!icmp_ln156)> <Delay = 1.73> <CoreInst = "Adder">   --->   Core 1 'Adder' <Latency = 0> <II = 1> <Delay = 1.73> <FuncUnit> <Opcode : 'add' 'sub'> <InPorts = 2> <OutPorts = 1>
ST_6 : Operation 58 [1/1] (1.58ns)   --->   "%store_ln139 = store i4 %add_ln156, i4 %i_25" [src/generic/fp_generic.c:139]   --->   Operation 58 'store' 'store_ln139' <Predicate = (!icmp_ln156)> <Delay = 1.58>
ST_6 : Operation 59 [1/1] (0.00ns)   --->   "%v_load48 = load i64 %v" [src/generic/fp_generic.c:168]   --->   Operation 59 'load' 'v_load48' <Predicate = (icmp_ln156)> <Delay = 0.00>
ST_6 : Operation 60 [1/1] (0.00ns)   --->   "%c_addr = getelementptr i64 %c, i32 0, i32 15" [src/generic/fp_generic.c:168]   --->   Operation 60 'getelementptr' 'c_addr' <Predicate = (icmp_ln156)> <Delay = 0.00>
ST_6 : Operation 61 [1/1] ( I:3.25ns O:3.25ns )   --->   "%store_ln168 = store i64 %v_load48, i4 %c_addr" [src/generic/fp_generic.c:168]   --->   Operation 61 'store' 'store_ln168' <Predicate = (icmp_ln156)> <Delay = 3.25> <CoreInst = "RAM">   --->   Core 81 'RAM' <Latency = 1> <II = 1> <Delay = 3.25> <Storage> <Opcode : 'load' 'store'> <Ports = 2> <Width = 64> <Depth = 16> <RAM>
ST_6 : Operation 62 [1/1] (0.00ns)   --->   "%ret_ln169 = ret" [src/generic/fp_generic.c:169]   --->   Operation 62 'ret' 'ret_ln169' <Predicate = (icmp_ln156)> <Delay = 0.00>

State 7 <SV = 3> <Delay = 4.91>
ST_7 : Operation 63 [1/1] (0.00ns)   --->   "%u_29_load = load i4 %u_29"   --->   Operation 63 'load' 'u_29_load' <Predicate = true> <Delay = 0.00>
ST_7 : Operation 64 [1/1] (0.00ns)   --->   "%indvars_iv_load = load i4 %indvars_iv" [src/generic/fp_generic.c:156]   --->   Operation 64 'load' 'indvars_iv_load' <Predicate = true> <Delay = 0.00>
ST_7 : Operation 65 [1/1] (0.00ns)   --->   "%trunc_ln156 = trunc i4 %indvars_iv_load" [src/generic/fp_generic.c:156]   --->   Operation 65 'trunc' 'trunc_ln156' <Predicate = true> <Delay = 0.00>
ST_7 : Operation 66 [2/2] (4.91ns)   --->   "%call_ln156 = call void @mp_mul.141.1_Pipeline_VITIS_LOOP_157_4, i3 %trunc_ln156, i64 %v_load, i4 %u_29_load, i4 %tmp_s, i64 %b, i4 %i_80, i64 %v_35_loc, i64 %v, i3 %t_33_loc" [src/generic/fp_generic.c:156]   --->   Operation 66 'call' 'call_ln156' <Predicate = true> <Delay = 4.91> <CoreType = "Generic">   --->   Generic Core
ST_7 : Operation 67 [1/1] (1.73ns)   --->   "%add_ln156_13 = add i4 %indvars_iv_load, i4 1" [src/generic/fp_generic.c:156]   --->   Operation 67 'add' 'add_ln156_13' <Predicate = true> <Delay = 1.73> <CoreInst = "Adder">   --->   Core 1 'Adder' <Latency = 0> <II = 1> <Delay = 1.73> <FuncUnit> <Opcode : 'add' 'sub'> <InPorts = 2> <OutPorts = 1>
ST_7 : Operation 68 [1/1] (1.58ns)   --->   "%store_ln156 = store i4 %add_ln156_13, i4 %indvars_iv" [src/generic/fp_generic.c:156]   --->   Operation 68 'store' 'store_ln156' <Predicate = true> <Delay = 1.58>

State 8 <SV = 4> <Delay = 0.00>
ST_8 : Operation 69 [1/2] (0.00ns)   --->   "%call_ln156 = call void @mp_mul.141.1_Pipeline_VITIS_LOOP_157_4, i3 %trunc_ln156, i64 %v_load, i4 %u_29_load, i4 %tmp_s, i64 %b, i4 %i_80, i64 %v_35_loc, i64 %v, i3 %t_33_loc" [src/generic/fp_generic.c:156]   --->   Operation 69 'call' 'call_ln156' <Predicate = true> <Delay = 0.00> <CoreType = "Generic">   --->   Generic Core

State 9 <SV = 5> <Delay = 3.25>
ST_9 : Operation 70 [1/1] (0.00ns)   --->   "%speclooptripcount_ln139 = speclooptripcount void @_ssdm_op_SpecLoopTripCount, i64 7, i64 7, i64 7" [src/generic/fp_generic.c:139]   --->   Operation 70 'speclooptripcount' 'speclooptripcount_ln139' <Predicate = true> <Delay = 0.00>
ST_9 : Operation 71 [1/1] (0.00ns)   --->   "%specloopname_ln156 = specloopname void @_ssdm_op_SpecLoopName, void @empty_74" [src/generic/fp_generic.c:156]   --->   Operation 71 'specloopname' 'specloopname_ln156' <Predicate = true> <Delay = 0.00>
ST_9 : Operation 72 [1/1] (0.00ns)   --->   "%v_35_loc_load = load i64 %v_35_loc"   --->   Operation 72 'load' 'v_35_loc_load' <Predicate = true> <Delay = 0.00>
ST_9 : Operation 73 [1/1] (0.00ns)   --->   "%t_33_loc_load = load i3 %t_33_loc"   --->   Operation 73 'load' 't_33_loc_load' <Predicate = true> <Delay = 0.00>
ST_9 : Operation 74 [1/1] (0.00ns)   --->   "%zext_ln157 = zext i3 %t_33_loc_load" [src/generic/fp_generic.c:157]   --->   Operation 74 'zext' 'zext_ln157' <Predicate = true> <Delay = 0.00>
ST_9 : Operation 75 [1/1] (0.00ns)   --->   "%zext_ln163 = zext i4 %i_80" [src/generic/fp_generic.c:163]   --->   Operation 75 'zext' 'zext_ln163' <Predicate = true> <Delay = 0.00>
ST_9 : Operation 76 [1/1] (0.00ns)   --->   "%c_addr_26 = getelementptr i64 %c, i32 0, i32 %zext_ln163" [src/generic/fp_generic.c:163]   --->   Operation 76 'getelementptr' 'c_addr_26' <Predicate = true> <Delay = 0.00>
ST_9 : Operation 77 [1/1] ( I:3.25ns O:3.25ns )   --->   "%store_ln163 = store i64 %v_35_loc_load, i4 %c_addr_26" [src/generic/fp_generic.c:163]   --->   Operation 77 'store' 'store_ln163' <Predicate = true> <Delay = 3.25> <CoreInst = "RAM">   --->   Core 81 'RAM' <Latency = 1> <II = 1> <Delay = 3.25> <Storage> <Opcode : 'load' 'store'> <Ports = 2> <Width = 64> <Depth = 16> <RAM>
ST_9 : Operation 78 [1/1] (1.58ns)   --->   "%store_ln140 = store i4 %zext_ln157, i4 %u_29" [src/generic/fp_generic.c:140]   --->   Operation 78 'store' 'store_ln140' <Predicate = true> <Delay = 1.58>
ST_9 : Operation 79 [1/1] (0.00ns)   --->   "%br_ln156 = br void %VITIS_LOOP_157_4" [src/generic/fp_generic.c:156]   --->   Operation 79 'br' 'br_ln156' <Predicate = true> <Delay = 0.00>


============================================================
+ Verbose Summary: Binding
============================================================
STG Binding: 
---------------- STG Properties BEGIN ----------------
- Is combinational: 0
- Is one-state seq: 0
- Is datapath-only: 0
- Is pipelined: 0
- Is top level: 0
Port [ Return ] is wired: 1; IO mode=ap_ctrl_hs:ce=0
Port [ b]:  wired=1; compound=1; hidden=0; nouse=0; global=0; static=0; extern=0; dir=0; type=1; pingpong=0; private_global=0; MemPort=[11]; IO mode=ap_memory:ce=0
Port [ b_offset]:  wired=1; compound=0; hidden=0; nouse=0; global=0; static=0; extern=0; dir=0; type=0; pingpong=0; private_global=0; IO mode=ap_none:ce=0
Port [ c]:  wired=1; compound=1; hidden=0; nouse=0; global=0; static=0; extern=0; dir=1; type=1; pingpong=0; private_global=0; MemPort=[03]; IO mode=ap_memory:ce=0
---------------- STG Properties END ------------------

---------------- Datapath Model BEGIN ----------------

<LifeTime>
<method=bitvector/>
indvars_iv31            (alloca           ) [ 0111110000]
i                       (alloca           ) [ 0111110000]
u_016                   (alloca           ) [ 0111110000]
v_017                   (alloca           ) [ 0111110000]
b_offset_read           (read             ) [ 0011110000]
t_33_loc                (alloca           ) [ 0011111111]
v_35_loc                (alloca           ) [ 0011111111]
v_114_loc               (alloca           ) [ 0011110000]
tmp_s                   (bitconcatenate   ) [ 0011111111]
store_ln140             (store            ) [ 0000000000]
store_ln140             (store            ) [ 0000000000]
store_ln139             (store            ) [ 0000000000]
store_ln0               (store            ) [ 0000000000]
br_ln143                (br               ) [ 0000000000]
i_79                    (load             ) [ 0000000000]
u                       (load             ) [ 0001100000]
v_200                   (load             ) [ 0001100000]
icmp_ln143              (icmp             ) [ 0011110000]
add_ln143               (add              ) [ 0000000000]
br_ln143                (br               ) [ 0000000000]
trunc_ln143             (trunc            ) [ 0001110000]
store_ln139             (store            ) [ 0000000000]
u_29                    (alloca           ) [ 0011111111]
v                       (alloca           ) [ 0011111111]
indvars_iv              (alloca           ) [ 0011111111]
i_25                    (alloca           ) [ 0011111111]
store_ln139             (store            ) [ 0000000000]
store_ln0               (store            ) [ 0000000000]
store_ln140             (store            ) [ 0000000000]
store_ln140             (store            ) [ 0000000000]
br_ln156                (br               ) [ 0000000000]
indvars_iv31_load       (load             ) [ 0000100000]
add_ln143_13            (add              ) [ 0000000000]
store_ln143             (store            ) [ 0000000000]
call_ln143              (call             ) [ 0000000000]
speclooptripcount_ln140 (speclooptripcount) [ 0000000000]
specloopname_ln143      (specloopname     ) [ 0000000000]
v_114_loc_load          (load             ) [ 0000000000]
zext_ln150              (zext             ) [ 0000000000]
c_addr_25               (getelementptr    ) [ 0000000000]
store_ln150             (store            ) [ 0000000000]
br_ln143                (br               ) [ 0000000000]
i_80                    (load             ) [ 0000000111]
icmp_ln156              (icmp             ) [ 0000001111]
br_ln156                (br               ) [ 0000000000]
v_load                  (load             ) [ 0000000110]
add_ln156               (add              ) [ 0000000000]
store_ln139             (store            ) [ 0000000000]
v_load48                (load             ) [ 0000000000]
c_addr                  (getelementptr    ) [ 0000000000]
store_ln168             (store            ) [ 0000000000]
ret_ln169               (ret              ) [ 0000000000]
u_29_load               (load             ) [ 0000000010]
indvars_iv_load         (load             ) [ 0000000000]
trunc_ln156             (trunc            ) [ 0000000010]
add_ln156_13            (add              ) [ 0000000000]
store_ln156             (store            ) [ 0000000000]
call_ln156              (call             ) [ 0000000000]
speclooptripcount_ln139 (speclooptripcount) [ 0000000000]
specloopname_ln156      (specloopname     ) [ 0000000000]
v_35_loc_load           (load             ) [ 0000000000]
t_33_loc_load           (load             ) [ 0000000000]
zext_ln157              (zext             ) [ 0000000000]
zext_ln163              (zext             ) [ 0000000000]
c_addr_26               (getelementptr    ) [ 0000000000]
store_ln163             (store            ) [ 0000000000]
store_ln140             (store            ) [ 0000000000]
br_ln156                (br               ) [ 0000000000]
</LifeTime>

<model>

<comp_list>
<comp id="0" class="1000" name="b">
<pin_list>
<pin id="1" dir="1" index="0" bw="1" slack="0"/>
</pin_list>
<bind>
<StgValue><ssdm name="b"/><MemPortTyVec>1 1 </MemPortTyVec>
</StgValue>
</bind>
</comp>

<comp id="2" class="1000" name="b_offset">
<pin_list>
<pin id="3" dir="1" index="0" bw="1" slack="0"/>
</pin_list>
<bind>
<StgValue><ssdm name="b_offset"/></StgValue>
</bind>
</comp>

<comp id="4" class="1000" name="c">
<pin_list>
<pin id="5" dir="1" index="0" bw="1" slack="0"/>
</pin_list>
<bind>
<StgValue><ssdm name="c"/><MemPortTyVec>0 3 </MemPortTyVec>
</StgValue>
</bind>
</comp>

<comp id="6" class="1001" name="const_6">
<pin_list>
<pin id="7" dir="1" index="0" bw="1" slack="0"/>
</pin_list>
<bind>
<StgValue><ssdm name=""/></StgValue>
</bind>
</comp>

<comp id="8" class="1001" name="const_8">
<pin_list>
<pin id="9" dir="1" index="0" bw="1" slack="0"/>
</pin_list>
<bind>
<StgValue><ssdm name="_ssdm_op_Read.ap_auto.i1"/></StgValue>
</bind>
</comp>

<comp id="10" class="1001" name="const_10">
<pin_list>
<pin id="11" dir="1" index="0" bw="1" slack="0"/>
</pin_list>
<bind>
<StgValue><ssdm name="_ssdm_op_BitConcatenate.i4.i1.i3"/></StgValue>
</bind>
</comp>

<comp id="12" class="1001" name="const_12">
<pin_list>
<pin id="13" dir="1" index="0" bw="1" slack="0"/>
</pin_list>
<bind>
<StgValue><ssdm name=""/></StgValue>
</bind>
</comp>

<comp id="14" class="1001" name="const_14">
<pin_list>
<pin id="15" dir="1" index="0" bw="1" slack="0"/>
</pin_list>
<bind>
<StgValue><ssdm name=""/></StgValue>
</bind>
</comp>

<comp id="16" class="1001" name="const_16">
<pin_list>
<pin id="17" dir="1" index="0" bw="1" slack="0"/>
</pin_list>
<bind>
<StgValue><ssdm name=""/></StgValue>
</bind>
</comp>

<comp id="18" class="1001" name="const_18">
<pin_list>
<pin id="19" dir="1" index="0" bw="1" slack="0"/>
</pin_list>
<bind>
<StgValue><ssdm name=""/></StgValue>
</bind>
</comp>

<comp id="20" class="1001" name="const_20">
<pin_list>
<pin id="21" dir="1" index="0" bw="1" slack="0"/>
</pin_list>
<bind>
<StgValue><ssdm name=""/></StgValue>
</bind>
</comp>

<comp id="22" class="1001" name="const_22">
<pin_list>
<pin id="23" dir="1" index="0" bw="1" slack="0"/>
</pin_list>
<bind>
<StgValue><ssdm name="mp_mul.141.1_Pipeline_VITIS_LOOP_144_2"/></StgValue>
</bind>
</comp>

<comp id="24" class="1001" name="const_24">
<pin_list>
<pin id="25" dir="1" index="0" bw="1" slack="2147483647"/>
</pin_list>
<bind>
<StgValue><ssdm name="_ssdm_op_SpecLoopTripCount"/></StgValue>
</bind>
</comp>

<comp id="26" class="1001" name="const_26">
<pin_list>
<pin id="27" dir="1" index="0" bw="1" slack="2147483647"/>
</pin_list>
<bind>
<StgValue><ssdm name=""/></StgValue>
</bind>
</comp>

<comp id="28" class="1001" name="const_28">
<pin_list>
<pin id="29" dir="1" index="0" bw="1" slack="2147483647"/>
</pin_list>
<bind>
<StgValue><ssdm name="_ssdm_op_SpecLoopName"/></StgValue>
</bind>
</comp>

<comp id="30" class="1001" name="const_30">
<pin_list>
<pin id="31" dir="1" index="0" bw="1" slack="2147483647"/>
</pin_list>
<bind>
<StgValue><ssdm name="empty"/></StgValue>
</bind>
</comp>

<comp id="32" class="1001" name="const_32">
<pin_list>
<pin id="33" dir="1" index="0" bw="1" slack="0"/>
</pin_list>
<bind>
<StgValue><ssdm name=""/></StgValue>
</bind>
</comp>

<comp id="34" class="1001" name="const_34">
<pin_list>
<pin id="35" dir="1" index="0" bw="1" slack="0"/>
</pin_list>
<bind>
<StgValue><ssdm name=""/></StgValue>
</bind>
</comp>

<comp id="36" class="1001" name="const_36">
<pin_list>
<pin id="37" dir="1" index="0" bw="1" slack="0"/>
</pin_list>
<bind>
<StgValue><ssdm name=""/></StgValue>
</bind>
</comp>

<comp id="38" class="1001" name="const_38">
<pin_list>
<pin id="39" dir="1" index="0" bw="1" slack="0"/>
</pin_list>
<bind>
<StgValue><ssdm name="mp_mul.141.1_Pipeline_VITIS_LOOP_157_4"/></StgValue>
</bind>
</comp>

<comp id="40" class="1001" name="const_40">
<pin_list>
<pin id="41" dir="1" index="0" bw="1" slack="2147483647"/>
</pin_list>
<bind>
<StgValue><ssdm name=""/></StgValue>
</bind>
</comp>

<comp id="42" class="1001" name="const_42">
<pin_list>
<pin id="43" dir="1" index="0" bw="1" slack="2147483647"/>
</pin_list>
<bind>
<StgValue><ssdm name="empty_74"/></StgValue>
</bind>
</comp>

<comp id="44" class="1004" name="indvars_iv31_fu_44">
<pin_list>
<pin id="45" dir="0" index="0" bw="1" slack="0"/>
<pin id="46" dir="1" index="1" bw="4" slack="0"/>
</pin_list>
<bind>
<opcode="alloca(26) " fcode="alloca"/>
<opset="indvars_iv31/1 "/>
</bind>
</comp>

<comp id="48" class="1004" name="i_fu_48">
<pin_list>
<pin id="49" dir="0" index="0" bw="1" slack="0"/>
<pin id="50" dir="1" index="1" bw="4" slack="0"/>
</pin_list>
<bind>
<opcode="alloca(26) " fcode="alloca"/>
<opset="i/1 "/>
</bind>
</comp>

<comp id="52" class="1004" name="u_016_fu_52">
<pin_list>
<pin id="53" dir="0" index="0" bw="1" slack="0"/>
<pin id="54" dir="1" index="1" bw="4" slack="0"/>
</pin_list>
<bind>
<opcode="alloca(26) " fcode="alloca"/>
<opset="u_016/1 "/>
</bind>
</comp>

<comp id="56" class="1004" name="v_017_fu_56">
<pin_list>
<pin id="57" dir="0" index="0" bw="1" slack="0"/>
<pin id="58" dir="1" index="1" bw="64" slack="0"/>
</pin_list>
<bind>
<opcode="alloca(26) " fcode="alloca"/>
<opset="v_017/1 "/>
</bind>
</comp>

<comp id="60" class="1004" name="t_33_loc_fu_60">
<pin_list>
<pin id="61" dir="0" index="0" bw="1" slack="0"/>
<pin id="62" dir="1" index="1" bw="3" slack="3"/>
</pin_list>
<bind>
<opcode="alloca(26) " fcode="alloca"/>
<opset="t_33_loc/1 "/>
</bind>
</comp>

<comp id="64" class="1004" name="v_35_loc_fu_64">
<pin_list>
<pin id="65" dir="0" index="0" bw="1" slack="0"/>
<pin id="66" dir="1" index="1" bw="64" slack="3"/>
</pin_list>
<bind>
<opcode="alloca(26) " fcode="alloca"/>
<opset="v_35_loc/1 "/>
</bind>
</comp>

<comp id="68" class="1004" name="v_114_loc_fu_68">
<pin_list>
<pin id="69" dir="0" index="0" bw="1" slack="0"/>
<pin id="70" dir="1" index="1" bw="64" slack="2"/>
</pin_list>
<bind>
<opcode="alloca(26) " fcode="alloca"/>
<opset="v_114_loc/1 "/>
</bind>
</comp>

<comp id="72" class="1004" name="u_29_fu_72">
<pin_list>
<pin id="73" dir="0" index="0" bw="1" slack="0"/>
<pin id="74" dir="1" index="1" bw="4" slack="0"/>
</pin_list>
<bind>
<opcode="alloca(26) " fcode="alloca"/>
<opset="u_29/2 "/>
</bind>
</comp>

<comp id="76" class="1004" name="v_fu_76">
<pin_list>
<pin id="77" dir="0" index="0" bw="1" slack="0"/>
<pin id="78" dir="1" index="1" bw="64" slack="0"/>
</pin_list>
<bind>
<opcode="alloca(26) " fcode="alloca"/>
<opset="v/2 "/>
</bind>
</comp>

<comp id="80" class="1004" name="indvars_iv_fu_80">
<pin_list>
<pin id="81" dir="0" index="0" bw="1" slack="0"/>
<pin id="82" dir="1" index="1" bw="4" slack="0"/>
</pin_list>
<bind>
<opcode="alloca(26) " fcode="alloca"/>
<opset="indvars_iv/2 "/>
</bind>
</comp>

<comp id="84" class="1004" name="i_25_fu_84">
<pin_list>
<pin id="85" dir="0" index="0" bw="1" slack="0"/>
<pin id="86" dir="1" index="1" bw="4" slack="0"/>
</pin_list>
<bind>
<opcode="alloca(26) " fcode="alloca"/>
<opset="i_25/2 "/>
</bind>
</comp>

<comp id="88" class="1004" name="b_offset_read_read_fu_88">
<pin_list>
<pin id="89" dir="0" index="0" bw="1" slack="0"/>
<pin id="90" dir="0" index="1" bw="1" slack="0"/>
<pin id="91" dir="1" index="2" bw="1" slack="0"/>
</pin_list>
<bind>
<opcode="read(1150) " fcode="read"/>
<opset="b_offset_read/1 "/>
</bind>
</comp>

<comp id="94" class="1004" name="c_addr_25_gep_fu_94">
<pin_list>
<pin id="95" dir="0" index="0" bw="64" slack="0"/>
<pin id="96" dir="0" index="1" bw="1" slack="0"/>
<pin id="97" dir="0" index="2" bw="3" slack="0"/>
<pin id="98" dir="1" index="3" bw="4" slack="0"/>
</pin_list>
<bind>
<opcode="getelementptr(29) " fcode="getelementptr"/>
<opset="c_addr_25/5 "/>
</bind>
</comp>

<comp id="101" class="1004" name="grp_access_fu_101">
<pin_list>
<pin id="102" dir="0" index="0" bw="4" slack="0"/>
<pin id="103" dir="0" index="1" bw="64" slack="0"/>
<pin id="104" dir="0" index="2" bw="0" slack="2147483647"/>
<pin id="105" dir="1" index="3" bw="64" slack="2147483647"/>
</pin_list>
<bind>
<opcode="store(28) " fcode="store"/>
<opset="store_ln150/5 store_ln168/6 store_ln163/9 "/>
</bind>
</comp>

<comp id="107" class="1004" name="c_addr_gep_fu_107">
<pin_list>
<pin id="108" dir="0" index="0" bw="64" slack="0"/>
<pin id="109" dir="0" index="1" bw="1" slack="0"/>
<pin id="110" dir="0" index="2" bw="5" slack="0"/>
<pin id="111" dir="1" index="3" bw="4" slack="0"/>
</pin_list>
<bind>
<opcode="getelementptr(29) " fcode="getelementptr"/>
<opset="c_addr/6 "/>
</bind>
</comp>

<comp id="116" class="1004" name="c_addr_26_gep_fu_116">
<pin_list>
<pin id="117" dir="0" index="0" bw="64" slack="0"/>
<pin id="118" dir="0" index="1" bw="1" slack="0"/>
<pin id="119" dir="0" index="2" bw="4" slack="0"/>
<pin id="120" dir="1" index="3" bw="4" slack="0"/>
</pin_list>
<bind>
<opcode="getelementptr(29) " fcode="getelementptr"/>
<opset="c_addr_26/9 "/>
</bind>
</comp>

<comp id="124" class="1004" name="grp_mp_mul_141_1_Pipeline_VITIS_LOOP_144_2_fu_124">
<pin_list>
<pin id="125" dir="0" index="0" bw="0" slack="0"/>
<pin id="126" dir="0" index="1" bw="64" slack="2"/>
<pin id="127" dir="0" index="2" bw="4" slack="2"/>
<pin id="128" dir="0" index="3" bw="4" slack="0"/>
<pin id="129" dir="0" index="4" bw="1" slack="2"/>
<pin id="130" dir="0" index="5" bw="64" slack="0"/>
<pin id="131" dir="0" index="6" bw="3" slack="1"/>
<pin id="132" dir="0" index="7" bw="4" slack="2"/>
<pin id="133" dir="0" index="8" bw="64" slack="2"/>
<pin id="134" dir="0" index="9" bw="64" slack="2"/>
<pin id="135" dir="0" index="10" bw="4" slack="2"/>
<pin id="136" dir="1" index="11" bw="0" slack="2147483647"/>
</pin_list>
<bind>
<opcode="call(48) " fcode="call"/>
<opset="call_ln143/3 "/>
</bind>
</comp>

<comp id="139" class="1004" name="grp_mp_mul_141_1_Pipeline_VITIS_LOOP_157_4_fu_139">
<pin_list>
<pin id="140" dir="0" index="0" bw="0" slack="0"/>
<pin id="141" dir="0" index="1" bw="3" slack="0"/>
<pin id="142" dir="0" index="2" bw="64" slack="1"/>
<pin id="143" dir="0" index="3" bw="4" slack="0"/>
<pin id="144" dir="0" index="4" bw="4" slack="3"/>
<pin id="145" dir="0" index="5" bw="64" slack="0"/>
<pin id="146" dir="0" index="6" bw="4" slack="1"/>
<pin id="147" dir="0" index="7" bw="64" slack="3"/>
<pin id="148" dir="0" index="8" bw="64" slack="2"/>
<pin id="149" dir="0" index="9" bw="3" slack="3"/>
<pin id="150" dir="1" index="10" bw="0" slack="2147483647"/>
</pin_list>
<bind>
<opcode="call(48) " fcode="call"/>
<opset="call_ln156/7 "/>
</bind>
</comp>

<comp id="153" class="1004" name="grp_load_fu_153">
<pin_list>
<pin id="154" dir="0" index="0" bw="64" slack="1"/>
<pin id="155" dir="1" index="1" bw="64" slack="0"/>
</pin_list>
<bind>
<opcode="load(27) " fcode="load"/>
<opset="v_load/6 v_load48/6 "/>
</bind>
</comp>

<comp id="157" class="1004" name="tmp_s_fu_157">
<pin_list>
<pin id="158" dir="0" index="0" bw="4" slack="0"/>
<pin id="159" dir="0" index="1" bw="1" slack="0"/>
<pin id="160" dir="0" index="2" bw="1" slack="0"/>
<pin id="161" dir="1" index="3" bw="4" slack="2"/>
</pin_list>
<bind>
<opcode="bitconcatenate(1004) " fcode="bitconcatenate"/>
<opset="tmp_s/1 "/>
</bind>
</comp>

<comp id="165" class="1004" name="store_ln140_store_fu_165">
<pin_list>
<pin id="166" dir="0" index="0" bw="1" slack="0"/>
<pin id="167" dir="0" index="1" bw="64" slack="0"/>
<pin id="168" dir="1" index="2" bw="0" slack="2147483647"/>
</pin_list>
<bind>
<opcode="store(28) " fcode="store"/>
<opset="store_ln140/1 "/>
</bind>
</comp>

<comp id="170" class="1004" name="store_ln140_store_fu_170">
<pin_list>
<pin id="171" dir="0" index="0" bw="1" slack="0"/>
<pin id="172" dir="0" index="1" bw="4" slack="0"/>
<pin id="173" dir="1" index="2" bw="0" slack="2147483647"/>
</pin_list>
<bind>
<opcode="store(28) " fcode="store"/>
<opset="store_ln140/1 "/>
</bind>
</comp>

<comp id="175" class="1004" name="store_ln139_store_fu_175">
<pin_list>
<pin id="176" dir="0" index="0" bw="1" slack="0"/>
<pin id="177" dir="0" index="1" bw="4" slack="0"/>
<pin id="178" dir="1" index="2" bw="0" slack="2147483647"/>
</pin_list>
<bind>
<opcode="store(28) " fcode="store"/>
<opset="store_ln139/1 "/>
</bind>
</comp>

<comp id="180" class="1004" name="store_ln0_store_fu_180">
<pin_list>
<pin id="181" dir="0" index="0" bw="1" slack="0"/>
<pin id="182" dir="0" index="1" bw="4" slack="0"/>
<pin id="183" dir="1" index="2" bw="0" slack="2147483647"/>
</pin_list>
<bind>
<opcode="store(28) " fcode="store"/>
<opset="store_ln0/1 "/>
</bind>
</comp>

<comp id="185" class="1004" name="i_79_load_fu_185">
<pin_list>
<pin id="186" dir="0" index="0" bw="4" slack="1"/>
<pin id="187" dir="1" index="1" bw="4" slack="0"/>
</pin_list>
<bind>
<opcode="load(27) " fcode="load"/>
<opset="i_79/2 "/>
</bind>
</comp>

<comp id="188" class="1004" name="u_load_fu_188">
<pin_list>
<pin id="189" dir="0" index="0" bw="4" slack="1"/>
<pin id="190" dir="1" index="1" bw="4" slack="0"/>
</pin_list>
<bind>
<opcode="load(27) " fcode="load"/>
<opset="u/2 "/>
</bind>
</comp>

<comp id="191" class="1004" name="v_200_load_fu_191">
<pin_list>
<pin id="192" dir="0" index="0" bw="64" slack="1"/>
<pin id="193" dir="1" index="1" bw="64" slack="0"/>
</pin_list>
<bind>
<opcode="load(27) " fcode="load"/>
<opset="v_200/2 "/>
</bind>
</comp>

<comp id="194" class="1004" name="icmp_ln143_fu_194">
<pin_list>
<pin id="195" dir="0" index="0" bw="4" slack="0"/>
<pin id="196" dir="0" index="1" bw="4" slack="0"/>
<pin id="197" dir="1" index="2" bw="1" slack="2147483647"/>
</pin_list>
<bind>
<opcode="icmp(45) " fcode="icmp"/>
<opset="icmp_ln143/2 "/>
</bind>
</comp>

<comp id="200" class="1004" name="add_ln143_fu_200">
<pin_list>
<pin id="201" dir="0" index="0" bw="4" slack="0"/>
<pin id="202" dir="0" index="1" bw="1" slack="0"/>
<pin id="203" dir="1" index="2" bw="4" slack="0"/>
</pin_list>
<bind>
<opcode="add(8) " fcode="add"/>
<opset="add_ln143/2 "/>
</bind>
</comp>

<comp id="206" class="1004" name="trunc_ln143_fu_206">
<pin_list>
<pin id="207" dir="0" index="0" bw="4" slack="0"/>
<pin id="208" dir="1" index="1" bw="3" slack="1"/>
</pin_list>
<bind>
<opcode="trunc(33) " fcode="trunc"/>
<opset="trunc_ln143/2 "/>
</bind>
</comp>

<comp id="210" class="1004" name="store_ln139_store_fu_210">
<pin_list>
<pin id="211" dir="0" index="0" bw="4" slack="0"/>
<pin id="212" dir="0" index="1" bw="4" slack="1"/>
<pin id="213" dir="1" index="2" bw="0" slack="2147483647"/>
</pin_list>
<bind>
<opcode="store(28) " fcode="store"/>
<opset="store_ln139/2 "/>
</bind>
</comp>

<comp id="215" class="1004" name="store_ln139_store_fu_215">
<pin_list>
<pin id="216" dir="0" index="0" bw="4" slack="0"/>
<pin id="217" dir="0" index="1" bw="4" slack="0"/>
<pin id="218" dir="1" index="2" bw="0" slack="2147483647"/>
</pin_list>
<bind>
<opcode="store(28) " fcode="store"/>
<opset="store_ln139/2 "/>
</bind>
</comp>

<comp id="220" class="1004" name="store_ln0_store_fu_220">
<pin_list>
<pin id="221" dir="0" index="0" bw="1" slack="0"/>
<pin id="222" dir="0" index="1" bw="4" slack="0"/>
<pin id="223" dir="1" index="2" bw="0" slack="2147483647"/>
</pin_list>
<bind>
<opcode="store(28) " fcode="store"/>
<opset="store_ln0/2 "/>
</bind>
</comp>

<comp id="225" class="1004" name="store_ln140_store_fu_225">
<pin_list>
<pin id="226" dir="0" index="0" bw="64" slack="0"/>
<pin id="227" dir="0" index="1" bw="64" slack="0"/>
<pin id="228" dir="1" index="2" bw="0" slack="2147483647"/>
</pin_list>
<bind>
<opcode="store(28) " fcode="store"/>
<opset="store_ln140/2 "/>
</bind>
</comp>

<comp id="230" class="1004" name="store_ln140_store_fu_230">
<pin_list>
<pin id="231" dir="0" index="0" bw="4" slack="0"/>
<pin id="232" dir="0" index="1" bw="4" slack="0"/>
<pin id="233" dir="1" index="2" bw="0" slack="2147483647"/>
</pin_list>
<bind>
<opcode="store(28) " fcode="store"/>
<opset="store_ln140/2 "/>
</bind>
</comp>

<comp id="235" class="1004" name="indvars_iv31_load_load_fu_235">
<pin_list>
<pin id="236" dir="0" index="0" bw="4" slack="2"/>
<pin id="237" dir="1" index="1" bw="4" slack="0"/>
</pin_list>
<bind>
<opcode="load(27) " fcode="load"/>
<opset="indvars_iv31_load/3 "/>
</bind>
</comp>

<comp id="239" class="1004" name="add_ln143_13_fu_239">
<pin_list>
<pin id="240" dir="0" index="0" bw="4" slack="0"/>
<pin id="241" dir="0" index="1" bw="1" slack="0"/>
<pin id="242" dir="1" index="2" bw="4" slack="0"/>
</pin_list>
<bind>
<opcode="add(8) " fcode="add"/>
<opset="add_ln143_13/3 "/>
</bind>
</comp>

<comp id="245" class="1004" name="store_ln143_store_fu_245">
<pin_list>
<pin id="246" dir="0" index="0" bw="4" slack="0"/>
<pin id="247" dir="0" index="1" bw="4" slack="2"/>
<pin id="248" dir="1" index="2" bw="0" slack="2147483647"/>
</pin_list>
<bind>
<opcode="store(28) " fcode="store"/>
<opset="store_ln143/3 "/>
</bind>
</comp>

<comp id="250" class="1004" name="v_114_loc_load_load_fu_250">
<pin_list>
<pin id="251" dir="0" index="0" bw="64" slack="4"/>
<pin id="252" dir="1" index="1" bw="64" slack="0"/>
</pin_list>
<bind>
<opcode="load(27) " fcode="load"/>
<opset="v_114_loc_load/5 "/>
</bind>
</comp>

<comp id="254" class="1004" name="zext_ln150_fu_254">
<pin_list>
<pin id="255" dir="0" index="0" bw="3" slack="3"/>
<pin id="256" dir="1" index="1" bw="32" slack="0"/>
</pin_list>
<bind>
<opcode="zext(34) " fcode="zext"/>
<opset="zext_ln150/5 "/>
</bind>
</comp>

<comp id="258" class="1004" name="i_80_load_fu_258">
<pin_list>
<pin id="259" dir="0" index="0" bw="4" slack="1"/>
<pin id="260" dir="1" index="1" bw="4" slack="0"/>
</pin_list>
<bind>
<opcode="load(27) " fcode="load"/>
<opset="i_80/6 "/>
</bind>
</comp>

<comp id="261" class="1004" name="icmp_ln156_fu_261">
<pin_list>
<pin id="262" dir="0" index="0" bw="4" slack="0"/>
<pin id="263" dir="0" index="1" bw="1" slack="0"/>
<pin id="264" dir="1" index="2" bw="1" slack="2147483647"/>
</pin_list>
<bind>
<opcode="icmp(45) " fcode="icmp"/>
<opset="icmp_ln156/6 "/>
</bind>
</comp>

<comp id="267" class="1004" name="add_ln156_fu_267">
<pin_list>
<pin id="268" dir="0" index="0" bw="4" slack="0"/>
<pin id="269" dir="0" index="1" bw="1" slack="0"/>
<pin id="270" dir="1" index="2" bw="4" slack="0"/>
</pin_list>
<bind>
<opcode="add(8) " fcode="add"/>
<opset="add_ln156/6 "/>
</bind>
</comp>

<comp id="273" class="1004" name="store_ln139_store_fu_273">
<pin_list>
<pin id="274" dir="0" index="0" bw="4" slack="0"/>
<pin id="275" dir="0" index="1" bw="4" slack="1"/>
<pin id="276" dir="1" index="2" bw="0" slack="2147483647"/>
</pin_list>
<bind>
<opcode="store(28) " fcode="store"/>
<opset="store_ln139/6 "/>
</bind>
</comp>

<comp id="278" class="1004" name="u_29_load_load_fu_278">
<pin_list>
<pin id="279" dir="0" index="0" bw="4" slack="2"/>
<pin id="280" dir="1" index="1" bw="4" slack="0"/>
</pin_list>
<bind>
<opcode="load(27) " fcode="load"/>
<opset="u_29_load/7 "/>
</bind>
</comp>

<comp id="282" class="1004" name="indvars_iv_load_load_fu_282">
<pin_list>
<pin id="283" dir="0" index="0" bw="4" slack="2"/>
<pin id="284" dir="1" index="1" bw="4" slack="0"/>
</pin_list>
<bind>
<opcode="load(27) " fcode="load"/>
<opset="indvars_iv_load/7 "/>
</bind>
</comp>

<comp id="285" class="1004" name="trunc_ln156_fu_285">
<pin_list>
<pin id="286" dir="0" index="0" bw="4" slack="0"/>
<pin id="287" dir="1" index="1" bw="3" slack="0"/>
</pin_list>
<bind>
<opcode="trunc(33) " fcode="trunc"/>
<opset="trunc_ln156/7 "/>
</bind>
</comp>

<comp id="290" class="1004" name="add_ln156_13_fu_290">
<pin_list>
<pin id="291" dir="0" index="0" bw="4" slack="0"/>
<pin id="292" dir="0" index="1" bw="1" slack="0"/>
<pin id="293" dir="1" index="2" bw="4" slack="0"/>
</pin_list>
<bind>
<opcode="add(8) " fcode="add"/>
<opset="add_ln156_13/7 "/>
</bind>
</comp>

<comp id="296" class="1004" name="store_ln156_store_fu_296">
<pin_list>
<pin id="297" dir="0" index="0" bw="4" slack="0"/>
<pin id="298" dir="0" index="1" bw="4" slack="2"/>
<pin id="299" dir="1" index="2" bw="0" slack="2147483647"/>
</pin_list>
<bind>
<opcode="store(28) " fcode="store"/>
<opset="store_ln156/7 "/>
</bind>
</comp>

<comp id="301" class="1004" name="v_35_loc_load_load_fu_301">
<pin_list>
<pin id="302" dir="0" index="0" bw="64" slack="5"/>
<pin id="303" dir="1" index="1" bw="64" slack="0"/>
</pin_list>
<bind>
<opcode="load(27) " fcode="load"/>
<opset="v_35_loc_load/9 "/>
</bind>
</comp>

<comp id="305" class="1004" name="t_33_loc_load_load_fu_305">
<pin_list>
<pin id="306" dir="0" index="0" bw="3" slack="5"/>
<pin id="307" dir="1" index="1" bw="3" slack="0"/>
</pin_list>
<bind>
<opcode="load(27) " fcode="load"/>
<opset="t_33_loc_load/9 "/>
</bind>
</comp>

<comp id="308" class="1004" name="zext_ln157_fu_308">
<pin_list>
<pin id="309" dir="0" index="0" bw="3" slack="0"/>
<pin id="310" dir="1" index="1" bw="4" slack="0"/>
</pin_list>
<bind>
<opcode="zext(34) " fcode="zext"/>
<opset="zext_ln157/9 "/>
</bind>
</comp>

<comp id="312" class="1004" name="zext_ln163_fu_312">
<pin_list>
<pin id="313" dir="0" index="0" bw="4" slack="3"/>
<pin id="314" dir="1" index="1" bw="32" slack="0"/>
</pin_list>
<bind>
<opcode="zext(34) " fcode="zext"/>
<opset="zext_ln163/9 "/>
</bind>
</comp>

<comp id="316" class="1004" name="store_ln140_store_fu_316">
<pin_list>
<pin id="317" dir="0" index="0" bw="3" slack="0"/>
<pin id="318" dir="0" index="1" bw="4" slack="4"/>
<pin id="319" dir="1" index="2" bw="0" slack="2147483647"/>
</pin_list>
<bind>
<opcode="store(28) " fcode="store"/>
<opset="store_ln140/9 "/>
</bind>
</comp>

<comp id="321" class="1005" name="indvars_iv31_reg_321">
<pin_list>
<pin id="322" dir="0" index="0" bw="4" slack="0"/>
<pin id="323" dir="1" index="1" bw="4" slack="0"/>
</pin_list>
<bind>
<opset="indvars_iv31 "/>
</bind>
</comp>

<comp id="328" class="1005" name="i_reg_328">
<pin_list>
<pin id="329" dir="0" index="0" bw="4" slack="0"/>
<pin id="330" dir="1" index="1" bw="4" slack="0"/>
</pin_list>
<bind>
<opset="i "/>
</bind>
</comp>

<comp id="335" class="1005" name="u_016_reg_335">
<pin_list>
<pin id="336" dir="0" index="0" bw="4" slack="0"/>
<pin id="337" dir="1" index="1" bw="4" slack="0"/>
</pin_list>
<bind>
<opset="u_016 "/>
</bind>
</comp>

<comp id="342" class="1005" name="v_017_reg_342">
<pin_list>
<pin id="343" dir="0" index="0" bw="64" slack="0"/>
<pin id="344" dir="1" index="1" bw="64" slack="0"/>
</pin_list>
<bind>
<opset="v_017 "/>
</bind>
</comp>

<comp id="349" class="1005" name="b_offset_read_reg_349">
<pin_list>
<pin id="350" dir="0" index="0" bw="1" slack="2"/>
<pin id="351" dir="1" index="1" bw="1" slack="2"/>
</pin_list>
<bind>
<opset="b_offset_read "/>
</bind>
</comp>

<comp id="354" class="1005" name="t_33_loc_reg_354">
<pin_list>
<pin id="355" dir="0" index="0" bw="3" slack="3"/>
<pin id="356" dir="1" index="1" bw="3" slack="3"/>
</pin_list>
<bind>
<opset="t_33_loc "/>
</bind>
</comp>

<comp id="360" class="1005" name="v_35_loc_reg_360">
<pin_list>
<pin id="361" dir="0" index="0" bw="64" slack="3"/>
<pin id="362" dir="1" index="1" bw="64" slack="3"/>
</pin_list>
<bind>
<opset="v_35_loc "/>
</bind>
</comp>

<comp id="366" class="1005" name="v_114_loc_reg_366">
<pin_list>
<pin id="367" dir="0" index="0" bw="64" slack="2"/>
<pin id="368" dir="1" index="1" bw="64" slack="2"/>
</pin_list>
<bind>
<opset="v_114_loc "/>
</bind>
</comp>

<comp id="372" class="1005" name="tmp_s_reg_372">
<pin_list>
<pin id="373" dir="0" index="0" bw="4" slack="2"/>
<pin id="374" dir="1" index="1" bw="4" slack="2"/>
</pin_list>
<bind>
<opset="tmp_s "/>
</bind>
</comp>

<comp id="378" class="1005" name="u_reg_378">
<pin_list>
<pin id="379" dir="0" index="0" bw="4" slack="2"/>
<pin id="380" dir="1" index="1" bw="4" slack="2"/>
</pin_list>
<bind>
<opset="u "/>
</bind>
</comp>

<comp id="383" class="1005" name="v_200_reg_383">
<pin_list>
<pin id="384" dir="0" index="0" bw="64" slack="2"/>
<pin id="385" dir="1" index="1" bw="64" slack="2"/>
</pin_list>
<bind>
<opset="v_200 "/>
</bind>
</comp>

<comp id="391" class="1005" name="trunc_ln143_reg_391">
<pin_list>
<pin id="392" dir="0" index="0" bw="3" slack="1"/>
<pin id="393" dir="1" index="1" bw="3" slack="1"/>
</pin_list>
<bind>
<opset="trunc_ln143 "/>
</bind>
</comp>

<comp id="397" class="1005" name="u_29_reg_397">
<pin_list>
<pin id="398" dir="0" index="0" bw="4" slack="0"/>
<pin id="399" dir="1" index="1" bw="4" slack="0"/>
</pin_list>
<bind>
<opset="u_29 "/>
</bind>
</comp>

<comp id="404" class="1005" name="v_reg_404">
<pin_list>
<pin id="405" dir="0" index="0" bw="64" slack="0"/>
<pin id="406" dir="1" index="1" bw="64" slack="0"/>
</pin_list>
<bind>
<opset="v "/>
</bind>
</comp>

<comp id="411" class="1005" name="indvars_iv_reg_411">
<pin_list>
<pin id="412" dir="0" index="0" bw="4" slack="0"/>
<pin id="413" dir="1" index="1" bw="4" slack="0"/>
</pin_list>
<bind>
<opset="indvars_iv "/>
</bind>
</comp>

<comp id="418" class="1005" name="i_25_reg_418">
<pin_list>
<pin id="419" dir="0" index="0" bw="4" slack="0"/>
<pin id="420" dir="1" index="1" bw="4" slack="0"/>
</pin_list>
<bind>
<opset="i_25 "/>
</bind>
</comp>

<comp id="425" class="1005" name="indvars_iv31_load_reg_425">
<pin_list>
<pin id="426" dir="0" index="0" bw="4" slack="1"/>
<pin id="427" dir="1" index="1" bw="4" slack="1"/>
</pin_list>
<bind>
<opset="indvars_iv31_load "/>
</bind>
</comp>

<comp id="430" class="1005" name="i_80_reg_430">
<pin_list>
<pin id="431" dir="0" index="0" bw="4" slack="1"/>
<pin id="432" dir="1" index="1" bw="4" slack="1"/>
</pin_list>
<bind>
<opset="i_80 "/>
</bind>
</comp>

<comp id="439" class="1005" name="v_load_reg_439">
<pin_list>
<pin id="440" dir="0" index="0" bw="64" slack="1"/>
<pin id="441" dir="1" index="1" bw="64" slack="1"/>
</pin_list>
<bind>
<opset="v_load "/>
</bind>
</comp>

<comp id="447" class="1005" name="trunc_ln156_reg_447">
<pin_list>
<pin id="448" dir="0" index="0" bw="3" slack="1"/>
<pin id="449" dir="1" index="1" bw="3" slack="1"/>
</pin_list>
<bind>
<opset="trunc_ln156 "/>
</bind>
</comp>

</comp_list>

<net_list>
<net id="47"><net_src comp="6" pin="0"/><net_sink comp="44" pin=0"/></net>

<net id="51"><net_src comp="6" pin="0"/><net_sink comp="48" pin=0"/></net>

<net id="55"><net_src comp="6" pin="0"/><net_sink comp="52" pin=0"/></net>

<net id="59"><net_src comp="6" pin="0"/><net_sink comp="56" pin=0"/></net>

<net id="63"><net_src comp="6" pin="0"/><net_sink comp="60" pin=0"/></net>

<net id="67"><net_src comp="6" pin="0"/><net_sink comp="64" pin=0"/></net>

<net id="71"><net_src comp="6" pin="0"/><net_sink comp="68" pin=0"/></net>

<net id="75"><net_src comp="6" pin="0"/><net_sink comp="72" pin=0"/></net>

<net id="79"><net_src comp="6" pin="0"/><net_sink comp="76" pin=0"/></net>

<net id="83"><net_src comp="6" pin="0"/><net_sink comp="80" pin=0"/></net>

<net id="87"><net_src comp="6" pin="0"/><net_sink comp="84" pin=0"/></net>

<net id="92"><net_src comp="8" pin="0"/><net_sink comp="88" pin=0"/></net>

<net id="93"><net_src comp="2" pin="0"/><net_sink comp="88" pin=1"/></net>

<net id="99"><net_src comp="4" pin="0"/><net_sink comp="94" pin=0"/></net>

<net id="100"><net_src comp="32" pin="0"/><net_sink comp="94" pin=1"/></net>

<net id="106"><net_src comp="94" pin="3"/><net_sink comp="101" pin=0"/></net>

<net id="112"><net_src comp="4" pin="0"/><net_sink comp="107" pin=0"/></net>

<net id="113"><net_src comp="32" pin="0"/><net_sink comp="107" pin=1"/></net>

<net id="114"><net_src comp="36" pin="0"/><net_sink comp="107" pin=2"/></net>

<net id="115"><net_src comp="107" pin="3"/><net_sink comp="101" pin=0"/></net>

<net id="121"><net_src comp="4" pin="0"/><net_sink comp="116" pin=0"/></net>

<net id="122"><net_src comp="32" pin="0"/><net_sink comp="116" pin=1"/></net>

<net id="123"><net_src comp="116" pin="3"/><net_sink comp="101" pin=0"/></net>

<net id="137"><net_src comp="22" pin="0"/><net_sink comp="124" pin=0"/></net>

<net id="138"><net_src comp="0" pin="0"/><net_sink comp="124" pin=5"/></net>

<net id="151"><net_src comp="38" pin="0"/><net_sink comp="139" pin=0"/></net>

<net id="152"><net_src comp="0" pin="0"/><net_sink comp="139" pin=5"/></net>

<net id="156"><net_src comp="153" pin="1"/><net_sink comp="101" pin=1"/></net>

<net id="162"><net_src comp="10" pin="0"/><net_sink comp="157" pin=0"/></net>

<net id="163"><net_src comp="88" pin="2"/><net_sink comp="157" pin=1"/></net>

<net id="164"><net_src comp="12" pin="0"/><net_sink comp="157" pin=2"/></net>

<net id="169"><net_src comp="14" pin="0"/><net_sink comp="165" pin=0"/></net>

<net id="174"><net_src comp="16" pin="0"/><net_sink comp="170" pin=0"/></net>

<net id="179"><net_src comp="16" pin="0"/><net_sink comp="175" pin=0"/></net>

<net id="184"><net_src comp="18" pin="0"/><net_sink comp="180" pin=0"/></net>

<net id="198"><net_src comp="185" pin="1"/><net_sink comp="194" pin=0"/></net>

<net id="199"><net_src comp="20" pin="0"/><net_sink comp="194" pin=1"/></net>

<net id="204"><net_src comp="185" pin="1"/><net_sink comp="200" pin=0"/></net>

<net id="205"><net_src comp="18" pin="0"/><net_sink comp="200" pin=1"/></net>

<net id="209"><net_src comp="185" pin="1"/><net_sink comp="206" pin=0"/></net>

<net id="214"><net_src comp="200" pin="2"/><net_sink comp="210" pin=0"/></net>

<net id="219"><net_src comp="20" pin="0"/><net_sink comp="215" pin=0"/></net>

<net id="224"><net_src comp="18" pin="0"/><net_sink comp="220" pin=0"/></net>

<net id="229"><net_src comp="191" pin="1"/><net_sink comp="225" pin=0"/></net>

<net id="234"><net_src comp="188" pin="1"/><net_sink comp="230" pin=0"/></net>

<net id="238"><net_src comp="235" pin="1"/><net_sink comp="124" pin=3"/></net>

<net id="243"><net_src comp="235" pin="1"/><net_sink comp="239" pin=0"/></net>

<net id="244"><net_src comp="18" pin="0"/><net_sink comp="239" pin=1"/></net>

<net id="249"><net_src comp="239" pin="2"/><net_sink comp="245" pin=0"/></net>

<net id="253"><net_src comp="250" pin="1"/><net_sink comp="101" pin=1"/></net>

<net id="257"><net_src comp="254" pin="1"/><net_sink comp="94" pin=2"/></net>

<net id="265"><net_src comp="258" pin="1"/><net_sink comp="261" pin=0"/></net>

<net id="266"><net_src comp="34" pin="0"/><net_sink comp="261" pin=1"/></net>

<net id="271"><net_src comp="258" pin="1"/><net_sink comp="267" pin=0"/></net>

<net id="272"><net_src comp="18" pin="0"/><net_sink comp="267" pin=1"/></net>

<net id="277"><net_src comp="267" pin="2"/><net_sink comp="273" pin=0"/></net>

<net id="281"><net_src comp="278" pin="1"/><net_sink comp="139" pin=3"/></net>

<net id="288"><net_src comp="282" pin="1"/><net_sink comp="285" pin=0"/></net>

<net id="289"><net_src comp="285" pin="1"/><net_sink comp="139" pin=1"/></net>

<net id="294"><net_src comp="282" pin="1"/><net_sink comp="290" pin=0"/></net>

<net id="295"><net_src comp="18" pin="0"/><net_sink comp="290" pin=1"/></net>

<net id="300"><net_src comp="290" pin="2"/><net_sink comp="296" pin=0"/></net>

<net id="304"><net_src comp="301" pin="1"/><net_sink comp="101" pin=1"/></net>

<net id="311"><net_src comp="305" pin="1"/><net_sink comp="308" pin=0"/></net>

<net id="315"><net_src comp="312" pin="1"/><net_sink comp="116" pin=2"/></net>

<net id="320"><net_src comp="308" pin="1"/><net_sink comp="316" pin=0"/></net>

<net id="324"><net_src comp="44" pin="1"/><net_sink comp="321" pin=0"/></net>

<net id="325"><net_src comp="321" pin="1"/><net_sink comp="180" pin=1"/></net>

<net id="326"><net_src comp="321" pin="1"/><net_sink comp="235" pin=0"/></net>

<net id="327"><net_src comp="321" pin="1"/><net_sink comp="245" pin=1"/></net>

<net id="331"><net_src comp="48" pin="1"/><net_sink comp="328" pin=0"/></net>

<net id="332"><net_src comp="328" pin="1"/><net_sink comp="175" pin=1"/></net>

<net id="333"><net_src comp="328" pin="1"/><net_sink comp="185" pin=0"/></net>

<net id="334"><net_src comp="328" pin="1"/><net_sink comp="210" pin=1"/></net>

<net id="338"><net_src comp="52" pin="1"/><net_sink comp="335" pin=0"/></net>

<net id="339"><net_src comp="335" pin="1"/><net_sink comp="170" pin=1"/></net>

<net id="340"><net_src comp="335" pin="1"/><net_sink comp="188" pin=0"/></net>

<net id="341"><net_src comp="335" pin="1"/><net_sink comp="124" pin=10"/></net>

<net id="345"><net_src comp="56" pin="1"/><net_sink comp="342" pin=0"/></net>

<net id="346"><net_src comp="342" pin="1"/><net_sink comp="165" pin=1"/></net>

<net id="347"><net_src comp="342" pin="1"/><net_sink comp="191" pin=0"/></net>

<net id="348"><net_src comp="342" pin="1"/><net_sink comp="124" pin=9"/></net>

<net id="352"><net_src comp="88" pin="2"/><net_sink comp="349" pin=0"/></net>

<net id="353"><net_src comp="349" pin="1"/><net_sink comp="124" pin=4"/></net>

<net id="357"><net_src comp="60" pin="1"/><net_sink comp="354" pin=0"/></net>

<net id="358"><net_src comp="354" pin="1"/><net_sink comp="139" pin=9"/></net>

<net id="359"><net_src comp="354" pin="1"/><net_sink comp="305" pin=0"/></net>

<net id="363"><net_src comp="64" pin="1"/><net_sink comp="360" pin=0"/></net>

<net id="364"><net_src comp="360" pin="1"/><net_sink comp="139" pin=7"/></net>

<net id="365"><net_src comp="360" pin="1"/><net_sink comp="301" pin=0"/></net>

<net id="369"><net_src comp="68" pin="1"/><net_sink comp="366" pin=0"/></net>

<net id="370"><net_src comp="366" pin="1"/><net_sink comp="124" pin=8"/></net>

<net id="371"><net_src comp="366" pin="1"/><net_sink comp="250" pin=0"/></net>

<net id="375"><net_src comp="157" pin="3"/><net_sink comp="372" pin=0"/></net>

<net id="376"><net_src comp="372" pin="1"/><net_sink comp="124" pin=7"/></net>

<net id="377"><net_src comp="372" pin="1"/><net_sink comp="139" pin=4"/></net>

<net id="381"><net_src comp="188" pin="1"/><net_sink comp="378" pin=0"/></net>

<net id="382"><net_src comp="378" pin="1"/><net_sink comp="124" pin=2"/></net>

<net id="386"><net_src comp="191" pin="1"/><net_sink comp="383" pin=0"/></net>

<net id="387"><net_src comp="383" pin="1"/><net_sink comp="124" pin=1"/></net>

<net id="394"><net_src comp="206" pin="1"/><net_sink comp="391" pin=0"/></net>

<net id="395"><net_src comp="391" pin="1"/><net_sink comp="124" pin=6"/></net>

<net id="396"><net_src comp="391" pin="1"/><net_sink comp="254" pin=0"/></net>

<net id="400"><net_src comp="72" pin="1"/><net_sink comp="397" pin=0"/></net>

<net id="401"><net_src comp="397" pin="1"/><net_sink comp="230" pin=1"/></net>

<net id="402"><net_src comp="397" pin="1"/><net_sink comp="278" pin=0"/></net>

<net id="403"><net_src comp="397" pin="1"/><net_sink comp="316" pin=1"/></net>

<net id="407"><net_src comp="76" pin="1"/><net_sink comp="404" pin=0"/></net>

<net id="408"><net_src comp="404" pin="1"/><net_sink comp="225" pin=1"/></net>

<net id="409"><net_src comp="404" pin="1"/><net_sink comp="153" pin=0"/></net>

<net id="410"><net_src comp="404" pin="1"/><net_sink comp="139" pin=8"/></net>

<net id="414"><net_src comp="80" pin="1"/><net_sink comp="411" pin=0"/></net>

<net id="415"><net_src comp="411" pin="1"/><net_sink comp="220" pin=1"/></net>

<net id="416"><net_src comp="411" pin="1"/><net_sink comp="282" pin=0"/></net>

<net id="417"><net_src comp="411" pin="1"/><net_sink comp="296" pin=1"/></net>

<net id="421"><net_src comp="84" pin="1"/><net_sink comp="418" pin=0"/></net>

<net id="422"><net_src comp="418" pin="1"/><net_sink comp="215" pin=1"/></net>

<net id="423"><net_src comp="418" pin="1"/><net_sink comp="258" pin=0"/></net>

<net id="424"><net_src comp="418" pin="1"/><net_sink comp="273" pin=1"/></net>

<net id="428"><net_src comp="235" pin="1"/><net_sink comp="425" pin=0"/></net>

<net id="429"><net_src comp="425" pin="1"/><net_sink comp="124" pin=3"/></net>

<net id="433"><net_src comp="258" pin="1"/><net_sink comp="430" pin=0"/></net>

<net id="434"><net_src comp="430" pin="1"/><net_sink comp="139" pin=6"/></net>

<net id="435"><net_src comp="430" pin="1"/><net_sink comp="312" pin=0"/></net>

<net id="442"><net_src comp="153" pin="1"/><net_sink comp="439" pin=0"/></net>

<net id="443"><net_src comp="439" pin="1"/><net_sink comp="139" pin=2"/></net>

<net id="450"><net_src comp="285" pin="1"/><net_sink comp="447" pin=0"/></net>

<net id="451"><net_src comp="447" pin="1"/><net_sink comp="139" pin=1"/></net>

</net_list>

</model> 
---------------- Datapath Model END ------------------

* FSMD analyzer results:
  - Output states:
	Port: c | {5 6 9 }
 - Input state : 
	Port: mp_mul.141.1 : b | {3 4 7 8 }
	Port: mp_mul.141.1 : b_offset | {1 }
  - Chain level:
	State 1
		store_ln140 : 1
		store_ln140 : 1
		store_ln139 : 1
		store_ln0 : 1
	State 2
		icmp_ln143 : 1
		add_ln143 : 1
		br_ln143 : 2
		trunc_ln143 : 1
		store_ln139 : 2
		store_ln139 : 1
		store_ln0 : 1
		store_ln140 : 1
		store_ln140 : 1
	State 3
		call_ln143 : 1
		add_ln143_13 : 1
		store_ln143 : 2
	State 4
	State 5
		c_addr_25 : 1
		store_ln150 : 2
	State 6
		icmp_ln156 : 1
		br_ln156 : 2
		add_ln156 : 1
		store_ln139 : 2
		store_ln168 : 1
	State 7
		trunc_ln156 : 1
		call_ln156 : 2
		add_ln156_13 : 1
		store_ln156 : 2
	State 8
	State 9
		zext_ln157 : 1
		c_addr_26 : 1
		store_ln163 : 2
		store_ln140 : 2


============================================================
+ Verbose Summary: Datapath Resource usage 
============================================================

* Functional unit list:
|----------|---------------------------------------------------|---------|---------|---------|---------|
| Operation|                  Functional Unit                  |   DSP   |  Delay  |    FF   |   LUT   |
|----------|---------------------------------------------------|---------|---------|---------|---------|
|   call   | grp_mp_mul_141_1_Pipeline_VITIS_LOOP_144_2_fu_124 |    16   |  15.88  |   1714  |   1530  |
|          | grp_mp_mul_141_1_Pipeline_VITIS_LOOP_157_4_fu_139 |    16   |  15.88  |   1716  |   1541  |
|----------|---------------------------------------------------|---------|---------|---------|---------|
|          |                  add_ln143_fu_200                 |    0    |    0    |    0    |    13   |
|    add   |                add_ln143_13_fu_239                |    0    |    0    |    0    |    13   |
|          |                  add_ln156_fu_267                 |    0    |    0    |    0    |    13   |
|          |                add_ln156_13_fu_290                |    0    |    0    |    0    |    13   |
|----------|---------------------------------------------------|---------|---------|---------|---------|
|   icmp   |                 icmp_ln143_fu_194                 |    0    |    0    |    0    |    13   |
|          |                 icmp_ln156_fu_261                 |    0    |    0    |    0    |    13   |
|----------|---------------------------------------------------|---------|---------|---------|---------|
|   read   |              b_offset_read_read_fu_88             |    0    |    0    |    0    |    0    |
|----------|---------------------------------------------------|---------|---------|---------|---------|
|bitconcatenate|                    tmp_s_fu_157                   |    0    |    0    |    0    |    0    |
|----------|---------------------------------------------------|---------|---------|---------|---------|
|   trunc  |                 trunc_ln143_fu_206                |    0    |    0    |    0    |    0    |
|          |                 trunc_ln156_fu_285                |    0    |    0    |    0    |    0    |
|----------|---------------------------------------------------|---------|---------|---------|---------|
|          |                 zext_ln150_fu_254                 |    0    |    0    |    0    |    0    |
|   zext   |                 zext_ln157_fu_308                 |    0    |    0    |    0    |    0    |
|          |                 zext_ln163_fu_312                 |    0    |    0    |    0    |    0    |
|----------|---------------------------------------------------|---------|---------|---------|---------|
|   Total  |                                                   |    32   |  31.76  |   3430  |   3149  |
|----------|---------------------------------------------------|---------|---------|---------|---------|

Memories:
N/A

* Register list:
+-------------------------+--------+
|                         |   FF   |
+-------------------------+--------+
|  b_offset_read_reg_349  |    1   |
|       i_25_reg_418      |    4   |
|       i_80_reg_430      |    4   |
|        i_reg_328        |    4   |
|indvars_iv31_load_reg_425|    4   |
|   indvars_iv31_reg_321  |    4   |
|    indvars_iv_reg_411   |    4   |
|     t_33_loc_reg_354    |    3   |
|      tmp_s_reg_372      |    4   |
|   trunc_ln143_reg_391   |    3   |
|   trunc_ln156_reg_447   |    3   |
|      u_016_reg_335      |    4   |
|       u_29_reg_397      |    4   |
|        u_reg_378        |    4   |
|      v_017_reg_342      |   64   |
|    v_114_loc_reg_366    |   64   |
|      v_200_reg_383      |   64   |
|     v_35_loc_reg_360    |   64   |
|      v_load_reg_439     |   64   |
|        v_reg_404        |   64   |
+-------------------------+--------+
|          Total          |   434  |
+-------------------------+--------+

* Multiplexer (MUX) list: 
|---------------------------------------------------|------|------|------|--------||---------||---------||---------|
|                        Comp                       |  Pin | Size |  BW  | S x BW ||  Delay  ||    FF   ||   LUT   |
|---------------------------------------------------|------|------|------|--------||---------||---------||---------|
|                 grp_access_fu_101                 |  p0  |   3  |   4  |   12   ||    0    ||    14   |
|                 grp_access_fu_101                 |  p1  |   3  |  64  |   192  ||    0    ||    14   |
| grp_mp_mul_141_1_Pipeline_VITIS_LOOP_144_2_fu_124 |  p3  |   2  |   4  |    8   ||    0    ||    9    |
| grp_mp_mul_141_1_Pipeline_VITIS_LOOP_157_4_fu_139 |  p1  |   2  |   3  |    6   ||    0    ||    9    |
|---------------------------------------------------|------|------|------|--------||---------||---------||---------|
|                       Total                       |      |      |      |   218  ||  6.5906 ||    0    ||    46   |
|---------------------------------------------------|------|------|------|--------||---------||---------||---------|



* Summary:
+-----------+--------+--------+--------+--------+
|           |   DSP  |  Delay |   FF   |   LUT  |
+-----------+--------+--------+--------+--------+
|  Function |   32   |   31   |  3430  |  3149  |
|   Memory  |    -   |    -   |    -   |    -   |
|Multiplexer|    -   |    6   |    0   |   46   |
|  Register |    -   |    -   |   434  |    -   |
+-----------+--------+--------+--------+--------+
|   Total   |   32   |   38   |  3864  |  3195  |
+-----------+--------+--------+--------+--------+
