

================================================================
== Vitis HLS Report for 'mp_mul_67_69'
================================================================
* Date:           Tue May 20 14:34:25 2025

* Version:        2024.2.2 (Build 6049644 on Mar  5 2025)
* Project:        sikep503_hls
* Solution:       solution1 (Vivado IP Flow Target)
* Product family: zynq
* Target device:  xc7z020-clg484-1


================================================================
== Performance Estimates
================================================================
+ Timing: 
    * Summary: 
    +--------+----------+----------+------------+
    |  Clock |  Target  | Estimated| Uncertainty|
    +--------+----------+----------+------------+
    |ap_clk  |  10.00 ns|  7.040 ns|     2.70 ns|
    +--------+----------+----------+------------+

+ Latency: 
    * Summary: 
    +---------+---------+----------+----------+-----+-----+---------+
    |  Latency (cycles) |  Latency (absolute) |  Interval | Pipeline|
    |   min   |   max   |    min   |    max   | min | max |   Type  |
    +---------+---------+----------+----------+-----+-----+---------+
    |      212|      310|  2.120 us|  3.100 us|  212|  310|       no|
    +---------+---------+----------+----------+-----+-----+---------+

    + Detail: 
        * Instance: 
        +---------------------------------------------------+----------------------------------------+---------+---------+----------+----------+-----+-----+------------------------------------------------+
        |                                                   |                                        |  Latency (cycles) |  Latency (absolute) |  Interval |                    Pipeline                    |
        |                      Instance                     |                 Module                 |   min   |   max   |    min   |    max   | min | max |                      Type                      |
        +---------------------------------------------------+----------------------------------------+---------+---------+----------+----------+-----+-----+------------------------------------------------+
        |grp_mp_mul_67_69_Pipeline_VITIS_LOOP_144_2_fu_114  |mp_mul_67_69_Pipeline_VITIS_LOOP_144_2  |       10|       17|  0.100 us|  0.170 us|    2|    9|  loop auto-rewind stp (delay=0 clock cycles(s))|
        |grp_mp_mul_67_69_Pipeline_VITIS_LOOP_157_4_fu_131  |mp_mul_67_69_Pipeline_VITIS_LOOP_157_4  |       10|       16|  0.100 us|  0.160 us|    2|    8|  loop auto-rewind stp (delay=0 clock cycles(s))|
        +---------------------------------------------------+----------------------------------------+---------+---------+----------+----------+-----+-----+------------------------------------------------+

        * Loop: 
        +--------------------+---------+---------+----------+-----------+-----------+------+----------+
        |                    |  Latency (cycles) | Iteration|  Initiation Interval  | Trip |          |
        |      Loop Name     |   min   |   max   |  Latency |  achieved |   target  | Count| Pipelined|
        +--------------------+---------+---------+----------+-----------+-----------+------+----------+
        |- VITIS_LOOP_143_1  |      112|      168|   14 ~ 21|          -|          -|     8|        no|
        |- VITIS_LOOP_156_3  |       98|      140|   14 ~ 20|          -|          -|     7|        no|
        +--------------------+---------+---------+----------+-----------+-----------+------+----------+

============================================================
+ Verbose Summary: Synthesis Manager
============================================================
InlineROM: 1
ExposeGlobal: 0
============================================================
+ Verbose Summary: CDFG Model
============================================================
IsTopModel: 0
ResetActiveHigh: 1
IsCombinational: 0
IsDatapathOnly: 0
HasWiredReturn: 1
HasMFsm: 0
HasVarLatency: 1
IsPipeline: 0
IsRtlPipelined: 0
IsInstanceOverlapped: 0
IsDontTouch: 0
HasImplIP: 0
IsGatedGlobalClock: 0


============================================================
+ Verbose Summary: Schedule
============================================================
* Number of FSM states : 9
* Pipeline : 0
* Dataflow Pipeline: 0

* FSM state transitions: 
1 --> 2 
2 --> 3 6 
3 --> 4 
4 --> 5 
5 --> 2 
6 --> 7 
7 --> 8 
8 --> 9 
9 --> 6 

* FSM state operations: 

State 1 <SV = 0> <Delay = 1.58>
ST_1 : Operation 10 [1/1] (0.00ns)   --->   "%indvars_iv31 = alloca i32 1"   --->   Operation 10 'alloca' 'indvars_iv31' <Predicate = true> <Delay = 0.00>
ST_1 : Operation 11 [1/1] (0.00ns)   --->   "%i = alloca i32 1" [src/generic/fp_generic.c:139]   --->   Operation 11 'alloca' 'i' <Predicate = true> <Delay = 0.00>
ST_1 : Operation 12 [1/1] (0.00ns)   --->   "%u_016 = alloca i32 1" [src/generic/fp_generic.c:140]   --->   Operation 12 'alloca' 'u_016' <Predicate = true> <Delay = 0.00>
ST_1 : Operation 13 [1/1] (0.00ns)   --->   "%v_017 = alloca i32 1" [src/generic/fp_generic.c:140]   --->   Operation 13 'alloca' 'v_017' <Predicate = true> <Delay = 0.00>
ST_1 : Operation 14 [1/1] (0.00ns)   --->   "%t_33_loc = alloca i32 1"   --->   Operation 14 'alloca' 't_33_loc' <Predicate = true> <Delay = 0.00>
ST_1 : Operation 15 [1/1] (0.00ns)   --->   "%v_35_loc = alloca i32 1"   --->   Operation 15 'alloca' 'v_35_loc' <Predicate = true> <Delay = 0.00>
ST_1 : Operation 16 [1/1] (0.00ns)   --->   "%v_94_loc = alloca i32 1"   --->   Operation 16 'alloca' 'v_94_loc' <Predicate = true> <Delay = 0.00>
ST_1 : Operation 17 [1/1] (0.00ns)   --->   "%store_ln140 = store i64 0, i64 %v_017" [src/generic/fp_generic.c:140]   --->   Operation 17 'store' 'store_ln140' <Predicate = true> <Delay = 0.00>
ST_1 : Operation 18 [1/1] (0.00ns)   --->   "%store_ln140 = store i4 0, i4 %u_016" [src/generic/fp_generic.c:140]   --->   Operation 18 'store' 'store_ln140' <Predicate = true> <Delay = 0.00>
ST_1 : Operation 19 [1/1] (1.58ns)   --->   "%store_ln139 = store i4 0, i4 %i" [src/generic/fp_generic.c:139]   --->   Operation 19 'store' 'store_ln139' <Predicate = true> <Delay = 1.58>
ST_1 : Operation 20 [1/1] (1.58ns)   --->   "%store_ln0 = store i4 1, i4 %indvars_iv31"   --->   Operation 20 'store' 'store_ln0' <Predicate = true> <Delay = 1.58>
ST_1 : Operation 21 [1/1] (0.00ns)   --->   "%br_ln143 = br void %VITIS_LOOP_144_2" [src/generic/fp_generic.c:143]   --->   Operation 21 'br' 'br_ln143' <Predicate = true> <Delay = 0.00>

State 2 <SV = 1> <Delay = 3.32>
ST_2 : Operation 22 [1/1] (0.00ns)   --->   "%i_33 = load i4 %i" [src/generic/fp_generic.c:143]   --->   Operation 22 'load' 'i_33' <Predicate = true> <Delay = 0.00>
ST_2 : Operation 23 [1/1] (0.00ns)   --->   "%u = load i4 %u_016"   --->   Operation 23 'load' 'u' <Predicate = true> <Delay = 0.00>
ST_2 : Operation 24 [1/1] (0.00ns)   --->   "%v_129 = load i64 %v_017"   --->   Operation 24 'load' 'v_129' <Predicate = true> <Delay = 0.00>
ST_2 : Operation 25 [1/1] (1.73ns)   --->   "%icmp_ln143 = icmp_eq  i4 %i_33, i4 8" [src/generic/fp_generic.c:143]   --->   Operation 25 'icmp' 'icmp_ln143' <Predicate = true> <Delay = 1.73> <CoreInst = "Cmp">   --->   Core 9 'Cmp' <Latency = 0> <II = 1> <Delay = 1.73> <FuncUnit> <Opcode : 'seteq' 'setne' 'setle' 'setge' 'setlt' 'setgt'> <InPorts = 2> <OutPorts = 1>
ST_2 : Operation 26 [1/1] (1.73ns)   --->   "%add_ln143 = add i4 %i_33, i4 1" [src/generic/fp_generic.c:143]   --->   Operation 26 'add' 'add_ln143' <Predicate = true> <Delay = 1.73> <CoreInst = "Adder">   --->   Core 1 'Adder' <Latency = 0> <II = 1> <Delay = 1.73> <FuncUnit> <Opcode : 'add' 'sub'> <InPorts = 2> <OutPorts = 1>
ST_2 : Operation 27 [1/1] (0.00ns)   --->   "%br_ln143 = br i1 %icmp_ln143, void %VITIS_LOOP_144_2.split, void %VITIS_LOOP_157_4.preheader" [src/generic/fp_generic.c:143]   --->   Operation 27 'br' 'br_ln143' <Predicate = true> <Delay = 0.00>
ST_2 : Operation 28 [1/1] (0.00ns)   --->   "%trunc_ln143 = trunc i4 %i_33" [src/generic/fp_generic.c:143]   --->   Operation 28 'trunc' 'trunc_ln143' <Predicate = (!icmp_ln143)> <Delay = 0.00>
ST_2 : Operation 29 [1/1] (1.58ns)   --->   "%store_ln139 = store i4 %add_ln143, i4 %i" [src/generic/fp_generic.c:139]   --->   Operation 29 'store' 'store_ln139' <Predicate = (!icmp_ln143)> <Delay = 1.58>
ST_2 : Operation 30 [1/1] (0.00ns)   --->   "%u_29 = alloca i32 1" [src/generic/fp_generic.c:140]   --->   Operation 30 'alloca' 'u_29' <Predicate = (icmp_ln143)> <Delay = 0.00>
ST_2 : Operation 31 [1/1] (0.00ns)   --->   "%v = alloca i32 1" [src/generic/fp_generic.c:140]   --->   Operation 31 'alloca' 'v' <Predicate = (icmp_ln143)> <Delay = 0.00>
ST_2 : Operation 32 [1/1] (0.00ns)   --->   "%indvars_iv = alloca i32 1"   --->   Operation 32 'alloca' 'indvars_iv' <Predicate = (icmp_ln143)> <Delay = 0.00>
ST_2 : Operation 33 [1/1] (0.00ns)   --->   "%i_17 = alloca i32 1" [src/generic/fp_generic.c:139]   --->   Operation 33 'alloca' 'i_17' <Predicate = (icmp_ln143)> <Delay = 0.00>
ST_2 : Operation 34 [1/1] (1.58ns)   --->   "%store_ln139 = store i4 8, i4 %i_17" [src/generic/fp_generic.c:139]   --->   Operation 34 'store' 'store_ln139' <Predicate = (icmp_ln143)> <Delay = 1.58>
ST_2 : Operation 35 [1/1] (1.58ns)   --->   "%store_ln0 = store i4 1, i4 %indvars_iv"   --->   Operation 35 'store' 'store_ln0' <Predicate = (icmp_ln143)> <Delay = 1.58>
ST_2 : Operation 36 [1/1] (0.00ns)   --->   "%store_ln140 = store i64 %v_129, i64 %v" [src/generic/fp_generic.c:140]   --->   Operation 36 'store' 'store_ln140' <Predicate = (icmp_ln143)> <Delay = 0.00>
ST_2 : Operation 37 [1/1] (1.58ns)   --->   "%store_ln140 = store i4 %u, i4 %u_29" [src/generic/fp_generic.c:140]   --->   Operation 37 'store' 'store_ln140' <Predicate = (icmp_ln143)> <Delay = 1.58>
ST_2 : Operation 38 [1/1] (0.00ns)   --->   "%br_ln156 = br void %VITIS_LOOP_157_4" [src/generic/fp_generic.c:156]   --->   Operation 38 'br' 'br_ln156' <Predicate = (icmp_ln143)> <Delay = 0.00>

State 3 <SV = 2> <Delay = 5.03>
ST_3 : Operation 39 [1/1] (0.00ns)   --->   "%indvars_iv31_load = load i4 %indvars_iv31" [src/generic/fp_generic.c:143]   --->   Operation 39 'load' 'indvars_iv31_load' <Predicate = true> <Delay = 0.00>
ST_3 : Operation 40 [2/2] (5.03ns)   --->   "%call_ln143 = call void @mp_mul.67.69_Pipeline_VITIS_LOOP_144_2, i64 %v_129, i4 %u, i4 %indvars_iv31_load, i64 %a, i3 %trunc_ln143, i64 %b_0, i64 %b_1, i64 %v_94_loc, i64 %v_017, i4 %u_016" [src/generic/fp_generic.c:143]   --->   Operation 40 'call' 'call_ln143' <Predicate = true> <Delay = 5.03> <CoreType = "Generic">   --->   Generic Core
ST_3 : Operation 41 [1/1] (1.73ns)   --->   "%add_ln143_5 = add i4 %indvars_iv31_load, i4 1" [src/generic/fp_generic.c:143]   --->   Operation 41 'add' 'add_ln143_5' <Predicate = true> <Delay = 1.73> <CoreInst = "Adder">   --->   Core 1 'Adder' <Latency = 0> <II = 1> <Delay = 1.73> <FuncUnit> <Opcode : 'add' 'sub'> <InPorts = 2> <OutPorts = 1>
ST_3 : Operation 42 [1/1] (1.58ns)   --->   "%store_ln143 = store i4 %add_ln143_5, i4 %indvars_iv31" [src/generic/fp_generic.c:143]   --->   Operation 42 'store' 'store_ln143' <Predicate = true> <Delay = 1.58>

State 4 <SV = 3> <Delay = 0.00>
ST_4 : Operation 43 [1/2] (0.00ns)   --->   "%call_ln143 = call void @mp_mul.67.69_Pipeline_VITIS_LOOP_144_2, i64 %v_129, i4 %u, i4 %indvars_iv31_load, i64 %a, i3 %trunc_ln143, i64 %b_0, i64 %b_1, i64 %v_94_loc, i64 %v_017, i4 %u_016" [src/generic/fp_generic.c:143]   --->   Operation 43 'call' 'call_ln143' <Predicate = true> <Delay = 0.00> <CoreType = "Generic">   --->   Generic Core

State 5 <SV = 4> <Delay = 3.25>
ST_5 : Operation 44 [1/1] (0.00ns)   --->   "%speclooptripcount_ln140 = speclooptripcount void @_ssdm_op_SpecLoopTripCount, i64 8, i64 8, i64 8" [src/generic/fp_generic.c:140]   --->   Operation 44 'speclooptripcount' 'speclooptripcount_ln140' <Predicate = true> <Delay = 0.00>
ST_5 : Operation 45 [1/1] (0.00ns)   --->   "%specloopname_ln143 = specloopname void @_ssdm_op_SpecLoopName, void @empty" [src/generic/fp_generic.c:143]   --->   Operation 45 'specloopname' 'specloopname_ln143' <Predicate = true> <Delay = 0.00>
ST_5 : Operation 46 [1/1] (0.00ns)   --->   "%v_94_loc_load = load i64 %v_94_loc"   --->   Operation 46 'load' 'v_94_loc_load' <Predicate = true> <Delay = 0.00>
ST_5 : Operation 47 [1/1] (0.00ns)   --->   "%zext_ln150 = zext i3 %trunc_ln143" [src/generic/fp_generic.c:150]   --->   Operation 47 'zext' 'zext_ln150' <Predicate = true> <Delay = 0.00>
ST_5 : Operation 48 [1/1] (0.00ns)   --->   "%c_addr_9 = getelementptr i64 %c, i32 0, i32 %zext_ln150" [src/generic/fp_generic.c:150]   --->   Operation 48 'getelementptr' 'c_addr_9' <Predicate = true> <Delay = 0.00>
ST_5 : Operation 49 [1/1] ( I:3.25ns O:3.25ns )   --->   "%store_ln150 = store i64 %v_94_loc_load, i4 %c_addr_9" [src/generic/fp_generic.c:150]   --->   Operation 49 'store' 'store_ln150' <Predicate = true> <Delay = 3.25> <CoreInst = "RAM">   --->   Core 81 'RAM' <Latency = 1> <II = 1> <Delay = 3.25> <Storage> <Opcode : 'load' 'store'> <Ports = 2> <Width = 64> <Depth = 16> <RAM>
ST_5 : Operation 50 [1/1] (0.00ns)   --->   "%br_ln143 = br void %VITIS_LOOP_144_2" [src/generic/fp_generic.c:143]   --->   Operation 50 'br' 'br_ln143' <Predicate = true> <Delay = 0.00>

State 6 <SV = 2> <Delay = 4.98>
ST_6 : Operation 51 [1/1] (0.00ns)   --->   "%i_34 = load i4 %i_17" [src/generic/fp_generic.c:156]   --->   Operation 51 'load' 'i_34' <Predicate = true> <Delay = 0.00>
ST_6 : Operation 52 [1/1] (1.73ns)   --->   "%icmp_ln156 = icmp_eq  i4 %i_34, i4 15" [src/generic/fp_generic.c:156]   --->   Operation 52 'icmp' 'icmp_ln156' <Predicate = true> <Delay = 1.73> <CoreInst = "Cmp">   --->   Core 9 'Cmp' <Latency = 0> <II = 1> <Delay = 1.73> <FuncUnit> <Opcode : 'seteq' 'setne' 'setle' 'setge' 'setlt' 'setgt'> <InPorts = 2> <OutPorts = 1>
ST_6 : Operation 53 [1/1] (0.00ns)   --->   "%br_ln156 = br i1 %icmp_ln156, void %VITIS_LOOP_157_4.split, void %for.end65" [src/generic/fp_generic.c:156]   --->   Operation 53 'br' 'br_ln156' <Predicate = true> <Delay = 0.00>
ST_6 : Operation 54 [1/1] (0.00ns)   --->   "%v_load = load i64 %v"   --->   Operation 54 'load' 'v_load' <Predicate = (!icmp_ln156)> <Delay = 0.00>
ST_6 : Operation 55 [1/1] (1.73ns)   --->   "%add_ln156 = add i4 %i_34, i4 1" [src/generic/fp_generic.c:156]   --->   Operation 55 'add' 'add_ln156' <Predicate = (!icmp_ln156)> <Delay = 1.73> <CoreInst = "Adder">   --->   Core 1 'Adder' <Latency = 0> <II = 1> <Delay = 1.73> <FuncUnit> <Opcode : 'add' 'sub'> <InPorts = 2> <OutPorts = 1>
ST_6 : Operation 56 [1/1] (1.58ns)   --->   "%store_ln139 = store i4 %add_ln156, i4 %i_17" [src/generic/fp_generic.c:139]   --->   Operation 56 'store' 'store_ln139' <Predicate = (!icmp_ln156)> <Delay = 1.58>
ST_6 : Operation 57 [1/1] (0.00ns)   --->   "%v_load59 = load i64 %v" [src/generic/fp_generic.c:168]   --->   Operation 57 'load' 'v_load59' <Predicate = (icmp_ln156)> <Delay = 0.00>
ST_6 : Operation 58 [1/1] (0.00ns)   --->   "%c_addr = getelementptr i64 %c, i32 0, i32 15" [src/generic/fp_generic.c:168]   --->   Operation 58 'getelementptr' 'c_addr' <Predicate = (icmp_ln156)> <Delay = 0.00>
ST_6 : Operation 59 [1/1] ( I:3.25ns O:3.25ns )   --->   "%store_ln168 = store i64 %v_load59, i4 %c_addr" [src/generic/fp_generic.c:168]   --->   Operation 59 'store' 'store_ln168' <Predicate = (icmp_ln156)> <Delay = 3.25> <CoreInst = "RAM">   --->   Core 81 'RAM' <Latency = 1> <II = 1> <Delay = 3.25> <Storage> <Opcode : 'load' 'store'> <Ports = 2> <Width = 64> <Depth = 16> <RAM>
ST_6 : Operation 60 [1/1] (0.00ns)   --->   "%ret_ln169 = ret" [src/generic/fp_generic.c:169]   --->   Operation 60 'ret' 'ret_ln169' <Predicate = (icmp_ln156)> <Delay = 0.00>

State 7 <SV = 3> <Delay = 6.62>
ST_7 : Operation 61 [1/1] (0.00ns)   --->   "%u_29_load = load i4 %u_29"   --->   Operation 61 'load' 'u_29_load' <Predicate = true> <Delay = 0.00>
ST_7 : Operation 62 [1/1] (0.00ns)   --->   "%indvars_iv_load = load i4 %indvars_iv" [src/generic/fp_generic.c:156]   --->   Operation 62 'load' 'indvars_iv_load' <Predicate = true> <Delay = 0.00>
ST_7 : Operation 63 [1/1] (0.00ns)   --->   "%trunc_ln156 = trunc i4 %indvars_iv_load" [src/generic/fp_generic.c:156]   --->   Operation 63 'trunc' 'trunc_ln156' <Predicate = true> <Delay = 0.00>
ST_7 : Operation 64 [2/2] (6.62ns)   --->   "%call_ln156 = call void @mp_mul.67.69_Pipeline_VITIS_LOOP_157_4, i3 %trunc_ln156, i64 %v_load, i4 %u_29_load, i64 %a, i4 %i_34, i64 %b_0, i64 %b_1, i64 %v_35_loc, i64 %v, i3 %t_33_loc" [src/generic/fp_generic.c:156]   --->   Operation 64 'call' 'call_ln156' <Predicate = true> <Delay = 6.62> <CoreType = "Generic">   --->   Generic Core
ST_7 : Operation 65 [1/1] (1.73ns)   --->   "%add_ln156_5 = add i4 %indvars_iv_load, i4 1" [src/generic/fp_generic.c:156]   --->   Operation 65 'add' 'add_ln156_5' <Predicate = true> <Delay = 1.73> <CoreInst = "Adder">   --->   Core 1 'Adder' <Latency = 0> <II = 1> <Delay = 1.73> <FuncUnit> <Opcode : 'add' 'sub'> <InPorts = 2> <OutPorts = 1>
ST_7 : Operation 66 [1/1] (1.58ns)   --->   "%store_ln156 = store i4 %add_ln156_5, i4 %indvars_iv" [src/generic/fp_generic.c:156]   --->   Operation 66 'store' 'store_ln156' <Predicate = true> <Delay = 1.58>

State 8 <SV = 4> <Delay = 0.00>
ST_8 : Operation 67 [1/2] (0.00ns)   --->   "%call_ln156 = call void @mp_mul.67.69_Pipeline_VITIS_LOOP_157_4, i3 %trunc_ln156, i64 %v_load, i4 %u_29_load, i64 %a, i4 %i_34, i64 %b_0, i64 %b_1, i64 %v_35_loc, i64 %v, i3 %t_33_loc" [src/generic/fp_generic.c:156]   --->   Operation 67 'call' 'call_ln156' <Predicate = true> <Delay = 0.00> <CoreType = "Generic">   --->   Generic Core

State 9 <SV = 5> <Delay = 3.25>
ST_9 : Operation 68 [1/1] (0.00ns)   --->   "%speclooptripcount_ln139 = speclooptripcount void @_ssdm_op_SpecLoopTripCount, i64 7, i64 7, i64 7" [src/generic/fp_generic.c:139]   --->   Operation 68 'speclooptripcount' 'speclooptripcount_ln139' <Predicate = true> <Delay = 0.00>
ST_9 : Operation 69 [1/1] (0.00ns)   --->   "%specloopname_ln156 = specloopname void @_ssdm_op_SpecLoopName, void @empty_74" [src/generic/fp_generic.c:156]   --->   Operation 69 'specloopname' 'specloopname_ln156' <Predicate = true> <Delay = 0.00>
ST_9 : Operation 70 [1/1] (0.00ns)   --->   "%v_35_loc_load = load i64 %v_35_loc"   --->   Operation 70 'load' 'v_35_loc_load' <Predicate = true> <Delay = 0.00>
ST_9 : Operation 71 [1/1] (0.00ns)   --->   "%t_33_loc_load = load i3 %t_33_loc"   --->   Operation 71 'load' 't_33_loc_load' <Predicate = true> <Delay = 0.00>
ST_9 : Operation 72 [1/1] (0.00ns)   --->   "%zext_ln157 = zext i3 %t_33_loc_load" [src/generic/fp_generic.c:157]   --->   Operation 72 'zext' 'zext_ln157' <Predicate = true> <Delay = 0.00>
ST_9 : Operation 73 [1/1] (0.00ns)   --->   "%zext_ln163 = zext i4 %i_34" [src/generic/fp_generic.c:163]   --->   Operation 73 'zext' 'zext_ln163' <Predicate = true> <Delay = 0.00>
ST_9 : Operation 74 [1/1] (0.00ns)   --->   "%c_addr_10 = getelementptr i64 %c, i32 0, i32 %zext_ln163" [src/generic/fp_generic.c:163]   --->   Operation 74 'getelementptr' 'c_addr_10' <Predicate = true> <Delay = 0.00>
ST_9 : Operation 75 [1/1] ( I:3.25ns O:3.25ns )   --->   "%store_ln163 = store i64 %v_35_loc_load, i4 %c_addr_10" [src/generic/fp_generic.c:163]   --->   Operation 75 'store' 'store_ln163' <Predicate = true> <Delay = 3.25> <CoreInst = "RAM">   --->   Core 81 'RAM' <Latency = 1> <II = 1> <Delay = 3.25> <Storage> <Opcode : 'load' 'store'> <Ports = 2> <Width = 64> <Depth = 16> <RAM>
ST_9 : Operation 76 [1/1] (1.58ns)   --->   "%store_ln140 = store i4 %zext_ln157, i4 %u_29" [src/generic/fp_generic.c:140]   --->   Operation 76 'store' 'store_ln140' <Predicate = true> <Delay = 1.58>
ST_9 : Operation 77 [1/1] (0.00ns)   --->   "%br_ln156 = br void %VITIS_LOOP_157_4" [src/generic/fp_generic.c:156]   --->   Operation 77 'br' 'br_ln156' <Predicate = true> <Delay = 0.00>


============================================================
+ Verbose Summary: Binding
============================================================
STG Binding: 
---------------- STG Properties BEGIN ----------------
- Is combinational: 0
- Is one-state seq: 0
- Is datapath-only: 0
- Is pipelined: 0
- Is top level: 0
Port [ Return ] is wired: 1; IO mode=ap_ctrl_hs:ce=0
Port [ a]:  wired=1; compound=1; hidden=0; nouse=0; global=0; static=0; extern=0; dir=0; type=1; pingpong=0; private_global=0; MemPort=[13]; IO mode=ap_memory:ce=0
Port [ b_0]:  wired=1; compound=1; hidden=0; nouse=0; global=0; static=0; extern=0; dir=0; type=1; pingpong=0; private_global=0; MemPort=[13]; IO mode=ap_memory:ce=0
Port [ b_1]:  wired=1; compound=1; hidden=0; nouse=0; global=0; static=0; extern=0; dir=0; type=1; pingpong=0; private_global=0; MemPort=[13]; IO mode=ap_memory:ce=0
Port [ c]:  wired=1; compound=1; hidden=0; nouse=0; global=0; static=0; extern=0; dir=1; type=1; pingpong=0; private_global=0; MemPort=[03]; IO mode=ap_memory:ce=0
---------------- STG Properties END ------------------

---------------- Datapath Model BEGIN ----------------

<LifeTime>
<method=bitvector/>
indvars_iv31            (alloca           ) [ 0111110000]
i                       (alloca           ) [ 0111110000]
u_016                   (alloca           ) [ 0111110000]
v_017                   (alloca           ) [ 0111110000]
t_33_loc                (alloca           ) [ 0011111111]
v_35_loc                (alloca           ) [ 0011111111]
v_94_loc                (alloca           ) [ 0011110000]
store_ln140             (store            ) [ 0000000000]
store_ln140             (store            ) [ 0000000000]
store_ln139             (store            ) [ 0000000000]
store_ln0               (store            ) [ 0000000000]
br_ln143                (br               ) [ 0000000000]
i_33                    (load             ) [ 0000000000]
u                       (load             ) [ 0001100000]
v_129                   (load             ) [ 0001100000]
icmp_ln143              (icmp             ) [ 0011110000]
add_ln143               (add              ) [ 0000000000]
br_ln143                (br               ) [ 0000000000]
trunc_ln143             (trunc            ) [ 0001110000]
store_ln139             (store            ) [ 0000000000]
u_29                    (alloca           ) [ 0011111111]
v                       (alloca           ) [ 0011111111]
indvars_iv              (alloca           ) [ 0011111111]
i_17                    (alloca           ) [ 0011111111]
store_ln139             (store            ) [ 0000000000]
store_ln0               (store            ) [ 0000000000]
store_ln140             (store            ) [ 0000000000]
store_ln140             (store            ) [ 0000000000]
br_ln156                (br               ) [ 0000000000]
indvars_iv31_load       (load             ) [ 0000100000]
add_ln143_5             (add              ) [ 0000000000]
store_ln143             (store            ) [ 0000000000]
call_ln143              (call             ) [ 0000000000]
speclooptripcount_ln140 (speclooptripcount) [ 0000000000]
specloopname_ln143      (specloopname     ) [ 0000000000]
v_94_loc_load           (load             ) [ 0000000000]
zext_ln150              (zext             ) [ 0000000000]
c_addr_9                (getelementptr    ) [ 0000000000]
store_ln150             (store            ) [ 0000000000]
br_ln143                (br               ) [ 0000000000]
i_34                    (load             ) [ 0000000111]
icmp_ln156              (icmp             ) [ 0000001111]
br_ln156                (br               ) [ 0000000000]
v_load                  (load             ) [ 0000000110]
add_ln156               (add              ) [ 0000000000]
store_ln139             (store            ) [ 0000000000]
v_load59                (load             ) [ 0000000000]
c_addr                  (getelementptr    ) [ 0000000000]
store_ln168             (store            ) [ 0000000000]
ret_ln169               (ret              ) [ 0000000000]
u_29_load               (load             ) [ 0000000010]
indvars_iv_load         (load             ) [ 0000000000]
trunc_ln156             (trunc            ) [ 0000000010]
add_ln156_5             (add              ) [ 0000000000]
store_ln156             (store            ) [ 0000000000]
call_ln156              (call             ) [ 0000000000]
speclooptripcount_ln139 (speclooptripcount) [ 0000000000]
specloopname_ln156      (specloopname     ) [ 0000000000]
v_35_loc_load           (load             ) [ 0000000000]
t_33_loc_load           (load             ) [ 0000000000]
zext_ln157              (zext             ) [ 0000000000]
zext_ln163              (zext             ) [ 0000000000]
c_addr_10               (getelementptr    ) [ 0000000000]
store_ln163             (store            ) [ 0000000000]
store_ln140             (store            ) [ 0000000000]
br_ln156                (br               ) [ 0000000000]
</LifeTime>

<model>

<comp_list>
<comp id="0" class="1000" name="a">
<pin_list>
<pin id="1" dir="1" index="0" bw="1" slack="0"/>
</pin_list>
<bind>
<StgValue><ssdm name="a"/><MemPortTyVec>1 3 </MemPortTyVec>
</StgValue>
</bind>
</comp>

<comp id="2" class="1000" name="b_0">
<pin_list>
<pin id="3" dir="1" index="0" bw="1" slack="0"/>
</pin_list>
<bind>
<StgValue><ssdm name="b_0"/><MemPortTyVec>1 3 </MemPortTyVec>
</StgValue>
</bind>
</comp>

<comp id="4" class="1000" name="b_1">
<pin_list>
<pin id="5" dir="1" index="0" bw="1" slack="0"/>
</pin_list>
<bind>
<StgValue><ssdm name="b_1"/><MemPortTyVec>1 3 </MemPortTyVec>
</StgValue>
</bind>
</comp>

<comp id="6" class="1000" name="c">
<pin_list>
<pin id="7" dir="1" index="0" bw="1" slack="0"/>
</pin_list>
<bind>
<StgValue><ssdm name="c"/><MemPortTyVec>0 3 </MemPortTyVec>
</StgValue>
</bind>
</comp>

<comp id="8" class="1001" name="const_8">
<pin_list>
<pin id="9" dir="1" index="0" bw="1" slack="0"/>
</pin_list>
<bind>
<StgValue><ssdm name=""/></StgValue>
</bind>
</comp>

<comp id="10" class="1001" name="const_10">
<pin_list>
<pin id="11" dir="1" index="0" bw="1" slack="0"/>
</pin_list>
<bind>
<StgValue><ssdm name=""/></StgValue>
</bind>
</comp>

<comp id="12" class="1001" name="const_12">
<pin_list>
<pin id="13" dir="1" index="0" bw="1" slack="0"/>
</pin_list>
<bind>
<StgValue><ssdm name=""/></StgValue>
</bind>
</comp>

<comp id="14" class="1001" name="const_14">
<pin_list>
<pin id="15" dir="1" index="0" bw="1" slack="0"/>
</pin_list>
<bind>
<StgValue><ssdm name=""/></StgValue>
</bind>
</comp>

<comp id="16" class="1001" name="const_16">
<pin_list>
<pin id="17" dir="1" index="0" bw="1" slack="0"/>
</pin_list>
<bind>
<StgValue><ssdm name=""/></StgValue>
</bind>
</comp>

<comp id="18" class="1001" name="const_18">
<pin_list>
<pin id="19" dir="1" index="0" bw="1" slack="0"/>
</pin_list>
<bind>
<StgValue><ssdm name="mp_mul.67.69_Pipeline_VITIS_LOOP_144_2"/></StgValue>
</bind>
</comp>

<comp id="20" class="1001" name="const_20">
<pin_list>
<pin id="21" dir="1" index="0" bw="1" slack="2147483647"/>
</pin_list>
<bind>
<StgValue><ssdm name="_ssdm_op_SpecLoopTripCount"/></StgValue>
</bind>
</comp>

<comp id="22" class="1001" name="const_22">
<pin_list>
<pin id="23" dir="1" index="0" bw="1" slack="2147483647"/>
</pin_list>
<bind>
<StgValue><ssdm name=""/></StgValue>
</bind>
</comp>

<comp id="24" class="1001" name="const_24">
<pin_list>
<pin id="25" dir="1" index="0" bw="1" slack="2147483647"/>
</pin_list>
<bind>
<StgValue><ssdm name="_ssdm_op_SpecLoopName"/></StgValue>
</bind>
</comp>

<comp id="26" class="1001" name="const_26">
<pin_list>
<pin id="27" dir="1" index="0" bw="1" slack="2147483647"/>
</pin_list>
<bind>
<StgValue><ssdm name="empty"/></StgValue>
</bind>
</comp>

<comp id="28" class="1001" name="const_28">
<pin_list>
<pin id="29" dir="1" index="0" bw="1" slack="0"/>
</pin_list>
<bind>
<StgValue><ssdm name=""/></StgValue>
</bind>
</comp>

<comp id="30" class="1001" name="const_30">
<pin_list>
<pin id="31" dir="1" index="0" bw="1" slack="0"/>
</pin_list>
<bind>
<StgValue><ssdm name=""/></StgValue>
</bind>
</comp>

<comp id="32" class="1001" name="const_32">
<pin_list>
<pin id="33" dir="1" index="0" bw="1" slack="0"/>
</pin_list>
<bind>
<StgValue><ssdm name=""/></StgValue>
</bind>
</comp>

<comp id="34" class="1001" name="const_34">
<pin_list>
<pin id="35" dir="1" index="0" bw="1" slack="0"/>
</pin_list>
<bind>
<StgValue><ssdm name="mp_mul.67.69_Pipeline_VITIS_LOOP_157_4"/></StgValue>
</bind>
</comp>

<comp id="36" class="1001" name="const_36">
<pin_list>
<pin id="37" dir="1" index="0" bw="1" slack="2147483647"/>
</pin_list>
<bind>
<StgValue><ssdm name=""/></StgValue>
</bind>
</comp>

<comp id="38" class="1001" name="const_38">
<pin_list>
<pin id="39" dir="1" index="0" bw="1" slack="2147483647"/>
</pin_list>
<bind>
<StgValue><ssdm name="empty_74"/></StgValue>
</bind>
</comp>

<comp id="40" class="1004" name="indvars_iv31_fu_40">
<pin_list>
<pin id="41" dir="0" index="0" bw="1" slack="0"/>
<pin id="42" dir="1" index="1" bw="4" slack="0"/>
</pin_list>
<bind>
<opcode="alloca(26) " fcode="alloca"/>
<opset="indvars_iv31/1 "/>
</bind>
</comp>

<comp id="44" class="1004" name="i_fu_44">
<pin_list>
<pin id="45" dir="0" index="0" bw="1" slack="0"/>
<pin id="46" dir="1" index="1" bw="4" slack="0"/>
</pin_list>
<bind>
<opcode="alloca(26) " fcode="alloca"/>
<opset="i/1 "/>
</bind>
</comp>

<comp id="48" class="1004" name="u_016_fu_48">
<pin_list>
<pin id="49" dir="0" index="0" bw="1" slack="0"/>
<pin id="50" dir="1" index="1" bw="4" slack="0"/>
</pin_list>
<bind>
<opcode="alloca(26) " fcode="alloca"/>
<opset="u_016/1 "/>
</bind>
</comp>

<comp id="52" class="1004" name="v_017_fu_52">
<pin_list>
<pin id="53" dir="0" index="0" bw="1" slack="0"/>
<pin id="54" dir="1" index="1" bw="64" slack="0"/>
</pin_list>
<bind>
<opcode="alloca(26) " fcode="alloca"/>
<opset="v_017/1 "/>
</bind>
</comp>

<comp id="56" class="1004" name="t_33_loc_fu_56">
<pin_list>
<pin id="57" dir="0" index="0" bw="1" slack="0"/>
<pin id="58" dir="1" index="1" bw="3" slack="3"/>
</pin_list>
<bind>
<opcode="alloca(26) " fcode="alloca"/>
<opset="t_33_loc/1 "/>
</bind>
</comp>

<comp id="60" class="1004" name="v_35_loc_fu_60">
<pin_list>
<pin id="61" dir="0" index="0" bw="1" slack="0"/>
<pin id="62" dir="1" index="1" bw="64" slack="3"/>
</pin_list>
<bind>
<opcode="alloca(26) " fcode="alloca"/>
<opset="v_35_loc/1 "/>
</bind>
</comp>

<comp id="64" class="1004" name="v_94_loc_fu_64">
<pin_list>
<pin id="65" dir="0" index="0" bw="1" slack="0"/>
<pin id="66" dir="1" index="1" bw="64" slack="2"/>
</pin_list>
<bind>
<opcode="alloca(26) " fcode="alloca"/>
<opset="v_94_loc/1 "/>
</bind>
</comp>

<comp id="68" class="1004" name="u_29_fu_68">
<pin_list>
<pin id="69" dir="0" index="0" bw="1" slack="0"/>
<pin id="70" dir="1" index="1" bw="4" slack="0"/>
</pin_list>
<bind>
<opcode="alloca(26) " fcode="alloca"/>
<opset="u_29/2 "/>
</bind>
</comp>

<comp id="72" class="1004" name="v_fu_72">
<pin_list>
<pin id="73" dir="0" index="0" bw="1" slack="0"/>
<pin id="74" dir="1" index="1" bw="64" slack="0"/>
</pin_list>
<bind>
<opcode="alloca(26) " fcode="alloca"/>
<opset="v/2 "/>
</bind>
</comp>

<comp id="76" class="1004" name="indvars_iv_fu_76">
<pin_list>
<pin id="77" dir="0" index="0" bw="1" slack="0"/>
<pin id="78" dir="1" index="1" bw="4" slack="0"/>
</pin_list>
<bind>
<opcode="alloca(26) " fcode="alloca"/>
<opset="indvars_iv/2 "/>
</bind>
</comp>

<comp id="80" class="1004" name="i_17_fu_80">
<pin_list>
<pin id="81" dir="0" index="0" bw="1" slack="0"/>
<pin id="82" dir="1" index="1" bw="4" slack="0"/>
</pin_list>
<bind>
<opcode="alloca(26) " fcode="alloca"/>
<opset="i_17/2 "/>
</bind>
</comp>

<comp id="84" class="1004" name="c_addr_9_gep_fu_84">
<pin_list>
<pin id="85" dir="0" index="0" bw="64" slack="0"/>
<pin id="86" dir="0" index="1" bw="1" slack="0"/>
<pin id="87" dir="0" index="2" bw="3" slack="0"/>
<pin id="88" dir="1" index="3" bw="4" slack="0"/>
</pin_list>
<bind>
<opcode="getelementptr(29) " fcode="getelementptr"/>
<opset="c_addr_9/5 "/>
</bind>
</comp>

<comp id="91" class="1004" name="grp_access_fu_91">
<pin_list>
<pin id="92" dir="0" index="0" bw="4" slack="0"/>
<pin id="93" dir="0" index="1" bw="64" slack="0"/>
<pin id="94" dir="0" index="2" bw="0" slack="2147483647"/>
<pin id="95" dir="1" index="3" bw="64" slack="2147483647"/>
</pin_list>
<bind>
<opcode="store(28) " fcode="store"/>
<opset="store_ln150/5 store_ln168/6 store_ln163/9 "/>
</bind>
</comp>

<comp id="97" class="1004" name="c_addr_gep_fu_97">
<pin_list>
<pin id="98" dir="0" index="0" bw="64" slack="0"/>
<pin id="99" dir="0" index="1" bw="1" slack="0"/>
<pin id="100" dir="0" index="2" bw="5" slack="0"/>
<pin id="101" dir="1" index="3" bw="4" slack="0"/>
</pin_list>
<bind>
<opcode="getelementptr(29) " fcode="getelementptr"/>
<opset="c_addr/6 "/>
</bind>
</comp>

<comp id="106" class="1004" name="c_addr_10_gep_fu_106">
<pin_list>
<pin id="107" dir="0" index="0" bw="64" slack="0"/>
<pin id="108" dir="0" index="1" bw="1" slack="0"/>
<pin id="109" dir="0" index="2" bw="4" slack="0"/>
<pin id="110" dir="1" index="3" bw="4" slack="0"/>
</pin_list>
<bind>
<opcode="getelementptr(29) " fcode="getelementptr"/>
<opset="c_addr_10/9 "/>
</bind>
</comp>

<comp id="114" class="1004" name="grp_mp_mul_67_69_Pipeline_VITIS_LOOP_144_2_fu_114">
<pin_list>
<pin id="115" dir="0" index="0" bw="0" slack="0"/>
<pin id="116" dir="0" index="1" bw="64" slack="2"/>
<pin id="117" dir="0" index="2" bw="4" slack="2"/>
<pin id="118" dir="0" index="3" bw="4" slack="0"/>
<pin id="119" dir="0" index="4" bw="64" slack="0"/>
<pin id="120" dir="0" index="5" bw="3" slack="1"/>
<pin id="121" dir="0" index="6" bw="64" slack="0"/>
<pin id="122" dir="0" index="7" bw="64" slack="0"/>
<pin id="123" dir="0" index="8" bw="64" slack="2"/>
<pin id="124" dir="0" index="9" bw="64" slack="2"/>
<pin id="125" dir="0" index="10" bw="4" slack="2"/>
<pin id="126" dir="1" index="11" bw="0" slack="2147483647"/>
</pin_list>
<bind>
<opcode="call(48) " fcode="call"/>
<opset="call_ln143/3 "/>
</bind>
</comp>

<comp id="131" class="1004" name="grp_mp_mul_67_69_Pipeline_VITIS_LOOP_157_4_fu_131">
<pin_list>
<pin id="132" dir="0" index="0" bw="0" slack="0"/>
<pin id="133" dir="0" index="1" bw="3" slack="0"/>
<pin id="134" dir="0" index="2" bw="64" slack="1"/>
<pin id="135" dir="0" index="3" bw="4" slack="0"/>
<pin id="136" dir="0" index="4" bw="64" slack="0"/>
<pin id="137" dir="0" index="5" bw="4" slack="1"/>
<pin id="138" dir="0" index="6" bw="64" slack="0"/>
<pin id="139" dir="0" index="7" bw="64" slack="0"/>
<pin id="140" dir="0" index="8" bw="64" slack="3"/>
<pin id="141" dir="0" index="9" bw="64" slack="2"/>
<pin id="142" dir="0" index="10" bw="3" slack="3"/>
<pin id="143" dir="1" index="11" bw="0" slack="2147483647"/>
</pin_list>
<bind>
<opcode="call(48) " fcode="call"/>
<opset="call_ln156/7 "/>
</bind>
</comp>

<comp id="148" class="1004" name="grp_load_fu_148">
<pin_list>
<pin id="149" dir="0" index="0" bw="64" slack="1"/>
<pin id="150" dir="1" index="1" bw="64" slack="0"/>
</pin_list>
<bind>
<opcode="load(27) " fcode="load"/>
<opset="v_load/6 v_load59/6 "/>
</bind>
</comp>

<comp id="152" class="1004" name="store_ln140_store_fu_152">
<pin_list>
<pin id="153" dir="0" index="0" bw="1" slack="0"/>
<pin id="154" dir="0" index="1" bw="64" slack="0"/>
<pin id="155" dir="1" index="2" bw="0" slack="2147483647"/>
</pin_list>
<bind>
<opcode="store(28) " fcode="store"/>
<opset="store_ln140/1 "/>
</bind>
</comp>

<comp id="157" class="1004" name="store_ln140_store_fu_157">
<pin_list>
<pin id="158" dir="0" index="0" bw="1" slack="0"/>
<pin id="159" dir="0" index="1" bw="4" slack="0"/>
<pin id="160" dir="1" index="2" bw="0" slack="2147483647"/>
</pin_list>
<bind>
<opcode="store(28) " fcode="store"/>
<opset="store_ln140/1 "/>
</bind>
</comp>

<comp id="162" class="1004" name="store_ln139_store_fu_162">
<pin_list>
<pin id="163" dir="0" index="0" bw="1" slack="0"/>
<pin id="164" dir="0" index="1" bw="4" slack="0"/>
<pin id="165" dir="1" index="2" bw="0" slack="2147483647"/>
</pin_list>
<bind>
<opcode="store(28) " fcode="store"/>
<opset="store_ln139/1 "/>
</bind>
</comp>

<comp id="167" class="1004" name="store_ln0_store_fu_167">
<pin_list>
<pin id="168" dir="0" index="0" bw="1" slack="0"/>
<pin id="169" dir="0" index="1" bw="4" slack="0"/>
<pin id="170" dir="1" index="2" bw="0" slack="2147483647"/>
</pin_list>
<bind>
<opcode="store(28) " fcode="store"/>
<opset="store_ln0/1 "/>
</bind>
</comp>

<comp id="172" class="1004" name="i_33_load_fu_172">
<pin_list>
<pin id="173" dir="0" index="0" bw="4" slack="1"/>
<pin id="174" dir="1" index="1" bw="4" slack="0"/>
</pin_list>
<bind>
<opcode="load(27) " fcode="load"/>
<opset="i_33/2 "/>
</bind>
</comp>

<comp id="175" class="1004" name="u_load_fu_175">
<pin_list>
<pin id="176" dir="0" index="0" bw="4" slack="1"/>
<pin id="177" dir="1" index="1" bw="4" slack="0"/>
</pin_list>
<bind>
<opcode="load(27) " fcode="load"/>
<opset="u/2 "/>
</bind>
</comp>

<comp id="178" class="1004" name="v_129_load_fu_178">
<pin_list>
<pin id="179" dir="0" index="0" bw="64" slack="1"/>
<pin id="180" dir="1" index="1" bw="64" slack="0"/>
</pin_list>
<bind>
<opcode="load(27) " fcode="load"/>
<opset="v_129/2 "/>
</bind>
</comp>

<comp id="181" class="1004" name="icmp_ln143_fu_181">
<pin_list>
<pin id="182" dir="0" index="0" bw="4" slack="0"/>
<pin id="183" dir="0" index="1" bw="4" slack="0"/>
<pin id="184" dir="1" index="2" bw="1" slack="2147483647"/>
</pin_list>
<bind>
<opcode="icmp(45) " fcode="icmp"/>
<opset="icmp_ln143/2 "/>
</bind>
</comp>

<comp id="187" class="1004" name="add_ln143_fu_187">
<pin_list>
<pin id="188" dir="0" index="0" bw="4" slack="0"/>
<pin id="189" dir="0" index="1" bw="1" slack="0"/>
<pin id="190" dir="1" index="2" bw="4" slack="0"/>
</pin_list>
<bind>
<opcode="add(8) " fcode="add"/>
<opset="add_ln143/2 "/>
</bind>
</comp>

<comp id="193" class="1004" name="trunc_ln143_fu_193">
<pin_list>
<pin id="194" dir="0" index="0" bw="4" slack="0"/>
<pin id="195" dir="1" index="1" bw="3" slack="1"/>
</pin_list>
<bind>
<opcode="trunc(33) " fcode="trunc"/>
<opset="trunc_ln143/2 "/>
</bind>
</comp>

<comp id="197" class="1004" name="store_ln139_store_fu_197">
<pin_list>
<pin id="198" dir="0" index="0" bw="4" slack="0"/>
<pin id="199" dir="0" index="1" bw="4" slack="1"/>
<pin id="200" dir="1" index="2" bw="0" slack="2147483647"/>
</pin_list>
<bind>
<opcode="store(28) " fcode="store"/>
<opset="store_ln139/2 "/>
</bind>
</comp>

<comp id="202" class="1004" name="store_ln139_store_fu_202">
<pin_list>
<pin id="203" dir="0" index="0" bw="4" slack="0"/>
<pin id="204" dir="0" index="1" bw="4" slack="0"/>
<pin id="205" dir="1" index="2" bw="0" slack="2147483647"/>
</pin_list>
<bind>
<opcode="store(28) " fcode="store"/>
<opset="store_ln139/2 "/>
</bind>
</comp>

<comp id="207" class="1004" name="store_ln0_store_fu_207">
<pin_list>
<pin id="208" dir="0" index="0" bw="1" slack="0"/>
<pin id="209" dir="0" index="1" bw="4" slack="0"/>
<pin id="210" dir="1" index="2" bw="0" slack="2147483647"/>
</pin_list>
<bind>
<opcode="store(28) " fcode="store"/>
<opset="store_ln0/2 "/>
</bind>
</comp>

<comp id="212" class="1004" name="store_ln140_store_fu_212">
<pin_list>
<pin id="213" dir="0" index="0" bw="64" slack="0"/>
<pin id="214" dir="0" index="1" bw="64" slack="0"/>
<pin id="215" dir="1" index="2" bw="0" slack="2147483647"/>
</pin_list>
<bind>
<opcode="store(28) " fcode="store"/>
<opset="store_ln140/2 "/>
</bind>
</comp>

<comp id="217" class="1004" name="store_ln140_store_fu_217">
<pin_list>
<pin id="218" dir="0" index="0" bw="4" slack="0"/>
<pin id="219" dir="0" index="1" bw="4" slack="0"/>
<pin id="220" dir="1" index="2" bw="0" slack="2147483647"/>
</pin_list>
<bind>
<opcode="store(28) " fcode="store"/>
<opset="store_ln140/2 "/>
</bind>
</comp>

<comp id="222" class="1004" name="indvars_iv31_load_load_fu_222">
<pin_list>
<pin id="223" dir="0" index="0" bw="4" slack="2"/>
<pin id="224" dir="1" index="1" bw="4" slack="0"/>
</pin_list>
<bind>
<opcode="load(27) " fcode="load"/>
<opset="indvars_iv31_load/3 "/>
</bind>
</comp>

<comp id="226" class="1004" name="add_ln143_5_fu_226">
<pin_list>
<pin id="227" dir="0" index="0" bw="4" slack="0"/>
<pin id="228" dir="0" index="1" bw="1" slack="0"/>
<pin id="229" dir="1" index="2" bw="4" slack="0"/>
</pin_list>
<bind>
<opcode="add(8) " fcode="add"/>
<opset="add_ln143_5/3 "/>
</bind>
</comp>

<comp id="232" class="1004" name="store_ln143_store_fu_232">
<pin_list>
<pin id="233" dir="0" index="0" bw="4" slack="0"/>
<pin id="234" dir="0" index="1" bw="4" slack="2"/>
<pin id="235" dir="1" index="2" bw="0" slack="2147483647"/>
</pin_list>
<bind>
<opcode="store(28) " fcode="store"/>
<opset="store_ln143/3 "/>
</bind>
</comp>

<comp id="237" class="1004" name="v_94_loc_load_load_fu_237">
<pin_list>
<pin id="238" dir="0" index="0" bw="64" slack="4"/>
<pin id="239" dir="1" index="1" bw="64" slack="0"/>
</pin_list>
<bind>
<opcode="load(27) " fcode="load"/>
<opset="v_94_loc_load/5 "/>
</bind>
</comp>

<comp id="241" class="1004" name="zext_ln150_fu_241">
<pin_list>
<pin id="242" dir="0" index="0" bw="3" slack="3"/>
<pin id="243" dir="1" index="1" bw="32" slack="0"/>
</pin_list>
<bind>
<opcode="zext(34) " fcode="zext"/>
<opset="zext_ln150/5 "/>
</bind>
</comp>

<comp id="245" class="1004" name="i_34_load_fu_245">
<pin_list>
<pin id="246" dir="0" index="0" bw="4" slack="1"/>
<pin id="247" dir="1" index="1" bw="4" slack="0"/>
</pin_list>
<bind>
<opcode="load(27) " fcode="load"/>
<opset="i_34/6 "/>
</bind>
</comp>

<comp id="248" class="1004" name="icmp_ln156_fu_248">
<pin_list>
<pin id="249" dir="0" index="0" bw="4" slack="0"/>
<pin id="250" dir="0" index="1" bw="1" slack="0"/>
<pin id="251" dir="1" index="2" bw="1" slack="2147483647"/>
</pin_list>
<bind>
<opcode="icmp(45) " fcode="icmp"/>
<opset="icmp_ln156/6 "/>
</bind>
</comp>

<comp id="254" class="1004" name="add_ln156_fu_254">
<pin_list>
<pin id="255" dir="0" index="0" bw="4" slack="0"/>
<pin id="256" dir="0" index="1" bw="1" slack="0"/>
<pin id="257" dir="1" index="2" bw="4" slack="0"/>
</pin_list>
<bind>
<opcode="add(8) " fcode="add"/>
<opset="add_ln156/6 "/>
</bind>
</comp>

<comp id="260" class="1004" name="store_ln139_store_fu_260">
<pin_list>
<pin id="261" dir="0" index="0" bw="4" slack="0"/>
<pin id="262" dir="0" index="1" bw="4" slack="1"/>
<pin id="263" dir="1" index="2" bw="0" slack="2147483647"/>
</pin_list>
<bind>
<opcode="store(28) " fcode="store"/>
<opset="store_ln139/6 "/>
</bind>
</comp>

<comp id="265" class="1004" name="u_29_load_load_fu_265">
<pin_list>
<pin id="266" dir="0" index="0" bw="4" slack="2"/>
<pin id="267" dir="1" index="1" bw="4" slack="0"/>
</pin_list>
<bind>
<opcode="load(27) " fcode="load"/>
<opset="u_29_load/7 "/>
</bind>
</comp>

<comp id="269" class="1004" name="indvars_iv_load_load_fu_269">
<pin_list>
<pin id="270" dir="0" index="0" bw="4" slack="2"/>
<pin id="271" dir="1" index="1" bw="4" slack="0"/>
</pin_list>
<bind>
<opcode="load(27) " fcode="load"/>
<opset="indvars_iv_load/7 "/>
</bind>
</comp>

<comp id="272" class="1004" name="trunc_ln156_fu_272">
<pin_list>
<pin id="273" dir="0" index="0" bw="4" slack="0"/>
<pin id="274" dir="1" index="1" bw="3" slack="0"/>
</pin_list>
<bind>
<opcode="trunc(33) " fcode="trunc"/>
<opset="trunc_ln156/7 "/>
</bind>
</comp>

<comp id="277" class="1004" name="add_ln156_5_fu_277">
<pin_list>
<pin id="278" dir="0" index="0" bw="4" slack="0"/>
<pin id="279" dir="0" index="1" bw="1" slack="0"/>
<pin id="280" dir="1" index="2" bw="4" slack="0"/>
</pin_list>
<bind>
<opcode="add(8) " fcode="add"/>
<opset="add_ln156_5/7 "/>
</bind>
</comp>

<comp id="283" class="1004" name="store_ln156_store_fu_283">
<pin_list>
<pin id="284" dir="0" index="0" bw="4" slack="0"/>
<pin id="285" dir="0" index="1" bw="4" slack="2"/>
<pin id="286" dir="1" index="2" bw="0" slack="2147483647"/>
</pin_list>
<bind>
<opcode="store(28) " fcode="store"/>
<opset="store_ln156/7 "/>
</bind>
</comp>

<comp id="288" class="1004" name="v_35_loc_load_load_fu_288">
<pin_list>
<pin id="289" dir="0" index="0" bw="64" slack="5"/>
<pin id="290" dir="1" index="1" bw="64" slack="0"/>
</pin_list>
<bind>
<opcode="load(27) " fcode="load"/>
<opset="v_35_loc_load/9 "/>
</bind>
</comp>

<comp id="292" class="1004" name="t_33_loc_load_load_fu_292">
<pin_list>
<pin id="293" dir="0" index="0" bw="3" slack="5"/>
<pin id="294" dir="1" index="1" bw="3" slack="0"/>
</pin_list>
<bind>
<opcode="load(27) " fcode="load"/>
<opset="t_33_loc_load/9 "/>
</bind>
</comp>

<comp id="295" class="1004" name="zext_ln157_fu_295">
<pin_list>
<pin id="296" dir="0" index="0" bw="3" slack="0"/>
<pin id="297" dir="1" index="1" bw="4" slack="0"/>
</pin_list>
<bind>
<opcode="zext(34) " fcode="zext"/>
<opset="zext_ln157/9 "/>
</bind>
</comp>

<comp id="299" class="1004" name="zext_ln163_fu_299">
<pin_list>
<pin id="300" dir="0" index="0" bw="4" slack="3"/>
<pin id="301" dir="1" index="1" bw="32" slack="0"/>
</pin_list>
<bind>
<opcode="zext(34) " fcode="zext"/>
<opset="zext_ln163/9 "/>
</bind>
</comp>

<comp id="303" class="1004" name="store_ln140_store_fu_303">
<pin_list>
<pin id="304" dir="0" index="0" bw="3" slack="0"/>
<pin id="305" dir="0" index="1" bw="4" slack="4"/>
<pin id="306" dir="1" index="2" bw="0" slack="2147483647"/>
</pin_list>
<bind>
<opcode="store(28) " fcode="store"/>
<opset="store_ln140/9 "/>
</bind>
</comp>

<comp id="308" class="1005" name="indvars_iv31_reg_308">
<pin_list>
<pin id="309" dir="0" index="0" bw="4" slack="0"/>
<pin id="310" dir="1" index="1" bw="4" slack="0"/>
</pin_list>
<bind>
<opset="indvars_iv31 "/>
</bind>
</comp>

<comp id="315" class="1005" name="i_reg_315">
<pin_list>
<pin id="316" dir="0" index="0" bw="4" slack="0"/>
<pin id="317" dir="1" index="1" bw="4" slack="0"/>
</pin_list>
<bind>
<opset="i "/>
</bind>
</comp>

<comp id="322" class="1005" name="u_016_reg_322">
<pin_list>
<pin id="323" dir="0" index="0" bw="4" slack="0"/>
<pin id="324" dir="1" index="1" bw="4" slack="0"/>
</pin_list>
<bind>
<opset="u_016 "/>
</bind>
</comp>

<comp id="329" class="1005" name="v_017_reg_329">
<pin_list>
<pin id="330" dir="0" index="0" bw="64" slack="0"/>
<pin id="331" dir="1" index="1" bw="64" slack="0"/>
</pin_list>
<bind>
<opset="v_017 "/>
</bind>
</comp>

<comp id="336" class="1005" name="t_33_loc_reg_336">
<pin_list>
<pin id="337" dir="0" index="0" bw="3" slack="3"/>
<pin id="338" dir="1" index="1" bw="3" slack="3"/>
</pin_list>
<bind>
<opset="t_33_loc "/>
</bind>
</comp>

<comp id="342" class="1005" name="v_35_loc_reg_342">
<pin_list>
<pin id="343" dir="0" index="0" bw="64" slack="3"/>
<pin id="344" dir="1" index="1" bw="64" slack="3"/>
</pin_list>
<bind>
<opset="v_35_loc "/>
</bind>
</comp>

<comp id="348" class="1005" name="v_94_loc_reg_348">
<pin_list>
<pin id="349" dir="0" index="0" bw="64" slack="2"/>
<pin id="350" dir="1" index="1" bw="64" slack="2"/>
</pin_list>
<bind>
<opset="v_94_loc "/>
</bind>
</comp>

<comp id="354" class="1005" name="u_reg_354">
<pin_list>
<pin id="355" dir="0" index="0" bw="4" slack="2"/>
<pin id="356" dir="1" index="1" bw="4" slack="2"/>
</pin_list>
<bind>
<opset="u "/>
</bind>
</comp>

<comp id="359" class="1005" name="v_129_reg_359">
<pin_list>
<pin id="360" dir="0" index="0" bw="64" slack="2"/>
<pin id="361" dir="1" index="1" bw="64" slack="2"/>
</pin_list>
<bind>
<opset="v_129 "/>
</bind>
</comp>

<comp id="367" class="1005" name="trunc_ln143_reg_367">
<pin_list>
<pin id="368" dir="0" index="0" bw="3" slack="1"/>
<pin id="369" dir="1" index="1" bw="3" slack="1"/>
</pin_list>
<bind>
<opset="trunc_ln143 "/>
</bind>
</comp>

<comp id="373" class="1005" name="u_29_reg_373">
<pin_list>
<pin id="374" dir="0" index="0" bw="4" slack="0"/>
<pin id="375" dir="1" index="1" bw="4" slack="0"/>
</pin_list>
<bind>
<opset="u_29 "/>
</bind>
</comp>

<comp id="380" class="1005" name="v_reg_380">
<pin_list>
<pin id="381" dir="0" index="0" bw="64" slack="0"/>
<pin id="382" dir="1" index="1" bw="64" slack="0"/>
</pin_list>
<bind>
<opset="v "/>
</bind>
</comp>

<comp id="387" class="1005" name="indvars_iv_reg_387">
<pin_list>
<pin id="388" dir="0" index="0" bw="4" slack="0"/>
<pin id="389" dir="1" index="1" bw="4" slack="0"/>
</pin_list>
<bind>
<opset="indvars_iv "/>
</bind>
</comp>

<comp id="394" class="1005" name="i_17_reg_394">
<pin_list>
<pin id="395" dir="0" index="0" bw="4" slack="0"/>
<pin id="396" dir="1" index="1" bw="4" slack="0"/>
</pin_list>
<bind>
<opset="i_17 "/>
</bind>
</comp>

<comp id="401" class="1005" name="indvars_iv31_load_reg_401">
<pin_list>
<pin id="402" dir="0" index="0" bw="4" slack="1"/>
<pin id="403" dir="1" index="1" bw="4" slack="1"/>
</pin_list>
<bind>
<opset="indvars_iv31_load "/>
</bind>
</comp>

<comp id="406" class="1005" name="i_34_reg_406">
<pin_list>
<pin id="407" dir="0" index="0" bw="4" slack="1"/>
<pin id="408" dir="1" index="1" bw="4" slack="1"/>
</pin_list>
<bind>
<opset="i_34 "/>
</bind>
</comp>

<comp id="415" class="1005" name="v_load_reg_415">
<pin_list>
<pin id="416" dir="0" index="0" bw="64" slack="1"/>
<pin id="417" dir="1" index="1" bw="64" slack="1"/>
</pin_list>
<bind>
<opset="v_load "/>
</bind>
</comp>

<comp id="423" class="1005" name="trunc_ln156_reg_423">
<pin_list>
<pin id="424" dir="0" index="0" bw="3" slack="1"/>
<pin id="425" dir="1" index="1" bw="3" slack="1"/>
</pin_list>
<bind>
<opset="trunc_ln156 "/>
</bind>
</comp>

</comp_list>

<net_list>
<net id="43"><net_src comp="8" pin="0"/><net_sink comp="40" pin=0"/></net>

<net id="47"><net_src comp="8" pin="0"/><net_sink comp="44" pin=0"/></net>

<net id="51"><net_src comp="8" pin="0"/><net_sink comp="48" pin=0"/></net>

<net id="55"><net_src comp="8" pin="0"/><net_sink comp="52" pin=0"/></net>

<net id="59"><net_src comp="8" pin="0"/><net_sink comp="56" pin=0"/></net>

<net id="63"><net_src comp="8" pin="0"/><net_sink comp="60" pin=0"/></net>

<net id="67"><net_src comp="8" pin="0"/><net_sink comp="64" pin=0"/></net>

<net id="71"><net_src comp="8" pin="0"/><net_sink comp="68" pin=0"/></net>

<net id="75"><net_src comp="8" pin="0"/><net_sink comp="72" pin=0"/></net>

<net id="79"><net_src comp="8" pin="0"/><net_sink comp="76" pin=0"/></net>

<net id="83"><net_src comp="8" pin="0"/><net_sink comp="80" pin=0"/></net>

<net id="89"><net_src comp="6" pin="0"/><net_sink comp="84" pin=0"/></net>

<net id="90"><net_src comp="28" pin="0"/><net_sink comp="84" pin=1"/></net>

<net id="96"><net_src comp="84" pin="3"/><net_sink comp="91" pin=0"/></net>

<net id="102"><net_src comp="6" pin="0"/><net_sink comp="97" pin=0"/></net>

<net id="103"><net_src comp="28" pin="0"/><net_sink comp="97" pin=1"/></net>

<net id="104"><net_src comp="32" pin="0"/><net_sink comp="97" pin=2"/></net>

<net id="105"><net_src comp="97" pin="3"/><net_sink comp="91" pin=0"/></net>

<net id="111"><net_src comp="6" pin="0"/><net_sink comp="106" pin=0"/></net>

<net id="112"><net_src comp="28" pin="0"/><net_sink comp="106" pin=1"/></net>

<net id="113"><net_src comp="106" pin="3"/><net_sink comp="91" pin=0"/></net>

<net id="127"><net_src comp="18" pin="0"/><net_sink comp="114" pin=0"/></net>

<net id="128"><net_src comp="0" pin="0"/><net_sink comp="114" pin=4"/></net>

<net id="129"><net_src comp="2" pin="0"/><net_sink comp="114" pin=6"/></net>

<net id="130"><net_src comp="4" pin="0"/><net_sink comp="114" pin=7"/></net>

<net id="144"><net_src comp="34" pin="0"/><net_sink comp="131" pin=0"/></net>

<net id="145"><net_src comp="0" pin="0"/><net_sink comp="131" pin=4"/></net>

<net id="146"><net_src comp="2" pin="0"/><net_sink comp="131" pin=6"/></net>

<net id="147"><net_src comp="4" pin="0"/><net_sink comp="131" pin=7"/></net>

<net id="151"><net_src comp="148" pin="1"/><net_sink comp="91" pin=1"/></net>

<net id="156"><net_src comp="10" pin="0"/><net_sink comp="152" pin=0"/></net>

<net id="161"><net_src comp="12" pin="0"/><net_sink comp="157" pin=0"/></net>

<net id="166"><net_src comp="12" pin="0"/><net_sink comp="162" pin=0"/></net>

<net id="171"><net_src comp="14" pin="0"/><net_sink comp="167" pin=0"/></net>

<net id="185"><net_src comp="172" pin="1"/><net_sink comp="181" pin=0"/></net>

<net id="186"><net_src comp="16" pin="0"/><net_sink comp="181" pin=1"/></net>

<net id="191"><net_src comp="172" pin="1"/><net_sink comp="187" pin=0"/></net>

<net id="192"><net_src comp="14" pin="0"/><net_sink comp="187" pin=1"/></net>

<net id="196"><net_src comp="172" pin="1"/><net_sink comp="193" pin=0"/></net>

<net id="201"><net_src comp="187" pin="2"/><net_sink comp="197" pin=0"/></net>

<net id="206"><net_src comp="16" pin="0"/><net_sink comp="202" pin=0"/></net>

<net id="211"><net_src comp="14" pin="0"/><net_sink comp="207" pin=0"/></net>

<net id="216"><net_src comp="178" pin="1"/><net_sink comp="212" pin=0"/></net>

<net id="221"><net_src comp="175" pin="1"/><net_sink comp="217" pin=0"/></net>

<net id="225"><net_src comp="222" pin="1"/><net_sink comp="114" pin=3"/></net>

<net id="230"><net_src comp="222" pin="1"/><net_sink comp="226" pin=0"/></net>

<net id="231"><net_src comp="14" pin="0"/><net_sink comp="226" pin=1"/></net>

<net id="236"><net_src comp="226" pin="2"/><net_sink comp="232" pin=0"/></net>

<net id="240"><net_src comp="237" pin="1"/><net_sink comp="91" pin=1"/></net>

<net id="244"><net_src comp="241" pin="1"/><net_sink comp="84" pin=2"/></net>

<net id="252"><net_src comp="245" pin="1"/><net_sink comp="248" pin=0"/></net>

<net id="253"><net_src comp="30" pin="0"/><net_sink comp="248" pin=1"/></net>

<net id="258"><net_src comp="245" pin="1"/><net_sink comp="254" pin=0"/></net>

<net id="259"><net_src comp="14" pin="0"/><net_sink comp="254" pin=1"/></net>

<net id="264"><net_src comp="254" pin="2"/><net_sink comp="260" pin=0"/></net>

<net id="268"><net_src comp="265" pin="1"/><net_sink comp="131" pin=3"/></net>

<net id="275"><net_src comp="269" pin="1"/><net_sink comp="272" pin=0"/></net>

<net id="276"><net_src comp="272" pin="1"/><net_sink comp="131" pin=1"/></net>

<net id="281"><net_src comp="269" pin="1"/><net_sink comp="277" pin=0"/></net>

<net id="282"><net_src comp="14" pin="0"/><net_sink comp="277" pin=1"/></net>

<net id="287"><net_src comp="277" pin="2"/><net_sink comp="283" pin=0"/></net>

<net id="291"><net_src comp="288" pin="1"/><net_sink comp="91" pin=1"/></net>

<net id="298"><net_src comp="292" pin="1"/><net_sink comp="295" pin=0"/></net>

<net id="302"><net_src comp="299" pin="1"/><net_sink comp="106" pin=2"/></net>

<net id="307"><net_src comp="295" pin="1"/><net_sink comp="303" pin=0"/></net>

<net id="311"><net_src comp="40" pin="1"/><net_sink comp="308" pin=0"/></net>

<net id="312"><net_src comp="308" pin="1"/><net_sink comp="167" pin=1"/></net>

<net id="313"><net_src comp="308" pin="1"/><net_sink comp="222" pin=0"/></net>

<net id="314"><net_src comp="308" pin="1"/><net_sink comp="232" pin=1"/></net>

<net id="318"><net_src comp="44" pin="1"/><net_sink comp="315" pin=0"/></net>

<net id="319"><net_src comp="315" pin="1"/><net_sink comp="162" pin=1"/></net>

<net id="320"><net_src comp="315" pin="1"/><net_sink comp="172" pin=0"/></net>

<net id="321"><net_src comp="315" pin="1"/><net_sink comp="197" pin=1"/></net>

<net id="325"><net_src comp="48" pin="1"/><net_sink comp="322" pin=0"/></net>

<net id="326"><net_src comp="322" pin="1"/><net_sink comp="157" pin=1"/></net>

<net id="327"><net_src comp="322" pin="1"/><net_sink comp="175" pin=0"/></net>

<net id="328"><net_src comp="322" pin="1"/><net_sink comp="114" pin=10"/></net>

<net id="332"><net_src comp="52" pin="1"/><net_sink comp="329" pin=0"/></net>

<net id="333"><net_src comp="329" pin="1"/><net_sink comp="152" pin=1"/></net>

<net id="334"><net_src comp="329" pin="1"/><net_sink comp="178" pin=0"/></net>

<net id="335"><net_src comp="329" pin="1"/><net_sink comp="114" pin=9"/></net>

<net id="339"><net_src comp="56" pin="1"/><net_sink comp="336" pin=0"/></net>

<net id="340"><net_src comp="336" pin="1"/><net_sink comp="131" pin=10"/></net>

<net id="341"><net_src comp="336" pin="1"/><net_sink comp="292" pin=0"/></net>

<net id="345"><net_src comp="60" pin="1"/><net_sink comp="342" pin=0"/></net>

<net id="346"><net_src comp="342" pin="1"/><net_sink comp="131" pin=8"/></net>

<net id="347"><net_src comp="342" pin="1"/><net_sink comp="288" pin=0"/></net>

<net id="351"><net_src comp="64" pin="1"/><net_sink comp="348" pin=0"/></net>

<net id="352"><net_src comp="348" pin="1"/><net_sink comp="114" pin=8"/></net>

<net id="353"><net_src comp="348" pin="1"/><net_sink comp="237" pin=0"/></net>

<net id="357"><net_src comp="175" pin="1"/><net_sink comp="354" pin=0"/></net>

<net id="358"><net_src comp="354" pin="1"/><net_sink comp="114" pin=2"/></net>

<net id="362"><net_src comp="178" pin="1"/><net_sink comp="359" pin=0"/></net>

<net id="363"><net_src comp="359" pin="1"/><net_sink comp="114" pin=1"/></net>

<net id="370"><net_src comp="193" pin="1"/><net_sink comp="367" pin=0"/></net>

<net id="371"><net_src comp="367" pin="1"/><net_sink comp="114" pin=5"/></net>

<net id="372"><net_src comp="367" pin="1"/><net_sink comp="241" pin=0"/></net>

<net id="376"><net_src comp="68" pin="1"/><net_sink comp="373" pin=0"/></net>

<net id="377"><net_src comp="373" pin="1"/><net_sink comp="217" pin=1"/></net>

<net id="378"><net_src comp="373" pin="1"/><net_sink comp="265" pin=0"/></net>

<net id="379"><net_src comp="373" pin="1"/><net_sink comp="303" pin=1"/></net>

<net id="383"><net_src comp="72" pin="1"/><net_sink comp="380" pin=0"/></net>

<net id="384"><net_src comp="380" pin="1"/><net_sink comp="212" pin=1"/></net>

<net id="385"><net_src comp="380" pin="1"/><net_sink comp="148" pin=0"/></net>

<net id="386"><net_src comp="380" pin="1"/><net_sink comp="131" pin=9"/></net>

<net id="390"><net_src comp="76" pin="1"/><net_sink comp="387" pin=0"/></net>

<net id="391"><net_src comp="387" pin="1"/><net_sink comp="207" pin=1"/></net>

<net id="392"><net_src comp="387" pin="1"/><net_sink comp="269" pin=0"/></net>

<net id="393"><net_src comp="387" pin="1"/><net_sink comp="283" pin=1"/></net>

<net id="397"><net_src comp="80" pin="1"/><net_sink comp="394" pin=0"/></net>

<net id="398"><net_src comp="394" pin="1"/><net_sink comp="202" pin=1"/></net>

<net id="399"><net_src comp="394" pin="1"/><net_sink comp="245" pin=0"/></net>

<net id="400"><net_src comp="394" pin="1"/><net_sink comp="260" pin=1"/></net>

<net id="404"><net_src comp="222" pin="1"/><net_sink comp="401" pin=0"/></net>

<net id="405"><net_src comp="401" pin="1"/><net_sink comp="114" pin=3"/></net>

<net id="409"><net_src comp="245" pin="1"/><net_sink comp="406" pin=0"/></net>

<net id="410"><net_src comp="406" pin="1"/><net_sink comp="131" pin=5"/></net>

<net id="411"><net_src comp="406" pin="1"/><net_sink comp="299" pin=0"/></net>

<net id="418"><net_src comp="148" pin="1"/><net_sink comp="415" pin=0"/></net>

<net id="419"><net_src comp="415" pin="1"/><net_sink comp="131" pin=2"/></net>

<net id="426"><net_src comp="272" pin="1"/><net_sink comp="423" pin=0"/></net>

<net id="427"><net_src comp="423" pin="1"/><net_sink comp="131" pin=1"/></net>

</net_list>

</model> 
---------------- Datapath Model END ------------------

* FSMD analyzer results:
  - Output states:
	Port: c | {5 6 9 }
 - Input state : 
	Port: mp_mul.67.69 : a | {3 4 7 8 }
	Port: mp_mul.67.69 : b_0 | {3 4 7 8 }
	Port: mp_mul.67.69 : b_1 | {3 4 7 8 }
  - Chain level:
	State 1
		store_ln140 : 1
		store_ln140 : 1
		store_ln139 : 1
		store_ln0 : 1
	State 2
		icmp_ln143 : 1
		add_ln143 : 1
		br_ln143 : 2
		trunc_ln143 : 1
		store_ln139 : 2
		store_ln139 : 1
		store_ln0 : 1
		store_ln140 : 1
		store_ln140 : 1
	State 3
		call_ln143 : 1
		add_ln143_5 : 1
		store_ln143 : 2
	State 4
	State 5
		c_addr_9 : 1
		store_ln150 : 2
	State 6
		icmp_ln156 : 1
		br_ln156 : 2
		add_ln156 : 1
		store_ln139 : 2
		store_ln168 : 1
	State 7
		trunc_ln156 : 1
		call_ln156 : 2
		add_ln156_5 : 1
		store_ln156 : 2
	State 8
	State 9
		zext_ln157 : 1
		c_addr_10 : 1
		store_ln163 : 2
		store_ln140 : 2


============================================================
+ Verbose Summary: Datapath Resource usage 
============================================================

* Functional unit list:
|----------|---------------------------------------------------|---------|---------|---------|---------|
| Operation|                  Functional Unit                  |   DSP   |  Delay  |    FF   |   LUT   |
|----------|---------------------------------------------------|---------|---------|---------|---------|
|   call   | grp_mp_mul_67_69_Pipeline_VITIS_LOOP_144_2_fu_114 |    16   |  17.468 |   1703  |   1604  |
|          | grp_mp_mul_67_69_Pipeline_VITIS_LOOP_157_4_fu_131 |    16   |  17.468 |   1706  |   1602  |
|----------|---------------------------------------------------|---------|---------|---------|---------|
|          |                  add_ln143_fu_187                 |    0    |    0    |    0    |    13   |
|    add   |                 add_ln143_5_fu_226                |    0    |    0    |    0    |    13   |
|          |                  add_ln156_fu_254                 |    0    |    0    |    0    |    13   |
|          |                 add_ln156_5_fu_277                |    0    |    0    |    0    |    13   |
|----------|---------------------------------------------------|---------|---------|---------|---------|
|   icmp   |                 icmp_ln143_fu_181                 |    0    |    0    |    0    |    13   |
|          |                 icmp_ln156_fu_248                 |    0    |    0    |    0    |    13   |
|----------|---------------------------------------------------|---------|---------|---------|---------|
|   trunc  |                 trunc_ln143_fu_193                |    0    |    0    |    0    |    0    |
|          |                 trunc_ln156_fu_272                |    0    |    0    |    0    |    0    |
|----------|---------------------------------------------------|---------|---------|---------|---------|
|          |                 zext_ln150_fu_241                 |    0    |    0    |    0    |    0    |
|   zext   |                 zext_ln157_fu_295                 |    0    |    0    |    0    |    0    |
|          |                 zext_ln163_fu_299                 |    0    |    0    |    0    |    0    |
|----------|---------------------------------------------------|---------|---------|---------|---------|
|   Total  |                                                   |    32   |  34.936 |   3409  |   3284  |
|----------|---------------------------------------------------|---------|---------|---------|---------|

Memories:
N/A

* Register list:
+-------------------------+--------+
|                         |   FF   |
+-------------------------+--------+
|       i_17_reg_394      |    4   |
|       i_34_reg_406      |    4   |
|        i_reg_315        |    4   |
|indvars_iv31_load_reg_401|    4   |
|   indvars_iv31_reg_308  |    4   |
|    indvars_iv_reg_387   |    4   |
|     t_33_loc_reg_336    |    3   |
|   trunc_ln143_reg_367   |    3   |
|   trunc_ln156_reg_423   |    3   |
|      u_016_reg_322      |    4   |
|       u_29_reg_373      |    4   |
|        u_reg_354        |    4   |
|      v_017_reg_329      |   64   |
|      v_129_reg_359      |   64   |
|     v_35_loc_reg_342    |   64   |
|     v_94_loc_reg_348    |   64   |
|      v_load_reg_415     |   64   |
|        v_reg_380        |   64   |
+-------------------------+--------+
|          Total          |   429  |
+-------------------------+--------+

* Multiplexer (MUX) list: 
|---------------------------------------------------|------|------|------|--------||---------||---------||---------|
|                        Comp                       |  Pin | Size |  BW  | S x BW ||  Delay  ||    FF   ||   LUT   |
|---------------------------------------------------|------|------|------|--------||---------||---------||---------|
|                  grp_access_fu_91                 |  p0  |   3  |   4  |   12   ||    0    ||    14   |
|                  grp_access_fu_91                 |  p1  |   3  |  64  |   192  ||    0    ||    14   |
| grp_mp_mul_67_69_Pipeline_VITIS_LOOP_144_2_fu_114 |  p3  |   2  |   4  |    8   ||    0    ||    9    |
| grp_mp_mul_67_69_Pipeline_VITIS_LOOP_157_4_fu_131 |  p1  |   2  |   3  |    6   ||    0    ||    9    |
|---------------------------------------------------|------|------|------|--------||---------||---------||---------|
|                       Total                       |      |      |      |   218  ||  6.5906 ||    0    ||    46   |
|---------------------------------------------------|------|------|------|--------||---------||---------||---------|



* Summary:
+-----------+--------+--------+--------+--------+
|           |   DSP  |  Delay |   FF   |   LUT  |
+-----------+--------+--------+--------+--------+
|  Function |   32   |   34   |  3409  |  3284  |
|   Memory  |    -   |    -   |    -   |    -   |
|Multiplexer|    -   |    6   |    0   |   46   |
|  Register |    -   |    -   |   429  |    -   |
+-----------+--------+--------+--------+--------+
|   Total   |   32   |   41   |  3838  |  3330  |
+-----------+--------+--------+--------+--------+
