

================================================================
== Vitis HLS Report for 'mp_mul_89_90_Pipeline_VITIS_LOOP_144_2'
================================================================
* Date:           Tue May 20 14:33:38 2025

* Version:        2024.2.2 (Build 6049644 on Mar  5 2025)
* Project:        sikep503_hls
* Solution:       solution1 (Vivado IP Flow Target)
* Product family: zynq
* Target device:  xc7z020-clg484-1


================================================================
== Performance Estimates
================================================================
+ Timing: 
    * Summary: 
    +--------+----------+----------+------------+
    |  Clock |  Target  | Estimated| Uncertainty|
    +--------+----------+----------+------------+
    |ap_clk  |  10.00 ns|  7.040 ns|     2.70 ns|
    +--------+----------+----------+------------+

+ Latency: 
    * Summary: 
    +---------+---------+----------+----------+-----+-----+------------------------------------------------+
    |  Latency (cycles) |  Latency (absolute) |  Interval |                    Pipeline                    |
    |   min   |   max   |    min   |    max   | min | max |                      Type                      |
    +---------+---------+----------+----------+-----+-----+------------------------------------------------+
    |       11|       18|  0.110 us|  0.180 us|    2|    9|  loop auto-rewind stp (delay=0 clock cycles(s))|
    +---------+---------+----------+----------+-----+-----+------------------------------------------------+

    + Detail: 
        * Instance: 
        N/A

        * Loop: 
        +--------------------+---------+---------+----------+-----------+-----------+-------+----------+
        |                    |  Latency (cycles) | Iteration|  Initiation Interval  |  Trip |          |
        |      Loop Name     |   min   |   max   |  Latency |  achieved |   target  | Count | Pipelined|
        +--------------------+---------+---------+----------+-----------+-----------+-------+----------+
        |- VITIS_LOOP_144_2  |        9|       16|        10|          1|          1|  1 ~ 8|       yes|
        +--------------------+---------+---------+----------+-----------+-----------+-------+----------+

============================================================
+ Verbose Summary: Synthesis Manager
============================================================
InlineROM: 1
ExposeGlobal: 0
============================================================
+ Verbose Summary: CDFG Model
============================================================
IsTopModel: 0
ResetActiveHigh: 1
IsCombinational: 0
IsDatapathOnly: 0
HasWiredReturn: 1
HasMFsm: 2
HasVarLatency: 1
IsPipeline: 0
IsRtlPipelined: 0
IsInstanceOverlapped: 0
IsDontTouch: 0
HasImplIP: 0
IsGatedGlobalClock: 0

+ Individual pipeline summary: 
  * Pipeline-0: initiation interval (II) = 1, depth = 10


============================================================
+ Verbose Summary: Schedule
============================================================
* Number of FSM states : 10
* Pipeline : 1
  Pipeline-0 : II = 1, D = 10, States = { 1 2 3 4 5 6 7 8 9 10 }
* Dataflow Pipeline: 0

* FSM state transitions: 
1 --> 2 
2 --> 3 
3 --> 4 
4 --> 5 
5 --> 6 
6 --> 7 
7 --> 8 
8 --> 9 
9 --> 10 
10 --> 

* FSM state operations: 

State 1 <SV = 0> <Delay = 4.91>
ST_1 : Operation 13 [1/1] (0.00ns)   --->   "%v_73 = alloca i32 1" [src/generic/fp_generic.c:140]   --->   Operation 13 'alloca' 'v_73' <Predicate = true> <Delay = 0.00>
ST_1 : Operation 14 [1/1] (0.00ns)   --->   "%j = alloca i32 1" [src/generic/fp_generic.c:139]   --->   Operation 14 'alloca' 'j' <Predicate = true> <Delay = 0.00>
ST_1 : Operation 15 [1/1] (0.00ns)   --->   "%zext_ln145_read = read i4 @_ssdm_op_Read.ap_auto.i4, i4 %zext_ln145"   --->   Operation 15 'read' 'zext_ln145_read' <Predicate = true> <Delay = 0.00>
ST_1 : Operation 16 [1/1] (0.00ns)   --->   "%i_read = read i3 @_ssdm_op_Read.ap_auto.i3, i3 %i"   --->   Operation 16 'read' 'i_read' <Predicate = true> <Delay = 0.00>
ST_1 : Operation 17 [1/1] (0.00ns)   --->   "%a_1_offset_read = read i1 @_ssdm_op_Read.ap_auto.i1, i1 %a_1_offset"   --->   Operation 17 'read' 'a_1_offset_read' <Predicate = true> <Delay = 0.00>
ST_1 : Operation 18 [1/1] (0.00ns)   --->   "%a_0_offset_read = read i1 @_ssdm_op_Read.ap_auto.i1, i1 %a_0_offset"   --->   Operation 18 'read' 'a_0_offset_read' <Predicate = true> <Delay = 0.00>
ST_1 : Operation 19 [1/1] (0.00ns)   --->   "%indvars_iv31_read = read i4 @_ssdm_op_Read.ap_auto.i4, i4 %indvars_iv31"   --->   Operation 19 'read' 'indvars_iv31_read' <Predicate = true> <Delay = 0.00>
ST_1 : Operation 20 [1/1] (0.00ns)   --->   "%zext_ln143_read = read i4 @_ssdm_op_Read.ap_auto.i4, i4 %zext_ln143"   --->   Operation 20 'read' 'zext_ln143_read' <Predicate = true> <Delay = 0.00>
ST_1 : Operation 21 [1/1] (0.00ns)   --->   "%v_017_read = read i64 @_ssdm_op_Read.ap_auto.i64, i64 %v_017"   --->   Operation 21 'read' 'v_017_read' <Predicate = true> <Delay = 0.00>
ST_1 : Operation 22 [1/1] (0.00ns)   --->   "%i_cast = zext i3 %i_read"   --->   Operation 22 'zext' 'i_cast' <Predicate = true> <Delay = 0.00>
ST_1 : Operation 23 [1/1] (0.00ns)   --->   "%zext_ln143_cast = zext i4 %zext_ln143_read"   --->   Operation 23 'zext' 'zext_ln143_cast' <Predicate = true> <Delay = 0.00>
ST_1 : Operation 24 [1/1] (1.58ns)   --->   "%store_ln139 = store i4 0, i4 %j" [src/generic/fp_generic.c:139]   --->   Operation 24 'store' 'store_ln139' <Predicate = true> <Delay = 1.58>
ST_1 : Operation 25 [1/1] (1.58ns)   --->   "%store_ln140 = store i64 %v_017_read, i64 %v_73" [src/generic/fp_generic.c:140]   --->   Operation 25 'store' 'store_ln140' <Predicate = true> <Delay = 1.58>
ST_1 : Operation 26 [1/1] (1.58ns)   --->   "%store_ln140 = store i64 %zext_ln143_cast, i64 %u_62_out" [src/generic/fp_generic.c:140]   --->   Operation 26 'store' 'store_ln140' <Predicate = true> <Delay = 1.58>
ST_1 : Operation 27 [1/1] (1.58ns)   --->   "%store_ln140 = store i4 0, i4 %t_out" [src/generic/fp_generic.c:140]   --->   Operation 27 'store' 'store_ln140' <Predicate = true> <Delay = 1.58>
ST_1 : Operation 28 [1/1] (0.00ns)   --->   "%br_ln0 = br void %for.inc"   --->   Operation 28 'br' 'br_ln0' <Predicate = true> <Delay = 0.00>
ST_1 : Operation 29 [1/1] (0.00ns)   --->   "%j_17 = load i4 %j" [src/generic/fp_generic.c:144]   --->   Operation 29 'load' 'j_17' <Predicate = true> <Delay = 0.00>
ST_1 : Operation 30 [1/1] (1.73ns)   --->   "%icmp_ln144 = icmp_eq  i4 %j_17, i4 %indvars_iv31_read" [src/generic/fp_generic.c:144]   --->   Operation 30 'icmp' 'icmp_ln144' <Predicate = true> <Delay = 1.73> <CoreInst = "Cmp">   --->   Core 9 'Cmp' <Latency = 0> <II = 1> <Delay = 1.73> <FuncUnit> <Opcode : 'seteq' 'setne' 'setle' 'setge' 'setlt' 'setgt'> <InPorts = 2> <OutPorts = 1>
ST_1 : Operation 31 [1/1] (1.73ns)   --->   "%add_ln144 = add i4 %j_17, i4 1" [src/generic/fp_generic.c:144]   --->   Operation 31 'add' 'add_ln144' <Predicate = true> <Delay = 1.73> <CoreInst = "Adder">   --->   Core 1 'Adder' <Latency = 0> <II = 1> <Delay = 1.73> <FuncUnit> <Opcode : 'add' 'sub'> <InPorts = 2> <OutPorts = 1>
ST_1 : Operation 32 [1/1] (0.00ns)   --->   "%br_ln144 = br i1 %icmp_ln144, void %for.inc.split, void %for.inc22.exitStub" [src/generic/fp_generic.c:144]   --->   Operation 32 'br' 'br_ln144' <Predicate = true> <Delay = 0.00>
ST_1 : Operation 33 [1/1] (1.58ns)   --->   "%store_ln139 = store i4 %add_ln144, i4 %j" [src/generic/fp_generic.c:139]   --->   Operation 33 'store' 'store_ln139' <Predicate = (!icmp_ln144)> <Delay = 1.58>

State 2 <SV = 1> <Delay = 6.57>
ST_2 : Operation 34 [1/1] (0.00ns)   --->   "%trunc_ln144 = trunc i4 %j_17" [src/generic/fp_generic.c:144]   --->   Operation 34 'trunc' 'trunc_ln144' <Predicate = true> <Delay = 0.00>
ST_2 : Operation 35 [1/1] (0.00ns)   --->   "%lshr_ln = partselect i2 @_ssdm_op_PartSelect.i2.i4.i32.i32, i4 %j_17, i32 1, i32 2" [src/generic/fp_generic.c:139]   --->   Operation 35 'partselect' 'lshr_ln' <Predicate = true> <Delay = 0.00>
ST_2 : Operation 36 [1/1] (0.00ns)   --->   "%tmp_147 = bitconcatenate i3 @_ssdm_op_BitConcatenate.i3.i1.i2, i1 %a_0_offset_read, i2 %lshr_ln" [src/generic/fp_generic.c:145]   --->   Operation 36 'bitconcatenate' 'tmp_147' <Predicate = true> <Delay = 0.00>
ST_2 : Operation 37 [1/1] (0.00ns)   --->   "%zext_ln145_3 = zext i3 %tmp_147" [src/generic/fp_generic.c:145]   --->   Operation 37 'zext' 'zext_ln145_3' <Predicate = true> <Delay = 0.00>
ST_2 : Operation 38 [1/1] (0.00ns)   --->   "%a_0_addr = getelementptr i64 %a_0, i32 0, i32 %zext_ln145_3" [src/generic/fp_generic.c:145]   --->   Operation 38 'getelementptr' 'a_0_addr' <Predicate = true> <Delay = 0.00>
ST_2 : Operation 39 [1/1] (0.00ns)   --->   "%tmp_148 = bitconcatenate i3 @_ssdm_op_BitConcatenate.i3.i1.i2, i1 %a_1_offset_read, i2 %lshr_ln" [src/generic/fp_generic.c:145]   --->   Operation 39 'bitconcatenate' 'tmp_148' <Predicate = true> <Delay = 0.00>
ST_2 : Operation 40 [1/1] (0.00ns)   --->   "%zext_ln145_4 = zext i3 %tmp_148" [src/generic/fp_generic.c:145]   --->   Operation 40 'zext' 'zext_ln145_4' <Predicate = true> <Delay = 0.00>
ST_2 : Operation 41 [1/1] (0.00ns)   --->   "%a_1_addr = getelementptr i64 %a_1, i32 0, i32 %zext_ln145_4" [src/generic/fp_generic.c:145]   --->   Operation 41 'getelementptr' 'a_1_addr' <Predicate = true> <Delay = 0.00>
ST_2 : Operation 42 [2/2] (2.32ns)   --->   "%a_0_load = load i3 %a_0_addr" [src/generic/fp_generic.c:145]   --->   Operation 42 'load' 'a_0_load' <Predicate = true> <Delay = 2.32> <CoreInst = "RAM">   --->   Core 81 'RAM' <Latency = 1> <II = 1> <Delay = 2.32> <Storage> <Opcode : 'load' 'store'> <Ports = 2> <Width = 64> <Depth = 8> <RAM>
ST_2 : Operation 43 [2/2] (2.32ns)   --->   "%a_1_load = load i3 %a_1_addr" [src/generic/fp_generic.c:145]   --->   Operation 43 'load' 'a_1_load' <Predicate = true> <Delay = 2.32> <CoreInst = "RAM">   --->   Core 81 'RAM' <Latency = 1> <II = 1> <Delay = 2.32> <Storage> <Opcode : 'load' 'store'> <Ports = 2> <Width = 64> <Depth = 8> <RAM>
ST_2 : Operation 44 [1/1] (0.00ns) (grouped into TernaryAdder)   --->   "%sub_ln145 = sub i4 %i_cast, i4 %j_17" [src/generic/fp_generic.c:145]   --->   Operation 44 'sub' 'sub_ln145' <Predicate = true> <Delay = 0.00> <CoreInst = "TAddSub">   --->   Core 10 'TAddSub' <Latency = 0> <II = 1> <Delay = 2.18> <IPBlock> <Opcode : '' 'add' 'sub'> <InPorts = 3> <OutPorts = 1> <Sync> <CReg>
ST_2 : Operation 45 [1/1] (3.31ns) (root node of TernaryAdder)   --->   "%add_ln145 = add i4 %zext_ln145_read, i4 %sub_ln145" [src/generic/fp_generic.c:145]   --->   Operation 45 'add' 'add_ln145' <Predicate = true> <Delay = 3.31> <CoreInst = "TAddSub">   --->   Core 10 'TAddSub' <Latency = 0> <II = 1> <Delay = 2.18> <IPBlock> <Opcode : '' 'add' 'sub'> <InPorts = 3> <OutPorts = 1> <Sync> <CReg>
ST_2 : Operation 46 [1/1] (0.00ns)   --->   "%zext_ln145_5 = zext i4 %add_ln145" [src/generic/fp_generic.c:145]   --->   Operation 46 'zext' 'zext_ln145_5' <Predicate = true> <Delay = 0.00>
ST_2 : Operation 47 [1/1] (0.00ns)   --->   "%b_addr = getelementptr i64 %b, i32 0, i32 %zext_ln145_5" [src/generic/fp_generic.c:145]   --->   Operation 47 'getelementptr' 'b_addr' <Predicate = true> <Delay = 0.00>
ST_2 : Operation 48 [2/2] (3.25ns)   --->   "%b_load = load i4 %b_addr" [src/generic/fp_generic.c:145]   --->   Operation 48 'load' 'b_load' <Predicate = true> <Delay = 3.25> <CoreInst = "RAM">   --->   Core 81 'RAM' <Latency = 1> <II = 1> <Delay = 3.25> <Storage> <Opcode : 'load' 'store'> <Ports = 2> <Width = 64> <Depth = 16> <RAM>

State 3 <SV = 2> <Delay = 3.80>
ST_3 : Operation 49 [1/2] ( I:2.32ns O:2.32ns )   --->   "%a_0_load = load i3 %a_0_addr" [src/generic/fp_generic.c:145]   --->   Operation 49 'load' 'a_0_load' <Predicate = true> <Delay = 2.32> <CoreInst = "RAM">   --->   Core 81 'RAM' <Latency = 1> <II = 1> <Delay = 2.32> <Storage> <Opcode : 'load' 'store'> <Ports = 2> <Width = 64> <Depth = 8> <RAM>
ST_3 : Operation 50 [1/2] ( I:2.32ns O:2.32ns )   --->   "%a_1_load = load i3 %a_1_addr" [src/generic/fp_generic.c:145]   --->   Operation 50 'load' 'a_1_load' <Predicate = true> <Delay = 2.32> <CoreInst = "RAM">   --->   Core 81 'RAM' <Latency = 1> <II = 1> <Delay = 2.32> <Storage> <Opcode : 'load' 'store'> <Ports = 2> <Width = 64> <Depth = 8> <RAM>
ST_3 : Operation 51 [1/1] (1.48ns)   --->   "%select_ln145 = select i1 %trunc_ln144, i64 %a_1_load, i64 %a_0_load" [src/generic/fp_generic.c:145]   --->   Operation 51 'select' 'select_ln145' <Predicate = true> <Delay = 1.48> <CoreInst = "Sel">   --->   Core 73 'Sel' <Latency = 0> <II = 1> <Delay = 1.48> <FuncUnit> <Opcode : 'select'> <InPorts = 3> <OutPorts = 1>
ST_3 : Operation 52 [1/1] (0.00ns)   --->   "%al = trunc i64 %select_ln145" [src/generic/fp_generic.c:145]   --->   Operation 52 'trunc' 'al' <Predicate = true> <Delay = 0.00>
ST_3 : Operation 53 [1/2] ( I:3.25ns O:3.25ns )   --->   "%b_load = load i4 %b_addr" [src/generic/fp_generic.c:145]   --->   Operation 53 'load' 'b_load' <Predicate = true> <Delay = 3.25> <CoreInst = "RAM">   --->   Core 81 'RAM' <Latency = 1> <II = 1> <Delay = 3.25> <Storage> <Opcode : 'load' 'store'> <Ports = 2> <Width = 64> <Depth = 16> <RAM>
ST_3 : Operation 54 [1/1] (0.00ns)   --->   "%bl = trunc i64 %b_load" [src/generic/fp_generic.c:103->src/generic/fp_generic.c:145]   --->   Operation 54 'trunc' 'bl' <Predicate = true> <Delay = 0.00>
ST_3 : Operation 55 [1/1] (0.00ns)   --->   "%ah = partselect i32 @_ssdm_op_PartSelect.i32.i64.i32.i32, i64 %select_ln145, i32 32, i32 63" [src/generic/fp_generic.c:110->src/generic/fp_generic.c:145]   --->   Operation 55 'partselect' 'ah' <Predicate = true> <Delay = 0.00>
ST_3 : Operation 56 [1/1] (0.00ns)   --->   "%bh = partselect i32 @_ssdm_op_PartSelect.i32.i64.i32.i32, i64 %b_load, i32 32, i32 63" [src/generic/fp_generic.c:112->src/generic/fp_generic.c:145]   --->   Operation 56 'partselect' 'bh' <Predicate = true> <Delay = 0.00>

State 4 <SV = 3> <Delay = 6.91>
ST_4 : Operation 57 [1/1] (0.00ns)   --->   "%zext_ln105 = zext i32 %al" [src/generic/fp_generic.c:105->src/generic/fp_generic.c:145]   --->   Operation 57 'zext' 'zext_ln105' <Predicate = true> <Delay = 0.00>
ST_4 : Operation 58 [1/1] (0.00ns)   --->   "%zext_ln110 = zext i32 %ah" [src/generic/fp_generic.c:110->src/generic/fp_generic.c:145]   --->   Operation 58 'zext' 'zext_ln110' <Predicate = true> <Delay = 0.00>
ST_4 : Operation 59 [1/1] (0.00ns)   --->   "%zext_ln105_61 = zext i32 %bl" [src/generic/fp_generic.c:105->src/generic/fp_generic.c:145]   --->   Operation 59 'zext' 'zext_ln105_61' <Predicate = true> <Delay = 0.00>
ST_4 : Operation 60 [1/1] (0.00ns)   --->   "%zext_ln112 = zext i32 %bh" [src/generic/fp_generic.c:112->src/generic/fp_generic.c:145]   --->   Operation 60 'zext' 'zext_ln112' <Predicate = true> <Delay = 0.00>
ST_4 : Operation 61 [2/2] (6.91ns)   --->   "%albl = mul i64 %zext_ln105_61, i64 %zext_ln105" [src/generic/fp_generic.c:114->src/generic/fp_generic.c:145]   --->   Operation 61 'mul' 'albl' <Predicate = true> <Delay = 6.91> <CoreInst = "Multiplier">   --->   Core 3 'Multiplier' <Latency = 1> <II = 1> <Delay = 6.91> <FuncUnit> <Opcode : 'mul'> <InPorts = 2> <OutPorts = 1>
ST_4 : Operation 62 [2/2] (6.91ns)   --->   "%albh = mul i64 %zext_ln112, i64 %zext_ln105" [src/generic/fp_generic.c:115->src/generic/fp_generic.c:145]   --->   Operation 62 'mul' 'albh' <Predicate = true> <Delay = 6.91> <CoreInst = "Multiplier">   --->   Core 3 'Multiplier' <Latency = 1> <II = 1> <Delay = 6.91> <FuncUnit> <Opcode : 'mul'> <InPorts = 2> <OutPorts = 1>
ST_4 : Operation 63 [2/2] (6.91ns)   --->   "%ahbl = mul i64 %zext_ln105_61, i64 %zext_ln110" [src/generic/fp_generic.c:116->src/generic/fp_generic.c:145]   --->   Operation 63 'mul' 'ahbl' <Predicate = true> <Delay = 6.91> <CoreInst = "Multiplier">   --->   Core 3 'Multiplier' <Latency = 1> <II = 1> <Delay = 6.91> <FuncUnit> <Opcode : 'mul'> <InPorts = 2> <OutPorts = 1>
ST_4 : Operation 64 [2/2] (6.91ns)   --->   "%ahbh = mul i64 %zext_ln112, i64 %zext_ln110" [src/generic/fp_generic.c:117->src/generic/fp_generic.c:145]   --->   Operation 64 'mul' 'ahbh' <Predicate = true> <Delay = 6.91> <CoreInst = "Multiplier">   --->   Core 3 'Multiplier' <Latency = 1> <II = 1> <Delay = 6.91> <FuncUnit> <Opcode : 'mul'> <InPorts = 2> <OutPorts = 1>

State 5 <SV = 4> <Delay = 6.91>
ST_5 : Operation 65 [1/2] (6.91ns)   --->   "%albl = mul i64 %zext_ln105_61, i64 %zext_ln105" [src/generic/fp_generic.c:114->src/generic/fp_generic.c:145]   --->   Operation 65 'mul' 'albl' <Predicate = true> <Delay = 6.91> <CoreInst = "Multiplier">   --->   Core 3 'Multiplier' <Latency = 1> <II = 1> <Delay = 6.91> <FuncUnit> <Opcode : 'mul'> <InPorts = 2> <OutPorts = 1>
ST_5 : Operation 66 [1/1] (0.00ns)   --->   "%trunc_ln106 = trunc i64 %albl" [src/generic/fp_generic.c:106->src/generic/fp_generic.c:145]   --->   Operation 66 'trunc' 'trunc_ln106' <Predicate = true> <Delay = 0.00>
ST_5 : Operation 67 [1/2] (6.91ns)   --->   "%albh = mul i64 %zext_ln112, i64 %zext_ln105" [src/generic/fp_generic.c:115->src/generic/fp_generic.c:145]   --->   Operation 67 'mul' 'albh' <Predicate = true> <Delay = 6.91> <CoreInst = "Multiplier">   --->   Core 3 'Multiplier' <Latency = 1> <II = 1> <Delay = 6.91> <FuncUnit> <Opcode : 'mul'> <InPorts = 2> <OutPorts = 1>
ST_5 : Operation 68 [1/1] (0.00ns)   --->   "%trunc_ln106_93 = trunc i64 %albh" [src/generic/fp_generic.c:106->src/generic/fp_generic.c:145]   --->   Operation 68 'trunc' 'trunc_ln106_93' <Predicate = true> <Delay = 0.00>
ST_5 : Operation 69 [1/2] (6.91ns)   --->   "%ahbl = mul i64 %zext_ln105_61, i64 %zext_ln110" [src/generic/fp_generic.c:116->src/generic/fp_generic.c:145]   --->   Operation 69 'mul' 'ahbl' <Predicate = true> <Delay = 6.91> <CoreInst = "Multiplier">   --->   Core 3 'Multiplier' <Latency = 1> <II = 1> <Delay = 6.91> <FuncUnit> <Opcode : 'mul'> <InPorts = 2> <OutPorts = 1>
ST_5 : Operation 70 [1/1] (0.00ns)   --->   "%trunc_ln106_94 = trunc i64 %ahbl" [src/generic/fp_generic.c:106->src/generic/fp_generic.c:145]   --->   Operation 70 'trunc' 'trunc_ln106_94' <Predicate = true> <Delay = 0.00>
ST_5 : Operation 71 [1/2] (6.91ns)   --->   "%ahbh = mul i64 %zext_ln112, i64 %zext_ln110" [src/generic/fp_generic.c:117->src/generic/fp_generic.c:145]   --->   Operation 71 'mul' 'ahbh' <Predicate = true> <Delay = 6.91> <CoreInst = "Multiplier">   --->   Core 3 'Multiplier' <Latency = 1> <II = 1> <Delay = 6.91> <FuncUnit> <Opcode : 'mul'> <InPorts = 2> <OutPorts = 1>
ST_5 : Operation 72 [1/1] (0.00ns)   --->   "%trunc_ln106_95 = trunc i64 %ahbh" [src/generic/fp_generic.c:106->src/generic/fp_generic.c:145]   --->   Operation 72 'trunc' 'trunc_ln106_95' <Predicate = true> <Delay = 0.00>
ST_5 : Operation 73 [1/1] (0.00ns)   --->   "%tmp_149 = partselect i32 @_ssdm_op_PartSelect.i32.i64.i32.i32, i64 %albl, i32 32, i32 63" [src/generic/fp_generic.c:106->src/generic/fp_generic.c:145]   --->   Operation 73 'partselect' 'tmp_149' <Predicate = true> <Delay = 0.00>
ST_5 : Operation 74 [1/1] (0.00ns)   --->   "%tmp_151 = partselect i32 @_ssdm_op_PartSelect.i32.i64.i32.i32, i64 %ahbl, i32 32, i32 63" [src/generic/fp_generic.c:106->src/generic/fp_generic.c:145]   --->   Operation 74 'partselect' 'tmp_151' <Predicate = true> <Delay = 0.00>
ST_5 : Operation 75 [1/1] (0.00ns)   --->   "%tmp_152 = partselect i32 @_ssdm_op_PartSelect.i32.i64.i32.i32, i64 %albh, i32 32, i32 63" [src/generic/fp_generic.c:106->src/generic/fp_generic.c:145]   --->   Operation 75 'partselect' 'tmp_152' <Predicate = true> <Delay = 0.00>
ST_5 : Operation 76 [1/1] (0.00ns)   --->   "%tmp_153 = partselect i32 @_ssdm_op_PartSelect.i32.i64.i32.i32, i64 %ahbh, i32 32, i32 63" [src/generic/fp_generic.c:133->src/generic/fp_generic.c:145]   --->   Operation 76 'partselect' 'tmp_153' <Predicate = true> <Delay = 0.00>

State 6 <SV = 5> <Delay = 5.14>
ST_6 : Operation 77 [1/1] (0.00ns)   --->   "%zext_ln106 = zext i32 %tmp_149" [src/generic/fp_generic.c:106->src/generic/fp_generic.c:145]   --->   Operation 77 'zext' 'zext_ln106' <Predicate = true> <Delay = 0.00>
ST_6 : Operation 78 [1/1] (0.00ns)   --->   "%zext_ln123 = zext i32 %trunc_ln106_94" [src/generic/fp_generic.c:123->src/generic/fp_generic.c:145]   --->   Operation 78 'zext' 'zext_ln123' <Predicate = true> <Delay = 0.00>
ST_6 : Operation 79 [1/1] (0.00ns)   --->   "%zext_ln123_53 = zext i32 %trunc_ln106_93" [src/generic/fp_generic.c:123->src/generic/fp_generic.c:145]   --->   Operation 79 'zext' 'zext_ln123_53' <Predicate = true> <Delay = 0.00>
ST_6 : Operation 80 [1/1] (2.55ns)   --->   "%add_ln123 = add i33 %zext_ln123, i33 %zext_ln123_53" [src/generic/fp_generic.c:123->src/generic/fp_generic.c:145]   --->   Operation 80 'add' 'add_ln123' <Predicate = true> <Delay = 2.55> <CoreInst = "Adder">   --->   Core 1 'Adder' <Latency = 0> <II = 1> <Delay = 2.55> <FuncUnit> <Opcode : 'add' 'sub'> <InPorts = 2> <OutPorts = 1>
ST_6 : Operation 81 [1/1] (0.00ns)   --->   "%zext_ln123_54 = zext i33 %add_ln123" [src/generic/fp_generic.c:123->src/generic/fp_generic.c:145]   --->   Operation 81 'zext' 'zext_ln123_54' <Predicate = true> <Delay = 0.00>
ST_6 : Operation 82 [1/1] (2.59ns)   --->   "%temp = add i34 %zext_ln123_54, i34 %zext_ln106" [src/generic/fp_generic.c:123->src/generic/fp_generic.c:145]   --->   Operation 82 'add' 'temp' <Predicate = true> <Delay = 2.59> <CoreInst = "Adder">   --->   Core 1 'Adder' <Latency = 0> <II = 1> <Delay = 2.59> <FuncUnit> <Opcode : 'add' 'sub'> <InPorts = 2> <OutPorts = 1>
ST_6 : Operation 83 [1/1] (0.00ns)   --->   "%tmp_150 = partselect i2 @_ssdm_op_PartSelect.i2.i34.i32.i32, i34 %temp, i32 32, i32 33" [src/generic/fp_generic.c:106->src/generic/fp_generic.c:145]   --->   Operation 83 'partselect' 'tmp_150' <Predicate = true> <Delay = 0.00>
ST_6 : Operation 84 [1/1] (0.00ns)   --->   "%trunc_ln125 = trunc i34 %temp" [src/generic/fp_generic.c:125->src/generic/fp_generic.c:145]   --->   Operation 84 'trunc' 'trunc_ln125' <Predicate = true> <Delay = 0.00>

State 7 <SV = 6> <Delay = 6.92>
ST_7 : Operation 85 [1/1] (0.00ns)   --->   "%zext_ln106_60 = zext i2 %tmp_150" [src/generic/fp_generic.c:106->src/generic/fp_generic.c:145]   --->   Operation 85 'zext' 'zext_ln106_60' <Predicate = true> <Delay = 0.00>
ST_7 : Operation 86 [1/1] (0.00ns)   --->   "%zext_ln106_61 = zext i32 %tmp_151" [src/generic/fp_generic.c:106->src/generic/fp_generic.c:145]   --->   Operation 86 'zext' 'zext_ln106_61' <Predicate = true> <Delay = 0.00>
ST_7 : Operation 87 [1/1] (0.00ns)   --->   "%zext_ln106_62 = zext i32 %tmp_152" [src/generic/fp_generic.c:106->src/generic/fp_generic.c:145]   --->   Operation 87 'zext' 'zext_ln106_62' <Predicate = true> <Delay = 0.00>
ST_7 : Operation 88 [1/1] (0.00ns)   --->   "%zext_ln130 = zext i32 %trunc_ln106_95" [src/generic/fp_generic.c:130->src/generic/fp_generic.c:145]   --->   Operation 88 'zext' 'zext_ln130' <Predicate = true> <Delay = 0.00>
ST_7 : Operation 89 [1/1] (0.00ns) (grouped into TernaryAdder)   --->   "%add_ln130_62 = add i32 %trunc_ln106_95, i32 %tmp_151" [src/generic/fp_generic.c:130->src/generic/fp_generic.c:145]   --->   Operation 89 'add' 'add_ln130_62' <Predicate = true> <Delay = 0.00> <CoreInst = "TAddSub">   --->   Core 10 'TAddSub' <Latency = 0> <II = 1> <Delay = 2.18> <IPBlock> <Opcode : '' 'add' 'sub'> <InPorts = 3> <OutPorts = 1> <Sync> <CReg>
ST_7 : Operation 90 [1/1] (2.55ns)   --->   "%add_ln130 = add i33 %zext_ln130, i33 %zext_ln106_61" [src/generic/fp_generic.c:130->src/generic/fp_generic.c:145]   --->   Operation 90 'add' 'add_ln130' <Predicate = true> <Delay = 2.55> <CoreInst = "Adder">   --->   Core 1 'Adder' <Latency = 0> <II = 1> <Delay = 2.55> <FuncUnit> <Opcode : 'add' 'sub'> <InPorts = 2> <OutPorts = 1>
ST_7 : Operation 91 [1/1] (0.00ns)   --->   "%zext_ln130_53 = zext i33 %add_ln130" [src/generic/fp_generic.c:130->src/generic/fp_generic.c:145]   --->   Operation 91 'zext' 'zext_ln130_53' <Predicate = true> <Delay = 0.00>
ST_7 : Operation 92 [1/1] (2.55ns)   --->   "%add_ln130_61 = add i33 %zext_ln106_62, i33 %zext_ln106_60" [src/generic/fp_generic.c:130->src/generic/fp_generic.c:145]   --->   Operation 92 'add' 'add_ln130_61' <Predicate = true> <Delay = 2.55> <CoreInst = "Adder">   --->   Core 1 'Adder' <Latency = 0> <II = 1> <Delay = 2.55> <FuncUnit> <Opcode : 'add' 'sub'> <InPorts = 2> <OutPorts = 1>
ST_7 : Operation 93 [1/1] (0.00ns)   --->   "%trunc_ln130 = trunc i33 %add_ln130_61" [src/generic/fp_generic.c:130->src/generic/fp_generic.c:145]   --->   Operation 93 'trunc' 'trunc_ln130' <Predicate = true> <Delay = 0.00>
ST_7 : Operation 94 [1/1] (0.00ns)   --->   "%zext_ln130_54 = zext i33 %add_ln130_61" [src/generic/fp_generic.c:130->src/generic/fp_generic.c:145]   --->   Operation 94 'zext' 'zext_ln130_54' <Predicate = true> <Delay = 0.00>
ST_7 : Operation 95 [1/1] (4.37ns) (root node of TernaryAdder)   --->   "%add_ln105 = add i32 %trunc_ln130, i32 %add_ln130_62" [src/generic/fp_generic.c:105->src/generic/fp_generic.c:145]   --->   Operation 95 'add' 'add_ln105' <Predicate = true> <Delay = 4.37> <CoreInst = "TAddSub">   --->   Core 10 'TAddSub' <Latency = 0> <II = 1> <Delay = 2.18> <IPBlock> <Opcode : '' 'add' 'sub'> <InPorts = 3> <OutPorts = 1> <Sync> <CReg>
ST_7 : Operation 96 [1/1] (2.59ns)   --->   "%temp_30 = add i34 %zext_ln130_54, i34 %zext_ln130_53" [src/generic/fp_generic.c:130->src/generic/fp_generic.c:145]   --->   Operation 96 'add' 'temp_30' <Predicate = true> <Delay = 2.59> <CoreInst = "Adder">   --->   Core 1 'Adder' <Latency = 0> <II = 1> <Delay = 2.59> <FuncUnit> <Opcode : 'add' 'sub'> <InPorts = 2> <OutPorts = 1>
ST_7 : Operation 97 [1/1] (0.00ns)   --->   "%tmp_154 = partselect i2 @_ssdm_op_PartSelect.i2.i34.i32.i32, i34 %temp_30, i32 32, i32 33" [src/generic/fp_generic.c:133->src/generic/fp_generic.c:145]   --->   Operation 97 'partselect' 'tmp_154' <Predicate = true> <Delay = 0.00>

State 8 <SV = 7> <Delay = 7.04>
ST_8 : Operation 98 [1/1] (0.00ns)   --->   "%v_73_load = load i64 %v_73" [src/generic/fp_generic.c:146]   --->   Operation 98 'load' 'v_73_load' <Predicate = true> <Delay = 0.00>
ST_8 : Operation 99 [1/1] (0.00ns)   --->   "%shl_ln = bitconcatenate i64 @_ssdm_op_BitConcatenate.i64.i32.i32, i32 %trunc_ln125, i32 0" [src/generic/fp_generic.c:125->src/generic/fp_generic.c:145]   --->   Operation 99 'bitconcatenate' 'shl_ln' <Predicate = true> <Delay = 0.00>
ST_8 : Operation 100 [1/1] (0.00ns)   --->   "%and_ln = bitconcatenate i64 @_ssdm_op_BitConcatenate.i64.i32.i32, i32 %tmp_153, i32 0" [src/generic/fp_generic.c:133->src/generic/fp_generic.c:145]   --->   Operation 100 'bitconcatenate' 'and_ln' <Predicate = true> <Delay = 0.00>
ST_8 : Operation 101 [1/1] (0.00ns)   --->   "%and_ln133_4 = bitconcatenate i34 @_ssdm_op_BitConcatenate.i34.i2.i32, i2 %tmp_154, i32 0" [src/generic/fp_generic.c:133->src/generic/fp_generic.c:145]   --->   Operation 101 'bitconcatenate' 'and_ln133_4' <Predicate = true> <Delay = 0.00>
ST_8 : Operation 102 [1/1] (0.00ns)   --->   "%zext_ln133 = zext i34 %and_ln133_4" [src/generic/fp_generic.c:133->src/generic/fp_generic.c:145]   --->   Operation 102 'zext' 'zext_ln133' <Predicate = true> <Delay = 0.00>
ST_8 : Operation 103 [1/1] (3.52ns)   --->   "%add_ln133 = add i64 %zext_ln133, i64 %and_ln" [src/generic/fp_generic.c:133->src/generic/fp_generic.c:145]   --->   Operation 103 'add' 'add_ln133' <Predicate = true> <Delay = 3.52> <CoreInst = "Adder">   --->   Core 1 'Adder' <Latency = 0> <II = 1> <Delay = 3.52> <FuncUnit> <Opcode : 'add' 'sub'> <InPorts = 2> <OutPorts = 1>
ST_8 : Operation 104 [1/1] (0.00ns)   --->   "%or_ln = bitconcatenate i64 @_ssdm_op_BitConcatenate.i64.i32.i32, i32 %trunc_ln125, i32 %trunc_ln106" [src/generic/fp_generic.c:146]   --->   Operation 104 'bitconcatenate' 'or_ln' <Predicate = true> <Delay = 0.00>
ST_8 : Operation 105 [1/1] (3.52ns)   --->   "%v_116 = add i64 %or_ln, i64 %v_73_load" [src/generic/fp_generic.c:146]   --->   Operation 105 'add' 'v_116' <Predicate = true> <Delay = 3.52> <CoreInst = "Adder">   --->   Core 1 'Adder' <Latency = 0> <II = 1> <Delay = 3.52> <FuncUnit> <Opcode : 'add' 'sub'> <InPorts = 2> <OutPorts = 1>
ST_8 : Operation 106 [1/1] (0.00ns) (grouped into LUT with out node tempReg)   --->   "%xor_ln105 = xor i64 %v_116, i64 %shl_ln" [src/config.h:105->src/generic/fp_generic.c:146]   --->   Operation 106 'xor' 'xor_ln105' <Predicate = true> <Delay = 0.00> <CoreInst = "LogicGate">   --->   Core 74 'LogicGate' <Latency = 0> <II = 1> <Delay = 0.99> <FuncUnit> <Opcode : 'and' 'or' 'xor'> <InPorts = 2> <OutPorts = 1>
ST_8 : Operation 107 [1/1] (0.00ns) (grouped into LUT with out node tempReg)   --->   "%xor_ln105_6 = xor i64 %shl_ln, i64 %v_73_load" [src/config.h:105->src/generic/fp_generic.c:146]   --->   Operation 107 'xor' 'xor_ln105_6' <Predicate = true> <Delay = 0.00> <CoreInst = "LogicGate">   --->   Core 74 'LogicGate' <Latency = 0> <II = 1> <Delay = 0.99> <FuncUnit> <Opcode : 'and' 'or' 'xor'> <InPorts = 2> <OutPorts = 1>
ST_8 : Operation 108 [1/1] (0.00ns) (grouped into LUT with out node tempReg)   --->   "%or_ln105 = or i64 %xor_ln105, i64 %xor_ln105_6" [src/config.h:105->src/generic/fp_generic.c:146]   --->   Operation 108 'or' 'or_ln105' <Predicate = true> <Delay = 0.00> <CoreInst = "LogicGate">   --->   Core 74 'LogicGate' <Latency = 0> <II = 1> <Delay = 0.99> <FuncUnit> <Opcode : 'and' 'or' 'xor'> <InPorts = 2> <OutPorts = 1>
ST_8 : Operation 109 [1/1] (0.00ns) (grouped into LUT with out node tempReg)   --->   "%xor_ln105_7 = xor i64 %or_ln105, i64 %v_116" [src/config.h:105->src/generic/fp_generic.c:146]   --->   Operation 109 'xor' 'xor_ln105_7' <Predicate = true> <Delay = 0.00> <CoreInst = "LogicGate">   --->   Core 74 'LogicGate' <Latency = 0> <II = 1> <Delay = 0.99> <FuncUnit> <Opcode : 'and' 'or' 'xor'> <InPorts = 2> <OutPorts = 1>
ST_8 : Operation 110 [1/1] (0.00ns) (grouped into LUT with out node tempReg)   --->   "%carry = bitselect i1 @_ssdm_op_BitSelect.i1.i64.i32, i64 %xor_ln105_7, i32 63" [src/config.h:105->src/generic/fp_generic.c:146]   --->   Operation 110 'bitselect' 'carry' <Predicate = true> <Delay = 0.00>
ST_8 : Operation 111 [1/1] (0.00ns) (grouped into LUT with out node tempReg)   --->   "%zext_ln105_65 = zext i1 %carry" [src/config.h:105->src/generic/fp_generic.c:146]   --->   Operation 111 'zext' 'zext_ln105_65' <Predicate = true> <Delay = 0.00>
ST_8 : Operation 112 [1/1] (0.00ns) (grouped into LUT with out node tempReg)   --->   "%tmp_s = partselect i32 @_ssdm_op_PartSelect.i32.i64.i32.i32, i64 %add_ln133, i32 32, i32 63" [src/generic/fp_generic.c:147]   --->   Operation 112 'partselect' 'tmp_s' <Predicate = true> <Delay = 0.00>
ST_8 : Operation 113 [1/1] (0.00ns) (grouped into LUT with out node tempReg)   --->   "%or_ln4 = bitconcatenate i64 @_ssdm_op_BitConcatenate.i64.i32.i32, i32 %tmp_s, i32 %add_ln105" [src/generic/fp_generic.c:147]   --->   Operation 113 'bitconcatenate' 'or_ln4' <Predicate = true> <Delay = 0.00>
ST_8 : Operation 114 [1/1] (3.52ns) (out node of the LUT)   --->   "%tempReg = add i64 %or_ln4, i64 %zext_ln105_65" [src/generic/fp_generic.c:147]   --->   Operation 114 'add' 'tempReg' <Predicate = true> <Delay = 3.52> <CoreInst = "Adder">   --->   Core 1 'Adder' <Latency = 0> <II = 1> <Delay = 3.52> <FuncUnit> <Opcode : 'add' 'sub'> <InPorts = 2> <OutPorts = 1>
ST_8 : Operation 115 [1/1] (1.58ns)   --->   "%store_ln140 = store i64 %v_116, i64 %v_73" [src/generic/fp_generic.c:140]   --->   Operation 115 'store' 'store_ln140' <Predicate = true> <Delay = 1.58>

State 9 <SV = 8> <Delay = 5.10>
ST_9 : Operation 116 [1/1] (0.00ns)   --->   "%u_62_out_load = load i64 %u_62_out" [src/generic/fp_generic.c:147]   --->   Operation 116 'load' 'u_62_out_load' <Predicate = true> <Delay = 0.00>
ST_9 : Operation 117 [1/1] (3.52ns)   --->   "%v = add i64 %tempReg, i64 %u_62_out_load" [src/generic/fp_generic.c:147]   --->   Operation 117 'add' 'v' <Predicate = true> <Delay = 3.52> <CoreInst = "Adder">   --->   Core 1 'Adder' <Latency = 0> <II = 1> <Delay = 3.52> <FuncUnit> <Opcode : 'add' 'sub'> <InPorts = 2> <OutPorts = 1>
ST_9 : Operation 118 [1/1] (1.58ns)   --->   "%store_ln140 = store i64 %v, i64 %u_62_out" [src/generic/fp_generic.c:140]   --->   Operation 118 'store' 'store_ln140' <Predicate = true> <Delay = 1.58>
ST_9 : Operation 138 [1/1] (0.00ns)   --->   "%v_73_load_1 = load i64 %v_73"   --->   Operation 138 'load' 'v_73_load_1' <Predicate = (icmp_ln144)> <Delay = 0.00>
ST_9 : Operation 139 [1/1] (0.00ns)   --->   "%write_ln0 = write void @_ssdm_op_Write.ap_auto.i64P0A, i64 %v_73_out, i64 %v_73_load_1"   --->   Operation 139 'write' 'write_ln0' <Predicate = (icmp_ln144)> <Delay = 0.00>
ST_9 : Operation 140 [1/1] (1.58ns)   --->   "%ret_ln0 = ret"   --->   Operation 140 'ret' 'ret_ln0' <Predicate = (icmp_ln144)> <Delay = 1.58>

State 10 <SV = 9> <Delay = 4.31>
ST_10 : Operation 119 [1/1] (0.00ns)   --->   "%t_out_load = load i4 %t_out" [src/generic/fp_generic.c:148]   --->   Operation 119 'load' 't_out_load' <Predicate = true> <Delay = 0.00>
ST_10 : Operation 120 [1/1] (0.00ns)   --->   "%specpipeline_ln139 = specpipeline void @_ssdm_op_SpecPipeline, i32 4294967295, i32 0, i32 0, i32 0, void @empty_44" [src/generic/fp_generic.c:139]   --->   Operation 120 'specpipeline' 'specpipeline_ln139' <Predicate = true> <Delay = 0.00>
ST_10 : Operation 121 [1/1] (0.00ns)   --->   "%speclooptripcount_ln139 = speclooptripcount void @_ssdm_op_SpecLoopTripCount, i64 1, i64 8, i64 4" [src/generic/fp_generic.c:139]   --->   Operation 121 'speclooptripcount' 'speclooptripcount_ln139' <Predicate = true> <Delay = 0.00>
ST_10 : Operation 122 [1/1] (0.00ns)   --->   "%specloopname_ln144 = specloopname void @_ssdm_op_SpecLoopName, void @empty_29" [src/generic/fp_generic.c:144]   --->   Operation 122 'specloopname' 'specloopname_ln144' <Predicate = true> <Delay = 0.00>
ST_10 : Operation 123 [1/1] (0.00ns) (grouped into LUT with out node xor_ln147_6)   --->   "%xor_ln147 = xor i64 %v, i64 %tempReg" [src/generic/fp_generic.c:147]   --->   Operation 123 'xor' 'xor_ln147' <Predicate = true> <Delay = 0.00> <CoreInst = "LogicGate">   --->   Core 74 'LogicGate' <Latency = 0> <II = 1> <Delay = 0.99> <FuncUnit> <Opcode : 'and' 'or' 'xor'> <InPorts = 2> <OutPorts = 1>
ST_10 : Operation 124 [1/1] (0.00ns) (grouped into LUT with out node xor_ln147_6)   --->   "%xor_ln147_4 = xor i64 %tempReg, i64 %u_62_out_load" [src/generic/fp_generic.c:147]   --->   Operation 124 'xor' 'xor_ln147_4' <Predicate = true> <Delay = 0.00> <CoreInst = "LogicGate">   --->   Core 74 'LogicGate' <Latency = 0> <II = 1> <Delay = 0.99> <FuncUnit> <Opcode : 'and' 'or' 'xor'> <InPorts = 2> <OutPorts = 1>
ST_10 : Operation 125 [1/1] (0.00ns) (grouped into LUT with out node xor_ln147_6)   --->   "%or_ln147 = or i64 %xor_ln147, i64 %xor_ln147_4" [src/generic/fp_generic.c:147]   --->   Operation 125 'or' 'or_ln147' <Predicate = true> <Delay = 0.00> <CoreInst = "LogicGate">   --->   Core 74 'LogicGate' <Latency = 0> <II = 1> <Delay = 0.99> <FuncUnit> <Opcode : 'and' 'or' 'xor'> <InPorts = 2> <OutPorts = 1>
ST_10 : Operation 126 [1/1] (0.00ns) (grouped into LUT with out node u)   --->   "%bit_sel = bitselect i1 @_ssdm_op_BitSelect.i1.i64.i64, i64 %tempReg, i64 63" [src/generic/fp_generic.c:147]   --->   Operation 126 'bitselect' 'bit_sel' <Predicate = true> <Delay = 0.00>
ST_10 : Operation 127 [1/1] (0.00ns) (grouped into LUT with out node u)   --->   "%xor_ln147_7 = xor i1 %bit_sel, i1 1" [src/generic/fp_generic.c:147]   --->   Operation 127 'xor' 'xor_ln147_7' <Predicate = true> <Delay = 0.00> <CoreInst = "LogicGate">   --->   Core 74 'LogicGate' <Latency = 0> <II = 1> <Delay = 0.97> <FuncUnit> <Opcode : 'and' 'or' 'xor'> <InPorts = 2> <OutPorts = 1>
ST_10 : Operation 128 [1/1] (0.00ns) (grouped into LUT with out node u)   --->   "%trunc_ln147 = trunc i64 %tempReg" [src/generic/fp_generic.c:147]   --->   Operation 128 'trunc' 'trunc_ln147' <Predicate = true> <Delay = 0.00>
ST_10 : Operation 129 [1/1] (0.00ns) (grouped into LUT with out node u)   --->   "%xor_ln147_5 = bitconcatenate i64 @_ssdm_op_BitConcatenate.i64.i1.i63, i1 %xor_ln147_7, i63 %trunc_ln147" [src/generic/fp_generic.c:147]   --->   Operation 129 'bitconcatenate' 'xor_ln147_5' <Predicate = true> <Delay = 0.00>
ST_10 : Operation 130 [1/1] (0.00ns) (grouped into LUT with out node u)   --->   "%and_ln147 = and i64 %xor_ln147_5, i64 %add_ln133" [src/generic/fp_generic.c:147]   --->   Operation 130 'and' 'and_ln147' <Predicate = true> <Delay = 0.00> <CoreInst = "LogicGate">   --->   Core 74 'LogicGate' <Latency = 0> <II = 1> <Delay = 0.99> <FuncUnit> <Opcode : 'and' 'or' 'xor'> <InPorts = 2> <OutPorts = 1>
ST_10 : Operation 131 [1/1] (0.99ns) (out node of the LUT)   --->   "%xor_ln147_6 = xor i64 %or_ln147, i64 %v" [src/generic/fp_generic.c:147]   --->   Operation 131 'xor' 'xor_ln147_6' <Predicate = true> <Delay = 0.99> <CoreInst = "LogicGate">   --->   Core 74 'LogicGate' <Latency = 0> <II = 1> <Delay = 0.99> <FuncUnit> <Opcode : 'and' 'or' 'xor'> <InPorts = 2> <OutPorts = 1>
ST_10 : Operation 132 [1/1] (0.00ns) (grouped into LUT with out node u)   --->   "%or_ln147_2 = or i64 %xor_ln147_6, i64 %and_ln147" [src/generic/fp_generic.c:147]   --->   Operation 132 'or' 'or_ln147_2' <Predicate = true> <Delay = 0.00> <CoreInst = "LogicGate">   --->   Core 74 'LogicGate' <Latency = 0> <II = 1> <Delay = 0.99> <FuncUnit> <Opcode : 'and' 'or' 'xor'> <InPorts = 2> <OutPorts = 1>
ST_10 : Operation 133 [1/1] (0.00ns) (grouped into LUT with out node u)   --->   "%tmp = bitselect i1 @_ssdm_op_BitSelect.i1.i64.i32, i64 %or_ln147_2, i32 63" [src/generic/fp_generic.c:148]   --->   Operation 133 'bitselect' 'tmp' <Predicate = true> <Delay = 0.00>
ST_10 : Operation 134 [1/1] (0.00ns) (grouped into LUT with out node u)   --->   "%zext_ln148 = zext i1 %tmp" [src/generic/fp_generic.c:148]   --->   Operation 134 'zext' 'zext_ln148' <Predicate = true> <Delay = 0.00>
ST_10 : Operation 135 [1/1] (1.73ns) (out node of the LUT)   --->   "%u = add i4 %zext_ln148, i4 %t_out_load" [src/generic/fp_generic.c:148]   --->   Operation 135 'add' 'u' <Predicate = true> <Delay = 1.73> <CoreInst = "Adder">   --->   Core 1 'Adder' <Latency = 0> <II = 1> <Delay = 1.73> <FuncUnit> <Opcode : 'add' 'sub'> <InPorts = 2> <OutPorts = 1>
ST_10 : Operation 136 [1/1] (1.58ns)   --->   "%store_ln140 = store i4 %u, i4 %t_out" [src/generic/fp_generic.c:140]   --->   Operation 136 'store' 'store_ln140' <Predicate = true> <Delay = 1.58>
ST_10 : Operation 137 [1/1] (0.00ns)   --->   "%br_ln144 = br void %for.inc" [src/generic/fp_generic.c:144]   --->   Operation 137 'br' 'br_ln144' <Predicate = true> <Delay = 0.00>


============================================================
+ Verbose Summary: Timing violations
============================================================
Target clock period: 10.000ns, clock uncertainty: 2.700ns.

 <State 1>: 4.911ns
The critical path consists of the following:
	'store' operation 0 bit ('store_ln139', src/generic/fp_generic.c:139) of constant 0 on local variable 'j', src/generic/fp_generic.c:139 [25]  (1.588 ns)
	'load' operation 4 bit ('j', src/generic/fp_generic.c:144) on local variable 'j', src/generic/fp_generic.c:139 [31]  (0.000 ns)
	'add' operation 4 bit ('add_ln144', src/generic/fp_generic.c:144) [33]  (1.735 ns)
	'store' operation 0 bit ('store_ln139', src/generic/fp_generic.c:139) of variable 'add_ln144', src/generic/fp_generic.c:144 on local variable 'j', src/generic/fp_generic.c:139 [129]  (1.588 ns)

 <State 2>: 6.570ns
The critical path consists of the following:
	'sub' operation 4 bit ('sub_ln145', src/generic/fp_generic.c:145) [54]  (0.000 ns)
	'add' operation 4 bit ('add_ln145', src/generic/fp_generic.c:145) [55]  (3.316 ns)
	'getelementptr' operation 4 bit ('b_addr', src/generic/fp_generic.c:145) [57]  (0.000 ns)
	'load' operation 64 bit ('b', src/generic/fp_generic.c:145) on array 'b' [58]  (3.254 ns)

 <State 3>: 3.803ns
The critical path consists of the following:
	'load' operation 64 bit ('a_0_load', src/generic/fp_generic.c:145) on array 'a_0' [50]  (2.322 ns)
	'select' operation 64 bit ('a', src/generic/fp_generic.c:145) [52]  (1.481 ns)

 <State 4>: 6.912ns
The critical path consists of the following:
	'mul' operation 64 bit ('albl', src/generic/fp_generic.c:114->src/generic/fp_generic.c:145) [66]  (6.912 ns)

 <State 5>: 6.912ns
The critical path consists of the following:
	'mul' operation 64 bit ('albl', src/generic/fp_generic.c:114->src/generic/fp_generic.c:145) [66]  (6.912 ns)

 <State 6>: 5.145ns
The critical path consists of the following:
	'add' operation 33 bit ('add_ln123', src/generic/fp_generic.c:123->src/generic/fp_generic.c:145) [78]  (2.552 ns)
	'add' operation 34 bit ('temp', src/generic/fp_generic.c:123->src/generic/fp_generic.c:145) [80]  (2.593 ns)

 <State 7>: 6.923ns
The critical path consists of the following:
	'add' operation 33 bit ('add_ln130_61', src/generic/fp_generic.c:130->src/generic/fp_generic.c:145) [93]  (2.552 ns)
	'add' operation 32 bit ('add_ln105', src/generic/fp_generic.c:105->src/generic/fp_generic.c:145) [96]  (4.371 ns)

 <State 8>: 7.040ns
The critical path consists of the following:
	'load' operation 64 bit ('v_73_load', src/generic/fp_generic.c:146) on local variable 'v', src/generic/fp_generic.c:140 [38]  (0.000 ns)
	'add' operation 64 bit ('x', src/generic/fp_generic.c:146) [105]  (3.520 ns)
	'xor' operation 64 bit ('xor_ln105_7', src/config.h:105->src/generic/fp_generic.c:146) [109]  (0.000 ns)
	'add' operation 64 bit ('tempReg', src/generic/fp_generic.c:147) [114]  (3.520 ns)

 <State 9>: 5.108ns
The critical path consists of the following:
	'load' operation 64 bit ('u_62_out_load', src/generic/fp_generic.c:147) on local variable 'u_62_out' [37]  (0.000 ns)
	'add' operation 64 bit ('v', src/generic/fp_generic.c:147) [115]  (3.520 ns)
	'store' operation 0 bit ('store_ln140', src/generic/fp_generic.c:140) of variable 'v', src/generic/fp_generic.c:147 on local variable 'u_62_out' [131]  (1.588 ns)

 <State 10>: 4.313ns
The critical path consists of the following:
	'xor' operation 64 bit ('xor_ln147', src/generic/fp_generic.c:147) [116]  (0.000 ns)
	'or' operation 64 bit ('or_ln147', src/generic/fp_generic.c:147) [118]  (0.000 ns)
	'xor' operation 64 bit ('xor_ln147_6', src/generic/fp_generic.c:147) [124]  (0.990 ns)
	'or' operation 64 bit ('or_ln147_2', src/generic/fp_generic.c:147) [125]  (0.000 ns)
	'add' operation 4 bit ('u', src/generic/fp_generic.c:148) [128]  (1.735 ns)
	'store' operation 0 bit ('store_ln140', src/generic/fp_generic.c:140) of variable 'u', src/generic/fp_generic.c:148 on local variable 't_out' [132]  (1.588 ns)


============================================================
+ Verbose Summary: Binding
============================================================
N/A
* FSMD analyzer results:
  - Output states:
 - Input state : 
  - Chain level:
	State 1
	State 2
	State 3
	State 4
	State 5
	State 6
	State 7
	State 8
	State 9
	State 10


============================================================
+ Verbose Summary: Datapath Resource usage 
============================================================
N/A
