

================================================================
== Vitis HLS Report for 'mp_mul_67_68_Pipeline_VITIS_LOOP_144_2'
================================================================
* Date:           Tue May 20 14:30:24 2025

* Version:        2024.2.2 (Build 6049644 on Mar  5 2025)
* Project:        sikep503_hls
* Solution:       solution1 (Vivado IP Flow Target)
* Product family: zynq
* Target device:  xc7z020-clg484-1


================================================================
== Performance Estimates
================================================================
+ Timing: 
    * Summary: 
    +--------+----------+----------+------------+
    |  Clock |  Target  | Estimated| Uncertainty|
    +--------+----------+----------+------------+
    |ap_clk  |  10.00 ns|  7.295 ns|     2.70 ns|
    +--------+----------+----------+------------+

+ Latency: 
    * Summary: 
    +---------+---------+----------+----------+-----+-----+------------------------------------------------+
    |  Latency (cycles) |  Latency (absolute) |  Interval |                    Pipeline                    |
    |   min   |   max   |    min   |    max   | min | max |                      Type                      |
    +---------+---------+----------+----------+-----+-----+------------------------------------------------+
    |       10|       17|  0.100 us|  0.170 us|    2|    9|  loop auto-rewind stp (delay=0 clock cycles(s))|
    +---------+---------+----------+----------+-----+-----+------------------------------------------------+

    + Detail: 
        * Instance: 
        N/A

        * Loop: 
        +--------------------+---------+---------+----------+-----------+-----------+-------+----------+
        |                    |  Latency (cycles) | Iteration|  Initiation Interval  |  Trip |          |
        |      Loop Name     |   min   |   max   |  Latency |  achieved |   target  | Count | Pipelined|
        +--------------------+---------+---------+----------+-----------+-----------+-------+----------+
        |- VITIS_LOOP_144_2  |        8|       15|         9|          1|          1|  1 ~ 8|       yes|
        +--------------------+---------+---------+----------+-----------+-----------+-------+----------+

============================================================
+ Verbose Summary: Synthesis Manager
============================================================
InlineROM: 1
ExposeGlobal: 0
============================================================
+ Verbose Summary: CDFG Model
============================================================
IsTopModel: 0
ResetActiveHigh: 1
IsCombinational: 0
IsDatapathOnly: 0
HasWiredReturn: 1
HasMFsm: 2
HasVarLatency: 1
IsPipeline: 0
IsRtlPipelined: 0
IsInstanceOverlapped: 0
IsDontTouch: 0
HasImplIP: 0
IsGatedGlobalClock: 0

+ Individual pipeline summary: 
  * Pipeline-0: initiation interval (II) = 1, depth = 9


============================================================
+ Verbose Summary: Schedule
============================================================
* Number of FSM states : 9
* Pipeline : 1
  Pipeline-0 : II = 1, D = 9, States = { 1 2 3 4 5 6 7 8 9 }
* Dataflow Pipeline: 0

* FSM state transitions: 
1 --> 2 
2 --> 3 
3 --> 4 
4 --> 5 
5 --> 6 
6 --> 7 
7 --> 8 
8 --> 9 
9 --> 

* FSM state operations: 

State 1 <SV = 0> <Delay = 7.29>
ST_1 : Operation 12 [1/1] (0.00ns)   --->   "%v_94 = alloca i32 1" [src/generic/fp_generic.c:140]   --->   Operation 12 'alloca' 'v_94' <Predicate = true> <Delay = 0.00>
ST_1 : Operation 13 [1/1] (0.00ns)   --->   "%j = alloca i32 1" [src/generic/fp_generic.c:139]   --->   Operation 13 'alloca' 'j' <Predicate = true> <Delay = 0.00>
ST_1 : Operation 14 [1/1] (0.00ns)   --->   "%zext_ln145_read = read i3 @_ssdm_op_Read.ap_auto.i3, i3 %zext_ln145"   --->   Operation 14 'read' 'zext_ln145_read' <Predicate = true> <Delay = 0.00>
ST_1 : Operation 15 [1/1] (0.00ns)   --->   "%zext_ln145_11_read = read i3 @_ssdm_op_Read.ap_auto.i3, i3 %zext_ln145_11"   --->   Operation 15 'read' 'zext_ln145_11_read' <Predicate = true> <Delay = 0.00>
ST_1 : Operation 16 [1/1] (0.00ns)   --->   "%i_read = read i3 @_ssdm_op_Read.ap_auto.i3, i3 %i"   --->   Operation 16 'read' 'i_read' <Predicate = true> <Delay = 0.00>
ST_1 : Operation 17 [1/1] (0.00ns)   --->   "%a_offset_read = read i1 @_ssdm_op_Read.ap_auto.i1, i1 %a_offset"   --->   Operation 17 'read' 'a_offset_read' <Predicate = true> <Delay = 0.00>
ST_1 : Operation 18 [1/1] (0.00ns)   --->   "%indvars_iv31_read = read i4 @_ssdm_op_Read.ap_auto.i4, i4 %indvars_iv31"   --->   Operation 18 'read' 'indvars_iv31_read' <Predicate = true> <Delay = 0.00>
ST_1 : Operation 19 [1/1] (0.00ns)   --->   "%zext_ln143_read = read i4 @_ssdm_op_Read.ap_auto.i4, i4 %zext_ln143"   --->   Operation 19 'read' 'zext_ln143_read' <Predicate = true> <Delay = 0.00>
ST_1 : Operation 20 [1/1] (0.00ns)   --->   "%v_017_read = read i64 @_ssdm_op_Read.ap_auto.i64, i64 %v_017"   --->   Operation 20 'read' 'v_017_read' <Predicate = true> <Delay = 0.00>
ST_1 : Operation 21 [1/1] (0.00ns)   --->   "%i_cast = zext i3 %i_read"   --->   Operation 21 'zext' 'i_cast' <Predicate = true> <Delay = 0.00>
ST_1 : Operation 22 [1/1] (0.00ns)   --->   "%zext_ln143_cast = zext i4 %zext_ln143_read"   --->   Operation 22 'zext' 'zext_ln143_cast' <Predicate = true> <Delay = 0.00>
ST_1 : Operation 23 [1/1] (1.58ns)   --->   "%store_ln139 = store i4 0, i4 %j" [src/generic/fp_generic.c:139]   --->   Operation 23 'store' 'store_ln139' <Predicate = true> <Delay = 1.58>
ST_1 : Operation 24 [1/1] (1.58ns)   --->   "%store_ln140 = store i64 %v_017_read, i64 %v_94" [src/generic/fp_generic.c:140]   --->   Operation 24 'store' 'store_ln140' <Predicate = true> <Delay = 1.58>
ST_1 : Operation 25 [1/1] (1.58ns)   --->   "%store_ln140 = store i64 %zext_ln143_cast, i64 %u_71_out" [src/generic/fp_generic.c:140]   --->   Operation 25 'store' 'store_ln140' <Predicate = true> <Delay = 1.58>
ST_1 : Operation 26 [1/1] (1.58ns)   --->   "%store_ln140 = store i4 0, i4 %t_out" [src/generic/fp_generic.c:140]   --->   Operation 26 'store' 'store_ln140' <Predicate = true> <Delay = 1.58>
ST_1 : Operation 27 [1/1] (0.00ns)   --->   "%br_ln0 = br void %for.inc"   --->   Operation 27 'br' 'br_ln0' <Predicate = true> <Delay = 0.00>
ST_1 : Operation 28 [1/1] (0.00ns)   --->   "%j_22 = load i4 %j" [src/generic/fp_generic.c:145]   --->   Operation 28 'load' 'j_22' <Predicate = true> <Delay = 0.00>
ST_1 : Operation 29 [1/1] (1.73ns)   --->   "%icmp_ln144 = icmp_eq  i4 %j_22, i4 %indvars_iv31_read" [src/generic/fp_generic.c:144]   --->   Operation 29 'icmp' 'icmp_ln144' <Predicate = true> <Delay = 1.73> <CoreInst = "Cmp">   --->   Core 9 'Cmp' <Latency = 0> <II = 1> <Delay = 1.73> <FuncUnit> <Opcode : 'seteq' 'setne' 'setle' 'setge' 'setlt' 'setgt'> <InPorts = 2> <OutPorts = 1>
ST_1 : Operation 30 [1/1] (1.73ns)   --->   "%add_ln144 = add i4 %j_22, i4 1" [src/generic/fp_generic.c:144]   --->   Operation 30 'add' 'add_ln144' <Predicate = true> <Delay = 1.73> <CoreInst = "Adder">   --->   Core 1 'Adder' <Latency = 0> <II = 1> <Delay = 1.73> <FuncUnit> <Opcode : 'add' 'sub'> <InPorts = 2> <OutPorts = 1>
ST_1 : Operation 31 [1/1] (0.00ns)   --->   "%br_ln144 = br i1 %icmp_ln144, void %for.inc.split, void %for.inc22.exitStub" [src/generic/fp_generic.c:144]   --->   Operation 31 'br' 'br_ln144' <Predicate = true> <Delay = 0.00>
ST_1 : Operation 32 [1/1] (0.00ns)   --->   "%trunc_ln145 = trunc i4 %j_22" [src/generic/fp_generic.c:145]   --->   Operation 32 'trunc' 'trunc_ln145' <Predicate = (!icmp_ln144)> <Delay = 0.00>
ST_1 : Operation 33 [1/1] (0.00ns)   --->   "%tmp_204 = bitconcatenate i4 @_ssdm_op_BitConcatenate.i4.i1.i3, i1 %a_offset_read, i3 %trunc_ln145" [src/generic/fp_generic.c:145]   --->   Operation 33 'bitconcatenate' 'tmp_204' <Predicate = (!icmp_ln144)> <Delay = 0.00>
ST_1 : Operation 34 [1/1] (0.00ns)   --->   "%zext_ln145_12 = zext i4 %tmp_204" [src/generic/fp_generic.c:145]   --->   Operation 34 'zext' 'zext_ln145_12' <Predicate = (!icmp_ln144)> <Delay = 0.00>
ST_1 : Operation 35 [1/1] (0.00ns)   --->   "%a_addr = getelementptr i64 %a, i32 0, i32 %zext_ln145_12" [src/generic/fp_generic.c:145]   --->   Operation 35 'getelementptr' 'a_addr' <Predicate = (!icmp_ln144)> <Delay = 0.00>
ST_1 : Operation 36 [2/2] (3.25ns)   --->   "%a_load = load i4 %a_addr" [src/generic/fp_generic.c:145]   --->   Operation 36 'load' 'a_load' <Predicate = (!icmp_ln144)> <Delay = 3.25> <CoreInst = "RAM">   --->   Core 81 'RAM' <Latency = 1> <II = 1> <Delay = 3.25> <Storage> <Opcode : 'load' 'store'> <Ports = 2> <Width = 64> <Depth = 16> <RAM>
ST_1 : Operation 37 [1/1] (1.73ns)   --->   "%sub_ln145 = sub i4 %i_cast, i4 %j_22" [src/generic/fp_generic.c:145]   --->   Operation 37 'sub' 'sub_ln145' <Predicate = (!icmp_ln144)> <Delay = 1.73> <CoreInst = "Adder">   --->   Core 1 'Adder' <Latency = 0> <II = 1> <Delay = 1.73> <FuncUnit> <Opcode : 'add' 'sub'> <InPorts = 2> <OutPorts = 1>
ST_1 : Operation 38 [1/1] (0.00ns)   --->   "%trunc_ln145_7 = trunc i4 %sub_ln145" [src/generic/fp_generic.c:145]   --->   Operation 38 'trunc' 'trunc_ln145_7' <Predicate = (!icmp_ln144)> <Delay = 0.00>
ST_1 : Operation 39 [1/1] (0.00ns)   --->   "%lshr_ln = partselect i3 @_ssdm_op_PartSelect.i3.i4.i32.i32, i4 %sub_ln145, i32 1, i32 3" [src/generic/fp_generic.c:145]   --->   Operation 39 'partselect' 'lshr_ln' <Predicate = (!icmp_ln144)> <Delay = 0.00>
ST_1 : Operation 40 [1/1] (1.65ns)   --->   "%add_ln145 = add i3 %zext_ln145_11_read, i3 %lshr_ln" [src/generic/fp_generic.c:145]   --->   Operation 40 'add' 'add_ln145' <Predicate = (!icmp_ln144)> <Delay = 1.65> <CoreInst = "Adder">   --->   Core 1 'Adder' <Latency = 0> <II = 1> <Delay = 1.65> <FuncUnit> <Opcode : 'add' 'sub'> <InPorts = 2> <OutPorts = 1>
ST_1 : Operation 41 [1/1] (0.00ns)   --->   "%zext_ln145_13 = zext i3 %add_ln145" [src/generic/fp_generic.c:145]   --->   Operation 41 'zext' 'zext_ln145_13' <Predicate = (!icmp_ln144)> <Delay = 0.00>
ST_1 : Operation 42 [1/1] (0.00ns)   --->   "%b_0_addr = getelementptr i64 %b_0, i32 0, i32 %zext_ln145_13" [src/generic/fp_generic.c:145]   --->   Operation 42 'getelementptr' 'b_0_addr' <Predicate = (!icmp_ln144)> <Delay = 0.00>
ST_1 : Operation 43 [1/1] (1.65ns)   --->   "%add_ln145_2 = add i3 %zext_ln145_read, i3 %lshr_ln" [src/generic/fp_generic.c:145]   --->   Operation 43 'add' 'add_ln145_2' <Predicate = (!icmp_ln144)> <Delay = 1.65> <CoreInst = "Adder">   --->   Core 1 'Adder' <Latency = 0> <II = 1> <Delay = 1.65> <FuncUnit> <Opcode : 'add' 'sub'> <InPorts = 2> <OutPorts = 1>
ST_1 : Operation 44 [1/1] (0.00ns)   --->   "%zext_ln145_14 = zext i3 %add_ln145_2" [src/generic/fp_generic.c:145]   --->   Operation 44 'zext' 'zext_ln145_14' <Predicate = (!icmp_ln144)> <Delay = 0.00>
ST_1 : Operation 45 [1/1] (0.00ns)   --->   "%b_1_addr = getelementptr i64 %b_1, i32 0, i32 %zext_ln145_14" [src/generic/fp_generic.c:145]   --->   Operation 45 'getelementptr' 'b_1_addr' <Predicate = (!icmp_ln144)> <Delay = 0.00>
ST_1 : Operation 46 [2/2] (2.32ns)   --->   "%b_0_load = load i3 %b_0_addr" [src/generic/fp_generic.c:145]   --->   Operation 46 'load' 'b_0_load' <Predicate = (!icmp_ln144)> <Delay = 2.32> <CoreInst = "RAM">   --->   Core 81 'RAM' <Latency = 1> <II = 1> <Delay = 2.32> <Storage> <Opcode : 'load' 'store'> <Ports = 2> <Width = 64> <Depth = 8> <RAM>
ST_1 : Operation 47 [2/2] (2.32ns)   --->   "%b_1_load = load i3 %b_1_addr" [src/generic/fp_generic.c:145]   --->   Operation 47 'load' 'b_1_load' <Predicate = (!icmp_ln144)> <Delay = 2.32> <CoreInst = "RAM">   --->   Core 81 'RAM' <Latency = 1> <II = 1> <Delay = 2.32> <Storage> <Opcode : 'load' 'store'> <Ports = 2> <Width = 64> <Depth = 8> <RAM>
ST_1 : Operation 48 [1/1] (1.58ns)   --->   "%store_ln139 = store i4 %add_ln144, i4 %j" [src/generic/fp_generic.c:139]   --->   Operation 48 'store' 'store_ln139' <Predicate = (!icmp_ln144)> <Delay = 1.58>

State 2 <SV = 1> <Delay = 3.80>
ST_2 : Operation 49 [1/2] ( I:3.25ns O:3.25ns )   --->   "%a_load = load i4 %a_addr" [src/generic/fp_generic.c:145]   --->   Operation 49 'load' 'a_load' <Predicate = true> <Delay = 3.25> <CoreInst = "RAM">   --->   Core 81 'RAM' <Latency = 1> <II = 1> <Delay = 3.25> <Storage> <Opcode : 'load' 'store'> <Ports = 2> <Width = 64> <Depth = 16> <RAM>
ST_2 : Operation 50 [1/1] (0.00ns)   --->   "%al = trunc i64 %a_load" [src/generic/fp_generic.c:145]   --->   Operation 50 'trunc' 'al' <Predicate = true> <Delay = 0.00>
ST_2 : Operation 51 [1/2] ( I:2.32ns O:2.32ns )   --->   "%b_0_load = load i3 %b_0_addr" [src/generic/fp_generic.c:145]   --->   Operation 51 'load' 'b_0_load' <Predicate = true> <Delay = 2.32> <CoreInst = "RAM">   --->   Core 81 'RAM' <Latency = 1> <II = 1> <Delay = 2.32> <Storage> <Opcode : 'load' 'store'> <Ports = 2> <Width = 64> <Depth = 8> <RAM>
ST_2 : Operation 52 [1/2] ( I:2.32ns O:2.32ns )   --->   "%b_1_load = load i3 %b_1_addr" [src/generic/fp_generic.c:145]   --->   Operation 52 'load' 'b_1_load' <Predicate = true> <Delay = 2.32> <CoreInst = "RAM">   --->   Core 81 'RAM' <Latency = 1> <II = 1> <Delay = 2.32> <Storage> <Opcode : 'load' 'store'> <Ports = 2> <Width = 64> <Depth = 8> <RAM>
ST_2 : Operation 53 [1/1] (1.48ns)   --->   "%select_ln145 = select i1 %trunc_ln145_7, i64 %b_1_load, i64 %b_0_load" [src/generic/fp_generic.c:145]   --->   Operation 53 'select' 'select_ln145' <Predicate = true> <Delay = 1.48> <CoreInst = "Sel">   --->   Core 73 'Sel' <Latency = 0> <II = 1> <Delay = 1.48> <FuncUnit> <Opcode : 'select'> <InPorts = 3> <OutPorts = 1>
ST_2 : Operation 54 [1/1] (0.00ns)   --->   "%bl = trunc i64 %select_ln145" [src/generic/fp_generic.c:103->src/generic/fp_generic.c:145]   --->   Operation 54 'trunc' 'bl' <Predicate = true> <Delay = 0.00>
ST_2 : Operation 55 [1/1] (0.00ns)   --->   "%ah = partselect i32 @_ssdm_op_PartSelect.i32.i64.i32.i32, i64 %a_load, i32 32, i32 63" [src/generic/fp_generic.c:110->src/generic/fp_generic.c:145]   --->   Operation 55 'partselect' 'ah' <Predicate = true> <Delay = 0.00>
ST_2 : Operation 56 [1/1] (0.00ns)   --->   "%bh = partselect i32 @_ssdm_op_PartSelect.i32.i64.i32.i32, i64 %select_ln145, i32 32, i32 63" [src/generic/fp_generic.c:112->src/generic/fp_generic.c:145]   --->   Operation 56 'partselect' 'bh' <Predicate = true> <Delay = 0.00>

State 3 <SV = 2> <Delay = 6.91>
ST_3 : Operation 57 [1/1] (0.00ns)   --->   "%zext_ln105 = zext i32 %al" [src/generic/fp_generic.c:105->src/generic/fp_generic.c:145]   --->   Operation 57 'zext' 'zext_ln105' <Predicate = true> <Delay = 0.00>
ST_3 : Operation 58 [1/1] (0.00ns)   --->   "%zext_ln110 = zext i32 %ah" [src/generic/fp_generic.c:110->src/generic/fp_generic.c:145]   --->   Operation 58 'zext' 'zext_ln110' <Predicate = true> <Delay = 0.00>
ST_3 : Operation 59 [1/1] (0.00ns)   --->   "%zext_ln105_83 = zext i32 %bl" [src/generic/fp_generic.c:105->src/generic/fp_generic.c:145]   --->   Operation 59 'zext' 'zext_ln105_83' <Predicate = true> <Delay = 0.00>
ST_3 : Operation 60 [1/1] (0.00ns)   --->   "%zext_ln112 = zext i32 %bh" [src/generic/fp_generic.c:112->src/generic/fp_generic.c:145]   --->   Operation 60 'zext' 'zext_ln112' <Predicate = true> <Delay = 0.00>
ST_3 : Operation 61 [2/2] (6.91ns)   --->   "%albl = mul i64 %zext_ln105_83, i64 %zext_ln105" [src/generic/fp_generic.c:114->src/generic/fp_generic.c:145]   --->   Operation 61 'mul' 'albl' <Predicate = true> <Delay = 6.91> <CoreInst = "Multiplier">   --->   Core 3 'Multiplier' <Latency = 1> <II = 1> <Delay = 6.91> <FuncUnit> <Opcode : 'mul'> <InPorts = 2> <OutPorts = 1>
ST_3 : Operation 62 [2/2] (6.91ns)   --->   "%albh = mul i64 %zext_ln112, i64 %zext_ln105" [src/generic/fp_generic.c:115->src/generic/fp_generic.c:145]   --->   Operation 62 'mul' 'albh' <Predicate = true> <Delay = 6.91> <CoreInst = "Multiplier">   --->   Core 3 'Multiplier' <Latency = 1> <II = 1> <Delay = 6.91> <FuncUnit> <Opcode : 'mul'> <InPorts = 2> <OutPorts = 1>
ST_3 : Operation 63 [2/2] (6.91ns)   --->   "%ahbl = mul i64 %zext_ln105_83, i64 %zext_ln110" [src/generic/fp_generic.c:116->src/generic/fp_generic.c:145]   --->   Operation 63 'mul' 'ahbl' <Predicate = true> <Delay = 6.91> <CoreInst = "Multiplier">   --->   Core 3 'Multiplier' <Latency = 1> <II = 1> <Delay = 6.91> <FuncUnit> <Opcode : 'mul'> <InPorts = 2> <OutPorts = 1>
ST_3 : Operation 64 [2/2] (6.91ns)   --->   "%ahbh = mul i64 %zext_ln112, i64 %zext_ln110" [src/generic/fp_generic.c:117->src/generic/fp_generic.c:145]   --->   Operation 64 'mul' 'ahbh' <Predicate = true> <Delay = 6.91> <CoreInst = "Multiplier">   --->   Core 3 'Multiplier' <Latency = 1> <II = 1> <Delay = 6.91> <FuncUnit> <Opcode : 'mul'> <InPorts = 2> <OutPorts = 1>

State 4 <SV = 3> <Delay = 6.91>
ST_4 : Operation 65 [1/2] (6.91ns)   --->   "%albl = mul i64 %zext_ln105_83, i64 %zext_ln105" [src/generic/fp_generic.c:114->src/generic/fp_generic.c:145]   --->   Operation 65 'mul' 'albl' <Predicate = true> <Delay = 6.91> <CoreInst = "Multiplier">   --->   Core 3 'Multiplier' <Latency = 1> <II = 1> <Delay = 6.91> <FuncUnit> <Opcode : 'mul'> <InPorts = 2> <OutPorts = 1>
ST_4 : Operation 66 [1/1] (0.00ns)   --->   "%trunc_ln106 = trunc i64 %albl" [src/generic/fp_generic.c:106->src/generic/fp_generic.c:145]   --->   Operation 66 'trunc' 'trunc_ln106' <Predicate = true> <Delay = 0.00>
ST_4 : Operation 67 [1/2] (6.91ns)   --->   "%albh = mul i64 %zext_ln112, i64 %zext_ln105" [src/generic/fp_generic.c:115->src/generic/fp_generic.c:145]   --->   Operation 67 'mul' 'albh' <Predicate = true> <Delay = 6.91> <CoreInst = "Multiplier">   --->   Core 3 'Multiplier' <Latency = 1> <II = 1> <Delay = 6.91> <FuncUnit> <Opcode : 'mul'> <InPorts = 2> <OutPorts = 1>
ST_4 : Operation 68 [1/1] (0.00ns)   --->   "%trunc_ln106_123 = trunc i64 %albh" [src/generic/fp_generic.c:106->src/generic/fp_generic.c:145]   --->   Operation 68 'trunc' 'trunc_ln106_123' <Predicate = true> <Delay = 0.00>
ST_4 : Operation 69 [1/2] (6.91ns)   --->   "%ahbl = mul i64 %zext_ln105_83, i64 %zext_ln110" [src/generic/fp_generic.c:116->src/generic/fp_generic.c:145]   --->   Operation 69 'mul' 'ahbl' <Predicate = true> <Delay = 6.91> <CoreInst = "Multiplier">   --->   Core 3 'Multiplier' <Latency = 1> <II = 1> <Delay = 6.91> <FuncUnit> <Opcode : 'mul'> <InPorts = 2> <OutPorts = 1>
ST_4 : Operation 70 [1/1] (0.00ns)   --->   "%trunc_ln106_124 = trunc i64 %ahbl" [src/generic/fp_generic.c:106->src/generic/fp_generic.c:145]   --->   Operation 70 'trunc' 'trunc_ln106_124' <Predicate = true> <Delay = 0.00>
ST_4 : Operation 71 [1/2] (6.91ns)   --->   "%ahbh = mul i64 %zext_ln112, i64 %zext_ln110" [src/generic/fp_generic.c:117->src/generic/fp_generic.c:145]   --->   Operation 71 'mul' 'ahbh' <Predicate = true> <Delay = 6.91> <CoreInst = "Multiplier">   --->   Core 3 'Multiplier' <Latency = 1> <II = 1> <Delay = 6.91> <FuncUnit> <Opcode : 'mul'> <InPorts = 2> <OutPorts = 1>
ST_4 : Operation 72 [1/1] (0.00ns)   --->   "%trunc_ln106_125 = trunc i64 %ahbh" [src/generic/fp_generic.c:106->src/generic/fp_generic.c:145]   --->   Operation 72 'trunc' 'trunc_ln106_125' <Predicate = true> <Delay = 0.00>
ST_4 : Operation 73 [1/1] (0.00ns)   --->   "%tmp_205 = partselect i32 @_ssdm_op_PartSelect.i32.i64.i32.i32, i64 %albl, i32 32, i32 63" [src/generic/fp_generic.c:106->src/generic/fp_generic.c:145]   --->   Operation 73 'partselect' 'tmp_205' <Predicate = true> <Delay = 0.00>
ST_4 : Operation 74 [1/1] (0.00ns)   --->   "%tmp_207 = partselect i32 @_ssdm_op_PartSelect.i32.i64.i32.i32, i64 %ahbl, i32 32, i32 63" [src/generic/fp_generic.c:106->src/generic/fp_generic.c:145]   --->   Operation 74 'partselect' 'tmp_207' <Predicate = true> <Delay = 0.00>
ST_4 : Operation 75 [1/1] (0.00ns)   --->   "%tmp_208 = partselect i32 @_ssdm_op_PartSelect.i32.i64.i32.i32, i64 %albh, i32 32, i32 63" [src/generic/fp_generic.c:106->src/generic/fp_generic.c:145]   --->   Operation 75 'partselect' 'tmp_208' <Predicate = true> <Delay = 0.00>
ST_4 : Operation 76 [1/1] (0.00ns)   --->   "%tmp_209 = partselect i32 @_ssdm_op_PartSelect.i32.i64.i32.i32, i64 %ahbh, i32 32, i32 63" [src/generic/fp_generic.c:133->src/generic/fp_generic.c:145]   --->   Operation 76 'partselect' 'tmp_209' <Predicate = true> <Delay = 0.00>

State 5 <SV = 4> <Delay = 5.14>
ST_5 : Operation 77 [1/1] (0.00ns)   --->   "%zext_ln106 = zext i32 %tmp_205" [src/generic/fp_generic.c:106->src/generic/fp_generic.c:145]   --->   Operation 77 'zext' 'zext_ln106' <Predicate = true> <Delay = 0.00>
ST_5 : Operation 78 [1/1] (0.00ns)   --->   "%zext_ln123 = zext i32 %trunc_ln106_124" [src/generic/fp_generic.c:123->src/generic/fp_generic.c:145]   --->   Operation 78 'zext' 'zext_ln123' <Predicate = true> <Delay = 0.00>
ST_5 : Operation 79 [1/1] (0.00ns)   --->   "%zext_ln123_73 = zext i32 %trunc_ln106_123" [src/generic/fp_generic.c:123->src/generic/fp_generic.c:145]   --->   Operation 79 'zext' 'zext_ln123_73' <Predicate = true> <Delay = 0.00>
ST_5 : Operation 80 [1/1] (2.55ns)   --->   "%add_ln123 = add i33 %zext_ln123, i33 %zext_ln123_73" [src/generic/fp_generic.c:123->src/generic/fp_generic.c:145]   --->   Operation 80 'add' 'add_ln123' <Predicate = true> <Delay = 2.55> <CoreInst = "Adder">   --->   Core 1 'Adder' <Latency = 0> <II = 1> <Delay = 2.55> <FuncUnit> <Opcode : 'add' 'sub'> <InPorts = 2> <OutPorts = 1>
ST_5 : Operation 81 [1/1] (0.00ns)   --->   "%zext_ln123_74 = zext i33 %add_ln123" [src/generic/fp_generic.c:123->src/generic/fp_generic.c:145]   --->   Operation 81 'zext' 'zext_ln123_74' <Predicate = true> <Delay = 0.00>
ST_5 : Operation 82 [1/1] (2.59ns)   --->   "%temp = add i34 %zext_ln123_74, i34 %zext_ln106" [src/generic/fp_generic.c:123->src/generic/fp_generic.c:145]   --->   Operation 82 'add' 'temp' <Predicate = true> <Delay = 2.59> <CoreInst = "Adder">   --->   Core 1 'Adder' <Latency = 0> <II = 1> <Delay = 2.59> <FuncUnit> <Opcode : 'add' 'sub'> <InPorts = 2> <OutPorts = 1>
ST_5 : Operation 83 [1/1] (0.00ns)   --->   "%tmp_206 = partselect i2 @_ssdm_op_PartSelect.i2.i34.i32.i32, i34 %temp, i32 32, i32 33" [src/generic/fp_generic.c:106->src/generic/fp_generic.c:145]   --->   Operation 83 'partselect' 'tmp_206' <Predicate = true> <Delay = 0.00>
ST_5 : Operation 84 [1/1] (0.00ns)   --->   "%trunc_ln125 = trunc i34 %temp" [src/generic/fp_generic.c:125->src/generic/fp_generic.c:145]   --->   Operation 84 'trunc' 'trunc_ln125' <Predicate = true> <Delay = 0.00>

State 6 <SV = 5> <Delay = 6.92>
ST_6 : Operation 85 [1/1] (0.00ns)   --->   "%zext_ln106_88 = zext i2 %tmp_206" [src/generic/fp_generic.c:106->src/generic/fp_generic.c:145]   --->   Operation 85 'zext' 'zext_ln106_88' <Predicate = true> <Delay = 0.00>
ST_6 : Operation 86 [1/1] (0.00ns)   --->   "%zext_ln106_89 = zext i32 %tmp_207" [src/generic/fp_generic.c:106->src/generic/fp_generic.c:145]   --->   Operation 86 'zext' 'zext_ln106_89' <Predicate = true> <Delay = 0.00>
ST_6 : Operation 87 [1/1] (0.00ns)   --->   "%zext_ln106_90 = zext i32 %tmp_208" [src/generic/fp_generic.c:106->src/generic/fp_generic.c:145]   --->   Operation 87 'zext' 'zext_ln106_90' <Predicate = true> <Delay = 0.00>
ST_6 : Operation 88 [1/1] (0.00ns)   --->   "%zext_ln130 = zext i32 %trunc_ln106_125" [src/generic/fp_generic.c:130->src/generic/fp_generic.c:145]   --->   Operation 88 'zext' 'zext_ln130' <Predicate = true> <Delay = 0.00>
ST_6 : Operation 89 [1/1] (0.00ns) (grouped into TernaryAdder)   --->   "%add_ln130_87 = add i32 %trunc_ln106_125, i32 %tmp_207" [src/generic/fp_generic.c:130->src/generic/fp_generic.c:145]   --->   Operation 89 'add' 'add_ln130_87' <Predicate = true> <Delay = 0.00> <CoreInst = "TAddSub">   --->   Core 10 'TAddSub' <Latency = 0> <II = 1> <Delay = 2.18> <IPBlock> <Opcode : '' 'add' 'sub'> <InPorts = 3> <OutPorts = 1> <Sync> <CReg>
ST_6 : Operation 90 [1/1] (2.55ns)   --->   "%add_ln130 = add i33 %zext_ln130, i33 %zext_ln106_89" [src/generic/fp_generic.c:130->src/generic/fp_generic.c:145]   --->   Operation 90 'add' 'add_ln130' <Predicate = true> <Delay = 2.55> <CoreInst = "Adder">   --->   Core 1 'Adder' <Latency = 0> <II = 1> <Delay = 2.55> <FuncUnit> <Opcode : 'add' 'sub'> <InPorts = 2> <OutPorts = 1>
ST_6 : Operation 91 [1/1] (0.00ns)   --->   "%zext_ln130_73 = zext i33 %add_ln130" [src/generic/fp_generic.c:130->src/generic/fp_generic.c:145]   --->   Operation 91 'zext' 'zext_ln130_73' <Predicate = true> <Delay = 0.00>
ST_6 : Operation 92 [1/1] (2.55ns)   --->   "%add_ln130_86 = add i33 %zext_ln106_90, i33 %zext_ln106_88" [src/generic/fp_generic.c:130->src/generic/fp_generic.c:145]   --->   Operation 92 'add' 'add_ln130_86' <Predicate = true> <Delay = 2.55> <CoreInst = "Adder">   --->   Core 1 'Adder' <Latency = 0> <II = 1> <Delay = 2.55> <FuncUnit> <Opcode : 'add' 'sub'> <InPorts = 2> <OutPorts = 1>
ST_6 : Operation 93 [1/1] (0.00ns)   --->   "%trunc_ln130 = trunc i33 %add_ln130_86" [src/generic/fp_generic.c:130->src/generic/fp_generic.c:145]   --->   Operation 93 'trunc' 'trunc_ln130' <Predicate = true> <Delay = 0.00>
ST_6 : Operation 94 [1/1] (0.00ns)   --->   "%zext_ln130_74 = zext i33 %add_ln130_86" [src/generic/fp_generic.c:130->src/generic/fp_generic.c:145]   --->   Operation 94 'zext' 'zext_ln130_74' <Predicate = true> <Delay = 0.00>
ST_6 : Operation 95 [1/1] (4.37ns) (root node of TernaryAdder)   --->   "%add_ln105 = add i32 %trunc_ln130, i32 %add_ln130_87" [src/generic/fp_generic.c:105->src/generic/fp_generic.c:145]   --->   Operation 95 'add' 'add_ln105' <Predicate = true> <Delay = 4.37> <CoreInst = "TAddSub">   --->   Core 10 'TAddSub' <Latency = 0> <II = 1> <Delay = 2.18> <IPBlock> <Opcode : '' 'add' 'sub'> <InPorts = 3> <OutPorts = 1> <Sync> <CReg>
ST_6 : Operation 96 [1/1] (2.59ns)   --->   "%temp_40 = add i34 %zext_ln130_74, i34 %zext_ln130_73" [src/generic/fp_generic.c:130->src/generic/fp_generic.c:145]   --->   Operation 96 'add' 'temp_40' <Predicate = true> <Delay = 2.59> <CoreInst = "Adder">   --->   Core 1 'Adder' <Latency = 0> <II = 1> <Delay = 2.59> <FuncUnit> <Opcode : 'add' 'sub'> <InPorts = 2> <OutPorts = 1>
ST_6 : Operation 97 [1/1] (0.00ns)   --->   "%tmp_210 = partselect i2 @_ssdm_op_PartSelect.i2.i34.i32.i32, i34 %temp_40, i32 32, i32 33" [src/generic/fp_generic.c:133->src/generic/fp_generic.c:145]   --->   Operation 97 'partselect' 'tmp_210' <Predicate = true> <Delay = 0.00>

State 7 <SV = 6> <Delay = 7.04>
ST_7 : Operation 98 [1/1] (0.00ns)   --->   "%v_94_load = load i64 %v_94" [src/generic/fp_generic.c:146]   --->   Operation 98 'load' 'v_94_load' <Predicate = true> <Delay = 0.00>
ST_7 : Operation 99 [1/1] (0.00ns)   --->   "%shl_ln = bitconcatenate i64 @_ssdm_op_BitConcatenate.i64.i32.i32, i32 %trunc_ln125, i32 0" [src/generic/fp_generic.c:125->src/generic/fp_generic.c:145]   --->   Operation 99 'bitconcatenate' 'shl_ln' <Predicate = true> <Delay = 0.00>
ST_7 : Operation 100 [1/1] (0.00ns)   --->   "%and_ln = bitconcatenate i64 @_ssdm_op_BitConcatenate.i64.i32.i32, i32 %tmp_209, i32 0" [src/generic/fp_generic.c:133->src/generic/fp_generic.c:145]   --->   Operation 100 'bitconcatenate' 'and_ln' <Predicate = true> <Delay = 0.00>
ST_7 : Operation 101 [1/1] (0.00ns)   --->   "%and_ln133_s = bitconcatenate i34 @_ssdm_op_BitConcatenate.i34.i2.i32, i2 %tmp_210, i32 0" [src/generic/fp_generic.c:133->src/generic/fp_generic.c:145]   --->   Operation 101 'bitconcatenate' 'and_ln133_s' <Predicate = true> <Delay = 0.00>
ST_7 : Operation 102 [1/1] (0.00ns)   --->   "%zext_ln133 = zext i34 %and_ln133_s" [src/generic/fp_generic.c:133->src/generic/fp_generic.c:145]   --->   Operation 102 'zext' 'zext_ln133' <Predicate = true> <Delay = 0.00>
ST_7 : Operation 103 [1/1] (3.52ns)   --->   "%add_ln133 = add i64 %zext_ln133, i64 %and_ln" [src/generic/fp_generic.c:133->src/generic/fp_generic.c:145]   --->   Operation 103 'add' 'add_ln133' <Predicate = true> <Delay = 3.52> <CoreInst = "Adder">   --->   Core 1 'Adder' <Latency = 0> <II = 1> <Delay = 3.52> <FuncUnit> <Opcode : 'add' 'sub'> <InPorts = 2> <OutPorts = 1>
ST_7 : Operation 104 [1/1] (0.00ns)   --->   "%or_ln = bitconcatenate i64 @_ssdm_op_BitConcatenate.i64.i32.i32, i32 %trunc_ln125, i32 %trunc_ln106" [src/generic/fp_generic.c:146]   --->   Operation 104 'bitconcatenate' 'or_ln' <Predicate = true> <Delay = 0.00>
ST_7 : Operation 105 [1/1] (3.52ns)   --->   "%v_131 = add i64 %or_ln, i64 %v_94_load" [src/generic/fp_generic.c:146]   --->   Operation 105 'add' 'v_131' <Predicate = true> <Delay = 3.52> <CoreInst = "Adder">   --->   Core 1 'Adder' <Latency = 0> <II = 1> <Delay = 3.52> <FuncUnit> <Opcode : 'add' 'sub'> <InPorts = 2> <OutPorts = 1>
ST_7 : Operation 106 [1/1] (0.00ns) (grouped into LUT with out node tempReg)   --->   "%xor_ln105 = xor i64 %v_131, i64 %shl_ln" [src/config.h:105->src/generic/fp_generic.c:146]   --->   Operation 106 'xor' 'xor_ln105' <Predicate = true> <Delay = 0.00> <CoreInst = "LogicGate">   --->   Core 74 'LogicGate' <Latency = 0> <II = 1> <Delay = 0.99> <FuncUnit> <Opcode : 'and' 'or' 'xor'> <InPorts = 2> <OutPorts = 1>
ST_7 : Operation 107 [1/1] (0.00ns) (grouped into LUT with out node tempReg)   --->   "%xor_ln105_21 = xor i64 %shl_ln, i64 %v_94_load" [src/config.h:105->src/generic/fp_generic.c:146]   --->   Operation 107 'xor' 'xor_ln105_21' <Predicate = true> <Delay = 0.00> <CoreInst = "LogicGate">   --->   Core 74 'LogicGate' <Latency = 0> <II = 1> <Delay = 0.99> <FuncUnit> <Opcode : 'and' 'or' 'xor'> <InPorts = 2> <OutPorts = 1>
ST_7 : Operation 108 [1/1] (0.00ns) (grouped into LUT with out node tempReg)   --->   "%or_ln105 = or i64 %xor_ln105, i64 %xor_ln105_21" [src/config.h:105->src/generic/fp_generic.c:146]   --->   Operation 108 'or' 'or_ln105' <Predicate = true> <Delay = 0.00> <CoreInst = "LogicGate">   --->   Core 74 'LogicGate' <Latency = 0> <II = 1> <Delay = 0.99> <FuncUnit> <Opcode : 'and' 'or' 'xor'> <InPorts = 2> <OutPorts = 1>
ST_7 : Operation 109 [1/1] (0.00ns) (grouped into LUT with out node tempReg)   --->   "%xor_ln105_22 = xor i64 %or_ln105, i64 %v_131" [src/config.h:105->src/generic/fp_generic.c:146]   --->   Operation 109 'xor' 'xor_ln105_22' <Predicate = true> <Delay = 0.00> <CoreInst = "LogicGate">   --->   Core 74 'LogicGate' <Latency = 0> <II = 1> <Delay = 0.99> <FuncUnit> <Opcode : 'and' 'or' 'xor'> <InPorts = 2> <OutPorts = 1>
ST_7 : Operation 110 [1/1] (0.00ns) (grouped into LUT with out node tempReg)   --->   "%carry = bitselect i1 @_ssdm_op_BitSelect.i1.i64.i32, i64 %xor_ln105_22, i32 63" [src/config.h:105->src/generic/fp_generic.c:146]   --->   Operation 110 'bitselect' 'carry' <Predicate = true> <Delay = 0.00>
ST_7 : Operation 111 [1/1] (0.00ns) (grouped into LUT with out node tempReg)   --->   "%zext_ln105_84 = zext i1 %carry" [src/config.h:105->src/generic/fp_generic.c:146]   --->   Operation 111 'zext' 'zext_ln105_84' <Predicate = true> <Delay = 0.00>
ST_7 : Operation 112 [1/1] (0.00ns) (grouped into LUT with out node tempReg)   --->   "%tmp_s = partselect i32 @_ssdm_op_PartSelect.i32.i64.i32.i32, i64 %add_ln133, i32 32, i32 63" [src/generic/fp_generic.c:147]   --->   Operation 112 'partselect' 'tmp_s' <Predicate = true> <Delay = 0.00>
ST_7 : Operation 113 [1/1] (0.00ns) (grouped into LUT with out node tempReg)   --->   "%or_ln8 = bitconcatenate i64 @_ssdm_op_BitConcatenate.i64.i32.i32, i32 %tmp_s, i32 %add_ln105" [src/generic/fp_generic.c:147]   --->   Operation 113 'bitconcatenate' 'or_ln8' <Predicate = true> <Delay = 0.00>
ST_7 : Operation 114 [1/1] (3.52ns) (out node of the LUT)   --->   "%tempReg = add i64 %or_ln8, i64 %zext_ln105_84" [src/generic/fp_generic.c:147]   --->   Operation 114 'add' 'tempReg' <Predicate = true> <Delay = 3.52> <CoreInst = "Adder">   --->   Core 1 'Adder' <Latency = 0> <II = 1> <Delay = 3.52> <FuncUnit> <Opcode : 'add' 'sub'> <InPorts = 2> <OutPorts = 1>
ST_7 : Operation 115 [1/1] (1.58ns)   --->   "%store_ln140 = store i64 %v_131, i64 %v_94" [src/generic/fp_generic.c:140]   --->   Operation 115 'store' 'store_ln140' <Predicate = true> <Delay = 1.58>

State 8 <SV = 7> <Delay = 5.10>
ST_8 : Operation 116 [1/1] (0.00ns)   --->   "%u_71_out_load = load i64 %u_71_out" [src/generic/fp_generic.c:147]   --->   Operation 116 'load' 'u_71_out_load' <Predicate = true> <Delay = 0.00>
ST_8 : Operation 117 [1/1] (3.52ns)   --->   "%v = add i64 %tempReg, i64 %u_71_out_load" [src/generic/fp_generic.c:147]   --->   Operation 117 'add' 'v' <Predicate = true> <Delay = 3.52> <CoreInst = "Adder">   --->   Core 1 'Adder' <Latency = 0> <II = 1> <Delay = 3.52> <FuncUnit> <Opcode : 'add' 'sub'> <InPorts = 2> <OutPorts = 1>
ST_8 : Operation 118 [1/1] (1.58ns)   --->   "%store_ln140 = store i64 %v, i64 %u_71_out" [src/generic/fp_generic.c:140]   --->   Operation 118 'store' 'store_ln140' <Predicate = true> <Delay = 1.58>
ST_8 : Operation 138 [1/1] (0.00ns)   --->   "%v_94_load_2 = load i64 %v_94"   --->   Operation 138 'load' 'v_94_load_2' <Predicate = (icmp_ln144)> <Delay = 0.00>
ST_8 : Operation 139 [1/1] (0.00ns)   --->   "%write_ln0 = write void @_ssdm_op_Write.ap_auto.i64P0A, i64 %v_94_out, i64 %v_94_load_2"   --->   Operation 139 'write' 'write_ln0' <Predicate = (icmp_ln144)> <Delay = 0.00>
ST_8 : Operation 140 [1/1] (1.58ns)   --->   "%ret_ln0 = ret"   --->   Operation 140 'ret' 'ret_ln0' <Predicate = (icmp_ln144)> <Delay = 1.58>

State 9 <SV = 8> <Delay = 4.31>
ST_9 : Operation 119 [1/1] (0.00ns)   --->   "%t_out_load = load i4 %t_out" [src/generic/fp_generic.c:148]   --->   Operation 119 'load' 't_out_load' <Predicate = true> <Delay = 0.00>
ST_9 : Operation 120 [1/1] (0.00ns)   --->   "%specpipeline_ln139 = specpipeline void @_ssdm_op_SpecPipeline, i32 4294967295, i32 0, i32 0, i32 0, void @empty_44" [src/generic/fp_generic.c:139]   --->   Operation 120 'specpipeline' 'specpipeline_ln139' <Predicate = true> <Delay = 0.00>
ST_9 : Operation 121 [1/1] (0.00ns)   --->   "%speclooptripcount_ln139 = speclooptripcount void @_ssdm_op_SpecLoopTripCount, i64 1, i64 8, i64 4" [src/generic/fp_generic.c:139]   --->   Operation 121 'speclooptripcount' 'speclooptripcount_ln139' <Predicate = true> <Delay = 0.00>
ST_9 : Operation 122 [1/1] (0.00ns)   --->   "%specloopname_ln144 = specloopname void @_ssdm_op_SpecLoopName, void @empty_29" [src/generic/fp_generic.c:144]   --->   Operation 122 'specloopname' 'specloopname_ln144' <Predicate = true> <Delay = 0.00>
ST_9 : Operation 123 [1/1] (0.00ns) (grouped into LUT with out node xor_ln147_15)   --->   "%xor_ln147 = xor i64 %v, i64 %tempReg" [src/generic/fp_generic.c:147]   --->   Operation 123 'xor' 'xor_ln147' <Predicate = true> <Delay = 0.00> <CoreInst = "LogicGate">   --->   Core 74 'LogicGate' <Latency = 0> <II = 1> <Delay = 0.99> <FuncUnit> <Opcode : 'and' 'or' 'xor'> <InPorts = 2> <OutPorts = 1>
ST_9 : Operation 124 [1/1] (0.00ns) (grouped into LUT with out node xor_ln147_15)   --->   "%xor_ln147_13 = xor i64 %tempReg, i64 %u_71_out_load" [src/generic/fp_generic.c:147]   --->   Operation 124 'xor' 'xor_ln147_13' <Predicate = true> <Delay = 0.00> <CoreInst = "LogicGate">   --->   Core 74 'LogicGate' <Latency = 0> <II = 1> <Delay = 0.99> <FuncUnit> <Opcode : 'and' 'or' 'xor'> <InPorts = 2> <OutPorts = 1>
ST_9 : Operation 125 [1/1] (0.00ns) (grouped into LUT with out node xor_ln147_15)   --->   "%or_ln147 = or i64 %xor_ln147, i64 %xor_ln147_13" [src/generic/fp_generic.c:147]   --->   Operation 125 'or' 'or_ln147' <Predicate = true> <Delay = 0.00> <CoreInst = "LogicGate">   --->   Core 74 'LogicGate' <Latency = 0> <II = 1> <Delay = 0.99> <FuncUnit> <Opcode : 'and' 'or' 'xor'> <InPorts = 2> <OutPorts = 1>
ST_9 : Operation 126 [1/1] (0.00ns) (grouped into LUT with out node u)   --->   "%bit_sel = bitselect i1 @_ssdm_op_BitSelect.i1.i64.i64, i64 %tempReg, i64 63" [src/generic/fp_generic.c:147]   --->   Operation 126 'bitselect' 'bit_sel' <Predicate = true> <Delay = 0.00>
ST_9 : Operation 127 [1/1] (0.00ns) (grouped into LUT with out node u)   --->   "%xor_ln147_17 = xor i1 %bit_sel, i1 1" [src/generic/fp_generic.c:147]   --->   Operation 127 'xor' 'xor_ln147_17' <Predicate = true> <Delay = 0.00> <CoreInst = "LogicGate">   --->   Core 74 'LogicGate' <Latency = 0> <II = 1> <Delay = 0.97> <FuncUnit> <Opcode : 'and' 'or' 'xor'> <InPorts = 2> <OutPorts = 1>
ST_9 : Operation 128 [1/1] (0.00ns) (grouped into LUT with out node u)   --->   "%trunc_ln147 = trunc i64 %tempReg" [src/generic/fp_generic.c:147]   --->   Operation 128 'trunc' 'trunc_ln147' <Predicate = true> <Delay = 0.00>
ST_9 : Operation 129 [1/1] (0.00ns) (grouped into LUT with out node u)   --->   "%xor_ln147_s = bitconcatenate i64 @_ssdm_op_BitConcatenate.i64.i1.i63, i1 %xor_ln147_17, i63 %trunc_ln147" [src/generic/fp_generic.c:147]   --->   Operation 129 'bitconcatenate' 'xor_ln147_s' <Predicate = true> <Delay = 0.00>
ST_9 : Operation 130 [1/1] (0.00ns) (grouped into LUT with out node u)   --->   "%and_ln147 = and i64 %xor_ln147_s, i64 %add_ln133" [src/generic/fp_generic.c:147]   --->   Operation 130 'and' 'and_ln147' <Predicate = true> <Delay = 0.00> <CoreInst = "LogicGate">   --->   Core 74 'LogicGate' <Latency = 0> <II = 1> <Delay = 0.99> <FuncUnit> <Opcode : 'and' 'or' 'xor'> <InPorts = 2> <OutPorts = 1>
ST_9 : Operation 131 [1/1] (0.99ns) (out node of the LUT)   --->   "%xor_ln147_15 = xor i64 %or_ln147, i64 %v" [src/generic/fp_generic.c:147]   --->   Operation 131 'xor' 'xor_ln147_15' <Predicate = true> <Delay = 0.99> <CoreInst = "LogicGate">   --->   Core 74 'LogicGate' <Latency = 0> <II = 1> <Delay = 0.99> <FuncUnit> <Opcode : 'and' 'or' 'xor'> <InPorts = 2> <OutPorts = 1>
ST_9 : Operation 132 [1/1] (0.00ns) (grouped into LUT with out node u)   --->   "%or_ln147_7 = or i64 %xor_ln147_15, i64 %and_ln147" [src/generic/fp_generic.c:147]   --->   Operation 132 'or' 'or_ln147_7' <Predicate = true> <Delay = 0.00> <CoreInst = "LogicGate">   --->   Core 74 'LogicGate' <Latency = 0> <II = 1> <Delay = 0.99> <FuncUnit> <Opcode : 'and' 'or' 'xor'> <InPorts = 2> <OutPorts = 1>
ST_9 : Operation 133 [1/1] (0.00ns) (grouped into LUT with out node u)   --->   "%tmp = bitselect i1 @_ssdm_op_BitSelect.i1.i64.i32, i64 %or_ln147_7, i32 63" [src/generic/fp_generic.c:148]   --->   Operation 133 'bitselect' 'tmp' <Predicate = true> <Delay = 0.00>
ST_9 : Operation 134 [1/1] (0.00ns) (grouped into LUT with out node u)   --->   "%zext_ln148 = zext i1 %tmp" [src/generic/fp_generic.c:148]   --->   Operation 134 'zext' 'zext_ln148' <Predicate = true> <Delay = 0.00>
ST_9 : Operation 135 [1/1] (1.73ns) (out node of the LUT)   --->   "%u = add i4 %zext_ln148, i4 %t_out_load" [src/generic/fp_generic.c:148]   --->   Operation 135 'add' 'u' <Predicate = true> <Delay = 1.73> <CoreInst = "Adder">   --->   Core 1 'Adder' <Latency = 0> <II = 1> <Delay = 1.73> <FuncUnit> <Opcode : 'add' 'sub'> <InPorts = 2> <OutPorts = 1>
ST_9 : Operation 136 [1/1] (1.58ns)   --->   "%store_ln140 = store i4 %u, i4 %t_out" [src/generic/fp_generic.c:140]   --->   Operation 136 'store' 'store_ln140' <Predicate = true> <Delay = 1.58>
ST_9 : Operation 137 [1/1] (0.00ns)   --->   "%br_ln144 = br void %for.inc" [src/generic/fp_generic.c:144]   --->   Operation 137 'br' 'br_ln144' <Predicate = true> <Delay = 0.00>


============================================================
+ Verbose Summary: Timing violations
============================================================
Target clock period: 10.000ns, clock uncertainty: 2.700ns.

 <State 1>: 7.295ns
The critical path consists of the following:
	'store' operation 0 bit ('store_ln139', src/generic/fp_generic.c:139) of constant 0 on local variable 'j', src/generic/fp_generic.c:139 [25]  (1.588 ns)
	'load' operation 4 bit ('j', src/generic/fp_generic.c:145) on local variable 'j', src/generic/fp_generic.c:139 [31]  (0.000 ns)
	'sub' operation 4 bit ('sub_ln145', src/generic/fp_generic.c:145) [48]  (1.735 ns)
	'add' operation 3 bit ('add_ln145', src/generic/fp_generic.c:145) [51]  (1.650 ns)
	'getelementptr' operation 3 bit ('b_0_addr', src/generic/fp_generic.c:145) [53]  (0.000 ns)
	'load' operation 64 bit ('b_0_load', src/generic/fp_generic.c:145) on array 'b_0' [57]  (2.322 ns)

 <State 2>: 3.803ns
The critical path consists of the following:
	'load' operation 64 bit ('b_0_load', src/generic/fp_generic.c:145) on array 'b_0' [57]  (2.322 ns)
	'select' operation 64 bit ('b', src/generic/fp_generic.c:145) [59]  (1.481 ns)

 <State 3>: 6.912ns
The critical path consists of the following:
	'mul' operation 64 bit ('albl', src/generic/fp_generic.c:114->src/generic/fp_generic.c:145) [67]  (6.912 ns)

 <State 4>: 6.912ns
The critical path consists of the following:
	'mul' operation 64 bit ('albl', src/generic/fp_generic.c:114->src/generic/fp_generic.c:145) [67]  (6.912 ns)

 <State 5>: 5.145ns
The critical path consists of the following:
	'add' operation 33 bit ('add_ln123', src/generic/fp_generic.c:123->src/generic/fp_generic.c:145) [79]  (2.552 ns)
	'add' operation 34 bit ('temp', src/generic/fp_generic.c:123->src/generic/fp_generic.c:145) [81]  (2.593 ns)

 <State 6>: 6.923ns
The critical path consists of the following:
	'add' operation 33 bit ('add_ln130_86', src/generic/fp_generic.c:130->src/generic/fp_generic.c:145) [94]  (2.552 ns)
	'add' operation 32 bit ('add_ln105', src/generic/fp_generic.c:105->src/generic/fp_generic.c:145) [97]  (4.371 ns)

 <State 7>: 7.040ns
The critical path consists of the following:
	'load' operation 64 bit ('v_94_load', src/generic/fp_generic.c:146) on local variable 'v', src/generic/fp_generic.c:140 [38]  (0.000 ns)
	'add' operation 64 bit ('x', src/generic/fp_generic.c:146) [106]  (3.520 ns)
	'xor' operation 64 bit ('xor_ln105_22', src/config.h:105->src/generic/fp_generic.c:146) [110]  (0.000 ns)
	'add' operation 64 bit ('tempReg', src/generic/fp_generic.c:147) [115]  (3.520 ns)

 <State 8>: 5.108ns
The critical path consists of the following:
	'load' operation 64 bit ('u_71_out_load', src/generic/fp_generic.c:147) on local variable 'u_71_out' [37]  (0.000 ns)
	'add' operation 64 bit ('v', src/generic/fp_generic.c:147) [116]  (3.520 ns)
	'store' operation 0 bit ('store_ln140', src/generic/fp_generic.c:140) of variable 'v', src/generic/fp_generic.c:147 on local variable 'u_71_out' [132]  (1.588 ns)

 <State 9>: 4.313ns
The critical path consists of the following:
	'xor' operation 64 bit ('xor_ln147', src/generic/fp_generic.c:147) [117]  (0.000 ns)
	'or' operation 64 bit ('or_ln147', src/generic/fp_generic.c:147) [119]  (0.000 ns)
	'xor' operation 64 bit ('xor_ln147_15', src/generic/fp_generic.c:147) [125]  (0.990 ns)
	'or' operation 64 bit ('or_ln147_7', src/generic/fp_generic.c:147) [126]  (0.000 ns)
	'add' operation 4 bit ('u', src/generic/fp_generic.c:148) [129]  (1.735 ns)
	'store' operation 0 bit ('store_ln140', src/generic/fp_generic.c:140) of variable 'u', src/generic/fp_generic.c:148 on local variable 't_out' [133]  (1.588 ns)


============================================================
+ Verbose Summary: Binding
============================================================
N/A
* FSMD analyzer results:
  - Output states:
 - Input state : 
  - Chain level:
	State 1
	State 2
	State 3
	State 4
	State 5
	State 6
	State 7
	State 8
	State 9


============================================================
+ Verbose Summary: Datapath Resource usage 
============================================================
N/A
