

================================================================
== Vitis HLS Report for 'rdc_mont_4'
================================================================
* Date:           Tue May 20 14:30:42 2025

* Version:        2024.2.2 (Build 6049644 on Mar  5 2025)
* Project:        sikep503_hls
* Solution:       solution1 (Vivado IP Flow Target)
* Product family: zynq
* Target device:  xc7z020-clg484-1


================================================================
== Performance Estimates
================================================================
+ Timing: 
    * Summary: 
    +--------+----------+----------+------------+
    |  Clock |  Target  | Estimated| Uncertainty|
    +--------+----------+----------+------------+
    |ap_clk  |  10.00 ns|  7.040 ns|     2.70 ns|
    +--------+----------+----------+------------+

+ Latency: 
    * Summary: 
    +---------+---------+----------+----------+-----+-----+---------+
    |  Latency (cycles) |  Latency (absolute) |  Interval | Pipeline|
    |   min   |   max   |    min   |    max   | min | max |   Type  |
    +---------+---------+----------+----------+-----+-----+---------+
    |      190|      352|  1.900 us|  3.520 us|  190|  352|       no|
    +---------+---------+----------+----------+-----+-----+---------+

    + Detail: 
        * Instance: 
        N/A

        * Loop: 
        +--------------------+---------+---------+----------+-----------+-----------+------+----------+
        |                    |  Latency (cycles) | Iteration|  Initiation Interval  | Trip |          |
        |      Loop Name     |   min   |   max   |  Latency |  achieved |   target  | Count| Pipelined|
        +--------------------+---------+---------+----------+-----------+-----------+------+----------+
        |- VITIS_LOOP_184_2  |       56|      176|    7 ~ 22|          -|          -|     8|        no|
        |- VITIS_LOOP_202_4  |      119|      161|   17 ~ 23|          -|          -|     7|        no|
        +--------------------+---------+---------+----------+-----------+-----------+------+----------+

============================================================
+ Verbose Summary: Synthesis Manager
============================================================
InlineROM: 1
ExposeGlobal: 0
============================================================
+ Verbose Summary: CDFG Model
============================================================
IsTopModel: 0
ResetActiveHigh: 1
IsCombinational: 0
IsDatapathOnly: 0
HasWiredReturn: 1
HasMFsm: 0
HasVarLatency: 1
IsPipeline: 0
IsRtlPipelined: 0
IsInstanceOverlapped: 0
IsDontTouch: 0
HasImplIP: 0
IsGatedGlobalClock: 0


============================================================
+ Verbose Summary: Schedule
============================================================
* Number of FSM states : 15
* Pipeline : 0
* Dataflow Pipeline: 0

* FSM state transitions: 
1 --> 2 
2 --> 3 
3 --> 4 8 
4 --> 5 
5 --> 6 
6 --> 7 
7 --> 3 
8 --> 9 14 
9 --> 10 
10 --> 11 
11 --> 12 
12 --> 13 
13 --> 8 
14 --> 15 
15 --> 

* FSM state operations: 

State 1 <SV = 0> <Delay = 1.58>
ST_1 : Operation 16 [1/1] (0.00ns)   --->   "%i_3 = alloca i32 1" [src/generic/fp_generic.c:177]   --->   Operation 16 'alloca' 'i_3' <Predicate = true> <Delay = 0.00>
ST_1 : Operation 17 [1/1] (0.00ns)   --->   "%u = alloca i32 1" [src/generic/fp_generic.c:178]   --->   Operation 17 'alloca' 'u' <Predicate = true> <Delay = 0.00>
ST_1 : Operation 18 [1/1] (0.00ns)   --->   "%v = alloca i32 1" [src/generic/fp_generic.c:178]   --->   Operation 18 'alloca' 'v' <Predicate = true> <Delay = 0.00>
ST_1 : Operation 19 [1/1] (0.00ns)   --->   "%t_10_loc = alloca i32 1"   --->   Operation 19 'alloca' 't_10_loc' <Predicate = true> <Delay = 0.00>
ST_1 : Operation 20 [1/1] (0.00ns)   --->   "%u_20_loc = alloca i32 1"   --->   Operation 20 'alloca' 'u_20_loc' <Predicate = true> <Delay = 0.00>
ST_1 : Operation 21 [1/1] (0.00ns)   --->   "%v_22_loc = alloca i32 1"   --->   Operation 21 'alloca' 'v_22_loc' <Predicate = true> <Delay = 0.00>
ST_1 : Operation 22 [1/1] (0.00ns)   --->   "%t_loc = alloca i32 1"   --->   Operation 22 'alloca' 't_loc' <Predicate = true> <Delay = 0.00>
ST_1 : Operation 23 [1/1] (0.00ns)   --->   "%u_16_loc = alloca i32 1"   --->   Operation 23 'alloca' 'u_16_loc' <Predicate = true> <Delay = 0.00>
ST_1 : Operation 24 [1/1] (0.00ns)   --->   "%v_18_loc = alloca i32 1"   --->   Operation 24 'alloca' 'v_18_loc' <Predicate = true> <Delay = 0.00>
ST_1 : Operation 25 [2/2] (0.00ns)   --->   "%call_ln0 = call void @rdc_mont.4_Pipeline_VITIS_LOOP_180_1, i64 %R_Z"   --->   Operation 25 'call' 'call_ln0' <Predicate = true> <Delay = 0.00> <CoreType = "Generic">   --->   Generic Core
ST_1 : Operation 26 [1/1] (1.58ns)   --->   "%store_ln178 = store i64 0, i64 %v" [src/generic/fp_generic.c:178]   --->   Operation 26 'store' 'store_ln178' <Predicate = true> <Delay = 1.58>
ST_1 : Operation 27 [1/1] (1.58ns)   --->   "%store_ln178 = store i64 0, i64 %u" [src/generic/fp_generic.c:178]   --->   Operation 27 'store' 'store_ln178' <Predicate = true> <Delay = 1.58>
ST_1 : Operation 28 [1/1] (1.58ns)   --->   "%store_ln177 = store i4 0, i4 %i_3" [src/generic/fp_generic.c:177]   --->   Operation 28 'store' 'store_ln177' <Predicate = true> <Delay = 1.58>

State 2 <SV = 1> <Delay = 4.91>
ST_2 : Operation 29 [1/2] (4.91ns)   --->   "%call_ln0 = call void @rdc_mont.4_Pipeline_VITIS_LOOP_180_1, i64 %R_Z"   --->   Operation 29 'call' 'call_ln0' <Predicate = true> <Delay = 4.91> <CoreType = "Generic">   --->   Generic Core
ST_2 : Operation 30 [1/1] (0.00ns)   --->   "%br_ln184 = br void %VITIS_LOOP_185_3" [src/generic/fp_generic.c:184]   --->   Operation 30 'br' 'br_ln184' <Predicate = true> <Delay = 0.00>

State 3 <SV = 2> <Delay = 5.70>
ST_3 : Operation 31 [1/1] (0.00ns)   --->   "%i = load i4 %i_3" [src/generic/fp_generic.c:184]   --->   Operation 31 'load' 'i' <Predicate = true> <Delay = 0.00>
ST_3 : Operation 32 [1/1] (0.00ns)   --->   "%u_17 = load i64 %u"   --->   Operation 32 'load' 'u_17' <Predicate = true> <Delay = 0.00>
ST_3 : Operation 33 [1/1] (0.00ns)   --->   "%v_19 = load i64 %v"   --->   Operation 33 'load' 'v_19' <Predicate = true> <Delay = 0.00>
ST_3 : Operation 34 [1/1] (1.73ns)   --->   "%icmp_ln184 = icmp_eq  i4 %i, i4 8" [src/generic/fp_generic.c:184]   --->   Operation 34 'icmp' 'icmp_ln184' <Predicate = true> <Delay = 1.73> <CoreInst = "Cmp">   --->   Core 9 'Cmp' <Latency = 0> <II = 1> <Delay = 1.73> <FuncUnit> <Opcode : 'seteq' 'setne' 'setle' 'setge' 'setlt' 'setgt'> <InPorts = 2> <OutPorts = 1>
ST_3 : Operation 35 [1/1] (1.73ns)   --->   "%add_ln184 = add i4 %i, i4 1" [src/generic/fp_generic.c:184]   --->   Operation 35 'add' 'add_ln184' <Predicate = true> <Delay = 1.73> <CoreInst = "Adder">   --->   Core 1 'Adder' <Latency = 0> <II = 1> <Delay = 1.73> <FuncUnit> <Opcode : 'add' 'sub'> <InPorts = 2> <OutPorts = 1>
ST_3 : Operation 36 [1/1] (0.00ns)   --->   "%br_ln184 = br i1 %icmp_ln184, void %VITIS_LOOP_185_3.split, void %for.body56.preheader" [src/generic/fp_generic.c:184]   --->   Operation 36 'br' 'br_ln184' <Predicate = true> <Delay = 0.00>
ST_3 : Operation 37 [1/1] (0.00ns)   --->   "%trunc_ln184 = trunc i4 %i" [src/generic/fp_generic.c:184]   --->   Operation 37 'trunc' 'trunc_ln184' <Predicate = (!icmp_ln184)> <Delay = 0.00>
ST_3 : Operation 38 [1/1] (0.00ns)   --->   "%zext_ln185_2 = zext i3 %trunc_ln184" [src/generic/fp_generic.c:185]   --->   Operation 38 'zext' 'zext_ln185_2' <Predicate = (!icmp_ln184)> <Delay = 0.00>
ST_3 : Operation 39 [1/1] (1.65ns)   --->   "%add_ln185 = add i4 %zext_ln185_2, i4 14" [src/generic/fp_generic.c:185]   --->   Operation 39 'add' 'add_ln185' <Predicate = (!icmp_ln184)> <Delay = 1.65> <CoreInst = "Adder">   --->   Core 1 'Adder' <Latency = 0> <II = 1> <Delay = 1.65> <FuncUnit> <Opcode : 'add' 'sub'> <InPorts = 2> <OutPorts = 1>
ST_3 : Operation 40 [2/2] (3.97ns)   --->   "%call_ln184 = call void @rdc_mont.4_Pipeline_VITIS_LOOP_185_3, i64 %v_19, i64 %u_17, i3 %trunc_ln184, i4 %add_ln185, i64 %R_Z, i3 %trunc_ln184, i64 %v_18_loc, i64 %u_16_loc, i64 %t_loc, i64 %p503p1_1" [src/generic/fp_generic.c:184]   --->   Operation 40 'call' 'call_ln184' <Predicate = (!icmp_ln184)> <Delay = 3.97> <CoreType = "Generic">   --->   Generic Core
ST_3 : Operation 41 [1/1] (1.58ns)   --->   "%store_ln177 = store i4 %add_ln184, i4 %i_3" [src/generic/fp_generic.c:177]   --->   Operation 41 'store' 'store_ln177' <Predicate = (!icmp_ln184)> <Delay = 1.58>
ST_3 : Operation 42 [1/1] (0.00ns)   --->   "%count = alloca i32 1" [src/generic/fp_generic.c:177]   --->   Operation 42 'alloca' 'count' <Predicate = (icmp_ln184)> <Delay = 0.00>
ST_3 : Operation 43 [1/1] (0.00ns)   --->   "%u_13 = alloca i32 1" [src/generic/fp_generic.c:178]   --->   Operation 43 'alloca' 'u_13' <Predicate = (icmp_ln184)> <Delay = 0.00>
ST_3 : Operation 44 [1/1] (0.00ns)   --->   "%v_15 = alloca i32 1" [src/generic/fp_generic.c:178]   --->   Operation 44 'alloca' 'v_15' <Predicate = (icmp_ln184)> <Delay = 0.00>
ST_3 : Operation 45 [1/1] (0.00ns)   --->   "%indvars_iv = alloca i32 1"   --->   Operation 45 'alloca' 'indvars_iv' <Predicate = (icmp_ln184)> <Delay = 0.00>
ST_3 : Operation 46 [1/1] (0.00ns)   --->   "%i_4 = alloca i32 1" [src/generic/fp_generic.c:177]   --->   Operation 46 'alloca' 'i_4' <Predicate = (icmp_ln184)> <Delay = 0.00>
ST_3 : Operation 47 [1/1] (1.58ns)   --->   "%store_ln177 = store i4 8, i4 %i_4" [src/generic/fp_generic.c:177]   --->   Operation 47 'store' 'store_ln177' <Predicate = (icmp_ln184)> <Delay = 1.58>
ST_3 : Operation 48 [1/1] (1.58ns)   --->   "%store_ln0 = store i4 1, i4 %indvars_iv"   --->   Operation 48 'store' 'store_ln0' <Predicate = (icmp_ln184)> <Delay = 1.58>
ST_3 : Operation 49 [1/1] (1.58ns)   --->   "%store_ln178 = store i64 %v_19, i64 %v_15" [src/generic/fp_generic.c:178]   --->   Operation 49 'store' 'store_ln178' <Predicate = (icmp_ln184)> <Delay = 1.58>
ST_3 : Operation 50 [1/1] (1.58ns)   --->   "%store_ln178 = store i64 %u_17, i64 %u_13" [src/generic/fp_generic.c:178]   --->   Operation 50 'store' 'store_ln178' <Predicate = (icmp_ln184)> <Delay = 1.58>
ST_3 : Operation 51 [1/1] (1.58ns)   --->   "%store_ln177 = store i32 3, i32 %count" [src/generic/fp_generic.c:177]   --->   Operation 51 'store' 'store_ln177' <Predicate = (icmp_ln184)> <Delay = 1.58>
ST_3 : Operation 52 [1/1] (0.00ns)   --->   "%br_ln202 = br void %for.body56" [src/generic/fp_generic.c:202]   --->   Operation 52 'br' 'br_ln202' <Predicate = (icmp_ln184)> <Delay = 0.00>

State 4 <SV = 3> <Delay = 3.25>
ST_4 : Operation 53 [1/1] (0.00ns)   --->   "%zext_ln185 = zext i3 %trunc_ln184" [src/generic/fp_generic.c:185]   --->   Operation 53 'zext' 'zext_ln185' <Predicate = true> <Delay = 0.00>
ST_4 : Operation 54 [1/2] (0.00ns)   --->   "%call_ln184 = call void @rdc_mont.4_Pipeline_VITIS_LOOP_185_3, i64 %v_19, i64 %u_17, i3 %trunc_ln184, i4 %add_ln185, i64 %R_Z, i3 %trunc_ln184, i64 %v_18_loc, i64 %u_16_loc, i64 %t_loc, i64 %p503p1_1" [src/generic/fp_generic.c:184]   --->   Operation 54 'call' 'call_ln184' <Predicate = true> <Delay = 0.00> <CoreType = "Generic">   --->   Generic Core
ST_4 : Operation 55 [1/1] (0.00ns)   --->   "%ma_addr_3 = getelementptr i64 %ma, i32 0, i32 %zext_ln185" [src/generic/fp_generic.c:193]   --->   Operation 55 'getelementptr' 'ma_addr_3' <Predicate = true> <Delay = 0.00>
ST_4 : Operation 56 [2/2] (3.25ns)   --->   "%ma_load_3 = load i4 %ma_addr_3" [src/generic/fp_generic.c:193]   --->   Operation 56 'load' 'ma_load_3' <Predicate = true> <Delay = 3.25> <CoreInst = "RAM">   --->   Core 81 'RAM' <Latency = 1> <II = 1> <Delay = 3.25> <Storage> <Opcode : 'load' 'store'> <Ports = 2> <Width = 64> <Depth = 16> <RAM>

State 5 <SV = 4> <Delay = 6.77>
ST_5 : Operation 57 [1/1] (0.00ns)   --->   "%v_18_loc_load = load i64 %v_18_loc"   --->   Operation 57 'load' 'v_18_loc_load' <Predicate = true> <Delay = 0.00>
ST_5 : Operation 58 [1/2] ( I:3.25ns O:3.25ns )   --->   "%ma_load_3 = load i4 %ma_addr_3" [src/generic/fp_generic.c:193]   --->   Operation 58 'load' 'ma_load_3' <Predicate = true> <Delay = 3.25> <CoreInst = "RAM">   --->   Core 81 'RAM' <Latency = 1> <II = 1> <Delay = 3.25> <Storage> <Opcode : 'load' 'store'> <Ports = 2> <Width = 64> <Depth = 16> <RAM>
ST_5 : Operation 59 [1/1] (3.52ns)   --->   "%v_21 = add i64 %ma_load_3, i64 %v_18_loc_load" [src/generic/fp_generic.c:193]   --->   Operation 59 'add' 'v_21' <Predicate = true> <Delay = 3.52> <CoreInst = "Adder">   --->   Core 1 'Adder' <Latency = 0> <II = 1> <Delay = 3.52> <FuncUnit> <Opcode : 'add' 'sub'> <InPorts = 2> <OutPorts = 1>

State 6 <SV = 5> <Delay = 7.04>
ST_6 : Operation 60 [1/1] (0.00ns)   --->   "%u_16_loc_load = load i64 %u_16_loc"   --->   Operation 60 'load' 'u_16_loc_load' <Predicate = true> <Delay = 0.00>
ST_6 : Operation 61 [1/1] (0.00ns)   --->   "%t_loc_load = load i64 %t_loc"   --->   Operation 61 'load' 't_loc_load' <Predicate = true> <Delay = 0.00>
ST_6 : Operation 62 [1/1] (0.00ns) (grouped into LUT with out node v_26)   --->   "%xor_ln105 = xor i64 %v_18_loc_load, i64 %v_21" [src/config.h:105->src/generic/fp_generic.c:193]   --->   Operation 62 'xor' 'xor_ln105' <Predicate = true> <Delay = 0.00> <CoreInst = "LogicGate">   --->   Core 74 'LogicGate' <Latency = 0> <II = 1> <Delay = 0.99> <FuncUnit> <Opcode : 'and' 'or' 'xor'> <InPorts = 2> <OutPorts = 1>
ST_6 : Operation 63 [1/1] (0.00ns) (grouped into LUT with out node v_26)   --->   "%xor_ln105_22 = xor i64 %ma_load_3, i64 %v_18_loc_load" [src/config.h:105->src/generic/fp_generic.c:193]   --->   Operation 63 'xor' 'xor_ln105_22' <Predicate = true> <Delay = 0.00> <CoreInst = "LogicGate">   --->   Core 74 'LogicGate' <Latency = 0> <II = 1> <Delay = 0.99> <FuncUnit> <Opcode : 'and' 'or' 'xor'> <InPorts = 2> <OutPorts = 1>
ST_6 : Operation 64 [1/1] (0.00ns) (grouped into LUT with out node v_26)   --->   "%or_ln105 = or i64 %xor_ln105_22, i64 %xor_ln105" [src/config.h:105->src/generic/fp_generic.c:193]   --->   Operation 64 'or' 'or_ln105' <Predicate = true> <Delay = 0.00> <CoreInst = "LogicGate">   --->   Core 74 'LogicGate' <Latency = 0> <II = 1> <Delay = 0.99> <FuncUnit> <Opcode : 'and' 'or' 'xor'> <InPorts = 2> <OutPorts = 1>
ST_6 : Operation 65 [1/1] (0.00ns) (grouped into LUT with out node v_26)   --->   "%xor_ln105_23 = xor i64 %or_ln105, i64 %v_21" [src/config.h:105->src/generic/fp_generic.c:193]   --->   Operation 65 'xor' 'xor_ln105_23' <Predicate = true> <Delay = 0.00> <CoreInst = "LogicGate">   --->   Core 74 'LogicGate' <Latency = 0> <II = 1> <Delay = 0.99> <FuncUnit> <Opcode : 'and' 'or' 'xor'> <InPorts = 2> <OutPorts = 1>
ST_6 : Operation 66 [1/1] (0.00ns) (grouped into LUT with out node v_26)   --->   "%carry = bitselect i1 @_ssdm_op_BitSelect.i1.i64.i32, i64 %xor_ln105_23, i32 63" [src/config.h:105->src/generic/fp_generic.c:193]   --->   Operation 66 'bitselect' 'carry' <Predicate = true> <Delay = 0.00>
ST_6 : Operation 67 [1/1] (0.00ns) (grouped into LUT with out node v_26)   --->   "%zext_ln105 = zext i1 %carry" [src/config.h:105->src/generic/fp_generic.c:193]   --->   Operation 67 'zext' 'zext_ln105' <Predicate = true> <Delay = 0.00>
ST_6 : Operation 68 [1/1] (3.52ns) (out node of the LUT)   --->   "%v_26 = add i64 %u_16_loc_load, i64 %zext_ln105" [src/generic/fp_generic.c:194]   --->   Operation 68 'add' 'v_26' <Predicate = true> <Delay = 3.52> <CoreInst = "Adder">   --->   Core 1 'Adder' <Latency = 0> <II = 1> <Delay = 3.52> <FuncUnit> <Opcode : 'add' 'sub'> <InPorts = 2> <OutPorts = 1>
ST_6 : Operation 69 [1/1] (0.00ns) (grouped into LUT with out node u_22)   --->   "%bit_sel1 = bitselect i1 @_ssdm_op_BitSelect.i1.i64.i64, i64 %v_26, i64 63" [src/config.h:105->src/generic/fp_generic.c:194]   --->   Operation 69 'bitselect' 'bit_sel1' <Predicate = true> <Delay = 0.00>
ST_6 : Operation 70 [1/1] (0.00ns) (grouped into LUT with out node u_22)   --->   "%xor_ln105_31 = xor i1 %bit_sel1, i1 1" [src/config.h:105->src/generic/fp_generic.c:194]   --->   Operation 70 'xor' 'xor_ln105_31' <Predicate = true> <Delay = 0.00> <CoreInst = "LogicGate">   --->   Core 74 'LogicGate' <Latency = 0> <II = 1> <Delay = 0.97> <FuncUnit> <Opcode : 'and' 'or' 'xor'> <InPorts = 2> <OutPorts = 1>
ST_6 : Operation 71 [1/1] (0.00ns) (grouped into LUT with out node u_22)   --->   "%trunc_ln105 = trunc i64 %v_26" [src/config.h:105->src/generic/fp_generic.c:194]   --->   Operation 71 'trunc' 'trunc_ln105' <Predicate = true> <Delay = 0.00>
ST_6 : Operation 72 [1/1] (0.00ns) (grouped into LUT with out node u_22)   --->   "%xor_ln105_s = bitconcatenate i64 @_ssdm_op_BitConcatenate.i64.i1.i63, i1 %xor_ln105_31, i63 %trunc_ln105" [src/config.h:105->src/generic/fp_generic.c:194]   --->   Operation 72 'bitconcatenate' 'xor_ln105_s' <Predicate = true> <Delay = 0.00>
ST_6 : Operation 73 [1/1] (0.00ns) (grouped into LUT with out node u_22)   --->   "%and_ln105 = and i64 %u_16_loc_load, i64 %xor_ln105_s" [src/config.h:105->src/generic/fp_generic.c:194]   --->   Operation 73 'and' 'and_ln105' <Predicate = true> <Delay = 0.00> <CoreInst = "LogicGate">   --->   Core 74 'LogicGate' <Latency = 0> <II = 1> <Delay = 0.99> <FuncUnit> <Opcode : 'and' 'or' 'xor'> <InPorts = 2> <OutPorts = 1>
ST_6 : Operation 74 [1/1] (0.00ns) (grouped into LUT with out node u_22)   --->   "%carry_10 = bitselect i1 @_ssdm_op_BitSelect.i1.i64.i32, i64 %and_ln105, i32 63" [src/config.h:105->src/generic/fp_generic.c:194]   --->   Operation 74 'bitselect' 'carry_10' <Predicate = true> <Delay = 0.00>
ST_6 : Operation 75 [1/1] (0.00ns) (grouped into LUT with out node u_22)   --->   "%zext_ln105_11 = zext i1 %carry_10" [src/config.h:105->src/generic/fp_generic.c:194]   --->   Operation 75 'zext' 'zext_ln105_11' <Predicate = true> <Delay = 0.00>
ST_6 : Operation 76 [1/1] (3.52ns) (out node of the LUT)   --->   "%u_22 = add i64 %t_loc_load, i64 %zext_ln105_11" [src/generic/fp_generic.c:195]   --->   Operation 76 'add' 'u_22' <Predicate = true> <Delay = 3.52> <CoreInst = "Adder">   --->   Core 1 'Adder' <Latency = 0> <II = 1> <Delay = 3.52> <FuncUnit> <Opcode : 'add' 'sub'> <InPorts = 2> <OutPorts = 1>
ST_6 : Operation 77 [1/1] (0.00ns)   --->   "%zext_ln196_1 = bitconcatenate i4 @_ssdm_op_BitConcatenate.i4.i1.i3, i1 1, i3 %trunc_ln184" [src/generic/fp_generic.c:196]   --->   Operation 77 'bitconcatenate' 'zext_ln196_1' <Predicate = true> <Delay = 0.00>
ST_6 : Operation 78 [1/1] (0.00ns)   --->   "%zext_ln196 = zext i4 %zext_ln196_1" [src/generic/fp_generic.c:196]   --->   Operation 78 'zext' 'zext_ln196' <Predicate = true> <Delay = 0.00>
ST_6 : Operation 79 [1/1] (0.00ns)   --->   "%R_Z_addr = getelementptr i64 %R_Z, i32 0, i32 %zext_ln196" [src/generic/fp_generic.c:196]   --->   Operation 79 'getelementptr' 'R_Z_addr' <Predicate = true> <Delay = 0.00>
ST_6 : Operation 80 [1/1] ( I:3.25ns O:3.25ns )   --->   "%store_ln196 = store i64 %v_21, i4 %R_Z_addr" [src/generic/fp_generic.c:196]   --->   Operation 80 'store' 'store_ln196' <Predicate = true> <Delay = 3.25> <CoreInst = "RAM">   --->   Core 81 'RAM' <Latency = 1> <II = 1> <Delay = 3.25> <Storage> <Opcode : 'load' 'store'> <Ports = 2> <Width = 64> <Depth = 16> <RAM>
ST_6 : Operation 81 [1/1] (1.58ns)   --->   "%store_ln178 = store i64 %v_26, i64 %v" [src/generic/fp_generic.c:178]   --->   Operation 81 'store' 'store_ln178' <Predicate = true> <Delay = 1.58>

State 7 <SV = 6> <Delay = 1.58>
ST_7 : Operation 82 [1/1] (0.00ns)   --->   "%speclooptripcount_ln177 = speclooptripcount void @_ssdm_op_SpecLoopTripCount, i64 8, i64 8, i64 8" [src/generic/fp_generic.c:177]   --->   Operation 82 'speclooptripcount' 'speclooptripcount_ln177' <Predicate = true> <Delay = 0.00>
ST_7 : Operation 83 [1/1] (0.00ns)   --->   "%specloopname_ln184 = specloopname void @_ssdm_op_SpecLoopName, void @empty_19" [src/generic/fp_generic.c:184]   --->   Operation 83 'specloopname' 'specloopname_ln184' <Predicate = true> <Delay = 0.00>
ST_7 : Operation 84 [1/1] (1.58ns)   --->   "%store_ln178 = store i64 %u_22, i64 %u" [src/generic/fp_generic.c:178]   --->   Operation 84 'store' 'store_ln178' <Predicate = true> <Delay = 1.58>
ST_7 : Operation 85 [1/1] (0.00ns)   --->   "%br_ln184 = br void %VITIS_LOOP_185_3" [src/generic/fp_generic.c:184]   --->   Operation 85 'br' 'br_ln184' <Predicate = true> <Delay = 0.00>

State 8 <SV = 3> <Delay = 5.80>
ST_8 : Operation 86 [1/1] (0.00ns)   --->   "%i_5 = load i4 %i_4" [src/generic/fp_generic.c:202]   --->   Operation 86 'load' 'i_5' <Predicate = true> <Delay = 0.00>
ST_8 : Operation 87 [1/1] (1.73ns)   --->   "%icmp_ln202 = icmp_eq  i4 %i_5, i4 15" [src/generic/fp_generic.c:202]   --->   Operation 87 'icmp' 'icmp_ln202' <Predicate = true> <Delay = 1.73> <CoreInst = "Cmp">   --->   Core 9 'Cmp' <Latency = 0> <II = 1> <Delay = 1.73> <FuncUnit> <Opcode : 'seteq' 'setne' 'setle' 'setge' 'setlt' 'setgt'> <InPorts = 2> <OutPorts = 1>
ST_8 : Operation 88 [1/1] (0.00ns)   --->   "%br_ln202 = br i1 %icmp_ln202, void %for.body56.split, void %for.end120" [src/generic/fp_generic.c:202]   --->   Operation 88 'br' 'br_ln202' <Predicate = true> <Delay = 0.00>
ST_8 : Operation 89 [1/1] (0.00ns)   --->   "%count_load = load i32 %count" [src/generic/fp_generic.c:204]   --->   Operation 89 'load' 'count_load' <Predicate = (!icmp_ln202)> <Delay = 0.00>
ST_8 : Operation 90 [1/1] (2.55ns)   --->   "%icmp_ln203 = icmp_ne  i32 %count_load, i32 0" [src/generic/fp_generic.c:203]   --->   Operation 90 'icmp' 'icmp_ln203' <Predicate = (!icmp_ln202)> <Delay = 2.55> <CoreInst = "Cmp">   --->   Core 9 'Cmp' <Latency = 0> <II = 1> <Delay = 2.55> <FuncUnit> <Opcode : 'seteq' 'setne' 'setle' 'setge' 'setlt' 'setgt'> <InPorts = 2> <OutPorts = 1>
ST_8 : Operation 91 [1/1] (2.55ns)   --->   "%add_ln204 = add i32 %count_load, i32 4294967295" [src/generic/fp_generic.c:204]   --->   Operation 91 'add' 'add_ln204' <Predicate = (!icmp_ln202)> <Delay = 2.55> <CoreInst = "Adder">   --->   Core 1 'Adder' <Latency = 0> <II = 1> <Delay = 2.55> <FuncUnit> <Opcode : 'add' 'sub'> <InPorts = 2> <OutPorts = 1>
ST_8 : Operation 92 [1/1] (0.69ns)   --->   "%count_2 = select i1 %icmp_ln203, i32 %add_ln204, i32 0" [src/generic/fp_generic.c:203]   --->   Operation 92 'select' 'count_2' <Predicate = (!icmp_ln202)> <Delay = 0.69> <CoreInst = "Sel">   --->   Core 73 'Sel' <Latency = 0> <II = 1> <Delay = 0.69> <FuncUnit> <Opcode : 'select'> <InPorts = 3> <OutPorts = 1>
ST_8 : Operation 93 [1/1] (2.55ns)   --->   "%sub66 = sub i32 8, i32 %count_2" [src/generic/fp_generic.c:203]   --->   Operation 93 'sub' 'sub66' <Predicate = (!icmp_ln202)> <Delay = 2.55> <CoreInst = "Adder">   --->   Core 1 'Adder' <Latency = 0> <II = 1> <Delay = 2.55> <FuncUnit> <Opcode : 'add' 'sub'> <InPorts = 2> <OutPorts = 1>
ST_8 : Operation 94 [1/1] (1.73ns)   --->   "%add_ln202 = add i4 %i_5, i4 1" [src/generic/fp_generic.c:202]   --->   Operation 94 'add' 'add_ln202' <Predicate = (!icmp_ln202)> <Delay = 1.73> <CoreInst = "Adder">   --->   Core 1 'Adder' <Latency = 0> <II = 1> <Delay = 1.73> <FuncUnit> <Opcode : 'add' 'sub'> <InPorts = 2> <OutPorts = 1>
ST_8 : Operation 95 [1/1] (1.58ns)   --->   "%store_ln177 = store i4 %add_ln202, i4 %i_4" [src/generic/fp_generic.c:177]   --->   Operation 95 'store' 'store_ln177' <Predicate = (!icmp_ln202)> <Delay = 1.58>
ST_8 : Operation 96 [1/1] (1.58ns)   --->   "%store_ln177 = store i32 %count_2, i32 %count" [src/generic/fp_generic.c:177]   --->   Operation 96 'store' 'store_ln177' <Predicate = (!icmp_ln202)> <Delay = 1.58>
ST_8 : Operation 97 [1/1] (0.00ns)   --->   "%ma_addr = getelementptr i64 %ma, i32 0, i32 15" [src/generic/fp_generic.c:222]   --->   Operation 97 'getelementptr' 'ma_addr' <Predicate = (icmp_ln202)> <Delay = 0.00>
ST_8 : Operation 98 [2/2] (3.25ns)   --->   "%ma_load = load i4 %ma_addr" [src/generic/fp_generic.c:222]   --->   Operation 98 'load' 'ma_load' <Predicate = (icmp_ln202)> <Delay = 3.25> <CoreInst = "RAM">   --->   Core 81 'RAM' <Latency = 1> <II = 1> <Delay = 3.25> <Storage> <Opcode : 'load' 'store'> <Ports = 2> <Width = 64> <Depth = 16> <RAM>

State 9 <SV = 4> <Delay = 5.82>
ST_9 : Operation 99 [1/1] (0.00ns)   --->   "%u_13_load = load i64 %u_13"   --->   Operation 99 'load' 'u_13_load' <Predicate = true> <Delay = 0.00>
ST_9 : Operation 100 [1/1] (0.00ns)   --->   "%v_15_load_1 = load i64 %v_15"   --->   Operation 100 'load' 'v_15_load_1' <Predicate = true> <Delay = 0.00>
ST_9 : Operation 101 [1/1] (0.00ns)   --->   "%indvars_iv_load = load i4 %indvars_iv" [src/generic/fp_generic.c:202]   --->   Operation 101 'load' 'indvars_iv_load' <Predicate = true> <Delay = 0.00>
ST_9 : Operation 102 [1/1] (0.00ns)   --->   "%trunc_ln202 = trunc i4 %indvars_iv_load" [src/generic/fp_generic.c:202]   --->   Operation 102 'trunc' 'trunc_ln202' <Predicate = true> <Delay = 0.00>
ST_9 : Operation 103 [1/1] (0.00ns)   --->   "%trunc_ln202_3 = trunc i4 %i_5" [src/generic/fp_generic.c:202]   --->   Operation 103 'trunc' 'trunc_ln202_3' <Predicate = true> <Delay = 0.00>
ST_9 : Operation 104 [2/2] (5.82ns)   --->   "%call_ln202 = call void @rdc_mont.4_Pipeline_VITIS_LOOP_206_5, i3 %trunc_ln202, i64 %v_15_load_1, i64 %u_13_load, i32 %sub66, i64 %R_Z, i3 %trunc_ln202_3, i64 %v_22_loc, i64 %u_20_loc, i64 %t_10_loc, i64 %p503p1_1" [src/generic/fp_generic.c:202]   --->   Operation 104 'call' 'call_ln202' <Predicate = true> <Delay = 5.82> <CoreType = "Generic">   --->   Generic Core
ST_9 : Operation 105 [1/1] (1.73ns)   --->   "%add_ln202_2 = add i4 %indvars_iv_load, i4 1" [src/generic/fp_generic.c:202]   --->   Operation 105 'add' 'add_ln202_2' <Predicate = true> <Delay = 1.73> <CoreInst = "Adder">   --->   Core 1 'Adder' <Latency = 0> <II = 1> <Delay = 1.73> <FuncUnit> <Opcode : 'add' 'sub'> <InPorts = 2> <OutPorts = 1>
ST_9 : Operation 106 [1/1] (1.58ns)   --->   "%store_ln202 = store i4 %add_ln202_2, i4 %indvars_iv" [src/generic/fp_generic.c:202]   --->   Operation 106 'store' 'store_ln202' <Predicate = true> <Delay = 1.58>

State 10 <SV = 5> <Delay = 3.25>
ST_10 : Operation 107 [1/2] (0.00ns)   --->   "%call_ln202 = call void @rdc_mont.4_Pipeline_VITIS_LOOP_206_5, i3 %trunc_ln202, i64 %v_15_load_1, i64 %u_13_load, i32 %sub66, i64 %R_Z, i3 %trunc_ln202_3, i64 %v_22_loc, i64 %u_20_loc, i64 %t_10_loc, i64 %p503p1_1" [src/generic/fp_generic.c:202]   --->   Operation 107 'call' 'call_ln202' <Predicate = true> <Delay = 0.00> <CoreType = "Generic">   --->   Generic Core
ST_10 : Operation 108 [1/1] (0.00ns)   --->   "%zext_ln214 = zext i4 %i_5" [src/generic/fp_generic.c:214]   --->   Operation 108 'zext' 'zext_ln214' <Predicate = true> <Delay = 0.00>
ST_10 : Operation 109 [1/1] (0.00ns)   --->   "%ma_addr_4 = getelementptr i64 %ma, i32 0, i32 %zext_ln214" [src/generic/fp_generic.c:214]   --->   Operation 109 'getelementptr' 'ma_addr_4' <Predicate = true> <Delay = 0.00>
ST_10 : Operation 110 [2/2] (3.25ns)   --->   "%ma_load_4 = load i4 %ma_addr_4" [src/generic/fp_generic.c:214]   --->   Operation 110 'load' 'ma_load_4' <Predicate = true> <Delay = 3.25> <CoreInst = "RAM">   --->   Core 81 'RAM' <Latency = 1> <II = 1> <Delay = 3.25> <Storage> <Opcode : 'load' 'store'> <Ports = 2> <Width = 64> <Depth = 16> <RAM>

State 11 <SV = 6> <Delay = 6.77>
ST_11 : Operation 111 [1/1] (0.00ns)   --->   "%v_22_loc_load = load i64 %v_22_loc"   --->   Operation 111 'load' 'v_22_loc_load' <Predicate = true> <Delay = 0.00>
ST_11 : Operation 112 [1/2] ( I:3.25ns O:3.25ns )   --->   "%ma_load_4 = load i4 %ma_addr_4" [src/generic/fp_generic.c:214]   --->   Operation 112 'load' 'ma_load_4' <Predicate = true> <Delay = 3.25> <CoreInst = "RAM">   --->   Core 81 'RAM' <Latency = 1> <II = 1> <Delay = 3.25> <Storage> <Opcode : 'load' 'store'> <Ports = 2> <Width = 64> <Depth = 16> <RAM>
ST_11 : Operation 113 [1/1] (3.52ns)   --->   "%v_24 = add i64 %ma_load_4, i64 %v_22_loc_load" [src/generic/fp_generic.c:214]   --->   Operation 113 'add' 'v_24' <Predicate = true> <Delay = 3.52> <CoreInst = "Adder">   --->   Core 1 'Adder' <Latency = 0> <II = 1> <Delay = 3.52> <FuncUnit> <Opcode : 'add' 'sub'> <InPorts = 2> <OutPorts = 1>

State 12 <SV = 7> <Delay = 7.04>
ST_12 : Operation 114 [1/1] (0.00ns)   --->   "%u_20_loc_load = load i64 %u_20_loc"   --->   Operation 114 'load' 'u_20_loc_load' <Predicate = true> <Delay = 0.00>
ST_12 : Operation 115 [1/1] (0.00ns)   --->   "%t_10_loc_load = load i64 %t_10_loc"   --->   Operation 115 'load' 't_10_loc_load' <Predicate = true> <Delay = 0.00>
ST_12 : Operation 116 [1/1] (0.00ns) (grouped into LUT with out node tempReg)   --->   "%xor_ln105_32 = xor i64 %v_22_loc_load, i64 %v_24" [src/config.h:105->src/generic/fp_generic.c:214]   --->   Operation 116 'xor' 'xor_ln105_32' <Predicate = true> <Delay = 0.00> <CoreInst = "LogicGate">   --->   Core 74 'LogicGate' <Latency = 0> <II = 1> <Delay = 0.99> <FuncUnit> <Opcode : 'and' 'or' 'xor'> <InPorts = 2> <OutPorts = 1>
ST_12 : Operation 117 [1/1] (0.00ns) (grouped into LUT with out node tempReg)   --->   "%xor_ln105_33 = xor i64 %ma_load_4, i64 %v_22_loc_load" [src/config.h:105->src/generic/fp_generic.c:214]   --->   Operation 117 'xor' 'xor_ln105_33' <Predicate = true> <Delay = 0.00> <CoreInst = "LogicGate">   --->   Core 74 'LogicGate' <Latency = 0> <II = 1> <Delay = 0.99> <FuncUnit> <Opcode : 'and' 'or' 'xor'> <InPorts = 2> <OutPorts = 1>
ST_12 : Operation 118 [1/1] (0.00ns) (grouped into LUT with out node tempReg)   --->   "%or_ln105_6 = or i64 %xor_ln105_33, i64 %xor_ln105_32" [src/config.h:105->src/generic/fp_generic.c:214]   --->   Operation 118 'or' 'or_ln105_6' <Predicate = true> <Delay = 0.00> <CoreInst = "LogicGate">   --->   Core 74 'LogicGate' <Latency = 0> <II = 1> <Delay = 0.99> <FuncUnit> <Opcode : 'and' 'or' 'xor'> <InPorts = 2> <OutPorts = 1>
ST_12 : Operation 119 [1/1] (0.00ns) (grouped into LUT with out node tempReg)   --->   "%xor_ln105_34 = xor i64 %or_ln105_6, i64 %v_24" [src/config.h:105->src/generic/fp_generic.c:214]   --->   Operation 119 'xor' 'xor_ln105_34' <Predicate = true> <Delay = 0.00> <CoreInst = "LogicGate">   --->   Core 74 'LogicGate' <Latency = 0> <II = 1> <Delay = 0.99> <FuncUnit> <Opcode : 'and' 'or' 'xor'> <InPorts = 2> <OutPorts = 1>
ST_12 : Operation 120 [1/1] (0.00ns) (grouped into LUT with out node tempReg)   --->   "%carry_11 = bitselect i1 @_ssdm_op_BitSelect.i1.i64.i32, i64 %xor_ln105_34, i32 63" [src/config.h:105->src/generic/fp_generic.c:214]   --->   Operation 120 'bitselect' 'carry_11' <Predicate = true> <Delay = 0.00>
ST_12 : Operation 121 [1/1] (0.00ns) (grouped into LUT with out node tempReg)   --->   "%zext_ln105_12 = zext i1 %carry_11" [src/config.h:105->src/generic/fp_generic.c:214]   --->   Operation 121 'zext' 'zext_ln105_12' <Predicate = true> <Delay = 0.00>
ST_12 : Operation 122 [1/1] (3.52ns) (out node of the LUT)   --->   "%tempReg = add i64 %u_20_loc_load, i64 %zext_ln105_12" [src/generic/fp_generic.c:215]   --->   Operation 122 'add' 'tempReg' <Predicate = true> <Delay = 3.52> <CoreInst = "Adder">   --->   Core 1 'Adder' <Latency = 0> <II = 1> <Delay = 3.52> <FuncUnit> <Opcode : 'add' 'sub'> <InPorts = 2> <OutPorts = 1>
ST_12 : Operation 123 [1/1] (0.00ns) (grouped into LUT with out node t)   --->   "%bit_sel2 = bitselect i1 @_ssdm_op_BitSelect.i1.i64.i64, i64 %tempReg, i64 63" [src/config.h:105->src/generic/fp_generic.c:215]   --->   Operation 123 'bitselect' 'bit_sel2' <Predicate = true> <Delay = 0.00>
ST_12 : Operation 124 [1/1] (0.00ns) (grouped into LUT with out node t)   --->   "%xor_ln105_35 = xor i1 %bit_sel2, i1 1" [src/config.h:105->src/generic/fp_generic.c:215]   --->   Operation 124 'xor' 'xor_ln105_35' <Predicate = true> <Delay = 0.00> <CoreInst = "LogicGate">   --->   Core 74 'LogicGate' <Latency = 0> <II = 1> <Delay = 0.97> <FuncUnit> <Opcode : 'and' 'or' 'xor'> <InPorts = 2> <OutPorts = 1>
ST_12 : Operation 125 [1/1] (0.00ns) (grouped into LUT with out node t)   --->   "%trunc_ln105_8 = trunc i64 %tempReg" [src/config.h:105->src/generic/fp_generic.c:215]   --->   Operation 125 'trunc' 'trunc_ln105_8' <Predicate = true> <Delay = 0.00>
ST_12 : Operation 126 [1/1] (0.00ns) (grouped into LUT with out node t)   --->   "%xor_ln105_1 = bitconcatenate i64 @_ssdm_op_BitConcatenate.i64.i1.i63, i1 %xor_ln105_35, i63 %trunc_ln105_8" [src/config.h:105->src/generic/fp_generic.c:215]   --->   Operation 126 'bitconcatenate' 'xor_ln105_1' <Predicate = true> <Delay = 0.00>
ST_12 : Operation 127 [1/1] (0.00ns) (grouped into LUT with out node t)   --->   "%and_ln105_2 = and i64 %u_20_loc_load, i64 %xor_ln105_1" [src/config.h:105->src/generic/fp_generic.c:215]   --->   Operation 127 'and' 'and_ln105_2' <Predicate = true> <Delay = 0.00> <CoreInst = "LogicGate">   --->   Core 74 'LogicGate' <Latency = 0> <II = 1> <Delay = 0.99> <FuncUnit> <Opcode : 'and' 'or' 'xor'> <InPorts = 2> <OutPorts = 1>
ST_12 : Operation 128 [1/1] (0.00ns) (grouped into LUT with out node t)   --->   "%carry_12 = bitselect i1 @_ssdm_op_BitSelect.i1.i64.i32, i64 %and_ln105_2, i32 63" [src/config.h:105->src/generic/fp_generic.c:215]   --->   Operation 128 'bitselect' 'carry_12' <Predicate = true> <Delay = 0.00>
ST_12 : Operation 129 [1/1] (0.00ns) (grouped into LUT with out node t)   --->   "%zext_ln105_13 = zext i1 %carry_12" [src/config.h:105->src/generic/fp_generic.c:215]   --->   Operation 129 'zext' 'zext_ln105_13' <Predicate = true> <Delay = 0.00>
ST_12 : Operation 130 [1/1] (3.52ns) (out node of the LUT)   --->   "%t = add i64 %t_10_loc_load, i64 %zext_ln105_13" [src/generic/fp_generic.c:216]   --->   Operation 130 'add' 't' <Predicate = true> <Delay = 3.52> <CoreInst = "Adder">   --->   Core 1 'Adder' <Latency = 0> <II = 1> <Delay = 3.52> <FuncUnit> <Opcode : 'add' 'sub'> <InPorts = 2> <OutPorts = 1>
ST_12 : Operation 131 [1/1] (0.00ns)   --->   "%R_Z_addr_2 = getelementptr i64 %R_Z, i32 0, i32 %zext_ln214" [src/generic/fp_generic.c:217]   --->   Operation 131 'getelementptr' 'R_Z_addr_2' <Predicate = true> <Delay = 0.00>
ST_12 : Operation 132 [1/1] ( I:3.25ns O:3.25ns )   --->   "%store_ln217 = store i64 %v_24, i4 %R_Z_addr_2" [src/generic/fp_generic.c:217]   --->   Operation 132 'store' 'store_ln217' <Predicate = true> <Delay = 3.25> <CoreInst = "RAM">   --->   Core 81 'RAM' <Latency = 1> <II = 1> <Delay = 3.25> <Storage> <Opcode : 'load' 'store'> <Ports = 2> <Width = 64> <Depth = 16> <RAM>
ST_12 : Operation 133 [1/1] (1.58ns)   --->   "%store_ln178 = store i64 %tempReg, i64 %v_15" [src/generic/fp_generic.c:178]   --->   Operation 133 'store' 'store_ln178' <Predicate = true> <Delay = 1.58>

State 13 <SV = 8> <Delay = 1.58>
ST_13 : Operation 134 [1/1] (0.00ns)   --->   "%speclooptripcount_ln177 = speclooptripcount void @_ssdm_op_SpecLoopTripCount, i64 7, i64 7, i64 7" [src/generic/fp_generic.c:177]   --->   Operation 134 'speclooptripcount' 'speclooptripcount_ln177' <Predicate = true> <Delay = 0.00>
ST_13 : Operation 135 [1/1] (0.00ns)   --->   "%specloopname_ln202 = specloopname void @_ssdm_op_SpecLoopName, void @empty_38" [src/generic/fp_generic.c:202]   --->   Operation 135 'specloopname' 'specloopname_ln202' <Predicate = true> <Delay = 0.00>
ST_13 : Operation 136 [1/1] (1.58ns)   --->   "%store_ln178 = store i64 %t, i64 %u_13" [src/generic/fp_generic.c:178]   --->   Operation 136 'store' 'store_ln178' <Predicate = true> <Delay = 1.58>
ST_13 : Operation 137 [1/1] (0.00ns)   --->   "%br_ln202 = br void %for.body56" [src/generic/fp_generic.c:202]   --->   Operation 137 'br' 'br_ln202' <Predicate = true> <Delay = 0.00>

State 14 <SV = 4> <Delay = 3.25>
ST_14 : Operation 138 [1/2] ( I:3.25ns O:3.25ns )   --->   "%ma_load = load i4 %ma_addr" [src/generic/fp_generic.c:222]   --->   Operation 138 'load' 'ma_load' <Predicate = true> <Delay = 3.25> <CoreInst = "RAM">   --->   Core 81 'RAM' <Latency = 1> <II = 1> <Delay = 3.25> <Storage> <Opcode : 'load' 'store'> <Ports = 2> <Width = 64> <Depth = 16> <RAM>

State 15 <SV = 5> <Delay = 6.77>
ST_15 : Operation 139 [1/1] (0.00ns)   --->   "%v_15_load = load i64 %v_15" [src/generic/fp_generic.c:222]   --->   Operation 139 'load' 'v_15_load' <Predicate = true> <Delay = 0.00>
ST_15 : Operation 140 [1/1] (3.52ns)   --->   "%v_23 = add i64 %ma_load, i64 %v_15_load" [src/generic/fp_generic.c:222]   --->   Operation 140 'add' 'v_23' <Predicate = true> <Delay = 3.52> <CoreInst = "Adder">   --->   Core 1 'Adder' <Latency = 0> <II = 1> <Delay = 3.52> <FuncUnit> <Opcode : 'add' 'sub'> <InPorts = 2> <OutPorts = 1>
ST_15 : Operation 141 [1/1] (0.00ns)   --->   "%R_Z_addr_1 = getelementptr i64 %R_Z, i32 0, i32 15" [src/generic/fp_generic.c:223]   --->   Operation 141 'getelementptr' 'R_Z_addr_1' <Predicate = true> <Delay = 0.00>
ST_15 : Operation 142 [1/1] ( I:3.25ns O:3.25ns )   --->   "%store_ln223 = store i64 %v_23, i4 %R_Z_addr_1" [src/generic/fp_generic.c:223]   --->   Operation 142 'store' 'store_ln223' <Predicate = true> <Delay = 3.25> <CoreInst = "RAM">   --->   Core 81 'RAM' <Latency = 1> <II = 1> <Delay = 3.25> <Storage> <Opcode : 'load' 'store'> <Ports = 2> <Width = 64> <Depth = 16> <RAM>
ST_15 : Operation 143 [1/1] (0.00ns)   --->   "%ret_ln224 = ret" [src/generic/fp_generic.c:224]   --->   Operation 143 'ret' 'ret_ln224' <Predicate = true> <Delay = 0.00>


============================================================
+ Verbose Summary: Timing violations
============================================================
Target clock period: 10.000ns, clock uncertainty: 2.700ns.

 <State 1>: 1.588ns
The critical path consists of the following:
	'alloca' operation 64 bit ('v', src/generic/fp_generic.c:178) [6]  (0.000 ns)
	'store' operation 0 bit ('store_ln178', src/generic/fp_generic.c:178) of constant 0 on local variable 'v', src/generic/fp_generic.c:178 [14]  (1.588 ns)

 <State 2>: 4.911ns
The critical path consists of the following:
	'call' operation 0 bit ('call_ln0') to 'rdc_mont.4_Pipeline_VITIS_LOOP_180_1' [13]  (4.911 ns)

 <State 3>: 5.707ns
The critical path consists of the following:
	'load' operation 4 bit ('i', src/generic/fp_generic.c:184) on local variable 'i', src/generic/fp_generic.c:177 [19]  (0.000 ns)
	'icmp' operation 1 bit ('icmp_ln184', src/generic/fp_generic.c:184) [22]  (1.735 ns)
	'call' operation 0 bit ('call_ln184', src/generic/fp_generic.c:184) to 'rdc_mont.4_Pipeline_VITIS_LOOP_185_3' [32]  (3.972 ns)

 <State 4>: 3.254ns
The critical path consists of the following:
	'getelementptr' operation 4 bit ('ma_addr_3', src/generic/fp_generic.c:193) [36]  (0.000 ns)
	'load' operation 64 bit ('ma_load_3', src/generic/fp_generic.c:193) on array 'ma' [37]  (3.254 ns)

 <State 5>: 6.774ns
The critical path consists of the following:
	'load' operation 64 bit ('ma_load_3', src/generic/fp_generic.c:193) on array 'ma' [37]  (3.254 ns)
	'add' operation 64 bit ('v', src/generic/fp_generic.c:193) [38]  (3.520 ns)

 <State 6>: 7.040ns
The critical path consists of the following:
	'load' operation 64 bit ('u_16_loc_load') on local variable 'u_16_loc' [34]  (0.000 ns)
	'add' operation 64 bit ('v', src/generic/fp_generic.c:194) [45]  (3.520 ns)
	'and' operation 64 bit ('and_ln105', src/config.h:105->src/generic/fp_generic.c:194) [50]  (0.000 ns)
	'add' operation 64 bit ('u', src/generic/fp_generic.c:195) [53]  (3.520 ns)

 <State 7>: 1.588ns
The critical path consists of the following:
	'store' operation 0 bit ('store_ln178', src/generic/fp_generic.c:178) of variable 'u', src/generic/fp_generic.c:195 on local variable 'u', src/generic/fp_generic.c:178 [59]  (1.588 ns)

 <State 8>: 5.802ns
The critical path consists of the following:
	'load' operation 32 bit ('count_load', src/generic/fp_generic.c:204) on local variable 'count', src/generic/fp_generic.c:177 [79]  (0.000 ns)
	'add' operation 32 bit ('add_ln204', src/generic/fp_generic.c:204) [88]  (2.552 ns)
	'select' operation 32 bit ('count', src/generic/fp_generic.c:203) [89]  (0.698 ns)
	'sub' operation 32 bit ('sub66', src/generic/fp_generic.c:203) [90]  (2.552 ns)

 <State 9>: 5.820ns
The critical path consists of the following:
	'load' operation 64 bit ('u_13_load') on local variable 'u', src/generic/fp_generic.c:178 [80]  (0.000 ns)
	'call' operation 0 bit ('call_ln202', src/generic/fp_generic.c:202) to 'rdc_mont.4_Pipeline_VITIS_LOOP_206_5' [91]  (5.820 ns)

 <State 10>: 3.254ns
The critical path consists of the following:
	'getelementptr' operation 4 bit ('ma_addr_4', src/generic/fp_generic.c:214) [96]  (0.000 ns)
	'load' operation 64 bit ('ma_load_4', src/generic/fp_generic.c:214) on array 'ma' [97]  (3.254 ns)

 <State 11>: 6.774ns
The critical path consists of the following:
	'load' operation 64 bit ('ma_load_4', src/generic/fp_generic.c:214) on array 'ma' [97]  (3.254 ns)
	'add' operation 64 bit ('v', src/generic/fp_generic.c:214) [98]  (3.520 ns)

 <State 12>: 7.040ns
The critical path consists of the following:
	'load' operation 64 bit ('u_20_loc_load') on local variable 'u_20_loc' [93]  (0.000 ns)
	'add' operation 64 bit ('tempReg', src/generic/fp_generic.c:215) [105]  (3.520 ns)
	'and' operation 64 bit ('and_ln105_2', src/config.h:105->src/generic/fp_generic.c:215) [110]  (0.000 ns)
	'add' operation 64 bit ('t', src/generic/fp_generic.c:216) [113]  (3.520 ns)

 <State 13>: 1.588ns
The critical path consists of the following:
	'store' operation 0 bit ('store_ln178', src/generic/fp_generic.c:178) of variable 't', src/generic/fp_generic.c:216 on local variable 'u', src/generic/fp_generic.c:178 [121]  (1.588 ns)

 <State 14>: 3.254ns
The critical path consists of the following:
	'load' operation 64 bit ('ma_load', src/generic/fp_generic.c:222) on array 'ma' [127]  (3.254 ns)

 <State 15>: 6.774ns
The critical path consists of the following:
	'load' operation 64 bit ('v_15_load', src/generic/fp_generic.c:222) on local variable 'v', src/generic/fp_generic.c:178 [125]  (0.000 ns)
	'add' operation 64 bit ('v', src/generic/fp_generic.c:222) [128]  (3.520 ns)
	'store' operation 0 bit ('store_ln223', src/generic/fp_generic.c:223) of variable 'v', src/generic/fp_generic.c:222 on array 'R_Z' [130]  (3.254 ns)


============================================================
+ Verbose Summary: Binding
============================================================
N/A
* FSMD analyzer results:
  - Output states:
 - Input state : 
  - Chain level:
	State 1
	State 2
	State 3
	State 4
	State 5
	State 6
	State 7
	State 8
	State 9
	State 10
	State 11
	State 12
	State 13
	State 14
	State 15


============================================================
+ Verbose Summary: Datapath Resource usage 
============================================================
N/A
